<?xml version="1.0" encoding="UTF-8"?>
<testsuite xmlns:xsi="http://www.w3.org/2001/XMLSchema-instance" xsi:noNamespaceSchemaLocation="https://maven.apache.org/surefire/maven-failsafe-plugin/xsd/failsafe-test-report-3.0.xsd" version="3.0" name="CucumberTestSuite" time="381.056" tests="27" errors="0" skipped="0" failures="0">
  <properties>
    <property name="java.specification.version" value="15"/>
    <property name="webdriver.chrome.driver" value="E:\My Documents\File Difa\TI Semester 6 Kampus Merdeka Alterra\Tugas\CAPSTONE Project\Capstone-Project-Website\src\test\resources\webdriver\chromedriver.exe"/>
    <property name="sun.cpu.isalist" value="amd64"/>
    <property name="sun.jnu.encoding" value="Cp1252"/>
    <property name="java.class.path" value="E:\My Documents\File Difa\TI Semester 6 Kampus Merdeka Alterra\Tugas\CAPSTONE Project\Capstone-Project-Website\target\test-classes;C:\Users\USER\.m2\repository\net\serenity-bdd\serenity-core\3.2.1\serenity-core-3.2.1.jar;C:\Users\USER\.m2\repository\net\serenity-bdd\serenity-model\3.2.1\serenity-model-3.2.1.jar;C:\Users\USER\.m2\repository\org\apache\commons\commons-text\1.9\commons-text-1.9.jar;C:\Users\USER\.m2\repository\commons-net\commons-net\3.8.0\commons-net-3.8.0.jar;C:\Users\USER\.m2\repository\com\google\guava\guava\31.1-jre\guava-31.1-jre.jar;C:\Users\USER\.m2\repository\com\google\guava\failureaccess\1.0.1\failureaccess-1.0.1.jar;C:\Users\USER\.m2\repository\com\google\guava\listenablefuture\9999.0-empty-to-avoid-conflict-with-guava\listenablefuture-9999.0-empty-to-avoid-conflict-with-guava.jar;C:\Users\USER\.m2\repository\com\google\code\findbugs\jsr305\3.0.2\jsr305-3.0.2.jar;C:\Users\USER\.m2\repository\org\checkerframework\checker-qual\3.12.0\checker-qual-3.12.0.jar;C:\Users\USER\.m2\repository\com\google\errorprone\error_prone_annotations\2.11.0\error_prone_annotations-2.11.0.jar;C:\Users\USER\.m2\repository\com\google\j2objc\j2objc-annotations\1.3\j2objc-annotations-1.3.jar;C:\Users\USER\.m2\repository\com\google\inject\guice\5.1.0\guice-5.1.0.jar;C:\Users\USER\.m2\repository\javax\inject\javax.inject\1\javax.inject-1.jar;C:\Users\USER\.m2\repository\aopalliance\aopalliance\1.0\aopalliance-1.0.jar;C:\Users\USER\.m2\repository\org\jsoup\jsoup\1.14.3\jsoup-1.14.3.jar;C:\Users\USER\.m2\repository\com\thoughtworks\xstream\xstream\1.4.19\xstream-1.4.19.jar;C:\Users\USER\.m2\repository\io\github\x-stream\mxparser\1.2.2\mxparser-1.2.2.jar;C:\Users\USER\.m2\repository\xmlpull\xmlpull\1.1.3.1\xmlpull-1.1.3.1.jar;C:\Users\USER\.m2\repository\io\cucumber\cucumber-java\7.2.3\cucumber-java-7.2.3.jar;C:\Users\USER\.m2\repository\com\typesafe\config\1.4.2\config-1.4.2.jar;C:\Users\USER\.m2\repository\org\imgscalr\imgscalr-lib\4.2\imgscalr-lib-4.2.jar;C:\Users\USER\.m2\repository\org\awaitility\awaitility\4.2.0\awaitility-4.2.0.jar;C:\Users\USER\.m2\repository\org\freemarker\freemarker\2.3.31\freemarker-2.3.31.jar;C:\Users\USER\.m2\repository\io\github\classgraph\classgraph\4.8.138\classgraph-4.8.138.jar;C:\Users\USER\.m2\repository\net\sourceforge\jexcelapi\jxl\2.6.12\jxl-2.6.12.jar;C:\Users\USER\.m2\repository\net\bytebuddy\byte-buddy\1.12.8\byte-buddy-1.12.8.jar;C:\Users\USER\.m2\repository\net\bytebuddy\byte-buddy-agent\1.12.8\byte-buddy-agent-1.12.8.jar;C:\Users\USER\.m2\repository\org\objenesis\objenesis\3.1\objenesis-3.1.jar;C:\Users\USER\.m2\repository\net\serenity-bdd\serenity-reports\3.2.1\serenity-reports-3.2.1.jar;C:\Users\USER\.m2\repository\net\serenity-bdd\serenity-stats\3.2.1\serenity-stats-3.2.1.jar;C:\Users\USER\.m2\repository\net\serenity-bdd\serenity-reports-configuration\3.2.1\serenity-reports-configuration-3.2.1.jar;C:\Users\USER\.m2\repository\com\vladsch\flexmark\flexmark-all\0.34.30\flexmark-all-0.34.30.jar;C:\Users\USER\.m2\repository\com\vladsch\flexmark\flexmark\0.34.30\flexmark-0.34.30.jar;C:\Users\USER\.m2\repository\com\vladsch\flexmark\flexmark-ext-abbreviation\0.34.30\flexmark-ext-abbreviation-0.34.30.jar;C:\Users\USER\.m2\repository\com\vladsch\flexmark\flexmark-ext-admonition\0.34.30\flexmark-ext-admonition-0.34.30.jar;C:\Users\USER\.m2\repository\com\vladsch\flexmark\flexmark-ext-anchorlink\0.34.30\flexmark-ext-anchorlink-0.34.30.jar;C:\Users\USER\.m2\repository\com\vladsch\flexmark\flexmark-ext-aside\0.34.30\flexmark-ext-aside-0.34.30.jar;C:\Users\USER\.m2\repository\com\vladsch\flexmark\flexmark-ext-attributes\0.34.30\flexmark-ext-attributes-0.34.30.jar;C:\Users\USER\.m2\repository\com\vladsch\flexmark\flexmark-ext-autolink\0.34.30\flexmark-ext-autolink-0.34.30.jar;C:\Users\USER\.m2\repository\org\nibor\autolink\autolink\0.6.0\autolink-0.6.0.jar;C:\Users\USER\.m2\repository\com\vladsch\flexmark\flexmark-ext-definition\0.34.30\flexmark-ext-definition-0.34.30.jar;C:\Users\USER\.m2\repository\com\vladsch\flexmark\flexmark-ext-emoji\0.34.30\flexmark-ext-emoji-0.34.30.jar;C:\Users\USER\.m2\repository\com\vladsch\flexmark\flexmark-ext-enumerated-reference\0.34.30\flexmark-ext-enumerated-reference-0.34.30.jar;C:\Users\USER\.m2\repository\com\vladsch\flexmark\flexmark-ext-escaped-character\0.34.30\flexmark-ext-escaped-character-0.34.30.jar;C:\Users\USER\.m2\repository\com\vladsch\flexmark\flexmark-ext-footnotes\0.34.30\flexmark-ext-footnotes-0.34.30.jar;C:\Users\USER\.m2\repository\com\vladsch\flexmark\flexmark-ext-gfm-issues\0.34.30\flexmark-ext-gfm-issues-0.34.30.jar;C:\Users\USER\.m2\repository\com\vladsch\flexmark\flexmark-ext-gfm-strikethrough\0.34.30\flexmark-ext-gfm-strikethrough-0.34.30.jar;C:\Users\USER\.m2\repository\com\vladsch\flexmark\flexmark-ext-gfm-tables\0.34.30\flexmark-ext-gfm-tables-0.34.30.jar;C:\Users\USER\.m2\repository\com\vladsch\flexmark\flexmark-ext-gfm-tasklist\0.34.30\flexmark-ext-gfm-tasklist-0.34.30.jar;C:\Users\USER\.m2\repository\com\vladsch\flexmark\flexmark-ext-gfm-users\0.34.30\flexmark-ext-gfm-users-0.34.30.jar;C:\Users\USER\.m2\repository\com\vladsch\flexmark\flexmark-ext-gitlab\0.34.30\flexmark-ext-gitlab-0.34.30.jar;C:\Users\USER\.m2\repository\com\vladsch\flexmark\flexmark-ext-jekyll-front-matter\0.34.30\flexmark-ext-jekyll-front-matter-0.34.30.jar;C:\Users\USER\.m2\repository\com\vladsch\flexmark\flexmark-ext-jekyll-tag\0.34.30\flexmark-ext-jekyll-tag-0.34.30.jar;C:\Users\USER\.m2\repository\com\vladsch\flexmark\flexmark-ext-media-tags\0.34.30\flexmark-ext-media-tags-0.34.30.jar;C:\Users\USER\.m2\repository\com\vladsch\flexmark\flexmark-test-util\0.34.30\flexmark-test-util-0.34.30.jar;C:\Users\USER\.m2\repository\com\vladsch\flexmark\flexmark-ext-ins\0.34.30\flexmark-ext-ins-0.34.30.jar;C:\Users\USER\.m2\repository\com\vladsch\flexmark\flexmark-ext-xwiki-macros\0.34.30\flexmark-ext-xwiki-macros-0.34.30.jar;C:\Users\USER\.m2\repository\com\vladsch\flexmark\flexmark-ext-superscript\0.34.30\flexmark-ext-superscript-0.34.30.jar;C:\Users\USER\.m2\repository\com\vladsch\flexmark\flexmark-ext-tables\0.34.30\flexmark-ext-tables-0.34.30.jar;C:\Users\USER\.m2\repository\com\vladsch\flexmark\flexmark-ext-toc\0.34.30\flexmark-ext-toc-0.34.30.jar;C:\Users\USER\.m2\repository\com\vladsch\flexmark\flexmark-ext-typographic\0.34.30\flexmark-ext-typographic-0.34.30.jar;C:\Users\USER\.m2\repository\com\vladsch\flexmark\flexmark-ext-wikilink\0.34.30\flexmark-ext-wikilink-0.34.30.jar;C:\Users\USER\.m2\repository\com\vladsch\flexmark\flexmark-ext-yaml-front-matter\0.34.30\flexmark-ext-yaml-front-matter-0.34.30.jar;C:\Users\USER\.m2\repository\com\vladsch\flexmark\flexmark-ext-youtube-embedded\0.34.30\flexmark-ext-youtube-embedded-0.34.30.jar;C:\Users\USER\.m2\repository\com\vladsch\flexmark\flexmark-formatter\0.34.30\flexmark-formatter-0.34.30.jar;C:\Users\USER\.m2\repository\com\vladsch\flexmark\flexmark-html-parser\0.34.30\flexmark-html-parser-0.34.30.jar;C:\Users\USER\.m2\repository\com\vladsch\flexmark\flexmark-jira-converter\0.34.30\flexmark-jira-converter-0.34.30.jar;C:\Users\USER\.m2\repository\com\vladsch\flexmark\flexmark-pdf-converter\0.34.30\flexmark-pdf-converter-0.34.30.jar;C:\Users\USER\.m2\repository\com\openhtmltopdf\openhtmltopdf-core\0.0.1-RC13\openhtmltopdf-core-0.0.1-RC13.jar;C:\Users\USER\.m2\repository\com\openhtmltopdf\openhtmltopdf-pdfbox\0.0.1-RC13\openhtmltopdf-pdfbox-0.0.1-RC13.jar;C:\Users\USER\.m2\repository\org\apache\pdfbox\pdfbox\2.0.8\pdfbox-2.0.8.jar;C:\Users\USER\.m2\repository\org\apache\pdfbox\fontbox\2.0.8\fontbox-2.0.8.jar;C:\Users\USER\.m2\repository\commons-logging\commons-logging\1.2\commons-logging-1.2.jar;C:\Users\USER\.m2\repository\org\apache\pdfbox\xmpbox\2.0.8\xmpbox-2.0.8.jar;C:\Users\USER\.m2\repository\de\rototor\pdfbox\graphics2d\0.12\graphics2d-0.12.jar;C:\Users\USER\.m2\repository\com\openhtmltopdf\openhtmltopdf-rtl-support\0.0.1-RC13\openhtmltopdf-rtl-support-0.0.1-RC13.jar;C:\Users\USER\.m2\repository\com\ibm\icu\icu4j\59.1\icu4j-59.1.jar;C:\Users\USER\.m2\repository\com\openhtmltopdf\openhtmltopdf-jsoup-dom-converter\0.0.1-RC13\openhtmltopdf-jsoup-dom-converter-0.0.1-RC13.jar;C:\Users\USER\.m2\repository\com\vladsch\flexmark\flexmark-profile-pegdown\0.34.30\flexmark-profile-pegdown-0.34.30.jar;C:\Users\USER\.m2\repository\com\vladsch\flexmark\flexmark-util\0.34.30\flexmark-util-0.34.30.jar;C:\Users\USER\.m2\repository\com\vladsch\flexmark\flexmark-youtrack-converter\0.34.30\flexmark-youtrack-converter-0.34.30.jar;C:\Users\USER\.m2\repository\es\nitaur\markdown\txtmark\0.16\txtmark-0.16.jar;C:\Users\USER\.m2\repository\net\serenity-bdd\serenity-report-resources\3.2.1\serenity-report-resources-3.2.1.jar;C:\Users\USER\.m2\repository\com\google\code\gson\gson\2.9.0\gson-2.9.0.jar;C:\Users\USER\.m2\repository\com\fasterxml\jackson\core\jackson-core\2.13.2\jackson-core-2.13.2.jar;C:\Users\USER\.m2\repository\com\fasterxml\jackson\core\jackson-databind\2.13.2\jackson-databind-2.13.2.jar;C:\Users\USER\.m2\repository\com\fasterxml\jackson\core\jackson-annotations\2.13.2\jackson-annotations-2.13.2.jar;C:\Users\USER\.m2\repository\commons-codec\commons-codec\1.15\commons-codec-1.15.jar;C:\Users\USER\.m2\repository\commons-io\commons-io\2.11.0\commons-io-2.11.0.jar;C:\Users\USER\.m2\repository\org\seleniumhq\selenium\selenium-java\4.1.2\selenium-java-4.1.2.jar;C:\Users\USER\.m2\repository\org\seleniumhq\selenium\selenium-devtools-v85\4.1.2\selenium-devtools-v85-4.1.2.jar;C:\Users\USER\.m2\repository\org\seleniumhq\selenium\selenium-devtools-v95\4.1.2\selenium-devtools-v95-4.1.2.jar;C:\Users\USER\.m2\repository\org\seleniumhq\selenium\selenium-devtools-v96\4.1.2\selenium-devtools-v96-4.1.2.jar;C:\Users\USER\.m2\repository\org\seleniumhq\selenium\selenium-devtools-v97\4.1.2\selenium-devtools-v97-4.1.2.jar;C:\Users\USER\.m2\repository\org\seleniumhq\selenium\selenium-firefox-xpi-driver\4.1.2\selenium-firefox-xpi-driver-4.1.2.jar;C:\Users\USER\.m2\repository\org\seleniumhq\selenium\selenium-opera-driver\4.1.2\selenium-opera-driver-4.1.2.jar;C:\Users\USER\.m2\repository\org\seleniumhq\selenium\selenium-remote-driver\4.1.2\selenium-remote-driver-4.1.2.jar;C:\Users\USER\.m2\repository\com\beust\jcommander\1.82\jcommander-1.82.jar;C:\Users\USER\.m2\repository\io\netty\netty-buffer\4.1.73.Final\netty-buffer-4.1.73.Final.jar;C:\Users\USER\.m2\repository\io\netty\netty-codec-http\4.1.73.Final\netty-codec-http-4.1.73.Final.jar;C:\Users\USER\.m2\repository\io\netty\netty-codec\4.1.73.Final\netty-codec-4.1.73.Final.jar;C:\Users\USER\.m2\repository\io\netty\netty-handler\4.1.73.Final\netty-handler-4.1.73.Final.jar;C:\Users\USER\.m2\repository\io\netty\netty-tcnative-classes\2.0.46.Final\netty-tcnative-classes-2.0.46.Final.jar;C:\Users\USER\.m2\repository\io\netty\netty-common\4.1.73.Final\netty-common-4.1.73.Final.jar;C:\Users\USER\.m2\repository\io\netty\netty-transport-classes-epoll\4.1.73.Final\netty-transport-classes-epoll-4.1.73.Final.jar;C:\Users\USER\.m2\repository\io\netty\netty-transport-classes-kqueue\4.1.73.Final\netty-transport-classes-kqueue-4.1.73.Final.jar;C:\Users\USER\.m2\repository\io\netty\netty-transport-native-epoll\4.1.73.Final\netty-transport-native-epoll-4.1.73.Final.jar;C:\Users\USER\.m2\repository\io\netty\netty-transport-native-kqueue\4.1.73.Final\netty-transport-native-kqueue-4.1.73.Final.jar;C:\Users\USER\.m2\repository\io\netty\netty-transport-native-unix-common\4.1.73.Final\netty-transport-native-unix-common-4.1.73.Final.jar;C:\Users\USER\.m2\repository\io\netty\netty-transport\4.1.73.Final\netty-transport-4.1.73.Final.jar;C:\Users\USER\.m2\repository\io\netty\netty-resolver\4.1.73.Final\netty-resolver-4.1.73.Final.jar;C:\Users\USER\.m2\repository\io\opentelemetry\opentelemetry-api\1.10.1\opentelemetry-api-1.10.1.jar;C:\Users\USER\.m2\repository\io\opentelemetry\opentelemetry-context\1.10.1\opentelemetry-context-1.10.1.jar;C:\Users\USER\.m2\repository\io\opentelemetry\opentelemetry-exporter-logging\1.10.1\opentelemetry-exporter-logging-1.10.1.jar;C:\Users\USER\.m2\repository\io\opentelemetry\opentelemetry-sdk-metrics\1.10.1-alpha\opentelemetry-sdk-metrics-1.10.1-alpha.jar;C:\Users\USER\.m2\repository\io\opentelemetry\opentelemetry-sdk-logs\1.10.1-alpha\opentelemetry-sdk-logs-1.10.1-alpha.jar;C:\Users\USER\.m2\repository\io\opentelemetry\opentelemetry-sdk-common\1.10.1\opentelemetry-sdk-common-1.10.1.jar;C:\Users\USER\.m2\repository\io\opentelemetry\opentelemetry-sdk-extension-autoconfigure-spi\1.10.1\opentelemetry-sdk-extension-autoconfigure-spi-1.10.1.jar;C:\Users\USER\.m2\repository\io\opentelemetry\opentelemetry-sdk-extension-autoconfigure\1.10.1-alpha\opentelemetry-sdk-extension-autoconfigure-1.10.1-alpha.jar;C:\Users\USER\.m2\repository\io\opentelemetry\opentelemetry-sdk-trace\1.10.1\opentelemetry-sdk-trace-1.10.1.jar;C:\Users\USER\.m2\repository\io\opentelemetry\opentelemetry-sdk\1.10.1\opentelemetry-sdk-1.10.1.jar;C:\Users\USER\.m2\repository\io\opentelemetry\opentelemetry-semconv\1.10.1-alpha\opentelemetry-semconv-1.10.1-alpha.jar;C:\Users\USER\.m2\repository\io\ous\jtoml\2.0.0\jtoml-2.0.0.jar;C:\Users\USER\.m2\repository\org\apache\commons\commons-exec\1.3\commons-exec-1.3.jar;C:\Users\USER\.m2\repository\org\asynchttpclient\async-http-client\2.12.3\async-http-client-2.12.3.jar;C:\Users\USER\.m2\repository\org\asynchttpclient\async-http-client-netty-utils\2.12.3\async-http-client-netty-utils-2.12.3.jar;C:\Users\USER\.m2\repository\io\netty\netty-codec-socks\4.1.60.Final\netty-codec-socks-4.1.60.Final.jar;C:\Users\USER\.m2\repository\io\netty\netty-handler-proxy\4.1.60.Final\netty-handler-proxy-4.1.60.Final.jar;C:\Users\USER\.m2\repository\io\netty\netty-transport-native-epoll\4.1.60.Final\netty-transport-native-epoll-4.1.60.Final-linux-x86_64.jar;C:\Users\USER\.m2\repository\io\netty\netty-transport-native-kqueue\4.1.60.Final\netty-transport-native-kqueue-4.1.60.Final-osx-x86_64.jar;C:\Users\USER\.m2\repository\org\reactivestreams\reactive-streams\1.0.3\reactive-streams-1.0.3.jar;C:\Users\USER\.m2\repository\com\typesafe\netty\netty-reactive-streams\2.0.4\netty-reactive-streams-2.0.4.jar;C:\Users\USER\.m2\repository\org\seleniumhq\selenium\selenium-http\4.1.2\selenium-http-4.1.2.jar;C:\Users\USER\.m2\repository\net\jodah\failsafe\2.4.4\failsafe-2.4.4.jar;C:\Users\USER\.m2\repository\org\seleniumhq\selenium\selenium-safari-driver\4.1.2\selenium-safari-driver-4.1.2.jar;C:\Users\USER\.m2\repository\org\seleniumhq\selenium\selenium-api\4.1.2\selenium-api-4.1.2.jar;C:\Users\USER\.m2\repository\org\seleniumhq\selenium\selenium-support\4.1.2\selenium-support-4.1.2.jar;C:\Users\USER\.m2\repository\com\google\auto\service\auto-service-annotations\1.0.1\auto-service-annotations-1.0.1.jar;C:\Users\USER\.m2\repository\com\google\auto\service\auto-service\1.0.1\auto-service-1.0.1.jar;C:\Users\USER\.m2\repository\com\google\auto\auto-common\1.2\auto-common-1.2.jar;C:\Users\USER\.m2\repository\org\seleniumhq\selenium\selenium-json\4.1.2\selenium-json-4.1.2.jar;C:\Users\USER\.m2\repository\org\seleniumhq\selenium\selenium-chrome-driver\4.1.2\selenium-chrome-driver-4.1.2.jar;C:\Users\USER\.m2\repository\org\seleniumhq\selenium\selenium-chromium-driver\4.1.2\selenium-chromium-driver-4.1.2.jar;C:\Users\USER\.m2\repository\org\seleniumhq\selenium\selenium-firefox-driver\4.1.2\selenium-firefox-driver-4.1.2.jar;C:\Users\USER\.m2\repository\org\seleniumhq\selenium\selenium-edge-driver\4.1.2\selenium-edge-driver-4.1.2.jar;C:\Users\USER\.m2\repository\org\seleniumhq\selenium\selenium-ie-driver\4.1.2\selenium-ie-driver-4.1.2.jar;C:\Users\USER\.m2\repository\org\projectlombok\lombok\1.18.20\lombok-1.18.20.jar;C:\Users\USER\.m2\repository\io\appium\java-client\8.0.0\java-client-8.0.0.jar;C:\Users\USER\.m2\repository\commons-validator\commons-validator\1.7\commons-validator-1.7.jar;C:\Users\USER\.m2\repository\commons-digester\commons-digester\2.1\commons-digester-2.1.jar;C:\Users\USER\.m2\repository\org\aspectj\aspectjweaver\1.9.8\aspectjweaver-1.9.8.jar;C:\Users\USER\.m2\repository\org\codehaus\groovy\groovy\3.0.10\groovy-3.0.10.jar;C:\Users\USER\.m2\repository\net\sf\opencsv\opencsv\2.0\opencsv-2.0.jar;C:\Users\USER\.m2\repository\commons-beanutils\commons-beanutils\1.9.4\commons-beanutils-1.9.4.jar;C:\Users\USER\.m2\repository\org\apache\commons\commons-lang3\3.12.0\commons-lang3-3.12.0.jar;C:\Users\USER\.m2\repository\commons-collections\commons-collections\3.2.2\commons-collections-3.2.2.jar;C:\Users\USER\.m2\repository\org\fluentlenium\fluentlenium-core\0.10.2\fluentlenium-core-0.10.2.jar;C:\Users\USER\.m2\repository\io\github\bonigarcia\webdrivermanager\5.1.0\webdrivermanager-5.1.0.jar;C:\Users\USER\.m2\repository\com\github\docker-java\docker-java\3.2.13\docker-java-3.2.13.jar;C:\Users\USER\.m2\repository\com\github\docker-java\docker-java-core\3.2.13\docker-java-core-3.2.13.jar;C:\Users\USER\.m2\repository\com\github\docker-java\docker-java-api\3.2.13\docker-java-api-3.2.13.jar;C:\Users\USER\.m2\repository\org\apache\commons\commons-compress\1.21\commons-compress-1.21.jar;C:\Users\USER\.m2\repository\org\bouncycastle\bcpkix-jdk15on\1.64\bcpkix-jdk15on-1.64.jar;C:\Users\USER\.m2\repository\org\bouncycastle\bcprov-jdk15on\1.64\bcprov-jdk15on-1.64.jar;C:\Users\USER\.m2\repository\org\slf4j\jcl-over-slf4j\1.7.30\jcl-over-slf4j-1.7.30.jar;C:\Users\USER\.m2\repository\com\github\docker-java\docker-java-transport-httpclient5\3.2.13\docker-java-transport-httpclient5-3.2.13.jar;C:\Users\USER\.m2\repository\com\github\docker-java\docker-java-transport\3.2.13\docker-java-transport-3.2.13.jar;C:\Users\USER\.m2\repository\org\apache\httpcomponents\client5\httpclient5\5.0.3\httpclient5-5.0.3.jar;C:\Users\USER\.m2\repository\org\apache\httpcomponents\core5\httpcore5\5.0.2\httpcore5-5.0.2.jar;C:\Users\USER\.m2\repository\net\java\dev\jna\jna\5.8.0\jna-5.8.0.jar;C:\Users\USER\.m2\repository\org\brotli\dec\0.1.2\dec-0.1.2.jar;C:\Users\USER\.m2\repository\com\jhlabs\filters\2.0.235\filters-2.0.235.jar;C:\Users\USER\.m2\repository\com\paulhammant\ngwebdriver\1.1.6\ngwebdriver-1.1.6.jar;C:\Users\USER\.m2\repository\joda-time\joda-time\2.8.2\joda-time-2.8.2.jar;C:\Users\USER\.m2\repository\org\hamcrest\hamcrest\2.2\hamcrest-2.2.jar;C:\Users\USER\.m2\repository\com\google\jimfs\jimfs\1.2\jimfs-1.2.jar;C:\Users\USER\.m2\repository\org\mockito\mockito-core\3.3.3\mockito-core-3.3.3.jar;C:\Users\USER\.m2\repository\javax\xml\bind\jaxb-api\2.3.1\jaxb-api-2.3.1.jar;C:\Users\USER\.m2\repository\javax\activation\javax.activation-api\1.2.0\javax.activation-api-1.2.0.jar;C:\Users\USER\.m2\repository\com\sun\xml\bind\jaxb-core\2.3.0.1\jaxb-core-2.3.0.1.jar;C:\Users\USER\.m2\repository\com\sun\xml\bind\jaxb-impl\2.3.3\jaxb-impl-2.3.3.jar;C:\Users\USER\.m2\repository\jakarta\xml\bind\jakarta.xml.bind-api\2.3.3\jakarta.xml.bind-api-2.3.3.jar;C:\Users\USER\.m2\repository\com\sun\activation\jakarta.activation\1.2.2\jakarta.activation-1.2.2.jar;C:\Users\USER\.m2\repository\javax\activation\activation\1.1.1\activation-1.1.1.jar;C:\Users\USER\.m2\repository\net\serenity-bdd\serenity-cucumber\3.2.1\serenity-cucumber-3.2.1.jar;C:\Users\USER\.m2\repository\io\cucumber\cucumber-core\7.2.3\cucumber-core-7.2.3.jar;C:\Users\USER\.m2\repository\io\cucumber\cucumber-gherkin\7.2.3\cucumber-gherkin-7.2.3.jar;C:\Users\USER\.m2\repository\io\cucumber\cucumber-gherkin-messages\7.2.3\cucumber-gherkin-messages-7.2.3.jar;C:\Users\USER\.m2\repository\io\cucumber\messages\17.1.1\messages-17.1.1.jar;C:\Users\USER\.m2\repository\io\cucumber\tag-expressions\4.1.0\tag-expressions-4.1.0.jar;C:\Users\USER\.m2\repository\io\cucumber\cucumber-expressions\15.0.1\cucumber-expressions-15.0.1.jar;C:\Users\USER\.m2\repository\io\cucumber\datatable\7.2.3\datatable-7.2.3.jar;C:\Users\USER\.m2\repository\io\cucumber\cucumber-plugin\7.2.3\cucumber-plugin-7.2.3.jar;C:\Users\USER\.m2\repository\io\cucumber\docstring\7.2.3\docstring-7.2.3.jar;C:\Users\USER\.m2\repository\io\cucumber\html-formatter\17.0.0\html-formatter-17.0.0.jar;C:\Users\USER\.m2\repository\io\cucumber\ci-environment\8.1.0\ci-environment-8.1.0.jar;C:\Users\USER\.m2\repository\io\cucumber\cucumber-junit\7.2.3\cucumber-junit-7.2.3.jar;C:\Users\USER\.m2\repository\org\apache\commons\commons-csv\1.5\commons-csv-1.5.jar;C:\Users\USER\.m2\repository\net\serenity-bdd\serenity-screenplay\3.2.1\serenity-screenplay-3.2.1.jar;C:\Users\USER\.m2\repository\net\serenity-bdd\serenity-screenplay-webdriver\3.2.1\serenity-screenplay-webdriver-3.2.1.jar;C:\Users\USER\.m2\repository\net\serenity-bdd\serenity-ensure\3.2.1\serenity-ensure-3.2.1.jar;C:\Users\USER\.m2\repository\net\serenity-bdd\serenity-junit\3.2.1\serenity-junit-3.2.1.jar;C:\Users\USER\.m2\repository\org\jetbrains\kotlin\kotlin-stdlib\1.6.0\kotlin-stdlib-1.6.0.jar;C:\Users\USER\.m2\repository\org\jetbrains\annotations\13.0\annotations-13.0.jar;C:\Users\USER\.m2\repository\org\jetbrains\kotlin\kotlin-stdlib-common\1.6.0\kotlin-stdlib-common-1.6.0.jar;C:\Users\USER\.m2\repository\org\junit\platform\junit-platform-launcher\1.8.1\junit-platform-launcher-1.8.1.jar;C:\Users\USER\.m2\repository\org\junit\platform\junit-platform-engine\1.8.1\junit-platform-engine-1.8.1.jar;C:\Users\USER\.m2\repository\org\opentest4j\opentest4j\1.2.0\opentest4j-1.2.0.jar;C:\Users\USER\.m2\repository\org\junit\platform\junit-platform-commons\1.8.1\junit-platform-commons-1.8.1.jar;C:\Users\USER\.m2\repository\org\apiguardian\apiguardian-api\1.1.2\apiguardian-api-1.1.2.jar;C:\Users\USER\.m2\repository\org\junit\jupiter\junit-jupiter-engine\5.8.2\junit-jupiter-engine-5.8.2.jar;C:\Users\USER\.m2\repository\org\junit\jupiter\junit-jupiter-api\5.8.2\junit-jupiter-api-5.8.2.jar;C:\Users\USER\.m2\repository\org\junit\vintage\junit-vintage-engine\5.8.2\junit-vintage-engine-5.8.2.jar;C:\Users\USER\.m2\repository\junit\junit\4.13.2\junit-4.13.2.jar;C:\Users\USER\.m2\repository\org\hamcrest\hamcrest-core\1.3\hamcrest-core-1.3.jar;C:\Users\USER\.m2\repository\ch\qos\logback\logback-classic\1.2.10\logback-classic-1.2.10.jar;C:\Users\USER\.m2\repository\ch\qos\logback\logback-core\1.2.10\logback-core-1.2.10.jar;C:\Users\USER\.m2\repository\org\slf4j\slf4j-api\1.7.32\slf4j-api-1.7.32.jar;C:\Users\USER\.m2\repository\org\assertj\assertj-core\3.6.2\assertj-core-3.6.2.jar;C:\Users\USER\.m2\repository\com\googlecode\json-simple\json-simple\1.1.1\json-simple-1.1.1.jar;"/>
    <property name="java.vm.vendor" value="Oracle Corporation"/>
    <property name="sun.arch.data.model" value="64"/>
    <property name="user.variant" value=""/>
    <property name="java.vendor.url" value="https://java.oracle.com/"/>
    <property name="user.timezone" value="Asia/Bangkok"/>
    <property name="log4j2.formatMsgNoLookups" value="true"/>
    <property name="os.name" value="Windows 8.1"/>
    <property name="java.vm.specification.version" value="15"/>
    <property name="sun.java.launcher" value="SUN_STANDARD"/>
    <property name="user.country" value="US"/>
    <property name="sun.boot.library.path" value="C:\Program Files\Java\jdk-15.0.2\bin"/>
    <property name="sun.java.command" value="org.apache.maven.surefire.booter.ForkedBooter C:\Users\USER\AppData\Local\Temp\surefire16988509773257696437 2022-06-18T17-38-49_539-jvmRun1 surefire14253434320265105540tmp surefire_014711829268753845910tmp"/>
    <property name="jdk.debug" value="release"/>
    <property name="surefire.test.class.path" value="E:\My Documents\File Difa\TI Semester 6 Kampus Merdeka Alterra\Tugas\CAPSTONE Project\Capstone-Project-Website\target\test-classes;C:\Users\USER\.m2\repository\net\serenity-bdd\serenity-core\3.2.1\serenity-core-3.2.1.jar;C:\Users\USER\.m2\repository\net\serenity-bdd\serenity-model\3.2.1\serenity-model-3.2.1.jar;C:\Users\USER\.m2\repository\org\apache\commons\commons-text\1.9\commons-text-1.9.jar;C:\Users\USER\.m2\repository\commons-net\commons-net\3.8.0\commons-net-3.8.0.jar;C:\Users\USER\.m2\repository\com\google\guava\guava\31.1-jre\guava-31.1-jre.jar;C:\Users\USER\.m2\repository\com\google\guava\failureaccess\1.0.1\failureaccess-1.0.1.jar;C:\Users\USER\.m2\repository\com\google\guava\listenablefuture\9999.0-empty-to-avoid-conflict-with-guava\listenablefuture-9999.0-empty-to-avoid-conflict-with-guava.jar;C:\Users\USER\.m2\repository\com\google\code\findbugs\jsr305\3.0.2\jsr305-3.0.2.jar;C:\Users\USER\.m2\repository\org\checkerframework\checker-qual\3.12.0\checker-qual-3.12.0.jar;C:\Users\USER\.m2\repository\com\google\errorprone\error_prone_annotations\2.11.0\error_prone_annotations-2.11.0.jar;C:\Users\USER\.m2\repository\com\google\j2objc\j2objc-annotations\1.3\j2objc-annotations-1.3.jar;C:\Users\USER\.m2\repository\com\google\inject\guice\5.1.0\guice-5.1.0.jar;C:\Users\USER\.m2\repository\javax\inject\javax.inject\1\javax.inject-1.jar;C:\Users\USER\.m2\repository\aopalliance\aopalliance\1.0\aopalliance-1.0.jar;C:\Users\USER\.m2\repository\org\jsoup\jsoup\1.14.3\jsoup-1.14.3.jar;C:\Users\USER\.m2\repository\com\thoughtworks\xstream\xstream\1.4.19\xstream-1.4.19.jar;C:\Users\USER\.m2\repository\io\github\x-stream\mxparser\1.2.2\mxparser-1.2.2.jar;C:\Users\USER\.m2\repository\xmlpull\xmlpull\1.1.3.1\xmlpull-1.1.3.1.jar;C:\Users\USER\.m2\repository\io\cucumber\cucumber-java\7.2.3\cucumber-java-7.2.3.jar;C:\Users\USER\.m2\repository\com\typesafe\config\1.4.2\config-1.4.2.jar;C:\Users\USER\.m2\repository\org\imgscalr\imgscalr-lib\4.2\imgscalr-lib-4.2.jar;C:\Users\USER\.m2\repository\org\awaitility\awaitility\4.2.0\awaitility-4.2.0.jar;C:\Users\USER\.m2\repository\org\freemarker\freemarker\2.3.31\freemarker-2.3.31.jar;C:\Users\USER\.m2\repository\io\github\classgraph\classgraph\4.8.138\classgraph-4.8.138.jar;C:\Users\USER\.m2\repository\net\sourceforge\jexcelapi\jxl\2.6.12\jxl-2.6.12.jar;C:\Users\USER\.m2\repository\net\bytebuddy\byte-buddy\1.12.8\byte-buddy-1.12.8.jar;C:\Users\USER\.m2\repository\net\bytebuddy\byte-buddy-agent\1.12.8\byte-buddy-agent-1.12.8.jar;C:\Users\USER\.m2\repository\org\objenesis\objenesis\3.1\objenesis-3.1.jar;C:\Users\USER\.m2\repository\net\serenity-bdd\serenity-reports\3.2.1\serenity-reports-3.2.1.jar;C:\Users\USER\.m2\repository\net\serenity-bdd\serenity-stats\3.2.1\serenity-stats-3.2.1.jar;C:\Users\USER\.m2\repository\net\serenity-bdd\serenity-reports-configuration\3.2.1\serenity-reports-configuration-3.2.1.jar;C:\Users\USER\.m2\repository\com\vladsch\flexmark\flexmark-all\0.34.30\flexmark-all-0.34.30.jar;C:\Users\USER\.m2\repository\com\vladsch\flexmark\flexmark\0.34.30\flexmark-0.34.30.jar;C:\Users\USER\.m2\repository\com\vladsch\flexmark\flexmark-ext-abbreviation\0.34.30\flexmark-ext-abbreviation-0.34.30.jar;C:\Users\USER\.m2\repository\com\vladsch\flexmark\flexmark-ext-admonition\0.34.30\flexmark-ext-admonition-0.34.30.jar;C:\Users\USER\.m2\repository\com\vladsch\flexmark\flexmark-ext-anchorlink\0.34.30\flexmark-ext-anchorlink-0.34.30.jar;C:\Users\USER\.m2\repository\com\vladsch\flexmark\flexmark-ext-aside\0.34.30\flexmark-ext-aside-0.34.30.jar;C:\Users\USER\.m2\repository\com\vladsch\flexmark\flexmark-ext-attributes\0.34.30\flexmark-ext-attributes-0.34.30.jar;C:\Users\USER\.m2\repository\com\vladsch\flexmark\flexmark-ext-autolink\0.34.30\flexmark-ext-autolink-0.34.30.jar;C:\Users\USER\.m2\repository\org\nibor\autolink\autolink\0.6.0\autolink-0.6.0.jar;C:\Users\USER\.m2\repository\com\vladsch\flexmark\flexmark-ext-definition\0.34.30\flexmark-ext-definition-0.34.30.jar;C:\Users\USER\.m2\repository\com\vladsch\flexmark\flexmark-ext-emoji\0.34.30\flexmark-ext-emoji-0.34.30.jar;C:\Users\USER\.m2\repository\com\vladsch\flexmark\flexmark-ext-enumerated-reference\0.34.30\flexmark-ext-enumerated-reference-0.34.30.jar;C:\Users\USER\.m2\repository\com\vladsch\flexmark\flexmark-ext-escaped-character\0.34.30\flexmark-ext-escaped-character-0.34.30.jar;C:\Users\USER\.m2\repository\com\vladsch\flexmark\flexmark-ext-footnotes\0.34.30\flexmark-ext-footnotes-0.34.30.jar;C:\Users\USER\.m2\repository\com\vladsch\flexmark\flexmark-ext-gfm-issues\0.34.30\flexmark-ext-gfm-issues-0.34.30.jar;C:\Users\USER\.m2\repository\com\vladsch\flexmark\flexmark-ext-gfm-strikethrough\0.34.30\flexmark-ext-gfm-strikethrough-0.34.30.jar;C:\Users\USER\.m2\repository\com\vladsch\flexmark\flexmark-ext-gfm-tables\0.34.30\flexmark-ext-gfm-tables-0.34.30.jar;C:\Users\USER\.m2\repository\com\vladsch\flexmark\flexmark-ext-gfm-tasklist\0.34.30\flexmark-ext-gfm-tasklist-0.34.30.jar;C:\Users\USER\.m2\repository\com\vladsch\flexmark\flexmark-ext-gfm-users\0.34.30\flexmark-ext-gfm-users-0.34.30.jar;C:\Users\USER\.m2\repository\com\vladsch\flexmark\flexmark-ext-gitlab\0.34.30\flexmark-ext-gitlab-0.34.30.jar;C:\Users\USER\.m2\repository\com\vladsch\flexmark\flexmark-ext-jekyll-front-matter\0.34.30\flexmark-ext-jekyll-front-matter-0.34.30.jar;C:\Users\USER\.m2\repository\com\vladsch\flexmark\flexmark-ext-jekyll-tag\0.34.30\flexmark-ext-jekyll-tag-0.34.30.jar;C:\Users\USER\.m2\repository\com\vladsch\flexmark\flexmark-ext-media-tags\0.34.30\flexmark-ext-media-tags-0.34.30.jar;C:\Users\USER\.m2\repository\com\vladsch\flexmark\flexmark-test-util\0.34.30\flexmark-test-util-0.34.30.jar;C:\Users\USER\.m2\repository\com\vladsch\flexmark\flexmark-ext-ins\0.34.30\flexmark-ext-ins-0.34.30.jar;C:\Users\USER\.m2\repository\com\vladsch\flexmark\flexmark-ext-xwiki-macros\0.34.30\flexmark-ext-xwiki-macros-0.34.30.jar;C:\Users\USER\.m2\repository\com\vladsch\flexmark\flexmark-ext-superscript\0.34.30\flexmark-ext-superscript-0.34.30.jar;C:\Users\USER\.m2\repository\com\vladsch\flexmark\flexmark-ext-tables\0.34.30\flexmark-ext-tables-0.34.30.jar;C:\Users\USER\.m2\repository\com\vladsch\flexmark\flexmark-ext-toc\0.34.30\flexmark-ext-toc-0.34.30.jar;C:\Users\USER\.m2\repository\com\vladsch\flexmark\flexmark-ext-typographic\0.34.30\flexmark-ext-typographic-0.34.30.jar;C:\Users\USER\.m2\repository\com\vladsch\flexmark\flexmark-ext-wikilink\0.34.30\flexmark-ext-wikilink-0.34.30.jar;C:\Users\USER\.m2\repository\com\vladsch\flexmark\flexmark-ext-yaml-front-matter\0.34.30\flexmark-ext-yaml-front-matter-0.34.30.jar;C:\Users\USER\.m2\repository\com\vladsch\flexmark\flexmark-ext-youtube-embedded\0.34.30\flexmark-ext-youtube-embedded-0.34.30.jar;C:\Users\USER\.m2\repository\com\vladsch\flexmark\flexmark-formatter\0.34.30\flexmark-formatter-0.34.30.jar;C:\Users\USER\.m2\repository\com\vladsch\flexmark\flexmark-html-parser\0.34.30\flexmark-html-parser-0.34.30.jar;C:\Users\USER\.m2\repository\com\vladsch\flexmark\flexmark-jira-converter\0.34.30\flexmark-jira-converter-0.34.30.jar;C:\Users\USER\.m2\repository\com\vladsch\flexmark\flexmark-pdf-converter\0.34.30\flexmark-pdf-converter-0.34.30.jar;C:\Users\USER\.m2\repository\com\openhtmltopdf\openhtmltopdf-core\0.0.1-RC13\openhtmltopdf-core-0.0.1-RC13.jar;C:\Users\USER\.m2\repository\com\openhtmltopdf\openhtmltopdf-pdfbox\0.0.1-RC13\openhtmltopdf-pdfbox-0.0.1-RC13.jar;C:\Users\USER\.m2\repository\org\apache\pdfbox\pdfbox\2.0.8\pdfbox-2.0.8.jar;C:\Users\USER\.m2\repository\org\apache\pdfbox\fontbox\2.0.8\fontbox-2.0.8.jar;C:\Users\USER\.m2\repository\commons-logging\commons-logging\1.2\commons-logging-1.2.jar;C:\Users\USER\.m2\repository\org\apache\pdfbox\xmpbox\2.0.8\xmpbox-2.0.8.jar;C:\Users\USER\.m2\repository\de\rototor\pdfbox\graphics2d\0.12\graphics2d-0.12.jar;C:\Users\USER\.m2\repository\com\openhtmltopdf\openhtmltopdf-rtl-support\0.0.1-RC13\openhtmltopdf-rtl-support-0.0.1-RC13.jar;C:\Users\USER\.m2\repository\com\ibm\icu\icu4j\59.1\icu4j-59.1.jar;C:\Users\USER\.m2\repository\com\openhtmltopdf\openhtmltopdf-jsoup-dom-converter\0.0.1-RC13\openhtmltopdf-jsoup-dom-converter-0.0.1-RC13.jar;C:\Users\USER\.m2\repository\com\vladsch\flexmark\flexmark-profile-pegdown\0.34.30\flexmark-profile-pegdown-0.34.30.jar;C:\Users\USER\.m2\repository\com\vladsch\flexmark\flexmark-util\0.34.30\flexmark-util-0.34.30.jar;C:\Users\USER\.m2\repository\com\vladsch\flexmark\flexmark-youtrack-converter\0.34.30\flexmark-youtrack-converter-0.34.30.jar;C:\Users\USER\.m2\repository\es\nitaur\markdown\txtmark\0.16\txtmark-0.16.jar;C:\Users\USER\.m2\repository\net\serenity-bdd\serenity-report-resources\3.2.1\serenity-report-resources-3.2.1.jar;C:\Users\USER\.m2\repository\com\google\code\gson\gson\2.9.0\gson-2.9.0.jar;C:\Users\USER\.m2\repository\com\fasterxml\jackson\core\jackson-core\2.13.2\jackson-core-2.13.2.jar;C:\Users\USER\.m2\repository\com\fasterxml\jackson\core\jackson-databind\2.13.2\jackson-databind-2.13.2.jar;C:\Users\USER\.m2\repository\com\fasterxml\jackson\core\jackson-annotations\2.13.2\jackson-annotations-2.13.2.jar;C:\Users\USER\.m2\repository\commons-codec\commons-codec\1.15\commons-codec-1.15.jar;C:\Users\USER\.m2\repository\commons-io\commons-io\2.11.0\commons-io-2.11.0.jar;C:\Users\USER\.m2\repository\org\seleniumhq\selenium\selenium-java\4.1.2\selenium-java-4.1.2.jar;C:\Users\USER\.m2\repository\org\seleniumhq\selenium\selenium-devtools-v85\4.1.2\selenium-devtools-v85-4.1.2.jar;C:\Users\USER\.m2\repository\org\seleniumhq\selenium\selenium-devtools-v95\4.1.2\selenium-devtools-v95-4.1.2.jar;C:\Users\USER\.m2\repository\org\seleniumhq\selenium\selenium-devtools-v96\4.1.2\selenium-devtools-v96-4.1.2.jar;C:\Users\USER\.m2\repository\org\seleniumhq\selenium\selenium-devtools-v97\4.1.2\selenium-devtools-v97-4.1.2.jar;C:\Users\USER\.m2\repository\org\seleniumhq\selenium\selenium-firefox-xpi-driver\4.1.2\selenium-firefox-xpi-driver-4.1.2.jar;C:\Users\USER\.m2\repository\org\seleniumhq\selenium\selenium-opera-driver\4.1.2\selenium-opera-driver-4.1.2.jar;C:\Users\USER\.m2\repository\org\seleniumhq\selenium\selenium-remote-driver\4.1.2\selenium-remote-driver-4.1.2.jar;C:\Users\USER\.m2\repository\com\beust\jcommander\1.82\jcommander-1.82.jar;C:\Users\USER\.m2\repository\io\netty\netty-buffer\4.1.73.Final\netty-buffer-4.1.73.Final.jar;C:\Users\USER\.m2\repository\io\netty\netty-codec-http\4.1.73.Final\netty-codec-http-4.1.73.Final.jar;C:\Users\USER\.m2\repository\io\netty\netty-codec\4.1.73.Final\netty-codec-4.1.73.Final.jar;C:\Users\USER\.m2\repository\io\netty\netty-handler\4.1.73.Final\netty-handler-4.1.73.Final.jar;C:\Users\USER\.m2\repository\io\netty\netty-tcnative-classes\2.0.46.Final\netty-tcnative-classes-2.0.46.Final.jar;C:\Users\USER\.m2\repository\io\netty\netty-common\4.1.73.Final\netty-common-4.1.73.Final.jar;C:\Users\USER\.m2\repository\io\netty\netty-transport-classes-epoll\4.1.73.Final\netty-transport-classes-epoll-4.1.73.Final.jar;C:\Users\USER\.m2\repository\io\netty\netty-transport-classes-kqueue\4.1.73.Final\netty-transport-classes-kqueue-4.1.73.Final.jar;C:\Users\USER\.m2\repository\io\netty\netty-transport-native-epoll\4.1.73.Final\netty-transport-native-epoll-4.1.73.Final.jar;C:\Users\USER\.m2\repository\io\netty\netty-transport-native-kqueue\4.1.73.Final\netty-transport-native-kqueue-4.1.73.Final.jar;C:\Users\USER\.m2\repository\io\netty\netty-transport-native-unix-common\4.1.73.Final\netty-transport-native-unix-common-4.1.73.Final.jar;C:\Users\USER\.m2\repository\io\netty\netty-transport\4.1.73.Final\netty-transport-4.1.73.Final.jar;C:\Users\USER\.m2\repository\io\netty\netty-resolver\4.1.73.Final\netty-resolver-4.1.73.Final.jar;C:\Users\USER\.m2\repository\io\opentelemetry\opentelemetry-api\1.10.1\opentelemetry-api-1.10.1.jar;C:\Users\USER\.m2\repository\io\opentelemetry\opentelemetry-context\1.10.1\opentelemetry-context-1.10.1.jar;C:\Users\USER\.m2\repository\io\opentelemetry\opentelemetry-exporter-logging\1.10.1\opentelemetry-exporter-logging-1.10.1.jar;C:\Users\USER\.m2\repository\io\opentelemetry\opentelemetry-sdk-metrics\1.10.1-alpha\opentelemetry-sdk-metrics-1.10.1-alpha.jar;C:\Users\USER\.m2\repository\io\opentelemetry\opentelemetry-sdk-logs\1.10.1-alpha\opentelemetry-sdk-logs-1.10.1-alpha.jar;C:\Users\USER\.m2\repository\io\opentelemetry\opentelemetry-sdk-common\1.10.1\opentelemetry-sdk-common-1.10.1.jar;C:\Users\USER\.m2\repository\io\opentelemetry\opentelemetry-sdk-extension-autoconfigure-spi\1.10.1\opentelemetry-sdk-extension-autoconfigure-spi-1.10.1.jar;C:\Users\USER\.m2\repository\io\opentelemetry\opentelemetry-sdk-extension-autoconfigure\1.10.1-alpha\opentelemetry-sdk-extension-autoconfigure-1.10.1-alpha.jar;C:\Users\USER\.m2\repository\io\opentelemetry\opentelemetry-sdk-trace\1.10.1\opentelemetry-sdk-trace-1.10.1.jar;C:\Users\USER\.m2\repository\io\opentelemetry\opentelemetry-sdk\1.10.1\opentelemetry-sdk-1.10.1.jar;C:\Users\USER\.m2\repository\io\opentelemetry\opentelemetry-semconv\1.10.1-alpha\opentelemetry-semconv-1.10.1-alpha.jar;C:\Users\USER\.m2\repository\io\ous\jtoml\2.0.0\jtoml-2.0.0.jar;C:\Users\USER\.m2\repository\org\apache\commons\commons-exec\1.3\commons-exec-1.3.jar;C:\Users\USER\.m2\repository\org\asynchttpclient\async-http-client\2.12.3\async-http-client-2.12.3.jar;C:\Users\USER\.m2\repository\org\asynchttpclient\async-http-client-netty-utils\2.12.3\async-http-client-netty-utils-2.12.3.jar;C:\Users\USER\.m2\repository\io\netty\netty-codec-socks\4.1.60.Final\netty-codec-socks-4.1.60.Final.jar;C:\Users\USER\.m2\repository\io\netty\netty-handler-proxy\4.1.60.Final\netty-handler-proxy-4.1.60.Final.jar;C:\Users\USER\.m2\repository\io\netty\netty-transport-native-epoll\4.1.60.Final\netty-transport-native-epoll-4.1.60.Final-linux-x86_64.jar;C:\Users\USER\.m2\repository\io\netty\netty-transport-native-kqueue\4.1.60.Final\netty-transport-native-kqueue-4.1.60.Final-osx-x86_64.jar;C:\Users\USER\.m2\repository\org\reactivestreams\reactive-streams\1.0.3\reactive-streams-1.0.3.jar;C:\Users\USER\.m2\repository\com\typesafe\netty\netty-reactive-streams\2.0.4\netty-reactive-streams-2.0.4.jar;C:\Users\USER\.m2\repository\org\seleniumhq\selenium\selenium-http\4.1.2\selenium-http-4.1.2.jar;C:\Users\USER\.m2\repository\net\jodah\failsafe\2.4.4\failsafe-2.4.4.jar;C:\Users\USER\.m2\repository\org\seleniumhq\selenium\selenium-safari-driver\4.1.2\selenium-safari-driver-4.1.2.jar;C:\Users\USER\.m2\repository\org\seleniumhq\selenium\selenium-api\4.1.2\selenium-api-4.1.2.jar;C:\Users\USER\.m2\repository\org\seleniumhq\selenium\selenium-support\4.1.2\selenium-support-4.1.2.jar;C:\Users\USER\.m2\repository\com\google\auto\service\auto-service-annotations\1.0.1\auto-service-annotations-1.0.1.jar;C:\Users\USER\.m2\repository\com\google\auto\service\auto-service\1.0.1\auto-service-1.0.1.jar;C:\Users\USER\.m2\repository\com\google\auto\auto-common\1.2\auto-common-1.2.jar;C:\Users\USER\.m2\repository\org\seleniumhq\selenium\selenium-json\4.1.2\selenium-json-4.1.2.jar;C:\Users\USER\.m2\repository\org\seleniumhq\selenium\selenium-chrome-driver\4.1.2\selenium-chrome-driver-4.1.2.jar;C:\Users\USER\.m2\repository\org\seleniumhq\selenium\selenium-chromium-driver\4.1.2\selenium-chromium-driver-4.1.2.jar;C:\Users\USER\.m2\repository\org\seleniumhq\selenium\selenium-firefox-driver\4.1.2\selenium-firefox-driver-4.1.2.jar;C:\Users\USER\.m2\repository\org\seleniumhq\selenium\selenium-edge-driver\4.1.2\selenium-edge-driver-4.1.2.jar;C:\Users\USER\.m2\repository\org\seleniumhq\selenium\selenium-ie-driver\4.1.2\selenium-ie-driver-4.1.2.jar;C:\Users\USER\.m2\repository\org\projectlombok\lombok\1.18.20\lombok-1.18.20.jar;C:\Users\USER\.m2\repository\io\appium\java-client\8.0.0\java-client-8.0.0.jar;C:\Users\USER\.m2\repository\commons-validator\commons-validator\1.7\commons-validator-1.7.jar;C:\Users\USER\.m2\repository\commons-digester\commons-digester\2.1\commons-digester-2.1.jar;C:\Users\USER\.m2\repository\org\aspectj\aspectjweaver\1.9.8\aspectjweaver-1.9.8.jar;C:\Users\USER\.m2\repository\org\codehaus\groovy\groovy\3.0.10\groovy-3.0.10.jar;C:\Users\USER\.m2\repository\net\sf\opencsv\opencsv\2.0\opencsv-2.0.jar;C:\Users\USER\.m2\repository\commons-beanutils\commons-beanutils\1.9.4\commons-beanutils-1.9.4.jar;C:\Users\USER\.m2\repository\org\apache\commons\commons-lang3\3.12.0\commons-lang3-3.12.0.jar;C:\Users\USER\.m2\repository\commons-collections\commons-collections\3.2.2\commons-collections-3.2.2.jar;C:\Users\USER\.m2\repository\org\fluentlenium\fluentlenium-core\0.10.2\fluentlenium-core-0.10.2.jar;C:\Users\USER\.m2\repository\io\github\bonigarcia\webdrivermanager\5.1.0\webdrivermanager-5.1.0.jar;C:\Users\USER\.m2\repository\com\github\docker-java\docker-java\3.2.13\docker-java-3.2.13.jar;C:\Users\USER\.m2\repository\com\github\docker-java\docker-java-core\3.2.13\docker-java-core-3.2.13.jar;C:\Users\USER\.m2\repository\com\github\docker-java\docker-java-api\3.2.13\docker-java-api-3.2.13.jar;C:\Users\USER\.m2\repository\org\apache\commons\commons-compress\1.21\commons-compress-1.21.jar;C:\Users\USER\.m2\repository\org\bouncycastle\bcpkix-jdk15on\1.64\bcpkix-jdk15on-1.64.jar;C:\Users\USER\.m2\repository\org\bouncycastle\bcprov-jdk15on\1.64\bcprov-jdk15on-1.64.jar;C:\Users\USER\.m2\repository\org\slf4j\jcl-over-slf4j\1.7.30\jcl-over-slf4j-1.7.30.jar;C:\Users\USER\.m2\repository\com\github\docker-java\docker-java-transport-httpclient5\3.2.13\docker-java-transport-httpclient5-3.2.13.jar;C:\Users\USER\.m2\repository\com\github\docker-java\docker-java-transport\3.2.13\docker-java-transport-3.2.13.jar;C:\Users\USER\.m2\repository\org\apache\httpcomponents\client5\httpclient5\5.0.3\httpclient5-5.0.3.jar;C:\Users\USER\.m2\repository\org\apache\httpcomponents\core5\httpcore5\5.0.2\httpcore5-5.0.2.jar;C:\Users\USER\.m2\repository\net\java\dev\jna\jna\5.8.0\jna-5.8.0.jar;C:\Users\USER\.m2\repository\org\brotli\dec\0.1.2\dec-0.1.2.jar;C:\Users\USER\.m2\repository\com\jhlabs\filters\2.0.235\filters-2.0.235.jar;C:\Users\USER\.m2\repository\com\paulhammant\ngwebdriver\1.1.6\ngwebdriver-1.1.6.jar;C:\Users\USER\.m2\repository\joda-time\joda-time\2.8.2\joda-time-2.8.2.jar;C:\Users\USER\.m2\repository\org\hamcrest\hamcrest\2.2\hamcrest-2.2.jar;C:\Users\USER\.m2\repository\com\google\jimfs\jimfs\1.2\jimfs-1.2.jar;C:\Users\USER\.m2\repository\org\mockito\mockito-core\3.3.3\mockito-core-3.3.3.jar;C:\Users\USER\.m2\repository\javax\xml\bind\jaxb-api\2.3.1\jaxb-api-2.3.1.jar;C:\Users\USER\.m2\repository\javax\activation\javax.activation-api\1.2.0\javax.activation-api-1.2.0.jar;C:\Users\USER\.m2\repository\com\sun\xml\bind\jaxb-core\2.3.0.1\jaxb-core-2.3.0.1.jar;C:\Users\USER\.m2\repository\com\sun\xml\bind\jaxb-impl\2.3.3\jaxb-impl-2.3.3.jar;C:\Users\USER\.m2\repository\jakarta\xml\bind\jakarta.xml.bind-api\2.3.3\jakarta.xml.bind-api-2.3.3.jar;C:\Users\USER\.m2\repository\com\sun\activation\jakarta.activation\1.2.2\jakarta.activation-1.2.2.jar;C:\Users\USER\.m2\repository\javax\activation\activation\1.1.1\activation-1.1.1.jar;C:\Users\USER\.m2\repository\net\serenity-bdd\serenity-cucumber\3.2.1\serenity-cucumber-3.2.1.jar;C:\Users\USER\.m2\repository\io\cucumber\cucumber-core\7.2.3\cucumber-core-7.2.3.jar;C:\Users\USER\.m2\repository\io\cucumber\cucumber-gherkin\7.2.3\cucumber-gherkin-7.2.3.jar;C:\Users\USER\.m2\repository\io\cucumber\cucumber-gherkin-messages\7.2.3\cucumber-gherkin-messages-7.2.3.jar;C:\Users\USER\.m2\repository\io\cucumber\messages\17.1.1\messages-17.1.1.jar;C:\Users\USER\.m2\repository\io\cucumber\tag-expressions\4.1.0\tag-expressions-4.1.0.jar;C:\Users\USER\.m2\repository\io\cucumber\cucumber-expressions\15.0.1\cucumber-expressions-15.0.1.jar;C:\Users\USER\.m2\repository\io\cucumber\datatable\7.2.3\datatable-7.2.3.jar;C:\Users\USER\.m2\repository\io\cucumber\cucumber-plugin\7.2.3\cucumber-plugin-7.2.3.jar;C:\Users\USER\.m2\repository\io\cucumber\docstring\7.2.3\docstring-7.2.3.jar;C:\Users\USER\.m2\repository\io\cucumber\html-formatter\17.0.0\html-formatter-17.0.0.jar;C:\Users\USER\.m2\repository\io\cucumber\ci-environment\8.1.0\ci-environment-8.1.0.jar;C:\Users\USER\.m2\repository\io\cucumber\cucumber-junit\7.2.3\cucumber-junit-7.2.3.jar;C:\Users\USER\.m2\repository\org\apache\commons\commons-csv\1.5\commons-csv-1.5.jar;C:\Users\USER\.m2\repository\net\serenity-bdd\serenity-screenplay\3.2.1\serenity-screenplay-3.2.1.jar;C:\Users\USER\.m2\repository\net\serenity-bdd\serenity-screenplay-webdriver\3.2.1\serenity-screenplay-webdriver-3.2.1.jar;C:\Users\USER\.m2\repository\net\serenity-bdd\serenity-ensure\3.2.1\serenity-ensure-3.2.1.jar;C:\Users\USER\.m2\repository\net\serenity-bdd\serenity-junit\3.2.1\serenity-junit-3.2.1.jar;C:\Users\USER\.m2\repository\org\jetbrains\kotlin\kotlin-stdlib\1.6.0\kotlin-stdlib-1.6.0.jar;C:\Users\USER\.m2\repository\org\jetbrains\annotations\13.0\annotations-13.0.jar;C:\Users\USER\.m2\repository\org\jetbrains\kotlin\kotlin-stdlib-common\1.6.0\kotlin-stdlib-common-1.6.0.jar;C:\Users\USER\.m2\repository\org\junit\platform\junit-platform-launcher\1.8.1\junit-platform-launcher-1.8.1.jar;C:\Users\USER\.m2\repository\org\junit\platform\junit-platform-engine\1.8.1\junit-platform-engine-1.8.1.jar;C:\Users\USER\.m2\repository\org\opentest4j\opentest4j\1.2.0\opentest4j-1.2.0.jar;C:\Users\USER\.m2\repository\org\junit\platform\junit-platform-commons\1.8.1\junit-platform-commons-1.8.1.jar;C:\Users\USER\.m2\repository\org\apiguardian\apiguardian-api\1.1.2\apiguardian-api-1.1.2.jar;C:\Users\USER\.m2\repository\org\junit\jupiter\junit-jupiter-engine\5.8.2\junit-jupiter-engine-5.8.2.jar;C:\Users\USER\.m2\repository\org\junit\jupiter\junit-jupiter-api\5.8.2\junit-jupiter-api-5.8.2.jar;C:\Users\USER\.m2\repository\org\junit\vintage\junit-vintage-engine\5.8.2\junit-vintage-engine-5.8.2.jar;C:\Users\USER\.m2\repository\junit\junit\4.13.2\junit-4.13.2.jar;C:\Users\USER\.m2\repository\org\hamcrest\hamcrest-core\1.3\hamcrest-core-1.3.jar;C:\Users\USER\.m2\repository\ch\qos\logback\logback-classic\1.2.10\logback-classic-1.2.10.jar;C:\Users\USER\.m2\repository\ch\qos\logback\logback-core\1.2.10\logback-core-1.2.10.jar;C:\Users\USER\.m2\repository\org\slf4j\slf4j-api\1.7.32\slf4j-api-1.7.32.jar;C:\Users\USER\.m2\repository\org\assertj\assertj-core\3.6.2\assertj-core-3.6.2.jar;C:\Users\USER\.m2\repository\com\googlecode\json-simple\json-simple\1.1.1\json-simple-1.1.1.jar;"/>
    <property name="sun.cpu.endian" value="little"/>
    <property name="user.home" value="C:\Users\USER"/>
    <property name="user.language" value="en"/>
    <property name="java.specification.vendor" value="Oracle Corporation"/>
    <property name="jdk.module.path" value="E:\My Documents\File Difa\TI Semester 6 Kampus Merdeka Alterra\Tugas\CAPSTONE Project\Capstone-Project-Website\target\Capstone-Project-Website-1.0-SNAPSHOT.jar"/>
    <property name="java.version.date" value="2021-01-19"/>
    <property name="java.home" value="C:\Program Files\Java\jdk-15.0.2"/>
    <property name="file.separator" value="\"/>
    <property name="basedir" value="E:\My Documents\File Difa\TI Semester 6 Kampus Merdeka Alterra\Tugas\CAPSTONE Project\Capstone-Project-Website"/>
    <property name="java.vm.compressedOopsMode" value="32-bit"/>
    <property name="line.separator" value="&#10;"/>
    <property name="java.vm.specification.vendor" value="Oracle Corporation"/>
    <property name="java.specification.name" value="Java Platform API Specification"/>
    <property name="surefire.real.class.path" value="C:\Users\USER\.m2\repository\org\apache\maven\surefire\surefire-booter\3.0.0-M5\surefire-booter-3.0.0-M5.jar;C:\Users\USER\.m2\repository\org\apache\maven\surefire\surefire-api\3.0.0-M5\surefire-api-3.0.0-M5.jar;C:\Users\USER\.m2\repository\org\apache\maven\surefire\surefire-logger-api\3.0.0-M5\surefire-logger-api-3.0.0-M5.jar;C:\Users\USER\.m2\repository\org\apache\maven\surefire\surefire-shared-utils\3.0.0-M4\surefire-shared-utils-3.0.0-M4.jar;C:\Users\USER\.m2\repository\org\apache\maven\surefire\surefire-extensions-spi\3.0.0-M5\surefire-extensions-spi-3.0.0-M5.jar;E:\My Documents\File Difa\TI Semester 6 Kampus Merdeka Alterra\Tugas\CAPSTONE Project\Capstone-Project-Website\target\test-classes;C:\Users\USER\.m2\repository\net\serenity-bdd\serenity-core\3.2.1\serenity-core-3.2.1.jar;C:\Users\USER\.m2\repository\net\serenity-bdd\serenity-model\3.2.1\serenity-model-3.2.1.jar;C:\Users\USER\.m2\repository\org\apache\commons\commons-text\1.9\commons-text-1.9.jar;C:\Users\USER\.m2\repository\commons-net\commons-net\3.8.0\commons-net-3.8.0.jar;C:\Users\USER\.m2\repository\com\google\guava\guava\31.1-jre\guava-31.1-jre.jar;C:\Users\USER\.m2\repository\com\google\guava\failureaccess\1.0.1\failureaccess-1.0.1.jar;C:\Users\USER\.m2\repository\com\google\guava\listenablefuture\9999.0-empty-to-avoid-conflict-with-guava\listenablefuture-9999.0-empty-to-avoid-conflict-with-guava.jar;C:\Users\USER\.m2\repository\com\google\code\findbugs\jsr305\3.0.2\jsr305-3.0.2.jar;C:\Users\USER\.m2\repository\org\checkerframework\checker-qual\3.12.0\checker-qual-3.12.0.jar;C:\Users\USER\.m2\repository\com\google\errorprone\error_prone_annotations\2.11.0\error_prone_annotations-2.11.0.jar;C:\Users\USER\.m2\repository\com\google\j2objc\j2objc-annotations\1.3\j2objc-annotations-1.3.jar;C:\Users\USER\.m2\repository\com\google\inject\guice\5.1.0\guice-5.1.0.jar;C:\Users\USER\.m2\repository\javax\inject\javax.inject\1\javax.inject-1.jar;C:\Users\USER\.m2\repository\aopalliance\aopalliance\1.0\aopalliance-1.0.jar;C:\Users\USER\.m2\repository\org\jsoup\jsoup\1.14.3\jsoup-1.14.3.jar;C:\Users\USER\.m2\repository\com\thoughtworks\xstream\xstream\1.4.19\xstream-1.4.19.jar;C:\Users\USER\.m2\repository\io\github\x-stream\mxparser\1.2.2\mxparser-1.2.2.jar;C:\Users\USER\.m2\repository\xmlpull\xmlpull\1.1.3.1\xmlpull-1.1.3.1.jar;C:\Users\USER\.m2\repository\io\cucumber\cucumber-java\7.2.3\cucumber-java-7.2.3.jar;C:\Users\USER\.m2\repository\com\typesafe\config\1.4.2\config-1.4.2.jar;C:\Users\USER\.m2\repository\org\imgscalr\imgscalr-lib\4.2\imgscalr-lib-4.2.jar;C:\Users\USER\.m2\repository\org\awaitility\awaitility\4.2.0\awaitility-4.2.0.jar;C:\Users\USER\.m2\repository\org\freemarker\freemarker\2.3.31\freemarker-2.3.31.jar;C:\Users\USER\.m2\repository\io\github\classgraph\classgraph\4.8.138\classgraph-4.8.138.jar;C:\Users\USER\.m2\repository\net\sourceforge\jexcelapi\jxl\2.6.12\jxl-2.6.12.jar;C:\Users\USER\.m2\repository\net\bytebuddy\byte-buddy\1.12.8\byte-buddy-1.12.8.jar;C:\Users\USER\.m2\repository\net\bytebuddy\byte-buddy-agent\1.12.8\byte-buddy-agent-1.12.8.jar;C:\Users\USER\.m2\repository\org\objenesis\objenesis\3.1\objenesis-3.1.jar;C:\Users\USER\.m2\repository\net\serenity-bdd\serenity-reports\3.2.1\serenity-reports-3.2.1.jar;C:\Users\USER\.m2\repository\net\serenity-bdd\serenity-stats\3.2.1\serenity-stats-3.2.1.jar;C:\Users\USER\.m2\repository\net\serenity-bdd\serenity-reports-configuration\3.2.1\serenity-reports-configuration-3.2.1.jar;C:\Users\USER\.m2\repository\com\vladsch\flexmark\flexmark-all\0.34.30\flexmark-all-0.34.30.jar;C:\Users\USER\.m2\repository\com\vladsch\flexmark\flexmark\0.34.30\flexmark-0.34.30.jar;C:\Users\USER\.m2\repository\com\vladsch\flexmark\flexmark-ext-abbreviation\0.34.30\flexmark-ext-abbreviation-0.34.30.jar;C:\Users\USER\.m2\repository\com\vladsch\flexmark\flexmark-ext-admonition\0.34.30\flexmark-ext-admonition-0.34.30.jar;C:\Users\USER\.m2\repository\com\vladsch\flexmark\flexmark-ext-anchorlink\0.34.30\flexmark-ext-anchorlink-0.34.30.jar;C:\Users\USER\.m2\repository\com\vladsch\flexmark\flexmark-ext-aside\0.34.30\flexmark-ext-aside-0.34.30.jar;C:\Users\USER\.m2\repository\com\vladsch\flexmark\flexmark-ext-attributes\0.34.30\flexmark-ext-attributes-0.34.30.jar;C:\Users\USER\.m2\repository\com\vladsch\flexmark\flexmark-ext-autolink\0.34.30\flexmark-ext-autolink-0.34.30.jar;C:\Users\USER\.m2\repository\org\nibor\autolink\autolink\0.6.0\autolink-0.6.0.jar;C:\Users\USER\.m2\repository\com\vladsch\flexmark\flexmark-ext-definition\0.34.30\flexmark-ext-definition-0.34.30.jar;C:\Users\USER\.m2\repository\com\vladsch\flexmark\flexmark-ext-emoji\0.34.30\flexmark-ext-emoji-0.34.30.jar;C:\Users\USER\.m2\repository\com\vladsch\flexmark\flexmark-ext-enumerated-reference\0.34.30\flexmark-ext-enumerated-reference-0.34.30.jar;C:\Users\USER\.m2\repository\com\vladsch\flexmark\flexmark-ext-escaped-character\0.34.30\flexmark-ext-escaped-character-0.34.30.jar;C:\Users\USER\.m2\repository\com\vladsch\flexmark\flexmark-ext-footnotes\0.34.30\flexmark-ext-footnotes-0.34.30.jar;C:\Users\USER\.m2\repository\com\vladsch\flexmark\flexmark-ext-gfm-issues\0.34.30\flexmark-ext-gfm-issues-0.34.30.jar;C:\Users\USER\.m2\repository\com\vladsch\flexmark\flexmark-ext-gfm-strikethrough\0.34.30\flexmark-ext-gfm-strikethrough-0.34.30.jar;C:\Users\USER\.m2\repository\com\vladsch\flexmark\flexmark-ext-gfm-tables\0.34.30\flexmark-ext-gfm-tables-0.34.30.jar;C:\Users\USER\.m2\repository\com\vladsch\flexmark\flexmark-ext-gfm-tasklist\0.34.30\flexmark-ext-gfm-tasklist-0.34.30.jar;C:\Users\USER\.m2\repository\com\vladsch\flexmark\flexmark-ext-gfm-users\0.34.30\flexmark-ext-gfm-users-0.34.30.jar;C:\Users\USER\.m2\repository\com\vladsch\flexmark\flexmark-ext-gitlab\0.34.30\flexmark-ext-gitlab-0.34.30.jar;C:\Users\USER\.m2\repository\com\vladsch\flexmark\flexmark-ext-jekyll-front-matter\0.34.30\flexmark-ext-jekyll-front-matter-0.34.30.jar;C:\Users\USER\.m2\repository\com\vladsch\flexmark\flexmark-ext-jekyll-tag\0.34.30\flexmark-ext-jekyll-tag-0.34.30.jar;C:\Users\USER\.m2\repository\com\vladsch\flexmark\flexmark-ext-media-tags\0.34.30\flexmark-ext-media-tags-0.34.30.jar;C:\Users\USER\.m2\repository\com\vladsch\flexmark\flexmark-test-util\0.34.30\flexmark-test-util-0.34.30.jar;C:\Users\USER\.m2\repository\com\vladsch\flexmark\flexmark-ext-ins\0.34.30\flexmark-ext-ins-0.34.30.jar;C:\Users\USER\.m2\repository\com\vladsch\flexmark\flexmark-ext-xwiki-macros\0.34.30\flexmark-ext-xwiki-macros-0.34.30.jar;C:\Users\USER\.m2\repository\com\vladsch\flexmark\flexmark-ext-superscript\0.34.30\flexmark-ext-superscript-0.34.30.jar;C:\Users\USER\.m2\repository\com\vladsch\flexmark\flexmark-ext-tables\0.34.30\flexmark-ext-tables-0.34.30.jar;C:\Users\USER\.m2\repository\com\vladsch\flexmark\flexmark-ext-toc\0.34.30\flexmark-ext-toc-0.34.30.jar;C:\Users\USER\.m2\repository\com\vladsch\flexmark\flexmark-ext-typographic\0.34.30\flexmark-ext-typographic-0.34.30.jar;C:\Users\USER\.m2\repository\com\vladsch\flexmark\flexmark-ext-wikilink\0.34.30\flexmark-ext-wikilink-0.34.30.jar;C:\Users\USER\.m2\repository\com\vladsch\flexmark\flexmark-ext-yaml-front-matter\0.34.30\flexmark-ext-yaml-front-matter-0.34.30.jar;C:\Users\USER\.m2\repository\com\vladsch\flexmark\flexmark-ext-youtube-embedded\0.34.30\flexmark-ext-youtube-embedded-0.34.30.jar;C:\Users\USER\.m2\repository\com\vladsch\flexmark\flexmark-formatter\0.34.30\flexmark-formatter-0.34.30.jar;C:\Users\USER\.m2\repository\com\vladsch\flexmark\flexmark-html-parser\0.34.30\flexmark-html-parser-0.34.30.jar;C:\Users\USER\.m2\repository\com\vladsch\flexmark\flexmark-jira-converter\0.34.30\flexmark-jira-converter-0.34.30.jar;C:\Users\USER\.m2\repository\com\vladsch\flexmark\flexmark-pdf-converter\0.34.30\flexmark-pdf-converter-0.34.30.jar;C:\Users\USER\.m2\repository\com\openhtmltopdf\openhtmltopdf-core\0.0.1-RC13\openhtmltopdf-core-0.0.1-RC13.jar;C:\Users\USER\.m2\repository\com\openhtmltopdf\openhtmltopdf-pdfbox\0.0.1-RC13\openhtmltopdf-pdfbox-0.0.1-RC13.jar;C:\Users\USER\.m2\repository\org\apache\pdfbox\pdfbox\2.0.8\pdfbox-2.0.8.jar;C:\Users\USER\.m2\repository\org\apache\pdfbox\fontbox\2.0.8\fontbox-2.0.8.jar;C:\Users\USER\.m2\repository\commons-logging\commons-logging\1.2\commons-logging-1.2.jar;C:\Users\USER\.m2\repository\org\apache\pdfbox\xmpbox\2.0.8\xmpbox-2.0.8.jar;C:\Users\USER\.m2\repository\de\rototor\pdfbox\graphics2d\0.12\graphics2d-0.12.jar;C:\Users\USER\.m2\repository\com\openhtmltopdf\openhtmltopdf-rtl-support\0.0.1-RC13\openhtmltopdf-rtl-support-0.0.1-RC13.jar;C:\Users\USER\.m2\repository\com\ibm\icu\icu4j\59.1\icu4j-59.1.jar;C:\Users\USER\.m2\repository\com\openhtmltopdf\openhtmltopdf-jsoup-dom-converter\0.0.1-RC13\openhtmltopdf-jsoup-dom-converter-0.0.1-RC13.jar;C:\Users\USER\.m2\repository\com\vladsch\flexmark\flexmark-profile-pegdown\0.34.30\flexmark-profile-pegdown-0.34.30.jar;C:\Users\USER\.m2\repository\com\vladsch\flexmark\flexmark-util\0.34.30\flexmark-util-0.34.30.jar;C:\Users\USER\.m2\repository\com\vladsch\flexmark\flexmark-youtrack-converter\0.34.30\flexmark-youtrack-converter-0.34.30.jar;C:\Users\USER\.m2\repository\es\nitaur\markdown\txtmark\0.16\txtmark-0.16.jar;C:\Users\USER\.m2\repository\net\serenity-bdd\serenity-report-resources\3.2.1\serenity-report-resources-3.2.1.jar;C:\Users\USER\.m2\repository\com\google\code\gson\gson\2.9.0\gson-2.9.0.jar;C:\Users\USER\.m2\repository\com\fasterxml\jackson\core\jackson-core\2.13.2\jackson-core-2.13.2.jar;C:\Users\USER\.m2\repository\com\fasterxml\jackson\core\jackson-databind\2.13.2\jackson-databind-2.13.2.jar;C:\Users\USER\.m2\repository\com\fasterxml\jackson\core\jackson-annotations\2.13.2\jackson-annotations-2.13.2.jar;C:\Users\USER\.m2\repository\commons-codec\commons-codec\1.15\commons-codec-1.15.jar;C:\Users\USER\.m2\repository\commons-io\commons-io\2.11.0\commons-io-2.11.0.jar;C:\Users\USER\.m2\repository\org\seleniumhq\selenium\selenium-java\4.1.2\selenium-java-4.1.2.jar;C:\Users\USER\.m2\repository\org\seleniumhq\selenium\selenium-devtools-v85\4.1.2\selenium-devtools-v85-4.1.2.jar;C:\Users\USER\.m2\repository\org\seleniumhq\selenium\selenium-devtools-v95\4.1.2\selenium-devtools-v95-4.1.2.jar;C:\Users\USER\.m2\repository\org\seleniumhq\selenium\selenium-devtools-v96\4.1.2\selenium-devtools-v96-4.1.2.jar;C:\Users\USER\.m2\repository\org\seleniumhq\selenium\selenium-devtools-v97\4.1.2\selenium-devtools-v97-4.1.2.jar;C:\Users\USER\.m2\repository\org\seleniumhq\selenium\selenium-firefox-xpi-driver\4.1.2\selenium-firefox-xpi-driver-4.1.2.jar;C:\Users\USER\.m2\repository\org\seleniumhq\selenium\selenium-opera-driver\4.1.2\selenium-opera-driver-4.1.2.jar;C:\Users\USER\.m2\repository\org\seleniumhq\selenium\selenium-remote-driver\4.1.2\selenium-remote-driver-4.1.2.jar;C:\Users\USER\.m2\repository\com\beust\jcommander\1.82\jcommander-1.82.jar;C:\Users\USER\.m2\repository\io\netty\netty-buffer\4.1.73.Final\netty-buffer-4.1.73.Final.jar;C:\Users\USER\.m2\repository\io\netty\netty-codec-http\4.1.73.Final\netty-codec-http-4.1.73.Final.jar;C:\Users\USER\.m2\repository\io\netty\netty-codec\4.1.73.Final\netty-codec-4.1.73.Final.jar;C:\Users\USER\.m2\repository\io\netty\netty-handler\4.1.73.Final\netty-handler-4.1.73.Final.jar;C:\Users\USER\.m2\repository\io\netty\netty-tcnative-classes\2.0.46.Final\netty-tcnative-classes-2.0.46.Final.jar;C:\Users\USER\.m2\repository\io\netty\netty-common\4.1.73.Final\netty-common-4.1.73.Final.jar;C:\Users\USER\.m2\repository\io\netty\netty-transport-classes-epoll\4.1.73.Final\netty-transport-classes-epoll-4.1.73.Final.jar;C:\Users\USER\.m2\repository\io\netty\netty-transport-classes-kqueue\4.1.73.Final\netty-transport-classes-kqueue-4.1.73.Final.jar;C:\Users\USER\.m2\repository\io\netty\netty-transport-native-epoll\4.1.73.Final\netty-transport-native-epoll-4.1.73.Final.jar;C:\Users\USER\.m2\repository\io\netty\netty-transport-native-kqueue\4.1.73.Final\netty-transport-native-kqueue-4.1.73.Final.jar;C:\Users\USER\.m2\repository\io\netty\netty-transport-native-unix-common\4.1.73.Final\netty-transport-native-unix-common-4.1.73.Final.jar;C:\Users\USER\.m2\repository\io\netty\netty-transport\4.1.73.Final\netty-transport-4.1.73.Final.jar;C:\Users\USER\.m2\repository\io\netty\netty-resolver\4.1.73.Final\netty-resolver-4.1.73.Final.jar;C:\Users\USER\.m2\repository\io\opentelemetry\opentelemetry-api\1.10.1\opentelemetry-api-1.10.1.jar;C:\Users\USER\.m2\repository\io\opentelemetry\opentelemetry-context\1.10.1\opentelemetry-context-1.10.1.jar;C:\Users\USER\.m2\repository\io\opentelemetry\opentelemetry-exporter-logging\1.10.1\opentelemetry-exporter-logging-1.10.1.jar;C:\Users\USER\.m2\repository\io\opentelemetry\opentelemetry-sdk-metrics\1.10.1-alpha\opentelemetry-sdk-metrics-1.10.1-alpha.jar;C:\Users\USER\.m2\repository\io\opentelemetry\opentelemetry-sdk-logs\1.10.1-alpha\opentelemetry-sdk-logs-1.10.1-alpha.jar;C:\Users\USER\.m2\repository\io\opentelemetry\opentelemetry-sdk-common\1.10.1\opentelemetry-sdk-common-1.10.1.jar;C:\Users\USER\.m2\repository\io\opentelemetry\opentelemetry-sdk-extension-autoconfigure-spi\1.10.1\opentelemetry-sdk-extension-autoconfigure-spi-1.10.1.jar;C:\Users\USER\.m2\repository\io\opentelemetry\opentelemetry-sdk-extension-autoconfigure\1.10.1-alpha\opentelemetry-sdk-extension-autoconfigure-1.10.1-alpha.jar;C:\Users\USER\.m2\repository\io\opentelemetry\opentelemetry-sdk-trace\1.10.1\opentelemetry-sdk-trace-1.10.1.jar;C:\Users\USER\.m2\repository\io\opentelemetry\opentelemetry-sdk\1.10.1\opentelemetry-sdk-1.10.1.jar;C:\Users\USER\.m2\repository\io\opentelemetry\opentelemetry-semconv\1.10.1-alpha\opentelemetry-semconv-1.10.1-alpha.jar;C:\Users\USER\.m2\repository\io\ous\jtoml\2.0.0\jtoml-2.0.0.jar;C:\Users\USER\.m2\repository\org\apache\commons\commons-exec\1.3\commons-exec-1.3.jar;C:\Users\USER\.m2\repository\org\asynchttpclient\async-http-client\2.12.3\async-http-client-2.12.3.jar;C:\Users\USER\.m2\repository\org\asynchttpclient\async-http-client-netty-utils\2.12.3\async-http-client-netty-utils-2.12.3.jar;C:\Users\USER\.m2\repository\io\netty\netty-codec-socks\4.1.60.Final\netty-codec-socks-4.1.60.Final.jar;C:\Users\USER\.m2\repository\io\netty\netty-handler-proxy\4.1.60.Final\netty-handler-proxy-4.1.60.Final.jar;C:\Users\USER\.m2\repository\io\netty\netty-transport-native-epoll\4.1.60.Final\netty-transport-native-epoll-4.1.60.Final-linux-x86_64.jar;C:\Users\USER\.m2\repository\io\netty\netty-transport-native-kqueue\4.1.60.Final\netty-transport-native-kqueue-4.1.60.Final-osx-x86_64.jar;C:\Users\USER\.m2\repository\org\reactivestreams\reactive-streams\1.0.3\reactive-streams-1.0.3.jar;C:\Users\USER\.m2\repository\com\typesafe\netty\netty-reactive-streams\2.0.4\netty-reactive-streams-2.0.4.jar;C:\Users\USER\.m2\repository\org\seleniumhq\selenium\selenium-http\4.1.2\selenium-http-4.1.2.jar;C:\Users\USER\.m2\repository\net\jodah\failsafe\2.4.4\failsafe-2.4.4.jar;C:\Users\USER\.m2\repository\org\seleniumhq\selenium\selenium-safari-driver\4.1.2\selenium-safari-driver-4.1.2.jar;C:\Users\USER\.m2\repository\org\seleniumhq\selenium\selenium-api\4.1.2\selenium-api-4.1.2.jar;C:\Users\USER\.m2\repository\org\seleniumhq\selenium\selenium-support\4.1.2\selenium-support-4.1.2.jar;C:\Users\USER\.m2\repository\com\google\auto\service\auto-service-annotations\1.0.1\auto-service-annotations-1.0.1.jar;C:\Users\USER\.m2\repository\com\google\auto\service\auto-service\1.0.1\auto-service-1.0.1.jar;C:\Users\USER\.m2\repository\com\google\auto\auto-common\1.2\auto-common-1.2.jar;C:\Users\USER\.m2\repository\org\seleniumhq\selenium\selenium-json\4.1.2\selenium-json-4.1.2.jar;C:\Users\USER\.m2\repository\org\seleniumhq\selenium\selenium-chrome-driver\4.1.2\selenium-chrome-driver-4.1.2.jar;C:\Users\USER\.m2\repository\org\seleniumhq\selenium\selenium-chromium-driver\4.1.2\selenium-chromium-driver-4.1.2.jar;C:\Users\USER\.m2\repository\org\seleniumhq\selenium\selenium-firefox-driver\4.1.2\selenium-firefox-driver-4.1.2.jar;C:\Users\USER\.m2\repository\org\seleniumhq\selenium\selenium-edge-driver\4.1.2\selenium-edge-driver-4.1.2.jar;C:\Users\USER\.m2\repository\org\seleniumhq\selenium\selenium-ie-driver\4.1.2\selenium-ie-driver-4.1.2.jar;C:\Users\USER\.m2\repository\org\projectlombok\lombok\1.18.20\lombok-1.18.20.jar;C:\Users\USER\.m2\repository\io\appium\java-client\8.0.0\java-client-8.0.0.jar;C:\Users\USER\.m2\repository\commons-validator\commons-validator\1.7\commons-validator-1.7.jar;C:\Users\USER\.m2\repository\commons-digester\commons-digester\2.1\commons-digester-2.1.jar;C:\Users\USER\.m2\repository\org\aspectj\aspectjweaver\1.9.8\aspectjweaver-1.9.8.jar;C:\Users\USER\.m2\repository\org\codehaus\groovy\groovy\3.0.10\groovy-3.0.10.jar;C:\Users\USER\.m2\repository\net\sf\opencsv\opencsv\2.0\opencsv-2.0.jar;C:\Users\USER\.m2\repository\commons-beanutils\commons-beanutils\1.9.4\commons-beanutils-1.9.4.jar;C:\Users\USER\.m2\repository\org\apache\commons\commons-lang3\3.12.0\commons-lang3-3.12.0.jar;C:\Users\USER\.m2\repository\commons-collections\commons-collections\3.2.2\commons-collections-3.2.2.jar;C:\Users\USER\.m2\repository\org\fluentlenium\fluentlenium-core\0.10.2\fluentlenium-core-0.10.2.jar;C:\Users\USER\.m2\repository\io\github\bonigarcia\webdrivermanager\5.1.0\webdrivermanager-5.1.0.jar;C:\Users\USER\.m2\repository\com\github\docker-java\docker-java\3.2.13\docker-java-3.2.13.jar;C:\Users\USER\.m2\repository\com\github\docker-java\docker-java-core\3.2.13\docker-java-core-3.2.13.jar;C:\Users\USER\.m2\repository\com\github\docker-java\docker-java-api\3.2.13\docker-java-api-3.2.13.jar;C:\Users\USER\.m2\repository\org\apache\commons\commons-compress\1.21\commons-compress-1.21.jar;C:\Users\USER\.m2\repository\org\bouncycastle\bcpkix-jdk15on\1.64\bcpkix-jdk15on-1.64.jar;C:\Users\USER\.m2\repository\org\bouncycastle\bcprov-jdk15on\1.64\bcprov-jdk15on-1.64.jar;C:\Users\USER\.m2\repository\org\slf4j\jcl-over-slf4j\1.7.30\jcl-over-slf4j-1.7.30.jar;C:\Users\USER\.m2\repository\com\github\docker-java\docker-java-transport-httpclient5\3.2.13\docker-java-transport-httpclient5-3.2.13.jar;C:\Users\USER\.m2\repository\com\github\docker-java\docker-java-transport\3.2.13\docker-java-transport-3.2.13.jar;C:\Users\USER\.m2\repository\org\apache\httpcomponents\client5\httpclient5\5.0.3\httpclient5-5.0.3.jar;C:\Users\USER\.m2\repository\org\apache\httpcomponents\core5\httpcore5\5.0.2\httpcore5-5.0.2.jar;C:\Users\USER\.m2\repository\net\java\dev\jna\jna\5.8.0\jna-5.8.0.jar;C:\Users\USER\.m2\repository\org\brotli\dec\0.1.2\dec-0.1.2.jar;C:\Users\USER\.m2\repository\com\jhlabs\filters\2.0.235\filters-2.0.235.jar;C:\Users\USER\.m2\repository\com\paulhammant\ngwebdriver\1.1.6\ngwebdriver-1.1.6.jar;C:\Users\USER\.m2\repository\joda-time\joda-time\2.8.2\joda-time-2.8.2.jar;C:\Users\USER\.m2\repository\org\hamcrest\hamcrest\2.2\hamcrest-2.2.jar;C:\Users\USER\.m2\repository\com\google\jimfs\jimfs\1.2\jimfs-1.2.jar;C:\Users\USER\.m2\repository\org\mockito\mockito-core\3.3.3\mockito-core-3.3.3.jar;C:\Users\USER\.m2\repository\javax\xml\bind\jaxb-api\2.3.1\jaxb-api-2.3.1.jar;C:\Users\USER\.m2\repository\javax\activation\javax.activation-api\1.2.0\javax.activation-api-1.2.0.jar;C:\Users\USER\.m2\repository\com\sun\xml\bind\jaxb-core\2.3.0.1\jaxb-core-2.3.0.1.jar;C:\Users\USER\.m2\repository\com\sun\xml\bind\jaxb-impl\2.3.3\jaxb-impl-2.3.3.jar;C:\Users\USER\.m2\repository\jakarta\xml\bind\jakarta.xml.bind-api\2.3.3\jakarta.xml.bind-api-2.3.3.jar;C:\Users\USER\.m2\repository\com\sun\activation\jakarta.activation\1.2.2\jakarta.activation-1.2.2.jar;C:\Users\USER\.m2\repository\javax\activation\activation\1.1.1\activation-1.1.1.jar;C:\Users\USER\.m2\repository\net\serenity-bdd\serenity-cucumber\3.2.1\serenity-cucumber-3.2.1.jar;C:\Users\USER\.m2\repository\io\cucumber\cucumber-core\7.2.3\cucumber-core-7.2.3.jar;C:\Users\USER\.m2\repository\io\cucumber\cucumber-gherkin\7.2.3\cucumber-gherkin-7.2.3.jar;C:\Users\USER\.m2\repository\io\cucumber\cucumber-gherkin-messages\7.2.3\cucumber-gherkin-messages-7.2.3.jar;C:\Users\USER\.m2\repository\io\cucumber\messages\17.1.1\messages-17.1.1.jar;C:\Users\USER\.m2\repository\io\cucumber\tag-expressions\4.1.0\tag-expressions-4.1.0.jar;C:\Users\USER\.m2\repository\io\cucumber\cucumber-expressions\15.0.1\cucumber-expressions-15.0.1.jar;C:\Users\USER\.m2\repository\io\cucumber\datatable\7.2.3\datatable-7.2.3.jar;C:\Users\USER\.m2\repository\io\cucumber\cucumber-plugin\7.2.3\cucumber-plugin-7.2.3.jar;C:\Users\USER\.m2\repository\io\cucumber\docstring\7.2.3\docstring-7.2.3.jar;C:\Users\USER\.m2\repository\io\cucumber\html-formatter\17.0.0\html-formatter-17.0.0.jar;C:\Users\USER\.m2\repository\io\cucumber\ci-environment\8.1.0\ci-environment-8.1.0.jar;C:\Users\USER\.m2\repository\io\cucumber\cucumber-junit\7.2.3\cucumber-junit-7.2.3.jar;C:\Users\USER\.m2\repository\org\apache\commons\commons-csv\1.5\commons-csv-1.5.jar;C:\Users\USER\.m2\repository\net\serenity-bdd\serenity-screenplay\3.2.1\serenity-screenplay-3.2.1.jar;C:\Users\USER\.m2\repository\net\serenity-bdd\serenity-screenplay-webdriver\3.2.1\serenity-screenplay-webdriver-3.2.1.jar;C:\Users\USER\.m2\repository\net\serenity-bdd\serenity-ensure\3.2.1\serenity-ensure-3.2.1.jar;C:\Users\USER\.m2\repository\net\serenity-bdd\serenity-junit\3.2.1\serenity-junit-3.2.1.jar;C:\Users\USER\.m2\repository\org\jetbrains\kotlin\kotlin-stdlib\1.6.0\kotlin-stdlib-1.6.0.jar;C:\Users\USER\.m2\repository\org\jetbrains\annotations\13.0\annotations-13.0.jar;C:\Users\USER\.m2\repository\org\jetbrains\kotlin\kotlin-stdlib-common\1.6.0\kotlin-stdlib-common-1.6.0.jar;C:\Users\USER\.m2\repository\org\junit\platform\junit-platform-launcher\1.8.1\junit-platform-launcher-1.8.1.jar;C:\Users\USER\.m2\repository\org\junit\platform\junit-platform-engine\1.8.1\junit-platform-engine-1.8.1.jar;C:\Users\USER\.m2\repository\org\opentest4j\opentest4j\1.2.0\opentest4j-1.2.0.jar;C:\Users\USER\.m2\repository\org\junit\platform\junit-platform-commons\1.8.1\junit-platform-commons-1.8.1.jar;C:\Users\USER\.m2\repository\org\apiguardian\apiguardian-api\1.1.2\apiguardian-api-1.1.2.jar;C:\Users\USER\.m2\repository\org\junit\jupiter\junit-jupiter-engine\5.8.2\junit-jupiter-engine-5.8.2.jar;C:\Users\USER\.m2\repository\org\junit\jupiter\junit-jupiter-api\5.8.2\junit-jupiter-api-5.8.2.jar;C:\Users\USER\.m2\repository\org\junit\vintage\junit-vintage-engine\5.8.2\junit-vintage-engine-5.8.2.jar;C:\Users\USER\.m2\repository\junit\junit\4.13.2\junit-4.13.2.jar;C:\Users\USER\.m2\repository\org\hamcrest\hamcrest-core\1.3\hamcrest-core-1.3.jar;C:\Users\USER\.m2\repository\ch\qos\logback\logback-classic\1.2.10\logback-classic-1.2.10.jar;C:\Users\USER\.m2\repository\ch\qos\logback\logback-core\1.2.10\logback-core-1.2.10.jar;C:\Users\USER\.m2\repository\org\slf4j\slf4j-api\1.7.32\slf4j-api-1.7.32.jar;C:\Users\USER\.m2\repository\org\assertj\assertj-core\3.6.2\assertj-core-3.6.2.jar;C:\Users\USER\.m2\repository\com\googlecode\json-simple\json-simple\1.1.1\json-simple-1.1.1.jar;C:\Users\USER\.m2\repository\org\apache\maven\surefire\surefire-junit-platform\3.0.0-M5\surefire-junit-platform-3.0.0-M5.jar;C:\Users\USER\.m2\repository\org\apache\maven\surefire\common-java5\3.0.0-M5\common-java5-3.0.0-M5.jar"/>
    <property name="user.script" value=""/>
    <property name="java.protocol.handler.pkgs" value="com.google.common"/>
    <property name="sun.management.compiler" value="HotSpot 64-Bit Tiered Compilers"/>
    <property name="java.runtime.version" value="15.0.2+7-27"/>
    <property name="user.name" value="USER"/>
    <property name="path.separator" value=";"/>
    <property name="os.version" value="6.3"/>
    <property name="java.runtime.name" value="Java(TM) SE Runtime Environment"/>
    <property name="file.encoding" value="Cp1252"/>
    <property name="webdriver.base.url" value=""/>
    <property name="java.vm.name" value="Java HotSpot(TM) 64-Bit Server VM"/>
    <property name="localRepository" value="C:\Users\USER\.m2\repository"/>
    <property name="java.vendor.url.bug" value="https://bugreport.java.com/bugreport/"/>
    <property name="java.io.tmpdir" value="C:\Users\USER\AppData\Local\Temp\"/>
    <property name="java.version" value="15.0.2"/>
    <property name="user.dir" value="E:\My Documents\File Difa\TI Semester 6 Kampus Merdeka Alterra\Tugas\CAPSTONE Project\Capstone-Project-Website"/>
    <property name="os.arch" value="amd64"/>
    <property name="java.vm.specification.name" value="Java Virtual Machine Specification"/>
    <property name="sun.os.patch.level" value=""/>
    <property name="java.library.path" value="C:\Program Files\Java\jdk-15.0.2\bin;C:\Windows\Sun\Java\bin;C:\Windows\system32;C:\Windows;C:\Program Files\Git\mingw64\bin;C:\Program Files\Git\usr\bin;C:\Users\USER\bin;C:\Program Files\Common Files\Oracle\Java\javapath;C:\Windows\system32;C:\Windows;C:\Windows\System32\Wbem;C:\Windows\System32\WindowsPowerShell\v1.0;C:\Program Files\nodejs;C:\Program Files\Java\jdk-15.0.2\bin;C:\apache-jmeter-5.4.3\bin;C:\Program Files\apache-maven-3.8.5\bin;C:\Users\USER\AppData\Local\Android\Sdk\platform-tools;C:\Users\USER\AppData\Local\Android\Sdk\tools\bin;C:\Program Files\Git\cmd;C:\Users\USER\AppData\Local\Programs\Microsoft VS Code\bin;C:\Program Files\JetBrains\IntelliJ IDEA Community Edition 2022.1\bin;C:\Users\USER\AppData\Roaming\npm;."/>
    <property name="java.vm.info" value="mixed mode"/>
    <property name="java.vendor" value="Oracle Corporation"/>
    <property name="java.vm.version" value="15.0.2+7-27"/>
    <property name="sun.io.unicode.encoding" value="UnicodeLittle"/>
    <property name="java.class.version" value="59.0"/>
  </properties>
  <testcase name="Create New Appointment With Registered Patient Scenario" classname="Appointment" time="64.372">
    <system-out><![CDATA[17:38:56.373 [main] INFO io.cucumber.core.plugin.SerenityReporter - Running feature from file:///E:/My%20Documents/File%20Difa/TI%20Semester%206%20Kampus%20Merdeka%20Alterra/Tugas/CAPSTONE%20Project/Capstone-Project-Website/src/test/resources/features/1.Appointment.feature
17:38:56.744 [main] INFO  - 

-------------------------------------------------------------------------------------
     _______. _______ .______       _______ .__   __.  __  .___________.____    ____ 
    /       ||   ____||   _  \     |   ____||  \ |  | |  | |           |\   \  /   / 
   |   (----`|  |__   |  |_)  |    |  |__   |   \|  | |  | `---|  |----` \   \/   /  
    \   \    |   __|  |      /     |   __|  |  . `  | |  |     |  |       \_    _/   
.----)   |   |  |____ |  |\  \----.|  |____ |  |\   | |  |     |  |         |  |     
|_______/    |_______|| _| `._____||_______||__| \__| |__|     |__|         |__|    
                                                                                     
 News and tutorials at http://www.serenity-bdd.info                                  
 Documentation at https://wakaleo.gitbooks.io/the-serenity-book/content/             
 Join the Serenity Community on Gitter: https://gitter.im/serenity-bdd/serenity-core 
 Serenity BDD Support and Training at http://serenity-bdd.info/#/trainingandsupport  
-------------------------------------------------------------------------------------

17:38:56.750 [main] DEBUG net.thucydides.core.steps.StepEventBus - Test suite started for story net.thucydides.core.model.Story@4ac93a8b
17:38:56.759 [main] INFO  - Test Suite Started: Appointment
17:38:56.818 [main] INFO io.cucumber.core.plugin.SerenityReporter - Running feature from file:///E:/My%20Documents/File%20Difa/TI%20Semester%206%20Kampus%20Merdeka%20Alterra/Tugas/CAPSTONE%20Project/Capstone-Project-Website/src/test/resources/features/2.Patient.feature
17:38:56.834 [main] DEBUG net.thucydides.core.steps.StepEventBus - Test suite started for story net.thucydides.core.model.Story@ccc708cc
17:38:56.835 [main] INFO  - Test Suite Started: Patient
17:38:56.836 [main] INFO io.cucumber.core.plugin.SerenityReporter - Running feature from file:///E:/My%20Documents/File%20Difa/TI%20Semester%206%20Kampus%20Merdeka%20Alterra/Tugas/CAPSTONE%20Project/Capstone-Project-Website/src/test/resources/features/3.Doctor.feature
17:38:56.852 [main] DEBUG net.thucydides.core.steps.StepEventBus - Test suite started for story net.thucydides.core.model.Story@bff63723
17:38:56.853 [main] INFO  - Test Suite Started: Doctor
17:38:56.855 [main] INFO io.cucumber.core.plugin.SerenityReporter - Running feature from file:///E:/My%20Documents/File%20Difa/TI%20Semester%206%20Kampus%20Merdeka%20Alterra/Tugas/CAPSTONE%20Project/Capstone-Project-Website/src/test/resources/features/1.Appointment.feature
17:38:56.861 [main] DEBUG net.thucydides.core.steps.StepEventBus - Test suite started for story net.thucydides.core.model.Story@4ac93a8b
17:38:56.862 [main] INFO  - Test Suite Started: Appointment

@Appointment @CreateRegisAppointment
Scenario: Create New Appointment With Registered Patient Scenario &amp#27;[90m# src/test/resources/features/1.Appointment.feature:8&amp#27;[0m
17:38:57.114 [main] INFO io.cucumber.core.plugin.SerenityReporter - Running feature from file:///E:/My%20Documents/File%20Difa/TI%20Semester%206%20Kampus%20Merdeka%20Alterra/Tugas/CAPSTONE%20Project/Capstone-Project-Website/src/test/resources/features/1.Appointment.feature
17:38:57.553 [main] INFO  - 
  _____   ___   ___   _____     ___   _____     _     ___   _____   ___   ___  
 |_   _| | __| / __| |_   _|   / __| |_   _|   /_\   | _ \ |_   _| | __| |   \ 
   | |   | _|  \__ \   | |     \__ \   | |    / _ \  |   /   | |   | _|  | |) |
   |_|   |___| |___/   |_|     |___/   |_|   /_/ \_\ |_|_\   |_|   |___| |___/ 

Create New Appointment With Registered Patient Scenario(appointment;create-new-appointment-with-registered-patient-scenario)
--------------------------------------------------------------------------------
17:38:59.148 [main] DEBUG net.thucydides.core.steps.StepInterceptor - STARTING STEP: DashboardSteps.iAmOnTheDashboardPage - openUrl
17:38:59.221 [main] INFO net.serenitybdd.core.webdriver.driverproviders.ChromeDriverProvider - Using automatically driver download
17:39:00.726 [main] DEBUG io.github.bonigarcia.wdm.cache.ResolutionCache - Resolution chrome=102 in cache (valid until 18:14:23 18/06/2022 ICT)
17:39:00.738 [main] DEBUG io.github.bonigarcia.wdm.cache.ResolutionCache - Resolution chrome102=102.0.5005.61 in cache (valid until 17:29:52 19/06/2022 ICT)
17:39:00.744 [main] INFO io.github.bonigarcia.wdm.WebDriverManager - Using chromedriver 102.0.5005.61 (resolved driver for Chrome 102)
17:39:00.776 [main] DEBUG io.github.bonigarcia.wdm.WebDriverManager - Driver chromedriver 102.0.5005.61 found in cache
17:39:00.778 [main] INFO io.github.bonigarcia.wdm.WebDriverManager - Exporting webdriver.chrome.driver as C:\Users\USER\.cache\selenium\chromedriver\win32\102.0.5005.61\chromedriver.exe
17:39:01.928 [main] DEBUG net.thucydides.core.reflection.ClassFinder - Could not load class .CucumberTestSuite
17:39:01.928 [main] DEBUG net.thucydides.core.reflection.ClassFinder - Could not load class .Utils.General
17:39:01.928 [main] DEBUG net.thucydides.core.reflection.ClassFinder - Could not load class .starter.pages.AppointmentPage
17:39:01.928 [main] DEBUG net.thucydides.core.reflection.ClassFinder - Could not load class .starter.pages.DashboardPage
17:39:01.928 [main] DEBUG net.thucydides.core.reflection.ClassFinder - Could not load class .starter.pages.DoctorPage
17:39:01.928 [main] DEBUG net.thucydides.core.reflection.ClassFinder - Could not load class .starter.pages.PatientPage
17:39:01.928 [main] DEBUG net.thucydides.core.reflection.ClassFinder - Could not load class .starter.stepdefinitions.AppointmentSteps
17:39:01.929 [main] DEBUG net.thucydides.core.reflection.ClassFinder - Could not load class .starter.stepdefinitions.DashboardSteps
17:39:01.929 [main] DEBUG net.thucydides.core.reflection.ClassFinder - Could not load class .starter.stepdefinitions.DoctorSteps
17:39:01.929 [main] DEBUG net.thucydides.core.reflection.ClassFinder - Could not load class .starter.stepdefinitions.PatientSteps
17:39:01.930 [main] DEBUG net.thucydides.core.reflection.ClassFinder - Could not load class META-INF.versions.9.com.sun.istack.logging.StackHelper
17:39:01.930 [main] DEBUG net.thucydides.core.reflection.ClassFinder - Could not load class META-INF.versions.9.com.sun.xml.bind.v2.runtime.reflect.opt.AccessorInjector
17:39:01.930 [main] DEBUG net.thucydides.core.reflection.ClassFinder - Could not load class META-INF.versions.9.com.sun.xml.bind.v2.runtime.reflect.opt.Injector
17:39:01.931 [main] DEBUG net.thucydides.core.reflection.ClassFinder - Could not load class META-INF.versions.9.com.sun.xml.bind.v2.runtime.reflect.opt.OptimizedAccessorFactory
17:39:01.931 [main] DEBUG net.thucydides.core.reflection.ClassFinder - Could not load class META-INF.versions.9.com.sun.xml.bind.v2.runtime.reflect.opt.OptimizedTransducedAccessorFactory
17:39:01.932 [main] DEBUG net.thucydides.core.reflection.ClassFinder - Could not load class META-INF.versions.9.io.opentelemetry.sdk.internal.CurrentJavaVersionSpecific
17:39:01.932 [main] DEBUG net.thucydides.core.reflection.ClassFinder - Could not load class META-INF.versions.9.io.opentelemetry.sdk.internal.Java9VersionSpecific
17:39:01.933 [main] DEBUG net.thucydides.core.reflection.ClassFinder - Could not load class META-INF.versions.9.javax.xml.bind.ModuleUtil
17:39:01.940 [main] DEBUG net.thucydides.core.reflection.ClassFinder - Could not load class META-INF.versions.9.module-info
17:39:01.940 [main] DEBUG net.thucydides.core.reflection.ClassFinder - Could not load class META-INF.versions.9.org.junit.platform.commons.util.ModuleUtils
17:39:02.387 [main] DEBUG net.thucydides.core.reflection.ClassFinder - Could not load class com.google.gson.internal.
17:39:02.681 [main] DEBUG net.thucydides.core.reflection.ClassFinder - Could not load class com.sun.xml.bind.v2.runtime.output.FastInfosetStreamWriterOutput
17:39:03.416 [main] DEBUG net.thucydides.core.reflection.ClassFinder - Could not load class module-info
17:39:07.818 [main] DEBUG io.netty.util.internal.logging.InternalLoggerFactory - Using SLF4J as the default logging framework
17:39:07.822 [main] DEBUG io.netty.util.ResourceLeakDetector - -Dio.netty.leakDetection.level: simple
17:39:07.822 [main] DEBUG io.netty.util.ResourceLeakDetector - -Dio.netty.leakDetection.targetRecords: 4
17:39:07.827 [main] DEBUG io.netty.util.ResourceLeakDetectorFactory - Loaded default ResourceLeakDetector: io.netty.util.ResourceLeakDetector@71878833
17:39:07.860 [main] DEBUG io.netty.util.internal.PlatformDependent0 - -Dio.netty.noUnsafe: false
17:39:07.860 [main] DEBUG io.netty.util.internal.PlatformDependent0 - Java version: 15
17:39:07.861 [main] DEBUG io.netty.util.internal.PlatformDependent0 - sun.misc.Unsafe.theUnsafe: available
17:39:07.862 [main] DEBUG io.netty.util.internal.PlatformDependent0 - sun.misc.Unsafe.copyMemory: available
17:39:07.863 [main] DEBUG io.netty.util.internal.PlatformDependent0 - java.nio.Buffer.address: available
17:39:07.864 [main] DEBUG io.netty.util.internal.PlatformDependent0 - direct buffer constructor: unavailable: Reflective setAccessible(true) disabled
17:39:07.865 [main] DEBUG io.netty.util.internal.PlatformDependent0 - java.nio.Bits.unaligned: available, true
17:39:07.867 [main] DEBUG io.netty.util.internal.PlatformDependent0 - jdk.internal.misc.Unsafe.allocateUninitializedArray(int): unavailable: class io.netty.util.internal.PlatformDependent0$6 cannot access class jdk.internal.misc.Unsafe (in module java.base) because module java.base does not export jdk.internal.misc to unnamed module @e3cee7b
17:39:07.870 [main] DEBUG io.netty.util.internal.PlatformDependent0 - java.nio.DirectByteBuffer.<init>(long, int): unavailable
17:39:07.870 [main] DEBUG io.netty.util.internal.PlatformDependent - sun.misc.Unsafe: available
17:39:07.877 [main] DEBUG io.netty.util.internal.PlatformDependent - maxDirectMemory: 1050673152 bytes (maybe)
17:39:07.877 [main] DEBUG io.netty.util.internal.PlatformDependent - -Dio.netty.tmpdir: C:\Users\USER\AppData\Local\Temp (java.io.tmpdir)
17:39:07.878 [main] DEBUG io.netty.util.internal.PlatformDependent - -Dio.netty.bitMode: 64 (sun.arch.data.model)
17:39:07.878 [main] DEBUG io.netty.util.internal.PlatformDependent - Platform: Windows
17:39:07.879 [main] DEBUG io.netty.util.internal.PlatformDependent - -Dio.netty.maxDirectMemory: -1 bytes
17:39:07.880 [main] DEBUG io.netty.util.internal.PlatformDependent - -Dio.netty.uninitializedArrayAllocationThreshold: -1
17:39:07.881 [main] DEBUG io.netty.util.internal.CleanerJava9 - java.nio.ByteBuffer.cleaner(): available
17:39:07.882 [main] DEBUG io.netty.util.internal.PlatformDependent - -Dio.netty.noPreferDirect: false
17:39:07.894 [main] DEBUG io.netty.util.internal.PlatformDependent - org.jctools-core.MpscChunkedArrayQueue: available
17:39:07.919 [main] DEBUG io.netty.util.internal.InternalThreadLocalMap - -Dio.netty.threadLocalMap.stringBuilder.initialSize: 1024
17:39:07.919 [main] DEBUG io.netty.util.internal.InternalThreadLocalMap - -Dio.netty.threadLocalMap.stringBuilder.maxSize: 4096
17:39:08.154 [main] DEBUG io.netty.handler.ssl.JdkSslContext - Default protocols (JDK): [TLSv1.3, TLSv1.2, TLSv1.1, TLSv1] 
17:39:08.154 [main] DEBUG io.netty.handler.ssl.JdkSslContext - Default cipher suites (JDK): [TLS_ECDHE_ECDSA_WITH_AES_256_GCM_SHA384, TLS_ECDHE_ECDSA_WITH_AES_128_GCM_SHA256, TLS_ECDHE_RSA_WITH_AES_128_GCM_SHA256, TLS_ECDHE_RSA_WITH_AES_256_GCM_SHA384, TLS_ECDHE_RSA_WITH_AES_128_CBC_SHA, TLS_ECDHE_RSA_WITH_AES_256_CBC_SHA, TLS_RSA_WITH_AES_128_GCM_SHA256, TLS_RSA_WITH_AES_128_CBC_SHA, TLS_RSA_WITH_AES_256_CBC_SHA, TLS_AES_128_GCM_SHA256, TLS_AES_256_GCM_SHA384]
17:39:08.193 [main] DEBUG io.netty.channel.MultithreadEventLoopGroup - -Dio.netty.eventLoopThreads: 8
17:39:08.210 [main] DEBUG io.netty.channel.nio.NioEventLoop - -Dio.netty.noKeySetOptimization: false
17:39:08.210 [main] DEBUG io.netty.channel.nio.NioEventLoop - -Dio.netty.selectorAutoRebuildThreshold: 512
17:39:08.296 [main] DEBUG io.netty.buffer.PooledByteBufAllocator - -Dio.netty.allocator.numHeapArenas: 8
17:39:08.296 [main] DEBUG io.netty.buffer.PooledByteBufAllocator - -Dio.netty.allocator.numDirectArenas: 8
17:39:08.296 [main] DEBUG io.netty.buffer.PooledByteBufAllocator - -Dio.netty.allocator.pageSize: 8192
17:39:08.296 [main] DEBUG io.netty.buffer.PooledByteBufAllocator - -Dio.netty.allocator.maxOrder: 11
17:39:08.296 [main] DEBUG io.netty.buffer.PooledByteBufAllocator - -Dio.netty.allocator.chunkSize: 16777216
17:39:08.296 [main] DEBUG io.netty.buffer.PooledByteBufAllocator - -Dio.netty.allocator.smallCacheSize: 256
17:39:08.296 [main] DEBUG io.netty.buffer.PooledByteBufAllocator - -Dio.netty.allocator.normalCacheSize: 64
17:39:08.297 [main] DEBUG io.netty.buffer.PooledByteBufAllocator - -Dio.netty.allocator.maxCachedBufferCapacity: 32768
17:39:08.297 [main] DEBUG io.netty.buffer.PooledByteBufAllocator - -Dio.netty.allocator.cacheTrimInterval: 8192
17:39:08.297 [main] DEBUG io.netty.buffer.PooledByteBufAllocator - -Dio.netty.allocator.cacheTrimIntervalMillis: 0
17:39:08.297 [main] DEBUG io.netty.buffer.PooledByteBufAllocator - -Dio.netty.allocator.useCacheForAllThreads: true
17:39:08.297 [main] DEBUG io.netty.buffer.PooledByteBufAllocator - -Dio.netty.allocator.maxCachedByteBuffersPerChunk: 1023
17:39:08.312 [main] DEBUG io.netty.buffer.ByteBufUtil - -Dio.netty.allocator.type: pooled
17:39:08.312 [main] DEBUG io.netty.buffer.ByteBufUtil - -Dio.netty.threadLocalDirectBufferSize: 0
17:39:08.312 [main] DEBUG io.netty.buffer.ByteBufUtil - -Dio.netty.maxThreadLocalCharBufferSize: 16384
17:39:08.625 [main] DEBUG net.serenitybdd.core.webdriver.driverproviders.ProvideNewDriver - Instantiating driver
17:39:08.625 [main] DEBUG net.serenitybdd.core.webdriver.driverproviders.ProvideNewDriver - Driver capabilities: Capabilities {acceptInsecureCerts: false, base.url: https://hospital-management..., browserName: chrome, chrome.driver: src/test/resources/webdrive..., driver: chrome, goog:chromeOptions: {args: [], extensions: []}}
17:39:09.678 [Forwarding newSession on session null to remote] DEBUG io.netty.channel.DefaultChannelId - -Dio.netty.processId: 7092 (auto-detected)
17:39:09.685 [Forwarding newSession on session null to remote] DEBUG io.netty.util.NetUtil - -Djava.net.preferIPv4Stack: false
17:39:09.686 [Forwarding newSession on session null to remote] DEBUG io.netty.util.NetUtil - -Djava.net.preferIPv6Addresses: false
17:39:09.709 [Forwarding newSession on session null to remote] DEBUG io.netty.util.NetUtilInitializations - Loopback interface: lo (Software Loopback Interface 1, 127.0.0.1)
17:39:09.711 [Forwarding newSession on session null to remote] DEBUG io.netty.util.NetUtil - Failed to get SOMAXCONN from sysctl and file \proc\sys\net\core\somaxconn. Default: 200
17:39:09.745 [Forwarding newSession on session null to remote] DEBUG io.netty.channel.DefaultChannelId - -Dio.netty.machineId: 00:00:00:00:00:00:00:e0 (auto-detected)
17:39:09.814 [AsyncHttpClient-1-2] DEBUG io.netty.buffer.AbstractByteBuf - -Dio.netty.buffer.checkAccessible: true
17:39:09.814 [AsyncHttpClient-1-2] DEBUG io.netty.buffer.AbstractByteBuf - -Dio.netty.buffer.checkBounds: true
17:39:09.814 [AsyncHttpClient-1-2] DEBUG io.netty.util.ResourceLeakDetectorFactory - Loaded default ResourceLeakDetector: io.netty.util.ResourceLeakDetector@6e390749
17:39:09.828 [AsyncHttpClient-1-2] DEBUG org.asynchttpclient.netty.channel.NettyConnectListener - Using new Channel '[id: 0x65a370a9, L:/127.0.0.1:57077 - R:localhost/127.0.0.1:61706]' for 'POST' to '/session'
17:39:09.863 [AsyncHttpClient-1-2] DEBUG io.netty.util.Recycler - -Dio.netty.recycler.maxCapacityPerThread: 4096
17:39:09.863 [AsyncHttpClient-1-2] DEBUG io.netty.util.Recycler - -Dio.netty.recycler.ratio: 8
17:39:09.863 [AsyncHttpClient-1-2] DEBUG io.netty.util.Recycler - -Dio.netty.recycler.chunkSize: 32
17:39:09.863 [AsyncHttpClient-1-2] DEBUG io.netty.util.Recycler - -Dio.netty.recycler.blocking: false
17:39:37.791 [AsyncHttpClient-1-2] DEBUG io.netty.handler.codec.compression.Brotli - brotli4j not in the classpath; Brotli support will be unavailable.
17:39:37.791 [AsyncHttpClient-1-2] DEBUG org.asynchttpclient.netty.handler.HttpHandler - 

Request DefaultHttpRequest(decodeResult: success, version: HTTP/1.1)
POST /session HTTP/1.1
User-Agent: selenium/4.1.2 (java windows)
Content-Length: 621
Content-Type: application/json; charset=utf-8
host: localhost:61706
accept: */*

Response DefaultHttpResponse(decodeResult: success, version: HTTP/1.1)
HTTP/1.1 200 OK
Content-Type: application/json; charset=utf-8
cache-control: no-cache
content-length: 789

17:39:37.905 [AsyncHttpClient-1-2] DEBUG org.asynchttpclient.netty.channel.ChannelManager - Adding key: http://localhost:61706 for channel [id: 0x65a370a9, L:/127.0.0.1:57077 - R:localhost/127.0.0.1:61706]
17:39:38.246 [AsyncHttpClient-1-3] DEBUG org.asynchttpclient.netty.channel.NettyConnectListener - Using new Channel '[id: 0xd619d75c, L:/127.0.0.1:57108 - R:localhost/127.0.0.1:57080]' for 'GET' to '/json/version'
17:39:38.261 [AsyncHttpClient-1-3] DEBUG org.asynchttpclient.netty.handler.HttpHandler - 

Request DefaultFullHttpRequest(decodeResult: success, version: HTTP/1.1, content: EmptyByteBufBE)
GET /json/version HTTP/1.1
User-Agent: selenium/4.1.2 (java windows)
host: localhost:57080
accept: */*

Response DefaultHttpResponse(decodeResult: success, version: HTTP/1.1)
HTTP/1.1 200 OK
Content-Type: application/json; charset=UTF-8
content-length: 427

17:39:38.262 [AsyncHttpClient-1-3] DEBUG org.asynchttpclient.netty.channel.ChannelManager - Adding key: http://localhost:57080 for channel [id: 0xd619d75c, L:/127.0.0.1:57108 - R:localhost/127.0.0.1:57080]
17:39:38.281 [main] DEBUG io.netty.util.internal.ThreadLocalRandom - -Dio.netty.initialSeedUniquifier: 0xd5a8c8e7e0e69504
17:39:38.287 [AsyncHttpClient-1-4] DEBUG org.asynchttpclient.netty.channel.NettyConnectListener - Using new Channel '[id: 0xb45e83f7, L:/127.0.0.1:57109 - R:localhost/127.0.0.1:57080]' for 'GET' to '/devtools/browser/4d7e9aaf-f4d4-4b4e-a019-fed8f77be973'
17:39:38.302 [AsyncHttpClient-1-4] DEBUG org.asynchttpclient.netty.handler.WebSocketHandler - 

Request DefaultFullHttpRequest(decodeResult: success, version: HTTP/1.1, content: EmptyByteBufBE)
GET /devtools/browser/4d7e9aaf-f4d4-4b4e-a019-fed8f77be973 HTTP/1.1
upgrade: websocket
connection: upgrade
sec-websocket-key: 1wOsdwSfrO4qnoVhx5CysA==
sec-websocket-version: 13
origin: http://localhost:57080
host: localhost:57080
accept: */*
user-agent: AHC/2.1

Response DefaultHttpResponse(decodeResult: success, version: HTTP/1.1)
HTTP/1.1 101 WebSocket Protocol Handshake
Upgrade: WebSocket
Connection: Upgrade
Sec-WebSocket-Accept: aWnKqwY9V+aZuPV9HvLmL/sR9sw=

17:39:38.580 [Forwarding maximizeCurrentWindow on session 2b7bb58503f43a2b3520c53fb7ffa171 to remote] DEBUG org.asynchttpclient.netty.request.NettyRequestSender - Using pooled Channel '[id: 0x65a370a9, L:/127.0.0.1:57077 - R:localhost/127.0.0.1:61706]' for 'POST' to 'http://localhost:61706/session/2b7bb58503f43a2b3520c53fb7ffa171/window/maximize'
17:39:38.581 [Forwarding maximizeCurrentWindow on session 2b7bb58503f43a2b3520c53fb7ffa171 to remote] DEBUG org.asynchttpclient.netty.request.NettyRequestSender - Using open Channel [id: 0x65a370a9, L:/127.0.0.1:57077 - R:localhost/127.0.0.1:61706] for POST '/session/2b7bb58503f43a2b3520c53fb7ffa171/window/maximize'
17:39:38.700 [AsyncHttpClient-1-2] DEBUG org.asynchttpclient.netty.handler.HttpHandler - 

Request DefaultHttpRequest(decodeResult: success, version: HTTP/1.1)
POST /session/2b7bb58503f43a2b3520c53fb7ffa171/window/maximize HTTP/1.1
User-Agent: selenium/4.1.2 (java windows)
Content-Length: 3
Content-Type: application/json; charset=utf-8
host: localhost:61706
accept: */*

Response DefaultHttpResponse(decodeResult: success, version: HTTP/1.1)
HTTP/1.1 200 OK
Content-Type: application/json; charset=utf-8
cache-control: no-cache
content-length: 51

17:39:38.701 [AsyncHttpClient-1-2] DEBUG org.asynchttpclient.netty.channel.ChannelManager - Adding key: http://localhost:61706 for channel [id: 0x65a370a9, L:/127.0.0.1:57077 - R:localhost/127.0.0.1:61706]
17:39:38.901 [AsyncHttpClient-1-1] DEBUG org.asynchttpclient.netty.channel.DefaultChannelPool - Entry count for : http://localhost:61706 : 1
17:39:38.902 [AsyncHttpClient-1-1] DEBUG org.asynchttpclient.netty.channel.DefaultChannelPool - Entry count for : http://localhost:57080 : 1
17:39:39.849 [main] DEBUG net.thucydides.core.reflection.ClassFinder - Could not load class .CucumberTestSuite
17:39:39.849 [main] DEBUG net.thucydides.core.reflection.ClassFinder - Could not load class .Utils.General
17:39:39.850 [main] DEBUG net.thucydides.core.reflection.ClassFinder - Could not load class .starter.pages.AppointmentPage
17:39:39.850 [main] DEBUG net.thucydides.core.reflection.ClassFinder - Could not load class .starter.pages.DashboardPage
17:39:39.850 [main] DEBUG net.thucydides.core.reflection.ClassFinder - Could not load class .starter.pages.DoctorPage
17:39:39.850 [main] DEBUG net.thucydides.core.reflection.ClassFinder - Could not load class .starter.pages.PatientPage
17:39:39.850 [main] DEBUG net.thucydides.core.reflection.ClassFinder - Could not load class .starter.stepdefinitions.AppointmentSteps
17:39:39.850 [main] DEBUG net.thucydides.core.reflection.ClassFinder - Could not load class .starter.stepdefinitions.DashboardSteps
17:39:39.850 [main] DEBUG net.thucydides.core.reflection.ClassFinder - Could not load class .starter.stepdefinitions.DoctorSteps
17:39:39.850 [main] DEBUG net.thucydides.core.reflection.ClassFinder - Could not load class .starter.stepdefinitions.PatientSteps
17:39:39.851 [main] DEBUG net.thucydides.core.reflection.ClassFinder - Could not load class META-INF.versions.9.com.sun.istack.logging.StackHelper
17:39:39.851 [main] DEBUG net.thucydides.core.reflection.ClassFinder - Could not load class META-INF.versions.9.com.sun.xml.bind.v2.runtime.reflect.opt.AccessorInjector
17:39:39.852 [main] DEBUG net.thucydides.core.reflection.ClassFinder - Could not load class META-INF.versions.9.com.sun.xml.bind.v2.runtime.reflect.opt.Injector
17:39:39.852 [main] DEBUG net.thucydides.core.reflection.ClassFinder - Could not load class META-INF.versions.9.com.sun.xml.bind.v2.runtime.reflect.opt.OptimizedAccessorFactory
17:39:39.853 [main] DEBUG net.thucydides.core.reflection.ClassFinder - Could not load class META-INF.versions.9.com.sun.xml.bind.v2.runtime.reflect.opt.OptimizedTransducedAccessorFactory
17:39:39.853 [main] DEBUG net.thucydides.core.reflection.ClassFinder - Could not load class META-INF.versions.9.io.opentelemetry.sdk.internal.CurrentJavaVersionSpecific
17:39:39.853 [main] DEBUG net.thucydides.core.reflection.ClassFinder - Could not load class META-INF.versions.9.io.opentelemetry.sdk.internal.Java9VersionSpecific
17:39:39.854 [main] DEBUG net.thucydides.core.reflection.ClassFinder - Could not load class META-INF.versions.9.javax.xml.bind.ModuleUtil
17:39:39.854 [main] DEBUG net.thucydides.core.reflection.ClassFinder - Could not load class META-INF.versions.9.module-info
17:39:39.855 [main] DEBUG net.thucydides.core.reflection.ClassFinder - Could not load class META-INF.versions.9.org.junit.platform.commons.util.ModuleUtils
17:39:39.859 [main] DEBUG net.thucydides.core.reflection.ClassFinder - Could not load class com.google.gson.internal.
17:39:39.861 [main] DEBUG net.thucydides.core.reflection.ClassFinder - Could not load class com.sun.xml.bind.v2.runtime.output.FastInfosetStreamWriterOutput
17:39:39.865 [main] DEBUG net.thucydides.core.reflection.ClassFinder - Could not load class module-info
17:39:39.904 [Forwarding get on session 2b7bb58503f43a2b3520c53fb7ffa171 to remote] DEBUG org.asynchttpclient.netty.request.NettyRequestSender - Using pooled Channel '[id: 0x65a370a9, L:/127.0.0.1:57077 - R:localhost/127.0.0.1:61706]' for 'POST' to 'http://localhost:61706/session/2b7bb58503f43a2b3520c53fb7ffa171/url'
17:39:39.904 [Forwarding get on session 2b7bb58503f43a2b3520c53fb7ffa171 to remote] DEBUG org.asynchttpclient.netty.request.NettyRequestSender - Using open Channel [id: 0x65a370a9, L:/127.0.0.1:57077 - R:localhost/127.0.0.1:61706] for POST '/session/2b7bb58503f43a2b3520c53fb7ffa171/url'
17:39:40.002 [AsyncHttpClient-1-1] DEBUG org.asynchttpclient.netty.channel.DefaultChannelPool - Entry count for : http://localhost:57080 : 1
17:39:41.102 [AsyncHttpClient-1-1] DEBUG org.asynchttpclient.netty.channel.DefaultChannelPool - Entry count for : http://localhost:57080 : 1
17:39:42.201 [AsyncHttpClient-1-1] DEBUG org.asynchttpclient.netty.channel.DefaultChannelPool - Entry count for : http://localhost:57080 : 1
17:39:43.300 [AsyncHttpClient-1-1] DEBUG org.asynchttpclient.netty.channel.DefaultChannelPool - Entry count for : http://localhost:57080 : 1
17:39:43.581 [AsyncHttpClient-1-2] DEBUG org.asynchttpclient.netty.handler.HttpHandler - 

Request DefaultHttpRequest(decodeResult: success, version: HTTP/1.1)
POST /session/2b7bb58503f43a2b3520c53fb7ffa171/url HTTP/1.1
User-Agent: selenium/4.1.2 (java windows)
Content-Length: 65
Content-Type: application/json; charset=utf-8
host: localhost:61706
accept: */*

Response DefaultHttpResponse(decodeResult: success, version: HTTP/1.1)
HTTP/1.1 200 OK
Content-Type: application/json; charset=utf-8
cache-control: no-cache
content-length: 14

17:39:43.582 [AsyncHttpClient-1-2] DEBUG org.asynchttpclient.netty.channel.ChannelManager - Adding key: http://localhost:61706 for channel [id: 0x65a370a9, L:/127.0.0.1:57077 - R:localhost/127.0.0.1:61706]
17:39:43.595 [Forwarding setTimeout on session 2b7bb58503f43a2b3520c53fb7ffa171 to remote] DEBUG org.asynchttpclient.netty.request.NettyRequestSender - Using pooled Channel '[id: 0x65a370a9, L:/127.0.0.1:57077 - R:localhost/127.0.0.1:61706]' for 'POST' to 'http://localhost:61706/session/2b7bb58503f43a2b3520c53fb7ffa171/timeouts'
17:39:43.596 [Forwarding setTimeout on session 2b7bb58503f43a2b3520c53fb7ffa171 to remote] DEBUG org.asynchttpclient.netty.request.NettyRequestSender - Using open Channel [id: 0x65a370a9, L:/127.0.0.1:57077 - R:localhost/127.0.0.1:61706] for POST '/session/2b7bb58503f43a2b3520c53fb7ffa171/timeouts'
17:39:43.599 [AsyncHttpClient-1-2] DEBUG org.asynchttpclient.netty.handler.HttpHandler - 

Request DefaultHttpRequest(decodeResult: success, version: HTTP/1.1)
POST /session/2b7bb58503f43a2b3520c53fb7ffa171/timeouts HTTP/1.1
User-Agent: selenium/4.1.2 (java windows)
Content-Length: 22
Content-Type: application/json; charset=utf-8
host: localhost:61706
accept: */*

Response DefaultHttpResponse(decodeResult: success, version: HTTP/1.1)
HTTP/1.1 200 OK
Content-Type: application/json; charset=utf-8
cache-control: no-cache
content-length: 14

17:39:43.599 [AsyncHttpClient-1-2] DEBUG org.asynchttpclient.netty.channel.ChannelManager - Adding key: http://localhost:61706 for channel [id: 0x65a370a9, L:/127.0.0.1:57077 - R:localhost/127.0.0.1:61706]
17:39:43.611 [Forwarding getCurrentUrl on session 2b7bb58503f43a2b3520c53fb7ffa171 to remote] DEBUG org.asynchttpclient.netty.request.NettyRequestSender - Using pooled Channel '[id: 0x65a370a9, L:/127.0.0.1:57077 - R:localhost/127.0.0.1:61706]' for 'GET' to 'http://localhost:61706/session/2b7bb58503f43a2b3520c53fb7ffa171/url'
17:39:43.611 [Forwarding getCurrentUrl on session 2b7bb58503f43a2b3520c53fb7ffa171 to remote] DEBUG org.asynchttpclient.netty.request.NettyRequestSender - Using open Channel [id: 0x65a370a9, L:/127.0.0.1:57077 - R:localhost/127.0.0.1:61706] for GET '/session/2b7bb58503f43a2b3520c53fb7ffa171/url'
17:39:43.637 [AsyncHttpClient-1-2] DEBUG org.asynchttpclient.netty.handler.HttpHandler - 

Request DefaultFullHttpRequest(decodeResult: success, version: HTTP/1.1, content: EmptyByteBufBE)
GET /session/2b7bb58503f43a2b3520c53fb7ffa171/url HTTP/1.1
User-Agent: selenium/4.1.2 (java windows)
Cache-Control: no-cache
Content-Type: application/json; charset=utf-8
host: localhost:61706
accept: */*

Response DefaultHttpResponse(decodeResult: success, version: HTTP/1.1)
HTTP/1.1 200 OK
Content-Type: application/json; charset=utf-8
cache-control: no-cache
content-length: 53

17:39:43.638 [AsyncHttpClient-1-2] DEBUG org.asynchttpclient.netty.channel.ChannelManager - Adding key: http://localhost:61706 for channel [id: 0x65a370a9, L:/127.0.0.1:57077 - R:localhost/127.0.0.1:61706]
17:39:43.645 [Forwarding getCurrentUrl on session 2b7bb58503f43a2b3520c53fb7ffa171 to remote] DEBUG org.asynchttpclient.netty.request.NettyRequestSender - Using pooled Channel '[id: 0x65a370a9, L:/127.0.0.1:57077 - R:localhost/127.0.0.1:61706]' for 'GET' to 'http://localhost:61706/session/2b7bb58503f43a2b3520c53fb7ffa171/url'
17:39:43.646 [Forwarding getCurrentUrl on session 2b7bb58503f43a2b3520c53fb7ffa171 to remote] DEBUG org.asynchttpclient.netty.request.NettyRequestSender - Using open Channel [id: 0x65a370a9, L:/127.0.0.1:57077 - R:localhost/127.0.0.1:61706] for GET '/session/2b7bb58503f43a2b3520c53fb7ffa171/url'
17:39:43.650 [AsyncHttpClient-1-2] DEBUG org.asynchttpclient.netty.handler.HttpHandler - 

Request DefaultFullHttpRequest(decodeResult: success, version: HTTP/1.1, content: EmptyByteBufBE)
GET /session/2b7bb58503f43a2b3520c53fb7ffa171/url HTTP/1.1
User-Agent: selenium/4.1.2 (java windows)
Cache-Control: no-cache
Content-Type: application/json; charset=utf-8
host: localhost:61706
accept: */*

Response DefaultHttpResponse(decodeResult: success, version: HTTP/1.1)
HTTP/1.1 200 OK
Content-Type: application/json; charset=utf-8
cache-control: no-cache
content-length: 53

17:39:43.651 [AsyncHttpClient-1-2] DEBUG org.asynchttpclient.netty.channel.ChannelManager - Adding key: http://localhost:61706 for channel [id: 0x65a370a9, L:/127.0.0.1:57077 - R:localhost/127.0.0.1:61706]
17:39:43.732 [main] DEBUG net.serenitybdd.core.photography.Darkroom - Opening darkroom
17:39:43.745 [Forwarding screenshot on session 2b7bb58503f43a2b3520c53fb7ffa171 to remote] DEBUG org.asynchttpclient.netty.request.NettyRequestSender - Using pooled Channel '[id: 0x65a370a9, L:/127.0.0.1:57077 - R:localhost/127.0.0.1:61706]' for 'GET' to 'http://localhost:61706/session/2b7bb58503f43a2b3520c53fb7ffa171/screenshot'
17:39:43.745 [Forwarding screenshot on session 2b7bb58503f43a2b3520c53fb7ffa171 to remote] DEBUG org.asynchttpclient.netty.request.NettyRequestSender - Using open Channel [id: 0x65a370a9, L:/127.0.0.1:57077 - R:localhost/127.0.0.1:61706] for GET '/session/2b7bb58503f43a2b3520c53fb7ffa171/screenshot'
17:39:43.759 [Darkroom Processing Line] DEBUG net.serenitybdd.core.photography.DarkroomProcessingLine - Darkroom processing line starting up
17:39:44.130 [AsyncHttpClient-1-2] DEBUG org.asynchttpclient.netty.handler.HttpHandler - 

Request DefaultFullHttpRequest(decodeResult: success, version: HTTP/1.1, content: EmptyByteBufBE)
GET /session/2b7bb58503f43a2b3520c53fb7ffa171/screenshot HTTP/1.1
User-Agent: selenium/4.1.2 (java windows)
Cache-Control: no-cache
Content-Type: application/json; charset=utf-8
host: localhost:61706
accept: */*

Response DefaultHttpResponse(decodeResult: success, version: HTTP/1.1)
HTTP/1.1 200 OK
Content-Type: application/json; charset=utf-8
cache-control: no-cache
content-length: 382596

17:39:44.140 [AsyncHttpClient-1-2] DEBUG org.asynchttpclient.netty.channel.ChannelManager - Adding key: http://localhost:61706 for channel [id: 0x65a370a9, L:/127.0.0.1:57077 - R:localhost/127.0.0.1:61706]
17:39:44.400 [AsyncHttpClient-1-1] DEBUG org.asynchttpclient.netty.channel.DefaultChannelPool - Entry count for : http://localhost:61706 : 1
17:39:44.400 [AsyncHttpClient-1-1] DEBUG org.asynchttpclient.netty.channel.DefaultChannelPool - Entry count for : http://localhost:57080 : 1
17:39:44.688 [main] DEBUG net.serenitybdd.core.photography.Darkroom - Send negative for processing for target\site\serenity\ed15a54c91c342d96a850276df7b559f4526b370fc93040e3c407a48a170f368.png
17:39:44.689 [Darkroom Processing Line] DEBUG net.serenitybdd.core.photography.DarkroomProcessingLine - Processing screenshot image in /var/screenshots/screenshot-11994013026943581048
17:39:44.689 [Darkroom Processing Line] DEBUG net.serenitybdd.core.photography.DarkroomProcessingLine - Saving screenshot to target\site\serenity\ed15a54c91c342d96a850276df7b559f4526b370fc93040e3c407a48a170f368.png
17:39:44.713 [main] DEBUG net.thucydides.core.steps.StepInterceptor - STEP DONE: openUrl
17:39:44.734 [main] DEBUG net.thucydides.core.steps.StepInterceptor - STARTING STEP: DashboardSteps.iAmOnTheDashboardPage - validateOnDashboardPage
17:39:44.742 [Forwarding findElement on session 2b7bb58503f43a2b3520c53fb7ffa171 to remote] DEBUG org.asynchttpclient.netty.request.NettyRequestSender - Using pooled Channel '[id: 0x65a370a9, L:/127.0.0.1:57077 - R:localhost/127.0.0.1:61706]' for 'POST' to 'http://localhost:61706/session/2b7bb58503f43a2b3520c53fb7ffa171/element'
17:39:44.742 [Forwarding findElement on session 2b7bb58503f43a2b3520c53fb7ffa171 to remote] DEBUG org.asynchttpclient.netty.request.NettyRequestSender - Using open Channel [id: 0x65a370a9, L:/127.0.0.1:57077 - R:localhost/127.0.0.1:61706] for POST '/session/2b7bb58503f43a2b3520c53fb7ffa171/element'
17:39:44.845 [AsyncHttpClient-1-2] DEBUG org.asynchttpclient.netty.handler.HttpHandler - 

Request DefaultHttpRequest(decodeResult: success, version: HTTP/1.1)
POST /session/2b7bb58503f43a2b3520c53fb7ffa171/element HTTP/1.1
User-Agent: selenium/4.1.2 (java windows)
Content-Length: 81
Content-Type: application/json; charset=utf-8
host: localhost:61706
accept: */*

Response DefaultHttpResponse(decodeResult: success, version: HTTP/1.1)
HTTP/1.1 200 OK
Content-Type: application/json; charset=utf-8
cache-control: no-cache
content-length: 88

17:39:44.846 [AsyncHttpClient-1-2] DEBUG org.asynchttpclient.netty.channel.ChannelManager - Adding key: http://localhost:61706 for channel [id: 0x65a370a9, L:/127.0.0.1:57077 - R:localhost/127.0.0.1:61706]
17:39:44.861 [Forwarding isElementDisplayed on session 2b7bb58503f43a2b3520c53fb7ffa171 to remote] DEBUG org.asynchttpclient.netty.request.NettyRequestSender - Using pooled Channel '[id: 0x65a370a9, L:/127.0.0.1:57077 - R:localhost/127.0.0.1:61706]' for 'POST' to 'http://localhost:61706/session/2b7bb58503f43a2b3520c53fb7ffa171/execute/sync'
17:39:44.861 [Forwarding isElementDisplayed on session 2b7bb58503f43a2b3520c53fb7ffa171 to remote] DEBUG org.asynchttpclient.netty.request.NettyRequestSender - Using open Channel [id: 0x65a370a9, L:/127.0.0.1:57077 - R:localhost/127.0.0.1:61706] for POST '/session/2b7bb58503f43a2b3520c53fb7ffa171/execute/sync'
17:39:44.891 [AsyncHttpClient-1-2] DEBUG org.asynchttpclient.netty.handler.HttpHandler - 

Request DefaultHttpRequest(decodeResult: success, version: HTTP/1.1)
POST /session/2b7bb58503f43a2b3520c53fb7ffa171/execute/sync HTTP/1.1
User-Agent: selenium/4.1.2 (java windows)
Content-Length: 48780
Content-Type: application/json; charset=utf-8
host: localhost:61706
accept: */*

Response DefaultHttpResponse(decodeResult: success, version: HTTP/1.1)
HTTP/1.1 200 OK
Content-Type: application/json; charset=utf-8
cache-control: no-cache
content-length: 14

17:39:44.891 [AsyncHttpClient-1-2] DEBUG org.asynchttpclient.netty.channel.ChannelManager - Adding key: http://localhost:61706 for channel [id: 0x65a370a9, L:/127.0.0.1:57077 - R:localhost/127.0.0.1:61706]
17:39:44.905 [Forwarding screenshot on session 2b7bb58503f43a2b3520c53fb7ffa171 to remote] DEBUG org.asynchttpclient.netty.request.NettyRequestSender - Using pooled Channel '[id: 0x65a370a9, L:/127.0.0.1:57077 - R:localhost/127.0.0.1:61706]' for 'GET' to 'http://localhost:61706/session/2b7bb58503f43a2b3520c53fb7ffa171/screenshot'
17:39:44.905 [Forwarding screenshot on session 2b7bb58503f43a2b3520c53fb7ffa171 to remote] DEBUG org.asynchttpclient.netty.request.NettyRequestSender - Using open Channel [id: 0x65a370a9, L:/127.0.0.1:57077 - R:localhost/127.0.0.1:61706] for GET '/session/2b7bb58503f43a2b3520c53fb7ffa171/screenshot'
17:39:45.194 [AsyncHttpClient-1-2] DEBUG org.asynchttpclient.netty.handler.HttpHandler - 

Request DefaultFullHttpRequest(decodeResult: success, version: HTTP/1.1, content: EmptyByteBufBE)
GET /session/2b7bb58503f43a2b3520c53fb7ffa171/screenshot HTTP/1.1
User-Agent: selenium/4.1.2 (java windows)
Cache-Control: no-cache
Content-Type: application/json; charset=utf-8
host: localhost:61706
accept: */*

Response DefaultHttpResponse(decodeResult: success, version: HTTP/1.1)
HTTP/1.1 200 OK
Content-Type: application/json; charset=utf-8
cache-control: no-cache
content-length: 351816

17:39:45.201 [AsyncHttpClient-1-2] DEBUG org.asynchttpclient.netty.channel.ChannelManager - Adding key: http://localhost:61706 for channel [id: 0x65a370a9, L:/127.0.0.1:57077 - R:localhost/127.0.0.1:61706]
17:39:45.232 [main] DEBUG net.serenitybdd.core.photography.Darkroom - Send negative for processing for target\site\serenity\20277f1d76f1b925628464fcd1ece5de77a814679d1be3fdcf836a7ddadfed60.png
17:39:45.232 [main] DEBUG net.thucydides.core.steps.StepInterceptor - STEP DONE: validateOnDashboardPage
17:39:45.232 [Darkroom Processing Line] DEBUG net.serenitybdd.core.photography.DarkroomProcessingLine - Processing screenshot image in /var/screenshots/screenshot-8066831330742202904
17:39:45.234 [Darkroom Processing Line] DEBUG net.serenitybdd.core.photography.DarkroomProcessingLine - Saving screenshot to target\site\serenity\20277f1d76f1b925628464fcd1ece5de77a814679d1be3fdcf836a7ddadfed60.png
  &amp#27;[32mGiven &amp#27;[0m&amp#27;[32mI am on the dashboard page&amp#27;[0m                                &amp#27;[90m# starter.stepdefinitions.DashboardSteps.iAmOnTheDashboardPage()&amp#27;[0m
17:39:45.501 [AsyncHttpClient-1-1] DEBUG org.asynchttpclient.netty.channel.DefaultChannelPool - Entry count for : http://localhost:61706 : 1
17:39:45.501 [AsyncHttpClient-1-1] DEBUG org.asynchttpclient.netty.channel.DefaultChannelPool - Entry count for : http://localhost:57080 : 1
17:39:45.511 [Forwarding screenshot on session 2b7bb58503f43a2b3520c53fb7ffa171 to remote] DEBUG org.asynchttpclient.netty.request.NettyRequestSender - Using pooled Channel '[id: 0x65a370a9, L:/127.0.0.1:57077 - R:localhost/127.0.0.1:61706]' for 'GET' to 'http://localhost:61706/session/2b7bb58503f43a2b3520c53fb7ffa171/screenshot'
17:39:45.511 [Forwarding screenshot on session 2b7bb58503f43a2b3520c53fb7ffa171 to remote] DEBUG org.asynchttpclient.netty.request.NettyRequestSender - Using open Channel [id: 0x65a370a9, L:/127.0.0.1:57077 - R:localhost/127.0.0.1:61706] for GET '/session/2b7bb58503f43a2b3520c53fb7ffa171/screenshot'
17:39:45.760 [AsyncHttpClient-1-2] DEBUG org.asynchttpclient.netty.handler.HttpHandler - 

Request DefaultFullHttpRequest(decodeResult: success, version: HTTP/1.1, content: EmptyByteBufBE)
GET /session/2b7bb58503f43a2b3520c53fb7ffa171/screenshot HTTP/1.1
User-Agent: selenium/4.1.2 (java windows)
Cache-Control: no-cache
Content-Type: application/json; charset=utf-8
host: localhost:61706
accept: */*

Response DefaultHttpResponse(decodeResult: success, version: HTTP/1.1)
HTTP/1.1 200 OK
Content-Type: application/json; charset=utf-8
cache-control: no-cache
content-length: 351816

17:39:45.766 [AsyncHttpClient-1-2] DEBUG org.asynchttpclient.netty.channel.ChannelManager - Adding key: http://localhost:61706 for channel [id: 0x65a370a9, L:/127.0.0.1:57077 - R:localhost/127.0.0.1:61706]
17:39:45.824 [main] DEBUG net.serenitybdd.core.photography.Darkroom - Send negative for processing for target\site\serenity\20277f1d76f1b925628464fcd1ece5de77a814679d1be3fdcf836a7ddadfed60.png
17:39:45.824 [main] DEBUG net.thucydides.core.steps.StepInterceptor - STARTING STEP: AppointmentSteps.iClickMenuAppointment - clickMenuAppointmentButton
17:39:45.839 [Forwarding findElement on session 2b7bb58503f43a2b3520c53fb7ffa171 to remote] DEBUG org.asynchttpclient.netty.request.NettyRequestSender - Using pooled Channel '[id: 0x65a370a9, L:/127.0.0.1:57077 - R:localhost/127.0.0.1:61706]' for 'POST' to 'http://localhost:61706/session/2b7bb58503f43a2b3520c53fb7ffa171/element'
17:39:45.839 [Forwarding findElement on session 2b7bb58503f43a2b3520c53fb7ffa171 to remote] DEBUG org.asynchttpclient.netty.request.NettyRequestSender - Using open Channel [id: 0x65a370a9, L:/127.0.0.1:57077 - R:localhost/127.0.0.1:61706] for POST '/session/2b7bb58503f43a2b3520c53fb7ffa171/element'
17:39:45.856 [AsyncHttpClient-1-2] DEBUG org.asynchttpclient.netty.handler.HttpHandler - 

Request DefaultHttpRequest(decodeResult: success, version: HTTP/1.1)
POST /session/2b7bb58503f43a2b3520c53fb7ffa171/element HTTP/1.1
User-Agent: selenium/4.1.2 (java windows)
Content-Length: 84
Content-Type: application/json; charset=utf-8
host: localhost:61706
accept: */*

Response DefaultHttpResponse(decodeResult: success, version: HTTP/1.1)
HTTP/1.1 200 OK
Content-Type: application/json; charset=utf-8
cache-control: no-cache
content-length: 88

17:39:45.856 [AsyncHttpClient-1-2] DEBUG org.asynchttpclient.netty.channel.ChannelManager - Adding key: http://localhost:61706 for channel [id: 0x65a370a9, L:/127.0.0.1:57077 - R:localhost/127.0.0.1:61706]
17:39:45.866 [Forwarding getElementTagName on session 2b7bb58503f43a2b3520c53fb7ffa171 to remote] DEBUG org.asynchttpclient.netty.request.NettyRequestSender - Using pooled Channel '[id: 0x65a370a9, L:/127.0.0.1:57077 - R:localhost/127.0.0.1:61706]' for 'GET' to 'http://localhost:61706/session/2b7bb58503f43a2b3520c53fb7ffa171/element/c301e188-5251-4d8b-9136-7a3c5f4f2a93/name'
17:39:45.866 [Forwarding getElementTagName on session 2b7bb58503f43a2b3520c53fb7ffa171 to remote] DEBUG org.asynchttpclient.netty.request.NettyRequestSender - Using open Channel [id: 0x65a370a9, L:/127.0.0.1:57077 - R:localhost/127.0.0.1:61706] for GET '/session/2b7bb58503f43a2b3520c53fb7ffa171/element/c301e188-5251-4d8b-9136-7a3c5f4f2a93/name'
17:39:45.872 [AsyncHttpClient-1-2] DEBUG org.asynchttpclient.netty.handler.HttpHandler - 

Request DefaultFullHttpRequest(decodeResult: success, version: HTTP/1.1, content: EmptyByteBufBE)
GET /session/2b7bb58503f43a2b3520c53fb7ffa171/element/c301e188-5251-4d8b-9136-7a3c5f4f2a93/name HTTP/1.1
User-Agent: selenium/4.1.2 (java windows)
Cache-Control: no-cache
Content-Type: application/json; charset=utf-8
host: localhost:61706
accept: */*

Response DefaultHttpResponse(decodeResult: success, version: HTTP/1.1)
HTTP/1.1 200 OK
Content-Type: application/json; charset=utf-8
cache-control: no-cache
content-length: 15

17:39:45.872 [AsyncHttpClient-1-2] DEBUG org.asynchttpclient.netty.channel.ChannelManager - Adding key: http://localhost:61706 for channel [id: 0x65a370a9, L:/127.0.0.1:57077 - R:localhost/127.0.0.1:61706]
17:39:45.876 [Forwarding getElementTagName on session 2b7bb58503f43a2b3520c53fb7ffa171 to remote] DEBUG org.asynchttpclient.netty.request.NettyRequestSender - Using pooled Channel '[id: 0x65a370a9, L:/127.0.0.1:57077 - R:localhost/127.0.0.1:61706]' for 'GET' to 'http://localhost:61706/session/2b7bb58503f43a2b3520c53fb7ffa171/element/c301e188-5251-4d8b-9136-7a3c5f4f2a93/name'
17:39:45.876 [Forwarding getElementTagName on session 2b7bb58503f43a2b3520c53fb7ffa171 to remote] DEBUG org.asynchttpclient.netty.request.NettyRequestSender - Using open Channel [id: 0x65a370a9, L:/127.0.0.1:57077 - R:localhost/127.0.0.1:61706] for GET '/session/2b7bb58503f43a2b3520c53fb7ffa171/element/c301e188-5251-4d8b-9136-7a3c5f4f2a93/name'
17:39:45.881 [AsyncHttpClient-1-2] DEBUG org.asynchttpclient.netty.handler.HttpHandler - 

Request DefaultFullHttpRequest(decodeResult: success, version: HTTP/1.1, content: EmptyByteBufBE)
GET /session/2b7bb58503f43a2b3520c53fb7ffa171/element/c301e188-5251-4d8b-9136-7a3c5f4f2a93/name HTTP/1.1
User-Agent: selenium/4.1.2 (java windows)
Cache-Control: no-cache
Content-Type: application/json; charset=utf-8
host: localhost:61706
accept: */*

Response DefaultHttpResponse(decodeResult: success, version: HTTP/1.1)
HTTP/1.1 200 OK
Content-Type: application/json; charset=utf-8
cache-control: no-cache
content-length: 15

17:39:45.882 [AsyncHttpClient-1-2] DEBUG org.asynchttpclient.netty.channel.ChannelManager - Adding key: http://localhost:61706 for channel [id: 0x65a370a9, L:/127.0.0.1:57077 - R:localhost/127.0.0.1:61706]
17:39:45.888 [Forwarding findElement on session 2b7bb58503f43a2b3520c53fb7ffa171 to remote] DEBUG org.asynchttpclient.netty.request.NettyRequestSender - Using pooled Channel '[id: 0x65a370a9, L:/127.0.0.1:57077 - R:localhost/127.0.0.1:61706]' for 'POST' to 'http://localhost:61706/session/2b7bb58503f43a2b3520c53fb7ffa171/element'
17:39:45.888 [Forwarding findElement on session 2b7bb58503f43a2b3520c53fb7ffa171 to remote] DEBUG org.asynchttpclient.netty.request.NettyRequestSender - Using open Channel [id: 0x65a370a9, L:/127.0.0.1:57077 - R:localhost/127.0.0.1:61706] for POST '/session/2b7bb58503f43a2b3520c53fb7ffa171/element'
17:39:45.903 [AsyncHttpClient-1-2] DEBUG org.asynchttpclient.netty.handler.HttpHandler - 

Request DefaultHttpRequest(decodeResult: success, version: HTTP/1.1)
POST /session/2b7bb58503f43a2b3520c53fb7ffa171/element HTTP/1.1
User-Agent: selenium/4.1.2 (java windows)
Content-Length: 84
Content-Type: application/json; charset=utf-8
host: localhost:61706
accept: */*

Response DefaultHttpResponse(decodeResult: success, version: HTTP/1.1)
HTTP/1.1 200 OK
Content-Type: application/json; charset=utf-8
cache-control: no-cache
content-length: 88

17:39:45.904 [AsyncHttpClient-1-2] DEBUG org.asynchttpclient.netty.channel.ChannelManager - Adding key: http://localhost:61706 for channel [id: 0x65a370a9, L:/127.0.0.1:57077 - R:localhost/127.0.0.1:61706]
17:39:45.908 [Forwarding clickElement on session 2b7bb58503f43a2b3520c53fb7ffa171 to remote] DEBUG org.asynchttpclient.netty.request.NettyRequestSender - Using pooled Channel '[id: 0x65a370a9, L:/127.0.0.1:57077 - R:localhost/127.0.0.1:61706]' for 'POST' to 'http://localhost:61706/session/2b7bb58503f43a2b3520c53fb7ffa171/element/c301e188-5251-4d8b-9136-7a3c5f4f2a93/click'
17:39:45.908 [Forwarding clickElement on session 2b7bb58503f43a2b3520c53fb7ffa171 to remote] DEBUG org.asynchttpclient.netty.request.NettyRequestSender - Using open Channel [id: 0x65a370a9, L:/127.0.0.1:57077 - R:localhost/127.0.0.1:61706] for POST '/session/2b7bb58503f43a2b3520c53fb7ffa171/element/c301e188-5251-4d8b-9136-7a3c5f4f2a93/click'
17:39:46.501 [AsyncHttpClient-1-2] DEBUG org.asynchttpclient.netty.handler.HttpHandler - 

Request DefaultHttpRequest(decodeResult: success, version: HTTP/1.1)
POST /session/2b7bb58503f43a2b3520c53fb7ffa171/element/c301e188-5251-4d8b-9136-7a3c5f4f2a93/click HTTP/1.1
User-Agent: selenium/4.1.2 (java windows)
Content-Length: 50
Content-Type: application/json; charset=utf-8
host: localhost:61706
accept: */*

Response DefaultHttpResponse(decodeResult: success, version: HTTP/1.1)
HTTP/1.1 200 OK
Content-Type: application/json; charset=utf-8
cache-control: no-cache
content-length: 14

17:39:46.502 [AsyncHttpClient-1-2] DEBUG org.asynchttpclient.netty.channel.ChannelManager - Adding key: http://localhost:61706 for channel [id: 0x65a370a9, L:/127.0.0.1:57077 - R:localhost/127.0.0.1:61706]
17:39:46.522 [Forwarding screenshot on session 2b7bb58503f43a2b3520c53fb7ffa171 to remote] DEBUG org.asynchttpclient.netty.request.NettyRequestSender - Using pooled Channel '[id: 0x65a370a9, L:/127.0.0.1:57077 - R:localhost/127.0.0.1:61706]' for 'GET' to 'http://localhost:61706/session/2b7bb58503f43a2b3520c53fb7ffa171/screenshot'
17:39:46.523 [Forwarding screenshot on session 2b7bb58503f43a2b3520c53fb7ffa171 to remote] DEBUG org.asynchttpclient.netty.request.NettyRequestSender - Using open Channel [id: 0x65a370a9, L:/127.0.0.1:57077 - R:localhost/127.0.0.1:61706] for GET '/session/2b7bb58503f43a2b3520c53fb7ffa171/screenshot'
17:39:46.601 [AsyncHttpClient-1-1] DEBUG org.asynchttpclient.netty.channel.DefaultChannelPool - Entry count for : http://localhost:57080 : 1
17:39:46.665 [AsyncHttpClient-1-2] DEBUG org.asynchttpclient.netty.handler.HttpHandler - 

Request DefaultFullHttpRequest(decodeResult: success, version: HTTP/1.1, content: EmptyByteBufBE)
GET /session/2b7bb58503f43a2b3520c53fb7ffa171/screenshot HTTP/1.1
User-Agent: selenium/4.1.2 (java windows)
Cache-Control: no-cache
Content-Type: application/json; charset=utf-8
host: localhost:61706
accept: */*

Response DefaultHttpResponse(decodeResult: success, version: HTTP/1.1)
HTTP/1.1 200 OK
Content-Type: application/json; charset=utf-8
cache-control: no-cache
content-length: 77776

17:39:46.667 [AsyncHttpClient-1-2] DEBUG org.asynchttpclient.netty.channel.ChannelManager - Adding key: http://localhost:61706 for channel [id: 0x65a370a9, L:/127.0.0.1:57077 - R:localhost/127.0.0.1:61706]
17:39:46.674 [main] DEBUG net.serenitybdd.core.photography.Darkroom - Send negative for processing for target\site\serenity\dde6ee49eef829c4844cc40a8aaa4d6e912eaee4e88eb74d4e912a38905c5f6b.png
17:39:46.675 [Darkroom Processing Line] DEBUG net.serenitybdd.core.photography.DarkroomProcessingLine - Processing screenshot image in /var/screenshots/screenshot-2143553709407445977
17:39:46.675 [main] DEBUG net.thucydides.core.steps.StepInterceptor - STEP DONE: clickMenuAppointmentButton
  &amp#27;[32mAnd &amp#27;[0m&amp#27;[32mI click menu Appointment&amp#27;[0m                                    &amp#27;[90m# starter.stepdefinitions.AppointmentSteps.iClickMenuAppointment()&amp#27;[0m
17:39:46.676 [Darkroom Processing Line] DEBUG net.serenitybdd.core.photography.DarkroomProcessingLine - Saving screenshot to target\site\serenity\dde6ee49eef829c4844cc40a8aaa4d6e912eaee4e88eb74d4e912a38905c5f6b.png
17:39:46.713 [main] DEBUG net.thucydides.core.steps.StepInterceptor - STARTING STEP: AppointmentSteps.iClickAddNewAppointment - clickAddNewAppointmentButton
17:39:46.721 [Forwarding findElement on session 2b7bb58503f43a2b3520c53fb7ffa171 to remote] DEBUG org.asynchttpclient.netty.request.NettyRequestSender - Using pooled Channel '[id: 0x65a370a9, L:/127.0.0.1:57077 - R:localhost/127.0.0.1:61706]' for 'POST' to 'http://localhost:61706/session/2b7bb58503f43a2b3520c53fb7ffa171/element'
17:39:46.722 [Forwarding findElement on session 2b7bb58503f43a2b3520c53fb7ffa171 to remote] DEBUG org.asynchttpclient.netty.request.NettyRequestSender - Using open Channel [id: 0x65a370a9, L:/127.0.0.1:57077 - R:localhost/127.0.0.1:61706] for POST '/session/2b7bb58503f43a2b3520c53fb7ffa171/element'
17:39:46.823 [AsyncHttpClient-1-2] DEBUG org.asynchttpclient.netty.handler.HttpHandler - 

Request DefaultHttpRequest(decodeResult: success, version: HTTP/1.1)
POST /session/2b7bb58503f43a2b3520c53fb7ffa171/element HTTP/1.1
User-Agent: selenium/4.1.2 (java windows)
Content-Length: 149
Content-Type: application/json; charset=utf-8
host: localhost:61706
accept: */*

Response DefaultHttpResponse(decodeResult: success, version: HTTP/1.1)
HTTP/1.1 200 OK
Content-Type: application/json; charset=utf-8
cache-control: no-cache
content-length: 88

17:39:46.824 [AsyncHttpClient-1-2] DEBUG org.asynchttpclient.netty.channel.ChannelManager - Adding key: http://localhost:61706 for channel [id: 0x65a370a9, L:/127.0.0.1:57077 - R:localhost/127.0.0.1:61706]
17:39:46.830 [Forwarding getElementTagName on session 2b7bb58503f43a2b3520c53fb7ffa171 to remote] DEBUG org.asynchttpclient.netty.request.NettyRequestSender - Using pooled Channel '[id: 0x65a370a9, L:/127.0.0.1:57077 - R:localhost/127.0.0.1:61706]' for 'GET' to 'http://localhost:61706/session/2b7bb58503f43a2b3520c53fb7ffa171/element/19997b30-390b-4afd-ba5e-1d680e4bd51c/name'
17:39:46.830 [Forwarding getElementTagName on session 2b7bb58503f43a2b3520c53fb7ffa171 to remote] DEBUG org.asynchttpclient.netty.request.NettyRequestSender - Using open Channel [id: 0x65a370a9, L:/127.0.0.1:57077 - R:localhost/127.0.0.1:61706] for GET '/session/2b7bb58503f43a2b3520c53fb7ffa171/element/19997b30-390b-4afd-ba5e-1d680e4bd51c/name'
17:39:46.838 [AsyncHttpClient-1-2] DEBUG org.asynchttpclient.netty.handler.HttpHandler - 

Request DefaultFullHttpRequest(decodeResult: success, version: HTTP/1.1, content: EmptyByteBufBE)
GET /session/2b7bb58503f43a2b3520c53fb7ffa171/element/19997b30-390b-4afd-ba5e-1d680e4bd51c/name HTTP/1.1
User-Agent: selenium/4.1.2 (java windows)
Cache-Control: no-cache
Content-Type: application/json; charset=utf-8
host: localhost:61706
accept: */*

Response DefaultHttpResponse(decodeResult: success, version: HTTP/1.1)
HTTP/1.1 200 OK
Content-Type: application/json; charset=utf-8
cache-control: no-cache
content-length: 18

17:39:46.838 [AsyncHttpClient-1-2] DEBUG org.asynchttpclient.netty.channel.ChannelManager - Adding key: http://localhost:61706 for channel [id: 0x65a370a9, L:/127.0.0.1:57077 - R:localhost/127.0.0.1:61706]
17:39:46.841 [Forwarding getElementTagName on session 2b7bb58503f43a2b3520c53fb7ffa171 to remote] DEBUG org.asynchttpclient.netty.request.NettyRequestSender - Using pooled Channel '[id: 0x65a370a9, L:/127.0.0.1:57077 - R:localhost/127.0.0.1:61706]' for 'GET' to 'http://localhost:61706/session/2b7bb58503f43a2b3520c53fb7ffa171/element/19997b30-390b-4afd-ba5e-1d680e4bd51c/name'
17:39:46.842 [Forwarding getElementTagName on session 2b7bb58503f43a2b3520c53fb7ffa171 to remote] DEBUG org.asynchttpclient.netty.request.NettyRequestSender - Using open Channel [id: 0x65a370a9, L:/127.0.0.1:57077 - R:localhost/127.0.0.1:61706] for GET '/session/2b7bb58503f43a2b3520c53fb7ffa171/element/19997b30-390b-4afd-ba5e-1d680e4bd51c/name'
17:39:46.847 [AsyncHttpClient-1-2] DEBUG org.asynchttpclient.netty.handler.HttpHandler - 

Request DefaultFullHttpRequest(decodeResult: success, version: HTTP/1.1, content: EmptyByteBufBE)
GET /session/2b7bb58503f43a2b3520c53fb7ffa171/element/19997b30-390b-4afd-ba5e-1d680e4bd51c/name HTTP/1.1
User-Agent: selenium/4.1.2 (java windows)
Cache-Control: no-cache
Content-Type: application/json; charset=utf-8
host: localhost:61706
accept: */*

Response DefaultHttpResponse(decodeResult: success, version: HTTP/1.1)
HTTP/1.1 200 OK
Content-Type: application/json; charset=utf-8
cache-control: no-cache
content-length: 18

17:39:46.848 [AsyncHttpClient-1-2] DEBUG org.asynchttpclient.netty.channel.ChannelManager - Adding key: http://localhost:61706 for channel [id: 0x65a370a9, L:/127.0.0.1:57077 - R:localhost/127.0.0.1:61706]
17:39:46.858 [Forwarding isElementEnabled on session 2b7bb58503f43a2b3520c53fb7ffa171 to remote] DEBUG org.asynchttpclient.netty.request.NettyRequestSender - Using pooled Channel '[id: 0x65a370a9, L:/127.0.0.1:57077 - R:localhost/127.0.0.1:61706]' for 'GET' to 'http://localhost:61706/session/2b7bb58503f43a2b3520c53fb7ffa171/element/19997b30-390b-4afd-ba5e-1d680e4bd51c/enabled'
17:39:46.858 [Forwarding isElementEnabled on session 2b7bb58503f43a2b3520c53fb7ffa171 to remote] DEBUG org.asynchttpclient.netty.request.NettyRequestSender - Using open Channel [id: 0x65a370a9, L:/127.0.0.1:57077 - R:localhost/127.0.0.1:61706] for GET '/session/2b7bb58503f43a2b3520c53fb7ffa171/element/19997b30-390b-4afd-ba5e-1d680e4bd51c/enabled'
17:39:46.871 [AsyncHttpClient-1-2] DEBUG org.asynchttpclient.netty.handler.HttpHandler - 

Request DefaultFullHttpRequest(decodeResult: success, version: HTTP/1.1, content: EmptyByteBufBE)
GET /session/2b7bb58503f43a2b3520c53fb7ffa171/element/19997b30-390b-4afd-ba5e-1d680e4bd51c/enabled HTTP/1.1
User-Agent: selenium/4.1.2 (java windows)
Cache-Control: no-cache
Content-Type: application/json; charset=utf-8
host: localhost:61706
accept: */*

Response DefaultHttpResponse(decodeResult: success, version: HTTP/1.1)
HTTP/1.1 200 OK
Content-Type: application/json; charset=utf-8
cache-control: no-cache
content-length: 14

17:39:46.871 [AsyncHttpClient-1-2] DEBUG org.asynchttpclient.netty.channel.ChannelManager - Adding key: http://localhost:61706 for channel [id: 0x65a370a9, L:/127.0.0.1:57077 - R:localhost/127.0.0.1:61706]
17:39:46.875 [Forwarding isElementEnabled on session 2b7bb58503f43a2b3520c53fb7ffa171 to remote] DEBUG org.asynchttpclient.netty.request.NettyRequestSender - Using pooled Channel '[id: 0x65a370a9, L:/127.0.0.1:57077 - R:localhost/127.0.0.1:61706]' for 'GET' to 'http://localhost:61706/session/2b7bb58503f43a2b3520c53fb7ffa171/element/19997b30-390b-4afd-ba5e-1d680e4bd51c/enabled'
17:39:46.875 [Forwarding isElementEnabled on session 2b7bb58503f43a2b3520c53fb7ffa171 to remote] DEBUG org.asynchttpclient.netty.request.NettyRequestSender - Using open Channel [id: 0x65a370a9, L:/127.0.0.1:57077 - R:localhost/127.0.0.1:61706] for GET '/session/2b7bb58503f43a2b3520c53fb7ffa171/element/19997b30-390b-4afd-ba5e-1d680e4bd51c/enabled'
17:39:46.882 [AsyncHttpClient-1-2] DEBUG org.asynchttpclient.netty.handler.HttpHandler - 

Request DefaultFullHttpRequest(decodeResult: success, version: HTTP/1.1, content: EmptyByteBufBE)
GET /session/2b7bb58503f43a2b3520c53fb7ffa171/element/19997b30-390b-4afd-ba5e-1d680e4bd51c/enabled HTTP/1.1
User-Agent: selenium/4.1.2 (java windows)
Cache-Control: no-cache
Content-Type: application/json; charset=utf-8
host: localhost:61706
accept: */*

Response DefaultHttpResponse(decodeResult: success, version: HTTP/1.1)
HTTP/1.1 200 OK
Content-Type: application/json; charset=utf-8
cache-control: no-cache
content-length: 14

17:39:46.883 [AsyncHttpClient-1-2] DEBUG org.asynchttpclient.netty.channel.ChannelManager - Adding key: http://localhost:61706 for channel [id: 0x65a370a9, L:/127.0.0.1:57077 - R:localhost/127.0.0.1:61706]
17:39:46.888 [Forwarding findElement on session 2b7bb58503f43a2b3520c53fb7ffa171 to remote] DEBUG org.asynchttpclient.netty.request.NettyRequestSender - Using pooled Channel '[id: 0x65a370a9, L:/127.0.0.1:57077 - R:localhost/127.0.0.1:61706]' for 'POST' to 'http://localhost:61706/session/2b7bb58503f43a2b3520c53fb7ffa171/element'
17:39:46.888 [Forwarding findElement on session 2b7bb58503f43a2b3520c53fb7ffa171 to remote] DEBUG org.asynchttpclient.netty.request.NettyRequestSender - Using open Channel [id: 0x65a370a9, L:/127.0.0.1:57077 - R:localhost/127.0.0.1:61706] for POST '/session/2b7bb58503f43a2b3520c53fb7ffa171/element'
17:39:46.900 [AsyncHttpClient-1-2] DEBUG org.asynchttpclient.netty.handler.HttpHandler - 

Request DefaultHttpRequest(decodeResult: success, version: HTTP/1.1)
POST /session/2b7bb58503f43a2b3520c53fb7ffa171/element HTTP/1.1
User-Agent: selenium/4.1.2 (java windows)
Content-Length: 149
Content-Type: application/json; charset=utf-8
host: localhost:61706
accept: */*

Response DefaultHttpResponse(decodeResult: success, version: HTTP/1.1)
HTTP/1.1 200 OK
Content-Type: application/json; charset=utf-8
cache-control: no-cache
content-length: 88

17:39:46.900 [AsyncHttpClient-1-2] DEBUG org.asynchttpclient.netty.channel.ChannelManager - Adding key: http://localhost:61706 for channel [id: 0x65a370a9, L:/127.0.0.1:57077 - R:localhost/127.0.0.1:61706]
17:39:46.903 [Forwarding clickElement on session 2b7bb58503f43a2b3520c53fb7ffa171 to remote] DEBUG org.asynchttpclient.netty.request.NettyRequestSender - Using pooled Channel '[id: 0x65a370a9, L:/127.0.0.1:57077 - R:localhost/127.0.0.1:61706]' for 'POST' to 'http://localhost:61706/session/2b7bb58503f43a2b3520c53fb7ffa171/element/19997b30-390b-4afd-ba5e-1d680e4bd51c/click'
17:39:46.903 [Forwarding clickElement on session 2b7bb58503f43a2b3520c53fb7ffa171 to remote] DEBUG org.asynchttpclient.netty.request.NettyRequestSender - Using open Channel [id: 0x65a370a9, L:/127.0.0.1:57077 - R:localhost/127.0.0.1:61706] for POST '/session/2b7bb58503f43a2b3520c53fb7ffa171/element/19997b30-390b-4afd-ba5e-1d680e4bd51c/click'
17:39:47.026 [AsyncHttpClient-1-2] DEBUG org.asynchttpclient.netty.handler.HttpHandler - 

Request DefaultHttpRequest(decodeResult: success, version: HTTP/1.1)
POST /session/2b7bb58503f43a2b3520c53fb7ffa171/element/19997b30-390b-4afd-ba5e-1d680e4bd51c/click HTTP/1.1
User-Agent: selenium/4.1.2 (java windows)
Content-Length: 50
Content-Type: application/json; charset=utf-8
host: localhost:61706
accept: */*

Response DefaultHttpResponse(decodeResult: success, version: HTTP/1.1)
HTTP/1.1 200 OK
Content-Type: application/json; charset=utf-8
cache-control: no-cache
content-length: 14

17:39:47.026 [AsyncHttpClient-1-2] DEBUG org.asynchttpclient.netty.channel.ChannelManager - Adding key: http://localhost:61706 for channel [id: 0x65a370a9, L:/127.0.0.1:57077 - R:localhost/127.0.0.1:61706]
17:39:47.047 [Forwarding screenshot on session 2b7bb58503f43a2b3520c53fb7ffa171 to remote] DEBUG org.asynchttpclient.netty.request.NettyRequestSender - Using pooled Channel '[id: 0x65a370a9, L:/127.0.0.1:57077 - R:localhost/127.0.0.1:61706]' for 'GET' to 'http://localhost:61706/session/2b7bb58503f43a2b3520c53fb7ffa171/screenshot'
17:39:47.048 [Forwarding screenshot on session 2b7bb58503f43a2b3520c53fb7ffa171 to remote] DEBUG org.asynchttpclient.netty.request.NettyRequestSender - Using open Channel [id: 0x65a370a9, L:/127.0.0.1:57077 - R:localhost/127.0.0.1:61706] for GET '/session/2b7bb58503f43a2b3520c53fb7ffa171/screenshot'
17:39:47.307 [AsyncHttpClient-1-2] DEBUG org.asynchttpclient.netty.handler.HttpHandler - 

Request DefaultFullHttpRequest(decodeResult: success, version: HTTP/1.1, content: EmptyByteBufBE)
GET /session/2b7bb58503f43a2b3520c53fb7ffa171/screenshot HTTP/1.1
User-Agent: selenium/4.1.2 (java windows)
Cache-Control: no-cache
Content-Type: application/json; charset=utf-8
host: localhost:61706
accept: */*

Response DefaultHttpResponse(decodeResult: success, version: HTTP/1.1)
HTTP/1.1 200 OK
Content-Type: application/json; charset=utf-8
cache-control: no-cache
content-length: 120836

17:39:47.312 [AsyncHttpClient-1-2] DEBUG org.asynchttpclient.netty.channel.ChannelManager - Adding key: http://localhost:61706 for channel [id: 0x65a370a9, L:/127.0.0.1:57077 - R:localhost/127.0.0.1:61706]
17:39:47.319 [main] DEBUG net.serenitybdd.core.photography.Darkroom - Send negative for processing for target\site\serenity\0541897b8ff95742920fdf05ec4a21945223ad6c20ce97e4173e01309b367b0a.png
17:39:47.319 [main] DEBUG net.thucydides.core.steps.StepInterceptor - STEP DONE: clickAddNewAppointmentButton
  &amp#27;[32mWhen &amp#27;[0m&amp#27;[32mI click Add New Appointment&amp#27;[0m                                &amp#27;[90m# starter.stepdefinitions.AppointmentSteps.iClickAddNewAppointment()&amp#27;[0m
17:39:47.319 [Darkroom Processing Line] DEBUG net.serenitybdd.core.photography.DarkroomProcessingLine - Processing screenshot image in /var/screenshots/screenshot-16253469413463807462
17:39:47.319 [Darkroom Processing Line] DEBUG net.serenitybdd.core.photography.DarkroomProcessingLine - Saving screenshot to target\site\serenity\0541897b8ff95742920fdf05ec4a21945223ad6c20ce97e4173e01309b367b0a.png
17:39:47.355 [main] DEBUG net.thucydides.core.steps.StepInterceptor - STARTING STEP: AppointmentSteps.iClickYesButton - clickYesButton
17:39:47.361 [Forwarding findElement on session 2b7bb58503f43a2b3520c53fb7ffa171 to remote] DEBUG org.asynchttpclient.netty.request.NettyRequestSender - Using pooled Channel '[id: 0x65a370a9, L:/127.0.0.1:57077 - R:localhost/127.0.0.1:61706]' for 'POST' to 'http://localhost:61706/session/2b7bb58503f43a2b3520c53fb7ffa171/element'
17:39:47.361 [Forwarding findElement on session 2b7bb58503f43a2b3520c53fb7ffa171 to remote] DEBUG org.asynchttpclient.netty.request.NettyRequestSender - Using open Channel [id: 0x65a370a9, L:/127.0.0.1:57077 - R:localhost/127.0.0.1:61706] for POST '/session/2b7bb58503f43a2b3520c53fb7ffa171/element'
17:39:47.665 [AsyncHttpClient-1-2] DEBUG org.asynchttpclient.netty.handler.HttpHandler - 

Request DefaultHttpRequest(decodeResult: success, version: HTTP/1.1)
POST /session/2b7bb58503f43a2b3520c53fb7ffa171/element HTTP/1.1
User-Agent: selenium/4.1.2 (java windows)
Content-Length: 104
Content-Type: application/json; charset=utf-8
host: localhost:61706
accept: */*

Response DefaultHttpResponse(decodeResult: success, version: HTTP/1.1)
HTTP/1.1 200 OK
Content-Type: application/json; charset=utf-8
cache-control: no-cache
content-length: 88

17:39:47.667 [AsyncHttpClient-1-2] DEBUG org.asynchttpclient.netty.channel.ChannelManager - Adding key: http://localhost:61706 for channel [id: 0x65a370a9, L:/127.0.0.1:57077 - R:localhost/127.0.0.1:61706]
17:39:47.681 [Forwarding getElementTagName on session 2b7bb58503f43a2b3520c53fb7ffa171 to remote] DEBUG org.asynchttpclient.netty.request.NettyRequestSender - Using pooled Channel '[id: 0x65a370a9, L:/127.0.0.1:57077 - R:localhost/127.0.0.1:61706]' for 'GET' to 'http://localhost:61706/session/2b7bb58503f43a2b3520c53fb7ffa171/element/138aa77d-4510-4948-936d-7ecc3a5c1e2a/name'
17:39:47.681 [Forwarding getElementTagName on session 2b7bb58503f43a2b3520c53fb7ffa171 to remote] DEBUG org.asynchttpclient.netty.request.NettyRequestSender - Using open Channel [id: 0x65a370a9, L:/127.0.0.1:57077 - R:localhost/127.0.0.1:61706] for GET '/session/2b7bb58503f43a2b3520c53fb7ffa171/element/138aa77d-4510-4948-936d-7ecc3a5c1e2a/name'
17:39:47.702 [AsyncHttpClient-1-1] DEBUG org.asynchttpclient.netty.channel.DefaultChannelPool - Entry count for : http://localhost:57080 : 1
17:39:47.790 [AsyncHttpClient-1-2] DEBUG org.asynchttpclient.netty.handler.HttpHandler - 

Request DefaultFullHttpRequest(decodeResult: success, version: HTTP/1.1, content: EmptyByteBufBE)
GET /session/2b7bb58503f43a2b3520c53fb7ffa171/element/138aa77d-4510-4948-936d-7ecc3a5c1e2a/name HTTP/1.1
User-Agent: selenium/4.1.2 (java windows)
Cache-Control: no-cache
Content-Type: application/json; charset=utf-8
host: localhost:61706
accept: */*

Response DefaultHttpResponse(decodeResult: success, version: HTTP/1.1)
HTTP/1.1 200 OK
Content-Type: application/json; charset=utf-8
cache-control: no-cache
content-length: 18

17:39:47.790 [AsyncHttpClient-1-2] DEBUG org.asynchttpclient.netty.channel.ChannelManager - Adding key: http://localhost:61706 for channel [id: 0x65a370a9, L:/127.0.0.1:57077 - R:localhost/127.0.0.1:61706]
17:39:47.794 [Forwarding getElementTagName on session 2b7bb58503f43a2b3520c53fb7ffa171 to remote] DEBUG org.asynchttpclient.netty.request.NettyRequestSender - Using pooled Channel '[id: 0x65a370a9, L:/127.0.0.1:57077 - R:localhost/127.0.0.1:61706]' for 'GET' to 'http://localhost:61706/session/2b7bb58503f43a2b3520c53fb7ffa171/element/138aa77d-4510-4948-936d-7ecc3a5c1e2a/name'
17:39:47.794 [Forwarding getElementTagName on session 2b7bb58503f43a2b3520c53fb7ffa171 to remote] DEBUG org.asynchttpclient.netty.request.NettyRequestSender - Using open Channel [id: 0x65a370a9, L:/127.0.0.1:57077 - R:localhost/127.0.0.1:61706] for GET '/session/2b7bb58503f43a2b3520c53fb7ffa171/element/138aa77d-4510-4948-936d-7ecc3a5c1e2a/name'
17:39:47.799 [AsyncHttpClient-1-2] DEBUG org.asynchttpclient.netty.handler.HttpHandler - 

Request DefaultFullHttpRequest(decodeResult: success, version: HTTP/1.1, content: EmptyByteBufBE)
GET /session/2b7bb58503f43a2b3520c53fb7ffa171/element/138aa77d-4510-4948-936d-7ecc3a5c1e2a/name HTTP/1.1
User-Agent: selenium/4.1.2 (java windows)
Cache-Control: no-cache
Content-Type: application/json; charset=utf-8
host: localhost:61706
accept: */*

Response DefaultHttpResponse(decodeResult: success, version: HTTP/1.1)
HTTP/1.1 200 OK
Content-Type: application/json; charset=utf-8
cache-control: no-cache
content-length: 18

17:39:47.800 [AsyncHttpClient-1-2] DEBUG org.asynchttpclient.netty.channel.ChannelManager - Adding key: http://localhost:61706 for channel [id: 0x65a370a9, L:/127.0.0.1:57077 - R:localhost/127.0.0.1:61706]
17:39:47.804 [Forwarding isElementEnabled on session 2b7bb58503f43a2b3520c53fb7ffa171 to remote] DEBUG org.asynchttpclient.netty.request.NettyRequestSender - Using pooled Channel '[id: 0x65a370a9, L:/127.0.0.1:57077 - R:localhost/127.0.0.1:61706]' for 'GET' to 'http://localhost:61706/session/2b7bb58503f43a2b3520c53fb7ffa171/element/138aa77d-4510-4948-936d-7ecc3a5c1e2a/enabled'
17:39:47.804 [Forwarding isElementEnabled on session 2b7bb58503f43a2b3520c53fb7ffa171 to remote] DEBUG org.asynchttpclient.netty.request.NettyRequestSender - Using open Channel [id: 0x65a370a9, L:/127.0.0.1:57077 - R:localhost/127.0.0.1:61706] for GET '/session/2b7bb58503f43a2b3520c53fb7ffa171/element/138aa77d-4510-4948-936d-7ecc3a5c1e2a/enabled'
17:39:47.818 [AsyncHttpClient-1-2] DEBUG org.asynchttpclient.netty.handler.HttpHandler - 

Request DefaultFullHttpRequest(decodeResult: success, version: HTTP/1.1, content: EmptyByteBufBE)
GET /session/2b7bb58503f43a2b3520c53fb7ffa171/element/138aa77d-4510-4948-936d-7ecc3a5c1e2a/enabled HTTP/1.1
User-Agent: selenium/4.1.2 (java windows)
Cache-Control: no-cache
Content-Type: application/json; charset=utf-8
host: localhost:61706
accept: */*

Response DefaultHttpResponse(decodeResult: success, version: HTTP/1.1)
HTTP/1.1 200 OK
Content-Type: application/json; charset=utf-8
cache-control: no-cache
content-length: 14

17:39:47.819 [AsyncHttpClient-1-2] DEBUG org.asynchttpclient.netty.channel.ChannelManager - Adding key: http://localhost:61706 for channel [id: 0x65a370a9, L:/127.0.0.1:57077 - R:localhost/127.0.0.1:61706]
17:39:47.822 [Forwarding isElementEnabled on session 2b7bb58503f43a2b3520c53fb7ffa171 to remote] DEBUG org.asynchttpclient.netty.request.NettyRequestSender - Using pooled Channel '[id: 0x65a370a9, L:/127.0.0.1:57077 - R:localhost/127.0.0.1:61706]' for 'GET' to 'http://localhost:61706/session/2b7bb58503f43a2b3520c53fb7ffa171/element/138aa77d-4510-4948-936d-7ecc3a5c1e2a/enabled'
17:39:47.822 [Forwarding isElementEnabled on session 2b7bb58503f43a2b3520c53fb7ffa171 to remote] DEBUG org.asynchttpclient.netty.request.NettyRequestSender - Using open Channel [id: 0x65a370a9, L:/127.0.0.1:57077 - R:localhost/127.0.0.1:61706] for GET '/session/2b7bb58503f43a2b3520c53fb7ffa171/element/138aa77d-4510-4948-936d-7ecc3a5c1e2a/enabled'
17:39:47.830 [AsyncHttpClient-1-2] DEBUG org.asynchttpclient.netty.handler.HttpHandler - 

Request DefaultFullHttpRequest(decodeResult: success, version: HTTP/1.1, content: EmptyByteBufBE)
GET /session/2b7bb58503f43a2b3520c53fb7ffa171/element/138aa77d-4510-4948-936d-7ecc3a5c1e2a/enabled HTTP/1.1
User-Agent: selenium/4.1.2 (java windows)
Cache-Control: no-cache
Content-Type: application/json; charset=utf-8
host: localhost:61706
accept: */*

Response DefaultHttpResponse(decodeResult: success, version: HTTP/1.1)
HTTP/1.1 200 OK
Content-Type: application/json; charset=utf-8
cache-control: no-cache
content-length: 14

17:39:47.831 [AsyncHttpClient-1-2] DEBUG org.asynchttpclient.netty.channel.ChannelManager - Adding key: http://localhost:61706 for channel [id: 0x65a370a9, L:/127.0.0.1:57077 - R:localhost/127.0.0.1:61706]
17:39:47.836 [Forwarding findElement on session 2b7bb58503f43a2b3520c53fb7ffa171 to remote] DEBUG org.asynchttpclient.netty.request.NettyRequestSender - Using pooled Channel '[id: 0x65a370a9, L:/127.0.0.1:57077 - R:localhost/127.0.0.1:61706]' for 'POST' to 'http://localhost:61706/session/2b7bb58503f43a2b3520c53fb7ffa171/element'
17:39:47.836 [Forwarding findElement on session 2b7bb58503f43a2b3520c53fb7ffa171 to remote] DEBUG org.asynchttpclient.netty.request.NettyRequestSender - Using open Channel [id: 0x65a370a9, L:/127.0.0.1:57077 - R:localhost/127.0.0.1:61706] for POST '/session/2b7bb58503f43a2b3520c53fb7ffa171/element'
17:39:47.847 [AsyncHttpClient-1-2] DEBUG org.asynchttpclient.netty.handler.HttpHandler - 

Request DefaultHttpRequest(decodeResult: success, version: HTTP/1.1)
POST /session/2b7bb58503f43a2b3520c53fb7ffa171/element HTTP/1.1
User-Agent: selenium/4.1.2 (java windows)
Content-Length: 104
Content-Type: application/json; charset=utf-8
host: localhost:61706
accept: */*

Response DefaultHttpResponse(decodeResult: success, version: HTTP/1.1)
HTTP/1.1 200 OK
Content-Type: application/json; charset=utf-8
cache-control: no-cache
content-length: 88

17:39:47.847 [AsyncHttpClient-1-2] DEBUG org.asynchttpclient.netty.channel.ChannelManager - Adding key: http://localhost:61706 for channel [id: 0x65a370a9, L:/127.0.0.1:57077 - R:localhost/127.0.0.1:61706]
17:39:47.849 [Forwarding clickElement on session 2b7bb58503f43a2b3520c53fb7ffa171 to remote] DEBUG org.asynchttpclient.netty.request.NettyRequestSender - Using pooled Channel '[id: 0x65a370a9, L:/127.0.0.1:57077 - R:localhost/127.0.0.1:61706]' for 'POST' to 'http://localhost:61706/session/2b7bb58503f43a2b3520c53fb7ffa171/element/138aa77d-4510-4948-936d-7ecc3a5c1e2a/click'
17:39:47.850 [Forwarding clickElement on session 2b7bb58503f43a2b3520c53fb7ffa171 to remote] DEBUG org.asynchttpclient.netty.request.NettyRequestSender - Using open Channel [id: 0x65a370a9, L:/127.0.0.1:57077 - R:localhost/127.0.0.1:61706] for POST '/session/2b7bb58503f43a2b3520c53fb7ffa171/element/138aa77d-4510-4948-936d-7ecc3a5c1e2a/click'
17:39:48.801 [AsyncHttpClient-1-1] DEBUG org.asynchttpclient.netty.channel.DefaultChannelPool - Entry count for : http://localhost:57080 : 1
17:39:49.482 [AsyncHttpClient-1-2] DEBUG org.asynchttpclient.netty.handler.HttpHandler - 

Request DefaultHttpRequest(decodeResult: success, version: HTTP/1.1)
POST /session/2b7bb58503f43a2b3520c53fb7ffa171/element/138aa77d-4510-4948-936d-7ecc3a5c1e2a/click HTTP/1.1
User-Agent: selenium/4.1.2 (java windows)
Content-Length: 50
Content-Type: application/json; charset=utf-8
host: localhost:61706
accept: */*

Response DefaultHttpResponse(decodeResult: success, version: HTTP/1.1)
HTTP/1.1 200 OK
Content-Type: application/json; charset=utf-8
cache-control: no-cache
content-length: 14

17:39:49.483 [AsyncHttpClient-1-2] DEBUG org.asynchttpclient.netty.channel.ChannelManager - Adding key: http://localhost:61706 for channel [id: 0x65a370a9, L:/127.0.0.1:57077 - R:localhost/127.0.0.1:61706]
17:39:49.527 [Forwarding screenshot on session 2b7bb58503f43a2b3520c53fb7ffa171 to remote] DEBUG org.asynchttpclient.netty.request.NettyRequestSender - Using pooled Channel '[id: 0x65a370a9, L:/127.0.0.1:57077 - R:localhost/127.0.0.1:61706]' for 'GET' to 'http://localhost:61706/session/2b7bb58503f43a2b3520c53fb7ffa171/screenshot'
17:39:49.528 [Forwarding screenshot on session 2b7bb58503f43a2b3520c53fb7ffa171 to remote] DEBUG org.asynchttpclient.netty.request.NettyRequestSender - Using open Channel [id: 0x65a370a9, L:/127.0.0.1:57077 - R:localhost/127.0.0.1:61706] for GET '/session/2b7bb58503f43a2b3520c53fb7ffa171/screenshot'
17:39:49.809 [AsyncHttpClient-1-2] DEBUG org.asynchttpclient.netty.handler.HttpHandler - 

Request DefaultFullHttpRequest(decodeResult: success, version: HTTP/1.1, content: EmptyByteBufBE)
GET /session/2b7bb58503f43a2b3520c53fb7ffa171/screenshot HTTP/1.1
User-Agent: selenium/4.1.2 (java windows)
Cache-Control: no-cache
Content-Type: application/json; charset=utf-8
host: localhost:61706
accept: */*

Response DefaultHttpResponse(decodeResult: success, version: HTTP/1.1)
HTTP/1.1 200 OK
Content-Type: application/json; charset=utf-8
cache-control: no-cache
content-length: 124272

17:39:49.812 [AsyncHttpClient-1-2] DEBUG org.asynchttpclient.netty.channel.ChannelManager - Adding key: http://localhost:61706 for channel [id: 0x65a370a9, L:/127.0.0.1:57077 - R:localhost/127.0.0.1:61706]
17:39:49.836 [main] DEBUG net.serenitybdd.core.photography.Darkroom - Send negative for processing for target\site\serenity\a1dcae06f688c2e0afc35ca0fd9385d88497ebea953792ec3f2e44109322abab.png
17:39:49.837 [main] DEBUG net.thucydides.core.steps.StepInterceptor - STEP DONE: clickYesButton
  &amp#27;[32mAnd &amp#27;[0m&amp#27;[32mI click yes button&amp#27;[0m                                          &amp#27;[90m# starter.stepdefinitions.AppointmentSteps.iClickYesButton()&amp#27;[0m
17:39:49.840 [Darkroom Processing Line] DEBUG net.serenitybdd.core.photography.DarkroomProcessingLine - Processing screenshot image in /var/screenshots/screenshot-196682915343646343
17:39:49.840 [Darkroom Processing Line] DEBUG net.serenitybdd.core.photography.DarkroomProcessingLine - Saving screenshot to target\site\serenity\a1dcae06f688c2e0afc35ca0fd9385d88497ebea953792ec3f2e44109322abab.png
17:39:49.901 [AsyncHttpClient-1-1] DEBUG org.asynchttpclient.netty.channel.DefaultChannelPool - Entry count for : http://localhost:61706 : 1
17:39:49.901 [AsyncHttpClient-1-1] DEBUG org.asynchttpclient.netty.channel.DefaultChannelPool - Entry count for : http://localhost:57080 : 1
17:39:49.907 [Forwarding screenshot on session 2b7bb58503f43a2b3520c53fb7ffa171 to remote] DEBUG org.asynchttpclient.netty.request.NettyRequestSender - Using pooled Channel '[id: 0x65a370a9, L:/127.0.0.1:57077 - R:localhost/127.0.0.1:61706]' for 'GET' to 'http://localhost:61706/session/2b7bb58503f43a2b3520c53fb7ffa171/screenshot'
17:39:49.907 [Forwarding screenshot on session 2b7bb58503f43a2b3520c53fb7ffa171 to remote] DEBUG org.asynchttpclient.netty.request.NettyRequestSender - Using open Channel [id: 0x65a370a9, L:/127.0.0.1:57077 - R:localhost/127.0.0.1:61706] for GET '/session/2b7bb58503f43a2b3520c53fb7ffa171/screenshot'
17:39:50.396 [AsyncHttpClient-1-2] DEBUG org.asynchttpclient.netty.handler.HttpHandler - 

Request DefaultFullHttpRequest(decodeResult: success, version: HTTP/1.1, content: EmptyByteBufBE)
GET /session/2b7bb58503f43a2b3520c53fb7ffa171/screenshot HTTP/1.1
User-Agent: selenium/4.1.2 (java windows)
Cache-Control: no-cache
Content-Type: application/json; charset=utf-8
host: localhost:61706
accept: */*

Response DefaultHttpResponse(decodeResult: success, version: HTTP/1.1)
HTTP/1.1 200 OK
Content-Type: application/json; charset=utf-8
cache-control: no-cache
content-length: 80708

17:39:50.399 [AsyncHttpClient-1-2] DEBUG org.asynchttpclient.netty.channel.ChannelManager - Adding key: http://localhost:61706 for channel [id: 0x65a370a9, L:/127.0.0.1:57077 - R:localhost/127.0.0.1:61706]
17:39:50.414 [main] DEBUG net.serenitybdd.core.photography.Darkroom - Send negative for processing for target\site\serenity\dd73ef983ba9276e4967c6b5d67c86636c2d9a0f3e62828afd757f52a03c50ee.png
17:39:50.414 [main] DEBUG net.thucydides.core.steps.StepInterceptor - STARTING STEP: AppointmentSteps.iInputValidDataAppointmentAndClickSubmit - inputName
17:39:50.414 [Darkroom Processing Line] DEBUG net.serenitybdd.core.photography.DarkroomProcessingLine - Processing screenshot image in /var/screenshots/screenshot-3452416270948172103
17:39:50.415 [Darkroom Processing Line] DEBUG net.serenitybdd.core.photography.DarkroomProcessingLine - Saving screenshot to target\site\serenity\dd73ef983ba9276e4967c6b5d67c86636c2d9a0f3e62828afd757f52a03c50ee.png
17:39:50.422 [Forwarding findElement on session 2b7bb58503f43a2b3520c53fb7ffa171 to remote] DEBUG org.asynchttpclient.netty.request.NettyRequestSender - Using pooled Channel '[id: 0x65a370a9, L:/127.0.0.1:57077 - R:localhost/127.0.0.1:61706]' for 'POST' to 'http://localhost:61706/session/2b7bb58503f43a2b3520c53fb7ffa171/element'
17:39:50.423 [Forwarding findElement on session 2b7bb58503f43a2b3520c53fb7ffa171 to remote] DEBUG org.asynchttpclient.netty.request.NettyRequestSender - Using open Channel [id: 0x65a370a9, L:/127.0.0.1:57077 - R:localhost/127.0.0.1:61706] for POST '/session/2b7bb58503f43a2b3520c53fb7ffa171/element'
17:39:50.444 [AsyncHttpClient-1-2] DEBUG org.asynchttpclient.netty.handler.HttpHandler - 

Request DefaultHttpRequest(decodeResult: success, version: HTTP/1.1)
POST /session/2b7bb58503f43a2b3520c53fb7ffa171/element HTTP/1.1
User-Agent: selenium/4.1.2 (java windows)
Content-Length: 139
Content-Type: application/json; charset=utf-8
host: localhost:61706
accept: */*

Response DefaultHttpResponse(decodeResult: success, version: HTTP/1.1)
HTTP/1.1 200 OK
Content-Type: application/json; charset=utf-8
cache-control: no-cache
content-length: 88

17:39:50.445 [AsyncHttpClient-1-2] DEBUG org.asynchttpclient.netty.channel.ChannelManager - Adding key: http://localhost:61706 for channel [id: 0x65a370a9, L:/127.0.0.1:57077 - R:localhost/127.0.0.1:61706]
17:39:50.447 [Forwarding clearElement on session 2b7bb58503f43a2b3520c53fb7ffa171 to remote] DEBUG org.asynchttpclient.netty.request.NettyRequestSender - Using pooled Channel '[id: 0x65a370a9, L:/127.0.0.1:57077 - R:localhost/127.0.0.1:61706]' for 'POST' to 'http://localhost:61706/session/2b7bb58503f43a2b3520c53fb7ffa171/element/f8720f3f-6d43-45c2-b8bb-6e075e6cb561/clear'
17:39:50.447 [Forwarding clearElement on session 2b7bb58503f43a2b3520c53fb7ffa171 to remote] DEBUG org.asynchttpclient.netty.request.NettyRequestSender - Using open Channel [id: 0x65a370a9, L:/127.0.0.1:57077 - R:localhost/127.0.0.1:61706] for POST '/session/2b7bb58503f43a2b3520c53fb7ffa171/element/f8720f3f-6d43-45c2-b8bb-6e075e6cb561/clear'
17:39:51.001 [AsyncHttpClient-1-1] DEBUG org.asynchttpclient.netty.channel.DefaultChannelPool - Entry count for : http://localhost:57080 : 1
17:39:52.094 [AsyncHttpClient-1-2] DEBUG org.asynchttpclient.netty.handler.HttpHandler - 

Request DefaultHttpRequest(decodeResult: success, version: HTTP/1.1)
POST /session/2b7bb58503f43a2b3520c53fb7ffa171/element/f8720f3f-6d43-45c2-b8bb-6e075e6cb561/clear HTTP/1.1
User-Agent: selenium/4.1.2 (java windows)
Content-Length: 50
Content-Type: application/json; charset=utf-8
host: localhost:61706
accept: */*

Response DefaultHttpResponse(decodeResult: success, version: HTTP/1.1)
HTTP/1.1 200 OK
Content-Type: application/json; charset=utf-8
cache-control: no-cache
content-length: 14

17:39:52.096 [AsyncHttpClient-1-2] DEBUG org.asynchttpclient.netty.channel.ChannelManager - Adding key: http://localhost:61706 for channel [id: 0x65a370a9, L:/127.0.0.1:57077 - R:localhost/127.0.0.1:61706]
17:39:52.102 [AsyncHttpClient-1-1] DEBUG org.asynchttpclient.netty.channel.DefaultChannelPool - Entry count for : http://localhost:61706 : 1
17:39:52.102 [AsyncHttpClient-1-1] DEBUG org.asynchttpclient.netty.channel.DefaultChannelPool - Entry count for : http://localhost:57080 : 1
17:39:52.111 [Forwarding sendKeysToElement on session 2b7bb58503f43a2b3520c53fb7ffa171 to remote] DEBUG org.asynchttpclient.netty.request.NettyRequestSender - Using pooled Channel '[id: 0x65a370a9, L:/127.0.0.1:57077 - R:localhost/127.0.0.1:61706]' for 'POST' to 'http://localhost:61706/session/2b7bb58503f43a2b3520c53fb7ffa171/element/f8720f3f-6d43-45c2-b8bb-6e075e6cb561/value'
17:39:52.112 [Forwarding sendKeysToElement on session 2b7bb58503f43a2b3520c53fb7ffa171 to remote] DEBUG org.asynchttpclient.netty.request.NettyRequestSender - Using open Channel [id: 0x65a370a9, L:/127.0.0.1:57077 - R:localhost/127.0.0.1:61706] for POST '/session/2b7bb58503f43a2b3520c53fb7ffa171/element/f8720f3f-6d43-45c2-b8bb-6e075e6cb561/value'
17:39:53.201 [AsyncHttpClient-1-1] DEBUG org.asynchttpclient.netty.channel.DefaultChannelPool - Entry count for : http://localhost:57080 : 1
17:39:54.301 [AsyncHttpClient-1-1] DEBUG org.asynchttpclient.netty.channel.DefaultChannelPool - Entry count for : http://localhost:57080 : 1
17:39:55.328 [AsyncHttpClient-1-2] DEBUG org.asynchttpclient.netty.handler.HttpHandler - 

Request DefaultHttpRequest(decodeResult: success, version: HTTP/1.1)
POST /session/2b7bb58503f43a2b3520c53fb7ffa171/element/f8720f3f-6d43-45c2-b8bb-6e075e6cb561/value HTTP/1.1
User-Agent: selenium/4.1.2 (java windows)
Content-Length: 101
Content-Type: application/json; charset=utf-8
host: localhost:61706
accept: */*

Response DefaultHttpResponse(decodeResult: success, version: HTTP/1.1)
HTTP/1.1 200 OK
Content-Type: application/json; charset=utf-8
cache-control: no-cache
content-length: 14

17:39:55.329 [AsyncHttpClient-1-2] DEBUG org.asynchttpclient.netty.channel.ChannelManager - Adding key: http://localhost:61706 for channel [id: 0x65a370a9, L:/127.0.0.1:57077 - R:localhost/127.0.0.1:61706]
17:39:55.364 [Forwarding screenshot on session 2b7bb58503f43a2b3520c53fb7ffa171 to remote] DEBUG org.asynchttpclient.netty.request.NettyRequestSender - Using pooled Channel '[id: 0x65a370a9, L:/127.0.0.1:57077 - R:localhost/127.0.0.1:61706]' for 'GET' to 'http://localhost:61706/session/2b7bb58503f43a2b3520c53fb7ffa171/screenshot'
17:39:55.364 [Forwarding screenshot on session 2b7bb58503f43a2b3520c53fb7ffa171 to remote] DEBUG org.asynchttpclient.netty.request.NettyRequestSender - Using open Channel [id: 0x65a370a9, L:/127.0.0.1:57077 - R:localhost/127.0.0.1:61706] for GET '/session/2b7bb58503f43a2b3520c53fb7ffa171/screenshot'
17:39:55.400 [AsyncHttpClient-1-1] DEBUG org.asynchttpclient.netty.channel.DefaultChannelPool - Entry count for : http://localhost:57080 : 1
17:39:55.505 [AsyncHttpClient-1-2] DEBUG org.asynchttpclient.netty.handler.HttpHandler - 

Request DefaultFullHttpRequest(decodeResult: success, version: HTTP/1.1, content: EmptyByteBufBE)
GET /session/2b7bb58503f43a2b3520c53fb7ffa171/screenshot HTTP/1.1
User-Agent: selenium/4.1.2 (java windows)
Cache-Control: no-cache
Content-Type: application/json; charset=utf-8
host: localhost:61706
accept: */*

Response DefaultHttpResponse(decodeResult: success, version: HTTP/1.1)
HTTP/1.1 200 OK
Content-Type: application/json; charset=utf-8
cache-control: no-cache
content-length: 81108

17:39:55.506 [AsyncHttpClient-1-2] DEBUG org.asynchttpclient.netty.channel.ChannelManager - Adding key: http://localhost:61706 for channel [id: 0x65a370a9, L:/127.0.0.1:57077 - R:localhost/127.0.0.1:61706]
17:39:55.512 [main] DEBUG net.serenitybdd.core.photography.Darkroom - Send negative for processing for target\site\serenity\9b61e483c20fb5a3fbda6e4f5d06585bd1831b9a8a8f3e233d3855ac89f6ae17.png
17:39:55.513 [main] DEBUG net.thucydides.core.steps.StepInterceptor - STEP DONE: inputName
17:39:55.513 [Darkroom Processing Line] DEBUG net.serenitybdd.core.photography.DarkroomProcessingLine - Processing screenshot image in /var/screenshots/screenshot-11926994743813323557
17:39:55.513 [Darkroom Processing Line] DEBUG net.serenitybdd.core.photography.DarkroomProcessingLine - Saving screenshot to target\site\serenity\9b61e483c20fb5a3fbda6e4f5d06585bd1831b9a8a8f3e233d3855ac89f6ae17.png
17:39:55.526 [main] DEBUG net.thucydides.core.steps.StepInterceptor - STARTING STEP: AppointmentSteps.iInputValidDataAppointmentAndClickSubmit - clickDepartmentDropdownButton
17:39:55.531 [Forwarding findElement on session 2b7bb58503f43a2b3520c53fb7ffa171 to remote] DEBUG org.asynchttpclient.netty.request.NettyRequestSender - Using pooled Channel '[id: 0x65a370a9, L:/127.0.0.1:57077 - R:localhost/127.0.0.1:61706]' for 'POST' to 'http://localhost:61706/session/2b7bb58503f43a2b3520c53fb7ffa171/element'
17:39:55.531 [Forwarding findElement on session 2b7bb58503f43a2b3520c53fb7ffa171 to remote] DEBUG org.asynchttpclient.netty.request.NettyRequestSender - Using open Channel [id: 0x65a370a9, L:/127.0.0.1:57077 - R:localhost/127.0.0.1:61706] for POST '/session/2b7bb58503f43a2b3520c53fb7ffa171/element'
17:39:55.546 [AsyncHttpClient-1-2] DEBUG org.asynchttpclient.netty.handler.HttpHandler - 

Request DefaultHttpRequest(decodeResult: success, version: HTTP/1.1)
POST /session/2b7bb58503f43a2b3520c53fb7ffa171/element HTTP/1.1
User-Agent: selenium/4.1.2 (java windows)
Content-Length: 82
Content-Type: application/json; charset=utf-8
host: localhost:61706
accept: */*

Response DefaultHttpResponse(decodeResult: success, version: HTTP/1.1)
HTTP/1.1 200 OK
Content-Type: application/json; charset=utf-8
cache-control: no-cache
content-length: 88

17:39:55.547 [AsyncHttpClient-1-2] DEBUG org.asynchttpclient.netty.channel.ChannelManager - Adding key: http://localhost:61706 for channel [id: 0x65a370a9, L:/127.0.0.1:57077 - R:localhost/127.0.0.1:61706]
17:39:55.550 [Forwarding getElementTagName on session 2b7bb58503f43a2b3520c53fb7ffa171 to remote] DEBUG org.asynchttpclient.netty.request.NettyRequestSender - Using pooled Channel '[id: 0x65a370a9, L:/127.0.0.1:57077 - R:localhost/127.0.0.1:61706]' for 'GET' to 'http://localhost:61706/session/2b7bb58503f43a2b3520c53fb7ffa171/element/64a498d6-f832-481c-bdbe-d38475974c17/name'
17:39:55.551 [Forwarding getElementTagName on session 2b7bb58503f43a2b3520c53fb7ffa171 to remote] DEBUG org.asynchttpclient.netty.request.NettyRequestSender - Using open Channel [id: 0x65a370a9, L:/127.0.0.1:57077 - R:localhost/127.0.0.1:61706] for GET '/session/2b7bb58503f43a2b3520c53fb7ffa171/element/64a498d6-f832-481c-bdbe-d38475974c17/name'
17:39:55.557 [AsyncHttpClient-1-2] DEBUG org.asynchttpclient.netty.handler.HttpHandler - 

Request DefaultFullHttpRequest(decodeResult: success, version: HTTP/1.1, content: EmptyByteBufBE)
GET /session/2b7bb58503f43a2b3520c53fb7ffa171/element/64a498d6-f832-481c-bdbe-d38475974c17/name HTTP/1.1
User-Agent: selenium/4.1.2 (java windows)
Cache-Control: no-cache
Content-Type: application/json; charset=utf-8
host: localhost:61706
accept: */*

Response DefaultHttpResponse(decodeResult: success, version: HTTP/1.1)
HTTP/1.1 200 OK
Content-Type: application/json; charset=utf-8
cache-control: no-cache
content-length: 15

17:39:55.558 [AsyncHttpClient-1-2] DEBUG org.asynchttpclient.netty.channel.ChannelManager - Adding key: http://localhost:61706 for channel [id: 0x65a370a9, L:/127.0.0.1:57077 - R:localhost/127.0.0.1:61706]
17:39:55.566 [Forwarding getElementTagName on session 2b7bb58503f43a2b3520c53fb7ffa171 to remote] DEBUG org.asynchttpclient.netty.request.NettyRequestSender - Using pooled Channel '[id: 0x65a370a9, L:/127.0.0.1:57077 - R:localhost/127.0.0.1:61706]' for 'GET' to 'http://localhost:61706/session/2b7bb58503f43a2b3520c53fb7ffa171/element/64a498d6-f832-481c-bdbe-d38475974c17/name'
17:39:55.566 [Forwarding getElementTagName on session 2b7bb58503f43a2b3520c53fb7ffa171 to remote] DEBUG org.asynchttpclient.netty.request.NettyRequestSender - Using open Channel [id: 0x65a370a9, L:/127.0.0.1:57077 - R:localhost/127.0.0.1:61706] for GET '/session/2b7bb58503f43a2b3520c53fb7ffa171/element/64a498d6-f832-481c-bdbe-d38475974c17/name'
17:39:55.571 [AsyncHttpClient-1-2] DEBUG org.asynchttpclient.netty.handler.HttpHandler - 

Request DefaultFullHttpRequest(decodeResult: success, version: HTTP/1.1, content: EmptyByteBufBE)
GET /session/2b7bb58503f43a2b3520c53fb7ffa171/element/64a498d6-f832-481c-bdbe-d38475974c17/name HTTP/1.1
User-Agent: selenium/4.1.2 (java windows)
Cache-Control: no-cache
Content-Type: application/json; charset=utf-8
host: localhost:61706
accept: */*

Response DefaultHttpResponse(decodeResult: success, version: HTTP/1.1)
HTTP/1.1 200 OK
Content-Type: application/json; charset=utf-8
cache-control: no-cache
content-length: 15

17:39:55.571 [AsyncHttpClient-1-2] DEBUG org.asynchttpclient.netty.channel.ChannelManager - Adding key: http://localhost:61706 for channel [id: 0x65a370a9, L:/127.0.0.1:57077 - R:localhost/127.0.0.1:61706]
17:39:55.575 [Forwarding findElement on session 2b7bb58503f43a2b3520c53fb7ffa171 to remote] DEBUG org.asynchttpclient.netty.request.NettyRequestSender - Using pooled Channel '[id: 0x65a370a9, L:/127.0.0.1:57077 - R:localhost/127.0.0.1:61706]' for 'POST' to 'http://localhost:61706/session/2b7bb58503f43a2b3520c53fb7ffa171/element'
17:39:55.576 [Forwarding findElement on session 2b7bb58503f43a2b3520c53fb7ffa171 to remote] DEBUG org.asynchttpclient.netty.request.NettyRequestSender - Using open Channel [id: 0x65a370a9, L:/127.0.0.1:57077 - R:localhost/127.0.0.1:61706] for POST '/session/2b7bb58503f43a2b3520c53fb7ffa171/element'
17:39:55.586 [AsyncHttpClient-1-2] DEBUG org.asynchttpclient.netty.handler.HttpHandler - 

Request DefaultHttpRequest(decodeResult: success, version: HTTP/1.1)
POST /session/2b7bb58503f43a2b3520c53fb7ffa171/element HTTP/1.1
User-Agent: selenium/4.1.2 (java windows)
Content-Length: 82
Content-Type: application/json; charset=utf-8
host: localhost:61706
accept: */*

Response DefaultHttpResponse(decodeResult: success, version: HTTP/1.1)
HTTP/1.1 200 OK
Content-Type: application/json; charset=utf-8
cache-control: no-cache
content-length: 88

17:39:55.586 [AsyncHttpClient-1-2] DEBUG org.asynchttpclient.netty.channel.ChannelManager - Adding key: http://localhost:61706 for channel [id: 0x65a370a9, L:/127.0.0.1:57077 - R:localhost/127.0.0.1:61706]
17:39:55.589 [Forwarding clickElement on session 2b7bb58503f43a2b3520c53fb7ffa171 to remote] DEBUG org.asynchttpclient.netty.request.NettyRequestSender - Using pooled Channel '[id: 0x65a370a9, L:/127.0.0.1:57077 - R:localhost/127.0.0.1:61706]' for 'POST' to 'http://localhost:61706/session/2b7bb58503f43a2b3520c53fb7ffa171/element/64a498d6-f832-481c-bdbe-d38475974c17/click'
17:39:55.589 [Forwarding clickElement on session 2b7bb58503f43a2b3520c53fb7ffa171 to remote] DEBUG org.asynchttpclient.netty.request.NettyRequestSender - Using open Channel [id: 0x65a370a9, L:/127.0.0.1:57077 - R:localhost/127.0.0.1:61706] for POST '/session/2b7bb58503f43a2b3520c53fb7ffa171/element/64a498d6-f832-481c-bdbe-d38475974c17/click'
17:39:55.726 [AsyncHttpClient-1-2] DEBUG org.asynchttpclient.netty.handler.HttpHandler - 

Request DefaultHttpRequest(decodeResult: success, version: HTTP/1.1)
POST /session/2b7bb58503f43a2b3520c53fb7ffa171/element/64a498d6-f832-481c-bdbe-d38475974c17/click HTTP/1.1
User-Agent: selenium/4.1.2 (java windows)
Content-Length: 50
Content-Type: application/json; charset=utf-8
host: localhost:61706
accept: */*

Response DefaultHttpResponse(decodeResult: success, version: HTTP/1.1)
HTTP/1.1 200 OK
Content-Type: application/json; charset=utf-8
cache-control: no-cache
content-length: 14

17:39:55.726 [AsyncHttpClient-1-2] DEBUG org.asynchttpclient.netty.channel.ChannelManager - Adding key: http://localhost:61706 for channel [id: 0x65a370a9, L:/127.0.0.1:57077 - R:localhost/127.0.0.1:61706]
17:39:55.742 [Forwarding screenshot on session 2b7bb58503f43a2b3520c53fb7ffa171 to remote] DEBUG org.asynchttpclient.netty.request.NettyRequestSender - Using pooled Channel '[id: 0x65a370a9, L:/127.0.0.1:57077 - R:localhost/127.0.0.1:61706]' for 'GET' to 'http://localhost:61706/session/2b7bb58503f43a2b3520c53fb7ffa171/screenshot'
17:39:55.744 [Forwarding screenshot on session 2b7bb58503f43a2b3520c53fb7ffa171 to remote] DEBUG org.asynchttpclient.netty.request.NettyRequestSender - Using open Channel [id: 0x65a370a9, L:/127.0.0.1:57077 - R:localhost/127.0.0.1:61706] for GET '/session/2b7bb58503f43a2b3520c53fb7ffa171/screenshot'
17:39:55.923 [AsyncHttpClient-1-2] DEBUG org.asynchttpclient.netty.handler.HttpHandler - 

Request DefaultFullHttpRequest(decodeResult: success, version: HTTP/1.1, content: EmptyByteBufBE)
GET /session/2b7bb58503f43a2b3520c53fb7ffa171/screenshot HTTP/1.1
User-Agent: selenium/4.1.2 (java windows)
Cache-Control: no-cache
Content-Type: application/json; charset=utf-8
host: localhost:61706
accept: */*

Response DefaultHttpResponse(decodeResult: success, version: HTTP/1.1)
HTTP/1.1 200 OK
Content-Type: application/json; charset=utf-8
cache-control: no-cache
content-length: 90712

17:39:55.926 [AsyncHttpClient-1-2] DEBUG org.asynchttpclient.netty.channel.ChannelManager - Adding key: http://localhost:61706 for channel [id: 0x65a370a9, L:/127.0.0.1:57077 - R:localhost/127.0.0.1:61706]
17:39:55.933 [main] DEBUG net.serenitybdd.core.photography.Darkroom - Send negative for processing for target\site\serenity\37fc3994186ed9a06a78948154503bda3bb43a9c91abad03d5e308412aa0e6df.png
17:39:55.933 [main] DEBUG net.thucydides.core.steps.StepInterceptor - STEP DONE: clickDepartmentDropdownButton
17:39:55.934 [Darkroom Processing Line] DEBUG net.serenitybdd.core.photography.DarkroomProcessingLine - Processing screenshot image in /var/screenshots/screenshot-11105390441761151376
17:39:55.934 [Darkroom Processing Line] DEBUG net.serenitybdd.core.photography.DarkroomProcessingLine - Saving screenshot to target\site\serenity\37fc3994186ed9a06a78948154503bda3bb43a9c91abad03d5e308412aa0e6df.png
17:39:55.947 [main] DEBUG net.thucydides.core.steps.StepInterceptor - STARTING STEP: AppointmentSteps.iInputValidDataAppointmentAndClickSubmit - clickDepartmentOptionButton
17:39:55.953 [Forwarding findElement on session 2b7bb58503f43a2b3520c53fb7ffa171 to remote] DEBUG org.asynchttpclient.netty.request.NettyRequestSender - Using pooled Channel '[id: 0x65a370a9, L:/127.0.0.1:57077 - R:localhost/127.0.0.1:61706]' for 'POST' to 'http://localhost:61706/session/2b7bb58503f43a2b3520c53fb7ffa171/element'
17:39:55.953 [Forwarding findElement on session 2b7bb58503f43a2b3520c53fb7ffa171 to remote] DEBUG org.asynchttpclient.netty.request.NettyRequestSender - Using open Channel [id: 0x65a370a9, L:/127.0.0.1:57077 - R:localhost/127.0.0.1:61706] for POST '/session/2b7bb58503f43a2b3520c53fb7ffa171/element'
17:39:55.972 [AsyncHttpClient-1-2] DEBUG org.asynchttpclient.netty.handler.HttpHandler - 

Request DefaultHttpRequest(decodeResult: success, version: HTTP/1.1)
POST /session/2b7bb58503f43a2b3520c53fb7ffa171/element HTTP/1.1
User-Agent: selenium/4.1.2 (java windows)
Content-Length: 119
Content-Type: application/json; charset=utf-8
host: localhost:61706
accept: */*

Response DefaultHttpResponse(decodeResult: success, version: HTTP/1.1)
HTTP/1.1 200 OK
Content-Type: application/json; charset=utf-8
cache-control: no-cache
content-length: 88

17:39:55.972 [AsyncHttpClient-1-2] DEBUG org.asynchttpclient.netty.channel.ChannelManager - Adding key: http://localhost:61706 for channel [id: 0x65a370a9, L:/127.0.0.1:57077 - R:localhost/127.0.0.1:61706]
17:39:55.978 [Forwarding getElementTagName on session 2b7bb58503f43a2b3520c53fb7ffa171 to remote] DEBUG org.asynchttpclient.netty.request.NettyRequestSender - Using pooled Channel '[id: 0x65a370a9, L:/127.0.0.1:57077 - R:localhost/127.0.0.1:61706]' for 'GET' to 'http://localhost:61706/session/2b7bb58503f43a2b3520c53fb7ffa171/element/5df211ca-1ca0-4b31-9019-cdfb68169d5b/name'
17:39:55.978 [Forwarding getElementTagName on session 2b7bb58503f43a2b3520c53fb7ffa171 to remote] DEBUG org.asynchttpclient.netty.request.NettyRequestSender - Using open Channel [id: 0x65a370a9, L:/127.0.0.1:57077 - R:localhost/127.0.0.1:61706] for GET '/session/2b7bb58503f43a2b3520c53fb7ffa171/element/5df211ca-1ca0-4b31-9019-cdfb68169d5b/name'
17:39:55.984 [AsyncHttpClient-1-2] DEBUG org.asynchttpclient.netty.handler.HttpHandler - 

Request DefaultFullHttpRequest(decodeResult: success, version: HTTP/1.1, content: EmptyByteBufBE)
GET /session/2b7bb58503f43a2b3520c53fb7ffa171/element/5df211ca-1ca0-4b31-9019-cdfb68169d5b/name HTTP/1.1
User-Agent: selenium/4.1.2 (java windows)
Cache-Control: no-cache
Content-Type: application/json; charset=utf-8
host: localhost:61706
accept: */*

Response DefaultHttpResponse(decodeResult: success, version: HTTP/1.1)
HTTP/1.1 200 OK
Content-Type: application/json; charset=utf-8
cache-control: no-cache
content-length: 14

17:39:55.985 [AsyncHttpClient-1-2] DEBUG org.asynchttpclient.netty.channel.ChannelManager - Adding key: http://localhost:61706 for channel [id: 0x65a370a9, L:/127.0.0.1:57077 - R:localhost/127.0.0.1:61706]
17:39:55.991 [Forwarding getElementTagName on session 2b7bb58503f43a2b3520c53fb7ffa171 to remote] DEBUG org.asynchttpclient.netty.request.NettyRequestSender - Using pooled Channel '[id: 0x65a370a9, L:/127.0.0.1:57077 - R:localhost/127.0.0.1:61706]' for 'GET' to 'http://localhost:61706/session/2b7bb58503f43a2b3520c53fb7ffa171/element/5df211ca-1ca0-4b31-9019-cdfb68169d5b/name'
17:39:55.991 [Forwarding getElementTagName on session 2b7bb58503f43a2b3520c53fb7ffa171 to remote] DEBUG org.asynchttpclient.netty.request.NettyRequestSender - Using open Channel [id: 0x65a370a9, L:/127.0.0.1:57077 - R:localhost/127.0.0.1:61706] for GET '/session/2b7bb58503f43a2b3520c53fb7ffa171/element/5df211ca-1ca0-4b31-9019-cdfb68169d5b/name'
17:39:55.997 [AsyncHttpClient-1-2] DEBUG org.asynchttpclient.netty.handler.HttpHandler - 

Request DefaultFullHttpRequest(decodeResult: success, version: HTTP/1.1, content: EmptyByteBufBE)
GET /session/2b7bb58503f43a2b3520c53fb7ffa171/element/5df211ca-1ca0-4b31-9019-cdfb68169d5b/name HTTP/1.1
User-Agent: selenium/4.1.2 (java windows)
Cache-Control: no-cache
Content-Type: application/json; charset=utf-8
host: localhost:61706
accept: */*

Response DefaultHttpResponse(decodeResult: success, version: HTTP/1.1)
HTTP/1.1 200 OK
Content-Type: application/json; charset=utf-8
cache-control: no-cache
content-length: 14

17:39:55.998 [AsyncHttpClient-1-2] DEBUG org.asynchttpclient.netty.channel.ChannelManager - Adding key: http://localhost:61706 for channel [id: 0x65a370a9, L:/127.0.0.1:57077 - R:localhost/127.0.0.1:61706]
17:39:56.005 [Forwarding findElement on session 2b7bb58503f43a2b3520c53fb7ffa171 to remote] DEBUG org.asynchttpclient.netty.request.NettyRequestSender - Using pooled Channel '[id: 0x65a370a9, L:/127.0.0.1:57077 - R:localhost/127.0.0.1:61706]' for 'POST' to 'http://localhost:61706/session/2b7bb58503f43a2b3520c53fb7ffa171/element'
17:39:56.005 [Forwarding findElement on session 2b7bb58503f43a2b3520c53fb7ffa171 to remote] DEBUG org.asynchttpclient.netty.request.NettyRequestSender - Using open Channel [id: 0x65a370a9, L:/127.0.0.1:57077 - R:localhost/127.0.0.1:61706] for POST '/session/2b7bb58503f43a2b3520c53fb7ffa171/element'
17:39:56.016 [AsyncHttpClient-1-2] DEBUG org.asynchttpclient.netty.handler.HttpHandler - 

Request DefaultHttpRequest(decodeResult: success, version: HTTP/1.1)
POST /session/2b7bb58503f43a2b3520c53fb7ffa171/element HTTP/1.1
User-Agent: selenium/4.1.2 (java windows)
Content-Length: 119
Content-Type: application/json; charset=utf-8
host: localhost:61706
accept: */*

Response DefaultHttpResponse(decodeResult: success, version: HTTP/1.1)
HTTP/1.1 200 OK
Content-Type: application/json; charset=utf-8
cache-control: no-cache
content-length: 88

17:39:56.016 [AsyncHttpClient-1-2] DEBUG org.asynchttpclient.netty.channel.ChannelManager - Adding key: http://localhost:61706 for channel [id: 0x65a370a9, L:/127.0.0.1:57077 - R:localhost/127.0.0.1:61706]
17:39:56.021 [Forwarding clickElement on session 2b7bb58503f43a2b3520c53fb7ffa171 to remote] DEBUG org.asynchttpclient.netty.request.NettyRequestSender - Using pooled Channel '[id: 0x65a370a9, L:/127.0.0.1:57077 - R:localhost/127.0.0.1:61706]' for 'POST' to 'http://localhost:61706/session/2b7bb58503f43a2b3520c53fb7ffa171/element/5df211ca-1ca0-4b31-9019-cdfb68169d5b/click'
17:39:56.021 [Forwarding clickElement on session 2b7bb58503f43a2b3520c53fb7ffa171 to remote] DEBUG org.asynchttpclient.netty.request.NettyRequestSender - Using open Channel [id: 0x65a370a9, L:/127.0.0.1:57077 - R:localhost/127.0.0.1:61706] for POST '/session/2b7bb58503f43a2b3520c53fb7ffa171/element/5df211ca-1ca0-4b31-9019-cdfb68169d5b/click'
17:39:56.137 [AsyncHttpClient-1-2] DEBUG org.asynchttpclient.netty.handler.HttpHandler - 

Request DefaultHttpRequest(decodeResult: success, version: HTTP/1.1)
POST /session/2b7bb58503f43a2b3520c53fb7ffa171/element/5df211ca-1ca0-4b31-9019-cdfb68169d5b/click HTTP/1.1
User-Agent: selenium/4.1.2 (java windows)
Content-Length: 50
Content-Type: application/json; charset=utf-8
host: localhost:61706
accept: */*

Response DefaultHttpResponse(decodeResult: success, version: HTTP/1.1)
HTTP/1.1 200 OK
Content-Type: application/json; charset=utf-8
cache-control: no-cache
content-length: 14

17:39:56.138 [AsyncHttpClient-1-2] DEBUG org.asynchttpclient.netty.channel.ChannelManager - Adding key: http://localhost:61706 for channel [id: 0x65a370a9, L:/127.0.0.1:57077 - R:localhost/127.0.0.1:61706]
17:39:56.144 [Forwarding setTimeout on session 2b7bb58503f43a2b3520c53fb7ffa171 to remote] DEBUG org.asynchttpclient.netty.request.NettyRequestSender - Using pooled Channel '[id: 0x65a370a9, L:/127.0.0.1:57077 - R:localhost/127.0.0.1:61706]' for 'POST' to 'http://localhost:61706/session/2b7bb58503f43a2b3520c53fb7ffa171/timeouts'
17:39:56.145 [Forwarding setTimeout on session 2b7bb58503f43a2b3520c53fb7ffa171 to remote] DEBUG org.asynchttpclient.netty.request.NettyRequestSender - Using open Channel [id: 0x65a370a9, L:/127.0.0.1:57077 - R:localhost/127.0.0.1:61706] for POST '/session/2b7bb58503f43a2b3520c53fb7ffa171/timeouts'
17:39:56.147 [AsyncHttpClient-1-2] DEBUG org.asynchttpclient.netty.handler.HttpHandler - 

Request DefaultHttpRequest(decodeResult: success, version: HTTP/1.1)
POST /session/2b7bb58503f43a2b3520c53fb7ffa171/timeouts HTTP/1.1
User-Agent: selenium/4.1.2 (java windows)
Content-Length: 22
Content-Type: application/json; charset=utf-8
host: localhost:61706
accept: */*

Response DefaultHttpResponse(decodeResult: success, version: HTTP/1.1)
HTTP/1.1 200 OK
Content-Type: application/json; charset=utf-8
cache-control: no-cache
content-length: 14

17:39:56.147 [AsyncHttpClient-1-2] DEBUG org.asynchttpclient.netty.channel.ChannelManager - Adding key: http://localhost:61706 for channel [id: 0x65a370a9, L:/127.0.0.1:57077 - R:localhost/127.0.0.1:61706]
17:39:56.158 [Forwarding screenshot on session 2b7bb58503f43a2b3520c53fb7ffa171 to remote] DEBUG org.asynchttpclient.netty.request.NettyRequestSender - Using pooled Channel '[id: 0x65a370a9, L:/127.0.0.1:57077 - R:localhost/127.0.0.1:61706]' for 'GET' to 'http://localhost:61706/session/2b7bb58503f43a2b3520c53fb7ffa171/screenshot'
17:39:56.158 [Forwarding screenshot on session 2b7bb58503f43a2b3520c53fb7ffa171 to remote] DEBUG org.asynchttpclient.netty.request.NettyRequestSender - Using open Channel [id: 0x65a370a9, L:/127.0.0.1:57077 - R:localhost/127.0.0.1:61706] for GET '/session/2b7bb58503f43a2b3520c53fb7ffa171/screenshot'
17:39:56.290 [AsyncHttpClient-1-2] DEBUG org.asynchttpclient.netty.handler.HttpHandler - 

Request DefaultFullHttpRequest(decodeResult: success, version: HTTP/1.1, content: EmptyByteBufBE)
GET /session/2b7bb58503f43a2b3520c53fb7ffa171/screenshot HTTP/1.1
User-Agent: selenium/4.1.2 (java windows)
Cache-Control: no-cache
Content-Type: application/json; charset=utf-8
host: localhost:61706
accept: */*

Response DefaultHttpResponse(decodeResult: success, version: HTTP/1.1)
HTTP/1.1 200 OK
Content-Type: application/json; charset=utf-8
cache-control: no-cache
content-length: 98176

17:39:56.291 [AsyncHttpClient-1-2] DEBUG org.asynchttpclient.netty.channel.ChannelManager - Adding key: http://localhost:61706 for channel [id: 0x65a370a9, L:/127.0.0.1:57077 - R:localhost/127.0.0.1:61706]
17:39:56.297 [main] DEBUG net.serenitybdd.core.photography.Darkroom - Send negative for processing for target\site\serenity\c1bbefc8f6f290f788e69b5c978fe82c62468195b5b8263fb7fc169ae26d6164.png
17:39:56.298 [main] DEBUG net.thucydides.core.steps.StepInterceptor - STEP DONE: clickDepartmentOptionButton
17:39:56.298 [Darkroom Processing Line] DEBUG net.serenitybdd.core.photography.DarkroomProcessingLine - Processing screenshot image in /var/screenshots/screenshot-7310989141945790726
17:39:56.298 [Darkroom Processing Line] DEBUG net.serenitybdd.core.photography.DarkroomProcessingLine - Saving screenshot to target\site\serenity\c1bbefc8f6f290f788e69b5c978fe82c62468195b5b8263fb7fc169ae26d6164.png
17:39:56.310 [main] DEBUG net.thucydides.core.steps.StepInterceptor - STARTING STEP: AppointmentSteps.iInputValidDataAppointmentAndClickSubmit - inputAppointmentDate
17:39:56.313 [Forwarding findElement on session 2b7bb58503f43a2b3520c53fb7ffa171 to remote] DEBUG org.asynchttpclient.netty.request.NettyRequestSender - Using pooled Channel '[id: 0x65a370a9, L:/127.0.0.1:57077 - R:localhost/127.0.0.1:61706]' for 'POST' to 'http://localhost:61706/session/2b7bb58503f43a2b3520c53fb7ffa171/element'
17:39:56.313 [Forwarding findElement on session 2b7bb58503f43a2b3520c53fb7ffa171 to remote] DEBUG org.asynchttpclient.netty.request.NettyRequestSender - Using open Channel [id: 0x65a370a9, L:/127.0.0.1:57077 - R:localhost/127.0.0.1:61706] for POST '/session/2b7bb58503f43a2b3520c53fb7ffa171/element'
17:39:56.332 [AsyncHttpClient-1-2] DEBUG org.asynchttpclient.netty.handler.HttpHandler - 

Request DefaultHttpRequest(decodeResult: success, version: HTTP/1.1)
POST /session/2b7bb58503f43a2b3520c53fb7ffa171/element HTTP/1.1
User-Agent: selenium/4.1.2 (java windows)
Content-Length: 139
Content-Type: application/json; charset=utf-8
host: localhost:61706
accept: */*

Response DefaultHttpResponse(decodeResult: success, version: HTTP/1.1)
HTTP/1.1 200 OK
Content-Type: application/json; charset=utf-8
cache-control: no-cache
content-length: 88

17:39:56.332 [AsyncHttpClient-1-2] DEBUG org.asynchttpclient.netty.channel.ChannelManager - Adding key: http://localhost:61706 for channel [id: 0x65a370a9, L:/127.0.0.1:57077 - R:localhost/127.0.0.1:61706]
17:39:56.338 [Forwarding clearElement on session 2b7bb58503f43a2b3520c53fb7ffa171 to remote] DEBUG org.asynchttpclient.netty.request.NettyRequestSender - Using pooled Channel '[id: 0x65a370a9, L:/127.0.0.1:57077 - R:localhost/127.0.0.1:61706]' for 'POST' to 'http://localhost:61706/session/2b7bb58503f43a2b3520c53fb7ffa171/element/abea9569-7ca8-4418-ae76-7b7ff0dd73e6/clear'
17:39:56.338 [Forwarding clearElement on session 2b7bb58503f43a2b3520c53fb7ffa171 to remote] DEBUG org.asynchttpclient.netty.request.NettyRequestSender - Using open Channel [id: 0x65a370a9, L:/127.0.0.1:57077 - R:localhost/127.0.0.1:61706] for POST '/session/2b7bb58503f43a2b3520c53fb7ffa171/element/abea9569-7ca8-4418-ae76-7b7ff0dd73e6/clear'
17:39:56.385 [AsyncHttpClient-1-2] DEBUG org.asynchttpclient.netty.handler.HttpHandler - 

Request DefaultHttpRequest(decodeResult: success, version: HTTP/1.1)
POST /session/2b7bb58503f43a2b3520c53fb7ffa171/element/abea9569-7ca8-4418-ae76-7b7ff0dd73e6/clear HTTP/1.1
User-Agent: selenium/4.1.2 (java windows)
Content-Length: 50
Content-Type: application/json; charset=utf-8
host: localhost:61706
accept: */*

Response DefaultHttpResponse(decodeResult: success, version: HTTP/1.1)
HTTP/1.1 200 OK
Content-Type: application/json; charset=utf-8
cache-control: no-cache
content-length: 14

17:39:56.385 [AsyncHttpClient-1-2] DEBUG org.asynchttpclient.netty.channel.ChannelManager - Adding key: http://localhost:61706 for channel [id: 0x65a370a9, L:/127.0.0.1:57077 - R:localhost/127.0.0.1:61706]
17:39:56.389 [Forwarding sendKeysToElement on session 2b7bb58503f43a2b3520c53fb7ffa171 to remote] DEBUG org.asynchttpclient.netty.request.NettyRequestSender - Using pooled Channel '[id: 0x65a370a9, L:/127.0.0.1:57077 - R:localhost/127.0.0.1:61706]' for 'POST' to 'http://localhost:61706/session/2b7bb58503f43a2b3520c53fb7ffa171/element/abea9569-7ca8-4418-ae76-7b7ff0dd73e6/value'
17:39:56.389 [Forwarding sendKeysToElement on session 2b7bb58503f43a2b3520c53fb7ffa171 to remote] DEBUG org.asynchttpclient.netty.request.NettyRequestSender - Using open Channel [id: 0x65a370a9, L:/127.0.0.1:57077 - R:localhost/127.0.0.1:61706] for POST '/session/2b7bb58503f43a2b3520c53fb7ffa171/element/abea9569-7ca8-4418-ae76-7b7ff0dd73e6/value'
17:39:56.501 [AsyncHttpClient-1-1] DEBUG org.asynchttpclient.netty.channel.DefaultChannelPool - Entry count for : http://localhost:57080 : 1
17:39:56.573 [AsyncHttpClient-1-2] DEBUG org.asynchttpclient.netty.handler.HttpHandler - 

Request DefaultHttpRequest(decodeResult: success, version: HTTP/1.1)
POST /session/2b7bb58503f43a2b3520c53fb7ffa171/element/abea9569-7ca8-4418-ae76-7b7ff0dd73e6/value HTTP/1.1
User-Agent: selenium/4.1.2 (java windows)
Content-Length: 161
Content-Type: application/json; charset=utf-8
host: localhost:61706
accept: */*

Response DefaultHttpResponse(decodeResult: success, version: HTTP/1.1)
HTTP/1.1 200 OK
Content-Type: application/json; charset=utf-8
cache-control: no-cache
content-length: 14

17:39:56.573 [AsyncHttpClient-1-2] DEBUG org.asynchttpclient.netty.channel.ChannelManager - Adding key: http://localhost:61706 for channel [id: 0x65a370a9, L:/127.0.0.1:57077 - R:localhost/127.0.0.1:61706]
17:39:56.583 [Forwarding screenshot on session 2b7bb58503f43a2b3520c53fb7ffa171 to remote] DEBUG org.asynchttpclient.netty.request.NettyRequestSender - Using pooled Channel '[id: 0x65a370a9, L:/127.0.0.1:57077 - R:localhost/127.0.0.1:61706]' for 'GET' to 'http://localhost:61706/session/2b7bb58503f43a2b3520c53fb7ffa171/screenshot'
17:39:56.583 [Forwarding screenshot on session 2b7bb58503f43a2b3520c53fb7ffa171 to remote] DEBUG org.asynchttpclient.netty.request.NettyRequestSender - Using open Channel [id: 0x65a370a9, L:/127.0.0.1:57077 - R:localhost/127.0.0.1:61706] for GET '/session/2b7bb58503f43a2b3520c53fb7ffa171/screenshot'
17:39:56.730 [AsyncHttpClient-1-2] DEBUG org.asynchttpclient.netty.handler.HttpHandler - 

Request DefaultFullHttpRequest(decodeResult: success, version: HTTP/1.1, content: EmptyByteBufBE)
GET /session/2b7bb58503f43a2b3520c53fb7ffa171/screenshot HTTP/1.1
User-Agent: selenium/4.1.2 (java windows)
Cache-Control: no-cache
Content-Type: application/json; charset=utf-8
host: localhost:61706
accept: */*

Response DefaultHttpResponse(decodeResult: success, version: HTTP/1.1)
HTTP/1.1 200 OK
Content-Type: application/json; charset=utf-8
cache-control: no-cache
content-length: 81504

17:39:56.732 [AsyncHttpClient-1-2] DEBUG org.asynchttpclient.netty.channel.ChannelManager - Adding key: http://localhost:61706 for channel [id: 0x65a370a9, L:/127.0.0.1:57077 - R:localhost/127.0.0.1:61706]
17:39:56.740 [main] DEBUG net.serenitybdd.core.photography.Darkroom - Send negative for processing for target\site\serenity\1f19cfe959badad74a24fba705d3f40d74608575e15d66e84b25448e6a52d080.png
17:39:56.741 [main] DEBUG net.thucydides.core.steps.StepInterceptor - STEP DONE: inputAppointmentDate
17:39:56.741 [Darkroom Processing Line] DEBUG net.serenitybdd.core.photography.DarkroomProcessingLine - Processing screenshot image in /var/screenshots/screenshot-17297798385022894292
17:39:56.741 [Darkroom Processing Line] DEBUG net.serenitybdd.core.photography.DarkroomProcessingLine - Saving screenshot to target\site\serenity\1f19cfe959badad74a24fba705d3f40d74608575e15d66e84b25448e6a52d080.png
17:39:56.754 [main] DEBUG net.thucydides.core.steps.StepInterceptor - STARTING STEP: AppointmentSteps.iInputValidDataAppointmentAndClickSubmit - inputAppointmentTime
17:39:56.758 [Forwarding findElement on session 2b7bb58503f43a2b3520c53fb7ffa171 to remote] DEBUG org.asynchttpclient.netty.request.NettyRequestSender - Using pooled Channel '[id: 0x65a370a9, L:/127.0.0.1:57077 - R:localhost/127.0.0.1:61706]' for 'POST' to 'http://localhost:61706/session/2b7bb58503f43a2b3520c53fb7ffa171/element'
17:39:56.758 [Forwarding findElement on session 2b7bb58503f43a2b3520c53fb7ffa171 to remote] DEBUG org.asynchttpclient.netty.request.NettyRequestSender - Using open Channel [id: 0x65a370a9, L:/127.0.0.1:57077 - R:localhost/127.0.0.1:61706] for POST '/session/2b7bb58503f43a2b3520c53fb7ffa171/element'
17:39:56.779 [AsyncHttpClient-1-2] DEBUG org.asynchttpclient.netty.handler.HttpHandler - 

Request DefaultHttpRequest(decodeResult: success, version: HTTP/1.1)
POST /session/2b7bb58503f43a2b3520c53fb7ffa171/element HTTP/1.1
User-Agent: selenium/4.1.2 (java windows)
Content-Length: 139
Content-Type: application/json; charset=utf-8
host: localhost:61706
accept: */*

Response DefaultHttpResponse(decodeResult: success, version: HTTP/1.1)
HTTP/1.1 200 OK
Content-Type: application/json; charset=utf-8
cache-control: no-cache
content-length: 88

17:39:56.780 [AsyncHttpClient-1-2] DEBUG org.asynchttpclient.netty.channel.ChannelManager - Adding key: http://localhost:61706 for channel [id: 0x65a370a9, L:/127.0.0.1:57077 - R:localhost/127.0.0.1:61706]
17:39:56.783 [Forwarding clearElement on session 2b7bb58503f43a2b3520c53fb7ffa171 to remote] DEBUG org.asynchttpclient.netty.request.NettyRequestSender - Using pooled Channel '[id: 0x65a370a9, L:/127.0.0.1:57077 - R:localhost/127.0.0.1:61706]' for 'POST' to 'http://localhost:61706/session/2b7bb58503f43a2b3520c53fb7ffa171/element/e6354aac-83c8-4e86-bfdb-7dbc2de84fdd/clear'
17:39:56.783 [Forwarding clearElement on session 2b7bb58503f43a2b3520c53fb7ffa171 to remote] DEBUG org.asynchttpclient.netty.request.NettyRequestSender - Using open Channel [id: 0x65a370a9, L:/127.0.0.1:57077 - R:localhost/127.0.0.1:61706] for POST '/session/2b7bb58503f43a2b3520c53fb7ffa171/element/e6354aac-83c8-4e86-bfdb-7dbc2de84fdd/clear'
17:39:56.825 [AsyncHttpClient-1-2] DEBUG org.asynchttpclient.netty.handler.HttpHandler - 

Request DefaultHttpRequest(decodeResult: success, version: HTTP/1.1)
POST /session/2b7bb58503f43a2b3520c53fb7ffa171/element/e6354aac-83c8-4e86-bfdb-7dbc2de84fdd/clear HTTP/1.1
User-Agent: selenium/4.1.2 (java windows)
Content-Length: 50
Content-Type: application/json; charset=utf-8
host: localhost:61706
accept: */*

Response DefaultHttpResponse(decodeResult: success, version: HTTP/1.1)
HTTP/1.1 200 OK
Content-Type: application/json; charset=utf-8
cache-control: no-cache
content-length: 14

17:39:56.825 [AsyncHttpClient-1-2] DEBUG org.asynchttpclient.netty.channel.ChannelManager - Adding key: http://localhost:61706 for channel [id: 0x65a370a9, L:/127.0.0.1:57077 - R:localhost/127.0.0.1:61706]
17:39:56.830 [Forwarding sendKeysToElement on session 2b7bb58503f43a2b3520c53fb7ffa171 to remote] DEBUG org.asynchttpclient.netty.request.NettyRequestSender - Using pooled Channel '[id: 0x65a370a9, L:/127.0.0.1:57077 - R:localhost/127.0.0.1:61706]' for 'POST' to 'http://localhost:61706/session/2b7bb58503f43a2b3520c53fb7ffa171/element/e6354aac-83c8-4e86-bfdb-7dbc2de84fdd/value'
17:39:56.830 [Forwarding sendKeysToElement on session 2b7bb58503f43a2b3520c53fb7ffa171 to remote] DEBUG org.asynchttpclient.netty.request.NettyRequestSender - Using open Channel [id: 0x65a370a9, L:/127.0.0.1:57077 - R:localhost/127.0.0.1:61706] for POST '/session/2b7bb58503f43a2b3520c53fb7ffa171/element/e6354aac-83c8-4e86-bfdb-7dbc2de84fdd/value'
17:39:56.942 [AsyncHttpClient-1-2] DEBUG org.asynchttpclient.netty.handler.HttpHandler - 

Request DefaultHttpRequest(decodeResult: success, version: HTTP/1.1)
POST /session/2b7bb58503f43a2b3520c53fb7ffa171/element/e6354aac-83c8-4e86-bfdb-7dbc2de84fdd/value HTTP/1.1
User-Agent: selenium/4.1.2 (java windows)
Content-Length: 141
Content-Type: application/json; charset=utf-8
host: localhost:61706
accept: */*

Response DefaultHttpResponse(decodeResult: success, version: HTTP/1.1)
HTTP/1.1 200 OK
Content-Type: application/json; charset=utf-8
cache-control: no-cache
content-length: 14

17:39:56.943 [AsyncHttpClient-1-2] DEBUG org.asynchttpclient.netty.channel.ChannelManager - Adding key: http://localhost:61706 for channel [id: 0x65a370a9, L:/127.0.0.1:57077 - R:localhost/127.0.0.1:61706]
17:39:56.957 [Forwarding screenshot on session 2b7bb58503f43a2b3520c53fb7ffa171 to remote] DEBUG org.asynchttpclient.netty.request.NettyRequestSender - Using pooled Channel '[id: 0x65a370a9, L:/127.0.0.1:57077 - R:localhost/127.0.0.1:61706]' for 'GET' to 'http://localhost:61706/session/2b7bb58503f43a2b3520c53fb7ffa171/screenshot'
17:39:56.957 [Forwarding screenshot on session 2b7bb58503f43a2b3520c53fb7ffa171 to remote] DEBUG org.asynchttpclient.netty.request.NettyRequestSender - Using open Channel [id: 0x65a370a9, L:/127.0.0.1:57077 - R:localhost/127.0.0.1:61706] for GET '/session/2b7bb58503f43a2b3520c53fb7ffa171/screenshot'
17:39:57.094 [AsyncHttpClient-1-2] DEBUG org.asynchttpclient.netty.handler.HttpHandler - 

Request DefaultFullHttpRequest(decodeResult: success, version: HTTP/1.1, content: EmptyByteBufBE)
GET /session/2b7bb58503f43a2b3520c53fb7ffa171/screenshot HTTP/1.1
User-Agent: selenium/4.1.2 (java windows)
Cache-Control: no-cache
Content-Type: application/json; charset=utf-8
host: localhost:61706
accept: */*

Response DefaultHttpResponse(decodeResult: success, version: HTTP/1.1)
HTTP/1.1 200 OK
Content-Type: application/json; charset=utf-8
cache-control: no-cache
content-length: 83000

17:39:57.096 [AsyncHttpClient-1-2] DEBUG org.asynchttpclient.netty.channel.ChannelManager - Adding key: http://localhost:61706 for channel [id: 0x65a370a9, L:/127.0.0.1:57077 - R:localhost/127.0.0.1:61706]
17:39:57.102 [main] DEBUG net.serenitybdd.core.photography.Darkroom - Send negative for processing for target\site\serenity\d4df274f6b00cf18117c8bcb63c14291fc30699876dbf6e4bb9d405bf0d75ae0.png
17:39:57.103 [main] DEBUG net.thucydides.core.steps.StepInterceptor - STEP DONE: inputAppointmentTime
17:39:57.103 [Darkroom Processing Line] DEBUG net.serenitybdd.core.photography.DarkroomProcessingLine - Processing screenshot image in /var/screenshots/screenshot-16456336458608130556
17:39:57.103 [Darkroom Processing Line] DEBUG net.serenitybdd.core.photography.DarkroomProcessingLine - Saving screenshot to target\site\serenity\d4df274f6b00cf18117c8bcb63c14291fc30699876dbf6e4bb9d405bf0d75ae0.png
17:39:57.116 [main] DEBUG net.thucydides.core.steps.StepInterceptor - STARTING STEP: AppointmentSteps.iInputValidDataAppointmentAndClickSubmit - clickDoctorDropdownButton
17:39:57.122 [Forwarding findElement on session 2b7bb58503f43a2b3520c53fb7ffa171 to remote] DEBUG org.asynchttpclient.netty.request.NettyRequestSender - Using pooled Channel '[id: 0x65a370a9, L:/127.0.0.1:57077 - R:localhost/127.0.0.1:61706]' for 'POST' to 'http://localhost:61706/session/2b7bb58503f43a2b3520c53fb7ffa171/element'
17:39:57.123 [Forwarding findElement on session 2b7bb58503f43a2b3520c53fb7ffa171 to remote] DEBUG org.asynchttpclient.netty.request.NettyRequestSender - Using open Channel [id: 0x65a370a9, L:/127.0.0.1:57077 - R:localhost/127.0.0.1:61706] for POST '/session/2b7bb58503f43a2b3520c53fb7ffa171/element'
17:39:57.142 [AsyncHttpClient-1-2] DEBUG org.asynchttpclient.netty.handler.HttpHandler - 

Request DefaultHttpRequest(decodeResult: success, version: HTTP/1.1)
POST /session/2b7bb58503f43a2b3520c53fb7ffa171/element HTTP/1.1
User-Agent: selenium/4.1.2 (java windows)
Content-Length: 78
Content-Type: application/json; charset=utf-8
host: localhost:61706
accept: */*

Response DefaultHttpResponse(decodeResult: success, version: HTTP/1.1)
HTTP/1.1 200 OK
Content-Type: application/json; charset=utf-8
cache-control: no-cache
content-length: 88

17:39:57.143 [AsyncHttpClient-1-2] DEBUG org.asynchttpclient.netty.channel.ChannelManager - Adding key: http://localhost:61706 for channel [id: 0x65a370a9, L:/127.0.0.1:57077 - R:localhost/127.0.0.1:61706]
17:39:57.147 [Forwarding getElementTagName on session 2b7bb58503f43a2b3520c53fb7ffa171 to remote] DEBUG org.asynchttpclient.netty.request.NettyRequestSender - Using pooled Channel '[id: 0x65a370a9, L:/127.0.0.1:57077 - R:localhost/127.0.0.1:61706]' for 'GET' to 'http://localhost:61706/session/2b7bb58503f43a2b3520c53fb7ffa171/element/caa16b36-a624-4880-99ed-eb4ff6addcb9/name'
17:39:57.147 [Forwarding getElementTagName on session 2b7bb58503f43a2b3520c53fb7ffa171 to remote] DEBUG org.asynchttpclient.netty.request.NettyRequestSender - Using open Channel [id: 0x65a370a9, L:/127.0.0.1:57077 - R:localhost/127.0.0.1:61706] for GET '/session/2b7bb58503f43a2b3520c53fb7ffa171/element/caa16b36-a624-4880-99ed-eb4ff6addcb9/name'
17:39:57.153 [AsyncHttpClient-1-2] DEBUG org.asynchttpclient.netty.handler.HttpHandler - 

Request DefaultFullHttpRequest(decodeResult: success, version: HTTP/1.1, content: EmptyByteBufBE)
GET /session/2b7bb58503f43a2b3520c53fb7ffa171/element/caa16b36-a624-4880-99ed-eb4ff6addcb9/name HTTP/1.1
User-Agent: selenium/4.1.2 (java windows)
Cache-Control: no-cache
Content-Type: application/json; charset=utf-8
host: localhost:61706
accept: */*

Response DefaultHttpResponse(decodeResult: success, version: HTTP/1.1)
HTTP/1.1 200 OK
Content-Type: application/json; charset=utf-8
cache-control: no-cache
content-length: 15

17:39:57.153 [AsyncHttpClient-1-2] DEBUG org.asynchttpclient.netty.channel.ChannelManager - Adding key: http://localhost:61706 for channel [id: 0x65a370a9, L:/127.0.0.1:57077 - R:localhost/127.0.0.1:61706]
17:39:57.157 [Forwarding getElementTagName on session 2b7bb58503f43a2b3520c53fb7ffa171 to remote] DEBUG org.asynchttpclient.netty.request.NettyRequestSender - Using pooled Channel '[id: 0x65a370a9, L:/127.0.0.1:57077 - R:localhost/127.0.0.1:61706]' for 'GET' to 'http://localhost:61706/session/2b7bb58503f43a2b3520c53fb7ffa171/element/caa16b36-a624-4880-99ed-eb4ff6addcb9/name'
17:39:57.157 [Forwarding getElementTagName on session 2b7bb58503f43a2b3520c53fb7ffa171 to remote] DEBUG org.asynchttpclient.netty.request.NettyRequestSender - Using open Channel [id: 0x65a370a9, L:/127.0.0.1:57077 - R:localhost/127.0.0.1:61706] for GET '/session/2b7bb58503f43a2b3520c53fb7ffa171/element/caa16b36-a624-4880-99ed-eb4ff6addcb9/name'
17:39:57.163 [AsyncHttpClient-1-2] DEBUG org.asynchttpclient.netty.handler.HttpHandler - 

Request DefaultFullHttpRequest(decodeResult: success, version: HTTP/1.1, content: EmptyByteBufBE)
GET /session/2b7bb58503f43a2b3520c53fb7ffa171/element/caa16b36-a624-4880-99ed-eb4ff6addcb9/name HTTP/1.1
User-Agent: selenium/4.1.2 (java windows)
Cache-Control: no-cache
Content-Type: application/json; charset=utf-8
host: localhost:61706
accept: */*

Response DefaultHttpResponse(decodeResult: success, version: HTTP/1.1)
HTTP/1.1 200 OK
Content-Type: application/json; charset=utf-8
cache-control: no-cache
content-length: 15

17:39:57.163 [AsyncHttpClient-1-2] DEBUG org.asynchttpclient.netty.channel.ChannelManager - Adding key: http://localhost:61706 for channel [id: 0x65a370a9, L:/127.0.0.1:57077 - R:localhost/127.0.0.1:61706]
17:39:57.166 [Forwarding findElement on session 2b7bb58503f43a2b3520c53fb7ffa171 to remote] DEBUG org.asynchttpclient.netty.request.NettyRequestSender - Using pooled Channel '[id: 0x65a370a9, L:/127.0.0.1:57077 - R:localhost/127.0.0.1:61706]' for 'POST' to 'http://localhost:61706/session/2b7bb58503f43a2b3520c53fb7ffa171/element'
17:39:57.166 [Forwarding findElement on session 2b7bb58503f43a2b3520c53fb7ffa171 to remote] DEBUG org.asynchttpclient.netty.request.NettyRequestSender - Using open Channel [id: 0x65a370a9, L:/127.0.0.1:57077 - R:localhost/127.0.0.1:61706] for POST '/session/2b7bb58503f43a2b3520c53fb7ffa171/element'
17:39:57.175 [AsyncHttpClient-1-2] DEBUG org.asynchttpclient.netty.handler.HttpHandler - 

Request DefaultHttpRequest(decodeResult: success, version: HTTP/1.1)
POST /session/2b7bb58503f43a2b3520c53fb7ffa171/element HTTP/1.1
User-Agent: selenium/4.1.2 (java windows)
Content-Length: 78
Content-Type: application/json; charset=utf-8
host: localhost:61706
accept: */*

Response DefaultHttpResponse(decodeResult: success, version: HTTP/1.1)
HTTP/1.1 200 OK
Content-Type: application/json; charset=utf-8
cache-control: no-cache
content-length: 88

17:39:57.175 [AsyncHttpClient-1-2] DEBUG org.asynchttpclient.netty.channel.ChannelManager - Adding key: http://localhost:61706 for channel [id: 0x65a370a9, L:/127.0.0.1:57077 - R:localhost/127.0.0.1:61706]
17:39:57.179 [Forwarding clickElement on session 2b7bb58503f43a2b3520c53fb7ffa171 to remote] DEBUG org.asynchttpclient.netty.request.NettyRequestSender - Using pooled Channel '[id: 0x65a370a9, L:/127.0.0.1:57077 - R:localhost/127.0.0.1:61706]' for 'POST' to 'http://localhost:61706/session/2b7bb58503f43a2b3520c53fb7ffa171/element/caa16b36-a624-4880-99ed-eb4ff6addcb9/click'
17:39:57.179 [Forwarding clickElement on session 2b7bb58503f43a2b3520c53fb7ffa171 to remote] DEBUG org.asynchttpclient.netty.request.NettyRequestSender - Using open Channel [id: 0x65a370a9, L:/127.0.0.1:57077 - R:localhost/127.0.0.1:61706] for POST '/session/2b7bb58503f43a2b3520c53fb7ffa171/element/caa16b36-a624-4880-99ed-eb4ff6addcb9/click'
17:39:57.269 [AsyncHttpClient-1-2] DEBUG org.asynchttpclient.netty.handler.HttpHandler - 

Request DefaultHttpRequest(decodeResult: success, version: HTTP/1.1)
POST /session/2b7bb58503f43a2b3520c53fb7ffa171/element/caa16b36-a624-4880-99ed-eb4ff6addcb9/click HTTP/1.1
User-Agent: selenium/4.1.2 (java windows)
Content-Length: 50
Content-Type: application/json; charset=utf-8
host: localhost:61706
accept: */*

Response DefaultHttpResponse(decodeResult: success, version: HTTP/1.1)
HTTP/1.1 200 OK
Content-Type: application/json; charset=utf-8
cache-control: no-cache
content-length: 14

17:39:57.269 [AsyncHttpClient-1-2] DEBUG org.asynchttpclient.netty.channel.ChannelManager - Adding key: http://localhost:61706 for channel [id: 0x65a370a9, L:/127.0.0.1:57077 - R:localhost/127.0.0.1:61706]
17:39:57.281 [Forwarding screenshot on session 2b7bb58503f43a2b3520c53fb7ffa171 to remote] DEBUG org.asynchttpclient.netty.request.NettyRequestSender - Using pooled Channel '[id: 0x65a370a9, L:/127.0.0.1:57077 - R:localhost/127.0.0.1:61706]' for 'GET' to 'http://localhost:61706/session/2b7bb58503f43a2b3520c53fb7ffa171/screenshot'
17:39:57.282 [Forwarding screenshot on session 2b7bb58503f43a2b3520c53fb7ffa171 to remote] DEBUG org.asynchttpclient.netty.request.NettyRequestSender - Using open Channel [id: 0x65a370a9, L:/127.0.0.1:57077 - R:localhost/127.0.0.1:61706] for GET '/session/2b7bb58503f43a2b3520c53fb7ffa171/screenshot'
17:39:57.421 [AsyncHttpClient-1-2] DEBUG org.asynchttpclient.netty.handler.HttpHandler - 

Request DefaultFullHttpRequest(decodeResult: success, version: HTTP/1.1, content: EmptyByteBufBE)
GET /session/2b7bb58503f43a2b3520c53fb7ffa171/screenshot HTTP/1.1
User-Agent: selenium/4.1.2 (java windows)
Cache-Control: no-cache
Content-Type: application/json; charset=utf-8
host: localhost:61706
accept: */*

Response DefaultHttpResponse(decodeResult: success, version: HTTP/1.1)
HTTP/1.1 200 OK
Content-Type: application/json; charset=utf-8
cache-control: no-cache
content-length: 84800

17:39:57.422 [AsyncHttpClient-1-2] DEBUG org.asynchttpclient.netty.channel.ChannelManager - Adding key: http://localhost:61706 for channel [id: 0x65a370a9, L:/127.0.0.1:57077 - R:localhost/127.0.0.1:61706]
17:39:57.428 [main] DEBUG net.serenitybdd.core.photography.Darkroom - Send negative for processing for target\site\serenity\227043d008ffef2fd09487c43c16c909a6a600d100161398725c71ca60955f5f.png
17:39:57.428 [main] DEBUG net.thucydides.core.steps.StepInterceptor - STEP DONE: clickDoctorDropdownButton
17:39:57.429 [Darkroom Processing Line] DEBUG net.serenitybdd.core.photography.DarkroomProcessingLine - Processing screenshot image in /var/screenshots/screenshot-14171632088567268550
17:39:57.429 [Darkroom Processing Line] DEBUG net.serenitybdd.core.photography.DarkroomProcessingLine - Saving screenshot to target\site\serenity\227043d008ffef2fd09487c43c16c909a6a600d100161398725c71ca60955f5f.png
17:39:57.437 [main] DEBUG net.thucydides.core.steps.StepInterceptor - STARTING STEP: AppointmentSteps.iInputValidDataAppointmentAndClickSubmit - clickDoctorOptionButton
17:39:57.441 [Forwarding findElement on session 2b7bb58503f43a2b3520c53fb7ffa171 to remote] DEBUG org.asynchttpclient.netty.request.NettyRequestSender - Using pooled Channel '[id: 0x65a370a9, L:/127.0.0.1:57077 - R:localhost/127.0.0.1:61706]' for 'POST' to 'http://localhost:61706/session/2b7bb58503f43a2b3520c53fb7ffa171/element'
17:39:57.442 [Forwarding findElement on session 2b7bb58503f43a2b3520c53fb7ffa171 to remote] DEBUG org.asynchttpclient.netty.request.NettyRequestSender - Using open Channel [id: 0x65a370a9, L:/127.0.0.1:57077 - R:localhost/127.0.0.1:61706] for POST '/session/2b7bb58503f43a2b3520c53fb7ffa171/element'
17:39:57.594 [AsyncHttpClient-1-2] DEBUG org.asynchttpclient.netty.handler.HttpHandler - 

Request DefaultHttpRequest(decodeResult: success, version: HTTP/1.1)
POST /session/2b7bb58503f43a2b3520c53fb7ffa171/element HTTP/1.1
User-Agent: selenium/4.1.2 (java windows)
Content-Length: 115
Content-Type: application/json; charset=utf-8
host: localhost:61706
accept: */*

Response DefaultHttpResponse(decodeResult: success, version: HTTP/1.1)
HTTP/1.1 200 OK
Content-Type: application/json; charset=utf-8
cache-control: no-cache
content-length: 88

17:39:57.594 [AsyncHttpClient-1-2] DEBUG org.asynchttpclient.netty.channel.ChannelManager - Adding key: http://localhost:61706 for channel [id: 0x65a370a9, L:/127.0.0.1:57077 - R:localhost/127.0.0.1:61706]
17:39:57.598 [Forwarding getElementTagName on session 2b7bb58503f43a2b3520c53fb7ffa171 to remote] DEBUG org.asynchttpclient.netty.request.NettyRequestSender - Using pooled Channel '[id: 0x65a370a9, L:/127.0.0.1:57077 - R:localhost/127.0.0.1:61706]' for 'GET' to 'http://localhost:61706/session/2b7bb58503f43a2b3520c53fb7ffa171/element/f9516153-195f-4e56-9064-6fe8b7b044d1/name'
17:39:57.598 [Forwarding getElementTagName on session 2b7bb58503f43a2b3520c53fb7ffa171 to remote] DEBUG org.asynchttpclient.netty.request.NettyRequestSender - Using open Channel [id: 0x65a370a9, L:/127.0.0.1:57077 - R:localhost/127.0.0.1:61706] for GET '/session/2b7bb58503f43a2b3520c53fb7ffa171/element/f9516153-195f-4e56-9064-6fe8b7b044d1/name'
17:39:57.601 [AsyncHttpClient-1-1] DEBUG org.asynchttpclient.netty.channel.DefaultChannelPool - Entry count for : http://localhost:57080 : 1
17:39:57.604 [AsyncHttpClient-1-2] DEBUG org.asynchttpclient.netty.handler.HttpHandler - 

Request DefaultFullHttpRequest(decodeResult: success, version: HTTP/1.1, content: EmptyByteBufBE)
GET /session/2b7bb58503f43a2b3520c53fb7ffa171/element/f9516153-195f-4e56-9064-6fe8b7b044d1/name HTTP/1.1
User-Agent: selenium/4.1.2 (java windows)
Cache-Control: no-cache
Content-Type: application/json; charset=utf-8
host: localhost:61706
accept: */*

Response DefaultHttpResponse(decodeResult: success, version: HTTP/1.1)
HTTP/1.1 200 OK
Content-Type: application/json; charset=utf-8
cache-control: no-cache
content-length: 14

17:39:57.604 [AsyncHttpClient-1-2] DEBUG org.asynchttpclient.netty.channel.ChannelManager - Adding key: http://localhost:61706 for channel [id: 0x65a370a9, L:/127.0.0.1:57077 - R:localhost/127.0.0.1:61706]
17:39:57.607 [Forwarding getElementTagName on session 2b7bb58503f43a2b3520c53fb7ffa171 to remote] DEBUG org.asynchttpclient.netty.request.NettyRequestSender - Using pooled Channel '[id: 0x65a370a9, L:/127.0.0.1:57077 - R:localhost/127.0.0.1:61706]' for 'GET' to 'http://localhost:61706/session/2b7bb58503f43a2b3520c53fb7ffa171/element/f9516153-195f-4e56-9064-6fe8b7b044d1/name'
17:39:57.607 [Forwarding getElementTagName on session 2b7bb58503f43a2b3520c53fb7ffa171 to remote] DEBUG org.asynchttpclient.netty.request.NettyRequestSender - Using open Channel [id: 0x65a370a9, L:/127.0.0.1:57077 - R:localhost/127.0.0.1:61706] for GET '/session/2b7bb58503f43a2b3520c53fb7ffa171/element/f9516153-195f-4e56-9064-6fe8b7b044d1/name'
17:39:57.611 [AsyncHttpClient-1-2] DEBUG org.asynchttpclient.netty.handler.HttpHandler - 

Request DefaultFullHttpRequest(decodeResult: success, version: HTTP/1.1, content: EmptyByteBufBE)
GET /session/2b7bb58503f43a2b3520c53fb7ffa171/element/f9516153-195f-4e56-9064-6fe8b7b044d1/name HTTP/1.1
User-Agent: selenium/4.1.2 (java windows)
Cache-Control: no-cache
Content-Type: application/json; charset=utf-8
host: localhost:61706
accept: */*

Response DefaultHttpResponse(decodeResult: success, version: HTTP/1.1)
HTTP/1.1 200 OK
Content-Type: application/json; charset=utf-8
cache-control: no-cache
content-length: 14

17:39:57.612 [AsyncHttpClient-1-2] DEBUG org.asynchttpclient.netty.channel.ChannelManager - Adding key: http://localhost:61706 for channel [id: 0x65a370a9, L:/127.0.0.1:57077 - R:localhost/127.0.0.1:61706]
17:39:57.616 [Forwarding findElement on session 2b7bb58503f43a2b3520c53fb7ffa171 to remote] DEBUG org.asynchttpclient.netty.request.NettyRequestSender - Using pooled Channel '[id: 0x65a370a9, L:/127.0.0.1:57077 - R:localhost/127.0.0.1:61706]' for 'POST' to 'http://localhost:61706/session/2b7bb58503f43a2b3520c53fb7ffa171/element'
17:39:57.616 [Forwarding findElement on session 2b7bb58503f43a2b3520c53fb7ffa171 to remote] DEBUG org.asynchttpclient.netty.request.NettyRequestSender - Using open Channel [id: 0x65a370a9, L:/127.0.0.1:57077 - R:localhost/127.0.0.1:61706] for POST '/session/2b7bb58503f43a2b3520c53fb7ffa171/element'
17:39:57.625 [AsyncHttpClient-1-2] DEBUG org.asynchttpclient.netty.handler.HttpHandler - 

Request DefaultHttpRequest(decodeResult: success, version: HTTP/1.1)
POST /session/2b7bb58503f43a2b3520c53fb7ffa171/element HTTP/1.1
User-Agent: selenium/4.1.2 (java windows)
Content-Length: 115
Content-Type: application/json; charset=utf-8
host: localhost:61706
accept: */*

Response DefaultHttpResponse(decodeResult: success, version: HTTP/1.1)
HTTP/1.1 200 OK
Content-Type: application/json; charset=utf-8
cache-control: no-cache
content-length: 88

17:39:57.625 [AsyncHttpClient-1-2] DEBUG org.asynchttpclient.netty.channel.ChannelManager - Adding key: http://localhost:61706 for channel [id: 0x65a370a9, L:/127.0.0.1:57077 - R:localhost/127.0.0.1:61706]
17:39:57.628 [Forwarding clickElement on session 2b7bb58503f43a2b3520c53fb7ffa171 to remote] DEBUG org.asynchttpclient.netty.request.NettyRequestSender - Using pooled Channel '[id: 0x65a370a9, L:/127.0.0.1:57077 - R:localhost/127.0.0.1:61706]' for 'POST' to 'http://localhost:61706/session/2b7bb58503f43a2b3520c53fb7ffa171/element/f9516153-195f-4e56-9064-6fe8b7b044d1/click'
17:39:57.628 [Forwarding clickElement on session 2b7bb58503f43a2b3520c53fb7ffa171 to remote] DEBUG org.asynchttpclient.netty.request.NettyRequestSender - Using open Channel [id: 0x65a370a9, L:/127.0.0.1:57077 - R:localhost/127.0.0.1:61706] for POST '/session/2b7bb58503f43a2b3520c53fb7ffa171/element/f9516153-195f-4e56-9064-6fe8b7b044d1/click'
17:39:57.720 [AsyncHttpClient-1-2] DEBUG org.asynchttpclient.netty.handler.HttpHandler - 

Request DefaultHttpRequest(decodeResult: success, version: HTTP/1.1)
POST /session/2b7bb58503f43a2b3520c53fb7ffa171/element/f9516153-195f-4e56-9064-6fe8b7b044d1/click HTTP/1.1
User-Agent: selenium/4.1.2 (java windows)
Content-Length: 50
Content-Type: application/json; charset=utf-8
host: localhost:61706
accept: */*

Response DefaultHttpResponse(decodeResult: success, version: HTTP/1.1)
HTTP/1.1 200 OK
Content-Type: application/json; charset=utf-8
cache-control: no-cache
content-length: 14

17:39:57.721 [AsyncHttpClient-1-2] DEBUG org.asynchttpclient.netty.channel.ChannelManager - Adding key: http://localhost:61706 for channel [id: 0x65a370a9, L:/127.0.0.1:57077 - R:localhost/127.0.0.1:61706]
17:39:57.728 [Forwarding setTimeout on session 2b7bb58503f43a2b3520c53fb7ffa171 to remote] DEBUG org.asynchttpclient.netty.request.NettyRequestSender - Using pooled Channel '[id: 0x65a370a9, L:/127.0.0.1:57077 - R:localhost/127.0.0.1:61706]' for 'POST' to 'http://localhost:61706/session/2b7bb58503f43a2b3520c53fb7ffa171/timeouts'
17:39:57.728 [Forwarding setTimeout on session 2b7bb58503f43a2b3520c53fb7ffa171 to remote] DEBUG org.asynchttpclient.netty.request.NettyRequestSender - Using open Channel [id: 0x65a370a9, L:/127.0.0.1:57077 - R:localhost/127.0.0.1:61706] for POST '/session/2b7bb58503f43a2b3520c53fb7ffa171/timeouts'
17:39:57.730 [AsyncHttpClient-1-2] DEBUG org.asynchttpclient.netty.handler.HttpHandler - 

Request DefaultHttpRequest(decodeResult: success, version: HTTP/1.1)
POST /session/2b7bb58503f43a2b3520c53fb7ffa171/timeouts HTTP/1.1
User-Agent: selenium/4.1.2 (java windows)
Content-Length: 22
Content-Type: application/json; charset=utf-8
host: localhost:61706
accept: */*

Response DefaultHttpResponse(decodeResult: success, version: HTTP/1.1)
HTTP/1.1 200 OK
Content-Type: application/json; charset=utf-8
cache-control: no-cache
content-length: 14

17:39:57.730 [AsyncHttpClient-1-2] DEBUG org.asynchttpclient.netty.channel.ChannelManager - Adding key: http://localhost:61706 for channel [id: 0x65a370a9, L:/127.0.0.1:57077 - R:localhost/127.0.0.1:61706]
17:39:57.741 [Forwarding screenshot on session 2b7bb58503f43a2b3520c53fb7ffa171 to remote] DEBUG org.asynchttpclient.netty.request.NettyRequestSender - Using pooled Channel '[id: 0x65a370a9, L:/127.0.0.1:57077 - R:localhost/127.0.0.1:61706]' for 'GET' to 'http://localhost:61706/session/2b7bb58503f43a2b3520c53fb7ffa171/screenshot'
17:39:57.741 [Forwarding screenshot on session 2b7bb58503f43a2b3520c53fb7ffa171 to remote] DEBUG org.asynchttpclient.netty.request.NettyRequestSender - Using open Channel [id: 0x65a370a9, L:/127.0.0.1:57077 - R:localhost/127.0.0.1:61706] for GET '/session/2b7bb58503f43a2b3520c53fb7ffa171/screenshot'
17:39:57.865 [AsyncHttpClient-1-2] DEBUG org.asynchttpclient.netty.handler.HttpHandler - 

Request DefaultFullHttpRequest(decodeResult: success, version: HTTP/1.1, content: EmptyByteBufBE)
GET /session/2b7bb58503f43a2b3520c53fb7ffa171/screenshot HTTP/1.1
User-Agent: selenium/4.1.2 (java windows)
Cache-Control: no-cache
Content-Type: application/json; charset=utf-8
host: localhost:61706
accept: */*

Response DefaultHttpResponse(decodeResult: success, version: HTTP/1.1)
HTTP/1.1 200 OK
Content-Type: application/json; charset=utf-8
cache-control: no-cache
content-length: 87932

17:39:57.866 [AsyncHttpClient-1-2] DEBUG org.asynchttpclient.netty.channel.ChannelManager - Adding key: http://localhost:61706 for channel [id: 0x65a370a9, L:/127.0.0.1:57077 - R:localhost/127.0.0.1:61706]
17:39:57.871 [main] DEBUG net.serenitybdd.core.photography.Darkroom - Send negative for processing for target\site\serenity\915848f518bdd150a888c5b440b0f60341351c790d1ae7cc636233428515b352.png
17:39:57.871 [main] DEBUG net.thucydides.core.steps.StepInterceptor - STEP DONE: clickDoctorOptionButton
17:39:57.872 [Darkroom Processing Line] DEBUG net.serenitybdd.core.photography.DarkroomProcessingLine - Processing screenshot image in /var/screenshots/screenshot-3616546410760952413
17:39:57.872 [Darkroom Processing Line] DEBUG net.serenitybdd.core.photography.DarkroomProcessingLine - Saving screenshot to target\site\serenity\915848f518bdd150a888c5b440b0f60341351c790d1ae7cc636233428515b352.png
17:39:57.882 [main] DEBUG net.thucydides.core.steps.StepInterceptor - STARTING STEP: AppointmentSteps.iInputValidDataAppointmentAndClickSubmit - inputAppointmentReason
17:39:57.886 [Forwarding findElement on session 2b7bb58503f43a2b3520c53fb7ffa171 to remote] DEBUG org.asynchttpclient.netty.request.NettyRequestSender - Using pooled Channel '[id: 0x65a370a9, L:/127.0.0.1:57077 - R:localhost/127.0.0.1:61706]' for 'POST' to 'http://localhost:61706/session/2b7bb58503f43a2b3520c53fb7ffa171/element'
17:39:57.886 [Forwarding findElement on session 2b7bb58503f43a2b3520c53fb7ffa171 to remote] DEBUG org.asynchttpclient.netty.request.NettyRequestSender - Using open Channel [id: 0x65a370a9, L:/127.0.0.1:57077 - R:localhost/127.0.0.1:61706] for POST '/session/2b7bb58503f43a2b3520c53fb7ffa171/element'
17:39:57.903 [AsyncHttpClient-1-2] DEBUG org.asynchttpclient.netty.handler.HttpHandler - 

Request DefaultHttpRequest(decodeResult: success, version: HTTP/1.1)
POST /session/2b7bb58503f43a2b3520c53fb7ffa171/element HTTP/1.1
User-Agent: selenium/4.1.2 (java windows)
Content-Length: 77
Content-Type: application/json; charset=utf-8
host: localhost:61706
accept: */*

Response DefaultHttpResponse(decodeResult: success, version: HTTP/1.1)
HTTP/1.1 200 OK
Content-Type: application/json; charset=utf-8
cache-control: no-cache
content-length: 88

17:39:57.903 [AsyncHttpClient-1-2] DEBUG org.asynchttpclient.netty.channel.ChannelManager - Adding key: http://localhost:61706 for channel [id: 0x65a370a9, L:/127.0.0.1:57077 - R:localhost/127.0.0.1:61706]
17:39:57.907 [Forwarding clearElement on session 2b7bb58503f43a2b3520c53fb7ffa171 to remote] DEBUG org.asynchttpclient.netty.request.NettyRequestSender - Using pooled Channel '[id: 0x65a370a9, L:/127.0.0.1:57077 - R:localhost/127.0.0.1:61706]' for 'POST' to 'http://localhost:61706/session/2b7bb58503f43a2b3520c53fb7ffa171/element/930fef0c-6535-4697-8727-f03d0ea80fff/clear'
17:39:57.907 [Forwarding clearElement on session 2b7bb58503f43a2b3520c53fb7ffa171 to remote] DEBUG org.asynchttpclient.netty.request.NettyRequestSender - Using open Channel [id: 0x65a370a9, L:/127.0.0.1:57077 - R:localhost/127.0.0.1:61706] for POST '/session/2b7bb58503f43a2b3520c53fb7ffa171/element/930fef0c-6535-4697-8727-f03d0ea80fff/clear'
17:39:57.941 [AsyncHttpClient-1-2] DEBUG org.asynchttpclient.netty.handler.HttpHandler - 

Request DefaultHttpRequest(decodeResult: success, version: HTTP/1.1)
POST /session/2b7bb58503f43a2b3520c53fb7ffa171/element/930fef0c-6535-4697-8727-f03d0ea80fff/clear HTTP/1.1
User-Agent: selenium/4.1.2 (java windows)
Content-Length: 50
Content-Type: application/json; charset=utf-8
host: localhost:61706
accept: */*

Response DefaultHttpResponse(decodeResult: success, version: HTTP/1.1)
HTTP/1.1 200 OK
Content-Type: application/json; charset=utf-8
cache-control: no-cache
content-length: 14

17:39:57.941 [AsyncHttpClient-1-2] DEBUG org.asynchttpclient.netty.channel.ChannelManager - Adding key: http://localhost:61706 for channel [id: 0x65a370a9, L:/127.0.0.1:57077 - R:localhost/127.0.0.1:61706]
17:39:57.944 [Forwarding sendKeysToElement on session 2b7bb58503f43a2b3520c53fb7ffa171 to remote] DEBUG org.asynchttpclient.netty.request.NettyRequestSender - Using pooled Channel '[id: 0x65a370a9, L:/127.0.0.1:57077 - R:localhost/127.0.0.1:61706]' for 'POST' to 'http://localhost:61706/session/2b7bb58503f43a2b3520c53fb7ffa171/element/930fef0c-6535-4697-8727-f03d0ea80fff/value'
17:39:57.944 [Forwarding sendKeysToElement on session 2b7bb58503f43a2b3520c53fb7ffa171 to remote] DEBUG org.asynchttpclient.netty.request.NettyRequestSender - Using open Channel [id: 0x65a370a9, L:/127.0.0.1:57077 - R:localhost/127.0.0.1:61706] for POST '/session/2b7bb58503f43a2b3520c53fb7ffa171/element/930fef0c-6535-4697-8727-f03d0ea80fff/value'
17:39:58.326 [AsyncHttpClient-1-2] DEBUG org.asynchttpclient.netty.handler.HttpHandler - 

Request DefaultHttpRequest(decodeResult: success, version: HTTP/1.1)
POST /session/2b7bb58503f43a2b3520c53fb7ffa171/element/930fef0c-6535-4697-8727-f03d0ea80fff/value HTTP/1.1
User-Agent: selenium/4.1.2 (java windows)
Content-Length: 261
Content-Type: application/json; charset=utf-8
host: localhost:61706
accept: */*

Response DefaultHttpResponse(decodeResult: success, version: HTTP/1.1)
HTTP/1.1 200 OK
Content-Type: application/json; charset=utf-8
cache-control: no-cache
content-length: 14

17:39:58.326 [AsyncHttpClient-1-2] DEBUG org.asynchttpclient.netty.channel.ChannelManager - Adding key: http://localhost:61706 for channel [id: 0x65a370a9, L:/127.0.0.1:57077 - R:localhost/127.0.0.1:61706]
17:39:58.337 [Forwarding screenshot on session 2b7bb58503f43a2b3520c53fb7ffa171 to remote] DEBUG org.asynchttpclient.netty.request.NettyRequestSender - Using pooled Channel '[id: 0x65a370a9, L:/127.0.0.1:57077 - R:localhost/127.0.0.1:61706]' for 'GET' to 'http://localhost:61706/session/2b7bb58503f43a2b3520c53fb7ffa171/screenshot'
17:39:58.337 [Forwarding screenshot on session 2b7bb58503f43a2b3520c53fb7ffa171 to remote] DEBUG org.asynchttpclient.netty.request.NettyRequestSender - Using open Channel [id: 0x65a370a9, L:/127.0.0.1:57077 - R:localhost/127.0.0.1:61706] for GET '/session/2b7bb58503f43a2b3520c53fb7ffa171/screenshot'
17:39:58.468 [AsyncHttpClient-1-2] DEBUG org.asynchttpclient.netty.handler.HttpHandler - 

Request DefaultFullHttpRequest(decodeResult: success, version: HTTP/1.1, content: EmptyByteBufBE)
GET /session/2b7bb58503f43a2b3520c53fb7ffa171/screenshot HTTP/1.1
User-Agent: selenium/4.1.2 (java windows)
Cache-Control: no-cache
Content-Type: application/json; charset=utf-8
host: localhost:61706
accept: */*

Response DefaultHttpResponse(decodeResult: success, version: HTTP/1.1)
HTTP/1.1 200 OK
Content-Type: application/json; charset=utf-8
cache-control: no-cache
content-length: 82768

17:39:58.469 [AsyncHttpClient-1-2] DEBUG org.asynchttpclient.netty.channel.ChannelManager - Adding key: http://localhost:61706 for channel [id: 0x65a370a9, L:/127.0.0.1:57077 - R:localhost/127.0.0.1:61706]
17:39:58.480 [main] DEBUG net.serenitybdd.core.photography.Darkroom - Send negative for processing for target\site\serenity\b1b41ad7f3154f9a4a0fe4d6724ef3912bdfbe584780807f59b8388c416c2982.png
17:39:58.480 [main] DEBUG net.thucydides.core.steps.StepInterceptor - STEP DONE: inputAppointmentReason
17:39:58.480 [Darkroom Processing Line] DEBUG net.serenitybdd.core.photography.DarkroomProcessingLine - Processing screenshot image in /var/screenshots/screenshot-7156314486044095708
17:39:58.480 [Darkroom Processing Line] DEBUG net.serenitybdd.core.photography.DarkroomProcessingLine - Saving screenshot to target\site\serenity\b1b41ad7f3154f9a4a0fe4d6724ef3912bdfbe584780807f59b8388c416c2982.png
17:39:58.492 [main] DEBUG net.thucydides.core.steps.StepInterceptor - STARTING STEP: AppointmentSteps.iInputValidDataAppointmentAndClickSubmit - clickSubmitButton
17:39:58.496 [Forwarding findElement on session 2b7bb58503f43a2b3520c53fb7ffa171 to remote] DEBUG org.asynchttpclient.netty.request.NettyRequestSender - Using pooled Channel '[id: 0x65a370a9, L:/127.0.0.1:57077 - R:localhost/127.0.0.1:61706]' for 'POST' to 'http://localhost:61706/session/2b7bb58503f43a2b3520c53fb7ffa171/element'
17:39:58.496 [Forwarding findElement on session 2b7bb58503f43a2b3520c53fb7ffa171 to remote] DEBUG org.asynchttpclient.netty.request.NettyRequestSender - Using open Channel [id: 0x65a370a9, L:/127.0.0.1:57077 - R:localhost/127.0.0.1:61706] for POST '/session/2b7bb58503f43a2b3520c53fb7ffa171/element'
17:39:58.511 [AsyncHttpClient-1-2] DEBUG org.asynchttpclient.netty.handler.HttpHandler - 

Request DefaultHttpRequest(decodeResult: success, version: HTTP/1.1)
POST /session/2b7bb58503f43a2b3520c53fb7ffa171/element HTTP/1.1
User-Agent: selenium/4.1.2 (java windows)
Content-Length: 116
Content-Type: application/json; charset=utf-8
host: localhost:61706
accept: */*

Response DefaultHttpResponse(decodeResult: success, version: HTTP/1.1)
HTTP/1.1 200 OK
Content-Type: application/json; charset=utf-8
cache-control: no-cache
content-length: 88

17:39:58.511 [AsyncHttpClient-1-2] DEBUG org.asynchttpclient.netty.channel.ChannelManager - Adding key: http://localhost:61706 for channel [id: 0x65a370a9, L:/127.0.0.1:57077 - R:localhost/127.0.0.1:61706]
17:39:58.514 [Forwarding getElementTagName on session 2b7bb58503f43a2b3520c53fb7ffa171 to remote] DEBUG org.asynchttpclient.netty.request.NettyRequestSender - Using pooled Channel '[id: 0x65a370a9, L:/127.0.0.1:57077 - R:localhost/127.0.0.1:61706]' for 'GET' to 'http://localhost:61706/session/2b7bb58503f43a2b3520c53fb7ffa171/element/0825af6c-a0bb-49d2-9c24-cbad4e010938/name'
17:39:58.514 [Forwarding getElementTagName on session 2b7bb58503f43a2b3520c53fb7ffa171 to remote] DEBUG org.asynchttpclient.netty.request.NettyRequestSender - Using open Channel [id: 0x65a370a9, L:/127.0.0.1:57077 - R:localhost/127.0.0.1:61706] for GET '/session/2b7bb58503f43a2b3520c53fb7ffa171/element/0825af6c-a0bb-49d2-9c24-cbad4e010938/name'
17:39:58.521 [AsyncHttpClient-1-2] DEBUG org.asynchttpclient.netty.handler.HttpHandler - 

Request DefaultFullHttpRequest(decodeResult: success, version: HTTP/1.1, content: EmptyByteBufBE)
GET /session/2b7bb58503f43a2b3520c53fb7ffa171/element/0825af6c-a0bb-49d2-9c24-cbad4e010938/name HTTP/1.1
User-Agent: selenium/4.1.2 (java windows)
Cache-Control: no-cache
Content-Type: application/json; charset=utf-8
host: localhost:61706
accept: */*

Response DefaultHttpResponse(decodeResult: success, version: HTTP/1.1)
HTTP/1.1 200 OK
Content-Type: application/json; charset=utf-8
cache-control: no-cache
content-length: 18

17:39:58.521 [AsyncHttpClient-1-2] DEBUG org.asynchttpclient.netty.channel.ChannelManager - Adding key: http://localhost:61706 for channel [id: 0x65a370a9, L:/127.0.0.1:57077 - R:localhost/127.0.0.1:61706]
17:39:58.524 [Forwarding getElementTagName on session 2b7bb58503f43a2b3520c53fb7ffa171 to remote] DEBUG org.asynchttpclient.netty.request.NettyRequestSender - Using pooled Channel '[id: 0x65a370a9, L:/127.0.0.1:57077 - R:localhost/127.0.0.1:61706]' for 'GET' to 'http://localhost:61706/session/2b7bb58503f43a2b3520c53fb7ffa171/element/0825af6c-a0bb-49d2-9c24-cbad4e010938/name'
17:39:58.524 [Forwarding getElementTagName on session 2b7bb58503f43a2b3520c53fb7ffa171 to remote] DEBUG org.asynchttpclient.netty.request.NettyRequestSender - Using open Channel [id: 0x65a370a9, L:/127.0.0.1:57077 - R:localhost/127.0.0.1:61706] for GET '/session/2b7bb58503f43a2b3520c53fb7ffa171/element/0825af6c-a0bb-49d2-9c24-cbad4e010938/name'
17:39:58.530 [AsyncHttpClient-1-2] DEBUG org.asynchttpclient.netty.handler.HttpHandler - 

Request DefaultFullHttpRequest(decodeResult: success, version: HTTP/1.1, content: EmptyByteBufBE)
GET /session/2b7bb58503f43a2b3520c53fb7ffa171/element/0825af6c-a0bb-49d2-9c24-cbad4e010938/name HTTP/1.1
User-Agent: selenium/4.1.2 (java windows)
Cache-Control: no-cache
Content-Type: application/json; charset=utf-8
host: localhost:61706
accept: */*

Response DefaultHttpResponse(decodeResult: success, version: HTTP/1.1)
HTTP/1.1 200 OK
Content-Type: application/json; charset=utf-8
cache-control: no-cache
content-length: 18

17:39:58.530 [AsyncHttpClient-1-2] DEBUG org.asynchttpclient.netty.channel.ChannelManager - Adding key: http://localhost:61706 for channel [id: 0x65a370a9, L:/127.0.0.1:57077 - R:localhost/127.0.0.1:61706]
17:39:58.535 [Forwarding isElementEnabled on session 2b7bb58503f43a2b3520c53fb7ffa171 to remote] DEBUG org.asynchttpclient.netty.request.NettyRequestSender - Using pooled Channel '[id: 0x65a370a9, L:/127.0.0.1:57077 - R:localhost/127.0.0.1:61706]' for 'GET' to 'http://localhost:61706/session/2b7bb58503f43a2b3520c53fb7ffa171/element/0825af6c-a0bb-49d2-9c24-cbad4e010938/enabled'
17:39:58.535 [Forwarding isElementEnabled on session 2b7bb58503f43a2b3520c53fb7ffa171 to remote] DEBUG org.asynchttpclient.netty.request.NettyRequestSender - Using open Channel [id: 0x65a370a9, L:/127.0.0.1:57077 - R:localhost/127.0.0.1:61706] for GET '/session/2b7bb58503f43a2b3520c53fb7ffa171/element/0825af6c-a0bb-49d2-9c24-cbad4e010938/enabled'
17:39:58.547 [AsyncHttpClient-1-2] DEBUG org.asynchttpclient.netty.handler.HttpHandler - 

Request DefaultFullHttpRequest(decodeResult: success, version: HTTP/1.1, content: EmptyByteBufBE)
GET /session/2b7bb58503f43a2b3520c53fb7ffa171/element/0825af6c-a0bb-49d2-9c24-cbad4e010938/enabled HTTP/1.1
User-Agent: selenium/4.1.2 (java windows)
Cache-Control: no-cache
Content-Type: application/json; charset=utf-8
host: localhost:61706
accept: */*

Response DefaultHttpResponse(decodeResult: success, version: HTTP/1.1)
HTTP/1.1 200 OK
Content-Type: application/json; charset=utf-8
cache-control: no-cache
content-length: 14

17:39:58.547 [AsyncHttpClient-1-2] DEBUG org.asynchttpclient.netty.channel.ChannelManager - Adding key: http://localhost:61706 for channel [id: 0x65a370a9, L:/127.0.0.1:57077 - R:localhost/127.0.0.1:61706]
17:39:58.549 [Forwarding isElementEnabled on session 2b7bb58503f43a2b3520c53fb7ffa171 to remote] DEBUG org.asynchttpclient.netty.request.NettyRequestSender - Using pooled Channel '[id: 0x65a370a9, L:/127.0.0.1:57077 - R:localhost/127.0.0.1:61706]' for 'GET' to 'http://localhost:61706/session/2b7bb58503f43a2b3520c53fb7ffa171/element/0825af6c-a0bb-49d2-9c24-cbad4e010938/enabled'
17:39:58.550 [Forwarding isElementEnabled on session 2b7bb58503f43a2b3520c53fb7ffa171 to remote] DEBUG org.asynchttpclient.netty.request.NettyRequestSender - Using open Channel [id: 0x65a370a9, L:/127.0.0.1:57077 - R:localhost/127.0.0.1:61706] for GET '/session/2b7bb58503f43a2b3520c53fb7ffa171/element/0825af6c-a0bb-49d2-9c24-cbad4e010938/enabled'
17:39:58.557 [AsyncHttpClient-1-2] DEBUG org.asynchttpclient.netty.handler.HttpHandler - 

Request DefaultFullHttpRequest(decodeResult: success, version: HTTP/1.1, content: EmptyByteBufBE)
GET /session/2b7bb58503f43a2b3520c53fb7ffa171/element/0825af6c-a0bb-49d2-9c24-cbad4e010938/enabled HTTP/1.1
User-Agent: selenium/4.1.2 (java windows)
Cache-Control: no-cache
Content-Type: application/json; charset=utf-8
host: localhost:61706
accept: */*

Response DefaultHttpResponse(decodeResult: success, version: HTTP/1.1)
HTTP/1.1 200 OK
Content-Type: application/json; charset=utf-8
cache-control: no-cache
content-length: 14

17:39:58.558 [AsyncHttpClient-1-2] DEBUG org.asynchttpclient.netty.channel.ChannelManager - Adding key: http://localhost:61706 for channel [id: 0x65a370a9, L:/127.0.0.1:57077 - R:localhost/127.0.0.1:61706]
17:39:58.561 [Forwarding findElement on session 2b7bb58503f43a2b3520c53fb7ffa171 to remote] DEBUG org.asynchttpclient.netty.request.NettyRequestSender - Using pooled Channel '[id: 0x65a370a9, L:/127.0.0.1:57077 - R:localhost/127.0.0.1:61706]' for 'POST' to 'http://localhost:61706/session/2b7bb58503f43a2b3520c53fb7ffa171/element'
17:39:58.562 [Forwarding findElement on session 2b7bb58503f43a2b3520c53fb7ffa171 to remote] DEBUG org.asynchttpclient.netty.request.NettyRequestSender - Using open Channel [id: 0x65a370a9, L:/127.0.0.1:57077 - R:localhost/127.0.0.1:61706] for POST '/session/2b7bb58503f43a2b3520c53fb7ffa171/element'
17:39:58.571 [AsyncHttpClient-1-2] DEBUG org.asynchttpclient.netty.handler.HttpHandler - 

Request DefaultHttpRequest(decodeResult: success, version: HTTP/1.1)
POST /session/2b7bb58503f43a2b3520c53fb7ffa171/element HTTP/1.1
User-Agent: selenium/4.1.2 (java windows)
Content-Length: 116
Content-Type: application/json; charset=utf-8
host: localhost:61706
accept: */*

Response DefaultHttpResponse(decodeResult: success, version: HTTP/1.1)
HTTP/1.1 200 OK
Content-Type: application/json; charset=utf-8
cache-control: no-cache
content-length: 88

17:39:58.572 [AsyncHttpClient-1-2] DEBUG org.asynchttpclient.netty.channel.ChannelManager - Adding key: http://localhost:61706 for channel [id: 0x65a370a9, L:/127.0.0.1:57077 - R:localhost/127.0.0.1:61706]
17:39:58.581 [Forwarding clickElement on session 2b7bb58503f43a2b3520c53fb7ffa171 to remote] DEBUG org.asynchttpclient.netty.request.NettyRequestSender - Using pooled Channel '[id: 0x65a370a9, L:/127.0.0.1:57077 - R:localhost/127.0.0.1:61706]' for 'POST' to 'http://localhost:61706/session/2b7bb58503f43a2b3520c53fb7ffa171/element/0825af6c-a0bb-49d2-9c24-cbad4e010938/click'
17:39:58.581 [Forwarding clickElement on session 2b7bb58503f43a2b3520c53fb7ffa171 to remote] DEBUG org.asynchttpclient.netty.request.NettyRequestSender - Using open Channel [id: 0x65a370a9, L:/127.0.0.1:57077 - R:localhost/127.0.0.1:61706] for POST '/session/2b7bb58503f43a2b3520c53fb7ffa171/element/0825af6c-a0bb-49d2-9c24-cbad4e010938/click'
17:39:58.701 [AsyncHttpClient-1-1] DEBUG org.asynchttpclient.netty.channel.DefaultChannelPool - Entry count for : http://localhost:57080 : 1
17:39:58.728 [AsyncHttpClient-1-2] DEBUG org.asynchttpclient.netty.handler.HttpHandler - 

Request DefaultHttpRequest(decodeResult: success, version: HTTP/1.1)
POST /session/2b7bb58503f43a2b3520c53fb7ffa171/element/0825af6c-a0bb-49d2-9c24-cbad4e010938/click HTTP/1.1
User-Agent: selenium/4.1.2 (java windows)
Content-Length: 50
Content-Type: application/json; charset=utf-8
host: localhost:61706
accept: */*

Response DefaultHttpResponse(decodeResult: success, version: HTTP/1.1)
HTTP/1.1 200 OK
Content-Type: application/json; charset=utf-8
cache-control: no-cache
content-length: 14

17:39:58.728 [AsyncHttpClient-1-2] DEBUG org.asynchttpclient.netty.channel.ChannelManager - Adding key: http://localhost:61706 for channel [id: 0x65a370a9, L:/127.0.0.1:57077 - R:localhost/127.0.0.1:61706]
17:39:58.737 [Forwarding screenshot on session 2b7bb58503f43a2b3520c53fb7ffa171 to remote] DEBUG org.asynchttpclient.netty.request.NettyRequestSender - Using pooled Channel '[id: 0x65a370a9, L:/127.0.0.1:57077 - R:localhost/127.0.0.1:61706]' for 'GET' to 'http://localhost:61706/session/2b7bb58503f43a2b3520c53fb7ffa171/screenshot'
17:39:58.737 [Forwarding screenshot on session 2b7bb58503f43a2b3520c53fb7ffa171 to remote] DEBUG org.asynchttpclient.netty.request.NettyRequestSender - Using open Channel [id: 0x65a370a9, L:/127.0.0.1:57077 - R:localhost/127.0.0.1:61706] for GET '/session/2b7bb58503f43a2b3520c53fb7ffa171/screenshot'
17:39:58.891 [AsyncHttpClient-1-2] DEBUG org.asynchttpclient.netty.handler.HttpHandler - 

Request DefaultFullHttpRequest(decodeResult: success, version: HTTP/1.1, content: EmptyByteBufBE)
GET /session/2b7bb58503f43a2b3520c53fb7ffa171/screenshot HTTP/1.1
User-Agent: selenium/4.1.2 (java windows)
Cache-Control: no-cache
Content-Type: application/json; charset=utf-8
host: localhost:61706
accept: */*

Response DefaultHttpResponse(decodeResult: success, version: HTTP/1.1)
HTTP/1.1 200 OK
Content-Type: application/json; charset=utf-8
cache-control: no-cache
content-length: 83496

17:39:58.892 [AsyncHttpClient-1-2] DEBUG org.asynchttpclient.netty.channel.ChannelManager - Adding key: http://localhost:61706 for channel [id: 0x65a370a9, L:/127.0.0.1:57077 - R:localhost/127.0.0.1:61706]
17:39:58.900 [main] DEBUG net.serenitybdd.core.photography.Darkroom - Send negative for processing for target\site\serenity\5df3f3f4a88212d37bc23fd4cf215084c2b2ea75219a799e597d611feead1930.png
17:39:58.900 [main] DEBUG net.thucydides.core.steps.StepInterceptor - STEP DONE: clickSubmitButton
17:39:58.900 [Darkroom Processing Line] DEBUG net.serenitybdd.core.photography.DarkroomProcessingLine - Processing screenshot image in /var/screenshots/screenshot-2086614849506103744
17:39:58.900 [Darkroom Processing Line] DEBUG net.serenitybdd.core.photography.DarkroomProcessingLine - Saving screenshot to target\site\serenity\5df3f3f4a88212d37bc23fd4cf215084c2b2ea75219a799e597d611feead1930.png
  &amp#27;[32mAnd &amp#27;[0m&amp#27;[32mI input valid data Appointment and click submit&amp#27;[0m             &amp#27;[90m# starter.stepdefinitions.AppointmentSteps.iInputValidDataAppointmentAndClickSubmit()&amp#27;[0m
17:39:58.928 [main] DEBUG net.thucydides.core.steps.StepInterceptor - STARTING STEP: AppointmentSteps.iGetNewAppointmentHasBeenAddedResult - newAppointmentAdded
17:39:58.932 [Forwarding findElement on session 2b7bb58503f43a2b3520c53fb7ffa171 to remote] DEBUG org.asynchttpclient.netty.request.NettyRequestSender - Using pooled Channel '[id: 0x65a370a9, L:/127.0.0.1:57077 - R:localhost/127.0.0.1:61706]' for 'POST' to 'http://localhost:61706/session/2b7bb58503f43a2b3520c53fb7ffa171/element'
17:39:58.933 [Forwarding findElement on session 2b7bb58503f43a2b3520c53fb7ffa171 to remote] DEBUG org.asynchttpclient.netty.request.NettyRequestSender - Using open Channel [id: 0x65a370a9, L:/127.0.0.1:57077 - R:localhost/127.0.0.1:61706] for POST '/session/2b7bb58503f43a2b3520c53fb7ffa171/element'
17:39:59.801 [AsyncHttpClient-1-1] DEBUG org.asynchttpclient.netty.channel.DefaultChannelPool - Entry count for : http://localhost:57080 : 1
17:39:59.912 [AsyncHttpClient-1-2] DEBUG org.asynchttpclient.netty.handler.HttpHandler - 

Request DefaultHttpRequest(decodeResult: success, version: HTTP/1.1)
POST /session/2b7bb58503f43a2b3520c53fb7ffa171/element HTTP/1.1
User-Agent: selenium/4.1.2 (java windows)
Content-Length: 74
Content-Type: application/json; charset=utf-8
host: localhost:61706
accept: */*

Response DefaultHttpResponse(decodeResult: success, version: HTTP/1.1)
HTTP/1.1 200 OK
Content-Type: application/json; charset=utf-8
cache-control: no-cache
content-length: 88

17:39:59.914 [AsyncHttpClient-1-2] DEBUG org.asynchttpclient.netty.channel.ChannelManager - Adding key: http://localhost:61706 for channel [id: 0x65a370a9, L:/127.0.0.1:57077 - R:localhost/127.0.0.1:61706]
17:39:59.924 [Forwarding isElementDisplayed on session 2b7bb58503f43a2b3520c53fb7ffa171 to remote] DEBUG org.asynchttpclient.netty.request.NettyRequestSender - Using pooled Channel '[id: 0x65a370a9, L:/127.0.0.1:57077 - R:localhost/127.0.0.1:61706]' for 'POST' to 'http://localhost:61706/session/2b7bb58503f43a2b3520c53fb7ffa171/execute/sync'
17:39:59.924 [Forwarding isElementDisplayed on session 2b7bb58503f43a2b3520c53fb7ffa171 to remote] DEBUG org.asynchttpclient.netty.request.NettyRequestSender - Using open Channel [id: 0x65a370a9, L:/127.0.0.1:57077 - R:localhost/127.0.0.1:61706] for POST '/session/2b7bb58503f43a2b3520c53fb7ffa171/execute/sync'
17:39:59.979 [AsyncHttpClient-1-2] DEBUG org.asynchttpclient.netty.handler.HttpHandler - 

Request DefaultHttpRequest(decodeResult: success, version: HTTP/1.1)
POST /session/2b7bb58503f43a2b3520c53fb7ffa171/execute/sync HTTP/1.1
User-Agent: selenium/4.1.2 (java windows)
Content-Length: 48780
Content-Type: application/json; charset=utf-8
host: localhost:61706
accept: */*

Response DefaultHttpResponse(decodeResult: success, version: HTTP/1.1)
HTTP/1.1 200 OK
Content-Type: application/json; charset=utf-8
cache-control: no-cache
content-length: 14

17:39:59.980 [AsyncHttpClient-1-2] DEBUG org.asynchttpclient.netty.channel.ChannelManager - Adding key: http://localhost:61706 for channel [id: 0x65a370a9, L:/127.0.0.1:57077 - R:localhost/127.0.0.1:61706]
17:39:59.999 [Forwarding screenshot on session 2b7bb58503f43a2b3520c53fb7ffa171 to remote] DEBUG org.asynchttpclient.netty.request.NettyRequestSender - Using pooled Channel '[id: 0x65a370a9, L:/127.0.0.1:57077 - R:localhost/127.0.0.1:61706]' for 'GET' to 'http://localhost:61706/session/2b7bb58503f43a2b3520c53fb7ffa171/screenshot'
17:40:00.000 [Forwarding screenshot on session 2b7bb58503f43a2b3520c53fb7ffa171 to remote] DEBUG org.asynchttpclient.netty.request.NettyRequestSender - Using open Channel [id: 0x65a370a9, L:/127.0.0.1:57077 - R:localhost/127.0.0.1:61706] for GET '/session/2b7bb58503f43a2b3520c53fb7ffa171/screenshot'
17:40:00.216 [AsyncHttpClient-1-2] DEBUG org.asynchttpclient.netty.handler.HttpHandler - 

Request DefaultFullHttpRequest(decodeResult: success, version: HTTP/1.1, content: EmptyByteBufBE)
GET /session/2b7bb58503f43a2b3520c53fb7ffa171/screenshot HTTP/1.1
User-Agent: selenium/4.1.2 (java windows)
Cache-Control: no-cache
Content-Type: application/json; charset=utf-8
host: localhost:61706
accept: */*

Response DefaultHttpResponse(decodeResult: success, version: HTTP/1.1)
HTTP/1.1 200 OK
Content-Type: application/json; charset=utf-8
cache-control: no-cache
content-length: 100768

17:40:00.217 [AsyncHttpClient-1-2] DEBUG org.asynchttpclient.netty.channel.ChannelManager - Adding key: http://localhost:61706 for channel [id: 0x65a370a9, L:/127.0.0.1:57077 - R:localhost/127.0.0.1:61706]
17:40:00.223 [main] DEBUG net.serenitybdd.core.photography.Darkroom - Send negative for processing for target\site\serenity\8f86d193edc3a0394fa4286f6078f70882d4d7dfd7c42de3539415b4f85bf977.png
17:40:00.224 [main] DEBUG net.thucydides.core.steps.StepInterceptor - STEP DONE: newAppointmentAdded
17:40:00.224 [Darkroom Processing Line] DEBUG net.serenitybdd.core.photography.DarkroomProcessingLine - Processing screenshot image in /var/screenshots/screenshot-1717972934641765882
17:40:00.224 [Darkroom Processing Line] DEBUG net.serenitybdd.core.photography.DarkroomProcessingLine - Saving screenshot to target\site\serenity\8f86d193edc3a0394fa4286f6078f70882d4d7dfd7c42de3539415b4f85bf977.png
  &amp#27;[32mThen &amp#27;[0m&amp#27;[32mI get New Appointment has been added result&amp#27;[0m                &amp#27;[90m# starter.stepdefinitions.AppointmentSteps.iGetNewAppointmentHasBeenAddedResult()&amp#27;[0m
17:40:00.236 [main] INFO  - 
  _____   ___   ___   _____     ___     _     ___   ___   ___   ___  
 |_   _| | __| / __| |_   _|   | _ \   /_\   / __| / __| | __| |   \ 
   | |   | _|  \__ \   | |     |  _/  / _ \  \__ \ \__ \ | _|  | |) |
   |_|   |___| |___/   |_|     |_|   /_/ \_\ |___/ |___/ |___| |___/ 

Create New Appointment With Registered Patient Scenario
----------------------------------------------------------------------
17:40:00.445 [Driver Command Executor] DEBUG org.asynchttpclient.netty.request.NettyRequestSender - Using pooled Channel '[id: 0x65a370a9, L:/127.0.0.1:57077 - R:localhost/127.0.0.1:61706]' for 'DELETE' to 'http://localhost:61706/session/2b7bb58503f43a2b3520c53fb7ffa171'
17:40:00.446 [Driver Command Executor] DEBUG org.asynchttpclient.netty.request.NettyRequestSender - Using open Channel [id: 0x65a370a9, L:/127.0.0.1:57077 - R:localhost/127.0.0.1:61706] for DELETE '/session/2b7bb58503f43a2b3520c53fb7ffa171'
17:40:00.447 [AsyncHttpClient-1-4] DEBUG org.asynchttpclient.netty.handler.WebSocketHandler - Channel Closed: [id: 0xb45e83f7, L:/127.0.0.1:57109 ! R:localhost/127.0.0.1:57080] with attribute NettyResponseFuture{currentRetry=5,
	isDone=1,
	isCancelled=0,
	asyncHandler=org.asynchttpclient.ws.WebSocketUpgradeHandler@3dde4a8,
	nettyRequest=org.asynchttpclient.netty.request.NettyRequest@60fbd165,
	future=java.util.concurrent.CompletableFuture@bb16ef2[Completed normally],
	uri=ws://localhost:57080/devtools/browser/4d7e9aaf-f4d4-4b4e-a019-fed8f77be973,
	keepAlive=true,
	redirectCount=0,
	timeoutsHolder=null,
	inAuth=0,
	touch=1655548778534}
17:40:00.448 [AsyncHttpClient-1-4] DEBUG org.asynchttpclient.netty.channel.ChannelManager - Closing Channel [id: 0xb45e83f7, L:/127.0.0.1:57109 ! R:localhost/127.0.0.1:57080] 
17:40:00.602 [AsyncHttpClient-1-2] DEBUG org.asynchttpclient.netty.handler.HttpHandler - 

Request DefaultFullHttpRequest(decodeResult: success, version: HTTP/1.1, content: EmptyByteBufBE)
DELETE /session/2b7bb58503f43a2b3520c53fb7ffa171 HTTP/1.1
User-Agent: selenium/4.1.2 (java windows)
Content-Type: application/json; charset=utf-8
host: localhost:61706
accept: */*

Response DefaultHttpResponse(decodeResult: success, version: HTTP/1.1)
HTTP/1.1 200 OK
Content-Type: application/json; charset=utf-8
cache-control: no-cache
content-length: 14

17:40:00.602 [AsyncHttpClient-1-2] DEBUG org.asynchttpclient.netty.channel.ChannelManager - Adding key: http://localhost:61706 for channel [id: 0x65a370a9, L:/127.0.0.1:57077 - R:localhost/127.0.0.1:61706]
17:40:00.625 [AsyncHttpClient-1-3] DEBUG org.asynchttpclient.netty.handler.HttpHandler - Unexpected I/O exception on channel [id: 0xd619d75c, L:/127.0.0.1:57108 - R:localhost/127.0.0.1:57080]
java.net.SocketException: Connection reset
	at java.base/sun.nio.ch.SocketChannelImpl.throwConnectionReset(SocketChannelImpl.java:367)
	at java.base/sun.nio.ch.SocketChannelImpl.read(SocketChannelImpl.java:398)
	at io.netty.buffer.PooledByteBuf.setBytes(PooledByteBuf.java:258)
	at io.netty.buffer.AbstractByteBuf.writeBytes(AbstractByteBuf.java:1132)
	at io.netty.channel.socket.nio.NioSocketChannel.doReadBytes(NioSocketChannel.java:350)
	at io.netty.channel.nio.AbstractNioByteChannel$NioByteUnsafe.read(AbstractNioByteChannel.java:151)
	at io.netty.channel.nio.NioEventLoop.processSelectedKey(NioEventLoop.java:722)
	at io.netty.channel.nio.NioEventLoop.processSelectedKeysOptimized(NioEventLoop.java:658)
	at io.netty.channel.nio.NioEventLoop.processSelectedKeys(NioEventLoop.java:584)
	at io.netty.channel.nio.NioEventLoop.run(NioEventLoop.java:496)
	at io.netty.util.concurrent.SingleThreadEventExecutor$4.run(SingleThreadEventExecutor.java:986)
	at io.netty.util.internal.ThreadExecutorMap$2.run(ThreadExecutorMap.java:74)
	at io.netty.util.concurrent.FastThreadLocalRunnable.run(FastThreadLocalRunnable.java:30)
	at java.base/java.lang.Thread.run(Thread.java:832)
17:40:00.625 [AsyncHttpClient-1-3] DEBUG org.asynchttpclient.netty.channel.ChannelManager - Closing Channel [id: 0xd619d75c, L:/127.0.0.1:57108 - R:localhost/127.0.0.1:57080] 
17:40:00.639 [AsyncHttpClient-1-3] DEBUG org.asynchttpclient.netty.handler.HttpHandler - Channel Closed: [id: 0xd619d75c, L:/127.0.0.1:57108 ! R:localhost/127.0.0.1:57080] with attribute DISCARD
17:40:00.725 [AsyncHttpClient-1-2] DEBUG org.asynchttpclient.netty.handler.HttpHandler - Channel Closed: [id: 0x65a370a9, L:/127.0.0.1:57077 ! R:localhost/127.0.0.1:61706] with attribute DISCARD
17:40:00.901 [AsyncHttpClient-1-1] DEBUG org.asynchttpclient.netty.channel.DefaultChannelPool - Entry count for : http://localhost:61706 : 1
17:40:00.901 [AsyncHttpClient-1-1] DEBUG org.asynchttpclient.netty.channel.DefaultChannelPool - Entry count for : http://localhost:57080 : 1
17:40:00.901 [AsyncHttpClient-1-1] DEBUG org.asynchttpclient.netty.channel.DefaultChannelPool - Adding Candidate expired Channel [id: 0x65a370a9, L:/127.0.0.1:57077 ! R:localhost/127.0.0.1:61706] isIdleTimeoutExpired=false isRemotelyClosed=true isTtlExpired=false
17:40:00.901 [AsyncHttpClient-1-1] DEBUG org.asynchttpclient.netty.channel.DefaultChannelPool - Closing Idle Channel [id: 0x65a370a9, L:/127.0.0.1:57077 ! R:localhost/127.0.0.1:61706]
17:40:00.901 [AsyncHttpClient-1-1] DEBUG org.asynchttpclient.netty.channel.DefaultChannelPool - Adding Candidate expired Channel [id: 0xd619d75c, L:/127.0.0.1:57108 ! R:localhost/127.0.0.1:57080] isIdleTimeoutExpired=false isRemotelyClosed=true isTtlExpired=false
17:40:00.901 [AsyncHttpClient-1-1] DEBUG org.asynchttpclient.netty.channel.DefaultChannelPool - Closing Idle Channel [id: 0xd619d75c, L:/127.0.0.1:57108 ! R:localhost/127.0.0.1:57080]
17:40:00.902 [AsyncHttpClient-1-1] DEBUG org.asynchttpclient.netty.channel.DefaultChannelPool - Closed 2 connections out of 2 in 1 ms
]]></system-out>
    <system-err><![CDATA[Starting ChromeDriver 102.0.5005.61 (0e59bcc00cc4985ce39ad31c150065f159d95ad3-refs/branch-heads/5005@{#819}) on port 61706
Only local connections are allowed.
Please see https://chromedriver.chromium.org/security-considerations for suggestions on keeping ChromeDriver safe.
ChromeDriver was started successfully.
Jun 18, 2022 5:39:38 PM org.openqa.selenium.remote.ProtocolHandshake createSession
INFO: Detected dialect: W3C
Jun 18, 2022 5:39:38 PM org.openqa.selenium.devtools.CdpVersionFinder findNearestMatch
WARNING: Unable to find an exact match for CDP version 102, so returning the closest version found: a no-op implementation
Jun 18, 2022 5:39:38 PM org.openqa.selenium.devtools.CdpVersionFinder findNearestMatch
INFO: Unable to find CDP implementation matching 102.
Jun 18, 2022 5:39:38 PM org.openqa.selenium.chromium.ChromiumDriver lambda$new$3
WARNING: Unable to find version of CDP to use for . You may need to include a dependency on a specific version of the CDP using something similar to `org.seleniumhq.selenium:selenium-devtools-v86:4.1.2` where the version ("v86") matches the version of the chromium-based browser you're using and the version number of the artifact is the same as Selenium's.
]]></system-err>
  </testcase>
  <testcase name="Create New Appointment With Unregistered Patient Scenario" classname="Appointment" time="22.81">
    <system-out><![CDATA[
@Appointment @CreateUnregisAppointment
Scenario: Create New Appointment With Unregistered Patient Scenario &amp#27;[90m# src/test/resources/features/1.Appointment.feature:17&amp#27;[0m
17:40:01.262 [main] INFO io.cucumber.core.plugin.SerenityReporter - Running feature from file:///E:/My%20Documents/File%20Difa/TI%20Semester%206%20Kampus%20Merdeka%20Alterra/Tugas/CAPSTONE%20Project/Capstone-Project-Website/src/test/resources/features/1.Appointment.feature
17:40:01.267 [main] INFO  - 
  _____   ___   ___   _____     ___   _____     _     ___   _____   ___   ___  
 |_   _| | __| / __| |_   _|   / __| |_   _|   /_\   | _ \ |_   _| | __| |   \ 
   | |   | _|  \__ \   | |     \__ \   | |    / _ \  |   /   | |   | _|  | |) |
   |_|   |___| |___/   |_|     |___/   |_|   /_/ \_\ |_|_\   |_|   |___| |___/ 

Create New Appointment With Unregistered Patient Scenario(appointment;create-new-appointment-with-unregistered-patient-scenario)
--------------------------------------------------------------------------------
17:40:01.296 [main] DEBUG net.thucydides.core.steps.StepInterceptor - STARTING STEP: DashboardSteps.iAmOnTheDashboardPage - openUrl
17:40:01.298 [main] INFO net.serenitybdd.core.webdriver.driverproviders.ChromeDriverProvider - Using automatically driver download
17:40:01.485 [main] DEBUG io.github.bonigarcia.wdm.cache.ResolutionCache - Resolution chrome=102 in cache (valid until 18:14:23 18/06/2022 ICT)
17:40:01.499 [main] DEBUG io.github.bonigarcia.wdm.cache.ResolutionCache - Resolution chrome102=102.0.5005.61 in cache (valid until 17:29:52 19/06/2022 ICT)
17:40:01.507 [main] INFO io.github.bonigarcia.wdm.WebDriverManager - Using chromedriver 102.0.5005.61 (resolved driver for Chrome 102)
17:40:01.613 [main] DEBUG io.github.bonigarcia.wdm.WebDriverManager - Driver chromedriver 102.0.5005.61 found in cache
17:40:01.614 [main] INFO io.github.bonigarcia.wdm.WebDriverManager - Exporting webdriver.chrome.driver as C:\Users\USER\.cache\selenium\chromedriver\win32\102.0.5005.61\chromedriver.exe
17:40:01.909 [main] DEBUG net.serenitybdd.core.webdriver.driverproviders.ProvideNewDriver - Instantiating driver
17:40:01.909 [main] DEBUG net.serenitybdd.core.webdriver.driverproviders.ProvideNewDriver - Driver capabilities: Capabilities {acceptInsecureCerts: false, base.url: https://hospital-management..., browserName: chrome, chrome.driver: src/test/resources/webdrive..., driver: chrome, goog:chromeOptions: {args: [], extensions: []}}
17:40:03.484 [AsyncHttpClient-1-5] DEBUG org.asynchttpclient.netty.channel.NettyConnectListener - Using new Channel '[id: 0x97ec9786, L:/127.0.0.1:57150 - R:localhost/127.0.0.1:60173]' for 'POST' to '/session'
17:40:06.906 [AsyncHttpClient-1-5] DEBUG org.asynchttpclient.netty.handler.HttpHandler - 

Request DefaultHttpRequest(decodeResult: success, version: HTTP/1.1)
POST /session HTTP/1.1
User-Agent: selenium/4.1.2 (java windows)
Content-Length: 621
Content-Type: application/json; charset=utf-8
host: localhost:60173
accept: */*

Response DefaultHttpResponse(decodeResult: success, version: HTTP/1.1)
HTTP/1.1 200 OK
Content-Type: application/json; charset=utf-8
cache-control: no-cache
content-length: 789

17:40:06.906 [AsyncHttpClient-1-5] DEBUG org.asynchttpclient.netty.channel.ChannelManager - Adding key: http://localhost:60173 for channel [id: 0x97ec9786, L:/127.0.0.1:57150 - R:localhost/127.0.0.1:60173]
17:40:06.922 [AsyncHttpClient-1-6] DEBUG org.asynchttpclient.netty.channel.NettyConnectListener - Using new Channel '[id: 0xf9a82b58, L:/127.0.0.1:57159 - R:localhost/127.0.0.1:57153]' for 'GET' to '/json/version'
17:40:06.951 [AsyncHttpClient-1-6] DEBUG org.asynchttpclient.netty.handler.HttpHandler - 

Request DefaultFullHttpRequest(decodeResult: success, version: HTTP/1.1, content: EmptyByteBufBE)
GET /json/version HTTP/1.1
User-Agent: selenium/4.1.2 (java windows)
host: localhost:57153
accept: */*

Response DefaultHttpResponse(decodeResult: success, version: HTTP/1.1)
HTTP/1.1 200 OK
Content-Type: application/json; charset=UTF-8
content-length: 427

17:40:06.951 [AsyncHttpClient-1-6] DEBUG org.asynchttpclient.netty.channel.ChannelManager - Adding key: http://localhost:57153 for channel [id: 0xf9a82b58, L:/127.0.0.1:57159 - R:localhost/127.0.0.1:57153]
17:40:06.957 [AsyncHttpClient-1-7] DEBUG org.asynchttpclient.netty.channel.NettyConnectListener - Using new Channel '[id: 0xe0a4f545, L:/127.0.0.1:57161 - R:localhost/127.0.0.1:57153]' for 'GET' to '/devtools/browser/908bdd6b-273b-4ccc-ad00-b6364cecec14'
17:40:06.975 [AsyncHttpClient-1-7] DEBUG org.asynchttpclient.netty.handler.WebSocketHandler - 

Request DefaultFullHttpRequest(decodeResult: success, version: HTTP/1.1, content: EmptyByteBufBE)
GET /devtools/browser/908bdd6b-273b-4ccc-ad00-b6364cecec14 HTTP/1.1
upgrade: websocket
connection: upgrade
sec-websocket-key: Ox4IB0PuW0LNswDxe6avfA==
sec-websocket-version: 13
origin: http://localhost:57153
host: localhost:57153
accept: */*
user-agent: AHC/2.1

Response DefaultHttpResponse(decodeResult: success, version: HTTP/1.1)
HTTP/1.1 101 WebSocket Protocol Handshake
Upgrade: WebSocket
Connection: Upgrade
Sec-WebSocket-Accept: opnVvtihMX/yZ4oiRs4/fpac9to=

17:40:06.986 [Forwarding maximizeCurrentWindow on session ab8675458dd73faf579f4a449ba97ea5 to remote] DEBUG org.asynchttpclient.netty.request.NettyRequestSender - Using pooled Channel '[id: 0x97ec9786, L:/127.0.0.1:57150 - R:localhost/127.0.0.1:60173]' for 'POST' to 'http://localhost:60173/session/ab8675458dd73faf579f4a449ba97ea5/window/maximize'
17:40:06.986 [Forwarding maximizeCurrentWindow on session ab8675458dd73faf579f4a449ba97ea5 to remote] DEBUG org.asynchttpclient.netty.request.NettyRequestSender - Using open Channel [id: 0x97ec9786, L:/127.0.0.1:57150 - R:localhost/127.0.0.1:60173] for POST '/session/ab8675458dd73faf579f4a449ba97ea5/window/maximize'
17:40:07.113 [AsyncHttpClient-1-5] DEBUG org.asynchttpclient.netty.handler.HttpHandler - 

Request DefaultHttpRequest(decodeResult: success, version: HTTP/1.1)
POST /session/ab8675458dd73faf579f4a449ba97ea5/window/maximize HTTP/1.1
User-Agent: selenium/4.1.2 (java windows)
Content-Length: 3
Content-Type: application/json; charset=utf-8
host: localhost:60173
accept: */*

Response DefaultHttpResponse(decodeResult: success, version: HTTP/1.1)
HTTP/1.1 200 OK
Content-Type: application/json; charset=utf-8
cache-control: no-cache
content-length: 51

17:40:07.113 [AsyncHttpClient-1-5] DEBUG org.asynchttpclient.netty.channel.ChannelManager - Adding key: http://localhost:60173 for channel [id: 0x97ec9786, L:/127.0.0.1:57150 - R:localhost/127.0.0.1:60173]
17:40:07.115 [Forwarding get on session ab8675458dd73faf579f4a449ba97ea5 to remote] DEBUG org.asynchttpclient.netty.request.NettyRequestSender - Using pooled Channel '[id: 0x97ec9786, L:/127.0.0.1:57150 - R:localhost/127.0.0.1:60173]' for 'POST' to 'http://localhost:60173/session/ab8675458dd73faf579f4a449ba97ea5/url'
17:40:07.115 [Forwarding get on session ab8675458dd73faf579f4a449ba97ea5 to remote] DEBUG org.asynchttpclient.netty.request.NettyRequestSender - Using open Channel [id: 0x97ec9786, L:/127.0.0.1:57150 - R:localhost/127.0.0.1:60173] for POST '/session/ab8675458dd73faf579f4a449ba97ea5/url'
17:40:07.501 [AsyncHttpClient-1-1] DEBUG org.asynchttpclient.netty.channel.DefaultChannelPool - Entry count for : http://localhost:57153 : 1
17:40:08.601 [AsyncHttpClient-1-1] DEBUG org.asynchttpclient.netty.channel.DefaultChannelPool - Entry count for : http://localhost:57153 : 1
17:40:09.701 [AsyncHttpClient-1-1] DEBUG org.asynchttpclient.netty.channel.DefaultChannelPool - Entry count for : http://localhost:57153 : 1
17:40:10.801 [AsyncHttpClient-1-1] DEBUG org.asynchttpclient.netty.channel.DefaultChannelPool - Entry count for : http://localhost:57153 : 1
17:40:11.902 [AsyncHttpClient-1-1] DEBUG org.asynchttpclient.netty.channel.DefaultChannelPool - Entry count for : http://localhost:57153 : 1
17:40:13.002 [AsyncHttpClient-1-1] DEBUG org.asynchttpclient.netty.channel.DefaultChannelPool - Entry count for : http://localhost:57153 : 1
17:40:14.101 [AsyncHttpClient-1-1] DEBUG org.asynchttpclient.netty.channel.DefaultChannelPool - Entry count for : http://localhost:57153 : 1
17:40:15.201 [AsyncHttpClient-1-1] DEBUG org.asynchttpclient.netty.channel.DefaultChannelPool - Entry count for : http://localhost:57153 : 1
17:40:16.301 [AsyncHttpClient-1-1] DEBUG org.asynchttpclient.netty.channel.DefaultChannelPool - Entry count for : http://localhost:57153 : 1
17:40:17.023 [AsyncHttpClient-1-5] DEBUG org.asynchttpclient.netty.handler.HttpHandler - 

Request DefaultHttpRequest(decodeResult: success, version: HTTP/1.1)
POST /session/ab8675458dd73faf579f4a449ba97ea5/url HTTP/1.1
User-Agent: selenium/4.1.2 (java windows)
Content-Length: 65
Content-Type: application/json; charset=utf-8
host: localhost:60173
accept: */*

Response DefaultHttpResponse(decodeResult: success, version: HTTP/1.1)
HTTP/1.1 200 OK
Content-Type: application/json; charset=utf-8
cache-control: no-cache
content-length: 14

17:40:17.024 [AsyncHttpClient-1-5] DEBUG org.asynchttpclient.netty.channel.ChannelManager - Adding key: http://localhost:60173 for channel [id: 0x97ec9786, L:/127.0.0.1:57150 - R:localhost/127.0.0.1:60173]
17:40:17.028 [Forwarding setTimeout on session ab8675458dd73faf579f4a449ba97ea5 to remote] DEBUG org.asynchttpclient.netty.request.NettyRequestSender - Using pooled Channel '[id: 0x97ec9786, L:/127.0.0.1:57150 - R:localhost/127.0.0.1:60173]' for 'POST' to 'http://localhost:60173/session/ab8675458dd73faf579f4a449ba97ea5/timeouts'
17:40:17.028 [Forwarding setTimeout on session ab8675458dd73faf579f4a449ba97ea5 to remote] DEBUG org.asynchttpclient.netty.request.NettyRequestSender - Using open Channel [id: 0x97ec9786, L:/127.0.0.1:57150 - R:localhost/127.0.0.1:60173] for POST '/session/ab8675458dd73faf579f4a449ba97ea5/timeouts'
17:40:17.031 [AsyncHttpClient-1-5] DEBUG org.asynchttpclient.netty.handler.HttpHandler - 

Request DefaultHttpRequest(decodeResult: success, version: HTTP/1.1)
POST /session/ab8675458dd73faf579f4a449ba97ea5/timeouts HTTP/1.1
User-Agent: selenium/4.1.2 (java windows)
Content-Length: 22
Content-Type: application/json; charset=utf-8
host: localhost:60173
accept: */*

Response DefaultHttpResponse(decodeResult: success, version: HTTP/1.1)
HTTP/1.1 200 OK
Content-Type: application/json; charset=utf-8
cache-control: no-cache
content-length: 14

17:40:17.031 [AsyncHttpClient-1-5] DEBUG org.asynchttpclient.netty.channel.ChannelManager - Adding key: http://localhost:60173 for channel [id: 0x97ec9786, L:/127.0.0.1:57150 - R:localhost/127.0.0.1:60173]
17:40:17.039 [Forwarding getCurrentUrl on session ab8675458dd73faf579f4a449ba97ea5 to remote] DEBUG org.asynchttpclient.netty.request.NettyRequestSender - Using pooled Channel '[id: 0x97ec9786, L:/127.0.0.1:57150 - R:localhost/127.0.0.1:60173]' for 'GET' to 'http://localhost:60173/session/ab8675458dd73faf579f4a449ba97ea5/url'
17:40:17.040 [Forwarding getCurrentUrl on session ab8675458dd73faf579f4a449ba97ea5 to remote] DEBUG org.asynchttpclient.netty.request.NettyRequestSender - Using open Channel [id: 0x97ec9786, L:/127.0.0.1:57150 - R:localhost/127.0.0.1:60173] for GET '/session/ab8675458dd73faf579f4a449ba97ea5/url'
17:40:17.296 [AsyncHttpClient-1-5] DEBUG org.asynchttpclient.netty.handler.HttpHandler - 

Request DefaultFullHttpRequest(decodeResult: success, version: HTTP/1.1, content: EmptyByteBufBE)
GET /session/ab8675458dd73faf579f4a449ba97ea5/url HTTP/1.1
User-Agent: selenium/4.1.2 (java windows)
Cache-Control: no-cache
Content-Type: application/json; charset=utf-8
host: localhost:60173
accept: */*

Response DefaultHttpResponse(decodeResult: success, version: HTTP/1.1)
HTTP/1.1 200 OK
Content-Type: application/json; charset=utf-8
cache-control: no-cache
content-length: 53

17:40:17.297 [AsyncHttpClient-1-5] DEBUG org.asynchttpclient.netty.channel.ChannelManager - Adding key: http://localhost:60173 for channel [id: 0x97ec9786, L:/127.0.0.1:57150 - R:localhost/127.0.0.1:60173]
17:40:17.301 [Forwarding getCurrentUrl on session ab8675458dd73faf579f4a449ba97ea5 to remote] DEBUG org.asynchttpclient.netty.request.NettyRequestSender - Using pooled Channel '[id: 0x97ec9786, L:/127.0.0.1:57150 - R:localhost/127.0.0.1:60173]' for 'GET' to 'http://localhost:60173/session/ab8675458dd73faf579f4a449ba97ea5/url'
17:40:17.302 [Forwarding getCurrentUrl on session ab8675458dd73faf579f4a449ba97ea5 to remote] DEBUG org.asynchttpclient.netty.request.NettyRequestSender - Using open Channel [id: 0x97ec9786, L:/127.0.0.1:57150 - R:localhost/127.0.0.1:60173] for GET '/session/ab8675458dd73faf579f4a449ba97ea5/url'
17:40:17.307 [AsyncHttpClient-1-5] DEBUG org.asynchttpclient.netty.handler.HttpHandler - 

Request DefaultFullHttpRequest(decodeResult: success, version: HTTP/1.1, content: EmptyByteBufBE)
GET /session/ab8675458dd73faf579f4a449ba97ea5/url HTTP/1.1
User-Agent: selenium/4.1.2 (java windows)
Cache-Control: no-cache
Content-Type: application/json; charset=utf-8
host: localhost:60173
accept: */*

Response DefaultHttpResponse(decodeResult: success, version: HTTP/1.1)
HTTP/1.1 200 OK
Content-Type: application/json; charset=utf-8
cache-control: no-cache
content-length: 53

17:40:17.308 [AsyncHttpClient-1-5] DEBUG org.asynchttpclient.netty.channel.ChannelManager - Adding key: http://localhost:60173 for channel [id: 0x97ec9786, L:/127.0.0.1:57150 - R:localhost/127.0.0.1:60173]
17:40:17.317 [Forwarding screenshot on session ab8675458dd73faf579f4a449ba97ea5 to remote] DEBUG org.asynchttpclient.netty.request.NettyRequestSender - Using pooled Channel '[id: 0x97ec9786, L:/127.0.0.1:57150 - R:localhost/127.0.0.1:60173]' for 'GET' to 'http://localhost:60173/session/ab8675458dd73faf579f4a449ba97ea5/screenshot'
17:40:17.317 [Forwarding screenshot on session ab8675458dd73faf579f4a449ba97ea5 to remote] DEBUG org.asynchttpclient.netty.request.NettyRequestSender - Using open Channel [id: 0x97ec9786, L:/127.0.0.1:57150 - R:localhost/127.0.0.1:60173] for GET '/session/ab8675458dd73faf579f4a449ba97ea5/screenshot'
17:40:17.401 [AsyncHttpClient-1-1] DEBUG org.asynchttpclient.netty.channel.DefaultChannelPool - Entry count for : http://localhost:57153 : 1
17:40:17.732 [AsyncHttpClient-1-5] DEBUG org.asynchttpclient.netty.handler.HttpHandler - 

Request DefaultFullHttpRequest(decodeResult: success, version: HTTP/1.1, content: EmptyByteBufBE)
GET /session/ab8675458dd73faf579f4a449ba97ea5/screenshot HTTP/1.1
User-Agent: selenium/4.1.2 (java windows)
Cache-Control: no-cache
Content-Type: application/json; charset=utf-8
host: localhost:60173
accept: */*

Response DefaultHttpResponse(decodeResult: success, version: HTTP/1.1)
HTTP/1.1 200 OK
Content-Type: application/json; charset=utf-8
cache-control: no-cache
content-length: 338432

17:40:17.738 [AsyncHttpClient-1-5] DEBUG org.asynchttpclient.netty.channel.ChannelManager - Adding key: http://localhost:60173 for channel [id: 0x97ec9786, L:/127.0.0.1:57150 - R:localhost/127.0.0.1:60173]
17:40:17.765 [main] DEBUG net.serenitybdd.core.photography.Darkroom - Send negative for processing for target\site\serenity\4f1cd20d6c001f78faf7a5f780d1658ef75f7165d9ef5472d561c0b82d71818f.png
17:40:17.765 [main] DEBUG net.thucydides.core.steps.StepInterceptor - STEP DONE: openUrl
17:40:17.766 [Darkroom Processing Line] DEBUG net.serenitybdd.core.photography.DarkroomProcessingLine - Processing screenshot image in /var/screenshots/screenshot-836865299123960271
17:40:17.766 [Darkroom Processing Line] DEBUG net.serenitybdd.core.photography.DarkroomProcessingLine - Saving screenshot to target\site\serenity\4f1cd20d6c001f78faf7a5f780d1658ef75f7165d9ef5472d561c0b82d71818f.png
17:40:17.775 [main] DEBUG net.thucydides.core.steps.StepInterceptor - STARTING STEP: DashboardSteps.iAmOnTheDashboardPage - validateOnDashboardPage
17:40:17.780 [Forwarding findElement on session ab8675458dd73faf579f4a449ba97ea5 to remote] DEBUG org.asynchttpclient.netty.request.NettyRequestSender - Using pooled Channel '[id: 0x97ec9786, L:/127.0.0.1:57150 - R:localhost/127.0.0.1:60173]' for 'POST' to 'http://localhost:60173/session/ab8675458dd73faf579f4a449ba97ea5/element'
17:40:17.780 [Forwarding findElement on session ab8675458dd73faf579f4a449ba97ea5 to remote] DEBUG org.asynchttpclient.netty.request.NettyRequestSender - Using open Channel [id: 0x97ec9786, L:/127.0.0.1:57150 - R:localhost/127.0.0.1:60173] for POST '/session/ab8675458dd73faf579f4a449ba97ea5/element'
17:40:18.020 [AsyncHttpClient-1-5] DEBUG org.asynchttpclient.netty.handler.HttpHandler - 

Request DefaultHttpRequest(decodeResult: success, version: HTTP/1.1)
POST /session/ab8675458dd73faf579f4a449ba97ea5/element HTTP/1.1
User-Agent: selenium/4.1.2 (java windows)
Content-Length: 81
Content-Type: application/json; charset=utf-8
host: localhost:60173
accept: */*

Response DefaultHttpResponse(decodeResult: success, version: HTTP/1.1)
HTTP/1.1 200 OK
Content-Type: application/json; charset=utf-8
cache-control: no-cache
content-length: 88

17:40:18.020 [AsyncHttpClient-1-5] DEBUG org.asynchttpclient.netty.channel.ChannelManager - Adding key: http://localhost:60173 for channel [id: 0x97ec9786, L:/127.0.0.1:57150 - R:localhost/127.0.0.1:60173]
17:40:18.026 [Forwarding isElementDisplayed on session ab8675458dd73faf579f4a449ba97ea5 to remote] DEBUG org.asynchttpclient.netty.request.NettyRequestSender - Using pooled Channel '[id: 0x97ec9786, L:/127.0.0.1:57150 - R:localhost/127.0.0.1:60173]' for 'POST' to 'http://localhost:60173/session/ab8675458dd73faf579f4a449ba97ea5/execute/sync'
17:40:18.026 [Forwarding isElementDisplayed on session ab8675458dd73faf579f4a449ba97ea5 to remote] DEBUG org.asynchttpclient.netty.request.NettyRequestSender - Using open Channel [id: 0x97ec9786, L:/127.0.0.1:57150 - R:localhost/127.0.0.1:60173] for POST '/session/ab8675458dd73faf579f4a449ba97ea5/execute/sync'
17:40:18.090 [AsyncHttpClient-1-5] DEBUG org.asynchttpclient.netty.handler.HttpHandler - 

Request DefaultHttpRequest(decodeResult: success, version: HTTP/1.1)
POST /session/ab8675458dd73faf579f4a449ba97ea5/execute/sync HTTP/1.1
User-Agent: selenium/4.1.2 (java windows)
Content-Length: 48780
Content-Type: application/json; charset=utf-8
host: localhost:60173
accept: */*

Response DefaultHttpResponse(decodeResult: success, version: HTTP/1.1)
HTTP/1.1 200 OK
Content-Type: application/json; charset=utf-8
cache-control: no-cache
content-length: 14

17:40:18.091 [AsyncHttpClient-1-5] DEBUG org.asynchttpclient.netty.channel.ChannelManager - Adding key: http://localhost:60173 for channel [id: 0x97ec9786, L:/127.0.0.1:57150 - R:localhost/127.0.0.1:60173]
17:40:18.108 [Forwarding screenshot on session ab8675458dd73faf579f4a449ba97ea5 to remote] DEBUG org.asynchttpclient.netty.request.NettyRequestSender - Using pooled Channel '[id: 0x97ec9786, L:/127.0.0.1:57150 - R:localhost/127.0.0.1:60173]' for 'GET' to 'http://localhost:60173/session/ab8675458dd73faf579f4a449ba97ea5/screenshot'
17:40:18.108 [Forwarding screenshot on session ab8675458dd73faf579f4a449ba97ea5 to remote] DEBUG org.asynchttpclient.netty.request.NettyRequestSender - Using open Channel [id: 0x97ec9786, L:/127.0.0.1:57150 - R:localhost/127.0.0.1:60173] for GET '/session/ab8675458dd73faf579f4a449ba97ea5/screenshot'
17:40:18.400 [AsyncHttpClient-1-5] DEBUG org.asynchttpclient.netty.handler.HttpHandler - 

Request DefaultFullHttpRequest(decodeResult: success, version: HTTP/1.1, content: EmptyByteBufBE)
GET /session/ab8675458dd73faf579f4a449ba97ea5/screenshot HTTP/1.1
User-Agent: selenium/4.1.2 (java windows)
Cache-Control: no-cache
Content-Type: application/json; charset=utf-8
host: localhost:60173
accept: */*

Response DefaultHttpResponse(decodeResult: success, version: HTTP/1.1)
HTTP/1.1 200 OK
Content-Type: application/json; charset=utf-8
cache-control: no-cache
content-length: 355488

17:40:18.404 [AsyncHttpClient-1-5] DEBUG org.asynchttpclient.netty.channel.ChannelManager - Adding key: http://localhost:60173 for channel [id: 0x97ec9786, L:/127.0.0.1:57150 - R:localhost/127.0.0.1:60173]
17:40:18.432 [main] DEBUG net.serenitybdd.core.photography.Darkroom - Send negative for processing for target\site\serenity\a10b50d14b154c59ce68b20a4dbf22a8de5c213cdb6f20cc7f2a508819dbff67.png
17:40:18.432 [main] DEBUG net.thucydides.core.steps.StepInterceptor - STEP DONE: validateOnDashboardPage
  &amp#27;[32mGiven &amp#27;[0m&amp#27;[32mI am on the dashboard page&amp#27;[0m                                  &amp#27;[90m# starter.stepdefinitions.DashboardSteps.iAmOnTheDashboardPage()&amp#27;[0m
17:40:18.432 [Darkroom Processing Line] DEBUG net.serenitybdd.core.photography.DarkroomProcessingLine - Processing screenshot image in /var/screenshots/screenshot-11893073277673996104
17:40:18.432 [Darkroom Processing Line] DEBUG net.serenitybdd.core.photography.DarkroomProcessingLine - Saving screenshot to target\site\serenity\a10b50d14b154c59ce68b20a4dbf22a8de5c213cdb6f20cc7f2a508819dbff67.png
17:40:18.493 [Forwarding screenshot on session ab8675458dd73faf579f4a449ba97ea5 to remote] DEBUG org.asynchttpclient.netty.request.NettyRequestSender - Using pooled Channel '[id: 0x97ec9786, L:/127.0.0.1:57150 - R:localhost/127.0.0.1:60173]' for 'GET' to 'http://localhost:60173/session/ab8675458dd73faf579f4a449ba97ea5/screenshot'
17:40:18.494 [Forwarding screenshot on session ab8675458dd73faf579f4a449ba97ea5 to remote] DEBUG org.asynchttpclient.netty.request.NettyRequestSender - Using open Channel [id: 0x97ec9786, L:/127.0.0.1:57150 - R:localhost/127.0.0.1:60173] for GET '/session/ab8675458dd73faf579f4a449ba97ea5/screenshot'
17:40:18.500 [AsyncHttpClient-1-1] DEBUG org.asynchttpclient.netty.channel.DefaultChannelPool - Entry count for : http://localhost:57153 : 1
17:40:18.767 [AsyncHttpClient-1-5] DEBUG org.asynchttpclient.netty.handler.HttpHandler - 

Request DefaultFullHttpRequest(decodeResult: success, version: HTTP/1.1, content: EmptyByteBufBE)
GET /session/ab8675458dd73faf579f4a449ba97ea5/screenshot HTTP/1.1
User-Agent: selenium/4.1.2 (java windows)
Cache-Control: no-cache
Content-Type: application/json; charset=utf-8
host: localhost:60173
accept: */*

Response DefaultHttpResponse(decodeResult: success, version: HTTP/1.1)
HTTP/1.1 200 OK
Content-Type: application/json; charset=utf-8
cache-control: no-cache
content-length: 382596

17:40:18.772 [AsyncHttpClient-1-5] DEBUG org.asynchttpclient.netty.channel.ChannelManager - Adding key: http://localhost:60173 for channel [id: 0x97ec9786, L:/127.0.0.1:57150 - R:localhost/127.0.0.1:60173]
17:40:18.803 [main] DEBUG net.serenitybdd.core.photography.Darkroom - Send negative for processing for target\site\serenity\ed15a54c91c342d96a850276df7b559f4526b370fc93040e3c407a48a170f368.png
17:40:18.803 [main] DEBUG net.thucydides.core.steps.StepInterceptor - STARTING STEP: AppointmentSteps.iClickMenuAppointment - clickMenuAppointmentButton
17:40:18.810 [Forwarding findElement on session ab8675458dd73faf579f4a449ba97ea5 to remote] DEBUG org.asynchttpclient.netty.request.NettyRequestSender - Using pooled Channel '[id: 0x97ec9786, L:/127.0.0.1:57150 - R:localhost/127.0.0.1:60173]' for 'POST' to 'http://localhost:60173/session/ab8675458dd73faf579f4a449ba97ea5/element'
17:40:18.810 [Forwarding findElement on session ab8675458dd73faf579f4a449ba97ea5 to remote] DEBUG org.asynchttpclient.netty.request.NettyRequestSender - Using open Channel [id: 0x97ec9786, L:/127.0.0.1:57150 - R:localhost/127.0.0.1:60173] for POST '/session/ab8675458dd73faf579f4a449ba97ea5/element'
17:40:18.832 [AsyncHttpClient-1-5] DEBUG org.asynchttpclient.netty.handler.HttpHandler - 

Request DefaultHttpRequest(decodeResult: success, version: HTTP/1.1)
POST /session/ab8675458dd73faf579f4a449ba97ea5/element HTTP/1.1
User-Agent: selenium/4.1.2 (java windows)
Content-Length: 84
Content-Type: application/json; charset=utf-8
host: localhost:60173
accept: */*

Response DefaultHttpResponse(decodeResult: success, version: HTTP/1.1)
HTTP/1.1 200 OK
Content-Type: application/json; charset=utf-8
cache-control: no-cache
content-length: 88

17:40:18.833 [AsyncHttpClient-1-5] DEBUG org.asynchttpclient.netty.channel.ChannelManager - Adding key: http://localhost:60173 for channel [id: 0x97ec9786, L:/127.0.0.1:57150 - R:localhost/127.0.0.1:60173]
17:40:18.836 [Forwarding getElementTagName on session ab8675458dd73faf579f4a449ba97ea5 to remote] DEBUG org.asynchttpclient.netty.request.NettyRequestSender - Using pooled Channel '[id: 0x97ec9786, L:/127.0.0.1:57150 - R:localhost/127.0.0.1:60173]' for 'GET' to 'http://localhost:60173/session/ab8675458dd73faf579f4a449ba97ea5/element/571340b5-22ab-4ae5-9a40-418def085874/name'
17:40:18.836 [Forwarding getElementTagName on session ab8675458dd73faf579f4a449ba97ea5 to remote] DEBUG org.asynchttpclient.netty.request.NettyRequestSender - Using open Channel [id: 0x97ec9786, L:/127.0.0.1:57150 - R:localhost/127.0.0.1:60173] for GET '/session/ab8675458dd73faf579f4a449ba97ea5/element/571340b5-22ab-4ae5-9a40-418def085874/name'
17:40:18.842 [AsyncHttpClient-1-5] DEBUG org.asynchttpclient.netty.handler.HttpHandler - 

Request DefaultFullHttpRequest(decodeResult: success, version: HTTP/1.1, content: EmptyByteBufBE)
GET /session/ab8675458dd73faf579f4a449ba97ea5/element/571340b5-22ab-4ae5-9a40-418def085874/name HTTP/1.1
User-Agent: selenium/4.1.2 (java windows)
Cache-Control: no-cache
Content-Type: application/json; charset=utf-8
host: localhost:60173
accept: */*

Response DefaultHttpResponse(decodeResult: success, version: HTTP/1.1)
HTTP/1.1 200 OK
Content-Type: application/json; charset=utf-8
cache-control: no-cache
content-length: 15

17:40:18.842 [AsyncHttpClient-1-5] DEBUG org.asynchttpclient.netty.channel.ChannelManager - Adding key: http://localhost:60173 for channel [id: 0x97ec9786, L:/127.0.0.1:57150 - R:localhost/127.0.0.1:60173]
17:40:18.845 [Forwarding getElementTagName on session ab8675458dd73faf579f4a449ba97ea5 to remote] DEBUG org.asynchttpclient.netty.request.NettyRequestSender - Using pooled Channel '[id: 0x97ec9786, L:/127.0.0.1:57150 - R:localhost/127.0.0.1:60173]' for 'GET' to 'http://localhost:60173/session/ab8675458dd73faf579f4a449ba97ea5/element/571340b5-22ab-4ae5-9a40-418def085874/name'
17:40:18.845 [Forwarding getElementTagName on session ab8675458dd73faf579f4a449ba97ea5 to remote] DEBUG org.asynchttpclient.netty.request.NettyRequestSender - Using open Channel [id: 0x97ec9786, L:/127.0.0.1:57150 - R:localhost/127.0.0.1:60173] for GET '/session/ab8675458dd73faf579f4a449ba97ea5/element/571340b5-22ab-4ae5-9a40-418def085874/name'
17:40:18.850 [AsyncHttpClient-1-5] DEBUG org.asynchttpclient.netty.handler.HttpHandler - 

Request DefaultFullHttpRequest(decodeResult: success, version: HTTP/1.1, content: EmptyByteBufBE)
GET /session/ab8675458dd73faf579f4a449ba97ea5/element/571340b5-22ab-4ae5-9a40-418def085874/name HTTP/1.1
User-Agent: selenium/4.1.2 (java windows)
Cache-Control: no-cache
Content-Type: application/json; charset=utf-8
host: localhost:60173
accept: */*

Response DefaultHttpResponse(decodeResult: success, version: HTTP/1.1)
HTTP/1.1 200 OK
Content-Type: application/json; charset=utf-8
cache-control: no-cache
content-length: 15

17:40:18.851 [AsyncHttpClient-1-5] DEBUG org.asynchttpclient.netty.channel.ChannelManager - Adding key: http://localhost:60173 for channel [id: 0x97ec9786, L:/127.0.0.1:57150 - R:localhost/127.0.0.1:60173]
17:40:18.854 [Forwarding findElement on session ab8675458dd73faf579f4a449ba97ea5 to remote] DEBUG org.asynchttpclient.netty.request.NettyRequestSender - Using pooled Channel '[id: 0x97ec9786, L:/127.0.0.1:57150 - R:localhost/127.0.0.1:60173]' for 'POST' to 'http://localhost:60173/session/ab8675458dd73faf579f4a449ba97ea5/element'
17:40:18.854 [Forwarding findElement on session ab8675458dd73faf579f4a449ba97ea5 to remote] DEBUG org.asynchttpclient.netty.request.NettyRequestSender - Using open Channel [id: 0x97ec9786, L:/127.0.0.1:57150 - R:localhost/127.0.0.1:60173] for POST '/session/ab8675458dd73faf579f4a449ba97ea5/element'
17:40:18.863 [AsyncHttpClient-1-5] DEBUG org.asynchttpclient.netty.handler.HttpHandler - 

Request DefaultHttpRequest(decodeResult: success, version: HTTP/1.1)
POST /session/ab8675458dd73faf579f4a449ba97ea5/element HTTP/1.1
User-Agent: selenium/4.1.2 (java windows)
Content-Length: 84
Content-Type: application/json; charset=utf-8
host: localhost:60173
accept: */*

Response DefaultHttpResponse(decodeResult: success, version: HTTP/1.1)
HTTP/1.1 200 OK
Content-Type: application/json; charset=utf-8
cache-control: no-cache
content-length: 88

17:40:18.863 [AsyncHttpClient-1-5] DEBUG org.asynchttpclient.netty.channel.ChannelManager - Adding key: http://localhost:60173 for channel [id: 0x97ec9786, L:/127.0.0.1:57150 - R:localhost/127.0.0.1:60173]
17:40:18.866 [Forwarding clickElement on session ab8675458dd73faf579f4a449ba97ea5 to remote] DEBUG org.asynchttpclient.netty.request.NettyRequestSender - Using pooled Channel '[id: 0x97ec9786, L:/127.0.0.1:57150 - R:localhost/127.0.0.1:60173]' for 'POST' to 'http://localhost:60173/session/ab8675458dd73faf579f4a449ba97ea5/element/571340b5-22ab-4ae5-9a40-418def085874/click'
17:40:18.866 [Forwarding clickElement on session ab8675458dd73faf579f4a449ba97ea5 to remote] DEBUG org.asynchttpclient.netty.request.NettyRequestSender - Using open Channel [id: 0x97ec9786, L:/127.0.0.1:57150 - R:localhost/127.0.0.1:60173] for POST '/session/ab8675458dd73faf579f4a449ba97ea5/element/571340b5-22ab-4ae5-9a40-418def085874/click'
17:40:19.600 [AsyncHttpClient-1-1] DEBUG org.asynchttpclient.netty.channel.DefaultChannelPool - Entry count for : http://localhost:57153 : 1
17:40:20.701 [AsyncHttpClient-1-1] DEBUG org.asynchttpclient.netty.channel.DefaultChannelPool - Entry count for : http://localhost:57153 : 1
17:40:21.258 [AsyncHttpClient-1-5] DEBUG org.asynchttpclient.netty.handler.HttpHandler - 

Request DefaultHttpRequest(decodeResult: success, version: HTTP/1.1)
POST /session/ab8675458dd73faf579f4a449ba97ea5/element/571340b5-22ab-4ae5-9a40-418def085874/click HTTP/1.1
User-Agent: selenium/4.1.2 (java windows)
Content-Length: 50
Content-Type: application/json; charset=utf-8
host: localhost:60173
accept: */*

Response DefaultHttpResponse(decodeResult: success, version: HTTP/1.1)
HTTP/1.1 200 OK
Content-Type: application/json; charset=utf-8
cache-control: no-cache
content-length: 14

17:40:21.259 [AsyncHttpClient-1-5] DEBUG org.asynchttpclient.netty.channel.ChannelManager - Adding key: http://localhost:60173 for channel [id: 0x97ec9786, L:/127.0.0.1:57150 - R:localhost/127.0.0.1:60173]
17:40:21.272 [Forwarding screenshot on session ab8675458dd73faf579f4a449ba97ea5 to remote] DEBUG org.asynchttpclient.netty.request.NettyRequestSender - Using pooled Channel '[id: 0x97ec9786, L:/127.0.0.1:57150 - R:localhost/127.0.0.1:60173]' for 'GET' to 'http://localhost:60173/session/ab8675458dd73faf579f4a449ba97ea5/screenshot'
17:40:21.272 [Forwarding screenshot on session ab8675458dd73faf579f4a449ba97ea5 to remote] DEBUG org.asynchttpclient.netty.request.NettyRequestSender - Using open Channel [id: 0x97ec9786, L:/127.0.0.1:57150 - R:localhost/127.0.0.1:60173] for GET '/session/ab8675458dd73faf579f4a449ba97ea5/screenshot'
17:40:21.493 [AsyncHttpClient-1-5] DEBUG org.asynchttpclient.netty.handler.HttpHandler - 

Request DefaultFullHttpRequest(decodeResult: success, version: HTTP/1.1, content: EmptyByteBufBE)
GET /session/ab8675458dd73faf579f4a449ba97ea5/screenshot HTTP/1.1
User-Agent: selenium/4.1.2 (java windows)
Cache-Control: no-cache
Content-Type: application/json; charset=utf-8
host: localhost:60173
accept: */*

Response DefaultHttpResponse(decodeResult: success, version: HTTP/1.1)
HTTP/1.1 200 OK
Content-Type: application/json; charset=utf-8
cache-control: no-cache
content-length: 77864

17:40:21.493 [AsyncHttpClient-1-5] DEBUG org.asynchttpclient.netty.channel.ChannelManager - Adding key: http://localhost:60173 for channel [id: 0x97ec9786, L:/127.0.0.1:57150 - R:localhost/127.0.0.1:60173]
17:40:21.499 [main] DEBUG net.serenitybdd.core.photography.Darkroom - Send negative for processing for target\site\serenity\1f121c84ac5ed486a34b6564ef548c7a63c0810ba65b369a172b58667ec6d336.png
17:40:21.499 [main] DEBUG net.thucydides.core.steps.StepInterceptor - STEP DONE: clickMenuAppointmentButton
  &amp#27;[32mAnd &amp#27;[0m&amp#27;[32mI click menu Appointment&amp#27;[0m                                      &amp#27;[90m# starter.stepdefinitions.AppointmentSteps.iClickMenuAppointment()&amp#27;[0m
17:40:21.500 [Darkroom Processing Line] DEBUG net.serenitybdd.core.photography.DarkroomProcessingLine - Processing screenshot image in /var/screenshots/screenshot-5002102935010012064
17:40:21.500 [Darkroom Processing Line] DEBUG net.serenitybdd.core.photography.DarkroomProcessingLine - Saving screenshot to target\site\serenity\1f121c84ac5ed486a34b6564ef548c7a63c0810ba65b369a172b58667ec6d336.png
17:40:21.516 [main] DEBUG net.thucydides.core.steps.StepInterceptor - STARTING STEP: AppointmentSteps.iClickAddNewAppointment - clickAddNewAppointmentButton
17:40:21.521 [Forwarding findElement on session ab8675458dd73faf579f4a449ba97ea5 to remote] DEBUG org.asynchttpclient.netty.request.NettyRequestSender - Using pooled Channel '[id: 0x97ec9786, L:/127.0.0.1:57150 - R:localhost/127.0.0.1:60173]' for 'POST' to 'http://localhost:60173/session/ab8675458dd73faf579f4a449ba97ea5/element'
17:40:21.521 [Forwarding findElement on session ab8675458dd73faf579f4a449ba97ea5 to remote] DEBUG org.asynchttpclient.netty.request.NettyRequestSender - Using open Channel [id: 0x97ec9786, L:/127.0.0.1:57150 - R:localhost/127.0.0.1:60173] for POST '/session/ab8675458dd73faf579f4a449ba97ea5/element'
17:40:21.537 [AsyncHttpClient-1-5] DEBUG org.asynchttpclient.netty.handler.HttpHandler - 

Request DefaultHttpRequest(decodeResult: success, version: HTTP/1.1)
POST /session/ab8675458dd73faf579f4a449ba97ea5/element HTTP/1.1
User-Agent: selenium/4.1.2 (java windows)
Content-Length: 149
Content-Type: application/json; charset=utf-8
host: localhost:60173
accept: */*

Response DefaultHttpResponse(decodeResult: success, version: HTTP/1.1)
HTTP/1.1 200 OK
Content-Type: application/json; charset=utf-8
cache-control: no-cache
content-length: 88

17:40:21.537 [AsyncHttpClient-1-5] DEBUG org.asynchttpclient.netty.channel.ChannelManager - Adding key: http://localhost:60173 for channel [id: 0x97ec9786, L:/127.0.0.1:57150 - R:localhost/127.0.0.1:60173]
17:40:21.539 [Forwarding getElementTagName on session ab8675458dd73faf579f4a449ba97ea5 to remote] DEBUG org.asynchttpclient.netty.request.NettyRequestSender - Using pooled Channel '[id: 0x97ec9786, L:/127.0.0.1:57150 - R:localhost/127.0.0.1:60173]' for 'GET' to 'http://localhost:60173/session/ab8675458dd73faf579f4a449ba97ea5/element/e547417a-8958-4440-90ab-98fea7c57d64/name'
17:40:21.540 [Forwarding getElementTagName on session ab8675458dd73faf579f4a449ba97ea5 to remote] DEBUG org.asynchttpclient.netty.request.NettyRequestSender - Using open Channel [id: 0x97ec9786, L:/127.0.0.1:57150 - R:localhost/127.0.0.1:60173] for GET '/session/ab8675458dd73faf579f4a449ba97ea5/element/e547417a-8958-4440-90ab-98fea7c57d64/name'
17:40:21.546 [AsyncHttpClient-1-5] DEBUG org.asynchttpclient.netty.handler.HttpHandler - 

Request DefaultFullHttpRequest(decodeResult: success, version: HTTP/1.1, content: EmptyByteBufBE)
GET /session/ab8675458dd73faf579f4a449ba97ea5/element/e547417a-8958-4440-90ab-98fea7c57d64/name HTTP/1.1
User-Agent: selenium/4.1.2 (java windows)
Cache-Control: no-cache
Content-Type: application/json; charset=utf-8
host: localhost:60173
accept: */*

Response DefaultHttpResponse(decodeResult: success, version: HTTP/1.1)
HTTP/1.1 200 OK
Content-Type: application/json; charset=utf-8
cache-control: no-cache
content-length: 18

17:40:21.546 [AsyncHttpClient-1-5] DEBUG org.asynchttpclient.netty.channel.ChannelManager - Adding key: http://localhost:60173 for channel [id: 0x97ec9786, L:/127.0.0.1:57150 - R:localhost/127.0.0.1:60173]
17:40:21.548 [Forwarding getElementTagName on session ab8675458dd73faf579f4a449ba97ea5 to remote] DEBUG org.asynchttpclient.netty.request.NettyRequestSender - Using pooled Channel '[id: 0x97ec9786, L:/127.0.0.1:57150 - R:localhost/127.0.0.1:60173]' for 'GET' to 'http://localhost:60173/session/ab8675458dd73faf579f4a449ba97ea5/element/e547417a-8958-4440-90ab-98fea7c57d64/name'
17:40:21.548 [Forwarding getElementTagName on session ab8675458dd73faf579f4a449ba97ea5 to remote] DEBUG org.asynchttpclient.netty.request.NettyRequestSender - Using open Channel [id: 0x97ec9786, L:/127.0.0.1:57150 - R:localhost/127.0.0.1:60173] for GET '/session/ab8675458dd73faf579f4a449ba97ea5/element/e547417a-8958-4440-90ab-98fea7c57d64/name'
17:40:21.552 [AsyncHttpClient-1-5] DEBUG org.asynchttpclient.netty.handler.HttpHandler - 

Request DefaultFullHttpRequest(decodeResult: success, version: HTTP/1.1, content: EmptyByteBufBE)
GET /session/ab8675458dd73faf579f4a449ba97ea5/element/e547417a-8958-4440-90ab-98fea7c57d64/name HTTP/1.1
User-Agent: selenium/4.1.2 (java windows)
Cache-Control: no-cache
Content-Type: application/json; charset=utf-8
host: localhost:60173
accept: */*

Response DefaultHttpResponse(decodeResult: success, version: HTTP/1.1)
HTTP/1.1 200 OK
Content-Type: application/json; charset=utf-8
cache-control: no-cache
content-length: 18

17:40:21.553 [AsyncHttpClient-1-5] DEBUG org.asynchttpclient.netty.channel.ChannelManager - Adding key: http://localhost:60173 for channel [id: 0x97ec9786, L:/127.0.0.1:57150 - R:localhost/127.0.0.1:60173]
17:40:21.558 [Forwarding isElementEnabled on session ab8675458dd73faf579f4a449ba97ea5 to remote] DEBUG org.asynchttpclient.netty.request.NettyRequestSender - Using pooled Channel '[id: 0x97ec9786, L:/127.0.0.1:57150 - R:localhost/127.0.0.1:60173]' for 'GET' to 'http://localhost:60173/session/ab8675458dd73faf579f4a449ba97ea5/element/e547417a-8958-4440-90ab-98fea7c57d64/enabled'
17:40:21.558 [Forwarding isElementEnabled on session ab8675458dd73faf579f4a449ba97ea5 to remote] DEBUG org.asynchttpclient.netty.request.NettyRequestSender - Using open Channel [id: 0x97ec9786, L:/127.0.0.1:57150 - R:localhost/127.0.0.1:60173] for GET '/session/ab8675458dd73faf579f4a449ba97ea5/element/e547417a-8958-4440-90ab-98fea7c57d64/enabled'
17:40:21.568 [AsyncHttpClient-1-5] DEBUG org.asynchttpclient.netty.handler.HttpHandler - 

Request DefaultFullHttpRequest(decodeResult: success, version: HTTP/1.1, content: EmptyByteBufBE)
GET /session/ab8675458dd73faf579f4a449ba97ea5/element/e547417a-8958-4440-90ab-98fea7c57d64/enabled HTTP/1.1
User-Agent: selenium/4.1.2 (java windows)
Cache-Control: no-cache
Content-Type: application/json; charset=utf-8
host: localhost:60173
accept: */*

Response DefaultHttpResponse(decodeResult: success, version: HTTP/1.1)
HTTP/1.1 200 OK
Content-Type: application/json; charset=utf-8
cache-control: no-cache
content-length: 14

17:40:21.569 [AsyncHttpClient-1-5] DEBUG org.asynchttpclient.netty.channel.ChannelManager - Adding key: http://localhost:60173 for channel [id: 0x97ec9786, L:/127.0.0.1:57150 - R:localhost/127.0.0.1:60173]
17:40:21.571 [Forwarding isElementEnabled on session ab8675458dd73faf579f4a449ba97ea5 to remote] DEBUG org.asynchttpclient.netty.request.NettyRequestSender - Using pooled Channel '[id: 0x97ec9786, L:/127.0.0.1:57150 - R:localhost/127.0.0.1:60173]' for 'GET' to 'http://localhost:60173/session/ab8675458dd73faf579f4a449ba97ea5/element/e547417a-8958-4440-90ab-98fea7c57d64/enabled'
17:40:21.571 [Forwarding isElementEnabled on session ab8675458dd73faf579f4a449ba97ea5 to remote] DEBUG org.asynchttpclient.netty.request.NettyRequestSender - Using open Channel [id: 0x97ec9786, L:/127.0.0.1:57150 - R:localhost/127.0.0.1:60173] for GET '/session/ab8675458dd73faf579f4a449ba97ea5/element/e547417a-8958-4440-90ab-98fea7c57d64/enabled'
17:40:21.580 [AsyncHttpClient-1-5] DEBUG org.asynchttpclient.netty.handler.HttpHandler - 

Request DefaultFullHttpRequest(decodeResult: success, version: HTTP/1.1, content: EmptyByteBufBE)
GET /session/ab8675458dd73faf579f4a449ba97ea5/element/e547417a-8958-4440-90ab-98fea7c57d64/enabled HTTP/1.1
User-Agent: selenium/4.1.2 (java windows)
Cache-Control: no-cache
Content-Type: application/json; charset=utf-8
host: localhost:60173
accept: */*

Response DefaultHttpResponse(decodeResult: success, version: HTTP/1.1)
HTTP/1.1 200 OK
Content-Type: application/json; charset=utf-8
cache-control: no-cache
content-length: 14

17:40:21.580 [AsyncHttpClient-1-5] DEBUG org.asynchttpclient.netty.channel.ChannelManager - Adding key: http://localhost:60173 for channel [id: 0x97ec9786, L:/127.0.0.1:57150 - R:localhost/127.0.0.1:60173]
17:40:21.582 [Forwarding findElement on session ab8675458dd73faf579f4a449ba97ea5 to remote] DEBUG org.asynchttpclient.netty.request.NettyRequestSender - Using pooled Channel '[id: 0x97ec9786, L:/127.0.0.1:57150 - R:localhost/127.0.0.1:60173]' for 'POST' to 'http://localhost:60173/session/ab8675458dd73faf579f4a449ba97ea5/element'
17:40:21.583 [Forwarding findElement on session ab8675458dd73faf579f4a449ba97ea5 to remote] DEBUG org.asynchttpclient.netty.request.NettyRequestSender - Using open Channel [id: 0x97ec9786, L:/127.0.0.1:57150 - R:localhost/127.0.0.1:60173] for POST '/session/ab8675458dd73faf579f4a449ba97ea5/element'
17:40:21.592 [AsyncHttpClient-1-5] DEBUG org.asynchttpclient.netty.handler.HttpHandler - 

Request DefaultHttpRequest(decodeResult: success, version: HTTP/1.1)
POST /session/ab8675458dd73faf579f4a449ba97ea5/element HTTP/1.1
User-Agent: selenium/4.1.2 (java windows)
Content-Length: 149
Content-Type: application/json; charset=utf-8
host: localhost:60173
accept: */*

Response DefaultHttpResponse(decodeResult: success, version: HTTP/1.1)
HTTP/1.1 200 OK
Content-Type: application/json; charset=utf-8
cache-control: no-cache
content-length: 88

17:40:21.592 [AsyncHttpClient-1-5] DEBUG org.asynchttpclient.netty.channel.ChannelManager - Adding key: http://localhost:60173 for channel [id: 0x97ec9786, L:/127.0.0.1:57150 - R:localhost/127.0.0.1:60173]
17:40:21.594 [Forwarding clickElement on session ab8675458dd73faf579f4a449ba97ea5 to remote] DEBUG org.asynchttpclient.netty.request.NettyRequestSender - Using pooled Channel '[id: 0x97ec9786, L:/127.0.0.1:57150 - R:localhost/127.0.0.1:60173]' for 'POST' to 'http://localhost:60173/session/ab8675458dd73faf579f4a449ba97ea5/element/e547417a-8958-4440-90ab-98fea7c57d64/click'
17:40:21.594 [Forwarding clickElement on session ab8675458dd73faf579f4a449ba97ea5 to remote] DEBUG org.asynchttpclient.netty.request.NettyRequestSender - Using open Channel [id: 0x97ec9786, L:/127.0.0.1:57150 - R:localhost/127.0.0.1:60173] for POST '/session/ab8675458dd73faf579f4a449ba97ea5/element/e547417a-8958-4440-90ab-98fea7c57d64/click'
17:40:21.800 [AsyncHttpClient-1-1] DEBUG org.asynchttpclient.netty.channel.DefaultChannelPool - Entry count for : http://localhost:57153 : 1
17:40:21.832 [AsyncHttpClient-1-5] DEBUG org.asynchttpclient.netty.handler.HttpHandler - 

Request DefaultHttpRequest(decodeResult: success, version: HTTP/1.1)
POST /session/ab8675458dd73faf579f4a449ba97ea5/element/e547417a-8958-4440-90ab-98fea7c57d64/click HTTP/1.1
User-Agent: selenium/4.1.2 (java windows)
Content-Length: 50
Content-Type: application/json; charset=utf-8
host: localhost:60173
accept: */*

Response DefaultHttpResponse(decodeResult: success, version: HTTP/1.1)
HTTP/1.1 200 OK
Content-Type: application/json; charset=utf-8
cache-control: no-cache
content-length: 14

17:40:21.832 [AsyncHttpClient-1-5] DEBUG org.asynchttpclient.netty.channel.ChannelManager - Adding key: http://localhost:60173 for channel [id: 0x97ec9786, L:/127.0.0.1:57150 - R:localhost/127.0.0.1:60173]
17:40:21.841 [Forwarding screenshot on session ab8675458dd73faf579f4a449ba97ea5 to remote] DEBUG org.asynchttpclient.netty.request.NettyRequestSender - Using pooled Channel '[id: 0x97ec9786, L:/127.0.0.1:57150 - R:localhost/127.0.0.1:60173]' for 'GET' to 'http://localhost:60173/session/ab8675458dd73faf579f4a449ba97ea5/screenshot'
17:40:21.841 [Forwarding screenshot on session ab8675458dd73faf579f4a449ba97ea5 to remote] DEBUG org.asynchttpclient.netty.request.NettyRequestSender - Using open Channel [id: 0x97ec9786, L:/127.0.0.1:57150 - R:localhost/127.0.0.1:60173] for GET '/session/ab8675458dd73faf579f4a449ba97ea5/screenshot'
17:40:22.039 [AsyncHttpClient-1-5] DEBUG org.asynchttpclient.netty.handler.HttpHandler - 

Request DefaultFullHttpRequest(decodeResult: success, version: HTTP/1.1, content: EmptyByteBufBE)
GET /session/ab8675458dd73faf579f4a449ba97ea5/screenshot HTTP/1.1
User-Agent: selenium/4.1.2 (java windows)
Cache-Control: no-cache
Content-Type: application/json; charset=utf-8
host: localhost:60173
accept: */*

Response DefaultHttpResponse(decodeResult: success, version: HTTP/1.1)
HTTP/1.1 200 OK
Content-Type: application/json; charset=utf-8
cache-control: no-cache
content-length: 97780

17:40:22.041 [AsyncHttpClient-1-5] DEBUG org.asynchttpclient.netty.channel.ChannelManager - Adding key: http://localhost:60173 for channel [id: 0x97ec9786, L:/127.0.0.1:57150 - R:localhost/127.0.0.1:60173]
17:40:22.047 [main] DEBUG net.serenitybdd.core.photography.Darkroom - Send negative for processing for target\site\serenity\48a8e269b62945178d3f1a7b88246a803deb1f406d07e1a8890da12d2bf5dd95.png
17:40:22.048 [main] DEBUG net.thucydides.core.steps.StepInterceptor - STEP DONE: clickAddNewAppointmentButton
17:40:22.048 [Darkroom Processing Line] DEBUG net.serenitybdd.core.photography.DarkroomProcessingLine - Processing screenshot image in /var/screenshots/screenshot-4968499825281496136
17:40:22.048 [Darkroom Processing Line] DEBUG net.serenitybdd.core.photography.DarkroomProcessingLine - Saving screenshot to target\site\serenity\48a8e269b62945178d3f1a7b88246a803deb1f406d07e1a8890da12d2bf5dd95.png
  &amp#27;[32mWhen &amp#27;[0m&amp#27;[32mI click Add New Appointment&amp#27;[0m                                  &amp#27;[90m# starter.stepdefinitions.AppointmentSteps.iClickAddNewAppointment()&amp#27;[0m
17:40:22.075 [main] DEBUG net.thucydides.core.steps.StepInterceptor - STARTING STEP: AppointmentSteps.iClickNoButton - clickNoButton
17:40:22.079 [Forwarding findElement on session ab8675458dd73faf579f4a449ba97ea5 to remote] DEBUG org.asynchttpclient.netty.request.NettyRequestSender - Using pooled Channel '[id: 0x97ec9786, L:/127.0.0.1:57150 - R:localhost/127.0.0.1:60173]' for 'POST' to 'http://localhost:60173/session/ab8675458dd73faf579f4a449ba97ea5/element'
17:40:22.079 [Forwarding findElement on session ab8675458dd73faf579f4a449ba97ea5 to remote] DEBUG org.asynchttpclient.netty.request.NettyRequestSender - Using open Channel [id: 0x97ec9786, L:/127.0.0.1:57150 - R:localhost/127.0.0.1:60173] for POST '/session/ab8675458dd73faf579f4a449ba97ea5/element'
17:40:22.111 [AsyncHttpClient-1-5] DEBUG org.asynchttpclient.netty.handler.HttpHandler - 

Request DefaultHttpRequest(decodeResult: success, version: HTTP/1.1)
POST /session/ab8675458dd73faf579f4a449ba97ea5/element HTTP/1.1
User-Agent: selenium/4.1.2 (java windows)
Content-Length: 104
Content-Type: application/json; charset=utf-8
host: localhost:60173
accept: */*

Response DefaultHttpResponse(decodeResult: success, version: HTTP/1.1)
HTTP/1.1 200 OK
Content-Type: application/json; charset=utf-8
cache-control: no-cache
content-length: 88

17:40:22.112 [AsyncHttpClient-1-5] DEBUG org.asynchttpclient.netty.channel.ChannelManager - Adding key: http://localhost:60173 for channel [id: 0x97ec9786, L:/127.0.0.1:57150 - R:localhost/127.0.0.1:60173]
17:40:22.118 [Forwarding getElementTagName on session ab8675458dd73faf579f4a449ba97ea5 to remote] DEBUG org.asynchttpclient.netty.request.NettyRequestSender - Using pooled Channel '[id: 0x97ec9786, L:/127.0.0.1:57150 - R:localhost/127.0.0.1:60173]' for 'GET' to 'http://localhost:60173/session/ab8675458dd73faf579f4a449ba97ea5/element/1c803a09-6fac-4543-a891-443096ac6d23/name'
17:40:22.118 [Forwarding getElementTagName on session ab8675458dd73faf579f4a449ba97ea5 to remote] DEBUG org.asynchttpclient.netty.request.NettyRequestSender - Using open Channel [id: 0x97ec9786, L:/127.0.0.1:57150 - R:localhost/127.0.0.1:60173] for GET '/session/ab8675458dd73faf579f4a449ba97ea5/element/1c803a09-6fac-4543-a891-443096ac6d23/name'
17:40:22.126 [AsyncHttpClient-1-5] DEBUG org.asynchttpclient.netty.handler.HttpHandler - 

Request DefaultFullHttpRequest(decodeResult: success, version: HTTP/1.1, content: EmptyByteBufBE)
GET /session/ab8675458dd73faf579f4a449ba97ea5/element/1c803a09-6fac-4543-a891-443096ac6d23/name HTTP/1.1
User-Agent: selenium/4.1.2 (java windows)
Cache-Control: no-cache
Content-Type: application/json; charset=utf-8
host: localhost:60173
accept: */*

Response DefaultHttpResponse(decodeResult: success, version: HTTP/1.1)
HTTP/1.1 200 OK
Content-Type: application/json; charset=utf-8
cache-control: no-cache
content-length: 18

17:40:22.126 [AsyncHttpClient-1-5] DEBUG org.asynchttpclient.netty.channel.ChannelManager - Adding key: http://localhost:60173 for channel [id: 0x97ec9786, L:/127.0.0.1:57150 - R:localhost/127.0.0.1:60173]
17:40:22.129 [Forwarding getElementTagName on session ab8675458dd73faf579f4a449ba97ea5 to remote] DEBUG org.asynchttpclient.netty.request.NettyRequestSender - Using pooled Channel '[id: 0x97ec9786, L:/127.0.0.1:57150 - R:localhost/127.0.0.1:60173]' for 'GET' to 'http://localhost:60173/session/ab8675458dd73faf579f4a449ba97ea5/element/1c803a09-6fac-4543-a891-443096ac6d23/name'
17:40:22.129 [Forwarding getElementTagName on session ab8675458dd73faf579f4a449ba97ea5 to remote] DEBUG org.asynchttpclient.netty.request.NettyRequestSender - Using open Channel [id: 0x97ec9786, L:/127.0.0.1:57150 - R:localhost/127.0.0.1:60173] for GET '/session/ab8675458dd73faf579f4a449ba97ea5/element/1c803a09-6fac-4543-a891-443096ac6d23/name'
17:40:22.135 [AsyncHttpClient-1-5] DEBUG org.asynchttpclient.netty.handler.HttpHandler - 

Request DefaultFullHttpRequest(decodeResult: success, version: HTTP/1.1, content: EmptyByteBufBE)
GET /session/ab8675458dd73faf579f4a449ba97ea5/element/1c803a09-6fac-4543-a891-443096ac6d23/name HTTP/1.1
User-Agent: selenium/4.1.2 (java windows)
Cache-Control: no-cache
Content-Type: application/json; charset=utf-8
host: localhost:60173
accept: */*

Response DefaultHttpResponse(decodeResult: success, version: HTTP/1.1)
HTTP/1.1 200 OK
Content-Type: application/json; charset=utf-8
cache-control: no-cache
content-length: 18

17:40:22.135 [AsyncHttpClient-1-5] DEBUG org.asynchttpclient.netty.channel.ChannelManager - Adding key: http://localhost:60173 for channel [id: 0x97ec9786, L:/127.0.0.1:57150 - R:localhost/127.0.0.1:60173]
17:40:22.138 [Forwarding isElementEnabled on session ab8675458dd73faf579f4a449ba97ea5 to remote] DEBUG org.asynchttpclient.netty.request.NettyRequestSender - Using pooled Channel '[id: 0x97ec9786, L:/127.0.0.1:57150 - R:localhost/127.0.0.1:60173]' for 'GET' to 'http://localhost:60173/session/ab8675458dd73faf579f4a449ba97ea5/element/1c803a09-6fac-4543-a891-443096ac6d23/enabled'
17:40:22.138 [Forwarding isElementEnabled on session ab8675458dd73faf579f4a449ba97ea5 to remote] DEBUG org.asynchttpclient.netty.request.NettyRequestSender - Using open Channel [id: 0x97ec9786, L:/127.0.0.1:57150 - R:localhost/127.0.0.1:60173] for GET '/session/ab8675458dd73faf579f4a449ba97ea5/element/1c803a09-6fac-4543-a891-443096ac6d23/enabled'
17:40:22.150 [AsyncHttpClient-1-5] DEBUG org.asynchttpclient.netty.handler.HttpHandler - 

Request DefaultFullHttpRequest(decodeResult: success, version: HTTP/1.1, content: EmptyByteBufBE)
GET /session/ab8675458dd73faf579f4a449ba97ea5/element/1c803a09-6fac-4543-a891-443096ac6d23/enabled HTTP/1.1
User-Agent: selenium/4.1.2 (java windows)
Cache-Control: no-cache
Content-Type: application/json; charset=utf-8
host: localhost:60173
accept: */*

Response DefaultHttpResponse(decodeResult: success, version: HTTP/1.1)
HTTP/1.1 200 OK
Content-Type: application/json; charset=utf-8
cache-control: no-cache
content-length: 14

17:40:22.151 [AsyncHttpClient-1-5] DEBUG org.asynchttpclient.netty.channel.ChannelManager - Adding key: http://localhost:60173 for channel [id: 0x97ec9786, L:/127.0.0.1:57150 - R:localhost/127.0.0.1:60173]
17:40:22.152 [Forwarding isElementEnabled on session ab8675458dd73faf579f4a449ba97ea5 to remote] DEBUG org.asynchttpclient.netty.request.NettyRequestSender - Using pooled Channel '[id: 0x97ec9786, L:/127.0.0.1:57150 - R:localhost/127.0.0.1:60173]' for 'GET' to 'http://localhost:60173/session/ab8675458dd73faf579f4a449ba97ea5/element/1c803a09-6fac-4543-a891-443096ac6d23/enabled'
17:40:22.152 [Forwarding isElementEnabled on session ab8675458dd73faf579f4a449ba97ea5 to remote] DEBUG org.asynchttpclient.netty.request.NettyRequestSender - Using open Channel [id: 0x97ec9786, L:/127.0.0.1:57150 - R:localhost/127.0.0.1:60173] for GET '/session/ab8675458dd73faf579f4a449ba97ea5/element/1c803a09-6fac-4543-a891-443096ac6d23/enabled'
17:40:22.160 [AsyncHttpClient-1-5] DEBUG org.asynchttpclient.netty.handler.HttpHandler - 

Request DefaultFullHttpRequest(decodeResult: success, version: HTTP/1.1, content: EmptyByteBufBE)
GET /session/ab8675458dd73faf579f4a449ba97ea5/element/1c803a09-6fac-4543-a891-443096ac6d23/enabled HTTP/1.1
User-Agent: selenium/4.1.2 (java windows)
Cache-Control: no-cache
Content-Type: application/json; charset=utf-8
host: localhost:60173
accept: */*

Response DefaultHttpResponse(decodeResult: success, version: HTTP/1.1)
HTTP/1.1 200 OK
Content-Type: application/json; charset=utf-8
cache-control: no-cache
content-length: 14

17:40:22.160 [AsyncHttpClient-1-5] DEBUG org.asynchttpclient.netty.channel.ChannelManager - Adding key: http://localhost:60173 for channel [id: 0x97ec9786, L:/127.0.0.1:57150 - R:localhost/127.0.0.1:60173]
17:40:22.165 [Forwarding findElement on session ab8675458dd73faf579f4a449ba97ea5 to remote] DEBUG org.asynchttpclient.netty.request.NettyRequestSender - Using pooled Channel '[id: 0x97ec9786, L:/127.0.0.1:57150 - R:localhost/127.0.0.1:60173]' for 'POST' to 'http://localhost:60173/session/ab8675458dd73faf579f4a449ba97ea5/element'
17:40:22.165 [Forwarding findElement on session ab8675458dd73faf579f4a449ba97ea5 to remote] DEBUG org.asynchttpclient.netty.request.NettyRequestSender - Using open Channel [id: 0x97ec9786, L:/127.0.0.1:57150 - R:localhost/127.0.0.1:60173] for POST '/session/ab8675458dd73faf579f4a449ba97ea5/element'
17:40:22.174 [AsyncHttpClient-1-5] DEBUG org.asynchttpclient.netty.handler.HttpHandler - 

Request DefaultHttpRequest(decodeResult: success, version: HTTP/1.1)
POST /session/ab8675458dd73faf579f4a449ba97ea5/element HTTP/1.1
User-Agent: selenium/4.1.2 (java windows)
Content-Length: 104
Content-Type: application/json; charset=utf-8
host: localhost:60173
accept: */*

Response DefaultHttpResponse(decodeResult: success, version: HTTP/1.1)
HTTP/1.1 200 OK
Content-Type: application/json; charset=utf-8
cache-control: no-cache
content-length: 88

17:40:22.174 [AsyncHttpClient-1-5] DEBUG org.asynchttpclient.netty.channel.ChannelManager - Adding key: http://localhost:60173 for channel [id: 0x97ec9786, L:/127.0.0.1:57150 - R:localhost/127.0.0.1:60173]
17:40:22.177 [Forwarding clickElement on session ab8675458dd73faf579f4a449ba97ea5 to remote] DEBUG org.asynchttpclient.netty.request.NettyRequestSender - Using pooled Channel '[id: 0x97ec9786, L:/127.0.0.1:57150 - R:localhost/127.0.0.1:60173]' for 'POST' to 'http://localhost:60173/session/ab8675458dd73faf579f4a449ba97ea5/element/1c803a09-6fac-4543-a891-443096ac6d23/click'
17:40:22.178 [Forwarding clickElement on session ab8675458dd73faf579f4a449ba97ea5 to remote] DEBUG org.asynchttpclient.netty.request.NettyRequestSender - Using open Channel [id: 0x97ec9786, L:/127.0.0.1:57150 - R:localhost/127.0.0.1:60173] for POST '/session/ab8675458dd73faf579f4a449ba97ea5/element/1c803a09-6fac-4543-a891-443096ac6d23/click'
17:40:22.447 [AsyncHttpClient-1-5] DEBUG org.asynchttpclient.netty.handler.HttpHandler - 

Request DefaultHttpRequest(decodeResult: success, version: HTTP/1.1)
POST /session/ab8675458dd73faf579f4a449ba97ea5/element/1c803a09-6fac-4543-a891-443096ac6d23/click HTTP/1.1
User-Agent: selenium/4.1.2 (java windows)
Content-Length: 50
Content-Type: application/json; charset=utf-8
host: localhost:60173
accept: */*

Response DefaultHttpResponse(decodeResult: success, version: HTTP/1.1)
HTTP/1.1 200 OK
Content-Type: application/json; charset=utf-8
cache-control: no-cache
content-length: 14

17:40:22.448 [AsyncHttpClient-1-5] DEBUG org.asynchttpclient.netty.channel.ChannelManager - Adding key: http://localhost:60173 for channel [id: 0x97ec9786, L:/127.0.0.1:57150 - R:localhost/127.0.0.1:60173]
17:40:22.457 [Forwarding screenshot on session ab8675458dd73faf579f4a449ba97ea5 to remote] DEBUG org.asynchttpclient.netty.request.NettyRequestSender - Using pooled Channel '[id: 0x97ec9786, L:/127.0.0.1:57150 - R:localhost/127.0.0.1:60173]' for 'GET' to 'http://localhost:60173/session/ab8675458dd73faf579f4a449ba97ea5/screenshot'
17:40:22.458 [Forwarding screenshot on session ab8675458dd73faf579f4a449ba97ea5 to remote] DEBUG org.asynchttpclient.netty.request.NettyRequestSender - Using open Channel [id: 0x97ec9786, L:/127.0.0.1:57150 - R:localhost/127.0.0.1:60173] for GET '/session/ab8675458dd73faf579f4a449ba97ea5/screenshot'
17:40:22.563 [AsyncHttpClient-1-5] DEBUG org.asynchttpclient.netty.handler.HttpHandler - 

Request DefaultFullHttpRequest(decodeResult: success, version: HTTP/1.1, content: EmptyByteBufBE)
GET /session/ab8675458dd73faf579f4a449ba97ea5/screenshot HTTP/1.1
User-Agent: selenium/4.1.2 (java windows)
Cache-Control: no-cache
Content-Type: application/json; charset=utf-8
host: localhost:60173
accept: */*

Response DefaultHttpResponse(decodeResult: success, version: HTTP/1.1)
HTTP/1.1 200 OK
Content-Type: application/json; charset=utf-8
cache-control: no-cache
content-length: 55320

17:40:22.564 [AsyncHttpClient-1-5] DEBUG org.asynchttpclient.netty.channel.ChannelManager - Adding key: http://localhost:60173 for channel [id: 0x97ec9786, L:/127.0.0.1:57150 - R:localhost/127.0.0.1:60173]
17:40:22.568 [main] DEBUG net.serenitybdd.core.photography.Darkroom - Send negative for processing for target\site\serenity\978450d06eb86eb735175521c4a06999507a96991efadce5993bd088de144875.png
17:40:22.568 [main] DEBUG net.thucydides.core.steps.StepInterceptor - STEP DONE: clickNoButton
  &amp#27;[32mAnd &amp#27;[0m&amp#27;[32mI click no button&amp#27;[0m                                             &amp#27;[90m# starter.stepdefinitions.AppointmentSteps.iClickNoButton()&amp#27;[0m
17:40:22.568 [Darkroom Processing Line] DEBUG net.serenitybdd.core.photography.DarkroomProcessingLine - Processing screenshot image in /var/screenshots/screenshot-4868408740166114287
17:40:22.568 [Darkroom Processing Line] DEBUG net.serenitybdd.core.photography.DarkroomProcessingLine - Saving screenshot to target\site\serenity\978450d06eb86eb735175521c4a06999507a96991efadce5993bd088de144875.png
17:40:22.901 [AsyncHttpClient-1-1] DEBUG org.asynchttpclient.netty.channel.DefaultChannelPool - Entry count for : http://localhost:60173 : 1
17:40:22.901 [AsyncHttpClient-1-1] DEBUG org.asynchttpclient.netty.channel.DefaultChannelPool - Entry count for : http://localhost:57153 : 1
17:40:23.054 [Forwarding findElement on session ab8675458dd73faf579f4a449ba97ea5 to remote] DEBUG org.asynchttpclient.netty.request.NettyRequestSender - Using pooled Channel '[id: 0x97ec9786, L:/127.0.0.1:57150 - R:localhost/127.0.0.1:60173]' for 'POST' to 'http://localhost:60173/session/ab8675458dd73faf579f4a449ba97ea5/element'
17:40:23.054 [Forwarding findElement on session ab8675458dd73faf579f4a449ba97ea5 to remote] DEBUG org.asynchttpclient.netty.request.NettyRequestSender - Using open Channel [id: 0x97ec9786, L:/127.0.0.1:57150 - R:localhost/127.0.0.1:60173] for POST '/session/ab8675458dd73faf579f4a449ba97ea5/element'
17:40:23.073 [AsyncHttpClient-1-5] DEBUG org.asynchttpclient.netty.handler.HttpHandler - 

Request DefaultHttpRequest(decodeResult: success, version: HTTP/1.1)
POST /session/ab8675458dd73faf579f4a449ba97ea5/element HTTP/1.1
User-Agent: selenium/4.1.2 (java windows)
Content-Length: 79
Content-Type: application/json; charset=utf-8
host: localhost:60173
accept: */*

Response DefaultHttpResponse(decodeResult: success, version: HTTP/1.1)
HTTP/1.1 200 OK
Content-Type: application/json; charset=utf-8
cache-control: no-cache
content-length: 88

17:40:23.073 [AsyncHttpClient-1-5] DEBUG org.asynchttpclient.netty.channel.ChannelManager - Adding key: http://localhost:60173 for channel [id: 0x97ec9786, L:/127.0.0.1:57150 - R:localhost/127.0.0.1:60173]
17:40:23.080 [Forwarding isElementDisplayed on session ab8675458dd73faf579f4a449ba97ea5 to remote] DEBUG org.asynchttpclient.netty.request.NettyRequestSender - Using pooled Channel '[id: 0x97ec9786, L:/127.0.0.1:57150 - R:localhost/127.0.0.1:60173]' for 'POST' to 'http://localhost:60173/session/ab8675458dd73faf579f4a449ba97ea5/execute/sync'
17:40:23.080 [Forwarding isElementDisplayed on session ab8675458dd73faf579f4a449ba97ea5 to remote] DEBUG org.asynchttpclient.netty.request.NettyRequestSender - Using open Channel [id: 0x97ec9786, L:/127.0.0.1:57150 - R:localhost/127.0.0.1:60173] for POST '/session/ab8675458dd73faf579f4a449ba97ea5/execute/sync'
17:40:23.102 [AsyncHttpClient-1-5] DEBUG org.asynchttpclient.netty.handler.HttpHandler - 

Request DefaultHttpRequest(decodeResult: success, version: HTTP/1.1)
POST /session/ab8675458dd73faf579f4a449ba97ea5/execute/sync HTTP/1.1
User-Agent: selenium/4.1.2 (java windows)
Content-Length: 48780
Content-Type: application/json; charset=utf-8
host: localhost:60173
accept: */*

Response DefaultHttpResponse(decodeResult: success, version: HTTP/1.1)
HTTP/1.1 200 OK
Content-Type: application/json; charset=utf-8
cache-control: no-cache
content-length: 14

17:40:23.102 [AsyncHttpClient-1-5] DEBUG org.asynchttpclient.netty.channel.ChannelManager - Adding key: http://localhost:60173 for channel [id: 0x97ec9786, L:/127.0.0.1:57150 - R:localhost/127.0.0.1:60173]
  &amp#27;[32mThen &amp#27;[0m&amp#27;[32mI redirected to patient page&amp#27;[0m                                 &amp#27;[90m# starter.stepdefinitions.PatientSteps.iRedirectedToPatientPage()&amp#27;[0m
17:40:23.109 [Forwarding screenshot on session ab8675458dd73faf579f4a449ba97ea5 to remote] DEBUG org.asynchttpclient.netty.request.NettyRequestSender - Using pooled Channel '[id: 0x97ec9786, L:/127.0.0.1:57150 - R:localhost/127.0.0.1:60173]' for 'GET' to 'http://localhost:60173/session/ab8675458dd73faf579f4a449ba97ea5/screenshot'
17:40:23.109 [Forwarding screenshot on session ab8675458dd73faf579f4a449ba97ea5 to remote] DEBUG org.asynchttpclient.netty.request.NettyRequestSender - Using open Channel [id: 0x97ec9786, L:/127.0.0.1:57150 - R:localhost/127.0.0.1:60173] for GET '/session/ab8675458dd73faf579f4a449ba97ea5/screenshot'
17:40:23.268 [AsyncHttpClient-1-5] DEBUG org.asynchttpclient.netty.handler.HttpHandler - 

Request DefaultFullHttpRequest(decodeResult: success, version: HTTP/1.1, content: EmptyByteBufBE)
GET /session/ab8675458dd73faf579f4a449ba97ea5/screenshot HTTP/1.1
User-Agent: selenium/4.1.2 (java windows)
Cache-Control: no-cache
Content-Type: application/json; charset=utf-8
host: localhost:60173
accept: */*

Response DefaultHttpResponse(decodeResult: success, version: HTTP/1.1)
HTTP/1.1 200 OK
Content-Type: application/json; charset=utf-8
cache-control: no-cache
content-length: 67396

17:40:23.274 [AsyncHttpClient-1-5] DEBUG org.asynchttpclient.netty.channel.ChannelManager - Adding key: http://localhost:60173 for channel [id: 0x97ec9786, L:/127.0.0.1:57150 - R:localhost/127.0.0.1:60173]
17:40:23.280 [main] DEBUG net.serenitybdd.core.photography.Darkroom - Send negative for processing for target\site\serenity\bb279266b6ea1276a1e4f3ff65b390ce9be1d2695e723881ffa21ab30d6314bc.png
17:40:23.280 [Darkroom Processing Line] DEBUG net.serenitybdd.core.photography.DarkroomProcessingLine - Processing screenshot image in /var/screenshots/screenshot-7496642320314650860
17:40:23.280 [Darkroom Processing Line] DEBUG net.serenitybdd.core.photography.DarkroomProcessingLine - Saving screenshot to target\site\serenity\bb279266b6ea1276a1e4f3ff65b390ce9be1d2695e723881ffa21ab30d6314bc.png
17:40:23.282 [main] INFO  - 
  _____   ___   ___   _____     ___     _     ___   ___   ___   ___  
 |_   _| | __| / __| |_   _|   | _ \   /_\   / __| / __| | __| |   \ 
   | |   | _|  \__ \   | |     |  _/  / _ \  \__ \ \__ \ | _|  | |) |
   |_|   |___| |___/   |_|     |_|   /_/ \_\ |___/ |___/ |___| |___/ 

Create New Appointment With Unregistered Patient Scenario
----------------------------------------------------------------------
17:40:23.287 [AsyncHttpClient-1-7] DEBUG org.asynchttpclient.netty.handler.WebSocketHandler - Channel Closed: [id: 0xe0a4f545, L:/127.0.0.1:57161 ! R:localhost/127.0.0.1:57153] with attribute NettyResponseFuture{currentRetry=5,
	isDone=1,
	isCancelled=0,
	asyncHandler=org.asynchttpclient.ws.WebSocketUpgradeHandler@5b7f500b,
	nettyRequest=org.asynchttpclient.netty.request.NettyRequest@1e7dc500,
	future=java.util.concurrent.CompletableFuture@76496957[Completed normally],
	uri=ws://localhost:57153/devtools/browser/908bdd6b-273b-4ccc-ad00-b6364cecec14,
	keepAlive=true,
	redirectCount=0,
	timeoutsHolder=null,
	inAuth=0,
	touch=1655548806975}
17:40:23.287 [AsyncHttpClient-1-7] DEBUG org.asynchttpclient.netty.channel.ChannelManager - Closing Channel [id: 0xe0a4f545, L:/127.0.0.1:57161 ! R:localhost/127.0.0.1:57153] 
17:40:23.288 [Driver Command Executor] DEBUG org.asynchttpclient.netty.request.NettyRequestSender - Using pooled Channel '[id: 0x97ec9786, L:/127.0.0.1:57150 - R:localhost/127.0.0.1:60173]' for 'DELETE' to 'http://localhost:60173/session/ab8675458dd73faf579f4a449ba97ea5'
17:40:23.288 [Driver Command Executor] DEBUG org.asynchttpclient.netty.request.NettyRequestSender - Using open Channel [id: 0x97ec9786, L:/127.0.0.1:57150 - R:localhost/127.0.0.1:60173] for DELETE '/session/ab8675458dd73faf579f4a449ba97ea5'
17:40:23.371 [AsyncHttpClient-1-6] DEBUG org.asynchttpclient.netty.handler.HttpHandler - Unexpected I/O exception on channel [id: 0xf9a82b58, L:/127.0.0.1:57159 - R:localhost/127.0.0.1:57153]
java.net.SocketException: Connection reset
	at java.base/sun.nio.ch.SocketChannelImpl.throwConnectionReset(SocketChannelImpl.java:367)
	at java.base/sun.nio.ch.SocketChannelImpl.read(SocketChannelImpl.java:398)
	at io.netty.buffer.PooledByteBuf.setBytes(PooledByteBuf.java:258)
	at io.netty.buffer.AbstractByteBuf.writeBytes(AbstractByteBuf.java:1132)
	at io.netty.channel.socket.nio.NioSocketChannel.doReadBytes(NioSocketChannel.java:350)
	at io.netty.channel.nio.AbstractNioByteChannel$NioByteUnsafe.read(AbstractNioByteChannel.java:151)
	at io.netty.channel.nio.NioEventLoop.processSelectedKey(NioEventLoop.java:722)
	at io.netty.channel.nio.NioEventLoop.processSelectedKeysOptimized(NioEventLoop.java:658)
	at io.netty.channel.nio.NioEventLoop.processSelectedKeys(NioEventLoop.java:584)
	at io.netty.channel.nio.NioEventLoop.run(NioEventLoop.java:496)
	at io.netty.util.concurrent.SingleThreadEventExecutor$4.run(SingleThreadEventExecutor.java:986)
	at io.netty.util.internal.ThreadExecutorMap$2.run(ThreadExecutorMap.java:74)
	at io.netty.util.concurrent.FastThreadLocalRunnable.run(FastThreadLocalRunnable.java:30)
	at java.base/java.lang.Thread.run(Thread.java:832)
17:40:23.371 [AsyncHttpClient-1-6] DEBUG org.asynchttpclient.netty.channel.ChannelManager - Closing Channel [id: 0xf9a82b58, L:/127.0.0.1:57159 - R:localhost/127.0.0.1:57153] 
17:40:23.371 [AsyncHttpClient-1-6] DEBUG org.asynchttpclient.netty.handler.HttpHandler - Channel Closed: [id: 0xf9a82b58, L:/127.0.0.1:57159 ! R:localhost/127.0.0.1:57153] with attribute DISCARD
17:40:23.399 [AsyncHttpClient-1-5] DEBUG org.asynchttpclient.netty.handler.HttpHandler - 

Request DefaultFullHttpRequest(decodeResult: success, version: HTTP/1.1, content: EmptyByteBufBE)
DELETE /session/ab8675458dd73faf579f4a449ba97ea5 HTTP/1.1
User-Agent: selenium/4.1.2 (java windows)
Content-Type: application/json; charset=utf-8
host: localhost:60173
accept: */*

Response DefaultHttpResponse(decodeResult: success, version: HTTP/1.1)
HTTP/1.1 200 OK
Content-Type: application/json; charset=utf-8
cache-control: no-cache
content-length: 14

17:40:23.399 [AsyncHttpClient-1-5] DEBUG org.asynchttpclient.netty.channel.ChannelManager - Adding key: http://localhost:60173 for channel [id: 0x97ec9786, L:/127.0.0.1:57150 - R:localhost/127.0.0.1:60173]
17:40:23.534 [AsyncHttpClient-1-5] DEBUG org.asynchttpclient.netty.handler.HttpHandler - Channel Closed: [id: 0x97ec9786, L:/127.0.0.1:57150 ! R:localhost/127.0.0.1:60173] with attribute DISCARD
17:40:24.000 [AsyncHttpClient-1-1] DEBUG org.asynchttpclient.netty.channel.DefaultChannelPool - Entry count for : http://localhost:60173 : 1
17:40:24.000 [AsyncHttpClient-1-1] DEBUG org.asynchttpclient.netty.channel.DefaultChannelPool - Entry count for : http://localhost:57153 : 1
17:40:24.000 [AsyncHttpClient-1-1] DEBUG org.asynchttpclient.netty.channel.DefaultChannelPool - Adding Candidate expired Channel [id: 0x97ec9786, L:/127.0.0.1:57150 ! R:localhost/127.0.0.1:60173] isIdleTimeoutExpired=false isRemotelyClosed=true isTtlExpired=false
17:40:24.000 [AsyncHttpClient-1-1] DEBUG org.asynchttpclient.netty.channel.DefaultChannelPool - Closing Idle Channel [id: 0x97ec9786, L:/127.0.0.1:57150 ! R:localhost/127.0.0.1:60173]
17:40:24.000 [AsyncHttpClient-1-1] DEBUG org.asynchttpclient.netty.channel.DefaultChannelPool - Adding Candidate expired Channel [id: 0xf9a82b58, L:/127.0.0.1:57159 ! R:localhost/127.0.0.1:57153] isIdleTimeoutExpired=false isRemotelyClosed=true isTtlExpired=false
17:40:24.000 [AsyncHttpClient-1-1] DEBUG org.asynchttpclient.netty.channel.DefaultChannelPool - Closing Idle Channel [id: 0xf9a82b58, L:/127.0.0.1:57159 ! R:localhost/127.0.0.1:57153]
17:40:24.000 [AsyncHttpClient-1-1] DEBUG org.asynchttpclient.netty.channel.DefaultChannelPool - Closed 2 connections out of 2 in 0 ms
]]></system-out>
    <system-err><![CDATA[Starting ChromeDriver 102.0.5005.61 (0e59bcc00cc4985ce39ad31c150065f159d95ad3-refs/branch-heads/5005@{#819}) on port 60173
Only local connections are allowed.
Please see https://chromedriver.chromium.org/security-considerations for suggestions on keeping ChromeDriver safe.
ChromeDriver was started successfully.
Jun 18, 2022 5:40:06 PM org.openqa.selenium.remote.ProtocolHandshake createSession
INFO: Detected dialect: W3C
Jun 18, 2022 5:40:06 PM org.openqa.selenium.devtools.CdpVersionFinder findNearestMatch
WARNING: Unable to find an exact match for CDP version 102, so returning the closest version found: a no-op implementation
Jun 18, 2022 5:40:06 PM org.openqa.selenium.devtools.CdpVersionFinder findNearestMatch
INFO: Unable to find CDP implementation matching 102.
Jun 18, 2022 5:40:06 PM org.openqa.selenium.chromium.ChromiumDriver lambda$new$3
WARNING: Unable to find version of CDP to use for . You may need to include a dependency on a specific version of the CDP using something similar to `org.seleniumhq.selenium:selenium-devtools-v86:4.1.2` where the version ("v86") matches the version of the chromium-based browser you're using and the version number of the artifact is the same as Selenium's.
]]></system-err>
  </testcase>
  <testcase name="Cancel Create New Appointment Scenario" classname="Appointment" time="15.491">
    <system-out><![CDATA[
@Appointment @CancelCreateAppointment
Scenario: Cancel Create New Appointment Scenario &amp#27;[90m# src/test/resources/features/1.Appointment.feature:25&amp#27;[0m
17:40:24.097 [main] INFO io.cucumber.core.plugin.SerenityReporter - Running feature from file:///E:/My%20Documents/File%20Difa/TI%20Semester%206%20Kampus%20Merdeka%20Alterra/Tugas/CAPSTONE%20Project/Capstone-Project-Website/src/test/resources/features/1.Appointment.feature
17:40:24.100 [main] INFO  - 
  _____   ___   ___   _____     ___   _____     _     ___   _____   ___   ___  
 |_   _| | __| / __| |_   _|   / __| |_   _|   /_\   | _ \ |_   _| | __| |   \ 
   | |   | _|  \__ \   | |     \__ \   | |    / _ \  |   /   | |   | _|  | |) |
   |_|   |___| |___/   |_|     |___/   |_|   /_/ \_\ |_|_\   |_|   |___| |___/ 

Cancel Create New Appointment Scenario(appointment;cancel-create-new-appointment-scenario)
--------------------------------------------------------------------------------
17:40:24.123 [main] DEBUG net.thucydides.core.steps.StepInterceptor - STARTING STEP: DashboardSteps.iAmOnTheDashboardPage - openUrl
17:40:24.125 [main] INFO net.serenitybdd.core.webdriver.driverproviders.ChromeDriverProvider - Using automatically driver download
17:40:24.657 [main] DEBUG io.github.bonigarcia.wdm.cache.ResolutionCache - Resolution chrome=102 in cache (valid until 18:14:23 18/06/2022 ICT)
17:40:24.665 [main] DEBUG io.github.bonigarcia.wdm.cache.ResolutionCache - Resolution chrome102=102.0.5005.61 in cache (valid until 17:29:52 19/06/2022 ICT)
17:40:24.668 [main] INFO io.github.bonigarcia.wdm.WebDriverManager - Using chromedriver 102.0.5005.61 (resolved driver for Chrome 102)
17:40:24.686 [main] DEBUG io.github.bonigarcia.wdm.WebDriverManager - Driver chromedriver 102.0.5005.61 found in cache
17:40:24.687 [main] INFO io.github.bonigarcia.wdm.WebDriverManager - Exporting webdriver.chrome.driver as C:\Users\USER\.cache\selenium\chromedriver\win32\102.0.5005.61\chromedriver.exe
17:40:24.841 [main] DEBUG net.serenitybdd.core.webdriver.driverproviders.ProvideNewDriver - Instantiating driver
17:40:24.841 [main] DEBUG net.serenitybdd.core.webdriver.driverproviders.ProvideNewDriver - Driver capabilities: Capabilities {acceptInsecureCerts: false, base.url: https://hospital-management..., browserName: chrome, chrome.driver: src/test/resources/webdrive..., driver: chrome, goog:chromeOptions: {args: [], extensions: []}}
17:40:25.916 [AsyncHttpClient-1-8] DEBUG org.asynchttpclient.netty.channel.NettyConnectListener - Using new Channel '[id: 0x801da4b5, L:/127.0.0.1:57196 - R:localhost/127.0.0.1:59908]' for 'POST' to '/session'
17:40:28.597 [AsyncHttpClient-1-8] DEBUG org.asynchttpclient.netty.handler.HttpHandler - 

Request DefaultHttpRequest(decodeResult: success, version: HTTP/1.1)
POST /session HTTP/1.1
User-Agent: selenium/4.1.2 (java windows)
Content-Length: 621
Content-Type: application/json; charset=utf-8
host: localhost:59908
accept: */*

Response DefaultHttpResponse(decodeResult: success, version: HTTP/1.1)
HTTP/1.1 200 OK
Content-Type: application/json; charset=utf-8
cache-control: no-cache
content-length: 788

17:40:28.597 [AsyncHttpClient-1-8] DEBUG org.asynchttpclient.netty.channel.ChannelManager - Adding key: http://localhost:59908 for channel [id: 0x801da4b5, L:/127.0.0.1:57196 - R:localhost/127.0.0.1:59908]
17:40:28.611 [AsyncHttpClient-1-9] DEBUG org.asynchttpclient.netty.channel.NettyConnectListener - Using new Channel '[id: 0x3d4983b4, L:/127.0.0.1:57204 - R:localhost/127.0.0.1:57198]' for 'GET' to '/json/version'
17:40:28.623 [AsyncHttpClient-1-9] DEBUG org.asynchttpclient.netty.handler.HttpHandler - 

Request DefaultFullHttpRequest(decodeResult: success, version: HTTP/1.1, content: EmptyByteBufBE)
GET /json/version HTTP/1.1
User-Agent: selenium/4.1.2 (java windows)
host: localhost:57198
accept: */*

Response DefaultHttpResponse(decodeResult: success, version: HTTP/1.1)
HTTP/1.1 200 OK
Content-Type: application/json; charset=UTF-8
content-length: 427

17:40:28.623 [AsyncHttpClient-1-9] DEBUG org.asynchttpclient.netty.channel.ChannelManager - Adding key: http://localhost:57198 for channel [id: 0x3d4983b4, L:/127.0.0.1:57204 - R:localhost/127.0.0.1:57198]
17:40:28.627 [AsyncHttpClient-1-2] DEBUG org.asynchttpclient.netty.channel.NettyConnectListener - Using new Channel '[id: 0xf1e8da6c, L:/127.0.0.1:57205 - R:localhost/127.0.0.1:57198]' for 'GET' to '/devtools/browser/187d3d39-0a7a-45c3-983d-8f25bb38ee5e'
17:40:28.628 [AsyncHttpClient-1-2] DEBUG org.asynchttpclient.netty.handler.WebSocketHandler - 

Request DefaultFullHttpRequest(decodeResult: success, version: HTTP/1.1, content: EmptyByteBufBE)
GET /devtools/browser/187d3d39-0a7a-45c3-983d-8f25bb38ee5e HTTP/1.1
upgrade: websocket
connection: upgrade
sec-websocket-key: 5eT4FYF3++ghHxGkw/0aLQ==
sec-websocket-version: 13
origin: http://localhost:57198
host: localhost:57198
accept: */*
user-agent: AHC/2.1

Response DefaultHttpResponse(decodeResult: success, version: HTTP/1.1)
HTTP/1.1 101 WebSocket Protocol Handshake
Upgrade: WebSocket
Connection: Upgrade
Sec-WebSocket-Accept: X+/icyle0JpGNrhlzloYVTjk+Nk=

17:40:28.636 [Forwarding maximizeCurrentWindow on session f1d51eedb4e9914148fd4c41ac3d179b to remote] DEBUG org.asynchttpclient.netty.request.NettyRequestSender - Using pooled Channel '[id: 0x801da4b5, L:/127.0.0.1:57196 - R:localhost/127.0.0.1:59908]' for 'POST' to 'http://localhost:59908/session/f1d51eedb4e9914148fd4c41ac3d179b/window/maximize'
17:40:28.636 [Forwarding maximizeCurrentWindow on session f1d51eedb4e9914148fd4c41ac3d179b to remote] DEBUG org.asynchttpclient.netty.request.NettyRequestSender - Using open Channel [id: 0x801da4b5, L:/127.0.0.1:57196 - R:localhost/127.0.0.1:59908] for POST '/session/f1d51eedb4e9914148fd4c41ac3d179b/window/maximize'
17:40:28.756 [AsyncHttpClient-1-8] DEBUG org.asynchttpclient.netty.handler.HttpHandler - 

Request DefaultHttpRequest(decodeResult: success, version: HTTP/1.1)
POST /session/f1d51eedb4e9914148fd4c41ac3d179b/window/maximize HTTP/1.1
User-Agent: selenium/4.1.2 (java windows)
Content-Length: 3
Content-Type: application/json; charset=utf-8
host: localhost:59908
accept: */*

Response DefaultHttpResponse(decodeResult: success, version: HTTP/1.1)
HTTP/1.1 200 OK
Content-Type: application/json; charset=utf-8
cache-control: no-cache
content-length: 51

17:40:28.756 [AsyncHttpClient-1-8] DEBUG org.asynchttpclient.netty.channel.ChannelManager - Adding key: http://localhost:59908 for channel [id: 0x801da4b5, L:/127.0.0.1:57196 - R:localhost/127.0.0.1:59908]
17:40:28.758 [Forwarding get on session f1d51eedb4e9914148fd4c41ac3d179b to remote] DEBUG org.asynchttpclient.netty.request.NettyRequestSender - Using pooled Channel '[id: 0x801da4b5, L:/127.0.0.1:57196 - R:localhost/127.0.0.1:59908]' for 'POST' to 'http://localhost:59908/session/f1d51eedb4e9914148fd4c41ac3d179b/url'
17:40:28.758 [Forwarding get on session f1d51eedb4e9914148fd4c41ac3d179b to remote] DEBUG org.asynchttpclient.netty.request.NettyRequestSender - Using open Channel [id: 0x801da4b5, L:/127.0.0.1:57196 - R:localhost/127.0.0.1:59908] for POST '/session/f1d51eedb4e9914148fd4c41ac3d179b/url'
17:40:29.501 [AsyncHttpClient-1-1] DEBUG org.asynchttpclient.netty.channel.DefaultChannelPool - Entry count for : http://localhost:57198 : 1
17:40:30.601 [AsyncHttpClient-1-1] DEBUG org.asynchttpclient.netty.channel.DefaultChannelPool - Entry count for : http://localhost:57198 : 1
17:40:31.700 [AsyncHttpClient-1-1] DEBUG org.asynchttpclient.netty.channel.DefaultChannelPool - Entry count for : http://localhost:57198 : 1
17:40:31.752 [AsyncHttpClient-1-8] DEBUG org.asynchttpclient.netty.handler.HttpHandler - 

Request DefaultHttpRequest(decodeResult: success, version: HTTP/1.1)
POST /session/f1d51eedb4e9914148fd4c41ac3d179b/url HTTP/1.1
User-Agent: selenium/4.1.2 (java windows)
Content-Length: 65
Content-Type: application/json; charset=utf-8
host: localhost:59908
accept: */*

Response DefaultHttpResponse(decodeResult: success, version: HTTP/1.1)
HTTP/1.1 200 OK
Content-Type: application/json; charset=utf-8
cache-control: no-cache
content-length: 14

17:40:31.752 [AsyncHttpClient-1-8] DEBUG org.asynchttpclient.netty.channel.ChannelManager - Adding key: http://localhost:59908 for channel [id: 0x801da4b5, L:/127.0.0.1:57196 - R:localhost/127.0.0.1:59908]
17:40:31.760 [Forwarding setTimeout on session f1d51eedb4e9914148fd4c41ac3d179b to remote] DEBUG org.asynchttpclient.netty.request.NettyRequestSender - Using pooled Channel '[id: 0x801da4b5, L:/127.0.0.1:57196 - R:localhost/127.0.0.1:59908]' for 'POST' to 'http://localhost:59908/session/f1d51eedb4e9914148fd4c41ac3d179b/timeouts'
17:40:31.761 [Forwarding setTimeout on session f1d51eedb4e9914148fd4c41ac3d179b to remote] DEBUG org.asynchttpclient.netty.request.NettyRequestSender - Using open Channel [id: 0x801da4b5, L:/127.0.0.1:57196 - R:localhost/127.0.0.1:59908] for POST '/session/f1d51eedb4e9914148fd4c41ac3d179b/timeouts'
17:40:31.763 [AsyncHttpClient-1-8] DEBUG org.asynchttpclient.netty.handler.HttpHandler - 

Request DefaultHttpRequest(decodeResult: success, version: HTTP/1.1)
POST /session/f1d51eedb4e9914148fd4c41ac3d179b/timeouts HTTP/1.1
User-Agent: selenium/4.1.2 (java windows)
Content-Length: 22
Content-Type: application/json; charset=utf-8
host: localhost:59908
accept: */*

Response DefaultHttpResponse(decodeResult: success, version: HTTP/1.1)
HTTP/1.1 200 OK
Content-Type: application/json; charset=utf-8
cache-control: no-cache
content-length: 14

17:40:31.763 [AsyncHttpClient-1-8] DEBUG org.asynchttpclient.netty.channel.ChannelManager - Adding key: http://localhost:59908 for channel [id: 0x801da4b5, L:/127.0.0.1:57196 - R:localhost/127.0.0.1:59908]
17:40:31.770 [Forwarding getCurrentUrl on session f1d51eedb4e9914148fd4c41ac3d179b to remote] DEBUG org.asynchttpclient.netty.request.NettyRequestSender - Using pooled Channel '[id: 0x801da4b5, L:/127.0.0.1:57196 - R:localhost/127.0.0.1:59908]' for 'GET' to 'http://localhost:59908/session/f1d51eedb4e9914148fd4c41ac3d179b/url'
17:40:31.770 [Forwarding getCurrentUrl on session f1d51eedb4e9914148fd4c41ac3d179b to remote] DEBUG org.asynchttpclient.netty.request.NettyRequestSender - Using open Channel [id: 0x801da4b5, L:/127.0.0.1:57196 - R:localhost/127.0.0.1:59908] for GET '/session/f1d51eedb4e9914148fd4c41ac3d179b/url'
17:40:31.836 [AsyncHttpClient-1-8] DEBUG org.asynchttpclient.netty.handler.HttpHandler - 

Request DefaultFullHttpRequest(decodeResult: success, version: HTTP/1.1, content: EmptyByteBufBE)
GET /session/f1d51eedb4e9914148fd4c41ac3d179b/url HTTP/1.1
User-Agent: selenium/4.1.2 (java windows)
Cache-Control: no-cache
Content-Type: application/json; charset=utf-8
host: localhost:59908
accept: */*

Response DefaultHttpResponse(decodeResult: success, version: HTTP/1.1)
HTTP/1.1 200 OK
Content-Type: application/json; charset=utf-8
cache-control: no-cache
content-length: 53

17:40:31.836 [AsyncHttpClient-1-8] DEBUG org.asynchttpclient.netty.channel.ChannelManager - Adding key: http://localhost:59908 for channel [id: 0x801da4b5, L:/127.0.0.1:57196 - R:localhost/127.0.0.1:59908]
17:40:31.839 [Forwarding getCurrentUrl on session f1d51eedb4e9914148fd4c41ac3d179b to remote] DEBUG org.asynchttpclient.netty.request.NettyRequestSender - Using pooled Channel '[id: 0x801da4b5, L:/127.0.0.1:57196 - R:localhost/127.0.0.1:59908]' for 'GET' to 'http://localhost:59908/session/f1d51eedb4e9914148fd4c41ac3d179b/url'
17:40:31.839 [Forwarding getCurrentUrl on session f1d51eedb4e9914148fd4c41ac3d179b to remote] DEBUG org.asynchttpclient.netty.request.NettyRequestSender - Using open Channel [id: 0x801da4b5, L:/127.0.0.1:57196 - R:localhost/127.0.0.1:59908] for GET '/session/f1d51eedb4e9914148fd4c41ac3d179b/url'
17:40:31.843 [AsyncHttpClient-1-8] DEBUG org.asynchttpclient.netty.handler.HttpHandler - 

Request DefaultFullHttpRequest(decodeResult: success, version: HTTP/1.1, content: EmptyByteBufBE)
GET /session/f1d51eedb4e9914148fd4c41ac3d179b/url HTTP/1.1
User-Agent: selenium/4.1.2 (java windows)
Cache-Control: no-cache
Content-Type: application/json; charset=utf-8
host: localhost:59908
accept: */*

Response DefaultHttpResponse(decodeResult: success, version: HTTP/1.1)
HTTP/1.1 200 OK
Content-Type: application/json; charset=utf-8
cache-control: no-cache
content-length: 53

17:40:31.844 [AsyncHttpClient-1-8] DEBUG org.asynchttpclient.netty.channel.ChannelManager - Adding key: http://localhost:59908 for channel [id: 0x801da4b5, L:/127.0.0.1:57196 - R:localhost/127.0.0.1:59908]
17:40:31.855 [Forwarding screenshot on session f1d51eedb4e9914148fd4c41ac3d179b to remote] DEBUG org.asynchttpclient.netty.request.NettyRequestSender - Using pooled Channel '[id: 0x801da4b5, L:/127.0.0.1:57196 - R:localhost/127.0.0.1:59908]' for 'GET' to 'http://localhost:59908/session/f1d51eedb4e9914148fd4c41ac3d179b/screenshot'
17:40:31.855 [Forwarding screenshot on session f1d51eedb4e9914148fd4c41ac3d179b to remote] DEBUG org.asynchttpclient.netty.request.NettyRequestSender - Using open Channel [id: 0x801da4b5, L:/127.0.0.1:57196 - R:localhost/127.0.0.1:59908] for GET '/session/f1d51eedb4e9914148fd4c41ac3d179b/screenshot'
17:40:32.109 [AsyncHttpClient-1-8] DEBUG org.asynchttpclient.netty.handler.HttpHandler - 

Request DefaultFullHttpRequest(decodeResult: success, version: HTTP/1.1, content: EmptyByteBufBE)
GET /session/f1d51eedb4e9914148fd4c41ac3d179b/screenshot HTTP/1.1
User-Agent: selenium/4.1.2 (java windows)
Cache-Control: no-cache
Content-Type: application/json; charset=utf-8
host: localhost:59908
accept: */*

Response DefaultHttpResponse(decodeResult: success, version: HTTP/1.1)
HTTP/1.1 200 OK
Content-Type: application/json; charset=utf-8
cache-control: no-cache
content-length: 305892

17:40:32.113 [AsyncHttpClient-1-8] DEBUG org.asynchttpclient.netty.channel.ChannelManager - Adding key: http://localhost:59908 for channel [id: 0x801da4b5, L:/127.0.0.1:57196 - R:localhost/127.0.0.1:59908]
17:40:32.133 [main] DEBUG net.serenitybdd.core.photography.Darkroom - Send negative for processing for target\site\serenity\722717b59ebbd241f60199e302ae36a01e106aa4b3c5c00d8b34a786f0a5fe67.png
17:40:32.134 [main] DEBUG net.thucydides.core.steps.StepInterceptor - STEP DONE: openUrl
17:40:32.134 [Darkroom Processing Line] DEBUG net.serenitybdd.core.photography.DarkroomProcessingLine - Processing screenshot image in /var/screenshots/screenshot-16097171616644287028
17:40:32.134 [Darkroom Processing Line] DEBUG net.serenitybdd.core.photography.DarkroomProcessingLine - Saving screenshot to target\site\serenity\722717b59ebbd241f60199e302ae36a01e106aa4b3c5c00d8b34a786f0a5fe67.png
17:40:32.145 [main] DEBUG net.thucydides.core.steps.StepInterceptor - STARTING STEP: DashboardSteps.iAmOnTheDashboardPage - validateOnDashboardPage
17:40:32.149 [Forwarding findElement on session f1d51eedb4e9914148fd4c41ac3d179b to remote] DEBUG org.asynchttpclient.netty.request.NettyRequestSender - Using pooled Channel '[id: 0x801da4b5, L:/127.0.0.1:57196 - R:localhost/127.0.0.1:59908]' for 'POST' to 'http://localhost:59908/session/f1d51eedb4e9914148fd4c41ac3d179b/element'
17:40:32.149 [Forwarding findElement on session f1d51eedb4e9914148fd4c41ac3d179b to remote] DEBUG org.asynchttpclient.netty.request.NettyRequestSender - Using open Channel [id: 0x801da4b5, L:/127.0.0.1:57196 - R:localhost/127.0.0.1:59908] for POST '/session/f1d51eedb4e9914148fd4c41ac3d179b/element'
17:40:32.168 [AsyncHttpClient-1-8] DEBUG org.asynchttpclient.netty.handler.HttpHandler - 

Request DefaultHttpRequest(decodeResult: success, version: HTTP/1.1)
POST /session/f1d51eedb4e9914148fd4c41ac3d179b/element HTTP/1.1
User-Agent: selenium/4.1.2 (java windows)
Content-Length: 81
Content-Type: application/json; charset=utf-8
host: localhost:59908
accept: */*

Response DefaultHttpResponse(decodeResult: success, version: HTTP/1.1)
HTTP/1.1 200 OK
Content-Type: application/json; charset=utf-8
cache-control: no-cache
content-length: 88

17:40:32.169 [AsyncHttpClient-1-8] DEBUG org.asynchttpclient.netty.channel.ChannelManager - Adding key: http://localhost:59908 for channel [id: 0x801da4b5, L:/127.0.0.1:57196 - R:localhost/127.0.0.1:59908]
17:40:32.175 [Forwarding isElementDisplayed on session f1d51eedb4e9914148fd4c41ac3d179b to remote] DEBUG org.asynchttpclient.netty.request.NettyRequestSender - Using pooled Channel '[id: 0x801da4b5, L:/127.0.0.1:57196 - R:localhost/127.0.0.1:59908]' for 'POST' to 'http://localhost:59908/session/f1d51eedb4e9914148fd4c41ac3d179b/execute/sync'
17:40:32.175 [Forwarding isElementDisplayed on session f1d51eedb4e9914148fd4c41ac3d179b to remote] DEBUG org.asynchttpclient.netty.request.NettyRequestSender - Using open Channel [id: 0x801da4b5, L:/127.0.0.1:57196 - R:localhost/127.0.0.1:59908] for POST '/session/f1d51eedb4e9914148fd4c41ac3d179b/execute/sync'
17:40:32.199 [AsyncHttpClient-1-8] DEBUG org.asynchttpclient.netty.handler.HttpHandler - 

Request DefaultHttpRequest(decodeResult: success, version: HTTP/1.1)
POST /session/f1d51eedb4e9914148fd4c41ac3d179b/execute/sync HTTP/1.1
User-Agent: selenium/4.1.2 (java windows)
Content-Length: 48780
Content-Type: application/json; charset=utf-8
host: localhost:59908
accept: */*

Response DefaultHttpResponse(decodeResult: success, version: HTTP/1.1)
HTTP/1.1 200 OK
Content-Type: application/json; charset=utf-8
cache-control: no-cache
content-length: 14

17:40:32.199 [AsyncHttpClient-1-8] DEBUG org.asynchttpclient.netty.channel.ChannelManager - Adding key: http://localhost:59908 for channel [id: 0x801da4b5, L:/127.0.0.1:57196 - R:localhost/127.0.0.1:59908]
17:40:32.205 [Forwarding screenshot on session f1d51eedb4e9914148fd4c41ac3d179b to remote] DEBUG org.asynchttpclient.netty.request.NettyRequestSender - Using pooled Channel '[id: 0x801da4b5, L:/127.0.0.1:57196 - R:localhost/127.0.0.1:59908]' for 'GET' to 'http://localhost:59908/session/f1d51eedb4e9914148fd4c41ac3d179b/screenshot'
17:40:32.205 [Forwarding screenshot on session f1d51eedb4e9914148fd4c41ac3d179b to remote] DEBUG org.asynchttpclient.netty.request.NettyRequestSender - Using open Channel [id: 0x801da4b5, L:/127.0.0.1:57196 - R:localhost/127.0.0.1:59908] for GET '/session/f1d51eedb4e9914148fd4c41ac3d179b/screenshot'
17:40:32.458 [AsyncHttpClient-1-8] DEBUG org.asynchttpclient.netty.handler.HttpHandler - 

Request DefaultFullHttpRequest(decodeResult: success, version: HTTP/1.1, content: EmptyByteBufBE)
GET /session/f1d51eedb4e9914148fd4c41ac3d179b/screenshot HTTP/1.1
User-Agent: selenium/4.1.2 (java windows)
Cache-Control: no-cache
Content-Type: application/json; charset=utf-8
host: localhost:59908
accept: */*

Response DefaultHttpResponse(decodeResult: success, version: HTTP/1.1)
HTTP/1.1 200 OK
Content-Type: application/json; charset=utf-8
cache-control: no-cache
content-length: 305892

17:40:32.463 [AsyncHttpClient-1-8] DEBUG org.asynchttpclient.netty.channel.ChannelManager - Adding key: http://localhost:59908 for channel [id: 0x801da4b5, L:/127.0.0.1:57196 - R:localhost/127.0.0.1:59908]
17:40:32.487 [main] DEBUG net.serenitybdd.core.photography.Darkroom - Send negative for processing for target\site\serenity\722717b59ebbd241f60199e302ae36a01e106aa4b3c5c00d8b34a786f0a5fe67.png
17:40:32.487 [main] DEBUG net.thucydides.core.steps.StepInterceptor - STEP DONE: validateOnDashboardPage
  &amp#27;[32mGiven &amp#27;[0m&amp#27;[32mI am on the dashboard page&amp#27;[0m               &amp#27;[90m# starter.stepdefinitions.DashboardSteps.iAmOnTheDashboardPage()&amp#27;[0m
17:40:32.525 [main] DEBUG net.thucydides.core.steps.StepInterceptor - STARTING STEP: AppointmentSteps.iClickMenuAppointment - clickMenuAppointmentButton
17:40:32.534 [Forwarding findElement on session f1d51eedb4e9914148fd4c41ac3d179b to remote] DEBUG org.asynchttpclient.netty.request.NettyRequestSender - Using pooled Channel '[id: 0x801da4b5, L:/127.0.0.1:57196 - R:localhost/127.0.0.1:59908]' for 'POST' to 'http://localhost:59908/session/f1d51eedb4e9914148fd4c41ac3d179b/element'
17:40:32.534 [Forwarding findElement on session f1d51eedb4e9914148fd4c41ac3d179b to remote] DEBUG org.asynchttpclient.netty.request.NettyRequestSender - Using open Channel [id: 0x801da4b5, L:/127.0.0.1:57196 - R:localhost/127.0.0.1:59908] for POST '/session/f1d51eedb4e9914148fd4c41ac3d179b/element'
17:40:32.557 [AsyncHttpClient-1-8] DEBUG org.asynchttpclient.netty.handler.HttpHandler - 

Request DefaultHttpRequest(decodeResult: success, version: HTTP/1.1)
POST /session/f1d51eedb4e9914148fd4c41ac3d179b/element HTTP/1.1
User-Agent: selenium/4.1.2 (java windows)
Content-Length: 84
Content-Type: application/json; charset=utf-8
host: localhost:59908
accept: */*

Response DefaultHttpResponse(decodeResult: success, version: HTTP/1.1)
HTTP/1.1 200 OK
Content-Type: application/json; charset=utf-8
cache-control: no-cache
content-length: 88

17:40:32.579 [AsyncHttpClient-1-8] DEBUG org.asynchttpclient.netty.channel.ChannelManager - Adding key: http://localhost:59908 for channel [id: 0x801da4b5, L:/127.0.0.1:57196 - R:localhost/127.0.0.1:59908]
17:40:32.584 [Forwarding getElementTagName on session f1d51eedb4e9914148fd4c41ac3d179b to remote] DEBUG org.asynchttpclient.netty.request.NettyRequestSender - Using pooled Channel '[id: 0x801da4b5, L:/127.0.0.1:57196 - R:localhost/127.0.0.1:59908]' for 'GET' to 'http://localhost:59908/session/f1d51eedb4e9914148fd4c41ac3d179b/element/8e4785ac-8f32-4b83-a85a-f5549e44ba65/name'
17:40:32.584 [Forwarding getElementTagName on session f1d51eedb4e9914148fd4c41ac3d179b to remote] DEBUG org.asynchttpclient.netty.request.NettyRequestSender - Using open Channel [id: 0x801da4b5, L:/127.0.0.1:57196 - R:localhost/127.0.0.1:59908] for GET '/session/f1d51eedb4e9914148fd4c41ac3d179b/element/8e4785ac-8f32-4b83-a85a-f5549e44ba65/name'
17:40:32.591 [AsyncHttpClient-1-8] DEBUG org.asynchttpclient.netty.handler.HttpHandler - 

Request DefaultFullHttpRequest(decodeResult: success, version: HTTP/1.1, content: EmptyByteBufBE)
GET /session/f1d51eedb4e9914148fd4c41ac3d179b/element/8e4785ac-8f32-4b83-a85a-f5549e44ba65/name HTTP/1.1
User-Agent: selenium/4.1.2 (java windows)
Cache-Control: no-cache
Content-Type: application/json; charset=utf-8
host: localhost:59908
accept: */*

Response DefaultHttpResponse(decodeResult: success, version: HTTP/1.1)
HTTP/1.1 200 OK
Content-Type: application/json; charset=utf-8
cache-control: no-cache
content-length: 15

17:40:32.591 [AsyncHttpClient-1-8] DEBUG org.asynchttpclient.netty.channel.ChannelManager - Adding key: http://localhost:59908 for channel [id: 0x801da4b5, L:/127.0.0.1:57196 - R:localhost/127.0.0.1:59908]
17:40:32.593 [Forwarding getElementTagName on session f1d51eedb4e9914148fd4c41ac3d179b to remote] DEBUG org.asynchttpclient.netty.request.NettyRequestSender - Using pooled Channel '[id: 0x801da4b5, L:/127.0.0.1:57196 - R:localhost/127.0.0.1:59908]' for 'GET' to 'http://localhost:59908/session/f1d51eedb4e9914148fd4c41ac3d179b/element/8e4785ac-8f32-4b83-a85a-f5549e44ba65/name'
17:40:32.593 [Forwarding getElementTagName on session f1d51eedb4e9914148fd4c41ac3d179b to remote] DEBUG org.asynchttpclient.netty.request.NettyRequestSender - Using open Channel [id: 0x801da4b5, L:/127.0.0.1:57196 - R:localhost/127.0.0.1:59908] for GET '/session/f1d51eedb4e9914148fd4c41ac3d179b/element/8e4785ac-8f32-4b83-a85a-f5549e44ba65/name'
17:40:32.600 [AsyncHttpClient-1-8] DEBUG org.asynchttpclient.netty.handler.HttpHandler - 

Request DefaultFullHttpRequest(decodeResult: success, version: HTTP/1.1, content: EmptyByteBufBE)
GET /session/f1d51eedb4e9914148fd4c41ac3d179b/element/8e4785ac-8f32-4b83-a85a-f5549e44ba65/name HTTP/1.1
User-Agent: selenium/4.1.2 (java windows)
Cache-Control: no-cache
Content-Type: application/json; charset=utf-8
host: localhost:59908
accept: */*

Response DefaultHttpResponse(decodeResult: success, version: HTTP/1.1)
HTTP/1.1 200 OK
Content-Type: application/json; charset=utf-8
cache-control: no-cache
content-length: 15

17:40:32.600 [AsyncHttpClient-1-8] DEBUG org.asynchttpclient.netty.channel.ChannelManager - Adding key: http://localhost:59908 for channel [id: 0x801da4b5, L:/127.0.0.1:57196 - R:localhost/127.0.0.1:59908]
17:40:32.604 [Forwarding findElement on session f1d51eedb4e9914148fd4c41ac3d179b to remote] DEBUG org.asynchttpclient.netty.request.NettyRequestSender - Using pooled Channel '[id: 0x801da4b5, L:/127.0.0.1:57196 - R:localhost/127.0.0.1:59908]' for 'POST' to 'http://localhost:59908/session/f1d51eedb4e9914148fd4c41ac3d179b/element'
17:40:32.605 [Forwarding findElement on session f1d51eedb4e9914148fd4c41ac3d179b to remote] DEBUG org.asynchttpclient.netty.request.NettyRequestSender - Using open Channel [id: 0x801da4b5, L:/127.0.0.1:57196 - R:localhost/127.0.0.1:59908] for POST '/session/f1d51eedb4e9914148fd4c41ac3d179b/element'
17:40:32.616 [AsyncHttpClient-1-8] DEBUG org.asynchttpclient.netty.handler.HttpHandler - 

Request DefaultHttpRequest(decodeResult: success, version: HTTP/1.1)
POST /session/f1d51eedb4e9914148fd4c41ac3d179b/element HTTP/1.1
User-Agent: selenium/4.1.2 (java windows)
Content-Length: 84
Content-Type: application/json; charset=utf-8
host: localhost:59908
accept: */*

Response DefaultHttpResponse(decodeResult: success, version: HTTP/1.1)
HTTP/1.1 200 OK
Content-Type: application/json; charset=utf-8
cache-control: no-cache
content-length: 88

17:40:32.616 [AsyncHttpClient-1-8] DEBUG org.asynchttpclient.netty.channel.ChannelManager - Adding key: http://localhost:59908 for channel [id: 0x801da4b5, L:/127.0.0.1:57196 - R:localhost/127.0.0.1:59908]
17:40:32.620 [Forwarding clickElement on session f1d51eedb4e9914148fd4c41ac3d179b to remote] DEBUG org.asynchttpclient.netty.request.NettyRequestSender - Using pooled Channel '[id: 0x801da4b5, L:/127.0.0.1:57196 - R:localhost/127.0.0.1:59908]' for 'POST' to 'http://localhost:59908/session/f1d51eedb4e9914148fd4c41ac3d179b/element/8e4785ac-8f32-4b83-a85a-f5549e44ba65/click'
17:40:32.620 [Forwarding clickElement on session f1d51eedb4e9914148fd4c41ac3d179b to remote] DEBUG org.asynchttpclient.netty.request.NettyRequestSender - Using open Channel [id: 0x801da4b5, L:/127.0.0.1:57196 - R:localhost/127.0.0.1:59908] for POST '/session/f1d51eedb4e9914148fd4c41ac3d179b/element/8e4785ac-8f32-4b83-a85a-f5549e44ba65/click'
17:40:32.803 [AsyncHttpClient-1-1] DEBUG org.asynchttpclient.netty.channel.DefaultChannelPool - Entry count for : http://localhost:57198 : 1
17:40:33.747 [AsyncHttpClient-1-8] DEBUG org.asynchttpclient.netty.handler.HttpHandler - 

Request DefaultHttpRequest(decodeResult: success, version: HTTP/1.1)
POST /session/f1d51eedb4e9914148fd4c41ac3d179b/element/8e4785ac-8f32-4b83-a85a-f5549e44ba65/click HTTP/1.1
User-Agent: selenium/4.1.2 (java windows)
Content-Length: 50
Content-Type: application/json; charset=utf-8
host: localhost:59908
accept: */*

Response DefaultHttpResponse(decodeResult: success, version: HTTP/1.1)
HTTP/1.1 200 OK
Content-Type: application/json; charset=utf-8
cache-control: no-cache
content-length: 14

17:40:33.748 [AsyncHttpClient-1-8] DEBUG org.asynchttpclient.netty.channel.ChannelManager - Adding key: http://localhost:59908 for channel [id: 0x801da4b5, L:/127.0.0.1:57196 - R:localhost/127.0.0.1:59908]
17:40:33.768 [Forwarding screenshot on session f1d51eedb4e9914148fd4c41ac3d179b to remote] DEBUG org.asynchttpclient.netty.request.NettyRequestSender - Using pooled Channel '[id: 0x801da4b5, L:/127.0.0.1:57196 - R:localhost/127.0.0.1:59908]' for 'GET' to 'http://localhost:59908/session/f1d51eedb4e9914148fd4c41ac3d179b/screenshot'
17:40:33.769 [Forwarding screenshot on session f1d51eedb4e9914148fd4c41ac3d179b to remote] DEBUG org.asynchttpclient.netty.request.NettyRequestSender - Using open Channel [id: 0x801da4b5, L:/127.0.0.1:57196 - R:localhost/127.0.0.1:59908] for GET '/session/f1d51eedb4e9914148fd4c41ac3d179b/screenshot'
17:40:33.898 [AsyncHttpClient-1-8] DEBUG org.asynchttpclient.netty.handler.HttpHandler - 

Request DefaultFullHttpRequest(decodeResult: success, version: HTTP/1.1, content: EmptyByteBufBE)
GET /session/f1d51eedb4e9914148fd4c41ac3d179b/screenshot HTTP/1.1
User-Agent: selenium/4.1.2 (java windows)
Cache-Control: no-cache
Content-Type: application/json; charset=utf-8
host: localhost:59908
accept: */*

Response DefaultHttpResponse(decodeResult: success, version: HTTP/1.1)
HTTP/1.1 200 OK
Content-Type: application/json; charset=utf-8
cache-control: no-cache
content-length: 55204

17:40:33.899 [AsyncHttpClient-1-8] DEBUG org.asynchttpclient.netty.channel.ChannelManager - Adding key: http://localhost:59908 for channel [id: 0x801da4b5, L:/127.0.0.1:57196 - R:localhost/127.0.0.1:59908]
17:40:33.900 [AsyncHttpClient-1-1] DEBUG org.asynchttpclient.netty.channel.DefaultChannelPool - Entry count for : http://localhost:59908 : 1
17:40:33.900 [AsyncHttpClient-1-1] DEBUG org.asynchttpclient.netty.channel.DefaultChannelPool - Entry count for : http://localhost:57198 : 1
17:40:33.902 [main] DEBUG net.serenitybdd.core.photography.Darkroom - Send negative for processing for target\site\serenity\6fc6e98f83804ae034e4513a2dbe2db5528119682db6e52e97b3ca27f97c95dc.png
17:40:33.903 [main] DEBUG net.thucydides.core.steps.StepInterceptor - STEP DONE: clickMenuAppointmentButton
17:40:33.903 [Darkroom Processing Line] DEBUG net.serenitybdd.core.photography.DarkroomProcessingLine - Processing screenshot image in /var/screenshots/screenshot-66906455149891614
17:40:33.903 [Darkroom Processing Line] DEBUG net.serenitybdd.core.photography.DarkroomProcessingLine - Saving screenshot to target\site\serenity\6fc6e98f83804ae034e4513a2dbe2db5528119682db6e52e97b3ca27f97c95dc.png
  &amp#27;[32mAnd &amp#27;[0m&amp#27;[32mI click menu Appointment&amp#27;[0m                   &amp#27;[90m# starter.stepdefinitions.AppointmentSteps.iClickMenuAppointment()&amp#27;[0m
17:40:33.937 [main] DEBUG net.thucydides.core.steps.StepInterceptor - STARTING STEP: AppointmentSteps.iClickAddNewAppointment - clickAddNewAppointmentButton
17:40:33.945 [Forwarding findElement on session f1d51eedb4e9914148fd4c41ac3d179b to remote] DEBUG org.asynchttpclient.netty.request.NettyRequestSender - Using pooled Channel '[id: 0x801da4b5, L:/127.0.0.1:57196 - R:localhost/127.0.0.1:59908]' for 'POST' to 'http://localhost:59908/session/f1d51eedb4e9914148fd4c41ac3d179b/element'
17:40:33.945 [Forwarding findElement on session f1d51eedb4e9914148fd4c41ac3d179b to remote] DEBUG org.asynchttpclient.netty.request.NettyRequestSender - Using open Channel [id: 0x801da4b5, L:/127.0.0.1:57196 - R:localhost/127.0.0.1:59908] for POST '/session/f1d51eedb4e9914148fd4c41ac3d179b/element'
17:40:33.965 [AsyncHttpClient-1-8] DEBUG org.asynchttpclient.netty.handler.HttpHandler - 

Request DefaultHttpRequest(decodeResult: success, version: HTTP/1.1)
POST /session/f1d51eedb4e9914148fd4c41ac3d179b/element HTTP/1.1
User-Agent: selenium/4.1.2 (java windows)
Content-Length: 149
Content-Type: application/json; charset=utf-8
host: localhost:59908
accept: */*

Response DefaultHttpResponse(decodeResult: success, version: HTTP/1.1)
HTTP/1.1 200 OK
Content-Type: application/json; charset=utf-8
cache-control: no-cache
content-length: 88

17:40:33.965 [AsyncHttpClient-1-8] DEBUG org.asynchttpclient.netty.channel.ChannelManager - Adding key: http://localhost:59908 for channel [id: 0x801da4b5, L:/127.0.0.1:57196 - R:localhost/127.0.0.1:59908]
17:40:33.967 [Forwarding getElementTagName on session f1d51eedb4e9914148fd4c41ac3d179b to remote] DEBUG org.asynchttpclient.netty.request.NettyRequestSender - Using pooled Channel '[id: 0x801da4b5, L:/127.0.0.1:57196 - R:localhost/127.0.0.1:59908]' for 'GET' to 'http://localhost:59908/session/f1d51eedb4e9914148fd4c41ac3d179b/element/44443e0d-88b4-41cd-b7b3-6263d1ea908b/name'
17:40:33.967 [Forwarding getElementTagName on session f1d51eedb4e9914148fd4c41ac3d179b to remote] DEBUG org.asynchttpclient.netty.request.NettyRequestSender - Using open Channel [id: 0x801da4b5, L:/127.0.0.1:57196 - R:localhost/127.0.0.1:59908] for GET '/session/f1d51eedb4e9914148fd4c41ac3d179b/element/44443e0d-88b4-41cd-b7b3-6263d1ea908b/name'
17:40:33.974 [AsyncHttpClient-1-8] DEBUG org.asynchttpclient.netty.handler.HttpHandler - 

Request DefaultFullHttpRequest(decodeResult: success, version: HTTP/1.1, content: EmptyByteBufBE)
GET /session/f1d51eedb4e9914148fd4c41ac3d179b/element/44443e0d-88b4-41cd-b7b3-6263d1ea908b/name HTTP/1.1
User-Agent: selenium/4.1.2 (java windows)
Cache-Control: no-cache
Content-Type: application/json; charset=utf-8
host: localhost:59908
accept: */*

Response DefaultHttpResponse(decodeResult: success, version: HTTP/1.1)
HTTP/1.1 200 OK
Content-Type: application/json; charset=utf-8
cache-control: no-cache
content-length: 18

17:40:33.975 [AsyncHttpClient-1-8] DEBUG org.asynchttpclient.netty.channel.ChannelManager - Adding key: http://localhost:59908 for channel [id: 0x801da4b5, L:/127.0.0.1:57196 - R:localhost/127.0.0.1:59908]
17:40:33.977 [Forwarding getElementTagName on session f1d51eedb4e9914148fd4c41ac3d179b to remote] DEBUG org.asynchttpclient.netty.request.NettyRequestSender - Using pooled Channel '[id: 0x801da4b5, L:/127.0.0.1:57196 - R:localhost/127.0.0.1:59908]' for 'GET' to 'http://localhost:59908/session/f1d51eedb4e9914148fd4c41ac3d179b/element/44443e0d-88b4-41cd-b7b3-6263d1ea908b/name'
17:40:33.978 [Forwarding getElementTagName on session f1d51eedb4e9914148fd4c41ac3d179b to remote] DEBUG org.asynchttpclient.netty.request.NettyRequestSender - Using open Channel [id: 0x801da4b5, L:/127.0.0.1:57196 - R:localhost/127.0.0.1:59908] for GET '/session/f1d51eedb4e9914148fd4c41ac3d179b/element/44443e0d-88b4-41cd-b7b3-6263d1ea908b/name'
17:40:33.982 [AsyncHttpClient-1-8] DEBUG org.asynchttpclient.netty.handler.HttpHandler - 

Request DefaultFullHttpRequest(decodeResult: success, version: HTTP/1.1, content: EmptyByteBufBE)
GET /session/f1d51eedb4e9914148fd4c41ac3d179b/element/44443e0d-88b4-41cd-b7b3-6263d1ea908b/name HTTP/1.1
User-Agent: selenium/4.1.2 (java windows)
Cache-Control: no-cache
Content-Type: application/json; charset=utf-8
host: localhost:59908
accept: */*

Response DefaultHttpResponse(decodeResult: success, version: HTTP/1.1)
HTTP/1.1 200 OK
Content-Type: application/json; charset=utf-8
cache-control: no-cache
content-length: 18

17:40:33.983 [AsyncHttpClient-1-8] DEBUG org.asynchttpclient.netty.channel.ChannelManager - Adding key: http://localhost:59908 for channel [id: 0x801da4b5, L:/127.0.0.1:57196 - R:localhost/127.0.0.1:59908]
17:40:33.988 [Forwarding isElementEnabled on session f1d51eedb4e9914148fd4c41ac3d179b to remote] DEBUG org.asynchttpclient.netty.request.NettyRequestSender - Using pooled Channel '[id: 0x801da4b5, L:/127.0.0.1:57196 - R:localhost/127.0.0.1:59908]' for 'GET' to 'http://localhost:59908/session/f1d51eedb4e9914148fd4c41ac3d179b/element/44443e0d-88b4-41cd-b7b3-6263d1ea908b/enabled'
17:40:33.988 [Forwarding isElementEnabled on session f1d51eedb4e9914148fd4c41ac3d179b to remote] DEBUG org.asynchttpclient.netty.request.NettyRequestSender - Using open Channel [id: 0x801da4b5, L:/127.0.0.1:57196 - R:localhost/127.0.0.1:59908] for GET '/session/f1d51eedb4e9914148fd4c41ac3d179b/element/44443e0d-88b4-41cd-b7b3-6263d1ea908b/enabled'
17:40:33.998 [AsyncHttpClient-1-8] DEBUG org.asynchttpclient.netty.handler.HttpHandler - 

Request DefaultFullHttpRequest(decodeResult: success, version: HTTP/1.1, content: EmptyByteBufBE)
GET /session/f1d51eedb4e9914148fd4c41ac3d179b/element/44443e0d-88b4-41cd-b7b3-6263d1ea908b/enabled HTTP/1.1
User-Agent: selenium/4.1.2 (java windows)
Cache-Control: no-cache
Content-Type: application/json; charset=utf-8
host: localhost:59908
accept: */*

Response DefaultHttpResponse(decodeResult: success, version: HTTP/1.1)
HTTP/1.1 200 OK
Content-Type: application/json; charset=utf-8
cache-control: no-cache
content-length: 14

17:40:33.998 [AsyncHttpClient-1-8] DEBUG org.asynchttpclient.netty.channel.ChannelManager - Adding key: http://localhost:59908 for channel [id: 0x801da4b5, L:/127.0.0.1:57196 - R:localhost/127.0.0.1:59908]
17:40:34.002 [Forwarding isElementEnabled on session f1d51eedb4e9914148fd4c41ac3d179b to remote] DEBUG org.asynchttpclient.netty.request.NettyRequestSender - Using pooled Channel '[id: 0x801da4b5, L:/127.0.0.1:57196 - R:localhost/127.0.0.1:59908]' for 'GET' to 'http://localhost:59908/session/f1d51eedb4e9914148fd4c41ac3d179b/element/44443e0d-88b4-41cd-b7b3-6263d1ea908b/enabled'
17:40:34.002 [Forwarding isElementEnabled on session f1d51eedb4e9914148fd4c41ac3d179b to remote] DEBUG org.asynchttpclient.netty.request.NettyRequestSender - Using open Channel [id: 0x801da4b5, L:/127.0.0.1:57196 - R:localhost/127.0.0.1:59908] for GET '/session/f1d51eedb4e9914148fd4c41ac3d179b/element/44443e0d-88b4-41cd-b7b3-6263d1ea908b/enabled'
17:40:34.009 [AsyncHttpClient-1-8] DEBUG org.asynchttpclient.netty.handler.HttpHandler - 

Request DefaultFullHttpRequest(decodeResult: success, version: HTTP/1.1, content: EmptyByteBufBE)
GET /session/f1d51eedb4e9914148fd4c41ac3d179b/element/44443e0d-88b4-41cd-b7b3-6263d1ea908b/enabled HTTP/1.1
User-Agent: selenium/4.1.2 (java windows)
Cache-Control: no-cache
Content-Type: application/json; charset=utf-8
host: localhost:59908
accept: */*

Response DefaultHttpResponse(decodeResult: success, version: HTTP/1.1)
HTTP/1.1 200 OK
Content-Type: application/json; charset=utf-8
cache-control: no-cache
content-length: 14

17:40:34.009 [AsyncHttpClient-1-8] DEBUG org.asynchttpclient.netty.channel.ChannelManager - Adding key: http://localhost:59908 for channel [id: 0x801da4b5, L:/127.0.0.1:57196 - R:localhost/127.0.0.1:59908]
17:40:34.011 [Forwarding findElement on session f1d51eedb4e9914148fd4c41ac3d179b to remote] DEBUG org.asynchttpclient.netty.request.NettyRequestSender - Using pooled Channel '[id: 0x801da4b5, L:/127.0.0.1:57196 - R:localhost/127.0.0.1:59908]' for 'POST' to 'http://localhost:59908/session/f1d51eedb4e9914148fd4c41ac3d179b/element'
17:40:34.012 [Forwarding findElement on session f1d51eedb4e9914148fd4c41ac3d179b to remote] DEBUG org.asynchttpclient.netty.request.NettyRequestSender - Using open Channel [id: 0x801da4b5, L:/127.0.0.1:57196 - R:localhost/127.0.0.1:59908] for POST '/session/f1d51eedb4e9914148fd4c41ac3d179b/element'
17:40:34.021 [AsyncHttpClient-1-8] DEBUG org.asynchttpclient.netty.handler.HttpHandler - 

Request DefaultHttpRequest(decodeResult: success, version: HTTP/1.1)
POST /session/f1d51eedb4e9914148fd4c41ac3d179b/element HTTP/1.1
User-Agent: selenium/4.1.2 (java windows)
Content-Length: 149
Content-Type: application/json; charset=utf-8
host: localhost:59908
accept: */*

Response DefaultHttpResponse(decodeResult: success, version: HTTP/1.1)
HTTP/1.1 200 OK
Content-Type: application/json; charset=utf-8
cache-control: no-cache
content-length: 88

17:40:34.021 [AsyncHttpClient-1-8] DEBUG org.asynchttpclient.netty.channel.ChannelManager - Adding key: http://localhost:59908 for channel [id: 0x801da4b5, L:/127.0.0.1:57196 - R:localhost/127.0.0.1:59908]
17:40:34.022 [Forwarding clickElement on session f1d51eedb4e9914148fd4c41ac3d179b to remote] DEBUG org.asynchttpclient.netty.request.NettyRequestSender - Using pooled Channel '[id: 0x801da4b5, L:/127.0.0.1:57196 - R:localhost/127.0.0.1:59908]' for 'POST' to 'http://localhost:59908/session/f1d51eedb4e9914148fd4c41ac3d179b/element/44443e0d-88b4-41cd-b7b3-6263d1ea908b/click'
17:40:34.022 [Forwarding clickElement on session f1d51eedb4e9914148fd4c41ac3d179b to remote] DEBUG org.asynchttpclient.netty.request.NettyRequestSender - Using open Channel [id: 0x801da4b5, L:/127.0.0.1:57196 - R:localhost/127.0.0.1:59908] for POST '/session/f1d51eedb4e9914148fd4c41ac3d179b/element/44443e0d-88b4-41cd-b7b3-6263d1ea908b/click'
17:40:34.151 [AsyncHttpClient-1-8] DEBUG org.asynchttpclient.netty.handler.HttpHandler - 

Request DefaultHttpRequest(decodeResult: success, version: HTTP/1.1)
POST /session/f1d51eedb4e9914148fd4c41ac3d179b/element/44443e0d-88b4-41cd-b7b3-6263d1ea908b/click HTTP/1.1
User-Agent: selenium/4.1.2 (java windows)
Content-Length: 50
Content-Type: application/json; charset=utf-8
host: localhost:59908
accept: */*

Response DefaultHttpResponse(decodeResult: success, version: HTTP/1.1)
HTTP/1.1 200 OK
Content-Type: application/json; charset=utf-8
cache-control: no-cache
content-length: 14

17:40:34.151 [AsyncHttpClient-1-8] DEBUG org.asynchttpclient.netty.channel.ChannelManager - Adding key: http://localhost:59908 for channel [id: 0x801da4b5, L:/127.0.0.1:57196 - R:localhost/127.0.0.1:59908]
17:40:34.160 [Forwarding screenshot on session f1d51eedb4e9914148fd4c41ac3d179b to remote] DEBUG org.asynchttpclient.netty.request.NettyRequestSender - Using pooled Channel '[id: 0x801da4b5, L:/127.0.0.1:57196 - R:localhost/127.0.0.1:59908]' for 'GET' to 'http://localhost:59908/session/f1d51eedb4e9914148fd4c41ac3d179b/screenshot'
17:40:34.161 [Forwarding screenshot on session f1d51eedb4e9914148fd4c41ac3d179b to remote] DEBUG org.asynchttpclient.netty.request.NettyRequestSender - Using open Channel [id: 0x801da4b5, L:/127.0.0.1:57196 - R:localhost/127.0.0.1:59908] for GET '/session/f1d51eedb4e9914148fd4c41ac3d179b/screenshot'
17:40:34.292 [AsyncHttpClient-1-8] DEBUG org.asynchttpclient.netty.handler.HttpHandler - 

Request DefaultFullHttpRequest(decodeResult: success, version: HTTP/1.1, content: EmptyByteBufBE)
GET /session/f1d51eedb4e9914148fd4c41ac3d179b/screenshot HTTP/1.1
User-Agent: selenium/4.1.2 (java windows)
Cache-Control: no-cache
Content-Type: application/json; charset=utf-8
host: localhost:59908
accept: */*

Response DefaultHttpResponse(decodeResult: success, version: HTTP/1.1)
HTTP/1.1 200 OK
Content-Type: application/json; charset=utf-8
cache-control: no-cache
content-length: 67156

17:40:34.292 [AsyncHttpClient-1-8] DEBUG org.asynchttpclient.netty.channel.ChannelManager - Adding key: http://localhost:59908 for channel [id: 0x801da4b5, L:/127.0.0.1:57196 - R:localhost/127.0.0.1:59908]
17:40:34.296 [main] DEBUG net.serenitybdd.core.photography.Darkroom - Send negative for processing for target\site\serenity\dfbab9787c03d5431ba1386a3015350d1d3df4f785fd9b79f1097d774789ceba.png
17:40:34.296 [main] DEBUG net.thucydides.core.steps.StepInterceptor - STEP DONE: clickAddNewAppointmentButton
  &amp#27;[32mWhen &amp#27;[0m&amp#27;[32mI click Add New Appointment&amp#27;[0m               &amp#27;[90m# starter.stepdefinitions.AppointmentSteps.iClickAddNewAppointment()&amp#27;[0m
17:40:34.297 [Darkroom Processing Line] DEBUG net.serenitybdd.core.photography.DarkroomProcessingLine - Processing screenshot image in /var/screenshots/screenshot-3835874173040302718
17:40:34.297 [Darkroom Processing Line] DEBUG net.serenitybdd.core.photography.DarkroomProcessingLine - Saving screenshot to target\site\serenity\dfbab9787c03d5431ba1386a3015350d1d3df4f785fd9b79f1097d774789ceba.png
17:40:34.318 [main] DEBUG net.thucydides.core.steps.StepInterceptor - STARTING STEP: AppointmentSteps.iClickYesButton - clickYesButton
17:40:34.324 [Forwarding findElement on session f1d51eedb4e9914148fd4c41ac3d179b to remote] DEBUG org.asynchttpclient.netty.request.NettyRequestSender - Using pooled Channel '[id: 0x801da4b5, L:/127.0.0.1:57196 - R:localhost/127.0.0.1:59908]' for 'POST' to 'http://localhost:59908/session/f1d51eedb4e9914148fd4c41ac3d179b/element'
17:40:34.324 [Forwarding findElement on session f1d51eedb4e9914148fd4c41ac3d179b to remote] DEBUG org.asynchttpclient.netty.request.NettyRequestSender - Using open Channel [id: 0x801da4b5, L:/127.0.0.1:57196 - R:localhost/127.0.0.1:59908] for POST '/session/f1d51eedb4e9914148fd4c41ac3d179b/element'
17:40:34.340 [AsyncHttpClient-1-8] DEBUG org.asynchttpclient.netty.handler.HttpHandler - 

Request DefaultHttpRequest(decodeResult: success, version: HTTP/1.1)
POST /session/f1d51eedb4e9914148fd4c41ac3d179b/element HTTP/1.1
User-Agent: selenium/4.1.2 (java windows)
Content-Length: 104
Content-Type: application/json; charset=utf-8
host: localhost:59908
accept: */*

Response DefaultHttpResponse(decodeResult: success, version: HTTP/1.1)
HTTP/1.1 200 OK
Content-Type: application/json; charset=utf-8
cache-control: no-cache
content-length: 88

17:40:34.340 [AsyncHttpClient-1-8] DEBUG org.asynchttpclient.netty.channel.ChannelManager - Adding key: http://localhost:59908 for channel [id: 0x801da4b5, L:/127.0.0.1:57196 - R:localhost/127.0.0.1:59908]
17:40:34.344 [Forwarding getElementTagName on session f1d51eedb4e9914148fd4c41ac3d179b to remote] DEBUG org.asynchttpclient.netty.request.NettyRequestSender - Using pooled Channel '[id: 0x801da4b5, L:/127.0.0.1:57196 - R:localhost/127.0.0.1:59908]' for 'GET' to 'http://localhost:59908/session/f1d51eedb4e9914148fd4c41ac3d179b/element/d886bafd-cf11-4995-9d6e-4d1b4e11f06e/name'
17:40:34.344 [Forwarding getElementTagName on session f1d51eedb4e9914148fd4c41ac3d179b to remote] DEBUG org.asynchttpclient.netty.request.NettyRequestSender - Using open Channel [id: 0x801da4b5, L:/127.0.0.1:57196 - R:localhost/127.0.0.1:59908] for GET '/session/f1d51eedb4e9914148fd4c41ac3d179b/element/d886bafd-cf11-4995-9d6e-4d1b4e11f06e/name'
17:40:34.353 [AsyncHttpClient-1-8] DEBUG org.asynchttpclient.netty.handler.HttpHandler - 

Request DefaultFullHttpRequest(decodeResult: success, version: HTTP/1.1, content: EmptyByteBufBE)
GET /session/f1d51eedb4e9914148fd4c41ac3d179b/element/d886bafd-cf11-4995-9d6e-4d1b4e11f06e/name HTTP/1.1
User-Agent: selenium/4.1.2 (java windows)
Cache-Control: no-cache
Content-Type: application/json; charset=utf-8
host: localhost:59908
accept: */*

Response DefaultHttpResponse(decodeResult: success, version: HTTP/1.1)
HTTP/1.1 200 OK
Content-Type: application/json; charset=utf-8
cache-control: no-cache
content-length: 18

17:40:34.353 [AsyncHttpClient-1-8] DEBUG org.asynchttpclient.netty.channel.ChannelManager - Adding key: http://localhost:59908 for channel [id: 0x801da4b5, L:/127.0.0.1:57196 - R:localhost/127.0.0.1:59908]
17:40:34.355 [Forwarding getElementTagName on session f1d51eedb4e9914148fd4c41ac3d179b to remote] DEBUG org.asynchttpclient.netty.request.NettyRequestSender - Using pooled Channel '[id: 0x801da4b5, L:/127.0.0.1:57196 - R:localhost/127.0.0.1:59908]' for 'GET' to 'http://localhost:59908/session/f1d51eedb4e9914148fd4c41ac3d179b/element/d886bafd-cf11-4995-9d6e-4d1b4e11f06e/name'
17:40:34.355 [Forwarding getElementTagName on session f1d51eedb4e9914148fd4c41ac3d179b to remote] DEBUG org.asynchttpclient.netty.request.NettyRequestSender - Using open Channel [id: 0x801da4b5, L:/127.0.0.1:57196 - R:localhost/127.0.0.1:59908] for GET '/session/f1d51eedb4e9914148fd4c41ac3d179b/element/d886bafd-cf11-4995-9d6e-4d1b4e11f06e/name'
17:40:34.361 [AsyncHttpClient-1-8] DEBUG org.asynchttpclient.netty.handler.HttpHandler - 

Request DefaultFullHttpRequest(decodeResult: success, version: HTTP/1.1, content: EmptyByteBufBE)
GET /session/f1d51eedb4e9914148fd4c41ac3d179b/element/d886bafd-cf11-4995-9d6e-4d1b4e11f06e/name HTTP/1.1
User-Agent: selenium/4.1.2 (java windows)
Cache-Control: no-cache
Content-Type: application/json; charset=utf-8
host: localhost:59908
accept: */*

Response DefaultHttpResponse(decodeResult: success, version: HTTP/1.1)
HTTP/1.1 200 OK
Content-Type: application/json; charset=utf-8
cache-control: no-cache
content-length: 18

17:40:34.361 [AsyncHttpClient-1-8] DEBUG org.asynchttpclient.netty.channel.ChannelManager - Adding key: http://localhost:59908 for channel [id: 0x801da4b5, L:/127.0.0.1:57196 - R:localhost/127.0.0.1:59908]
17:40:34.364 [Forwarding isElementEnabled on session f1d51eedb4e9914148fd4c41ac3d179b to remote] DEBUG org.asynchttpclient.netty.request.NettyRequestSender - Using pooled Channel '[id: 0x801da4b5, L:/127.0.0.1:57196 - R:localhost/127.0.0.1:59908]' for 'GET' to 'http://localhost:59908/session/f1d51eedb4e9914148fd4c41ac3d179b/element/d886bafd-cf11-4995-9d6e-4d1b4e11f06e/enabled'
17:40:34.365 [Forwarding isElementEnabled on session f1d51eedb4e9914148fd4c41ac3d179b to remote] DEBUG org.asynchttpclient.netty.request.NettyRequestSender - Using open Channel [id: 0x801da4b5, L:/127.0.0.1:57196 - R:localhost/127.0.0.1:59908] for GET '/session/f1d51eedb4e9914148fd4c41ac3d179b/element/d886bafd-cf11-4995-9d6e-4d1b4e11f06e/enabled'
17:40:34.376 [AsyncHttpClient-1-8] DEBUG org.asynchttpclient.netty.handler.HttpHandler - 

Request DefaultFullHttpRequest(decodeResult: success, version: HTTP/1.1, content: EmptyByteBufBE)
GET /session/f1d51eedb4e9914148fd4c41ac3d179b/element/d886bafd-cf11-4995-9d6e-4d1b4e11f06e/enabled HTTP/1.1
User-Agent: selenium/4.1.2 (java windows)
Cache-Control: no-cache
Content-Type: application/json; charset=utf-8
host: localhost:59908
accept: */*

Response DefaultHttpResponse(decodeResult: success, version: HTTP/1.1)
HTTP/1.1 200 OK
Content-Type: application/json; charset=utf-8
cache-control: no-cache
content-length: 14

17:40:34.377 [AsyncHttpClient-1-8] DEBUG org.asynchttpclient.netty.channel.ChannelManager - Adding key: http://localhost:59908 for channel [id: 0x801da4b5, L:/127.0.0.1:57196 - R:localhost/127.0.0.1:59908]
17:40:34.378 [Forwarding isElementEnabled on session f1d51eedb4e9914148fd4c41ac3d179b to remote] DEBUG org.asynchttpclient.netty.request.NettyRequestSender - Using pooled Channel '[id: 0x801da4b5, L:/127.0.0.1:57196 - R:localhost/127.0.0.1:59908]' for 'GET' to 'http://localhost:59908/session/f1d51eedb4e9914148fd4c41ac3d179b/element/d886bafd-cf11-4995-9d6e-4d1b4e11f06e/enabled'
17:40:34.378 [Forwarding isElementEnabled on session f1d51eedb4e9914148fd4c41ac3d179b to remote] DEBUG org.asynchttpclient.netty.request.NettyRequestSender - Using open Channel [id: 0x801da4b5, L:/127.0.0.1:57196 - R:localhost/127.0.0.1:59908] for GET '/session/f1d51eedb4e9914148fd4c41ac3d179b/element/d886bafd-cf11-4995-9d6e-4d1b4e11f06e/enabled'
17:40:34.388 [AsyncHttpClient-1-8] DEBUG org.asynchttpclient.netty.handler.HttpHandler - 

Request DefaultFullHttpRequest(decodeResult: success, version: HTTP/1.1, content: EmptyByteBufBE)
GET /session/f1d51eedb4e9914148fd4c41ac3d179b/element/d886bafd-cf11-4995-9d6e-4d1b4e11f06e/enabled HTTP/1.1
User-Agent: selenium/4.1.2 (java windows)
Cache-Control: no-cache
Content-Type: application/json; charset=utf-8
host: localhost:59908
accept: */*

Response DefaultHttpResponse(decodeResult: success, version: HTTP/1.1)
HTTP/1.1 200 OK
Content-Type: application/json; charset=utf-8
cache-control: no-cache
content-length: 14

17:40:34.388 [AsyncHttpClient-1-8] DEBUG org.asynchttpclient.netty.channel.ChannelManager - Adding key: http://localhost:59908 for channel [id: 0x801da4b5, L:/127.0.0.1:57196 - R:localhost/127.0.0.1:59908]
17:40:34.391 [Forwarding findElement on session f1d51eedb4e9914148fd4c41ac3d179b to remote] DEBUG org.asynchttpclient.netty.request.NettyRequestSender - Using pooled Channel '[id: 0x801da4b5, L:/127.0.0.1:57196 - R:localhost/127.0.0.1:59908]' for 'POST' to 'http://localhost:59908/session/f1d51eedb4e9914148fd4c41ac3d179b/element'
17:40:34.391 [Forwarding findElement on session f1d51eedb4e9914148fd4c41ac3d179b to remote] DEBUG org.asynchttpclient.netty.request.NettyRequestSender - Using open Channel [id: 0x801da4b5, L:/127.0.0.1:57196 - R:localhost/127.0.0.1:59908] for POST '/session/f1d51eedb4e9914148fd4c41ac3d179b/element'
17:40:34.406 [AsyncHttpClient-1-8] DEBUG org.asynchttpclient.netty.handler.HttpHandler - 

Request DefaultHttpRequest(decodeResult: success, version: HTTP/1.1)
POST /session/f1d51eedb4e9914148fd4c41ac3d179b/element HTTP/1.1
User-Agent: selenium/4.1.2 (java windows)
Content-Length: 104
Content-Type: application/json; charset=utf-8
host: localhost:59908
accept: */*

Response DefaultHttpResponse(decodeResult: success, version: HTTP/1.1)
HTTP/1.1 200 OK
Content-Type: application/json; charset=utf-8
cache-control: no-cache
content-length: 88

17:40:34.407 [AsyncHttpClient-1-8] DEBUG org.asynchttpclient.netty.channel.ChannelManager - Adding key: http://localhost:59908 for channel [id: 0x801da4b5, L:/127.0.0.1:57196 - R:localhost/127.0.0.1:59908]
17:40:34.408 [Forwarding clickElement on session f1d51eedb4e9914148fd4c41ac3d179b to remote] DEBUG org.asynchttpclient.netty.request.NettyRequestSender - Using pooled Channel '[id: 0x801da4b5, L:/127.0.0.1:57196 - R:localhost/127.0.0.1:59908]' for 'POST' to 'http://localhost:59908/session/f1d51eedb4e9914148fd4c41ac3d179b/element/d886bafd-cf11-4995-9d6e-4d1b4e11f06e/click'
17:40:34.408 [Forwarding clickElement on session f1d51eedb4e9914148fd4c41ac3d179b to remote] DEBUG org.asynchttpclient.netty.request.NettyRequestSender - Using open Channel [id: 0x801da4b5, L:/127.0.0.1:57196 - R:localhost/127.0.0.1:59908] for POST '/session/f1d51eedb4e9914148fd4c41ac3d179b/element/d886bafd-cf11-4995-9d6e-4d1b4e11f06e/click'
17:40:35.002 [AsyncHttpClient-1-1] DEBUG org.asynchttpclient.netty.channel.DefaultChannelPool - Entry count for : http://localhost:57198 : 1
17:40:36.102 [AsyncHttpClient-1-1] DEBUG org.asynchttpclient.netty.channel.DefaultChannelPool - Entry count for : http://localhost:57198 : 1
17:40:36.200 [AsyncHttpClient-1-8] DEBUG org.asynchttpclient.netty.handler.HttpHandler - 

Request DefaultHttpRequest(decodeResult: success, version: HTTP/1.1)
POST /session/f1d51eedb4e9914148fd4c41ac3d179b/element/d886bafd-cf11-4995-9d6e-4d1b4e11f06e/click HTTP/1.1
User-Agent: selenium/4.1.2 (java windows)
Content-Length: 50
Content-Type: application/json; charset=utf-8
host: localhost:59908
accept: */*

Response DefaultHttpResponse(decodeResult: success, version: HTTP/1.1)
HTTP/1.1 200 OK
Content-Type: application/json; charset=utf-8
cache-control: no-cache
content-length: 14

17:40:36.200 [AsyncHttpClient-1-8] DEBUG org.asynchttpclient.netty.channel.ChannelManager - Adding key: http://localhost:59908 for channel [id: 0x801da4b5, L:/127.0.0.1:57196 - R:localhost/127.0.0.1:59908]
17:40:36.228 [Forwarding screenshot on session f1d51eedb4e9914148fd4c41ac3d179b to remote] DEBUG org.asynchttpclient.netty.request.NettyRequestSender - Using pooled Channel '[id: 0x801da4b5, L:/127.0.0.1:57196 - R:localhost/127.0.0.1:59908]' for 'GET' to 'http://localhost:59908/session/f1d51eedb4e9914148fd4c41ac3d179b/screenshot'
17:40:36.229 [Forwarding screenshot on session f1d51eedb4e9914148fd4c41ac3d179b to remote] DEBUG org.asynchttpclient.netty.request.NettyRequestSender - Using open Channel [id: 0x801da4b5, L:/127.0.0.1:57196 - R:localhost/127.0.0.1:59908] for GET '/session/f1d51eedb4e9914148fd4c41ac3d179b/screenshot'
17:40:36.495 [AsyncHttpClient-1-8] DEBUG org.asynchttpclient.netty.handler.HttpHandler - 

Request DefaultFullHttpRequest(decodeResult: success, version: HTTP/1.1, content: EmptyByteBufBE)
GET /session/f1d51eedb4e9914148fd4c41ac3d179b/screenshot HTTP/1.1
User-Agent: selenium/4.1.2 (java windows)
Cache-Control: no-cache
Content-Type: application/json; charset=utf-8
host: localhost:59908
accept: */*

Response DefaultHttpResponse(decodeResult: success, version: HTTP/1.1)
HTTP/1.1 200 OK
Content-Type: application/json; charset=utf-8
cache-control: no-cache
content-length: 75672

17:40:36.496 [AsyncHttpClient-1-8] DEBUG org.asynchttpclient.netty.channel.ChannelManager - Adding key: http://localhost:59908 for channel [id: 0x801da4b5, L:/127.0.0.1:57196 - R:localhost/127.0.0.1:59908]
17:40:36.501 [main] DEBUG net.serenitybdd.core.photography.Darkroom - Send negative for processing for target\site\serenity\d6b344beb05d677d217f9a9f55f81852c168e581fb146d182630cd61781ae4c7.png
17:40:36.501 [main] DEBUG net.thucydides.core.steps.StepInterceptor - STEP DONE: clickYesButton
17:40:36.501 [Darkroom Processing Line] DEBUG net.serenitybdd.core.photography.DarkroomProcessingLine - Processing screenshot image in /var/screenshots/screenshot-11136541621057243294
  &amp#27;[32mAnd &amp#27;[0m&amp#27;[32mI click yes button&amp#27;[0m                         &amp#27;[90m# starter.stepdefinitions.AppointmentSteps.iClickYesButton()&amp#27;[0m
17:40:36.501 [Darkroom Processing Line] DEBUG net.serenitybdd.core.photography.DarkroomProcessingLine - Saving screenshot to target\site\serenity\d6b344beb05d677d217f9a9f55f81852c168e581fb146d182630cd61781ae4c7.png
17:40:36.519 [main] DEBUG net.thucydides.core.steps.StepInterceptor - STARTING STEP: AppointmentSteps.iClickXIcon - clickXIcon
17:40:36.522 [Forwarding findElement on session f1d51eedb4e9914148fd4c41ac3d179b to remote] DEBUG org.asynchttpclient.netty.request.NettyRequestSender - Using pooled Channel '[id: 0x801da4b5, L:/127.0.0.1:57196 - R:localhost/127.0.0.1:59908]' for 'POST' to 'http://localhost:59908/session/f1d51eedb4e9914148fd4c41ac3d179b/element'
17:40:36.522 [Forwarding findElement on session f1d51eedb4e9914148fd4c41ac3d179b to remote] DEBUG org.asynchttpclient.netty.request.NettyRequestSender - Using open Channel [id: 0x801da4b5, L:/127.0.0.1:57196 - R:localhost/127.0.0.1:59908] for POST '/session/f1d51eedb4e9914148fd4c41ac3d179b/element'
17:40:36.538 [AsyncHttpClient-1-8] DEBUG org.asynchttpclient.netty.handler.HttpHandler - 

Request DefaultHttpRequest(decodeResult: success, version: HTTP/1.1)
POST /session/f1d51eedb4e9914148fd4c41ac3d179b/element HTTP/1.1
User-Agent: selenium/4.1.2 (java windows)
Content-Length: 104
Content-Type: application/json; charset=utf-8
host: localhost:59908
accept: */*

Response DefaultHttpResponse(decodeResult: success, version: HTTP/1.1)
HTTP/1.1 200 OK
Content-Type: application/json; charset=utf-8
cache-control: no-cache
content-length: 88

17:40:36.538 [AsyncHttpClient-1-8] DEBUG org.asynchttpclient.netty.channel.ChannelManager - Adding key: http://localhost:59908 for channel [id: 0x801da4b5, L:/127.0.0.1:57196 - R:localhost/127.0.0.1:59908]
17:40:36.540 [Forwarding getElementTagName on session f1d51eedb4e9914148fd4c41ac3d179b to remote] DEBUG org.asynchttpclient.netty.request.NettyRequestSender - Using pooled Channel '[id: 0x801da4b5, L:/127.0.0.1:57196 - R:localhost/127.0.0.1:59908]' for 'GET' to 'http://localhost:59908/session/f1d51eedb4e9914148fd4c41ac3d179b/element/aa8fdb01-6c13-4819-a96f-b274ea5e41fe/name'
17:40:36.540 [Forwarding getElementTagName on session f1d51eedb4e9914148fd4c41ac3d179b to remote] DEBUG org.asynchttpclient.netty.request.NettyRequestSender - Using open Channel [id: 0x801da4b5, L:/127.0.0.1:57196 - R:localhost/127.0.0.1:59908] for GET '/session/f1d51eedb4e9914148fd4c41ac3d179b/element/aa8fdb01-6c13-4819-a96f-b274ea5e41fe/name'
17:40:36.545 [AsyncHttpClient-1-8] DEBUG org.asynchttpclient.netty.handler.HttpHandler - 

Request DefaultFullHttpRequest(decodeResult: success, version: HTTP/1.1, content: EmptyByteBufBE)
GET /session/f1d51eedb4e9914148fd4c41ac3d179b/element/aa8fdb01-6c13-4819-a96f-b274ea5e41fe/name HTTP/1.1
User-Agent: selenium/4.1.2 (java windows)
Cache-Control: no-cache
Content-Type: application/json; charset=utf-8
host: localhost:59908
accept: */*

Response DefaultHttpResponse(decodeResult: success, version: HTTP/1.1)
HTTP/1.1 200 OK
Content-Type: application/json; charset=utf-8
cache-control: no-cache
content-length: 18

17:40:36.545 [AsyncHttpClient-1-8] DEBUG org.asynchttpclient.netty.channel.ChannelManager - Adding key: http://localhost:59908 for channel [id: 0x801da4b5, L:/127.0.0.1:57196 - R:localhost/127.0.0.1:59908]
17:40:36.547 [Forwarding getElementTagName on session f1d51eedb4e9914148fd4c41ac3d179b to remote] DEBUG org.asynchttpclient.netty.request.NettyRequestSender - Using pooled Channel '[id: 0x801da4b5, L:/127.0.0.1:57196 - R:localhost/127.0.0.1:59908]' for 'GET' to 'http://localhost:59908/session/f1d51eedb4e9914148fd4c41ac3d179b/element/aa8fdb01-6c13-4819-a96f-b274ea5e41fe/name'
17:40:36.547 [Forwarding getElementTagName on session f1d51eedb4e9914148fd4c41ac3d179b to remote] DEBUG org.asynchttpclient.netty.request.NettyRequestSender - Using open Channel [id: 0x801da4b5, L:/127.0.0.1:57196 - R:localhost/127.0.0.1:59908] for GET '/session/f1d51eedb4e9914148fd4c41ac3d179b/element/aa8fdb01-6c13-4819-a96f-b274ea5e41fe/name'
17:40:36.551 [AsyncHttpClient-1-8] DEBUG org.asynchttpclient.netty.handler.HttpHandler - 

Request DefaultFullHttpRequest(decodeResult: success, version: HTTP/1.1, content: EmptyByteBufBE)
GET /session/f1d51eedb4e9914148fd4c41ac3d179b/element/aa8fdb01-6c13-4819-a96f-b274ea5e41fe/name HTTP/1.1
User-Agent: selenium/4.1.2 (java windows)
Cache-Control: no-cache
Content-Type: application/json; charset=utf-8
host: localhost:59908
accept: */*

Response DefaultHttpResponse(decodeResult: success, version: HTTP/1.1)
HTTP/1.1 200 OK
Content-Type: application/json; charset=utf-8
cache-control: no-cache
content-length: 18

17:40:36.551 [AsyncHttpClient-1-8] DEBUG org.asynchttpclient.netty.channel.ChannelManager - Adding key: http://localhost:59908 for channel [id: 0x801da4b5, L:/127.0.0.1:57196 - R:localhost/127.0.0.1:59908]
17:40:36.554 [Forwarding isElementEnabled on session f1d51eedb4e9914148fd4c41ac3d179b to remote] DEBUG org.asynchttpclient.netty.request.NettyRequestSender - Using pooled Channel '[id: 0x801da4b5, L:/127.0.0.1:57196 - R:localhost/127.0.0.1:59908]' for 'GET' to 'http://localhost:59908/session/f1d51eedb4e9914148fd4c41ac3d179b/element/aa8fdb01-6c13-4819-a96f-b274ea5e41fe/enabled'
17:40:36.554 [Forwarding isElementEnabled on session f1d51eedb4e9914148fd4c41ac3d179b to remote] DEBUG org.asynchttpclient.netty.request.NettyRequestSender - Using open Channel [id: 0x801da4b5, L:/127.0.0.1:57196 - R:localhost/127.0.0.1:59908] for GET '/session/f1d51eedb4e9914148fd4c41ac3d179b/element/aa8fdb01-6c13-4819-a96f-b274ea5e41fe/enabled'
17:40:36.565 [AsyncHttpClient-1-8] DEBUG org.asynchttpclient.netty.handler.HttpHandler - 

Request DefaultFullHttpRequest(decodeResult: success, version: HTTP/1.1, content: EmptyByteBufBE)
GET /session/f1d51eedb4e9914148fd4c41ac3d179b/element/aa8fdb01-6c13-4819-a96f-b274ea5e41fe/enabled HTTP/1.1
User-Agent: selenium/4.1.2 (java windows)
Cache-Control: no-cache
Content-Type: application/json; charset=utf-8
host: localhost:59908
accept: */*

Response DefaultHttpResponse(decodeResult: success, version: HTTP/1.1)
HTTP/1.1 200 OK
Content-Type: application/json; charset=utf-8
cache-control: no-cache
content-length: 14

17:40:36.565 [AsyncHttpClient-1-8] DEBUG org.asynchttpclient.netty.channel.ChannelManager - Adding key: http://localhost:59908 for channel [id: 0x801da4b5, L:/127.0.0.1:57196 - R:localhost/127.0.0.1:59908]
17:40:36.567 [Forwarding isElementEnabled on session f1d51eedb4e9914148fd4c41ac3d179b to remote] DEBUG org.asynchttpclient.netty.request.NettyRequestSender - Using pooled Channel '[id: 0x801da4b5, L:/127.0.0.1:57196 - R:localhost/127.0.0.1:59908]' for 'GET' to 'http://localhost:59908/session/f1d51eedb4e9914148fd4c41ac3d179b/element/aa8fdb01-6c13-4819-a96f-b274ea5e41fe/enabled'
17:40:36.567 [Forwarding isElementEnabled on session f1d51eedb4e9914148fd4c41ac3d179b to remote] DEBUG org.asynchttpclient.netty.request.NettyRequestSender - Using open Channel [id: 0x801da4b5, L:/127.0.0.1:57196 - R:localhost/127.0.0.1:59908] for GET '/session/f1d51eedb4e9914148fd4c41ac3d179b/element/aa8fdb01-6c13-4819-a96f-b274ea5e41fe/enabled'
17:40:36.574 [AsyncHttpClient-1-8] DEBUG org.asynchttpclient.netty.handler.HttpHandler - 

Request DefaultFullHttpRequest(decodeResult: success, version: HTTP/1.1, content: EmptyByteBufBE)
GET /session/f1d51eedb4e9914148fd4c41ac3d179b/element/aa8fdb01-6c13-4819-a96f-b274ea5e41fe/enabled HTTP/1.1
User-Agent: selenium/4.1.2 (java windows)
Cache-Control: no-cache
Content-Type: application/json; charset=utf-8
host: localhost:59908
accept: */*

Response DefaultHttpResponse(decodeResult: success, version: HTTP/1.1)
HTTP/1.1 200 OK
Content-Type: application/json; charset=utf-8
cache-control: no-cache
content-length: 14

17:40:36.574 [AsyncHttpClient-1-8] DEBUG org.asynchttpclient.netty.channel.ChannelManager - Adding key: http://localhost:59908 for channel [id: 0x801da4b5, L:/127.0.0.1:57196 - R:localhost/127.0.0.1:59908]
17:40:36.576 [Forwarding findElement on session f1d51eedb4e9914148fd4c41ac3d179b to remote] DEBUG org.asynchttpclient.netty.request.NettyRequestSender - Using pooled Channel '[id: 0x801da4b5, L:/127.0.0.1:57196 - R:localhost/127.0.0.1:59908]' for 'POST' to 'http://localhost:59908/session/f1d51eedb4e9914148fd4c41ac3d179b/element'
17:40:36.576 [Forwarding findElement on session f1d51eedb4e9914148fd4c41ac3d179b to remote] DEBUG org.asynchttpclient.netty.request.NettyRequestSender - Using open Channel [id: 0x801da4b5, L:/127.0.0.1:57196 - R:localhost/127.0.0.1:59908] for POST '/session/f1d51eedb4e9914148fd4c41ac3d179b/element'
17:40:36.585 [AsyncHttpClient-1-8] DEBUG org.asynchttpclient.netty.handler.HttpHandler - 

Request DefaultHttpRequest(decodeResult: success, version: HTTP/1.1)
POST /session/f1d51eedb4e9914148fd4c41ac3d179b/element HTTP/1.1
User-Agent: selenium/4.1.2 (java windows)
Content-Length: 104
Content-Type: application/json; charset=utf-8
host: localhost:59908
accept: */*

Response DefaultHttpResponse(decodeResult: success, version: HTTP/1.1)
HTTP/1.1 200 OK
Content-Type: application/json; charset=utf-8
cache-control: no-cache
content-length: 88

17:40:36.585 [AsyncHttpClient-1-8] DEBUG org.asynchttpclient.netty.channel.ChannelManager - Adding key: http://localhost:59908 for channel [id: 0x801da4b5, L:/127.0.0.1:57196 - R:localhost/127.0.0.1:59908]
17:40:36.587 [Forwarding clickElement on session f1d51eedb4e9914148fd4c41ac3d179b to remote] DEBUG org.asynchttpclient.netty.request.NettyRequestSender - Using pooled Channel '[id: 0x801da4b5, L:/127.0.0.1:57196 - R:localhost/127.0.0.1:59908]' for 'POST' to 'http://localhost:59908/session/f1d51eedb4e9914148fd4c41ac3d179b/element/aa8fdb01-6c13-4819-a96f-b274ea5e41fe/click'
17:40:36.587 [Forwarding clickElement on session f1d51eedb4e9914148fd4c41ac3d179b to remote] DEBUG org.asynchttpclient.netty.request.NettyRequestSender - Using open Channel [id: 0x801da4b5, L:/127.0.0.1:57196 - R:localhost/127.0.0.1:59908] for POST '/session/f1d51eedb4e9914148fd4c41ac3d179b/element/aa8fdb01-6c13-4819-a96f-b274ea5e41fe/click'
17:40:37.056 [AsyncHttpClient-1-8] DEBUG org.asynchttpclient.netty.handler.HttpHandler - 

Request DefaultHttpRequest(decodeResult: success, version: HTTP/1.1)
POST /session/f1d51eedb4e9914148fd4c41ac3d179b/element/aa8fdb01-6c13-4819-a96f-b274ea5e41fe/click HTTP/1.1
User-Agent: selenium/4.1.2 (java windows)
Content-Length: 50
Content-Type: application/json; charset=utf-8
host: localhost:59908
accept: */*

Response DefaultHttpResponse(decodeResult: success, version: HTTP/1.1)
HTTP/1.1 200 OK
Content-Type: application/json; charset=utf-8
cache-control: no-cache
content-length: 14

17:40:37.056 [AsyncHttpClient-1-8] DEBUG org.asynchttpclient.netty.channel.ChannelManager - Adding key: http://localhost:59908 for channel [id: 0x801da4b5, L:/127.0.0.1:57196 - R:localhost/127.0.0.1:59908]
17:40:37.063 [Forwarding screenshot on session f1d51eedb4e9914148fd4c41ac3d179b to remote] DEBUG org.asynchttpclient.netty.request.NettyRequestSender - Using pooled Channel '[id: 0x801da4b5, L:/127.0.0.1:57196 - R:localhost/127.0.0.1:59908]' for 'GET' to 'http://localhost:59908/session/f1d51eedb4e9914148fd4c41ac3d179b/screenshot'
17:40:37.064 [Forwarding screenshot on session f1d51eedb4e9914148fd4c41ac3d179b to remote] DEBUG org.asynchttpclient.netty.request.NettyRequestSender - Using open Channel [id: 0x801da4b5, L:/127.0.0.1:57196 - R:localhost/127.0.0.1:59908] for GET '/session/f1d51eedb4e9914148fd4c41ac3d179b/screenshot'
17:40:37.201 [AsyncHttpClient-1-1] DEBUG org.asynchttpclient.netty.channel.DefaultChannelPool - Entry count for : http://localhost:57198 : 1
17:40:37.288 [AsyncHttpClient-1-8] DEBUG org.asynchttpclient.netty.handler.HttpHandler - 

Request DefaultFullHttpRequest(decodeResult: success, version: HTTP/1.1, content: EmptyByteBufBE)
GET /session/f1d51eedb4e9914148fd4c41ac3d179b/screenshot HTTP/1.1
User-Agent: selenium/4.1.2 (java windows)
Cache-Control: no-cache
Content-Type: application/json; charset=utf-8
host: localhost:59908
accept: */*

Response DefaultHttpResponse(decodeResult: success, version: HTTP/1.1)
HTTP/1.1 200 OK
Content-Type: application/json; charset=utf-8
cache-control: no-cache
content-length: 87108

17:40:37.289 [AsyncHttpClient-1-8] DEBUG org.asynchttpclient.netty.channel.ChannelManager - Adding key: http://localhost:59908 for channel [id: 0x801da4b5, L:/127.0.0.1:57196 - R:localhost/127.0.0.1:59908]
17:40:37.294 [main] DEBUG net.serenitybdd.core.photography.Darkroom - Send negative for processing for target\site\serenity\20de8f9f436bf3b2edf2a6f7bfb1e2c7f3420779ac82d0908d74aacdf906912e.png
17:40:37.295 [main] DEBUG net.thucydides.core.steps.StepInterceptor - STEP DONE: clickXIcon
  &amp#27;[32mAnd &amp#27;[0m&amp#27;[32mI click x icon&amp#27;[0m                             &amp#27;[90m# starter.stepdefinitions.AppointmentSteps.iClickXIcon()&amp#27;[0m
17:40:37.295 [Darkroom Processing Line] DEBUG net.serenitybdd.core.photography.DarkroomProcessingLine - Processing screenshot image in /var/screenshots/screenshot-999347970522085135
17:40:37.295 [Darkroom Processing Line] DEBUG net.serenitybdd.core.photography.DarkroomProcessingLine - Saving screenshot to target\site\serenity\20de8f9f436bf3b2edf2a6f7bfb1e2c7f3420779ac82d0908d74aacdf906912e.png
17:40:37.312 [main] DEBUG net.thucydides.core.steps.StepInterceptor - STARTING STEP: AppointmentSteps.iExitFromAppointmentForm - newAppointmentCancel
17:40:37.314 [Forwarding findElement on session f1d51eedb4e9914148fd4c41ac3d179b to remote] DEBUG org.asynchttpclient.netty.request.NettyRequestSender - Using pooled Channel '[id: 0x801da4b5, L:/127.0.0.1:57196 - R:localhost/127.0.0.1:59908]' for 'POST' to 'http://localhost:59908/session/f1d51eedb4e9914148fd4c41ac3d179b/element'
17:40:37.314 [Forwarding findElement on session f1d51eedb4e9914148fd4c41ac3d179b to remote] DEBUG org.asynchttpclient.netty.request.NettyRequestSender - Using open Channel [id: 0x801da4b5, L:/127.0.0.1:57196 - R:localhost/127.0.0.1:59908] for POST '/session/f1d51eedb4e9914148fd4c41ac3d179b/element'
17:40:37.330 [AsyncHttpClient-1-8] DEBUG org.asynchttpclient.netty.handler.HttpHandler - 

Request DefaultHttpRequest(decodeResult: success, version: HTTP/1.1)
POST /session/f1d51eedb4e9914148fd4c41ac3d179b/element HTTP/1.1
User-Agent: selenium/4.1.2 (java windows)
Content-Length: 83
Content-Type: application/json; charset=utf-8
host: localhost:59908
accept: */*

Response DefaultHttpResponse(decodeResult: success, version: HTTP/1.1)
HTTP/1.1 200 OK
Content-Type: application/json; charset=utf-8
cache-control: no-cache
content-length: 88

17:40:37.331 [AsyncHttpClient-1-8] DEBUG org.asynchttpclient.netty.channel.ChannelManager - Adding key: http://localhost:59908 for channel [id: 0x801da4b5, L:/127.0.0.1:57196 - R:localhost/127.0.0.1:59908]
17:40:37.335 [Forwarding isElementDisplayed on session f1d51eedb4e9914148fd4c41ac3d179b to remote] DEBUG org.asynchttpclient.netty.request.NettyRequestSender - Using pooled Channel '[id: 0x801da4b5, L:/127.0.0.1:57196 - R:localhost/127.0.0.1:59908]' for 'POST' to 'http://localhost:59908/session/f1d51eedb4e9914148fd4c41ac3d179b/execute/sync'
17:40:37.335 [Forwarding isElementDisplayed on session f1d51eedb4e9914148fd4c41ac3d179b to remote] DEBUG org.asynchttpclient.netty.request.NettyRequestSender - Using open Channel [id: 0x801da4b5, L:/127.0.0.1:57196 - R:localhost/127.0.0.1:59908] for POST '/session/f1d51eedb4e9914148fd4c41ac3d179b/execute/sync'
17:40:37.353 [AsyncHttpClient-1-8] DEBUG org.asynchttpclient.netty.handler.HttpHandler - 

Request DefaultHttpRequest(decodeResult: success, version: HTTP/1.1)
POST /session/f1d51eedb4e9914148fd4c41ac3d179b/execute/sync HTTP/1.1
User-Agent: selenium/4.1.2 (java windows)
Content-Length: 48780
Content-Type: application/json; charset=utf-8
host: localhost:59908
accept: */*

Response DefaultHttpResponse(decodeResult: success, version: HTTP/1.1)
HTTP/1.1 200 OK
Content-Type: application/json; charset=utf-8
cache-control: no-cache
content-length: 14

17:40:37.353 [AsyncHttpClient-1-8] DEBUG org.asynchttpclient.netty.channel.ChannelManager - Adding key: http://localhost:59908 for channel [id: 0x801da4b5, L:/127.0.0.1:57196 - R:localhost/127.0.0.1:59908]
17:40:37.360 [Forwarding screenshot on session f1d51eedb4e9914148fd4c41ac3d179b to remote] DEBUG org.asynchttpclient.netty.request.NettyRequestSender - Using pooled Channel '[id: 0x801da4b5, L:/127.0.0.1:57196 - R:localhost/127.0.0.1:59908]' for 'GET' to 'http://localhost:59908/session/f1d51eedb4e9914148fd4c41ac3d179b/screenshot'
17:40:37.360 [Forwarding screenshot on session f1d51eedb4e9914148fd4c41ac3d179b to remote] DEBUG org.asynchttpclient.netty.request.NettyRequestSender - Using open Channel [id: 0x801da4b5, L:/127.0.0.1:57196 - R:localhost/127.0.0.1:59908] for GET '/session/f1d51eedb4e9914148fd4c41ac3d179b/screenshot'
17:40:37.478 [AsyncHttpClient-1-8] DEBUG org.asynchttpclient.netty.handler.HttpHandler - 

Request DefaultFullHttpRequest(decodeResult: success, version: HTTP/1.1, content: EmptyByteBufBE)
GET /session/f1d51eedb4e9914148fd4c41ac3d179b/screenshot HTTP/1.1
User-Agent: selenium/4.1.2 (java windows)
Cache-Control: no-cache
Content-Type: application/json; charset=utf-8
host: localhost:59908
accept: */*

Response DefaultHttpResponse(decodeResult: success, version: HTTP/1.1)
HTTP/1.1 200 OK
Content-Type: application/json; charset=utf-8
cache-control: no-cache
content-length: 87108

17:40:37.479 [AsyncHttpClient-1-8] DEBUG org.asynchttpclient.netty.channel.ChannelManager - Adding key: http://localhost:59908 for channel [id: 0x801da4b5, L:/127.0.0.1:57196 - R:localhost/127.0.0.1:59908]
17:40:37.729 [main] DEBUG net.serenitybdd.core.photography.Darkroom - Send negative for processing for target\site\serenity\20de8f9f436bf3b2edf2a6f7bfb1e2c7f3420779ac82d0908d74aacdf906912e.png
17:40:37.730 [main] DEBUG net.thucydides.core.steps.StepInterceptor - STEP DONE: newAppointmentCancel
  &amp#27;[32mThen &amp#27;[0m&amp#27;[32mI exit from Appointment form&amp#27;[0m              &amp#27;[90m# starter.stepdefinitions.AppointmentSteps.iExitFromAppointmentForm()&amp#27;[0m
17:40:37.739 [main] INFO  - 
  _____   ___   ___   _____     ___     _     ___   ___   ___   ___  
 |_   _| | __| / __| |_   _|   | _ \   /_\   / __| / __| | __| |   \ 
   | |   | _|  \__ \   | |     |  _/  / _ \  \__ \ \__ \ | _|  | |) |
   |_|   |___| |___/   |_|     |_|   /_/ \_\ |___/ |___/ |___| |___/ 

Cancel Create New Appointment Scenario
----------------------------------------------------------------------
17:40:37.742 [AsyncHttpClient-1-2] DEBUG org.asynchttpclient.netty.handler.WebSocketHandler - Channel Closed: [id: 0xf1e8da6c, L:/127.0.0.1:57205 ! R:localhost/127.0.0.1:57198] with attribute NettyResponseFuture{currentRetry=5,
	isDone=1,
	isCancelled=0,
	asyncHandler=org.asynchttpclient.ws.WebSocketUpgradeHandler@c9bd861,
	nettyRequest=org.asynchttpclient.netty.request.NettyRequest@5d6d891b,
	future=java.util.concurrent.CompletableFuture@49f312ac[Completed normally],
	uri=ws://localhost:57198/devtools/browser/187d3d39-0a7a-45c3-983d-8f25bb38ee5e,
	keepAlive=true,
	redirectCount=0,
	timeoutsHolder=null,
	inAuth=0,
	touch=1655548828629}
17:40:37.742 [AsyncHttpClient-1-2] DEBUG org.asynchttpclient.netty.channel.ChannelManager - Closing Channel [id: 0xf1e8da6c, L:/127.0.0.1:57205 ! R:localhost/127.0.0.1:57198] 
17:40:37.777 [Driver Command Executor] DEBUG org.asynchttpclient.netty.request.NettyRequestSender - Using pooled Channel '[id: 0x801da4b5, L:/127.0.0.1:57196 - R:localhost/127.0.0.1:59908]' for 'DELETE' to 'http://localhost:59908/session/f1d51eedb4e9914148fd4c41ac3d179b'
17:40:37.778 [Driver Command Executor] DEBUG org.asynchttpclient.netty.request.NettyRequestSender - Using open Channel [id: 0x801da4b5, L:/127.0.0.1:57196 - R:localhost/127.0.0.1:59908] for DELETE '/session/f1d51eedb4e9914148fd4c41ac3d179b'
17:40:37.830 [AsyncHttpClient-1-9] DEBUG org.asynchttpclient.netty.handler.HttpHandler - Unexpected I/O exception on channel [id: 0x3d4983b4, L:/127.0.0.1:57204 - R:localhost/127.0.0.1:57198]
java.net.SocketException: Connection reset
	at java.base/sun.nio.ch.SocketChannelImpl.throwConnectionReset(SocketChannelImpl.java:367)
	at java.base/sun.nio.ch.SocketChannelImpl.read(SocketChannelImpl.java:398)
	at io.netty.buffer.PooledByteBuf.setBytes(PooledByteBuf.java:258)
	at io.netty.buffer.AbstractByteBuf.writeBytes(AbstractByteBuf.java:1132)
	at io.netty.channel.socket.nio.NioSocketChannel.doReadBytes(NioSocketChannel.java:350)
	at io.netty.channel.nio.AbstractNioByteChannel$NioByteUnsafe.read(AbstractNioByteChannel.java:151)
	at io.netty.channel.nio.NioEventLoop.processSelectedKey(NioEventLoop.java:722)
	at io.netty.channel.nio.NioEventLoop.processSelectedKeysOptimized(NioEventLoop.java:658)
	at io.netty.channel.nio.NioEventLoop.processSelectedKeys(NioEventLoop.java:584)
	at io.netty.channel.nio.NioEventLoop.run(NioEventLoop.java:496)
	at io.netty.util.concurrent.SingleThreadEventExecutor$4.run(SingleThreadEventExecutor.java:986)
	at io.netty.util.internal.ThreadExecutorMap$2.run(ThreadExecutorMap.java:74)
	at io.netty.util.concurrent.FastThreadLocalRunnable.run(FastThreadLocalRunnable.java:30)
	at java.base/java.lang.Thread.run(Thread.java:832)
17:40:37.831 [AsyncHttpClient-1-9] DEBUG org.asynchttpclient.netty.channel.ChannelManager - Closing Channel [id: 0x3d4983b4, L:/127.0.0.1:57204 - R:localhost/127.0.0.1:57198] 
17:40:37.831 [AsyncHttpClient-1-9] DEBUG org.asynchttpclient.netty.handler.HttpHandler - Channel Closed: [id: 0x3d4983b4, L:/127.0.0.1:57204 ! R:localhost/127.0.0.1:57198] with attribute DISCARD
17:40:37.854 [AsyncHttpClient-1-8] DEBUG org.asynchttpclient.netty.handler.HttpHandler - 

Request DefaultFullHttpRequest(decodeResult: success, version: HTTP/1.1, content: EmptyByteBufBE)
DELETE /session/f1d51eedb4e9914148fd4c41ac3d179b HTTP/1.1
User-Agent: selenium/4.1.2 (java windows)
Content-Type: application/json; charset=utf-8
host: localhost:59908
accept: */*

Response DefaultHttpResponse(decodeResult: success, version: HTTP/1.1)
HTTP/1.1 200 OK
Content-Type: application/json; charset=utf-8
cache-control: no-cache
content-length: 14

17:40:37.854 [AsyncHttpClient-1-8] DEBUG org.asynchttpclient.netty.channel.ChannelManager - Adding key: http://localhost:59908 for channel [id: 0x801da4b5, L:/127.0.0.1:57196 - R:localhost/127.0.0.1:59908]
17:40:38.300 [AsyncHttpClient-1-1] DEBUG org.asynchttpclient.netty.channel.DefaultChannelPool - Entry count for : http://localhost:59908 : 1
17:40:38.300 [AsyncHttpClient-1-1] DEBUG org.asynchttpclient.netty.channel.DefaultChannelPool - Entry count for : http://localhost:57198 : 1
17:40:38.300 [AsyncHttpClient-1-1] DEBUG org.asynchttpclient.netty.channel.DefaultChannelPool - Adding Candidate expired Channel [id: 0x3d4983b4, L:/127.0.0.1:57204 ! R:localhost/127.0.0.1:57198] isIdleTimeoutExpired=false isRemotelyClosed=true isTtlExpired=false
17:40:38.300 [AsyncHttpClient-1-1] DEBUG org.asynchttpclient.netty.channel.DefaultChannelPool - Closing Idle Channel [id: 0x3d4983b4, L:/127.0.0.1:57204 ! R:localhost/127.0.0.1:57198]
17:40:38.300 [AsyncHttpClient-1-1] DEBUG org.asynchttpclient.netty.channel.DefaultChannelPool - Closed 1 connections out of 2 in 0 ms
17:40:38.631 [AsyncHttpClient-1-8] DEBUG org.asynchttpclient.netty.handler.HttpHandler - Channel Closed: [id: 0x801da4b5, L:/127.0.0.1:57196 ! R:localhost/127.0.0.1:59908] with attribute DISCARD
17:40:39.400 [AsyncHttpClient-1-1] DEBUG org.asynchttpclient.netty.channel.DefaultChannelPool - Entry count for : http://localhost:59908 : 1
17:40:39.400 [AsyncHttpClient-1-1] DEBUG org.asynchttpclient.netty.channel.DefaultChannelPool - Adding Candidate expired Channel [id: 0x801da4b5, L:/127.0.0.1:57196 ! R:localhost/127.0.0.1:59908] isIdleTimeoutExpired=false isRemotelyClosed=true isTtlExpired=false
17:40:39.400 [AsyncHttpClient-1-1] DEBUG org.asynchttpclient.netty.channel.DefaultChannelPool - Closing Idle Channel [id: 0x801da4b5, L:/127.0.0.1:57196 ! R:localhost/127.0.0.1:59908]
17:40:39.400 [AsyncHttpClient-1-1] DEBUG org.asynchttpclient.netty.channel.DefaultChannelPool - Closed 1 connections out of 1 in 0 ms
]]></system-out>
    <system-err><![CDATA[Starting ChromeDriver 102.0.5005.61 (0e59bcc00cc4985ce39ad31c150065f159d95ad3-refs/branch-heads/5005@{#819}) on port 59908
Only local connections are allowed.
Please see https://chromedriver.chromium.org/security-considerations for suggestions on keeping ChromeDriver safe.
ChromeDriver was started successfully.
Jun 18, 2022 5:40:28 PM org.openqa.selenium.remote.ProtocolHandshake createSession
INFO: Detected dialect: W3C
Jun 18, 2022 5:40:28 PM org.openqa.selenium.devtools.CdpVersionFinder findNearestMatch
WARNING: Unable to find an exact match for CDP version 102, so returning the closest version found: a no-op implementation
Jun 18, 2022 5:40:28 PM org.openqa.selenium.devtools.CdpVersionFinder findNearestMatch
INFO: Unable to find CDP implementation matching 102.
Jun 18, 2022 5:40:28 PM org.openqa.selenium.chromium.ChromiumDriver lambda$new$3
WARNING: Unable to find version of CDP to use for . You may need to include a dependency on a specific version of the CDP using something similar to `org.seleniumhq.selenium:selenium-devtools-v86:4.1.2` where the version ("v86") matches the version of the chromium-based browser you're using and the version number of the artifact is the same as Selenium's.
]]></system-err>
  </testcase>
  <testcase name="Edit Existing Appointment Data Scenario" classname="Appointment" time="19.809">
    <system-out><![CDATA[
@Appointment @EditAppointment
Scenario: Edit Existing Appointment Data Scenario   &amp#27;[90m# src/test/resources/features/1.Appointment.feature:34&amp#27;[0m
17:40:39.568 [main] INFO io.cucumber.core.plugin.SerenityReporter - Running feature from file:///E:/My%20Documents/File%20Difa/TI%20Semester%206%20Kampus%20Merdeka%20Alterra/Tugas/CAPSTONE%20Project/Capstone-Project-Website/src/test/resources/features/1.Appointment.feature
17:40:39.570 [main] INFO  - 
  _____   ___   ___   _____     ___   _____     _     ___   _____   ___   ___  
 |_   _| | __| / __| |_   _|   / __| |_   _|   /_\   | _ \ |_   _| | __| |   \ 
   | |   | _|  \__ \   | |     \__ \   | |    / _ \  |   /   | |   | _|  | |) |
   |_|   |___| |___/   |_|     |___/   |_|   /_/ \_\ |_|_\   |_|   |___| |___/ 

Edit Existing Appointment Data Scenario(appointment;edit-existing-appointment-data-scenario)
--------------------------------------------------------------------------------
17:40:39.855 [main] DEBUG net.thucydides.core.steps.StepInterceptor - STARTING STEP: DashboardSteps.iAmOnTheDashboardPage - openUrl
17:40:40.201 [main] INFO net.serenitybdd.core.webdriver.driverproviders.ChromeDriverProvider - Using automatically driver download
17:40:40.617 [main] DEBUG io.github.bonigarcia.wdm.cache.ResolutionCache - Resolution chrome=102 in cache (valid until 18:14:23 18/06/2022 ICT)
17:40:40.630 [main] DEBUG io.github.bonigarcia.wdm.cache.ResolutionCache - Resolution chrome102=102.0.5005.61 in cache (valid until 17:29:52 19/06/2022 ICT)
17:40:40.634 [main] INFO io.github.bonigarcia.wdm.WebDriverManager - Using chromedriver 102.0.5005.61 (resolved driver for Chrome 102)
17:40:40.651 [main] DEBUG io.github.bonigarcia.wdm.WebDriverManager - Driver chromedriver 102.0.5005.61 found in cache
17:40:40.653 [main] INFO io.github.bonigarcia.wdm.WebDriverManager - Exporting webdriver.chrome.driver as C:\Users\USER\.cache\selenium\chromedriver\win32\102.0.5005.61\chromedriver.exe
17:40:40.810 [main] DEBUG net.serenitybdd.core.webdriver.driverproviders.ProvideNewDriver - Instantiating driver
17:40:40.810 [main] DEBUG net.serenitybdd.core.webdriver.driverproviders.ProvideNewDriver - Driver capabilities: Capabilities {acceptInsecureCerts: false, base.url: https://hospital-management..., browserName: chrome, chrome.driver: src/test/resources/webdrive..., driver: chrome, goog:chromeOptions: {args: [], extensions: []}}
17:40:41.361 [AsyncHttpClient-1-3] DEBUG org.asynchttpclient.netty.channel.NettyConnectListener - Using new Channel '[id: 0x908eb141, L:/127.0.0.1:57232 - R:localhost/127.0.0.1:49822]' for 'POST' to '/session'
17:40:44.110 [AsyncHttpClient-1-3] DEBUG org.asynchttpclient.netty.handler.HttpHandler - 

Request DefaultHttpRequest(decodeResult: success, version: HTTP/1.1)
POST /session HTTP/1.1
User-Agent: selenium/4.1.2 (java windows)
Content-Length: 621
Content-Type: application/json; charset=utf-8
host: localhost:49822
accept: */*

Response DefaultHttpResponse(decodeResult: success, version: HTTP/1.1)
HTTP/1.1 200 OK
Content-Type: application/json; charset=utf-8
cache-control: no-cache
content-length: 789

17:40:44.110 [AsyncHttpClient-1-3] DEBUG org.asynchttpclient.netty.channel.ChannelManager - Adding key: http://localhost:49822 for channel [id: 0x908eb141, L:/127.0.0.1:57232 - R:localhost/127.0.0.1:49822]
17:40:44.120 [AsyncHttpClient-1-4] DEBUG org.asynchttpclient.netty.channel.NettyConnectListener - Using new Channel '[id: 0x70fea5ae, L:/127.0.0.1:57240 - R:localhost/127.0.0.1:57235]' for 'GET' to '/json/version'
17:40:44.121 [AsyncHttpClient-1-4] DEBUG org.asynchttpclient.netty.handler.HttpHandler - 

Request DefaultFullHttpRequest(decodeResult: success, version: HTTP/1.1, content: EmptyByteBufBE)
GET /json/version HTTP/1.1
User-Agent: selenium/4.1.2 (java windows)
host: localhost:57235
accept: */*

Response DefaultHttpResponse(decodeResult: success, version: HTTP/1.1)
HTTP/1.1 200 OK
Content-Type: application/json; charset=UTF-8
content-length: 427

17:40:44.121 [AsyncHttpClient-1-4] DEBUG org.asynchttpclient.netty.channel.ChannelManager - Adding key: http://localhost:57235 for channel [id: 0x70fea5ae, L:/127.0.0.1:57240 - R:localhost/127.0.0.1:57235]
17:40:44.124 [AsyncHttpClient-1-5] DEBUG org.asynchttpclient.netty.channel.NettyConnectListener - Using new Channel '[id: 0x70361350, L:/127.0.0.1:57241 - R:localhost/127.0.0.1:57235]' for 'GET' to '/devtools/browser/98e87fb7-4ddb-4afb-aacf-1252d0ad2353'
17:40:44.126 [AsyncHttpClient-1-5] DEBUG org.asynchttpclient.netty.handler.WebSocketHandler - 

Request DefaultFullHttpRequest(decodeResult: success, version: HTTP/1.1, content: EmptyByteBufBE)
GET /devtools/browser/98e87fb7-4ddb-4afb-aacf-1252d0ad2353 HTTP/1.1
upgrade: websocket
connection: upgrade
sec-websocket-key: UblCSevOjhS/Q24L+zORQA==
sec-websocket-version: 13
origin: http://localhost:57235
host: localhost:57235
accept: */*
user-agent: AHC/2.1

Response DefaultHttpResponse(decodeResult: success, version: HTTP/1.1)
HTTP/1.1 101 WebSocket Protocol Handshake
Upgrade: WebSocket
Connection: Upgrade
Sec-WebSocket-Accept: eEpT/C/bPIVVuVTVSWNnnRWMXmA=

17:40:44.134 [Forwarding maximizeCurrentWindow on session a78320ae0b1b51b50cd8840fdd78bf35 to remote] DEBUG org.asynchttpclient.netty.request.NettyRequestSender - Using pooled Channel '[id: 0x908eb141, L:/127.0.0.1:57232 - R:localhost/127.0.0.1:49822]' for 'POST' to 'http://localhost:49822/session/a78320ae0b1b51b50cd8840fdd78bf35/window/maximize'
17:40:44.134 [Forwarding maximizeCurrentWindow on session a78320ae0b1b51b50cd8840fdd78bf35 to remote] DEBUG org.asynchttpclient.netty.request.NettyRequestSender - Using open Channel [id: 0x908eb141, L:/127.0.0.1:57232 - R:localhost/127.0.0.1:49822] for POST '/session/a78320ae0b1b51b50cd8840fdd78bf35/window/maximize'
17:40:44.250 [AsyncHttpClient-1-3] DEBUG org.asynchttpclient.netty.handler.HttpHandler - 

Request DefaultHttpRequest(decodeResult: success, version: HTTP/1.1)
POST /session/a78320ae0b1b51b50cd8840fdd78bf35/window/maximize HTTP/1.1
User-Agent: selenium/4.1.2 (java windows)
Content-Length: 3
Content-Type: application/json; charset=utf-8
host: localhost:49822
accept: */*

Response DefaultHttpResponse(decodeResult: success, version: HTTP/1.1)
HTTP/1.1 200 OK
Content-Type: application/json; charset=utf-8
cache-control: no-cache
content-length: 51

17:40:44.250 [AsyncHttpClient-1-3] DEBUG org.asynchttpclient.netty.channel.ChannelManager - Adding key: http://localhost:49822 for channel [id: 0x908eb141, L:/127.0.0.1:57232 - R:localhost/127.0.0.1:49822]
17:40:44.252 [Forwarding get on session a78320ae0b1b51b50cd8840fdd78bf35 to remote] DEBUG org.asynchttpclient.netty.request.NettyRequestSender - Using pooled Channel '[id: 0x908eb141, L:/127.0.0.1:57232 - R:localhost/127.0.0.1:49822]' for 'POST' to 'http://localhost:49822/session/a78320ae0b1b51b50cd8840fdd78bf35/url'
17:40:44.252 [Forwarding get on session a78320ae0b1b51b50cd8840fdd78bf35 to remote] DEBUG org.asynchttpclient.netty.request.NettyRequestSender - Using open Channel [id: 0x908eb141, L:/127.0.0.1:57232 - R:localhost/127.0.0.1:49822] for POST '/session/a78320ae0b1b51b50cd8840fdd78bf35/url'
17:40:45.000 [AsyncHttpClient-1-1] DEBUG org.asynchttpclient.netty.channel.DefaultChannelPool - Entry count for : http://localhost:57235 : 1
17:40:46.102 [AsyncHttpClient-1-1] DEBUG org.asynchttpclient.netty.channel.DefaultChannelPool - Entry count for : http://localhost:57235 : 1
17:40:47.200 [AsyncHttpClient-1-1] DEBUG org.asynchttpclient.netty.channel.DefaultChannelPool - Entry count for : http://localhost:57235 : 1
17:40:48.301 [AsyncHttpClient-1-1] DEBUG org.asynchttpclient.netty.channel.DefaultChannelPool - Entry count for : http://localhost:57235 : 1
17:40:49.403 [AsyncHttpClient-1-1] DEBUG org.asynchttpclient.netty.channel.DefaultChannelPool - Entry count for : http://localhost:57235 : 1
17:40:50.501 [AsyncHttpClient-1-1] DEBUG org.asynchttpclient.netty.channel.DefaultChannelPool - Entry count for : http://localhost:57235 : 1
17:40:50.904 [AsyncHttpClient-1-3] DEBUG org.asynchttpclient.netty.handler.HttpHandler - 

Request DefaultHttpRequest(decodeResult: success, version: HTTP/1.1)
POST /session/a78320ae0b1b51b50cd8840fdd78bf35/url HTTP/1.1
User-Agent: selenium/4.1.2 (java windows)
Content-Length: 65
Content-Type: application/json; charset=utf-8
host: localhost:49822
accept: */*

Response DefaultHttpResponse(decodeResult: success, version: HTTP/1.1)
HTTP/1.1 200 OK
Content-Type: application/json; charset=utf-8
cache-control: no-cache
content-length: 14

17:40:50.904 [AsyncHttpClient-1-3] DEBUG org.asynchttpclient.netty.channel.ChannelManager - Adding key: http://localhost:49822 for channel [id: 0x908eb141, L:/127.0.0.1:57232 - R:localhost/127.0.0.1:49822]
17:40:50.907 [Forwarding setTimeout on session a78320ae0b1b51b50cd8840fdd78bf35 to remote] DEBUG org.asynchttpclient.netty.request.NettyRequestSender - Using pooled Channel '[id: 0x908eb141, L:/127.0.0.1:57232 - R:localhost/127.0.0.1:49822]' for 'POST' to 'http://localhost:49822/session/a78320ae0b1b51b50cd8840fdd78bf35/timeouts'
17:40:50.907 [Forwarding setTimeout on session a78320ae0b1b51b50cd8840fdd78bf35 to remote] DEBUG org.asynchttpclient.netty.request.NettyRequestSender - Using open Channel [id: 0x908eb141, L:/127.0.0.1:57232 - R:localhost/127.0.0.1:49822] for POST '/session/a78320ae0b1b51b50cd8840fdd78bf35/timeouts'
17:40:50.938 [AsyncHttpClient-1-3] DEBUG org.asynchttpclient.netty.handler.HttpHandler - 

Request DefaultHttpRequest(decodeResult: success, version: HTTP/1.1)
POST /session/a78320ae0b1b51b50cd8840fdd78bf35/timeouts HTTP/1.1
User-Agent: selenium/4.1.2 (java windows)
Content-Length: 22
Content-Type: application/json; charset=utf-8
host: localhost:49822
accept: */*

Response DefaultHttpResponse(decodeResult: success, version: HTTP/1.1)
HTTP/1.1 200 OK
Content-Type: application/json; charset=utf-8
cache-control: no-cache
content-length: 14

17:40:50.938 [AsyncHttpClient-1-3] DEBUG org.asynchttpclient.netty.channel.ChannelManager - Adding key: http://localhost:49822 for channel [id: 0x908eb141, L:/127.0.0.1:57232 - R:localhost/127.0.0.1:49822]
17:40:50.943 [Forwarding getCurrentUrl on session a78320ae0b1b51b50cd8840fdd78bf35 to remote] DEBUG org.asynchttpclient.netty.request.NettyRequestSender - Using pooled Channel '[id: 0x908eb141, L:/127.0.0.1:57232 - R:localhost/127.0.0.1:49822]' for 'GET' to 'http://localhost:49822/session/a78320ae0b1b51b50cd8840fdd78bf35/url'
17:40:50.944 [Forwarding getCurrentUrl on session a78320ae0b1b51b50cd8840fdd78bf35 to remote] DEBUG org.asynchttpclient.netty.request.NettyRequestSender - Using open Channel [id: 0x908eb141, L:/127.0.0.1:57232 - R:localhost/127.0.0.1:49822] for GET '/session/a78320ae0b1b51b50cd8840fdd78bf35/url'
17:40:50.951 [AsyncHttpClient-1-3] DEBUG org.asynchttpclient.netty.handler.HttpHandler - 

Request DefaultFullHttpRequest(decodeResult: success, version: HTTP/1.1, content: EmptyByteBufBE)
GET /session/a78320ae0b1b51b50cd8840fdd78bf35/url HTTP/1.1
User-Agent: selenium/4.1.2 (java windows)
Cache-Control: no-cache
Content-Type: application/json; charset=utf-8
host: localhost:49822
accept: */*

Response DefaultHttpResponse(decodeResult: success, version: HTTP/1.1)
HTTP/1.1 200 OK
Content-Type: application/json; charset=utf-8
cache-control: no-cache
content-length: 53

17:40:50.952 [AsyncHttpClient-1-3] DEBUG org.asynchttpclient.netty.channel.ChannelManager - Adding key: http://localhost:49822 for channel [id: 0x908eb141, L:/127.0.0.1:57232 - R:localhost/127.0.0.1:49822]
17:40:50.957 [Forwarding getCurrentUrl on session a78320ae0b1b51b50cd8840fdd78bf35 to remote] DEBUG org.asynchttpclient.netty.request.NettyRequestSender - Using pooled Channel '[id: 0x908eb141, L:/127.0.0.1:57232 - R:localhost/127.0.0.1:49822]' for 'GET' to 'http://localhost:49822/session/a78320ae0b1b51b50cd8840fdd78bf35/url'
17:40:50.958 [Forwarding getCurrentUrl on session a78320ae0b1b51b50cd8840fdd78bf35 to remote] DEBUG org.asynchttpclient.netty.request.NettyRequestSender - Using open Channel [id: 0x908eb141, L:/127.0.0.1:57232 - R:localhost/127.0.0.1:49822] for GET '/session/a78320ae0b1b51b50cd8840fdd78bf35/url'
17:40:50.963 [AsyncHttpClient-1-3] DEBUG org.asynchttpclient.netty.handler.HttpHandler - 

Request DefaultFullHttpRequest(decodeResult: success, version: HTTP/1.1, content: EmptyByteBufBE)
GET /session/a78320ae0b1b51b50cd8840fdd78bf35/url HTTP/1.1
User-Agent: selenium/4.1.2 (java windows)
Cache-Control: no-cache
Content-Type: application/json; charset=utf-8
host: localhost:49822
accept: */*

Response DefaultHttpResponse(decodeResult: success, version: HTTP/1.1)
HTTP/1.1 200 OK
Content-Type: application/json; charset=utf-8
cache-control: no-cache
content-length: 53

17:40:50.964 [AsyncHttpClient-1-3] DEBUG org.asynchttpclient.netty.channel.ChannelManager - Adding key: http://localhost:49822 for channel [id: 0x908eb141, L:/127.0.0.1:57232 - R:localhost/127.0.0.1:49822]
17:40:50.976 [Forwarding screenshot on session a78320ae0b1b51b50cd8840fdd78bf35 to remote] DEBUG org.asynchttpclient.netty.request.NettyRequestSender - Using pooled Channel '[id: 0x908eb141, L:/127.0.0.1:57232 - R:localhost/127.0.0.1:49822]' for 'GET' to 'http://localhost:49822/session/a78320ae0b1b51b50cd8840fdd78bf35/screenshot'
17:40:50.976 [Forwarding screenshot on session a78320ae0b1b51b50cd8840fdd78bf35 to remote] DEBUG org.asynchttpclient.netty.request.NettyRequestSender - Using open Channel [id: 0x908eb141, L:/127.0.0.1:57232 - R:localhost/127.0.0.1:49822] for GET '/session/a78320ae0b1b51b50cd8840fdd78bf35/screenshot'
17:40:51.298 [AsyncHttpClient-1-3] DEBUG org.asynchttpclient.netty.handler.HttpHandler - 

Request DefaultFullHttpRequest(decodeResult: success, version: HTTP/1.1, content: EmptyByteBufBE)
GET /session/a78320ae0b1b51b50cd8840fdd78bf35/screenshot HTTP/1.1
User-Agent: selenium/4.1.2 (java windows)
Cache-Control: no-cache
Content-Type: application/json; charset=utf-8
host: localhost:49822
accept: */*

Response DefaultHttpResponse(decodeResult: success, version: HTTP/1.1)
HTTP/1.1 200 OK
Content-Type: application/json; charset=utf-8
cache-control: no-cache
content-length: 342360

17:40:51.304 [AsyncHttpClient-1-3] DEBUG org.asynchttpclient.netty.channel.ChannelManager - Adding key: http://localhost:49822 for channel [id: 0x908eb141, L:/127.0.0.1:57232 - R:localhost/127.0.0.1:49822]
17:40:51.463 [main] DEBUG net.serenitybdd.core.photography.Darkroom - Send negative for processing for target\site\serenity\6537b3f62e621ca30fd88c6f712cee0bcdf2fede853518e37cc2f24daacb0fb3.png
17:40:51.463 [main] DEBUG net.thucydides.core.steps.StepInterceptor - STEP DONE: openUrl
17:40:51.464 [Darkroom Processing Line] DEBUG net.serenitybdd.core.photography.DarkroomProcessingLine - Processing screenshot image in /var/screenshots/screenshot-11626296647908490236
17:40:51.464 [Darkroom Processing Line] DEBUG net.serenitybdd.core.photography.DarkroomProcessingLine - Saving screenshot to target\site\serenity\6537b3f62e621ca30fd88c6f712cee0bcdf2fede853518e37cc2f24daacb0fb3.png
17:40:51.477 [main] DEBUG net.thucydides.core.steps.StepInterceptor - STARTING STEP: DashboardSteps.iAmOnTheDashboardPage - validateOnDashboardPage
17:40:51.666 [AsyncHttpClient-1-1] DEBUG org.asynchttpclient.netty.channel.DefaultChannelPool - Entry count for : http://localhost:57235 : 1
17:40:51.666 [AsyncHttpClient-1-1] DEBUG org.asynchttpclient.netty.channel.DefaultChannelPool - Entry count for : http://localhost:49822 : 1
17:40:51.667 [Forwarding findElement on session a78320ae0b1b51b50cd8840fdd78bf35 to remote] DEBUG org.asynchttpclient.netty.request.NettyRequestSender - Using pooled Channel '[id: 0x908eb141, L:/127.0.0.1:57232 - R:localhost/127.0.0.1:49822]' for 'POST' to 'http://localhost:49822/session/a78320ae0b1b51b50cd8840fdd78bf35/element'
17:40:51.667 [Forwarding findElement on session a78320ae0b1b51b50cd8840fdd78bf35 to remote] DEBUG org.asynchttpclient.netty.request.NettyRequestSender - Using open Channel [id: 0x908eb141, L:/127.0.0.1:57232 - R:localhost/127.0.0.1:49822] for POST '/session/a78320ae0b1b51b50cd8840fdd78bf35/element'
17:40:51.799 [AsyncHttpClient-1-3] DEBUG org.asynchttpclient.netty.handler.HttpHandler - 

Request DefaultHttpRequest(decodeResult: success, version: HTTP/1.1)
POST /session/a78320ae0b1b51b50cd8840fdd78bf35/element HTTP/1.1
User-Agent: selenium/4.1.2 (java windows)
Content-Length: 81
Content-Type: application/json; charset=utf-8
host: localhost:49822
accept: */*

Response DefaultHttpResponse(decodeResult: success, version: HTTP/1.1)
HTTP/1.1 200 OK
Content-Type: application/json; charset=utf-8
cache-control: no-cache
content-length: 88

17:40:51.800 [AsyncHttpClient-1-3] DEBUG org.asynchttpclient.netty.channel.ChannelManager - Adding key: http://localhost:49822 for channel [id: 0x908eb141, L:/127.0.0.1:57232 - R:localhost/127.0.0.1:49822]
17:40:51.806 [Forwarding isElementDisplayed on session a78320ae0b1b51b50cd8840fdd78bf35 to remote] DEBUG org.asynchttpclient.netty.request.NettyRequestSender - Using pooled Channel '[id: 0x908eb141, L:/127.0.0.1:57232 - R:localhost/127.0.0.1:49822]' for 'POST' to 'http://localhost:49822/session/a78320ae0b1b51b50cd8840fdd78bf35/execute/sync'
17:40:51.806 [Forwarding isElementDisplayed on session a78320ae0b1b51b50cd8840fdd78bf35 to remote] DEBUG org.asynchttpclient.netty.request.NettyRequestSender - Using open Channel [id: 0x908eb141, L:/127.0.0.1:57232 - R:localhost/127.0.0.1:49822] for POST '/session/a78320ae0b1b51b50cd8840fdd78bf35/execute/sync'
17:40:51.870 [AsyncHttpClient-1-3] DEBUG org.asynchttpclient.netty.handler.HttpHandler - 

Request DefaultHttpRequest(decodeResult: success, version: HTTP/1.1)
POST /session/a78320ae0b1b51b50cd8840fdd78bf35/execute/sync HTTP/1.1
User-Agent: selenium/4.1.2 (java windows)
Content-Length: 48780
Content-Type: application/json; charset=utf-8
host: localhost:49822
accept: */*

Response DefaultHttpResponse(decodeResult: success, version: HTTP/1.1)
HTTP/1.1 200 OK
Content-Type: application/json; charset=utf-8
cache-control: no-cache
content-length: 14

17:40:51.871 [AsyncHttpClient-1-3] DEBUG org.asynchttpclient.netty.channel.ChannelManager - Adding key: http://localhost:49822 for channel [id: 0x908eb141, L:/127.0.0.1:57232 - R:localhost/127.0.0.1:49822]
17:40:51.883 [Forwarding screenshot on session a78320ae0b1b51b50cd8840fdd78bf35 to remote] DEBUG org.asynchttpclient.netty.request.NettyRequestSender - Using pooled Channel '[id: 0x908eb141, L:/127.0.0.1:57232 - R:localhost/127.0.0.1:49822]' for 'GET' to 'http://localhost:49822/session/a78320ae0b1b51b50cd8840fdd78bf35/screenshot'
17:40:51.883 [Forwarding screenshot on session a78320ae0b1b51b50cd8840fdd78bf35 to remote] DEBUG org.asynchttpclient.netty.request.NettyRequestSender - Using open Channel [id: 0x908eb141, L:/127.0.0.1:57232 - R:localhost/127.0.0.1:49822] for GET '/session/a78320ae0b1b51b50cd8840fdd78bf35/screenshot'
17:40:52.209 [AsyncHttpClient-1-3] DEBUG org.asynchttpclient.netty.handler.HttpHandler - 

Request DefaultFullHttpRequest(decodeResult: success, version: HTTP/1.1, content: EmptyByteBufBE)
GET /session/a78320ae0b1b51b50cd8840fdd78bf35/screenshot HTTP/1.1
User-Agent: selenium/4.1.2 (java windows)
Cache-Control: no-cache
Content-Type: application/json; charset=utf-8
host: localhost:49822
accept: */*

Response DefaultHttpResponse(decodeResult: success, version: HTTP/1.1)
HTTP/1.1 200 OK
Content-Type: application/json; charset=utf-8
cache-control: no-cache
content-length: 382596

17:40:52.212 [AsyncHttpClient-1-3] DEBUG org.asynchttpclient.netty.channel.ChannelManager - Adding key: http://localhost:49822 for channel [id: 0x908eb141, L:/127.0.0.1:57232 - R:localhost/127.0.0.1:49822]
17:40:52.252 [main] DEBUG net.serenitybdd.core.photography.Darkroom - Send negative for processing for target\site\serenity\ed15a54c91c342d96a850276df7b559f4526b370fc93040e3c407a48a170f368.png
17:40:52.252 [main] DEBUG net.thucydides.core.steps.StepInterceptor - STEP DONE: validateOnDashboardPage
  &amp#27;[32mGiven &amp#27;[0m&amp#27;[32mI am on the dashboard page&amp#27;[0m                  &amp#27;[90m# starter.stepdefinitions.DashboardSteps.iAmOnTheDashboardPage()&amp#27;[0m
17:40:52.293 [main] DEBUG net.thucydides.core.steps.StepInterceptor - STARTING STEP: AppointmentSteps.iClickMenuAppointment - clickMenuAppointmentButton
17:40:52.302 [Forwarding findElement on session a78320ae0b1b51b50cd8840fdd78bf35 to remote] DEBUG org.asynchttpclient.netty.request.NettyRequestSender - Using pooled Channel '[id: 0x908eb141, L:/127.0.0.1:57232 - R:localhost/127.0.0.1:49822]' for 'POST' to 'http://localhost:49822/session/a78320ae0b1b51b50cd8840fdd78bf35/element'
17:40:52.302 [Forwarding findElement on session a78320ae0b1b51b50cd8840fdd78bf35 to remote] DEBUG org.asynchttpclient.netty.request.NettyRequestSender - Using open Channel [id: 0x908eb141, L:/127.0.0.1:57232 - R:localhost/127.0.0.1:49822] for POST '/session/a78320ae0b1b51b50cd8840fdd78bf35/element'
17:40:52.326 [AsyncHttpClient-1-3] DEBUG org.asynchttpclient.netty.handler.HttpHandler - 

Request DefaultHttpRequest(decodeResult: success, version: HTTP/1.1)
POST /session/a78320ae0b1b51b50cd8840fdd78bf35/element HTTP/1.1
User-Agent: selenium/4.1.2 (java windows)
Content-Length: 84
Content-Type: application/json; charset=utf-8
host: localhost:49822
accept: */*

Response DefaultHttpResponse(decodeResult: success, version: HTTP/1.1)
HTTP/1.1 200 OK
Content-Type: application/json; charset=utf-8
cache-control: no-cache
content-length: 88

17:40:52.326 [AsyncHttpClient-1-3] DEBUG org.asynchttpclient.netty.channel.ChannelManager - Adding key: http://localhost:49822 for channel [id: 0x908eb141, L:/127.0.0.1:57232 - R:localhost/127.0.0.1:49822]
17:40:52.329 [Forwarding getElementTagName on session a78320ae0b1b51b50cd8840fdd78bf35 to remote] DEBUG org.asynchttpclient.netty.request.NettyRequestSender - Using pooled Channel '[id: 0x908eb141, L:/127.0.0.1:57232 - R:localhost/127.0.0.1:49822]' for 'GET' to 'http://localhost:49822/session/a78320ae0b1b51b50cd8840fdd78bf35/element/5354d3a9-b8be-4441-a03d-d0b267d770f7/name'
17:40:52.329 [Forwarding getElementTagName on session a78320ae0b1b51b50cd8840fdd78bf35 to remote] DEBUG org.asynchttpclient.netty.request.NettyRequestSender - Using open Channel [id: 0x908eb141, L:/127.0.0.1:57232 - R:localhost/127.0.0.1:49822] for GET '/session/a78320ae0b1b51b50cd8840fdd78bf35/element/5354d3a9-b8be-4441-a03d-d0b267d770f7/name'
17:40:52.362 [AsyncHttpClient-1-3] DEBUG org.asynchttpclient.netty.handler.HttpHandler - 

Request DefaultFullHttpRequest(decodeResult: success, version: HTTP/1.1, content: EmptyByteBufBE)
GET /session/a78320ae0b1b51b50cd8840fdd78bf35/element/5354d3a9-b8be-4441-a03d-d0b267d770f7/name HTTP/1.1
User-Agent: selenium/4.1.2 (java windows)
Cache-Control: no-cache
Content-Type: application/json; charset=utf-8
host: localhost:49822
accept: */*

Response DefaultHttpResponse(decodeResult: success, version: HTTP/1.1)
HTTP/1.1 200 OK
Content-Type: application/json; charset=utf-8
cache-control: no-cache
content-length: 15

17:40:52.362 [AsyncHttpClient-1-3] DEBUG org.asynchttpclient.netty.channel.ChannelManager - Adding key: http://localhost:49822 for channel [id: 0x908eb141, L:/127.0.0.1:57232 - R:localhost/127.0.0.1:49822]
17:40:52.365 [Forwarding getElementTagName on session a78320ae0b1b51b50cd8840fdd78bf35 to remote] DEBUG org.asynchttpclient.netty.request.NettyRequestSender - Using pooled Channel '[id: 0x908eb141, L:/127.0.0.1:57232 - R:localhost/127.0.0.1:49822]' for 'GET' to 'http://localhost:49822/session/a78320ae0b1b51b50cd8840fdd78bf35/element/5354d3a9-b8be-4441-a03d-d0b267d770f7/name'
17:40:52.365 [Forwarding getElementTagName on session a78320ae0b1b51b50cd8840fdd78bf35 to remote] DEBUG org.asynchttpclient.netty.request.NettyRequestSender - Using open Channel [id: 0x908eb141, L:/127.0.0.1:57232 - R:localhost/127.0.0.1:49822] for GET '/session/a78320ae0b1b51b50cd8840fdd78bf35/element/5354d3a9-b8be-4441-a03d-d0b267d770f7/name'
17:40:52.370 [AsyncHttpClient-1-3] DEBUG org.asynchttpclient.netty.handler.HttpHandler - 

Request DefaultFullHttpRequest(decodeResult: success, version: HTTP/1.1, content: EmptyByteBufBE)
GET /session/a78320ae0b1b51b50cd8840fdd78bf35/element/5354d3a9-b8be-4441-a03d-d0b267d770f7/name HTTP/1.1
User-Agent: selenium/4.1.2 (java windows)
Cache-Control: no-cache
Content-Type: application/json; charset=utf-8
host: localhost:49822
accept: */*

Response DefaultHttpResponse(decodeResult: success, version: HTTP/1.1)
HTTP/1.1 200 OK
Content-Type: application/json; charset=utf-8
cache-control: no-cache
content-length: 15

17:40:52.371 [AsyncHttpClient-1-3] DEBUG org.asynchttpclient.netty.channel.ChannelManager - Adding key: http://localhost:49822 for channel [id: 0x908eb141, L:/127.0.0.1:57232 - R:localhost/127.0.0.1:49822]
17:40:52.375 [Forwarding findElement on session a78320ae0b1b51b50cd8840fdd78bf35 to remote] DEBUG org.asynchttpclient.netty.request.NettyRequestSender - Using pooled Channel '[id: 0x908eb141, L:/127.0.0.1:57232 - R:localhost/127.0.0.1:49822]' for 'POST' to 'http://localhost:49822/session/a78320ae0b1b51b50cd8840fdd78bf35/element'
17:40:52.375 [Forwarding findElement on session a78320ae0b1b51b50cd8840fdd78bf35 to remote] DEBUG org.asynchttpclient.netty.request.NettyRequestSender - Using open Channel [id: 0x908eb141, L:/127.0.0.1:57232 - R:localhost/127.0.0.1:49822] for POST '/session/a78320ae0b1b51b50cd8840fdd78bf35/element'
17:40:52.388 [AsyncHttpClient-1-3] DEBUG org.asynchttpclient.netty.handler.HttpHandler - 

Request DefaultHttpRequest(decodeResult: success, version: HTTP/1.1)
POST /session/a78320ae0b1b51b50cd8840fdd78bf35/element HTTP/1.1
User-Agent: selenium/4.1.2 (java windows)
Content-Length: 84
Content-Type: application/json; charset=utf-8
host: localhost:49822
accept: */*

Response DefaultHttpResponse(decodeResult: success, version: HTTP/1.1)
HTTP/1.1 200 OK
Content-Type: application/json; charset=utf-8
cache-control: no-cache
content-length: 88

17:40:52.388 [AsyncHttpClient-1-3] DEBUG org.asynchttpclient.netty.channel.ChannelManager - Adding key: http://localhost:49822 for channel [id: 0x908eb141, L:/127.0.0.1:57232 - R:localhost/127.0.0.1:49822]
17:40:52.391 [Forwarding clickElement on session a78320ae0b1b51b50cd8840fdd78bf35 to remote] DEBUG org.asynchttpclient.netty.request.NettyRequestSender - Using pooled Channel '[id: 0x908eb141, L:/127.0.0.1:57232 - R:localhost/127.0.0.1:49822]' for 'POST' to 'http://localhost:49822/session/a78320ae0b1b51b50cd8840fdd78bf35/element/5354d3a9-b8be-4441-a03d-d0b267d770f7/click'
17:40:52.391 [Forwarding clickElement on session a78320ae0b1b51b50cd8840fdd78bf35 to remote] DEBUG org.asynchttpclient.netty.request.NettyRequestSender - Using open Channel [id: 0x908eb141, L:/127.0.0.1:57232 - R:localhost/127.0.0.1:49822] for POST '/session/a78320ae0b1b51b50cd8840fdd78bf35/element/5354d3a9-b8be-4441-a03d-d0b267d770f7/click'
17:40:52.724 [AsyncHttpClient-1-1] DEBUG org.asynchttpclient.netty.channel.DefaultChannelPool - Entry count for : http://localhost:57235 : 1
17:40:52.740 [AsyncHttpClient-1-3] DEBUG org.asynchttpclient.netty.handler.HttpHandler - 

Request DefaultHttpRequest(decodeResult: success, version: HTTP/1.1)
POST /session/a78320ae0b1b51b50cd8840fdd78bf35/element/5354d3a9-b8be-4441-a03d-d0b267d770f7/click HTTP/1.1
User-Agent: selenium/4.1.2 (java windows)
Content-Length: 50
Content-Type: application/json; charset=utf-8
host: localhost:49822
accept: */*

Response DefaultHttpResponse(decodeResult: success, version: HTTP/1.1)
HTTP/1.1 200 OK
Content-Type: application/json; charset=utf-8
cache-control: no-cache
content-length: 14

17:40:52.740 [AsyncHttpClient-1-3] DEBUG org.asynchttpclient.netty.channel.ChannelManager - Adding key: http://localhost:49822 for channel [id: 0x908eb141, L:/127.0.0.1:57232 - R:localhost/127.0.0.1:49822]
17:40:52.756 [Forwarding screenshot on session a78320ae0b1b51b50cd8840fdd78bf35 to remote] DEBUG org.asynchttpclient.netty.request.NettyRequestSender - Using pooled Channel '[id: 0x908eb141, L:/127.0.0.1:57232 - R:localhost/127.0.0.1:49822]' for 'GET' to 'http://localhost:49822/session/a78320ae0b1b51b50cd8840fdd78bf35/screenshot'
17:40:52.757 [Forwarding screenshot on session a78320ae0b1b51b50cd8840fdd78bf35 to remote] DEBUG org.asynchttpclient.netty.request.NettyRequestSender - Using open Channel [id: 0x908eb141, L:/127.0.0.1:57232 - R:localhost/127.0.0.1:49822] for GET '/session/a78320ae0b1b51b50cd8840fdd78bf35/screenshot'
17:40:52.918 [AsyncHttpClient-1-3] DEBUG org.asynchttpclient.netty.handler.HttpHandler - 

Request DefaultFullHttpRequest(decodeResult: success, version: HTTP/1.1, content: EmptyByteBufBE)
GET /session/a78320ae0b1b51b50cd8840fdd78bf35/screenshot HTTP/1.1
User-Agent: selenium/4.1.2 (java windows)
Cache-Control: no-cache
Content-Type: application/json; charset=utf-8
host: localhost:49822
accept: */*

Response DefaultHttpResponse(decodeResult: success, version: HTTP/1.1)
HTTP/1.1 200 OK
Content-Type: application/json; charset=utf-8
cache-control: no-cache
content-length: 77828

17:40:52.920 [AsyncHttpClient-1-3] DEBUG org.asynchttpclient.netty.channel.ChannelManager - Adding key: http://localhost:49822 for channel [id: 0x908eb141, L:/127.0.0.1:57232 - R:localhost/127.0.0.1:49822]
17:40:52.927 [main] DEBUG net.serenitybdd.core.photography.Darkroom - Send negative for processing for target\site\serenity\df826b641c90eb1ab20acaff6bb6a243fb9749f2ec822fc536a67da27d3ac00b.png
17:40:52.928 [main] DEBUG net.thucydides.core.steps.StepInterceptor - STEP DONE: clickMenuAppointmentButton
  &amp#27;[32mAnd &amp#27;[0m&amp#27;[32mI click menu Appointment&amp#27;[0m                      &amp#27;[90m# starter.stepdefinitions.AppointmentSteps.iClickMenuAppointment()&amp#27;[0m
17:40:52.928 [Darkroom Processing Line] DEBUG net.serenitybdd.core.photography.DarkroomProcessingLine - Processing screenshot image in /var/screenshots/screenshot-13667726029792207899
17:40:52.928 [Darkroom Processing Line] DEBUG net.serenitybdd.core.photography.DarkroomProcessingLine - Saving screenshot to target\site\serenity\df826b641c90eb1ab20acaff6bb6a243fb9749f2ec822fc536a67da27d3ac00b.png
17:40:52.970 [main] DEBUG net.thucydides.core.steps.StepInterceptor - STARTING STEP: AppointmentSteps.iClickEditAppointmentIcon - clickEditAppointmentIcon
17:40:52.979 [Forwarding findElement on session a78320ae0b1b51b50cd8840fdd78bf35 to remote] DEBUG org.asynchttpclient.netty.request.NettyRequestSender - Using pooled Channel '[id: 0x908eb141, L:/127.0.0.1:57232 - R:localhost/127.0.0.1:49822]' for 'POST' to 'http://localhost:49822/session/a78320ae0b1b51b50cd8840fdd78bf35/element'
17:40:52.979 [Forwarding findElement on session a78320ae0b1b51b50cd8840fdd78bf35 to remote] DEBUG org.asynchttpclient.netty.request.NettyRequestSender - Using open Channel [id: 0x908eb141, L:/127.0.0.1:57232 - R:localhost/127.0.0.1:49822] for POST '/session/a78320ae0b1b51b50cd8840fdd78bf35/element'
17:40:53.771 [AsyncHttpClient-1-3] DEBUG org.asynchttpclient.netty.handler.HttpHandler - 

Request DefaultHttpRequest(decodeResult: success, version: HTTP/1.1)
POST /session/a78320ae0b1b51b50cd8840fdd78bf35/element HTTP/1.1
User-Agent: selenium/4.1.2 (java windows)
Content-Length: 91
Content-Type: application/json; charset=utf-8
host: localhost:49822
accept: */*

Response DefaultHttpResponse(decodeResult: success, version: HTTP/1.1)
HTTP/1.1 200 OK
Content-Type: application/json; charset=utf-8
cache-control: no-cache
content-length: 88

17:40:53.772 [AsyncHttpClient-1-3] DEBUG org.asynchttpclient.netty.channel.ChannelManager - Adding key: http://localhost:49822 for channel [id: 0x908eb141, L:/127.0.0.1:57232 - R:localhost/127.0.0.1:49822]
17:40:53.779 [Forwarding getElementTagName on session a78320ae0b1b51b50cd8840fdd78bf35 to remote] DEBUG org.asynchttpclient.netty.request.NettyRequestSender - Using pooled Channel '[id: 0x908eb141, L:/127.0.0.1:57232 - R:localhost/127.0.0.1:49822]' for 'GET' to 'http://localhost:49822/session/a78320ae0b1b51b50cd8840fdd78bf35/element/b88965c3-3b5b-4f70-afb6-747386dbafc0/name'
17:40:53.779 [Forwarding getElementTagName on session a78320ae0b1b51b50cd8840fdd78bf35 to remote] DEBUG org.asynchttpclient.netty.request.NettyRequestSender - Using open Channel [id: 0x908eb141, L:/127.0.0.1:57232 - R:localhost/127.0.0.1:49822] for GET '/session/a78320ae0b1b51b50cd8840fdd78bf35/element/b88965c3-3b5b-4f70-afb6-747386dbafc0/name'
17:40:53.807 [AsyncHttpClient-1-1] DEBUG org.asynchttpclient.netty.channel.DefaultChannelPool - Entry count for : http://localhost:57235 : 1
17:40:53.814 [AsyncHttpClient-1-3] DEBUG org.asynchttpclient.netty.handler.HttpHandler - 

Request DefaultFullHttpRequest(decodeResult: success, version: HTTP/1.1, content: EmptyByteBufBE)
GET /session/a78320ae0b1b51b50cd8840fdd78bf35/element/b88965c3-3b5b-4f70-afb6-747386dbafc0/name HTTP/1.1
User-Agent: selenium/4.1.2 (java windows)
Cache-Control: no-cache
Content-Type: application/json; charset=utf-8
host: localhost:49822
accept: */*

Response DefaultHttpResponse(decodeResult: success, version: HTTP/1.1)
HTTP/1.1 200 OK
Content-Type: application/json; charset=utf-8
cache-control: no-cache
content-length: 18

17:40:53.815 [AsyncHttpClient-1-3] DEBUG org.asynchttpclient.netty.channel.ChannelManager - Adding key: http://localhost:49822 for channel [id: 0x908eb141, L:/127.0.0.1:57232 - R:localhost/127.0.0.1:49822]
17:40:53.818 [Forwarding getElementTagName on session a78320ae0b1b51b50cd8840fdd78bf35 to remote] DEBUG org.asynchttpclient.netty.request.NettyRequestSender - Using pooled Channel '[id: 0x908eb141, L:/127.0.0.1:57232 - R:localhost/127.0.0.1:49822]' for 'GET' to 'http://localhost:49822/session/a78320ae0b1b51b50cd8840fdd78bf35/element/b88965c3-3b5b-4f70-afb6-747386dbafc0/name'
17:40:53.818 [Forwarding getElementTagName on session a78320ae0b1b51b50cd8840fdd78bf35 to remote] DEBUG org.asynchttpclient.netty.request.NettyRequestSender - Using open Channel [id: 0x908eb141, L:/127.0.0.1:57232 - R:localhost/127.0.0.1:49822] for GET '/session/a78320ae0b1b51b50cd8840fdd78bf35/element/b88965c3-3b5b-4f70-afb6-747386dbafc0/name'
17:40:53.823 [AsyncHttpClient-1-3] DEBUG org.asynchttpclient.netty.handler.HttpHandler - 

Request DefaultFullHttpRequest(decodeResult: success, version: HTTP/1.1, content: EmptyByteBufBE)
GET /session/a78320ae0b1b51b50cd8840fdd78bf35/element/b88965c3-3b5b-4f70-afb6-747386dbafc0/name HTTP/1.1
User-Agent: selenium/4.1.2 (java windows)
Cache-Control: no-cache
Content-Type: application/json; charset=utf-8
host: localhost:49822
accept: */*

Response DefaultHttpResponse(decodeResult: success, version: HTTP/1.1)
HTTP/1.1 200 OK
Content-Type: application/json; charset=utf-8
cache-control: no-cache
content-length: 18

17:40:53.823 [AsyncHttpClient-1-3] DEBUG org.asynchttpclient.netty.channel.ChannelManager - Adding key: http://localhost:49822 for channel [id: 0x908eb141, L:/127.0.0.1:57232 - R:localhost/127.0.0.1:49822]
17:40:53.828 [Forwarding isElementEnabled on session a78320ae0b1b51b50cd8840fdd78bf35 to remote] DEBUG org.asynchttpclient.netty.request.NettyRequestSender - Using pooled Channel '[id: 0x908eb141, L:/127.0.0.1:57232 - R:localhost/127.0.0.1:49822]' for 'GET' to 'http://localhost:49822/session/a78320ae0b1b51b50cd8840fdd78bf35/element/b88965c3-3b5b-4f70-afb6-747386dbafc0/enabled'
17:40:53.828 [Forwarding isElementEnabled on session a78320ae0b1b51b50cd8840fdd78bf35 to remote] DEBUG org.asynchttpclient.netty.request.NettyRequestSender - Using open Channel [id: 0x908eb141, L:/127.0.0.1:57232 - R:localhost/127.0.0.1:49822] for GET '/session/a78320ae0b1b51b50cd8840fdd78bf35/element/b88965c3-3b5b-4f70-afb6-747386dbafc0/enabled'
17:40:53.843 [AsyncHttpClient-1-3] DEBUG org.asynchttpclient.netty.handler.HttpHandler - 

Request DefaultFullHttpRequest(decodeResult: success, version: HTTP/1.1, content: EmptyByteBufBE)
GET /session/a78320ae0b1b51b50cd8840fdd78bf35/element/b88965c3-3b5b-4f70-afb6-747386dbafc0/enabled HTTP/1.1
User-Agent: selenium/4.1.2 (java windows)
Cache-Control: no-cache
Content-Type: application/json; charset=utf-8
host: localhost:49822
accept: */*

Response DefaultHttpResponse(decodeResult: success, version: HTTP/1.1)
HTTP/1.1 200 OK
Content-Type: application/json; charset=utf-8
cache-control: no-cache
content-length: 14

17:40:53.843 [AsyncHttpClient-1-3] DEBUG org.asynchttpclient.netty.channel.ChannelManager - Adding key: http://localhost:49822 for channel [id: 0x908eb141, L:/127.0.0.1:57232 - R:localhost/127.0.0.1:49822]
17:40:53.845 [Forwarding isElementEnabled on session a78320ae0b1b51b50cd8840fdd78bf35 to remote] DEBUG org.asynchttpclient.netty.request.NettyRequestSender - Using pooled Channel '[id: 0x908eb141, L:/127.0.0.1:57232 - R:localhost/127.0.0.1:49822]' for 'GET' to 'http://localhost:49822/session/a78320ae0b1b51b50cd8840fdd78bf35/element/b88965c3-3b5b-4f70-afb6-747386dbafc0/enabled'
17:40:53.846 [Forwarding isElementEnabled on session a78320ae0b1b51b50cd8840fdd78bf35 to remote] DEBUG org.asynchttpclient.netty.request.NettyRequestSender - Using open Channel [id: 0x908eb141, L:/127.0.0.1:57232 - R:localhost/127.0.0.1:49822] for GET '/session/a78320ae0b1b51b50cd8840fdd78bf35/element/b88965c3-3b5b-4f70-afb6-747386dbafc0/enabled'
17:40:53.858 [AsyncHttpClient-1-3] DEBUG org.asynchttpclient.netty.handler.HttpHandler - 

Request DefaultFullHttpRequest(decodeResult: success, version: HTTP/1.1, content: EmptyByteBufBE)
GET /session/a78320ae0b1b51b50cd8840fdd78bf35/element/b88965c3-3b5b-4f70-afb6-747386dbafc0/enabled HTTP/1.1
User-Agent: selenium/4.1.2 (java windows)
Cache-Control: no-cache
Content-Type: application/json; charset=utf-8
host: localhost:49822
accept: */*

Response DefaultHttpResponse(decodeResult: success, version: HTTP/1.1)
HTTP/1.1 200 OK
Content-Type: application/json; charset=utf-8
cache-control: no-cache
content-length: 14

17:40:53.858 [AsyncHttpClient-1-3] DEBUG org.asynchttpclient.netty.channel.ChannelManager - Adding key: http://localhost:49822 for channel [id: 0x908eb141, L:/127.0.0.1:57232 - R:localhost/127.0.0.1:49822]
17:40:53.862 [Forwarding findElement on session a78320ae0b1b51b50cd8840fdd78bf35 to remote] DEBUG org.asynchttpclient.netty.request.NettyRequestSender - Using pooled Channel '[id: 0x908eb141, L:/127.0.0.1:57232 - R:localhost/127.0.0.1:49822]' for 'POST' to 'http://localhost:49822/session/a78320ae0b1b51b50cd8840fdd78bf35/element'
17:40:53.862 [Forwarding findElement on session a78320ae0b1b51b50cd8840fdd78bf35 to remote] DEBUG org.asynchttpclient.netty.request.NettyRequestSender - Using open Channel [id: 0x908eb141, L:/127.0.0.1:57232 - R:localhost/127.0.0.1:49822] for POST '/session/a78320ae0b1b51b50cd8840fdd78bf35/element'
17:40:53.878 [AsyncHttpClient-1-3] DEBUG org.asynchttpclient.netty.handler.HttpHandler - 

Request DefaultHttpRequest(decodeResult: success, version: HTTP/1.1)
POST /session/a78320ae0b1b51b50cd8840fdd78bf35/element HTTP/1.1
User-Agent: selenium/4.1.2 (java windows)
Content-Length: 91
Content-Type: application/json; charset=utf-8
host: localhost:49822
accept: */*

Response DefaultHttpResponse(decodeResult: success, version: HTTP/1.1)
HTTP/1.1 200 OK
Content-Type: application/json; charset=utf-8
cache-control: no-cache
content-length: 88

17:40:53.878 [AsyncHttpClient-1-3] DEBUG org.asynchttpclient.netty.channel.ChannelManager - Adding key: http://localhost:49822 for channel [id: 0x908eb141, L:/127.0.0.1:57232 - R:localhost/127.0.0.1:49822]
17:40:53.880 [Forwarding clickElement on session a78320ae0b1b51b50cd8840fdd78bf35 to remote] DEBUG org.asynchttpclient.netty.request.NettyRequestSender - Using pooled Channel '[id: 0x908eb141, L:/127.0.0.1:57232 - R:localhost/127.0.0.1:49822]' for 'POST' to 'http://localhost:49822/session/a78320ae0b1b51b50cd8840fdd78bf35/element/b88965c3-3b5b-4f70-afb6-747386dbafc0/click'
17:40:53.880 [Forwarding clickElement on session a78320ae0b1b51b50cd8840fdd78bf35 to remote] DEBUG org.asynchttpclient.netty.request.NettyRequestSender - Using open Channel [id: 0x908eb141, L:/127.0.0.1:57232 - R:localhost/127.0.0.1:49822] for POST '/session/a78320ae0b1b51b50cd8840fdd78bf35/element/b88965c3-3b5b-4f70-afb6-747386dbafc0/click'
17:40:54.153 [AsyncHttpClient-1-3] DEBUG org.asynchttpclient.netty.handler.HttpHandler - 

Request DefaultHttpRequest(decodeResult: success, version: HTTP/1.1)
POST /session/a78320ae0b1b51b50cd8840fdd78bf35/element/b88965c3-3b5b-4f70-afb6-747386dbafc0/click HTTP/1.1
User-Agent: selenium/4.1.2 (java windows)
Content-Length: 50
Content-Type: application/json; charset=utf-8
host: localhost:49822
accept: */*

Response DefaultHttpResponse(decodeResult: success, version: HTTP/1.1)
HTTP/1.1 200 OK
Content-Type: application/json; charset=utf-8
cache-control: no-cache
content-length: 14

17:40:54.154 [AsyncHttpClient-1-3] DEBUG org.asynchttpclient.netty.channel.ChannelManager - Adding key: http://localhost:49822 for channel [id: 0x908eb141, L:/127.0.0.1:57232 - R:localhost/127.0.0.1:49822]
17:40:54.171 [Forwarding screenshot on session a78320ae0b1b51b50cd8840fdd78bf35 to remote] DEBUG org.asynchttpclient.netty.request.NettyRequestSender - Using pooled Channel '[id: 0x908eb141, L:/127.0.0.1:57232 - R:localhost/127.0.0.1:49822]' for 'GET' to 'http://localhost:49822/session/a78320ae0b1b51b50cd8840fdd78bf35/screenshot'
17:40:54.171 [Forwarding screenshot on session a78320ae0b1b51b50cd8840fdd78bf35 to remote] DEBUG org.asynchttpclient.netty.request.NettyRequestSender - Using open Channel [id: 0x908eb141, L:/127.0.0.1:57232 - R:localhost/127.0.0.1:49822] for GET '/session/a78320ae0b1b51b50cd8840fdd78bf35/screenshot'
17:40:54.361 [AsyncHttpClient-1-3] DEBUG org.asynchttpclient.netty.handler.HttpHandler - 

Request DefaultFullHttpRequest(decodeResult: success, version: HTTP/1.1, content: EmptyByteBufBE)
GET /session/a78320ae0b1b51b50cd8840fdd78bf35/screenshot HTTP/1.1
User-Agent: selenium/4.1.2 (java windows)
Cache-Control: no-cache
Content-Type: application/json; charset=utf-8
host: localhost:49822
accept: */*

Response DefaultHttpResponse(decodeResult: success, version: HTTP/1.1)
HTTP/1.1 200 OK
Content-Type: application/json; charset=utf-8
cache-control: no-cache
content-length: 120380

17:40:54.363 [AsyncHttpClient-1-3] DEBUG org.asynchttpclient.netty.channel.ChannelManager - Adding key: http://localhost:49822 for channel [id: 0x908eb141, L:/127.0.0.1:57232 - R:localhost/127.0.0.1:49822]
17:40:54.375 [main] DEBUG net.serenitybdd.core.photography.Darkroom - Send negative for processing for target\site\serenity\0cd4eb658e9a4373f0c1fab6d5b4d48b375f0dc1d61a9b54297b1502cbf83796.png
17:40:54.375 [main] DEBUG net.thucydides.core.steps.StepInterceptor - STEP DONE: clickEditAppointmentIcon
  &amp#27;[32mWhen &amp#27;[0m&amp#27;[32mI click edit Appointment icon&amp#27;[0m                &amp#27;[90m# starter.stepdefinitions.AppointmentSteps.iClickEditAppointmentIcon()&amp#27;[0m
17:40:54.376 [Darkroom Processing Line] DEBUG net.serenitybdd.core.photography.DarkroomProcessingLine - Processing screenshot image in /var/screenshots/screenshot-4422753383823345112
17:40:54.376 [Darkroom Processing Line] DEBUG net.serenitybdd.core.photography.DarkroomProcessingLine - Saving screenshot to target\site\serenity\0cd4eb658e9a4373f0c1fab6d5b4d48b375f0dc1d61a9b54297b1502cbf83796.png
17:40:54.441 [Forwarding screenshot on session a78320ae0b1b51b50cd8840fdd78bf35 to remote] DEBUG org.asynchttpclient.netty.request.NettyRequestSender - Using pooled Channel '[id: 0x908eb141, L:/127.0.0.1:57232 - R:localhost/127.0.0.1:49822]' for 'GET' to 'http://localhost:49822/session/a78320ae0b1b51b50cd8840fdd78bf35/screenshot'
17:40:54.442 [Forwarding screenshot on session a78320ae0b1b51b50cd8840fdd78bf35 to remote] DEBUG org.asynchttpclient.netty.request.NettyRequestSender - Using open Channel [id: 0x908eb141, L:/127.0.0.1:57232 - R:localhost/127.0.0.1:49822] for GET '/session/a78320ae0b1b51b50cd8840fdd78bf35/screenshot'
17:40:54.620 [AsyncHttpClient-1-3] DEBUG org.asynchttpclient.netty.handler.HttpHandler - 

Request DefaultFullHttpRequest(decodeResult: success, version: HTTP/1.1, content: EmptyByteBufBE)
GET /session/a78320ae0b1b51b50cd8840fdd78bf35/screenshot HTTP/1.1
User-Agent: selenium/4.1.2 (java windows)
Cache-Control: no-cache
Content-Type: application/json; charset=utf-8
host: localhost:49822
accept: */*

Response DefaultHttpResponse(decodeResult: success, version: HTTP/1.1)
HTTP/1.1 200 OK
Content-Type: application/json; charset=utf-8
cache-control: no-cache
content-length: 85688

17:40:54.620 [AsyncHttpClient-1-3] DEBUG org.asynchttpclient.netty.channel.ChannelManager - Adding key: http://localhost:49822 for channel [id: 0x908eb141, L:/127.0.0.1:57232 - R:localhost/127.0.0.1:49822]
17:40:54.626 [main] DEBUG net.serenitybdd.core.photography.Darkroom - Send negative for processing for target\site\serenity\9ef2c98243cfd91cb71549a54f4e7638839f3eefaf04978d8a063982808e35b4.png
17:40:54.626 [main] DEBUG net.thucydides.core.steps.StepInterceptor - STARTING STEP: AppointmentSteps.iEditAppointmentDataAndClickSubmit - editAppointmentReason
17:40:54.626 [Darkroom Processing Line] DEBUG net.serenitybdd.core.photography.DarkroomProcessingLine - Processing screenshot image in /var/screenshots/screenshot-6796135326592272152
17:40:54.626 [Darkroom Processing Line] DEBUG net.serenitybdd.core.photography.DarkroomProcessingLine - Saving screenshot to target\site\serenity\9ef2c98243cfd91cb71549a54f4e7638839f3eefaf04978d8a063982808e35b4.png
17:40:54.634 [Forwarding findElement on session a78320ae0b1b51b50cd8840fdd78bf35 to remote] DEBUG org.asynchttpclient.netty.request.NettyRequestSender - Using pooled Channel '[id: 0x908eb141, L:/127.0.0.1:57232 - R:localhost/127.0.0.1:49822]' for 'POST' to 'http://localhost:49822/session/a78320ae0b1b51b50cd8840fdd78bf35/element'
17:40:54.634 [Forwarding findElement on session a78320ae0b1b51b50cd8840fdd78bf35 to remote] DEBUG org.asynchttpclient.netty.request.NettyRequestSender - Using open Channel [id: 0x908eb141, L:/127.0.0.1:57232 - R:localhost/127.0.0.1:49822] for POST '/session/a78320ae0b1b51b50cd8840fdd78bf35/element'
17:40:54.657 [AsyncHttpClient-1-3] DEBUG org.asynchttpclient.netty.handler.HttpHandler - 

Request DefaultHttpRequest(decodeResult: success, version: HTTP/1.1)
POST /session/a78320ae0b1b51b50cd8840fdd78bf35/element HTTP/1.1
User-Agent: selenium/4.1.2 (java windows)
Content-Length: 77
Content-Type: application/json; charset=utf-8
host: localhost:49822
accept: */*

Response DefaultHttpResponse(decodeResult: success, version: HTTP/1.1)
HTTP/1.1 200 OK
Content-Type: application/json; charset=utf-8
cache-control: no-cache
content-length: 88

17:40:54.657 [AsyncHttpClient-1-3] DEBUG org.asynchttpclient.netty.channel.ChannelManager - Adding key: http://localhost:49822 for channel [id: 0x908eb141, L:/127.0.0.1:57232 - R:localhost/127.0.0.1:49822]
17:40:54.660 [Forwarding getElementTagName on session a78320ae0b1b51b50cd8840fdd78bf35 to remote] DEBUG org.asynchttpclient.netty.request.NettyRequestSender - Using pooled Channel '[id: 0x908eb141, L:/127.0.0.1:57232 - R:localhost/127.0.0.1:49822]' for 'GET' to 'http://localhost:49822/session/a78320ae0b1b51b50cd8840fdd78bf35/element/31b1e59c-250a-47c2-a61e-5791d8c38619/name'
17:40:54.660 [Forwarding getElementTagName on session a78320ae0b1b51b50cd8840fdd78bf35 to remote] DEBUG org.asynchttpclient.netty.request.NettyRequestSender - Using open Channel [id: 0x908eb141, L:/127.0.0.1:57232 - R:localhost/127.0.0.1:49822] for GET '/session/a78320ae0b1b51b50cd8840fdd78bf35/element/31b1e59c-250a-47c2-a61e-5791d8c38619/name'
17:40:54.670 [AsyncHttpClient-1-3] DEBUG org.asynchttpclient.netty.handler.HttpHandler - 

Request DefaultFullHttpRequest(decodeResult: success, version: HTTP/1.1, content: EmptyByteBufBE)
GET /session/a78320ae0b1b51b50cd8840fdd78bf35/element/31b1e59c-250a-47c2-a61e-5791d8c38619/name HTTP/1.1
User-Agent: selenium/4.1.2 (java windows)
Cache-Control: no-cache
Content-Type: application/json; charset=utf-8
host: localhost:49822
accept: */*

Response DefaultHttpResponse(decodeResult: success, version: HTTP/1.1)
HTTP/1.1 200 OK
Content-Type: application/json; charset=utf-8
cache-control: no-cache
content-length: 20

17:40:54.670 [AsyncHttpClient-1-3] DEBUG org.asynchttpclient.netty.channel.ChannelManager - Adding key: http://localhost:49822 for channel [id: 0x908eb141, L:/127.0.0.1:57232 - R:localhost/127.0.0.1:49822]
17:40:54.673 [Forwarding getElementTagName on session a78320ae0b1b51b50cd8840fdd78bf35 to remote] DEBUG org.asynchttpclient.netty.request.NettyRequestSender - Using pooled Channel '[id: 0x908eb141, L:/127.0.0.1:57232 - R:localhost/127.0.0.1:49822]' for 'GET' to 'http://localhost:49822/session/a78320ae0b1b51b50cd8840fdd78bf35/element/31b1e59c-250a-47c2-a61e-5791d8c38619/name'
17:40:54.673 [Forwarding getElementTagName on session a78320ae0b1b51b50cd8840fdd78bf35 to remote] DEBUG org.asynchttpclient.netty.request.NettyRequestSender - Using open Channel [id: 0x908eb141, L:/127.0.0.1:57232 - R:localhost/127.0.0.1:49822] for GET '/session/a78320ae0b1b51b50cd8840fdd78bf35/element/31b1e59c-250a-47c2-a61e-5791d8c38619/name'
17:40:54.679 [AsyncHttpClient-1-3] DEBUG org.asynchttpclient.netty.handler.HttpHandler - 

Request DefaultFullHttpRequest(decodeResult: success, version: HTTP/1.1, content: EmptyByteBufBE)
GET /session/a78320ae0b1b51b50cd8840fdd78bf35/element/31b1e59c-250a-47c2-a61e-5791d8c38619/name HTTP/1.1
User-Agent: selenium/4.1.2 (java windows)
Cache-Control: no-cache
Content-Type: application/json; charset=utf-8
host: localhost:49822
accept: */*

Response DefaultHttpResponse(decodeResult: success, version: HTTP/1.1)
HTTP/1.1 200 OK
Content-Type: application/json; charset=utf-8
cache-control: no-cache
content-length: 20

17:40:54.679 [AsyncHttpClient-1-3] DEBUG org.asynchttpclient.netty.channel.ChannelManager - Adding key: http://localhost:49822 for channel [id: 0x908eb141, L:/127.0.0.1:57232 - R:localhost/127.0.0.1:49822]
17:40:54.682 [Forwarding isElementEnabled on session a78320ae0b1b51b50cd8840fdd78bf35 to remote] DEBUG org.asynchttpclient.netty.request.NettyRequestSender - Using pooled Channel '[id: 0x908eb141, L:/127.0.0.1:57232 - R:localhost/127.0.0.1:49822]' for 'GET' to 'http://localhost:49822/session/a78320ae0b1b51b50cd8840fdd78bf35/element/31b1e59c-250a-47c2-a61e-5791d8c38619/enabled'
17:40:54.682 [Forwarding isElementEnabled on session a78320ae0b1b51b50cd8840fdd78bf35 to remote] DEBUG org.asynchttpclient.netty.request.NettyRequestSender - Using open Channel [id: 0x908eb141, L:/127.0.0.1:57232 - R:localhost/127.0.0.1:49822] for GET '/session/a78320ae0b1b51b50cd8840fdd78bf35/element/31b1e59c-250a-47c2-a61e-5791d8c38619/enabled'
17:40:54.718 [AsyncHttpClient-1-3] DEBUG org.asynchttpclient.netty.handler.HttpHandler - 

Request DefaultFullHttpRequest(decodeResult: success, version: HTTP/1.1, content: EmptyByteBufBE)
GET /session/a78320ae0b1b51b50cd8840fdd78bf35/element/31b1e59c-250a-47c2-a61e-5791d8c38619/enabled HTTP/1.1
User-Agent: selenium/4.1.2 (java windows)
Cache-Control: no-cache
Content-Type: application/json; charset=utf-8
host: localhost:49822
accept: */*

Response DefaultHttpResponse(decodeResult: success, version: HTTP/1.1)
HTTP/1.1 200 OK
Content-Type: application/json; charset=utf-8
cache-control: no-cache
content-length: 14

17:40:54.719 [AsyncHttpClient-1-3] DEBUG org.asynchttpclient.netty.channel.ChannelManager - Adding key: http://localhost:49822 for channel [id: 0x908eb141, L:/127.0.0.1:57232 - R:localhost/127.0.0.1:49822]
17:40:54.721 [Forwarding isElementEnabled on session a78320ae0b1b51b50cd8840fdd78bf35 to remote] DEBUG org.asynchttpclient.netty.request.NettyRequestSender - Using pooled Channel '[id: 0x908eb141, L:/127.0.0.1:57232 - R:localhost/127.0.0.1:49822]' for 'GET' to 'http://localhost:49822/session/a78320ae0b1b51b50cd8840fdd78bf35/element/31b1e59c-250a-47c2-a61e-5791d8c38619/enabled'
17:40:54.722 [Forwarding isElementEnabled on session a78320ae0b1b51b50cd8840fdd78bf35 to remote] DEBUG org.asynchttpclient.netty.request.NettyRequestSender - Using open Channel [id: 0x908eb141, L:/127.0.0.1:57232 - R:localhost/127.0.0.1:49822] for GET '/session/a78320ae0b1b51b50cd8840fdd78bf35/element/31b1e59c-250a-47c2-a61e-5791d8c38619/enabled'
17:40:54.741 [AsyncHttpClient-1-3] DEBUG org.asynchttpclient.netty.handler.HttpHandler - 

Request DefaultFullHttpRequest(decodeResult: success, version: HTTP/1.1, content: EmptyByteBufBE)
GET /session/a78320ae0b1b51b50cd8840fdd78bf35/element/31b1e59c-250a-47c2-a61e-5791d8c38619/enabled HTTP/1.1
User-Agent: selenium/4.1.2 (java windows)
Cache-Control: no-cache
Content-Type: application/json; charset=utf-8
host: localhost:49822
accept: */*

Response DefaultHttpResponse(decodeResult: success, version: HTTP/1.1)
HTTP/1.1 200 OK
Content-Type: application/json; charset=utf-8
cache-control: no-cache
content-length: 14

17:40:54.742 [AsyncHttpClient-1-3] DEBUG org.asynchttpclient.netty.channel.ChannelManager - Adding key: http://localhost:49822 for channel [id: 0x908eb141, L:/127.0.0.1:57232 - R:localhost/127.0.0.1:49822]
17:40:54.745 [Forwarding findElement on session a78320ae0b1b51b50cd8840fdd78bf35 to remote] DEBUG org.asynchttpclient.netty.request.NettyRequestSender - Using pooled Channel '[id: 0x908eb141, L:/127.0.0.1:57232 - R:localhost/127.0.0.1:49822]' for 'POST' to 'http://localhost:49822/session/a78320ae0b1b51b50cd8840fdd78bf35/element'
17:40:54.745 [Forwarding findElement on session a78320ae0b1b51b50cd8840fdd78bf35 to remote] DEBUG org.asynchttpclient.netty.request.NettyRequestSender - Using open Channel [id: 0x908eb141, L:/127.0.0.1:57232 - R:localhost/127.0.0.1:49822] for POST '/session/a78320ae0b1b51b50cd8840fdd78bf35/element'
17:40:54.756 [AsyncHttpClient-1-3] DEBUG org.asynchttpclient.netty.handler.HttpHandler - 

Request DefaultHttpRequest(decodeResult: success, version: HTTP/1.1)
POST /session/a78320ae0b1b51b50cd8840fdd78bf35/element HTTP/1.1
User-Agent: selenium/4.1.2 (java windows)
Content-Length: 77
Content-Type: application/json; charset=utf-8
host: localhost:49822
accept: */*

Response DefaultHttpResponse(decodeResult: success, version: HTTP/1.1)
HTTP/1.1 200 OK
Content-Type: application/json; charset=utf-8
cache-control: no-cache
content-length: 88

17:40:54.756 [AsyncHttpClient-1-3] DEBUG org.asynchttpclient.netty.channel.ChannelManager - Adding key: http://localhost:49822 for channel [id: 0x908eb141, L:/127.0.0.1:57232 - R:localhost/127.0.0.1:49822]
17:40:54.758 [Forwarding clickElement on session a78320ae0b1b51b50cd8840fdd78bf35 to remote] DEBUG org.asynchttpclient.netty.request.NettyRequestSender - Using pooled Channel '[id: 0x908eb141, L:/127.0.0.1:57232 - R:localhost/127.0.0.1:49822]' for 'POST' to 'http://localhost:49822/session/a78320ae0b1b51b50cd8840fdd78bf35/element/31b1e59c-250a-47c2-a61e-5791d8c38619/click'
17:40:54.758 [Forwarding clickElement on session a78320ae0b1b51b50cd8840fdd78bf35 to remote] DEBUG org.asynchttpclient.netty.request.NettyRequestSender - Using open Channel [id: 0x908eb141, L:/127.0.0.1:57232 - R:localhost/127.0.0.1:49822] for POST '/session/a78320ae0b1b51b50cd8840fdd78bf35/element/31b1e59c-250a-47c2-a61e-5791d8c38619/click'
17:40:54.901 [AsyncHttpClient-1-1] DEBUG org.asynchttpclient.netty.channel.DefaultChannelPool - Entry count for : http://localhost:57235 : 1
17:40:55.606 [AsyncHttpClient-1-3] DEBUG org.asynchttpclient.netty.handler.HttpHandler - 

Request DefaultHttpRequest(decodeResult: success, version: HTTP/1.1)
POST /session/a78320ae0b1b51b50cd8840fdd78bf35/element/31b1e59c-250a-47c2-a61e-5791d8c38619/click HTTP/1.1
User-Agent: selenium/4.1.2 (java windows)
Content-Length: 50
Content-Type: application/json; charset=utf-8
host: localhost:49822
accept: */*

Response DefaultHttpResponse(decodeResult: success, version: HTTP/1.1)
HTTP/1.1 200 OK
Content-Type: application/json; charset=utf-8
cache-control: no-cache
content-length: 14

17:40:55.606 [AsyncHttpClient-1-3] DEBUG org.asynchttpclient.netty.channel.ChannelManager - Adding key: http://localhost:49822 for channel [id: 0x908eb141, L:/127.0.0.1:57232 - R:localhost/127.0.0.1:49822]
17:40:55.625 [Forwarding findElement on session a78320ae0b1b51b50cd8840fdd78bf35 to remote] DEBUG org.asynchttpclient.netty.request.NettyRequestSender - Using pooled Channel '[id: 0x908eb141, L:/127.0.0.1:57232 - R:localhost/127.0.0.1:49822]' for 'POST' to 'http://localhost:49822/session/a78320ae0b1b51b50cd8840fdd78bf35/element'
17:40:55.625 [Forwarding findElement on session a78320ae0b1b51b50cd8840fdd78bf35 to remote] DEBUG org.asynchttpclient.netty.request.NettyRequestSender - Using open Channel [id: 0x908eb141, L:/127.0.0.1:57232 - R:localhost/127.0.0.1:49822] for POST '/session/a78320ae0b1b51b50cd8840fdd78bf35/element'
17:40:55.735 [AsyncHttpClient-1-3] DEBUG org.asynchttpclient.netty.handler.HttpHandler - 

Request DefaultHttpRequest(decodeResult: success, version: HTTP/1.1)
POST /session/a78320ae0b1b51b50cd8840fdd78bf35/element HTTP/1.1
User-Agent: selenium/4.1.2 (java windows)
Content-Length: 77
Content-Type: application/json; charset=utf-8
host: localhost:49822
accept: */*

Response DefaultHttpResponse(decodeResult: success, version: HTTP/1.1)
HTTP/1.1 200 OK
Content-Type: application/json; charset=utf-8
cache-control: no-cache
content-length: 88

17:40:55.735 [AsyncHttpClient-1-3] DEBUG org.asynchttpclient.netty.channel.ChannelManager - Adding key: http://localhost:49822 for channel [id: 0x908eb141, L:/127.0.0.1:57232 - R:localhost/127.0.0.1:49822]
17:40:55.738 [Forwarding clearElement on session a78320ae0b1b51b50cd8840fdd78bf35 to remote] DEBUG org.asynchttpclient.netty.request.NettyRequestSender - Using pooled Channel '[id: 0x908eb141, L:/127.0.0.1:57232 - R:localhost/127.0.0.1:49822]' for 'POST' to 'http://localhost:49822/session/a78320ae0b1b51b50cd8840fdd78bf35/element/31b1e59c-250a-47c2-a61e-5791d8c38619/clear'
17:40:55.738 [Forwarding clearElement on session a78320ae0b1b51b50cd8840fdd78bf35 to remote] DEBUG org.asynchttpclient.netty.request.NettyRequestSender - Using open Channel [id: 0x908eb141, L:/127.0.0.1:57232 - R:localhost/127.0.0.1:49822] for POST '/session/a78320ae0b1b51b50cd8840fdd78bf35/element/31b1e59c-250a-47c2-a61e-5791d8c38619/clear'
17:40:55.945 [AsyncHttpClient-1-3] DEBUG org.asynchttpclient.netty.handler.HttpHandler - 

Request DefaultHttpRequest(decodeResult: success, version: HTTP/1.1)
POST /session/a78320ae0b1b51b50cd8840fdd78bf35/element/31b1e59c-250a-47c2-a61e-5791d8c38619/clear HTTP/1.1
User-Agent: selenium/4.1.2 (java windows)
Content-Length: 50
Content-Type: application/json; charset=utf-8
host: localhost:49822
accept: */*

Response DefaultHttpResponse(decodeResult: success, version: HTTP/1.1)
HTTP/1.1 200 OK
Content-Type: application/json; charset=utf-8
cache-control: no-cache
content-length: 14

17:40:55.945 [AsyncHttpClient-1-3] DEBUG org.asynchttpclient.netty.channel.ChannelManager - Adding key: http://localhost:49822 for channel [id: 0x908eb141, L:/127.0.0.1:57232 - R:localhost/127.0.0.1:49822]
17:40:55.949 [Forwarding findElement on session a78320ae0b1b51b50cd8840fdd78bf35 to remote] DEBUG org.asynchttpclient.netty.request.NettyRequestSender - Using pooled Channel '[id: 0x908eb141, L:/127.0.0.1:57232 - R:localhost/127.0.0.1:49822]' for 'POST' to 'http://localhost:49822/session/a78320ae0b1b51b50cd8840fdd78bf35/element'
17:40:55.949 [Forwarding findElement on session a78320ae0b1b51b50cd8840fdd78bf35 to remote] DEBUG org.asynchttpclient.netty.request.NettyRequestSender - Using open Channel [id: 0x908eb141, L:/127.0.0.1:57232 - R:localhost/127.0.0.1:49822] for POST '/session/a78320ae0b1b51b50cd8840fdd78bf35/element'
17:40:56.001 [AsyncHttpClient-1-1] DEBUG org.asynchttpclient.netty.channel.DefaultChannelPool - Entry count for : http://localhost:57235 : 1
17:40:56.079 [AsyncHttpClient-1-3] DEBUG org.asynchttpclient.netty.handler.HttpHandler - 

Request DefaultHttpRequest(decodeResult: success, version: HTTP/1.1)
POST /session/a78320ae0b1b51b50cd8840fdd78bf35/element HTTP/1.1
User-Agent: selenium/4.1.2 (java windows)
Content-Length: 77
Content-Type: application/json; charset=utf-8
host: localhost:49822
accept: */*

Response DefaultHttpResponse(decodeResult: success, version: HTTP/1.1)
HTTP/1.1 200 OK
Content-Type: application/json; charset=utf-8
cache-control: no-cache
content-length: 88

17:40:56.080 [AsyncHttpClient-1-3] DEBUG org.asynchttpclient.netty.channel.ChannelManager - Adding key: http://localhost:49822 for channel [id: 0x908eb141, L:/127.0.0.1:57232 - R:localhost/127.0.0.1:49822]
17:40:56.084 [Forwarding clearElement on session a78320ae0b1b51b50cd8840fdd78bf35 to remote] DEBUG org.asynchttpclient.netty.request.NettyRequestSender - Using pooled Channel '[id: 0x908eb141, L:/127.0.0.1:57232 - R:localhost/127.0.0.1:49822]' for 'POST' to 'http://localhost:49822/session/a78320ae0b1b51b50cd8840fdd78bf35/element/31b1e59c-250a-47c2-a61e-5791d8c38619/clear'
17:40:56.084 [Forwarding clearElement on session a78320ae0b1b51b50cd8840fdd78bf35 to remote] DEBUG org.asynchttpclient.netty.request.NettyRequestSender - Using open Channel [id: 0x908eb141, L:/127.0.0.1:57232 - R:localhost/127.0.0.1:49822] for POST '/session/a78320ae0b1b51b50cd8840fdd78bf35/element/31b1e59c-250a-47c2-a61e-5791d8c38619/clear'
17:40:56.186 [AsyncHttpClient-1-3] DEBUG org.asynchttpclient.netty.handler.HttpHandler - 

Request DefaultHttpRequest(decodeResult: success, version: HTTP/1.1)
POST /session/a78320ae0b1b51b50cd8840fdd78bf35/element/31b1e59c-250a-47c2-a61e-5791d8c38619/clear HTTP/1.1
User-Agent: selenium/4.1.2 (java windows)
Content-Length: 50
Content-Type: application/json; charset=utf-8
host: localhost:49822
accept: */*

Response DefaultHttpResponse(decodeResult: success, version: HTTP/1.1)
HTTP/1.1 200 OK
Content-Type: application/json; charset=utf-8
cache-control: no-cache
content-length: 14

17:40:56.187 [AsyncHttpClient-1-3] DEBUG org.asynchttpclient.netty.channel.ChannelManager - Adding key: http://localhost:49822 for channel [id: 0x908eb141, L:/127.0.0.1:57232 - R:localhost/127.0.0.1:49822]
17:40:56.192 [Forwarding sendKeysToElement on session a78320ae0b1b51b50cd8840fdd78bf35 to remote] DEBUG org.asynchttpclient.netty.request.NettyRequestSender - Using pooled Channel '[id: 0x908eb141, L:/127.0.0.1:57232 - R:localhost/127.0.0.1:49822]' for 'POST' to 'http://localhost:49822/session/a78320ae0b1b51b50cd8840fdd78bf35/element/31b1e59c-250a-47c2-a61e-5791d8c38619/value'
17:40:56.192 [Forwarding sendKeysToElement on session a78320ae0b1b51b50cd8840fdd78bf35 to remote] DEBUG org.asynchttpclient.netty.request.NettyRequestSender - Using open Channel [id: 0x908eb141, L:/127.0.0.1:57232 - R:localhost/127.0.0.1:49822] for POST '/session/a78320ae0b1b51b50cd8840fdd78bf35/element/31b1e59c-250a-47c2-a61e-5791d8c38619/value'
17:40:56.932 [AsyncHttpClient-1-3] DEBUG org.asynchttpclient.netty.handler.HttpHandler - 

Request DefaultHttpRequest(decodeResult: success, version: HTTP/1.1)
POST /session/a78320ae0b1b51b50cd8840fdd78bf35/element/31b1e59c-250a-47c2-a61e-5791d8c38619/value HTTP/1.1
User-Agent: selenium/4.1.2 (java windows)
Content-Length: 341
Content-Type: application/json; charset=utf-8
host: localhost:49822
accept: */*

Response DefaultHttpResponse(decodeResult: success, version: HTTP/1.1)
HTTP/1.1 200 OK
Content-Type: application/json; charset=utf-8
cache-control: no-cache
content-length: 14

17:40:56.933 [AsyncHttpClient-1-3] DEBUG org.asynchttpclient.netty.channel.ChannelManager - Adding key: http://localhost:49822 for channel [id: 0x908eb141, L:/127.0.0.1:57232 - R:localhost/127.0.0.1:49822]
17:40:56.941 [Forwarding screenshot on session a78320ae0b1b51b50cd8840fdd78bf35 to remote] DEBUG org.asynchttpclient.netty.request.NettyRequestSender - Using pooled Channel '[id: 0x908eb141, L:/127.0.0.1:57232 - R:localhost/127.0.0.1:49822]' for 'GET' to 'http://localhost:49822/session/a78320ae0b1b51b50cd8840fdd78bf35/screenshot'
17:40:56.941 [Forwarding screenshot on session a78320ae0b1b51b50cd8840fdd78bf35 to remote] DEBUG org.asynchttpclient.netty.request.NettyRequestSender - Using open Channel [id: 0x908eb141, L:/127.0.0.1:57232 - R:localhost/127.0.0.1:49822] for GET '/session/a78320ae0b1b51b50cd8840fdd78bf35/screenshot'
17:40:57.041 [AsyncHttpClient-1-3] DEBUG org.asynchttpclient.netty.handler.HttpHandler - 

Request DefaultFullHttpRequest(decodeResult: success, version: HTTP/1.1, content: EmptyByteBufBE)
GET /session/a78320ae0b1b51b50cd8840fdd78bf35/screenshot HTTP/1.1
User-Agent: selenium/4.1.2 (java windows)
Cache-Control: no-cache
Content-Type: application/json; charset=utf-8
host: localhost:49822
accept: */*

Response DefaultHttpResponse(decodeResult: success, version: HTTP/1.1)
HTTP/1.1 200 OK
Content-Type: application/json; charset=utf-8
cache-control: no-cache
content-length: 85892

17:40:57.042 [AsyncHttpClient-1-3] DEBUG org.asynchttpclient.netty.channel.ChannelManager - Adding key: http://localhost:49822 for channel [id: 0x908eb141, L:/127.0.0.1:57232 - R:localhost/127.0.0.1:49822]
17:40:57.047 [main] DEBUG net.serenitybdd.core.photography.Darkroom - Send negative for processing for target\site\serenity\d4a1b6753f54dc44bdbdf4678318115eff6e987e8f5ac6d5642cbc7f70baf24a.png
17:40:57.047 [main] DEBUG net.thucydides.core.steps.StepInterceptor - STEP DONE: editAppointmentReason
17:40:57.047 [Darkroom Processing Line] DEBUG net.serenitybdd.core.photography.DarkroomProcessingLine - Processing screenshot image in /var/screenshots/screenshot-9166134838087174946
17:40:57.047 [Darkroom Processing Line] DEBUG net.serenitybdd.core.photography.DarkroomProcessingLine - Saving screenshot to target\site\serenity\d4a1b6753f54dc44bdbdf4678318115eff6e987e8f5ac6d5642cbc7f70baf24a.png
17:40:57.055 [main] DEBUG net.thucydides.core.steps.StepInterceptor - STARTING STEP: AppointmentSteps.iEditAppointmentDataAndClickSubmit - clickEditSubmitButton
17:40:57.058 [Forwarding findElement on session a78320ae0b1b51b50cd8840fdd78bf35 to remote] DEBUG org.asynchttpclient.netty.request.NettyRequestSender - Using pooled Channel '[id: 0x908eb141, L:/127.0.0.1:57232 - R:localhost/127.0.0.1:49822]' for 'POST' to 'http://localhost:49822/session/a78320ae0b1b51b50cd8840fdd78bf35/element'
17:40:57.058 [Forwarding findElement on session a78320ae0b1b51b50cd8840fdd78bf35 to remote] DEBUG org.asynchttpclient.netty.request.NettyRequestSender - Using open Channel [id: 0x908eb141, L:/127.0.0.1:57232 - R:localhost/127.0.0.1:49822] for POST '/session/a78320ae0b1b51b50cd8840fdd78bf35/element'
17:40:57.073 [AsyncHttpClient-1-3] DEBUG org.asynchttpclient.netty.handler.HttpHandler - 

Request DefaultHttpRequest(decodeResult: success, version: HTTP/1.1)
POST /session/a78320ae0b1b51b50cd8840fdd78bf35/element HTTP/1.1
User-Agent: selenium/4.1.2 (java windows)
Content-Length: 116
Content-Type: application/json; charset=utf-8
host: localhost:49822
accept: */*

Response DefaultHttpResponse(decodeResult: success, version: HTTP/1.1)
HTTP/1.1 200 OK
Content-Type: application/json; charset=utf-8
cache-control: no-cache
content-length: 88

17:40:57.073 [AsyncHttpClient-1-3] DEBUG org.asynchttpclient.netty.channel.ChannelManager - Adding key: http://localhost:49822 for channel [id: 0x908eb141, L:/127.0.0.1:57232 - R:localhost/127.0.0.1:49822]
17:40:57.074 [Forwarding getElementTagName on session a78320ae0b1b51b50cd8840fdd78bf35 to remote] DEBUG org.asynchttpclient.netty.request.NettyRequestSender - Using pooled Channel '[id: 0x908eb141, L:/127.0.0.1:57232 - R:localhost/127.0.0.1:49822]' for 'GET' to 'http://localhost:49822/session/a78320ae0b1b51b50cd8840fdd78bf35/element/26e29fa2-d5d7-4984-ab8b-a3d039b66a55/name'
17:40:57.075 [Forwarding getElementTagName on session a78320ae0b1b51b50cd8840fdd78bf35 to remote] DEBUG org.asynchttpclient.netty.request.NettyRequestSender - Using open Channel [id: 0x908eb141, L:/127.0.0.1:57232 - R:localhost/127.0.0.1:49822] for GET '/session/a78320ae0b1b51b50cd8840fdd78bf35/element/26e29fa2-d5d7-4984-ab8b-a3d039b66a55/name'
17:40:57.079 [AsyncHttpClient-1-3] DEBUG org.asynchttpclient.netty.handler.HttpHandler - 

Request DefaultFullHttpRequest(decodeResult: success, version: HTTP/1.1, content: EmptyByteBufBE)
GET /session/a78320ae0b1b51b50cd8840fdd78bf35/element/26e29fa2-d5d7-4984-ab8b-a3d039b66a55/name HTTP/1.1
User-Agent: selenium/4.1.2 (java windows)
Cache-Control: no-cache
Content-Type: application/json; charset=utf-8
host: localhost:49822
accept: */*

Response DefaultHttpResponse(decodeResult: success, version: HTTP/1.1)
HTTP/1.1 200 OK
Content-Type: application/json; charset=utf-8
cache-control: no-cache
content-length: 18

17:40:57.080 [AsyncHttpClient-1-3] DEBUG org.asynchttpclient.netty.channel.ChannelManager - Adding key: http://localhost:49822 for channel [id: 0x908eb141, L:/127.0.0.1:57232 - R:localhost/127.0.0.1:49822]
17:40:57.081 [Forwarding getElementTagName on session a78320ae0b1b51b50cd8840fdd78bf35 to remote] DEBUG org.asynchttpclient.netty.request.NettyRequestSender - Using pooled Channel '[id: 0x908eb141, L:/127.0.0.1:57232 - R:localhost/127.0.0.1:49822]' for 'GET' to 'http://localhost:49822/session/a78320ae0b1b51b50cd8840fdd78bf35/element/26e29fa2-d5d7-4984-ab8b-a3d039b66a55/name'
17:40:57.081 [Forwarding getElementTagName on session a78320ae0b1b51b50cd8840fdd78bf35 to remote] DEBUG org.asynchttpclient.netty.request.NettyRequestSender - Using open Channel [id: 0x908eb141, L:/127.0.0.1:57232 - R:localhost/127.0.0.1:49822] for GET '/session/a78320ae0b1b51b50cd8840fdd78bf35/element/26e29fa2-d5d7-4984-ab8b-a3d039b66a55/name'
17:40:57.085 [AsyncHttpClient-1-3] DEBUG org.asynchttpclient.netty.handler.HttpHandler - 

Request DefaultFullHttpRequest(decodeResult: success, version: HTTP/1.1, content: EmptyByteBufBE)
GET /session/a78320ae0b1b51b50cd8840fdd78bf35/element/26e29fa2-d5d7-4984-ab8b-a3d039b66a55/name HTTP/1.1
User-Agent: selenium/4.1.2 (java windows)
Cache-Control: no-cache
Content-Type: application/json; charset=utf-8
host: localhost:49822
accept: */*

Response DefaultHttpResponse(decodeResult: success, version: HTTP/1.1)
HTTP/1.1 200 OK
Content-Type: application/json; charset=utf-8
cache-control: no-cache
content-length: 18

17:40:57.085 [AsyncHttpClient-1-3] DEBUG org.asynchttpclient.netty.channel.ChannelManager - Adding key: http://localhost:49822 for channel [id: 0x908eb141, L:/127.0.0.1:57232 - R:localhost/127.0.0.1:49822]
17:40:57.088 [Forwarding isElementEnabled on session a78320ae0b1b51b50cd8840fdd78bf35 to remote] DEBUG org.asynchttpclient.netty.request.NettyRequestSender - Using pooled Channel '[id: 0x908eb141, L:/127.0.0.1:57232 - R:localhost/127.0.0.1:49822]' for 'GET' to 'http://localhost:49822/session/a78320ae0b1b51b50cd8840fdd78bf35/element/26e29fa2-d5d7-4984-ab8b-a3d039b66a55/enabled'
17:40:57.088 [Forwarding isElementEnabled on session a78320ae0b1b51b50cd8840fdd78bf35 to remote] DEBUG org.asynchttpclient.netty.request.NettyRequestSender - Using open Channel [id: 0x908eb141, L:/127.0.0.1:57232 - R:localhost/127.0.0.1:49822] for GET '/session/a78320ae0b1b51b50cd8840fdd78bf35/element/26e29fa2-d5d7-4984-ab8b-a3d039b66a55/enabled'
17:40:57.097 [AsyncHttpClient-1-3] DEBUG org.asynchttpclient.netty.handler.HttpHandler - 

Request DefaultFullHttpRequest(decodeResult: success, version: HTTP/1.1, content: EmptyByteBufBE)
GET /session/a78320ae0b1b51b50cd8840fdd78bf35/element/26e29fa2-d5d7-4984-ab8b-a3d039b66a55/enabled HTTP/1.1
User-Agent: selenium/4.1.2 (java windows)
Cache-Control: no-cache
Content-Type: application/json; charset=utf-8
host: localhost:49822
accept: */*

Response DefaultHttpResponse(decodeResult: success, version: HTTP/1.1)
HTTP/1.1 200 OK
Content-Type: application/json; charset=utf-8
cache-control: no-cache
content-length: 14

17:40:57.097 [AsyncHttpClient-1-3] DEBUG org.asynchttpclient.netty.channel.ChannelManager - Adding key: http://localhost:49822 for channel [id: 0x908eb141, L:/127.0.0.1:57232 - R:localhost/127.0.0.1:49822]
17:40:57.099 [Forwarding isElementEnabled on session a78320ae0b1b51b50cd8840fdd78bf35 to remote] DEBUG org.asynchttpclient.netty.request.NettyRequestSender - Using pooled Channel '[id: 0x908eb141, L:/127.0.0.1:57232 - R:localhost/127.0.0.1:49822]' for 'GET' to 'http://localhost:49822/session/a78320ae0b1b51b50cd8840fdd78bf35/element/26e29fa2-d5d7-4984-ab8b-a3d039b66a55/enabled'
17:40:57.099 [Forwarding isElementEnabled on session a78320ae0b1b51b50cd8840fdd78bf35 to remote] DEBUG org.asynchttpclient.netty.request.NettyRequestSender - Using open Channel [id: 0x908eb141, L:/127.0.0.1:57232 - R:localhost/127.0.0.1:49822] for GET '/session/a78320ae0b1b51b50cd8840fdd78bf35/element/26e29fa2-d5d7-4984-ab8b-a3d039b66a55/enabled'
17:40:57.102 [AsyncHttpClient-1-1] DEBUG org.asynchttpclient.netty.channel.DefaultChannelPool - Entry count for : http://localhost:57235 : 1
17:40:57.106 [AsyncHttpClient-1-3] DEBUG org.asynchttpclient.netty.handler.HttpHandler - 

Request DefaultFullHttpRequest(decodeResult: success, version: HTTP/1.1, content: EmptyByteBufBE)
GET /session/a78320ae0b1b51b50cd8840fdd78bf35/element/26e29fa2-d5d7-4984-ab8b-a3d039b66a55/enabled HTTP/1.1
User-Agent: selenium/4.1.2 (java windows)
Cache-Control: no-cache
Content-Type: application/json; charset=utf-8
host: localhost:49822
accept: */*

Response DefaultHttpResponse(decodeResult: success, version: HTTP/1.1)
HTTP/1.1 200 OK
Content-Type: application/json; charset=utf-8
cache-control: no-cache
content-length: 14

17:40:57.106 [AsyncHttpClient-1-3] DEBUG org.asynchttpclient.netty.channel.ChannelManager - Adding key: http://localhost:49822 for channel [id: 0x908eb141, L:/127.0.0.1:57232 - R:localhost/127.0.0.1:49822]
17:40:57.108 [Forwarding findElement on session a78320ae0b1b51b50cd8840fdd78bf35 to remote] DEBUG org.asynchttpclient.netty.request.NettyRequestSender - Using pooled Channel '[id: 0x908eb141, L:/127.0.0.1:57232 - R:localhost/127.0.0.1:49822]' for 'POST' to 'http://localhost:49822/session/a78320ae0b1b51b50cd8840fdd78bf35/element'
17:40:57.108 [Forwarding findElement on session a78320ae0b1b51b50cd8840fdd78bf35 to remote] DEBUG org.asynchttpclient.netty.request.NettyRequestSender - Using open Channel [id: 0x908eb141, L:/127.0.0.1:57232 - R:localhost/127.0.0.1:49822] for POST '/session/a78320ae0b1b51b50cd8840fdd78bf35/element'
17:40:57.117 [AsyncHttpClient-1-3] DEBUG org.asynchttpclient.netty.handler.HttpHandler - 

Request DefaultHttpRequest(decodeResult: success, version: HTTP/1.1)
POST /session/a78320ae0b1b51b50cd8840fdd78bf35/element HTTP/1.1
User-Agent: selenium/4.1.2 (java windows)
Content-Length: 116
Content-Type: application/json; charset=utf-8
host: localhost:49822
accept: */*

Response DefaultHttpResponse(decodeResult: success, version: HTTP/1.1)
HTTP/1.1 200 OK
Content-Type: application/json; charset=utf-8
cache-control: no-cache
content-length: 88

17:40:57.118 [AsyncHttpClient-1-3] DEBUG org.asynchttpclient.netty.channel.ChannelManager - Adding key: http://localhost:49822 for channel [id: 0x908eb141, L:/127.0.0.1:57232 - R:localhost/127.0.0.1:49822]
17:40:57.120 [Forwarding clickElement on session a78320ae0b1b51b50cd8840fdd78bf35 to remote] DEBUG org.asynchttpclient.netty.request.NettyRequestSender - Using pooled Channel '[id: 0x908eb141, L:/127.0.0.1:57232 - R:localhost/127.0.0.1:49822]' for 'POST' to 'http://localhost:49822/session/a78320ae0b1b51b50cd8840fdd78bf35/element/26e29fa2-d5d7-4984-ab8b-a3d039b66a55/click'
17:40:57.120 [Forwarding clickElement on session a78320ae0b1b51b50cd8840fdd78bf35 to remote] DEBUG org.asynchttpclient.netty.request.NettyRequestSender - Using open Channel [id: 0x908eb141, L:/127.0.0.1:57232 - R:localhost/127.0.0.1:49822] for POST '/session/a78320ae0b1b51b50cd8840fdd78bf35/element/26e29fa2-d5d7-4984-ab8b-a3d039b66a55/click'
17:40:57.443 [AsyncHttpClient-1-3] DEBUG org.asynchttpclient.netty.handler.HttpHandler - 

Request DefaultHttpRequest(decodeResult: success, version: HTTP/1.1)
POST /session/a78320ae0b1b51b50cd8840fdd78bf35/element/26e29fa2-d5d7-4984-ab8b-a3d039b66a55/click HTTP/1.1
User-Agent: selenium/4.1.2 (java windows)
Content-Length: 50
Content-Type: application/json; charset=utf-8
host: localhost:49822
accept: */*

Response DefaultHttpResponse(decodeResult: success, version: HTTP/1.1)
HTTP/1.1 200 OK
Content-Type: application/json; charset=utf-8
cache-control: no-cache
content-length: 14

17:40:57.443 [AsyncHttpClient-1-3] DEBUG org.asynchttpclient.netty.channel.ChannelManager - Adding key: http://localhost:49822 for channel [id: 0x908eb141, L:/127.0.0.1:57232 - R:localhost/127.0.0.1:49822]
17:40:57.457 [Forwarding screenshot on session a78320ae0b1b51b50cd8840fdd78bf35 to remote] DEBUG org.asynchttpclient.netty.request.NettyRequestSender - Using pooled Channel '[id: 0x908eb141, L:/127.0.0.1:57232 - R:localhost/127.0.0.1:49822]' for 'GET' to 'http://localhost:49822/session/a78320ae0b1b51b50cd8840fdd78bf35/screenshot'
17:40:57.458 [Forwarding screenshot on session a78320ae0b1b51b50cd8840fdd78bf35 to remote] DEBUG org.asynchttpclient.netty.request.NettyRequestSender - Using open Channel [id: 0x908eb141, L:/127.0.0.1:57232 - R:localhost/127.0.0.1:49822] for GET '/session/a78320ae0b1b51b50cd8840fdd78bf35/screenshot'
17:40:57.612 [AsyncHttpClient-1-3] DEBUG org.asynchttpclient.netty.handler.HttpHandler - 

Request DefaultFullHttpRequest(decodeResult: success, version: HTTP/1.1, content: EmptyByteBufBE)
GET /session/a78320ae0b1b51b50cd8840fdd78bf35/screenshot HTTP/1.1
User-Agent: selenium/4.1.2 (java windows)
Cache-Control: no-cache
Content-Type: application/json; charset=utf-8
host: localhost:49822
accept: */*

Response DefaultHttpResponse(decodeResult: success, version: HTTP/1.1)
HTTP/1.1 200 OK
Content-Type: application/json; charset=utf-8
cache-control: no-cache
content-length: 85240

17:40:57.613 [AsyncHttpClient-1-3] DEBUG org.asynchttpclient.netty.channel.ChannelManager - Adding key: http://localhost:49822 for channel [id: 0x908eb141, L:/127.0.0.1:57232 - R:localhost/127.0.0.1:49822]
17:40:57.619 [main] DEBUG net.serenitybdd.core.photography.Darkroom - Send negative for processing for target\site\serenity\84f30da5c3dd7c178e2b7fcab27285da648f110d0967c4703f5eb9f42e5da7bf.png
17:40:57.619 [main] DEBUG net.thucydides.core.steps.StepInterceptor - STEP DONE: clickEditSubmitButton
  &amp#27;[32mAnd &amp#27;[0m&amp#27;[32mI edit Appointment data and click submit&amp#27;[0m      &amp#27;[90m# starter.stepdefinitions.AppointmentSteps.iEditAppointmentDataAndClickSubmit()&amp#27;[0m
17:40:57.619 [Darkroom Processing Line] DEBUG net.serenitybdd.core.photography.DarkroomProcessingLine - Processing screenshot image in /var/screenshots/screenshot-10251804285490684758
17:40:57.619 [Darkroom Processing Line] DEBUG net.serenitybdd.core.photography.DarkroomProcessingLine - Saving screenshot to target\site\serenity\84f30da5c3dd7c178e2b7fcab27285da648f110d0967c4703f5eb9f42e5da7bf.png
17:40:57.654 [main] DEBUG net.thucydides.core.steps.StepInterceptor - STARTING STEP: AppointmentSteps.iGetEditAppointmentHasBeenAddedResult - editAppointmentAdded
17:40:57.656 [Forwarding findElement on session a78320ae0b1b51b50cd8840fdd78bf35 to remote] DEBUG org.asynchttpclient.netty.request.NettyRequestSender - Using pooled Channel '[id: 0x908eb141, L:/127.0.0.1:57232 - R:localhost/127.0.0.1:49822]' for 'POST' to 'http://localhost:49822/session/a78320ae0b1b51b50cd8840fdd78bf35/element'
17:40:57.656 [Forwarding findElement on session a78320ae0b1b51b50cd8840fdd78bf35 to remote] DEBUG org.asynchttpclient.netty.request.NettyRequestSender - Using open Channel [id: 0x908eb141, L:/127.0.0.1:57232 - R:localhost/127.0.0.1:49822] for POST '/session/a78320ae0b1b51b50cd8840fdd78bf35/element'
17:40:58.201 [AsyncHttpClient-1-1] DEBUG org.asynchttpclient.netty.channel.DefaultChannelPool - Entry count for : http://localhost:57235 : 1
17:40:58.354 [AsyncHttpClient-1-3] DEBUG org.asynchttpclient.netty.handler.HttpHandler - 

Request DefaultHttpRequest(decodeResult: success, version: HTTP/1.1)
POST /session/a78320ae0b1b51b50cd8840fdd78bf35/element HTTP/1.1
User-Agent: selenium/4.1.2 (java windows)
Content-Length: 74
Content-Type: application/json; charset=utf-8
host: localhost:49822
accept: */*

Response DefaultHttpResponse(decodeResult: success, version: HTTP/1.1)
HTTP/1.1 200 OK
Content-Type: application/json; charset=utf-8
cache-control: no-cache
content-length: 88

17:40:58.355 [AsyncHttpClient-1-3] DEBUG org.asynchttpclient.netty.channel.ChannelManager - Adding key: http://localhost:49822 for channel [id: 0x908eb141, L:/127.0.0.1:57232 - R:localhost/127.0.0.1:49822]
17:40:58.368 [Forwarding isElementDisplayed on session a78320ae0b1b51b50cd8840fdd78bf35 to remote] DEBUG org.asynchttpclient.netty.request.NettyRequestSender - Using pooled Channel '[id: 0x908eb141, L:/127.0.0.1:57232 - R:localhost/127.0.0.1:49822]' for 'POST' to 'http://localhost:49822/session/a78320ae0b1b51b50cd8840fdd78bf35/execute/sync'
17:40:58.368 [Forwarding isElementDisplayed on session a78320ae0b1b51b50cd8840fdd78bf35 to remote] DEBUG org.asynchttpclient.netty.request.NettyRequestSender - Using open Channel [id: 0x908eb141, L:/127.0.0.1:57232 - R:localhost/127.0.0.1:49822] for POST '/session/a78320ae0b1b51b50cd8840fdd78bf35/execute/sync'
17:40:58.406 [AsyncHttpClient-1-3] DEBUG org.asynchttpclient.netty.handler.HttpHandler - 

Request DefaultHttpRequest(decodeResult: success, version: HTTP/1.1)
POST /session/a78320ae0b1b51b50cd8840fdd78bf35/execute/sync HTTP/1.1
User-Agent: selenium/4.1.2 (java windows)
Content-Length: 48780
Content-Type: application/json; charset=utf-8
host: localhost:49822
accept: */*

Response DefaultHttpResponse(decodeResult: success, version: HTTP/1.1)
HTTP/1.1 200 OK
Content-Type: application/json; charset=utf-8
cache-control: no-cache
content-length: 14

17:40:58.406 [AsyncHttpClient-1-3] DEBUG org.asynchttpclient.netty.channel.ChannelManager - Adding key: http://localhost:49822 for channel [id: 0x908eb141, L:/127.0.0.1:57232 - R:localhost/127.0.0.1:49822]
17:40:58.423 [Forwarding screenshot on session a78320ae0b1b51b50cd8840fdd78bf35 to remote] DEBUG org.asynchttpclient.netty.request.NettyRequestSender - Using pooled Channel '[id: 0x908eb141, L:/127.0.0.1:57232 - R:localhost/127.0.0.1:49822]' for 'GET' to 'http://localhost:49822/session/a78320ae0b1b51b50cd8840fdd78bf35/screenshot'
17:40:58.423 [Forwarding screenshot on session a78320ae0b1b51b50cd8840fdd78bf35 to remote] DEBUG org.asynchttpclient.netty.request.NettyRequestSender - Using open Channel [id: 0x908eb141, L:/127.0.0.1:57232 - R:localhost/127.0.0.1:49822] for GET '/session/a78320ae0b1b51b50cd8840fdd78bf35/screenshot'
17:40:58.612 [AsyncHttpClient-1-3] DEBUG org.asynchttpclient.netty.handler.HttpHandler - 

Request DefaultFullHttpRequest(decodeResult: success, version: HTTP/1.1, content: EmptyByteBufBE)
GET /session/a78320ae0b1b51b50cd8840fdd78bf35/screenshot HTTP/1.1
User-Agent: selenium/4.1.2 (java windows)
Cache-Control: no-cache
Content-Type: application/json; charset=utf-8
host: localhost:49822
accept: */*

Response DefaultHttpResponse(decodeResult: success, version: HTTP/1.1)
HTTP/1.1 200 OK
Content-Type: application/json; charset=utf-8
cache-control: no-cache
content-length: 106192

17:40:58.613 [AsyncHttpClient-1-3] DEBUG org.asynchttpclient.netty.channel.ChannelManager - Adding key: http://localhost:49822 for channel [id: 0x908eb141, L:/127.0.0.1:57232 - R:localhost/127.0.0.1:49822]
17:40:58.623 [main] DEBUG net.serenitybdd.core.photography.Darkroom - Send negative for processing for target\site\serenity\498815e07db309195499106d21df9474ef4795615dedfd53de5500a0757e1332.png
17:40:58.623 [main] DEBUG net.thucydides.core.steps.StepInterceptor - STEP DONE: editAppointmentAdded
  &amp#27;[32mThen &amp#27;[0m&amp#27;[32mI get Edit Appointment has been added result&amp#27;[0m &amp#27;[90m# starter.stepdefinitions.AppointmentSteps.iGetEditAppointmentHasBeenAddedResult()&amp#27;[0m
17:40:58.625 [Darkroom Processing Line] DEBUG net.serenitybdd.core.photography.DarkroomProcessingLine - Processing screenshot image in /var/screenshots/screenshot-16533073856425623963
17:40:58.625 [Darkroom Processing Line] DEBUG net.serenitybdd.core.photography.DarkroomProcessingLine - Saving screenshot to target\site\serenity\498815e07db309195499106d21df9474ef4795615dedfd53de5500a0757e1332.png
17:40:58.635 [main] INFO  - 
  _____   ___   ___   _____     ___     _     ___   ___   ___   ___  
 |_   _| | __| / __| |_   _|   | _ \   /_\   / __| / __| | __| |   \ 
   | |   | _|  \__ \   | |     |  _/  / _ \  \__ \ \__ \ | _|  | |) |
   |_|   |___| |___/   |_|     |_|   /_/ \_\ |___/ |___/ |___| |___/ 

Edit Existing Appointment Data Scenario
----------------------------------------------------------------------
17:40:58.637 [AsyncHttpClient-1-5] DEBUG org.asynchttpclient.netty.handler.WebSocketHandler - Channel Closed: [id: 0x70361350, L:/127.0.0.1:57241 ! R:localhost/127.0.0.1:57235] with attribute NettyResponseFuture{currentRetry=5,
	isDone=1,
	isCancelled=0,
	asyncHandler=org.asynchttpclient.ws.WebSocketUpgradeHandler@5e6f0658,
	nettyRequest=org.asynchttpclient.netty.request.NettyRequest@4b9835ed,
	future=java.util.concurrent.CompletableFuture@4ce7c71b[Completed normally],
	uri=ws://localhost:57235/devtools/browser/98e87fb7-4ddb-4afb-aacf-1252d0ad2353,
	keepAlive=true,
	redirectCount=0,
	timeoutsHolder=null,
	inAuth=0,
	touch=1655548844127}
17:40:58.638 [AsyncHttpClient-1-5] DEBUG org.asynchttpclient.netty.channel.ChannelManager - Closing Channel [id: 0x70361350, L:/127.0.0.1:57241 ! R:localhost/127.0.0.1:57235] 
17:40:58.638 [Driver Command Executor] DEBUG org.asynchttpclient.netty.request.NettyRequestSender - Using pooled Channel '[id: 0x908eb141, L:/127.0.0.1:57232 - R:localhost/127.0.0.1:49822]' for 'DELETE' to 'http://localhost:49822/session/a78320ae0b1b51b50cd8840fdd78bf35'
17:40:58.638 [Driver Command Executor] DEBUG org.asynchttpclient.netty.request.NettyRequestSender - Using open Channel [id: 0x908eb141, L:/127.0.0.1:57232 - R:localhost/127.0.0.1:49822] for DELETE '/session/a78320ae0b1b51b50cd8840fdd78bf35'
17:40:58.662 [AsyncHttpClient-1-4] DEBUG org.asynchttpclient.netty.handler.HttpHandler - Unexpected I/O exception on channel [id: 0x70fea5ae, L:/127.0.0.1:57240 - R:localhost/127.0.0.1:57235]
java.net.SocketException: Connection reset
	at java.base/sun.nio.ch.SocketChannelImpl.throwConnectionReset(SocketChannelImpl.java:367)
	at java.base/sun.nio.ch.SocketChannelImpl.read(SocketChannelImpl.java:398)
	at io.netty.buffer.PooledByteBuf.setBytes(PooledByteBuf.java:258)
	at io.netty.buffer.AbstractByteBuf.writeBytes(AbstractByteBuf.java:1132)
	at io.netty.channel.socket.nio.NioSocketChannel.doReadBytes(NioSocketChannel.java:350)
	at io.netty.channel.nio.AbstractNioByteChannel$NioByteUnsafe.read(AbstractNioByteChannel.java:151)
	at io.netty.channel.nio.NioEventLoop.processSelectedKey(NioEventLoop.java:722)
	at io.netty.channel.nio.NioEventLoop.processSelectedKeysOptimized(NioEventLoop.java:658)
	at io.netty.channel.nio.NioEventLoop.processSelectedKeys(NioEventLoop.java:584)
	at io.netty.channel.nio.NioEventLoop.run(NioEventLoop.java:496)
	at io.netty.util.concurrent.SingleThreadEventExecutor$4.run(SingleThreadEventExecutor.java:986)
	at io.netty.util.internal.ThreadExecutorMap$2.run(ThreadExecutorMap.java:74)
	at io.netty.util.concurrent.FastThreadLocalRunnable.run(FastThreadLocalRunnable.java:30)
	at java.base/java.lang.Thread.run(Thread.java:832)
17:40:58.662 [AsyncHttpClient-1-4] DEBUG org.asynchttpclient.netty.channel.ChannelManager - Closing Channel [id: 0x70fea5ae, L:/127.0.0.1:57240 - R:localhost/127.0.0.1:57235] 
17:40:58.662 [AsyncHttpClient-1-4] DEBUG org.asynchttpclient.netty.handler.HttpHandler - Channel Closed: [id: 0x70fea5ae, L:/127.0.0.1:57240 ! R:localhost/127.0.0.1:57235] with attribute DISCARD
17:40:58.694 [AsyncHttpClient-1-3] DEBUG org.asynchttpclient.netty.handler.HttpHandler - 

Request DefaultFullHttpRequest(decodeResult: success, version: HTTP/1.1, content: EmptyByteBufBE)
DELETE /session/a78320ae0b1b51b50cd8840fdd78bf35 HTTP/1.1
User-Agent: selenium/4.1.2 (java windows)
Content-Type: application/json; charset=utf-8
host: localhost:49822
accept: */*

Response DefaultHttpResponse(decodeResult: success, version: HTTP/1.1)
HTTP/1.1 200 OK
Content-Type: application/json; charset=utf-8
cache-control: no-cache
content-length: 14

17:40:58.695 [AsyncHttpClient-1-3] DEBUG org.asynchttpclient.netty.channel.ChannelManager - Adding key: http://localhost:49822 for channel [id: 0x908eb141, L:/127.0.0.1:57232 - R:localhost/127.0.0.1:49822]
17:40:58.842 [AsyncHttpClient-1-3] DEBUG org.asynchttpclient.netty.handler.HttpHandler - Channel Closed: [id: 0x908eb141, L:/127.0.0.1:57232 ! R:localhost/127.0.0.1:49822] with attribute DISCARD
17:40:59.302 [AsyncHttpClient-1-1] DEBUG org.asynchttpclient.netty.channel.DefaultChannelPool - Entry count for : http://localhost:57235 : 1
17:40:59.302 [AsyncHttpClient-1-1] DEBUG org.asynchttpclient.netty.channel.DefaultChannelPool - Entry count for : http://localhost:49822 : 1
17:40:59.302 [AsyncHttpClient-1-1] DEBUG org.asynchttpclient.netty.channel.DefaultChannelPool - Adding Candidate expired Channel [id: 0x70fea5ae, L:/127.0.0.1:57240 ! R:localhost/127.0.0.1:57235] isIdleTimeoutExpired=false isRemotelyClosed=true isTtlExpired=false
17:40:59.302 [AsyncHttpClient-1-1] DEBUG org.asynchttpclient.netty.channel.DefaultChannelPool - Closing Idle Channel [id: 0x70fea5ae, L:/127.0.0.1:57240 ! R:localhost/127.0.0.1:57235]
17:40:59.302 [AsyncHttpClient-1-1] DEBUG org.asynchttpclient.netty.channel.DefaultChannelPool - Adding Candidate expired Channel [id: 0x908eb141, L:/127.0.0.1:57232 ! R:localhost/127.0.0.1:49822] isIdleTimeoutExpired=false isRemotelyClosed=true isTtlExpired=false
17:40:59.302 [AsyncHttpClient-1-1] DEBUG org.asynchttpclient.netty.channel.DefaultChannelPool - Closing Idle Channel [id: 0x908eb141, L:/127.0.0.1:57232 ! R:localhost/127.0.0.1:49822]
17:40:59.302 [AsyncHttpClient-1-1] DEBUG org.asynchttpclient.netty.channel.DefaultChannelPool - Closed 2 connections out of 2 in 0 ms
]]></system-out>
    <system-err><![CDATA[Starting ChromeDriver 102.0.5005.61 (0e59bcc00cc4985ce39ad31c150065f159d95ad3-refs/branch-heads/5005@{#819}) on port 49822
Only local connections are allowed.
Please see https://chromedriver.chromium.org/security-considerations for suggestions on keeping ChromeDriver safe.
ChromeDriver was started successfully.
Jun 18, 2022 5:40:44 PM org.openqa.selenium.remote.ProtocolHandshake createSession
INFO: Detected dialect: W3C
Jun 18, 2022 5:40:44 PM org.openqa.selenium.devtools.CdpVersionFinder findNearestMatch
WARNING: Unable to find an exact match for CDP version 102, so returning the closest version found: a no-op implementation
Jun 18, 2022 5:40:44 PM org.openqa.selenium.devtools.CdpVersionFinder findNearestMatch
INFO: Unable to find CDP implementation matching 102.
Jun 18, 2022 5:40:44 PM org.openqa.selenium.chromium.ChromiumDriver lambda$new$3
WARNING: Unable to find version of CDP to use for . You may need to include a dependency on a specific version of the CDP using something similar to `org.seleniumhq.selenium:selenium-devtools-v86:4.1.2` where the version ("v86") matches the version of the chromium-based browser you're using and the version number of the artifact is the same as Selenium's.
]]></system-err>
  </testcase>
  <testcase name="Cancel Edit Existing Appointment Data Scenario" classname="Appointment" time="11.716">
    <system-out><![CDATA[
@Appointment
Scenario: Cancel Edit Existing Appointment Data Scenario &amp#27;[90m# src/test/resources/features/1.Appointment.feature:41&amp#27;[0m
17:40:59.413 [main] INFO io.cucumber.core.plugin.SerenityReporter - Running feature from file:///E:/My%20Documents/File%20Difa/TI%20Semester%206%20Kampus%20Merdeka%20Alterra/Tugas/CAPSTONE%20Project/Capstone-Project-Website/src/test/resources/features/1.Appointment.feature
17:40:59.415 [main] INFO  - 
  _____   ___   ___   _____     ___   _____     _     ___   _____   ___   ___  
 |_   _| | __| / __| |_   _|   / __| |_   _|   /_\   | _ \ |_   _| | __| |   \ 
   | |   | _|  \__ \   | |     \__ \   | |    / _ \  |   /   | |   | _|  | |) |
   |_|   |___| |___/   |_|     |___/   |_|   /_/ \_\ |_|_\   |_|   |___| |___/ 

Cancel Edit Existing Appointment Data Scenario(appointment;cancel-edit-existing-appointment-data-scenario)
--------------------------------------------------------------------------------
17:40:59.429 [main] DEBUG net.thucydides.core.steps.StepInterceptor - STARTING STEP: DashboardSteps.iAmOnTheDashboardPage - openUrl
17:40:59.433 [main] INFO net.serenitybdd.core.webdriver.driverproviders.ChromeDriverProvider - Using automatically driver download
17:40:59.617 [main] DEBUG io.github.bonigarcia.wdm.cache.ResolutionCache - Resolution chrome=102 in cache (valid until 18:14:23 18/06/2022 ICT)
17:40:59.621 [main] DEBUG io.github.bonigarcia.wdm.cache.ResolutionCache - Resolution chrome102=102.0.5005.61 in cache (valid until 17:29:52 19/06/2022 ICT)
17:40:59.622 [main] INFO io.github.bonigarcia.wdm.WebDriverManager - Using chromedriver 102.0.5005.61 (resolved driver for Chrome 102)
17:40:59.632 [main] DEBUG io.github.bonigarcia.wdm.WebDriverManager - Driver chromedriver 102.0.5005.61 found in cache
17:40:59.633 [main] INFO io.github.bonigarcia.wdm.WebDriverManager - Exporting webdriver.chrome.driver as C:\Users\USER\.cache\selenium\chromedriver\win32\102.0.5005.61\chromedriver.exe
17:41:00.122 [main] DEBUG net.serenitybdd.core.webdriver.driverproviders.ProvideNewDriver - Instantiating driver
17:41:00.122 [main] DEBUG net.serenitybdd.core.webdriver.driverproviders.ProvideNewDriver - Driver capabilities: Capabilities {acceptInsecureCerts: false, base.url: https://hospital-management..., browserName: chrome, chrome.driver: src/test/resources/webdrive..., driver: chrome, goog:chromeOptions: {args: [], extensions: []}}
17:41:00.695 [AsyncHttpClient-1-6] DEBUG org.asynchttpclient.netty.channel.NettyConnectListener - Using new Channel '[id: 0x9814e6b2, L:/127.0.0.1:57272 - R:localhost/127.0.0.1:49494]' for 'POST' to '/session'
17:41:02.918 [AsyncHttpClient-1-6] DEBUG org.asynchttpclient.netty.handler.HttpHandler - 

Request DefaultHttpRequest(decodeResult: success, version: HTTP/1.1)
POST /session HTTP/1.1
User-Agent: selenium/4.1.2 (java windows)
Content-Length: 621
Content-Type: application/json; charset=utf-8
host: localhost:49494
accept: */*

Response DefaultHttpResponse(decodeResult: success, version: HTTP/1.1)
HTTP/1.1 200 OK
Content-Type: application/json; charset=utf-8
cache-control: no-cache
content-length: 788

17:41:02.918 [AsyncHttpClient-1-6] DEBUG org.asynchttpclient.netty.channel.ChannelManager - Adding key: http://localhost:49494 for channel [id: 0x9814e6b2, L:/127.0.0.1:57272 - R:localhost/127.0.0.1:49494]
17:41:02.937 [AsyncHttpClient-1-7] DEBUG org.asynchttpclient.netty.channel.NettyConnectListener - Using new Channel '[id: 0x9f49dea4, L:/127.0.0.1:57279 - R:localhost/127.0.0.1:57274]' for 'GET' to '/json/version'
17:41:02.938 [AsyncHttpClient-1-7] DEBUG org.asynchttpclient.netty.handler.HttpHandler - 

Request DefaultFullHttpRequest(decodeResult: success, version: HTTP/1.1, content: EmptyByteBufBE)
GET /json/version HTTP/1.1
User-Agent: selenium/4.1.2 (java windows)
host: localhost:57274
accept: */*

Response DefaultHttpResponse(decodeResult: success, version: HTTP/1.1)
HTTP/1.1 200 OK
Content-Type: application/json; charset=UTF-8
content-length: 427

17:41:02.939 [AsyncHttpClient-1-7] DEBUG org.asynchttpclient.netty.channel.ChannelManager - Adding key: http://localhost:57274 for channel [id: 0x9f49dea4, L:/127.0.0.1:57279 - R:localhost/127.0.0.1:57274]
17:41:02.943 [AsyncHttpClient-1-8] DEBUG org.asynchttpclient.netty.channel.NettyConnectListener - Using new Channel '[id: 0x6b948501, L:/127.0.0.1:57280 - R:localhost/127.0.0.1:57274]' for 'GET' to '/devtools/browser/4a5fca3f-6d72-4a6c-854b-3a7c1715d6fd'
17:41:02.945 [AsyncHttpClient-1-8] DEBUG org.asynchttpclient.netty.handler.WebSocketHandler - 

Request DefaultFullHttpRequest(decodeResult: success, version: HTTP/1.1, content: EmptyByteBufBE)
GET /devtools/browser/4a5fca3f-6d72-4a6c-854b-3a7c1715d6fd HTTP/1.1
upgrade: websocket
connection: upgrade
sec-websocket-key: IqAb9nP7o3NHU3dcCTeWGQ==
sec-websocket-version: 13
origin: http://localhost:57274
host: localhost:57274
accept: */*
user-agent: AHC/2.1

Response DefaultHttpResponse(decodeResult: success, version: HTTP/1.1)
HTTP/1.1 101 WebSocket Protocol Handshake
Upgrade: WebSocket
Connection: Upgrade
Sec-WebSocket-Accept: FQxWwUlCFhRRoTICwhCyGE45Lt4=

17:41:02.958 [Forwarding maximizeCurrentWindow on session d067ac685ba95385139103f6c75e583b to remote] DEBUG org.asynchttpclient.netty.request.NettyRequestSender - Using pooled Channel '[id: 0x9814e6b2, L:/127.0.0.1:57272 - R:localhost/127.0.0.1:49494]' for 'POST' to 'http://localhost:49494/session/d067ac685ba95385139103f6c75e583b/window/maximize'
17:41:02.958 [Forwarding maximizeCurrentWindow on session d067ac685ba95385139103f6c75e583b to remote] DEBUG org.asynchttpclient.netty.request.NettyRequestSender - Using open Channel [id: 0x9814e6b2, L:/127.0.0.1:57272 - R:localhost/127.0.0.1:49494] for POST '/session/d067ac685ba95385139103f6c75e583b/window/maximize'
17:41:03.092 [AsyncHttpClient-1-6] DEBUG org.asynchttpclient.netty.handler.HttpHandler - 

Request DefaultHttpRequest(decodeResult: success, version: HTTP/1.1)
POST /session/d067ac685ba95385139103f6c75e583b/window/maximize HTTP/1.1
User-Agent: selenium/4.1.2 (java windows)
Content-Length: 3
Content-Type: application/json; charset=utf-8
host: localhost:49494
accept: */*

Response DefaultHttpResponse(decodeResult: success, version: HTTP/1.1)
HTTP/1.1 200 OK
Content-Type: application/json; charset=utf-8
cache-control: no-cache
content-length: 51

17:41:03.093 [AsyncHttpClient-1-6] DEBUG org.asynchttpclient.netty.channel.ChannelManager - Adding key: http://localhost:49494 for channel [id: 0x9814e6b2, L:/127.0.0.1:57272 - R:localhost/127.0.0.1:49494]
17:41:03.098 [Forwarding get on session d067ac685ba95385139103f6c75e583b to remote] DEBUG org.asynchttpclient.netty.request.NettyRequestSender - Using pooled Channel '[id: 0x9814e6b2, L:/127.0.0.1:57272 - R:localhost/127.0.0.1:49494]' for 'POST' to 'http://localhost:49494/session/d067ac685ba95385139103f6c75e583b/url'
17:41:03.098 [Forwarding get on session d067ac685ba95385139103f6c75e583b to remote] DEBUG org.asynchttpclient.netty.request.NettyRequestSender - Using open Channel [id: 0x9814e6b2, L:/127.0.0.1:57272 - R:localhost/127.0.0.1:49494] for POST '/session/d067ac685ba95385139103f6c75e583b/url'
17:41:03.705 [AsyncHttpClient-1-1] DEBUG org.asynchttpclient.netty.channel.DefaultChannelPool - Entry count for : http://localhost:57274 : 1
17:41:04.800 [AsyncHttpClient-1-1] DEBUG org.asynchttpclient.netty.channel.DefaultChannelPool - Entry count for : http://localhost:57274 : 1
17:41:05.901 [AsyncHttpClient-1-1] DEBUG org.asynchttpclient.netty.channel.DefaultChannelPool - Entry count for : http://localhost:57274 : 1
17:41:06.537 [AsyncHttpClient-1-6] DEBUG org.asynchttpclient.netty.handler.HttpHandler - 

Request DefaultHttpRequest(decodeResult: success, version: HTTP/1.1)
POST /session/d067ac685ba95385139103f6c75e583b/url HTTP/1.1
User-Agent: selenium/4.1.2 (java windows)
Content-Length: 65
Content-Type: application/json; charset=utf-8
host: localhost:49494
accept: */*

Response DefaultHttpResponse(decodeResult: success, version: HTTP/1.1)
HTTP/1.1 200 OK
Content-Type: application/json; charset=utf-8
cache-control: no-cache
content-length: 14

17:41:06.537 [AsyncHttpClient-1-6] DEBUG org.asynchttpclient.netty.channel.ChannelManager - Adding key: http://localhost:49494 for channel [id: 0x9814e6b2, L:/127.0.0.1:57272 - R:localhost/127.0.0.1:49494]
17:41:06.542 [Forwarding setTimeout on session d067ac685ba95385139103f6c75e583b to remote] DEBUG org.asynchttpclient.netty.request.NettyRequestSender - Using pooled Channel '[id: 0x9814e6b2, L:/127.0.0.1:57272 - R:localhost/127.0.0.1:49494]' for 'POST' to 'http://localhost:49494/session/d067ac685ba95385139103f6c75e583b/timeouts'
17:41:06.542 [Forwarding setTimeout on session d067ac685ba95385139103f6c75e583b to remote] DEBUG org.asynchttpclient.netty.request.NettyRequestSender - Using open Channel [id: 0x9814e6b2, L:/127.0.0.1:57272 - R:localhost/127.0.0.1:49494] for POST '/session/d067ac685ba95385139103f6c75e583b/timeouts'
17:41:06.543 [AsyncHttpClient-1-6] DEBUG org.asynchttpclient.netty.handler.HttpHandler - 

Request DefaultHttpRequest(decodeResult: success, version: HTTP/1.1)
POST /session/d067ac685ba95385139103f6c75e583b/timeouts HTTP/1.1
User-Agent: selenium/4.1.2 (java windows)
Content-Length: 22
Content-Type: application/json; charset=utf-8
host: localhost:49494
accept: */*

Response DefaultHttpResponse(decodeResult: success, version: HTTP/1.1)
HTTP/1.1 200 OK
Content-Type: application/json; charset=utf-8
cache-control: no-cache
content-length: 14

17:41:06.544 [AsyncHttpClient-1-6] DEBUG org.asynchttpclient.netty.channel.ChannelManager - Adding key: http://localhost:49494 for channel [id: 0x9814e6b2, L:/127.0.0.1:57272 - R:localhost/127.0.0.1:49494]
17:41:06.596 [Forwarding getCurrentUrl on session d067ac685ba95385139103f6c75e583b to remote] DEBUG org.asynchttpclient.netty.request.NettyRequestSender - Using pooled Channel '[id: 0x9814e6b2, L:/127.0.0.1:57272 - R:localhost/127.0.0.1:49494]' for 'GET' to 'http://localhost:49494/session/d067ac685ba95385139103f6c75e583b/url'
17:41:06.596 [Forwarding getCurrentUrl on session d067ac685ba95385139103f6c75e583b to remote] DEBUG org.asynchttpclient.netty.request.NettyRequestSender - Using open Channel [id: 0x9814e6b2, L:/127.0.0.1:57272 - R:localhost/127.0.0.1:49494] for GET '/session/d067ac685ba95385139103f6c75e583b/url'
17:41:06.732 [AsyncHttpClient-1-6] DEBUG org.asynchttpclient.netty.handler.HttpHandler - 

Request DefaultFullHttpRequest(decodeResult: success, version: HTTP/1.1, content: EmptyByteBufBE)
GET /session/d067ac685ba95385139103f6c75e583b/url HTTP/1.1
User-Agent: selenium/4.1.2 (java windows)
Cache-Control: no-cache
Content-Type: application/json; charset=utf-8
host: localhost:49494
accept: */*

Response DefaultHttpResponse(decodeResult: success, version: HTTP/1.1)
HTTP/1.1 200 OK
Content-Type: application/json; charset=utf-8
cache-control: no-cache
content-length: 53

17:41:06.733 [AsyncHttpClient-1-6] DEBUG org.asynchttpclient.netty.channel.ChannelManager - Adding key: http://localhost:49494 for channel [id: 0x9814e6b2, L:/127.0.0.1:57272 - R:localhost/127.0.0.1:49494]
17:41:06.741 [Forwarding getCurrentUrl on session d067ac685ba95385139103f6c75e583b to remote] DEBUG org.asynchttpclient.netty.request.NettyRequestSender - Using pooled Channel '[id: 0x9814e6b2, L:/127.0.0.1:57272 - R:localhost/127.0.0.1:49494]' for 'GET' to 'http://localhost:49494/session/d067ac685ba95385139103f6c75e583b/url'
17:41:06.741 [Forwarding getCurrentUrl on session d067ac685ba95385139103f6c75e583b to remote] DEBUG org.asynchttpclient.netty.request.NettyRequestSender - Using open Channel [id: 0x9814e6b2, L:/127.0.0.1:57272 - R:localhost/127.0.0.1:49494] for GET '/session/d067ac685ba95385139103f6c75e583b/url'
17:41:06.747 [AsyncHttpClient-1-6] DEBUG org.asynchttpclient.netty.handler.HttpHandler - 

Request DefaultFullHttpRequest(decodeResult: success, version: HTTP/1.1, content: EmptyByteBufBE)
GET /session/d067ac685ba95385139103f6c75e583b/url HTTP/1.1
User-Agent: selenium/4.1.2 (java windows)
Cache-Control: no-cache
Content-Type: application/json; charset=utf-8
host: localhost:49494
accept: */*

Response DefaultHttpResponse(decodeResult: success, version: HTTP/1.1)
HTTP/1.1 200 OK
Content-Type: application/json; charset=utf-8
cache-control: no-cache
content-length: 53

17:41:06.747 [AsyncHttpClient-1-6] DEBUG org.asynchttpclient.netty.channel.ChannelManager - Adding key: http://localhost:49494 for channel [id: 0x9814e6b2, L:/127.0.0.1:57272 - R:localhost/127.0.0.1:49494]
17:41:06.759 [Forwarding screenshot on session d067ac685ba95385139103f6c75e583b to remote] DEBUG org.asynchttpclient.netty.request.NettyRequestSender - Using pooled Channel '[id: 0x9814e6b2, L:/127.0.0.1:57272 - R:localhost/127.0.0.1:49494]' for 'GET' to 'http://localhost:49494/session/d067ac685ba95385139103f6c75e583b/screenshot'
17:41:06.759 [Forwarding screenshot on session d067ac685ba95385139103f6c75e583b to remote] DEBUG org.asynchttpclient.netty.request.NettyRequestSender - Using open Channel [id: 0x9814e6b2, L:/127.0.0.1:57272 - R:localhost/127.0.0.1:49494] for GET '/session/d067ac685ba95385139103f6c75e583b/screenshot'
17:41:07.002 [AsyncHttpClient-1-1] DEBUG org.asynchttpclient.netty.channel.DefaultChannelPool - Entry count for : http://localhost:57274 : 1
17:41:07.075 [AsyncHttpClient-1-6] DEBUG org.asynchttpclient.netty.handler.HttpHandler - 

Request DefaultFullHttpRequest(decodeResult: success, version: HTTP/1.1, content: EmptyByteBufBE)
GET /session/d067ac685ba95385139103f6c75e583b/screenshot HTTP/1.1
User-Agent: selenium/4.1.2 (java windows)
Cache-Control: no-cache
Content-Type: application/json; charset=utf-8
host: localhost:49494
accept: */*

Response DefaultHttpResponse(decodeResult: success, version: HTTP/1.1)
HTTP/1.1 200 OK
Content-Type: application/json; charset=utf-8
cache-control: no-cache
content-length: 329440

17:41:07.079 [AsyncHttpClient-1-6] DEBUG org.asynchttpclient.netty.channel.ChannelManager - Adding key: http://localhost:49494 for channel [id: 0x9814e6b2, L:/127.0.0.1:57272 - R:localhost/127.0.0.1:49494]
17:41:07.100 [main] DEBUG net.serenitybdd.core.photography.Darkroom - Send negative for processing for target\site\serenity\91e947b02e573420789e99b18727d6efcfc452b72bd9679666b6e86875ec462e.png
17:41:07.100 [main] DEBUG net.thucydides.core.steps.StepInterceptor - STEP DONE: openUrl
17:41:07.100 [Darkroom Processing Line] DEBUG net.serenitybdd.core.photography.DarkroomProcessingLine - Processing screenshot image in /var/screenshots/screenshot-17946549616423186764
17:41:07.100 [Darkroom Processing Line] DEBUG net.serenitybdd.core.photography.DarkroomProcessingLine - Saving screenshot to target\site\serenity\91e947b02e573420789e99b18727d6efcfc452b72bd9679666b6e86875ec462e.png
17:41:07.108 [main] DEBUG net.thucydides.core.steps.StepInterceptor - STARTING STEP: DashboardSteps.iAmOnTheDashboardPage - validateOnDashboardPage
17:41:07.111 [Forwarding findElement on session d067ac685ba95385139103f6c75e583b to remote] DEBUG org.asynchttpclient.netty.request.NettyRequestSender - Using pooled Channel '[id: 0x9814e6b2, L:/127.0.0.1:57272 - R:localhost/127.0.0.1:49494]' for 'POST' to 'http://localhost:49494/session/d067ac685ba95385139103f6c75e583b/element'
17:41:07.111 [Forwarding findElement on session d067ac685ba95385139103f6c75e583b to remote] DEBUG org.asynchttpclient.netty.request.NettyRequestSender - Using open Channel [id: 0x9814e6b2, L:/127.0.0.1:57272 - R:localhost/127.0.0.1:49494] for POST '/session/d067ac685ba95385139103f6c75e583b/element'
17:41:07.130 [AsyncHttpClient-1-6] DEBUG org.asynchttpclient.netty.handler.HttpHandler - 

Request DefaultHttpRequest(decodeResult: success, version: HTTP/1.1)
POST /session/d067ac685ba95385139103f6c75e583b/element HTTP/1.1
User-Agent: selenium/4.1.2 (java windows)
Content-Length: 81
Content-Type: application/json; charset=utf-8
host: localhost:49494
accept: */*

Response DefaultHttpResponse(decodeResult: success, version: HTTP/1.1)
HTTP/1.1 200 OK
Content-Type: application/json; charset=utf-8
cache-control: no-cache
content-length: 88

17:41:07.130 [AsyncHttpClient-1-6] DEBUG org.asynchttpclient.netty.channel.ChannelManager - Adding key: http://localhost:49494 for channel [id: 0x9814e6b2, L:/127.0.0.1:57272 - R:localhost/127.0.0.1:49494]
17:41:07.134 [Forwarding isElementDisplayed on session d067ac685ba95385139103f6c75e583b to remote] DEBUG org.asynchttpclient.netty.request.NettyRequestSender - Using pooled Channel '[id: 0x9814e6b2, L:/127.0.0.1:57272 - R:localhost/127.0.0.1:49494]' for 'POST' to 'http://localhost:49494/session/d067ac685ba95385139103f6c75e583b/execute/sync'
17:41:07.134 [Forwarding isElementDisplayed on session d067ac685ba95385139103f6c75e583b to remote] DEBUG org.asynchttpclient.netty.request.NettyRequestSender - Using open Channel [id: 0x9814e6b2, L:/127.0.0.1:57272 - R:localhost/127.0.0.1:49494] for POST '/session/d067ac685ba95385139103f6c75e583b/execute/sync'
17:41:07.160 [AsyncHttpClient-1-6] DEBUG org.asynchttpclient.netty.handler.HttpHandler - 

Request DefaultHttpRequest(decodeResult: success, version: HTTP/1.1)
POST /session/d067ac685ba95385139103f6c75e583b/execute/sync HTTP/1.1
User-Agent: selenium/4.1.2 (java windows)
Content-Length: 48780
Content-Type: application/json; charset=utf-8
host: localhost:49494
accept: */*

Response DefaultHttpResponse(decodeResult: success, version: HTTP/1.1)
HTTP/1.1 200 OK
Content-Type: application/json; charset=utf-8
cache-control: no-cache
content-length: 14

17:41:07.160 [AsyncHttpClient-1-6] DEBUG org.asynchttpclient.netty.channel.ChannelManager - Adding key: http://localhost:49494 for channel [id: 0x9814e6b2, L:/127.0.0.1:57272 - R:localhost/127.0.0.1:49494]
17:41:07.167 [Forwarding screenshot on session d067ac685ba95385139103f6c75e583b to remote] DEBUG org.asynchttpclient.netty.request.NettyRequestSender - Using pooled Channel '[id: 0x9814e6b2, L:/127.0.0.1:57272 - R:localhost/127.0.0.1:49494]' for 'GET' to 'http://localhost:49494/session/d067ac685ba95385139103f6c75e583b/screenshot'
17:41:07.168 [Forwarding screenshot on session d067ac685ba95385139103f6c75e583b to remote] DEBUG org.asynchttpclient.netty.request.NettyRequestSender - Using open Channel [id: 0x9814e6b2, L:/127.0.0.1:57272 - R:localhost/127.0.0.1:49494] for GET '/session/d067ac685ba95385139103f6c75e583b/screenshot'
17:41:07.452 [AsyncHttpClient-1-6] DEBUG org.asynchttpclient.netty.handler.HttpHandler - 

Request DefaultFullHttpRequest(decodeResult: success, version: HTTP/1.1, content: EmptyByteBufBE)
GET /session/d067ac685ba95385139103f6c75e583b/screenshot HTTP/1.1
User-Agent: selenium/4.1.2 (java windows)
Cache-Control: no-cache
Content-Type: application/json; charset=utf-8
host: localhost:49494
accept: */*

Response DefaultHttpResponse(decodeResult: success, version: HTTP/1.1)
HTTP/1.1 200 OK
Content-Type: application/json; charset=utf-8
cache-control: no-cache
content-length: 329440

17:41:07.455 [AsyncHttpClient-1-6] DEBUG org.asynchttpclient.netty.channel.ChannelManager - Adding key: http://localhost:49494 for channel [id: 0x9814e6b2, L:/127.0.0.1:57272 - R:localhost/127.0.0.1:49494]
17:41:07.485 [main] DEBUG net.serenitybdd.core.photography.Darkroom - Send negative for processing for target\site\serenity\91e947b02e573420789e99b18727d6efcfc452b72bd9679666b6e86875ec462e.png
17:41:07.485 [main] DEBUG net.thucydides.core.steps.StepInterceptor - STEP DONE: validateOnDashboardPage
  &amp#27;[32mGiven &amp#27;[0m&amp#27;[32mI am on the dashboard page&amp#27;[0m                       &amp#27;[90m# starter.stepdefinitions.DashboardSteps.iAmOnTheDashboardPage()&amp#27;[0m
17:41:07.515 [main] DEBUG net.thucydides.core.steps.StepInterceptor - STARTING STEP: AppointmentSteps.iClickMenuAppointment - clickMenuAppointmentButton
17:41:07.519 [Forwarding findElement on session d067ac685ba95385139103f6c75e583b to remote] DEBUG org.asynchttpclient.netty.request.NettyRequestSender - Using pooled Channel '[id: 0x9814e6b2, L:/127.0.0.1:57272 - R:localhost/127.0.0.1:49494]' for 'POST' to 'http://localhost:49494/session/d067ac685ba95385139103f6c75e583b/element'
17:41:07.520 [Forwarding findElement on session d067ac685ba95385139103f6c75e583b to remote] DEBUG org.asynchttpclient.netty.request.NettyRequestSender - Using open Channel [id: 0x9814e6b2, L:/127.0.0.1:57272 - R:localhost/127.0.0.1:49494] for POST '/session/d067ac685ba95385139103f6c75e583b/element'
17:41:07.667 [AsyncHttpClient-1-6] DEBUG org.asynchttpclient.netty.handler.HttpHandler - 

Request DefaultHttpRequest(decodeResult: success, version: HTTP/1.1)
POST /session/d067ac685ba95385139103f6c75e583b/element HTTP/1.1
User-Agent: selenium/4.1.2 (java windows)
Content-Length: 84
Content-Type: application/json; charset=utf-8
host: localhost:49494
accept: */*

Response DefaultHttpResponse(decodeResult: success, version: HTTP/1.1)
HTTP/1.1 200 OK
Content-Type: application/json; charset=utf-8
cache-control: no-cache
content-length: 88

17:41:07.667 [AsyncHttpClient-1-6] DEBUG org.asynchttpclient.netty.channel.ChannelManager - Adding key: http://localhost:49494 for channel [id: 0x9814e6b2, L:/127.0.0.1:57272 - R:localhost/127.0.0.1:49494]
17:41:07.669 [Forwarding getElementTagName on session d067ac685ba95385139103f6c75e583b to remote] DEBUG org.asynchttpclient.netty.request.NettyRequestSender - Using pooled Channel '[id: 0x9814e6b2, L:/127.0.0.1:57272 - R:localhost/127.0.0.1:49494]' for 'GET' to 'http://localhost:49494/session/d067ac685ba95385139103f6c75e583b/element/383b339f-8fbb-4ba8-bfd2-edfee52db388/name'
17:41:07.670 [Forwarding getElementTagName on session d067ac685ba95385139103f6c75e583b to remote] DEBUG org.asynchttpclient.netty.request.NettyRequestSender - Using open Channel [id: 0x9814e6b2, L:/127.0.0.1:57272 - R:localhost/127.0.0.1:49494] for GET '/session/d067ac685ba95385139103f6c75e583b/element/383b339f-8fbb-4ba8-bfd2-edfee52db388/name'
17:41:07.675 [AsyncHttpClient-1-6] DEBUG org.asynchttpclient.netty.handler.HttpHandler - 

Request DefaultFullHttpRequest(decodeResult: success, version: HTTP/1.1, content: EmptyByteBufBE)
GET /session/d067ac685ba95385139103f6c75e583b/element/383b339f-8fbb-4ba8-bfd2-edfee52db388/name HTTP/1.1
User-Agent: selenium/4.1.2 (java windows)
Cache-Control: no-cache
Content-Type: application/json; charset=utf-8
host: localhost:49494
accept: */*

Response DefaultHttpResponse(decodeResult: success, version: HTTP/1.1)
HTTP/1.1 200 OK
Content-Type: application/json; charset=utf-8
cache-control: no-cache
content-length: 15

17:41:07.676 [AsyncHttpClient-1-6] DEBUG org.asynchttpclient.netty.channel.ChannelManager - Adding key: http://localhost:49494 for channel [id: 0x9814e6b2, L:/127.0.0.1:57272 - R:localhost/127.0.0.1:49494]
17:41:07.678 [Forwarding getElementTagName on session d067ac685ba95385139103f6c75e583b to remote] DEBUG org.asynchttpclient.netty.request.NettyRequestSender - Using pooled Channel '[id: 0x9814e6b2, L:/127.0.0.1:57272 - R:localhost/127.0.0.1:49494]' for 'GET' to 'http://localhost:49494/session/d067ac685ba95385139103f6c75e583b/element/383b339f-8fbb-4ba8-bfd2-edfee52db388/name'
17:41:07.678 [Forwarding getElementTagName on session d067ac685ba95385139103f6c75e583b to remote] DEBUG org.asynchttpclient.netty.request.NettyRequestSender - Using open Channel [id: 0x9814e6b2, L:/127.0.0.1:57272 - R:localhost/127.0.0.1:49494] for GET '/session/d067ac685ba95385139103f6c75e583b/element/383b339f-8fbb-4ba8-bfd2-edfee52db388/name'
17:41:07.682 [AsyncHttpClient-1-6] DEBUG org.asynchttpclient.netty.handler.HttpHandler - 

Request DefaultFullHttpRequest(decodeResult: success, version: HTTP/1.1, content: EmptyByteBufBE)
GET /session/d067ac685ba95385139103f6c75e583b/element/383b339f-8fbb-4ba8-bfd2-edfee52db388/name HTTP/1.1
User-Agent: selenium/4.1.2 (java windows)
Cache-Control: no-cache
Content-Type: application/json; charset=utf-8
host: localhost:49494
accept: */*

Response DefaultHttpResponse(decodeResult: success, version: HTTP/1.1)
HTTP/1.1 200 OK
Content-Type: application/json; charset=utf-8
cache-control: no-cache
content-length: 15

17:41:07.682 [AsyncHttpClient-1-6] DEBUG org.asynchttpclient.netty.channel.ChannelManager - Adding key: http://localhost:49494 for channel [id: 0x9814e6b2, L:/127.0.0.1:57272 - R:localhost/127.0.0.1:49494]
17:41:07.685 [Forwarding findElement on session d067ac685ba95385139103f6c75e583b to remote] DEBUG org.asynchttpclient.netty.request.NettyRequestSender - Using pooled Channel '[id: 0x9814e6b2, L:/127.0.0.1:57272 - R:localhost/127.0.0.1:49494]' for 'POST' to 'http://localhost:49494/session/d067ac685ba95385139103f6c75e583b/element'
17:41:07.685 [Forwarding findElement on session d067ac685ba95385139103f6c75e583b to remote] DEBUG org.asynchttpclient.netty.request.NettyRequestSender - Using open Channel [id: 0x9814e6b2, L:/127.0.0.1:57272 - R:localhost/127.0.0.1:49494] for POST '/session/d067ac685ba95385139103f6c75e583b/element'
17:41:07.696 [AsyncHttpClient-1-6] DEBUG org.asynchttpclient.netty.handler.HttpHandler - 

Request DefaultHttpRequest(decodeResult: success, version: HTTP/1.1)
POST /session/d067ac685ba95385139103f6c75e583b/element HTTP/1.1
User-Agent: selenium/4.1.2 (java windows)
Content-Length: 84
Content-Type: application/json; charset=utf-8
host: localhost:49494
accept: */*

Response DefaultHttpResponse(decodeResult: success, version: HTTP/1.1)
HTTP/1.1 200 OK
Content-Type: application/json; charset=utf-8
cache-control: no-cache
content-length: 88

17:41:07.696 [AsyncHttpClient-1-6] DEBUG org.asynchttpclient.netty.channel.ChannelManager - Adding key: http://localhost:49494 for channel [id: 0x9814e6b2, L:/127.0.0.1:57272 - R:localhost/127.0.0.1:49494]
17:41:07.698 [Forwarding clickElement on session d067ac685ba95385139103f6c75e583b to remote] DEBUG org.asynchttpclient.netty.request.NettyRequestSender - Using pooled Channel '[id: 0x9814e6b2, L:/127.0.0.1:57272 - R:localhost/127.0.0.1:49494]' for 'POST' to 'http://localhost:49494/session/d067ac685ba95385139103f6c75e583b/element/383b339f-8fbb-4ba8-bfd2-edfee52db388/click'
17:41:07.699 [Forwarding clickElement on session d067ac685ba95385139103f6c75e583b to remote] DEBUG org.asynchttpclient.netty.request.NettyRequestSender - Using open Channel [id: 0x9814e6b2, L:/127.0.0.1:57272 - R:localhost/127.0.0.1:49494] for POST '/session/d067ac685ba95385139103f6c75e583b/element/383b339f-8fbb-4ba8-bfd2-edfee52db388/click'
17:41:07.972 [AsyncHttpClient-1-6] DEBUG org.asynchttpclient.netty.handler.HttpHandler - 

Request DefaultHttpRequest(decodeResult: success, version: HTTP/1.1)
POST /session/d067ac685ba95385139103f6c75e583b/element/383b339f-8fbb-4ba8-bfd2-edfee52db388/click HTTP/1.1
User-Agent: selenium/4.1.2 (java windows)
Content-Length: 50
Content-Type: application/json; charset=utf-8
host: localhost:49494
accept: */*

Response DefaultHttpResponse(decodeResult: success, version: HTTP/1.1)
HTTP/1.1 200 OK
Content-Type: application/json; charset=utf-8
cache-control: no-cache
content-length: 14

17:41:07.973 [AsyncHttpClient-1-6] DEBUG org.asynchttpclient.netty.channel.ChannelManager - Adding key: http://localhost:49494 for channel [id: 0x9814e6b2, L:/127.0.0.1:57272 - R:localhost/127.0.0.1:49494]
17:41:07.983 [Forwarding screenshot on session d067ac685ba95385139103f6c75e583b to remote] DEBUG org.asynchttpclient.netty.request.NettyRequestSender - Using pooled Channel '[id: 0x9814e6b2, L:/127.0.0.1:57272 - R:localhost/127.0.0.1:49494]' for 'GET' to 'http://localhost:49494/session/d067ac685ba95385139103f6c75e583b/screenshot'
17:41:07.983 [Forwarding screenshot on session d067ac685ba95385139103f6c75e583b to remote] DEBUG org.asynchttpclient.netty.request.NettyRequestSender - Using open Channel [id: 0x9814e6b2, L:/127.0.0.1:57272 - R:localhost/127.0.0.1:49494] for GET '/session/d067ac685ba95385139103f6c75e583b/screenshot'
17:41:08.100 [AsyncHttpClient-1-1] DEBUG org.asynchttpclient.netty.channel.DefaultChannelPool - Entry count for : http://localhost:57274 : 1
17:41:08.107 [AsyncHttpClient-1-6] DEBUG org.asynchttpclient.netty.handler.HttpHandler - 

Request DefaultFullHttpRequest(decodeResult: success, version: HTTP/1.1, content: EmptyByteBufBE)
GET /session/d067ac685ba95385139103f6c75e583b/screenshot HTTP/1.1
User-Agent: selenium/4.1.2 (java windows)
Cache-Control: no-cache
Content-Type: application/json; charset=utf-8
host: localhost:49494
accept: */*

Response DefaultHttpResponse(decodeResult: success, version: HTTP/1.1)
HTTP/1.1 200 OK
Content-Type: application/json; charset=utf-8
cache-control: no-cache
content-length: 77740

17:41:08.108 [AsyncHttpClient-1-6] DEBUG org.asynchttpclient.netty.channel.ChannelManager - Adding key: http://localhost:49494 for channel [id: 0x9814e6b2, L:/127.0.0.1:57272 - R:localhost/127.0.0.1:49494]
17:41:08.113 [main] DEBUG net.serenitybdd.core.photography.Darkroom - Send negative for processing for target\site\serenity\f51b6b6e47513ff36f5784b071d8ef7a99d52f5a87f24c7ce180ff738de0a430.png
17:41:08.113 [main] DEBUG net.thucydides.core.steps.StepInterceptor - STEP DONE: clickMenuAppointmentButton
  &amp#27;[32mAnd &amp#27;[0m&amp#27;[32mI click menu Appointment&amp#27;[0m                           &amp#27;[90m# starter.stepdefinitions.AppointmentSteps.iClickMenuAppointment()&amp#27;[0m
17:41:08.113 [Darkroom Processing Line] DEBUG net.serenitybdd.core.photography.DarkroomProcessingLine - Processing screenshot image in /var/screenshots/screenshot-5244766980930592813
17:41:08.114 [Darkroom Processing Line] DEBUG net.serenitybdd.core.photography.DarkroomProcessingLine - Saving screenshot to target\site\serenity\f51b6b6e47513ff36f5784b071d8ef7a99d52f5a87f24c7ce180ff738de0a430.png
17:41:08.132 [main] DEBUG net.thucydides.core.steps.StepInterceptor - STARTING STEP: AppointmentSteps.iClickEditAppointmentIcon - clickEditAppointmentIcon
17:41:08.136 [Forwarding findElement on session d067ac685ba95385139103f6c75e583b to remote] DEBUG org.asynchttpclient.netty.request.NettyRequestSender - Using pooled Channel '[id: 0x9814e6b2, L:/127.0.0.1:57272 - R:localhost/127.0.0.1:49494]' for 'POST' to 'http://localhost:49494/session/d067ac685ba95385139103f6c75e583b/element'
17:41:08.136 [Forwarding findElement on session d067ac685ba95385139103f6c75e583b to remote] DEBUG org.asynchttpclient.netty.request.NettyRequestSender - Using open Channel [id: 0x9814e6b2, L:/127.0.0.1:57272 - R:localhost/127.0.0.1:49494] for POST '/session/d067ac685ba95385139103f6c75e583b/element'
17:41:09.201 [AsyncHttpClient-1-1] DEBUG org.asynchttpclient.netty.channel.DefaultChannelPool - Entry count for : http://localhost:57274 : 1
17:41:09.304 [AsyncHttpClient-1-6] DEBUG org.asynchttpclient.netty.handler.HttpHandler - 

Request DefaultHttpRequest(decodeResult: success, version: HTTP/1.1)
POST /session/d067ac685ba95385139103f6c75e583b/element HTTP/1.1
User-Agent: selenium/4.1.2 (java windows)
Content-Length: 91
Content-Type: application/json; charset=utf-8
host: localhost:49494
accept: */*

Response DefaultHttpResponse(decodeResult: success, version: HTTP/1.1)
HTTP/1.1 200 OK
Content-Type: application/json; charset=utf-8
cache-control: no-cache
content-length: 88

17:41:09.305 [AsyncHttpClient-1-6] DEBUG org.asynchttpclient.netty.channel.ChannelManager - Adding key: http://localhost:49494 for channel [id: 0x9814e6b2, L:/127.0.0.1:57272 - R:localhost/127.0.0.1:49494]
17:41:09.308 [Forwarding getElementTagName on session d067ac685ba95385139103f6c75e583b to remote] DEBUG org.asynchttpclient.netty.request.NettyRequestSender - Using pooled Channel '[id: 0x9814e6b2, L:/127.0.0.1:57272 - R:localhost/127.0.0.1:49494]' for 'GET' to 'http://localhost:49494/session/d067ac685ba95385139103f6c75e583b/element/66e2c3ad-c650-401e-9f6e-2050acfd48af/name'
17:41:09.308 [Forwarding getElementTagName on session d067ac685ba95385139103f6c75e583b to remote] DEBUG org.asynchttpclient.netty.request.NettyRequestSender - Using open Channel [id: 0x9814e6b2, L:/127.0.0.1:57272 - R:localhost/127.0.0.1:49494] for GET '/session/d067ac685ba95385139103f6c75e583b/element/66e2c3ad-c650-401e-9f6e-2050acfd48af/name'
17:41:09.315 [AsyncHttpClient-1-6] DEBUG org.asynchttpclient.netty.handler.HttpHandler - 

Request DefaultFullHttpRequest(decodeResult: success, version: HTTP/1.1, content: EmptyByteBufBE)
GET /session/d067ac685ba95385139103f6c75e583b/element/66e2c3ad-c650-401e-9f6e-2050acfd48af/name HTTP/1.1
User-Agent: selenium/4.1.2 (java windows)
Cache-Control: no-cache
Content-Type: application/json; charset=utf-8
host: localhost:49494
accept: */*

Response DefaultHttpResponse(decodeResult: success, version: HTTP/1.1)
HTTP/1.1 200 OK
Content-Type: application/json; charset=utf-8
cache-control: no-cache
content-length: 18

17:41:09.315 [AsyncHttpClient-1-6] DEBUG org.asynchttpclient.netty.channel.ChannelManager - Adding key: http://localhost:49494 for channel [id: 0x9814e6b2, L:/127.0.0.1:57272 - R:localhost/127.0.0.1:49494]
17:41:09.317 [Forwarding getElementTagName on session d067ac685ba95385139103f6c75e583b to remote] DEBUG org.asynchttpclient.netty.request.NettyRequestSender - Using pooled Channel '[id: 0x9814e6b2, L:/127.0.0.1:57272 - R:localhost/127.0.0.1:49494]' for 'GET' to 'http://localhost:49494/session/d067ac685ba95385139103f6c75e583b/element/66e2c3ad-c650-401e-9f6e-2050acfd48af/name'
17:41:09.317 [Forwarding getElementTagName on session d067ac685ba95385139103f6c75e583b to remote] DEBUG org.asynchttpclient.netty.request.NettyRequestSender - Using open Channel [id: 0x9814e6b2, L:/127.0.0.1:57272 - R:localhost/127.0.0.1:49494] for GET '/session/d067ac685ba95385139103f6c75e583b/element/66e2c3ad-c650-401e-9f6e-2050acfd48af/name'
17:41:09.321 [AsyncHttpClient-1-6] DEBUG org.asynchttpclient.netty.handler.HttpHandler - 

Request DefaultFullHttpRequest(decodeResult: success, version: HTTP/1.1, content: EmptyByteBufBE)
GET /session/d067ac685ba95385139103f6c75e583b/element/66e2c3ad-c650-401e-9f6e-2050acfd48af/name HTTP/1.1
User-Agent: selenium/4.1.2 (java windows)
Cache-Control: no-cache
Content-Type: application/json; charset=utf-8
host: localhost:49494
accept: */*

Response DefaultHttpResponse(decodeResult: success, version: HTTP/1.1)
HTTP/1.1 200 OK
Content-Type: application/json; charset=utf-8
cache-control: no-cache
content-length: 18

17:41:09.321 [AsyncHttpClient-1-6] DEBUG org.asynchttpclient.netty.channel.ChannelManager - Adding key: http://localhost:49494 for channel [id: 0x9814e6b2, L:/127.0.0.1:57272 - R:localhost/127.0.0.1:49494]
17:41:09.325 [Forwarding isElementEnabled on session d067ac685ba95385139103f6c75e583b to remote] DEBUG org.asynchttpclient.netty.request.NettyRequestSender - Using pooled Channel '[id: 0x9814e6b2, L:/127.0.0.1:57272 - R:localhost/127.0.0.1:49494]' for 'GET' to 'http://localhost:49494/session/d067ac685ba95385139103f6c75e583b/element/66e2c3ad-c650-401e-9f6e-2050acfd48af/enabled'
17:41:09.325 [Forwarding isElementEnabled on session d067ac685ba95385139103f6c75e583b to remote] DEBUG org.asynchttpclient.netty.request.NettyRequestSender - Using open Channel [id: 0x9814e6b2, L:/127.0.0.1:57272 - R:localhost/127.0.0.1:49494] for GET '/session/d067ac685ba95385139103f6c75e583b/element/66e2c3ad-c650-401e-9f6e-2050acfd48af/enabled'
17:41:09.336 [AsyncHttpClient-1-6] DEBUG org.asynchttpclient.netty.handler.HttpHandler - 

Request DefaultFullHttpRequest(decodeResult: success, version: HTTP/1.1, content: EmptyByteBufBE)
GET /session/d067ac685ba95385139103f6c75e583b/element/66e2c3ad-c650-401e-9f6e-2050acfd48af/enabled HTTP/1.1
User-Agent: selenium/4.1.2 (java windows)
Cache-Control: no-cache
Content-Type: application/json; charset=utf-8
host: localhost:49494
accept: */*

Response DefaultHttpResponse(decodeResult: success, version: HTTP/1.1)
HTTP/1.1 200 OK
Content-Type: application/json; charset=utf-8
cache-control: no-cache
content-length: 14

17:41:09.336 [AsyncHttpClient-1-6] DEBUG org.asynchttpclient.netty.channel.ChannelManager - Adding key: http://localhost:49494 for channel [id: 0x9814e6b2, L:/127.0.0.1:57272 - R:localhost/127.0.0.1:49494]
17:41:09.339 [Forwarding isElementEnabled on session d067ac685ba95385139103f6c75e583b to remote] DEBUG org.asynchttpclient.netty.request.NettyRequestSender - Using pooled Channel '[id: 0x9814e6b2, L:/127.0.0.1:57272 - R:localhost/127.0.0.1:49494]' for 'GET' to 'http://localhost:49494/session/d067ac685ba95385139103f6c75e583b/element/66e2c3ad-c650-401e-9f6e-2050acfd48af/enabled'
17:41:09.340 [Forwarding isElementEnabled on session d067ac685ba95385139103f6c75e583b to remote] DEBUG org.asynchttpclient.netty.request.NettyRequestSender - Using open Channel [id: 0x9814e6b2, L:/127.0.0.1:57272 - R:localhost/127.0.0.1:49494] for GET '/session/d067ac685ba95385139103f6c75e583b/element/66e2c3ad-c650-401e-9f6e-2050acfd48af/enabled'
17:41:09.349 [AsyncHttpClient-1-6] DEBUG org.asynchttpclient.netty.handler.HttpHandler - 

Request DefaultFullHttpRequest(decodeResult: success, version: HTTP/1.1, content: EmptyByteBufBE)
GET /session/d067ac685ba95385139103f6c75e583b/element/66e2c3ad-c650-401e-9f6e-2050acfd48af/enabled HTTP/1.1
User-Agent: selenium/4.1.2 (java windows)
Cache-Control: no-cache
Content-Type: application/json; charset=utf-8
host: localhost:49494
accept: */*

Response DefaultHttpResponse(decodeResult: success, version: HTTP/1.1)
HTTP/1.1 200 OK
Content-Type: application/json; charset=utf-8
cache-control: no-cache
content-length: 14

17:41:09.349 [AsyncHttpClient-1-6] DEBUG org.asynchttpclient.netty.channel.ChannelManager - Adding key: http://localhost:49494 for channel [id: 0x9814e6b2, L:/127.0.0.1:57272 - R:localhost/127.0.0.1:49494]
17:41:09.353 [Forwarding findElement on session d067ac685ba95385139103f6c75e583b to remote] DEBUG org.asynchttpclient.netty.request.NettyRequestSender - Using pooled Channel '[id: 0x9814e6b2, L:/127.0.0.1:57272 - R:localhost/127.0.0.1:49494]' for 'POST' to 'http://localhost:49494/session/d067ac685ba95385139103f6c75e583b/element'
17:41:09.353 [Forwarding findElement on session d067ac685ba95385139103f6c75e583b to remote] DEBUG org.asynchttpclient.netty.request.NettyRequestSender - Using open Channel [id: 0x9814e6b2, L:/127.0.0.1:57272 - R:localhost/127.0.0.1:49494] for POST '/session/d067ac685ba95385139103f6c75e583b/element'
17:41:09.366 [AsyncHttpClient-1-6] DEBUG org.asynchttpclient.netty.handler.HttpHandler - 

Request DefaultHttpRequest(decodeResult: success, version: HTTP/1.1)
POST /session/d067ac685ba95385139103f6c75e583b/element HTTP/1.1
User-Agent: selenium/4.1.2 (java windows)
Content-Length: 91
Content-Type: application/json; charset=utf-8
host: localhost:49494
accept: */*

Response DefaultHttpResponse(decodeResult: success, version: HTTP/1.1)
HTTP/1.1 200 OK
Content-Type: application/json; charset=utf-8
cache-control: no-cache
content-length: 88

17:41:09.366 [AsyncHttpClient-1-6] DEBUG org.asynchttpclient.netty.channel.ChannelManager - Adding key: http://localhost:49494 for channel [id: 0x9814e6b2, L:/127.0.0.1:57272 - R:localhost/127.0.0.1:49494]
17:41:09.368 [Forwarding clickElement on session d067ac685ba95385139103f6c75e583b to remote] DEBUG org.asynchttpclient.netty.request.NettyRequestSender - Using pooled Channel '[id: 0x9814e6b2, L:/127.0.0.1:57272 - R:localhost/127.0.0.1:49494]' for 'POST' to 'http://localhost:49494/session/d067ac685ba95385139103f6c75e583b/element/66e2c3ad-c650-401e-9f6e-2050acfd48af/click'
17:41:09.368 [Forwarding clickElement on session d067ac685ba95385139103f6c75e583b to remote] DEBUG org.asynchttpclient.netty.request.NettyRequestSender - Using open Channel [id: 0x9814e6b2, L:/127.0.0.1:57272 - R:localhost/127.0.0.1:49494] for POST '/session/d067ac685ba95385139103f6c75e583b/element/66e2c3ad-c650-401e-9f6e-2050acfd48af/click'
17:41:09.551 [AsyncHttpClient-1-6] DEBUG org.asynchttpclient.netty.handler.HttpHandler - 

Request DefaultHttpRequest(decodeResult: success, version: HTTP/1.1)
POST /session/d067ac685ba95385139103f6c75e583b/element/66e2c3ad-c650-401e-9f6e-2050acfd48af/click HTTP/1.1
User-Agent: selenium/4.1.2 (java windows)
Content-Length: 50
Content-Type: application/json; charset=utf-8
host: localhost:49494
accept: */*

Response DefaultHttpResponse(decodeResult: success, version: HTTP/1.1)
HTTP/1.1 200 OK
Content-Type: application/json; charset=utf-8
cache-control: no-cache
content-length: 14

17:41:09.552 [AsyncHttpClient-1-6] DEBUG org.asynchttpclient.netty.channel.ChannelManager - Adding key: http://localhost:49494 for channel [id: 0x9814e6b2, L:/127.0.0.1:57272 - R:localhost/127.0.0.1:49494]
17:41:09.562 [Forwarding screenshot on session d067ac685ba95385139103f6c75e583b to remote] DEBUG org.asynchttpclient.netty.request.NettyRequestSender - Using pooled Channel '[id: 0x9814e6b2, L:/127.0.0.1:57272 - R:localhost/127.0.0.1:49494]' for 'GET' to 'http://localhost:49494/session/d067ac685ba95385139103f6c75e583b/screenshot'
17:41:09.562 [Forwarding screenshot on session d067ac685ba95385139103f6c75e583b to remote] DEBUG org.asynchttpclient.netty.request.NettyRequestSender - Using open Channel [id: 0x9814e6b2, L:/127.0.0.1:57272 - R:localhost/127.0.0.1:49494] for GET '/session/d067ac685ba95385139103f6c75e583b/screenshot'
17:41:09.778 [AsyncHttpClient-1-6] DEBUG org.asynchttpclient.netty.handler.HttpHandler - 

Request DefaultFullHttpRequest(decodeResult: success, version: HTTP/1.1, content: EmptyByteBufBE)
GET /session/d067ac685ba95385139103f6c75e583b/screenshot HTTP/1.1
User-Agent: selenium/4.1.2 (java windows)
Cache-Control: no-cache
Content-Type: application/json; charset=utf-8
host: localhost:49494
accept: */*

Response DefaultHttpResponse(decodeResult: success, version: HTTP/1.1)
HTTP/1.1 200 OK
Content-Type: application/json; charset=utf-8
cache-control: no-cache
content-length: 127972

17:41:09.781 [AsyncHttpClient-1-6] DEBUG org.asynchttpclient.netty.channel.ChannelManager - Adding key: http://localhost:49494 for channel [id: 0x9814e6b2, L:/127.0.0.1:57272 - R:localhost/127.0.0.1:49494]
17:41:09.794 [main] DEBUG net.serenitybdd.core.photography.Darkroom - Send negative for processing for target\site\serenity\22a8afdee544a1febf56ee9705d1bc524332eb738b6a618060fc0fdaa73a57e8.png
17:41:09.794 [main] DEBUG net.thucydides.core.steps.StepInterceptor - STEP DONE: clickEditAppointmentIcon
  &amp#27;[32mWhen &amp#27;[0m&amp#27;[32mI click edit Appointment icon&amp#27;[0m                     &amp#27;[90m# starter.stepdefinitions.AppointmentSteps.iClickEditAppointmentIcon()&amp#27;[0m
17:41:09.809 [Darkroom Processing Line] DEBUG net.serenitybdd.core.photography.DarkroomProcessingLine - Processing screenshot image in /var/screenshots/screenshot-9401346840422500190
17:41:09.809 [Darkroom Processing Line] DEBUG net.serenitybdd.core.photography.DarkroomProcessingLine - Saving screenshot to target\site\serenity\22a8afdee544a1febf56ee9705d1bc524332eb738b6a618060fc0fdaa73a57e8.png
17:41:09.841 [main] DEBUG net.thucydides.core.steps.StepInterceptor - STARTING STEP: AppointmentSteps.iClickTheXButton - clickTheXIcon
17:41:09.846 [Forwarding findElement on session d067ac685ba95385139103f6c75e583b to remote] DEBUG org.asynchttpclient.netty.request.NettyRequestSender - Using pooled Channel '[id: 0x9814e6b2, L:/127.0.0.1:57272 - R:localhost/127.0.0.1:49494]' for 'POST' to 'http://localhost:49494/session/d067ac685ba95385139103f6c75e583b/element'
17:41:09.846 [Forwarding findElement on session d067ac685ba95385139103f6c75e583b to remote] DEBUG org.asynchttpclient.netty.request.NettyRequestSender - Using open Channel [id: 0x9814e6b2, L:/127.0.0.1:57272 - R:localhost/127.0.0.1:49494] for POST '/session/d067ac685ba95385139103f6c75e583b/element'
17:41:09.884 [AsyncHttpClient-1-6] DEBUG org.asynchttpclient.netty.handler.HttpHandler - 

Request DefaultHttpRequest(decodeResult: success, version: HTTP/1.1)
POST /session/d067ac685ba95385139103f6c75e583b/element HTTP/1.1
User-Agent: selenium/4.1.2 (java windows)
Content-Length: 104
Content-Type: application/json; charset=utf-8
host: localhost:49494
accept: */*

Response DefaultHttpResponse(decodeResult: success, version: HTTP/1.1)
HTTP/1.1 200 OK
Content-Type: application/json; charset=utf-8
cache-control: no-cache
content-length: 88

17:41:09.885 [AsyncHttpClient-1-6] DEBUG org.asynchttpclient.netty.channel.ChannelManager - Adding key: http://localhost:49494 for channel [id: 0x9814e6b2, L:/127.0.0.1:57272 - R:localhost/127.0.0.1:49494]
17:41:09.887 [Forwarding getElementTagName on session d067ac685ba95385139103f6c75e583b to remote] DEBUG org.asynchttpclient.netty.request.NettyRequestSender - Using pooled Channel '[id: 0x9814e6b2, L:/127.0.0.1:57272 - R:localhost/127.0.0.1:49494]' for 'GET' to 'http://localhost:49494/session/d067ac685ba95385139103f6c75e583b/element/794887af-101f-4453-b345-7d4572a4ddf6/name'
17:41:09.887 [Forwarding getElementTagName on session d067ac685ba95385139103f6c75e583b to remote] DEBUG org.asynchttpclient.netty.request.NettyRequestSender - Using open Channel [id: 0x9814e6b2, L:/127.0.0.1:57272 - R:localhost/127.0.0.1:49494] for GET '/session/d067ac685ba95385139103f6c75e583b/element/794887af-101f-4453-b345-7d4572a4ddf6/name'
17:41:09.892 [AsyncHttpClient-1-6] DEBUG org.asynchttpclient.netty.handler.HttpHandler - 

Request DefaultFullHttpRequest(decodeResult: success, version: HTTP/1.1, content: EmptyByteBufBE)
GET /session/d067ac685ba95385139103f6c75e583b/element/794887af-101f-4453-b345-7d4572a4ddf6/name HTTP/1.1
User-Agent: selenium/4.1.2 (java windows)
Cache-Control: no-cache
Content-Type: application/json; charset=utf-8
host: localhost:49494
accept: */*

Response DefaultHttpResponse(decodeResult: success, version: HTTP/1.1)
HTTP/1.1 200 OK
Content-Type: application/json; charset=utf-8
cache-control: no-cache
content-length: 18

17:41:09.892 [AsyncHttpClient-1-6] DEBUG org.asynchttpclient.netty.channel.ChannelManager - Adding key: http://localhost:49494 for channel [id: 0x9814e6b2, L:/127.0.0.1:57272 - R:localhost/127.0.0.1:49494]
17:41:09.897 [Forwarding getElementTagName on session d067ac685ba95385139103f6c75e583b to remote] DEBUG org.asynchttpclient.netty.request.NettyRequestSender - Using pooled Channel '[id: 0x9814e6b2, L:/127.0.0.1:57272 - R:localhost/127.0.0.1:49494]' for 'GET' to 'http://localhost:49494/session/d067ac685ba95385139103f6c75e583b/element/794887af-101f-4453-b345-7d4572a4ddf6/name'
17:41:09.897 [Forwarding getElementTagName on session d067ac685ba95385139103f6c75e583b to remote] DEBUG org.asynchttpclient.netty.request.NettyRequestSender - Using open Channel [id: 0x9814e6b2, L:/127.0.0.1:57272 - R:localhost/127.0.0.1:49494] for GET '/session/d067ac685ba95385139103f6c75e583b/element/794887af-101f-4453-b345-7d4572a4ddf6/name'
17:41:09.903 [AsyncHttpClient-1-6] DEBUG org.asynchttpclient.netty.handler.HttpHandler - 

Request DefaultFullHttpRequest(decodeResult: success, version: HTTP/1.1, content: EmptyByteBufBE)
GET /session/d067ac685ba95385139103f6c75e583b/element/794887af-101f-4453-b345-7d4572a4ddf6/name HTTP/1.1
User-Agent: selenium/4.1.2 (java windows)
Cache-Control: no-cache
Content-Type: application/json; charset=utf-8
host: localhost:49494
accept: */*

Response DefaultHttpResponse(decodeResult: success, version: HTTP/1.1)
HTTP/1.1 200 OK
Content-Type: application/json; charset=utf-8
cache-control: no-cache
content-length: 18

17:41:09.903 [AsyncHttpClient-1-6] DEBUG org.asynchttpclient.netty.channel.ChannelManager - Adding key: http://localhost:49494 for channel [id: 0x9814e6b2, L:/127.0.0.1:57272 - R:localhost/127.0.0.1:49494]
17:41:09.906 [Forwarding isElementEnabled on session d067ac685ba95385139103f6c75e583b to remote] DEBUG org.asynchttpclient.netty.request.NettyRequestSender - Using pooled Channel '[id: 0x9814e6b2, L:/127.0.0.1:57272 - R:localhost/127.0.0.1:49494]' for 'GET' to 'http://localhost:49494/session/d067ac685ba95385139103f6c75e583b/element/794887af-101f-4453-b345-7d4572a4ddf6/enabled'
17:41:09.906 [Forwarding isElementEnabled on session d067ac685ba95385139103f6c75e583b to remote] DEBUG org.asynchttpclient.netty.request.NettyRequestSender - Using open Channel [id: 0x9814e6b2, L:/127.0.0.1:57272 - R:localhost/127.0.0.1:49494] for GET '/session/d067ac685ba95385139103f6c75e583b/element/794887af-101f-4453-b345-7d4572a4ddf6/enabled'
17:41:09.918 [AsyncHttpClient-1-6] DEBUG org.asynchttpclient.netty.handler.HttpHandler - 

Request DefaultFullHttpRequest(decodeResult: success, version: HTTP/1.1, content: EmptyByteBufBE)
GET /session/d067ac685ba95385139103f6c75e583b/element/794887af-101f-4453-b345-7d4572a4ddf6/enabled HTTP/1.1
User-Agent: selenium/4.1.2 (java windows)
Cache-Control: no-cache
Content-Type: application/json; charset=utf-8
host: localhost:49494
accept: */*

Response DefaultHttpResponse(decodeResult: success, version: HTTP/1.1)
HTTP/1.1 200 OK
Content-Type: application/json; charset=utf-8
cache-control: no-cache
content-length: 14

17:41:09.919 [AsyncHttpClient-1-6] DEBUG org.asynchttpclient.netty.channel.ChannelManager - Adding key: http://localhost:49494 for channel [id: 0x9814e6b2, L:/127.0.0.1:57272 - R:localhost/127.0.0.1:49494]
17:41:09.922 [Forwarding isElementEnabled on session d067ac685ba95385139103f6c75e583b to remote] DEBUG org.asynchttpclient.netty.request.NettyRequestSender - Using pooled Channel '[id: 0x9814e6b2, L:/127.0.0.1:57272 - R:localhost/127.0.0.1:49494]' for 'GET' to 'http://localhost:49494/session/d067ac685ba95385139103f6c75e583b/element/794887af-101f-4453-b345-7d4572a4ddf6/enabled'
17:41:09.922 [Forwarding isElementEnabled on session d067ac685ba95385139103f6c75e583b to remote] DEBUG org.asynchttpclient.netty.request.NettyRequestSender - Using open Channel [id: 0x9814e6b2, L:/127.0.0.1:57272 - R:localhost/127.0.0.1:49494] for GET '/session/d067ac685ba95385139103f6c75e583b/element/794887af-101f-4453-b345-7d4572a4ddf6/enabled'
17:41:09.932 [AsyncHttpClient-1-6] DEBUG org.asynchttpclient.netty.handler.HttpHandler - 

Request DefaultFullHttpRequest(decodeResult: success, version: HTTP/1.1, content: EmptyByteBufBE)
GET /session/d067ac685ba95385139103f6c75e583b/element/794887af-101f-4453-b345-7d4572a4ddf6/enabled HTTP/1.1
User-Agent: selenium/4.1.2 (java windows)
Cache-Control: no-cache
Content-Type: application/json; charset=utf-8
host: localhost:49494
accept: */*

Response DefaultHttpResponse(decodeResult: success, version: HTTP/1.1)
HTTP/1.1 200 OK
Content-Type: application/json; charset=utf-8
cache-control: no-cache
content-length: 14

17:41:09.932 [AsyncHttpClient-1-6] DEBUG org.asynchttpclient.netty.channel.ChannelManager - Adding key: http://localhost:49494 for channel [id: 0x9814e6b2, L:/127.0.0.1:57272 - R:localhost/127.0.0.1:49494]
17:41:09.935 [Forwarding findElement on session d067ac685ba95385139103f6c75e583b to remote] DEBUG org.asynchttpclient.netty.request.NettyRequestSender - Using pooled Channel '[id: 0x9814e6b2, L:/127.0.0.1:57272 - R:localhost/127.0.0.1:49494]' for 'POST' to 'http://localhost:49494/session/d067ac685ba95385139103f6c75e583b/element'
17:41:09.935 [Forwarding findElement on session d067ac685ba95385139103f6c75e583b to remote] DEBUG org.asynchttpclient.netty.request.NettyRequestSender - Using open Channel [id: 0x9814e6b2, L:/127.0.0.1:57272 - R:localhost/127.0.0.1:49494] for POST '/session/d067ac685ba95385139103f6c75e583b/element'
17:41:09.947 [AsyncHttpClient-1-6] DEBUG org.asynchttpclient.netty.handler.HttpHandler - 

Request DefaultHttpRequest(decodeResult: success, version: HTTP/1.1)
POST /session/d067ac685ba95385139103f6c75e583b/element HTTP/1.1
User-Agent: selenium/4.1.2 (java windows)
Content-Length: 104
Content-Type: application/json; charset=utf-8
host: localhost:49494
accept: */*

Response DefaultHttpResponse(decodeResult: success, version: HTTP/1.1)
HTTP/1.1 200 OK
Content-Type: application/json; charset=utf-8
cache-control: no-cache
content-length: 88

17:41:09.948 [AsyncHttpClient-1-6] DEBUG org.asynchttpclient.netty.channel.ChannelManager - Adding key: http://localhost:49494 for channel [id: 0x9814e6b2, L:/127.0.0.1:57272 - R:localhost/127.0.0.1:49494]
17:41:09.949 [Forwarding clickElement on session d067ac685ba95385139103f6c75e583b to remote] DEBUG org.asynchttpclient.netty.request.NettyRequestSender - Using pooled Channel '[id: 0x9814e6b2, L:/127.0.0.1:57272 - R:localhost/127.0.0.1:49494]' for 'POST' to 'http://localhost:49494/session/d067ac685ba95385139103f6c75e583b/element/794887af-101f-4453-b345-7d4572a4ddf6/click'
17:41:09.949 [Forwarding clickElement on session d067ac685ba95385139103f6c75e583b to remote] DEBUG org.asynchttpclient.netty.request.NettyRequestSender - Using open Channel [id: 0x9814e6b2, L:/127.0.0.1:57272 - R:localhost/127.0.0.1:49494] for POST '/session/d067ac685ba95385139103f6c75e583b/element/794887af-101f-4453-b345-7d4572a4ddf6/click'
17:41:10.071 [AsyncHttpClient-1-6] DEBUG org.asynchttpclient.netty.handler.HttpHandler - 

Request DefaultHttpRequest(decodeResult: success, version: HTTP/1.1)
POST /session/d067ac685ba95385139103f6c75e583b/element/794887af-101f-4453-b345-7d4572a4ddf6/click HTTP/1.1
User-Agent: selenium/4.1.2 (java windows)
Content-Length: 50
Content-Type: application/json; charset=utf-8
host: localhost:49494
accept: */*

Response DefaultHttpResponse(decodeResult: success, version: HTTP/1.1)
HTTP/1.1 200 OK
Content-Type: application/json; charset=utf-8
cache-control: no-cache
content-length: 14

17:41:10.071 [AsyncHttpClient-1-6] DEBUG org.asynchttpclient.netty.channel.ChannelManager - Adding key: http://localhost:49494 for channel [id: 0x9814e6b2, L:/127.0.0.1:57272 - R:localhost/127.0.0.1:49494]
17:41:10.080 [Forwarding screenshot on session d067ac685ba95385139103f6c75e583b to remote] DEBUG org.asynchttpclient.netty.request.NettyRequestSender - Using pooled Channel '[id: 0x9814e6b2, L:/127.0.0.1:57272 - R:localhost/127.0.0.1:49494]' for 'GET' to 'http://localhost:49494/session/d067ac685ba95385139103f6c75e583b/screenshot'
17:41:10.080 [Forwarding screenshot on session d067ac685ba95385139103f6c75e583b to remote] DEBUG org.asynchttpclient.netty.request.NettyRequestSender - Using open Channel [id: 0x9814e6b2, L:/127.0.0.1:57272 - R:localhost/127.0.0.1:49494] for GET '/session/d067ac685ba95385139103f6c75e583b/screenshot'
17:41:10.192 [AsyncHttpClient-1-6] DEBUG org.asynchttpclient.netty.handler.HttpHandler - 

Request DefaultFullHttpRequest(decodeResult: success, version: HTTP/1.1, content: EmptyByteBufBE)
GET /session/d067ac685ba95385139103f6c75e583b/screenshot HTTP/1.1
User-Agent: selenium/4.1.2 (java windows)
Cache-Control: no-cache
Content-Type: application/json; charset=utf-8
host: localhost:49494
accept: */*

Response DefaultHttpResponse(decodeResult: success, version: HTTP/1.1)
HTTP/1.1 200 OK
Content-Type: application/json; charset=utf-8
cache-control: no-cache
content-length: 94332

17:41:10.193 [AsyncHttpClient-1-6] DEBUG org.asynchttpclient.netty.channel.ChannelManager - Adding key: http://localhost:49494 for channel [id: 0x9814e6b2, L:/127.0.0.1:57272 - R:localhost/127.0.0.1:49494]
17:41:10.198 [main] DEBUG net.serenitybdd.core.photography.Darkroom - Send negative for processing for target\site\serenity\106ba342365b8f270e5bd784481105ccdb3995161380b59604d7eb723ddaaead.png
17:41:10.198 [main] DEBUG net.thucydides.core.steps.StepInterceptor - STEP DONE: clickTheXIcon
  &amp#27;[32mAnd &amp#27;[0m&amp#27;[32mI click the x button&amp#27;[0m                               &amp#27;[90m# starter.stepdefinitions.AppointmentSteps.iClickTheXButton()&amp#27;[0m
17:41:10.199 [Darkroom Processing Line] DEBUG net.serenitybdd.core.photography.DarkroomProcessingLine - Processing screenshot image in /var/screenshots/screenshot-8170870620327632896
17:41:10.199 [Darkroom Processing Line] DEBUG net.serenitybdd.core.photography.DarkroomProcessingLine - Saving screenshot to target\site\serenity\106ba342365b8f270e5bd784481105ccdb3995161380b59604d7eb723ddaaead.png
17:41:10.214 [main] DEBUG net.thucydides.core.steps.StepInterceptor - STARTING STEP: AppointmentSteps.iExitEditAppointmentForm - exitEditAppointmentForm
17:41:10.216 [Forwarding findElement on session d067ac685ba95385139103f6c75e583b to remote] DEBUG org.asynchttpclient.netty.request.NettyRequestSender - Using pooled Channel '[id: 0x9814e6b2, L:/127.0.0.1:57272 - R:localhost/127.0.0.1:49494]' for 'POST' to 'http://localhost:49494/session/d067ac685ba95385139103f6c75e583b/element'
17:41:10.216 [Forwarding findElement on session d067ac685ba95385139103f6c75e583b to remote] DEBUG org.asynchttpclient.netty.request.NettyRequestSender - Using open Channel [id: 0x9814e6b2, L:/127.0.0.1:57272 - R:localhost/127.0.0.1:49494] for POST '/session/d067ac685ba95385139103f6c75e583b/element'
17:41:10.230 [AsyncHttpClient-1-6] DEBUG org.asynchttpclient.netty.handler.HttpHandler - 

Request DefaultHttpRequest(decodeResult: success, version: HTTP/1.1)
POST /session/d067ac685ba95385139103f6c75e583b/element HTTP/1.1
User-Agent: selenium/4.1.2 (java windows)
Content-Length: 83
Content-Type: application/json; charset=utf-8
host: localhost:49494
accept: */*

Response DefaultHttpResponse(decodeResult: success, version: HTTP/1.1)
HTTP/1.1 200 OK
Content-Type: application/json; charset=utf-8
cache-control: no-cache
content-length: 88

17:41:10.230 [AsyncHttpClient-1-6] DEBUG org.asynchttpclient.netty.channel.ChannelManager - Adding key: http://localhost:49494 for channel [id: 0x9814e6b2, L:/127.0.0.1:57272 - R:localhost/127.0.0.1:49494]
17:41:10.234 [Forwarding isElementDisplayed on session d067ac685ba95385139103f6c75e583b to remote] DEBUG org.asynchttpclient.netty.request.NettyRequestSender - Using pooled Channel '[id: 0x9814e6b2, L:/127.0.0.1:57272 - R:localhost/127.0.0.1:49494]' for 'POST' to 'http://localhost:49494/session/d067ac685ba95385139103f6c75e583b/execute/sync'
17:41:10.235 [Forwarding isElementDisplayed on session d067ac685ba95385139103f6c75e583b to remote] DEBUG org.asynchttpclient.netty.request.NettyRequestSender - Using open Channel [id: 0x9814e6b2, L:/127.0.0.1:57272 - R:localhost/127.0.0.1:49494] for POST '/session/d067ac685ba95385139103f6c75e583b/execute/sync'
17:41:10.252 [AsyncHttpClient-1-6] DEBUG org.asynchttpclient.netty.handler.HttpHandler - 

Request DefaultHttpRequest(decodeResult: success, version: HTTP/1.1)
POST /session/d067ac685ba95385139103f6c75e583b/execute/sync HTTP/1.1
User-Agent: selenium/4.1.2 (java windows)
Content-Length: 48780
Content-Type: application/json; charset=utf-8
host: localhost:49494
accept: */*

Response DefaultHttpResponse(decodeResult: success, version: HTTP/1.1)
HTTP/1.1 200 OK
Content-Type: application/json; charset=utf-8
cache-control: no-cache
content-length: 14

17:41:10.252 [AsyncHttpClient-1-6] DEBUG org.asynchttpclient.netty.channel.ChannelManager - Adding key: http://localhost:49494 for channel [id: 0x9814e6b2, L:/127.0.0.1:57272 - R:localhost/127.0.0.1:49494]
17:41:10.257 [Forwarding screenshot on session d067ac685ba95385139103f6c75e583b to remote] DEBUG org.asynchttpclient.netty.request.NettyRequestSender - Using pooled Channel '[id: 0x9814e6b2, L:/127.0.0.1:57272 - R:localhost/127.0.0.1:49494]' for 'GET' to 'http://localhost:49494/session/d067ac685ba95385139103f6c75e583b/screenshot'
17:41:10.257 [Forwarding screenshot on session d067ac685ba95385139103f6c75e583b to remote] DEBUG org.asynchttpclient.netty.request.NettyRequestSender - Using open Channel [id: 0x9814e6b2, L:/127.0.0.1:57272 - R:localhost/127.0.0.1:49494] for GET '/session/d067ac685ba95385139103f6c75e583b/screenshot'
17:41:10.302 [AsyncHttpClient-1-1] DEBUG org.asynchttpclient.netty.channel.DefaultChannelPool - Entry count for : http://localhost:57274 : 1
17:41:10.351 [AsyncHttpClient-1-6] DEBUG org.asynchttpclient.netty.handler.HttpHandler - 

Request DefaultFullHttpRequest(decodeResult: success, version: HTTP/1.1, content: EmptyByteBufBE)
GET /session/d067ac685ba95385139103f6c75e583b/screenshot HTTP/1.1
User-Agent: selenium/4.1.2 (java windows)
Cache-Control: no-cache
Content-Type: application/json; charset=utf-8
host: localhost:49494
accept: */*

Response DefaultHttpResponse(decodeResult: success, version: HTTP/1.1)
HTTP/1.1 200 OK
Content-Type: application/json; charset=utf-8
cache-control: no-cache
content-length: 94332

17:41:10.352 [AsyncHttpClient-1-6] DEBUG org.asynchttpclient.netty.channel.ChannelManager - Adding key: http://localhost:49494 for channel [id: 0x9814e6b2, L:/127.0.0.1:57272 - R:localhost/127.0.0.1:49494]
17:41:10.357 [main] DEBUG net.serenitybdd.core.photography.Darkroom - Send negative for processing for target\site\serenity\106ba342365b8f270e5bd784481105ccdb3995161380b59604d7eb723ddaaead.png
17:41:10.357 [main] DEBUG net.thucydides.core.steps.StepInterceptor - STEP DONE: exitEditAppointmentForm
  &amp#27;[32mThen &amp#27;[0m&amp#27;[32mI exit edit Appointment form&amp#27;[0m                      &amp#27;[90m# starter.stepdefinitions.AppointmentSteps.iExitEditAppointmentForm()&amp#27;[0m
17:41:10.363 [main] INFO  - 
  _____   ___   ___   _____     ___     _     ___   ___   ___   ___  
 |_   _| | __| / __| |_   _|   | _ \   /_\   / __| / __| | __| |   \ 
   | |   | _|  \__ \   | |     |  _/  / _ \  \__ \ \__ \ | _|  | |) |
   |_|   |___| |___/   |_|     |_|   /_/ \_\ |___/ |___/ |___| |___/ 

Cancel Edit Existing Appointment Data Scenario
----------------------------------------------------------------------
17:41:10.365 [AsyncHttpClient-1-8] DEBUG org.asynchttpclient.netty.handler.WebSocketHandler - Channel Closed: [id: 0x6b948501, L:/127.0.0.1:57280 ! R:localhost/127.0.0.1:57274] with attribute NettyResponseFuture{currentRetry=5,
	isDone=1,
	isCancelled=0,
	asyncHandler=org.asynchttpclient.ws.WebSocketUpgradeHandler@668b5da,
	nettyRequest=org.asynchttpclient.netty.request.NettyRequest@54bc4e6f,
	future=java.util.concurrent.CompletableFuture@7ead6a25[Completed normally],
	uri=ws://localhost:57274/devtools/browser/4a5fca3f-6d72-4a6c-854b-3a7c1715d6fd,
	keepAlive=true,
	redirectCount=0,
	timeoutsHolder=null,
	inAuth=0,
	touch=1655548862945}
17:41:10.365 [AsyncHttpClient-1-8] DEBUG org.asynchttpclient.netty.channel.ChannelManager - Closing Channel [id: 0x6b948501, L:/127.0.0.1:57280 ! R:localhost/127.0.0.1:57274] 
17:41:10.365 [Driver Command Executor] DEBUG org.asynchttpclient.netty.request.NettyRequestSender - Using pooled Channel '[id: 0x9814e6b2, L:/127.0.0.1:57272 - R:localhost/127.0.0.1:49494]' for 'DELETE' to 'http://localhost:49494/session/d067ac685ba95385139103f6c75e583b'
17:41:10.365 [Driver Command Executor] DEBUG org.asynchttpclient.netty.request.NettyRequestSender - Using open Channel [id: 0x9814e6b2, L:/127.0.0.1:57272 - R:localhost/127.0.0.1:49494] for DELETE '/session/d067ac685ba95385139103f6c75e583b'
17:41:10.409 [AsyncHttpClient-1-6] DEBUG org.asynchttpclient.netty.handler.HttpHandler - 

Request DefaultFullHttpRequest(decodeResult: success, version: HTTP/1.1, content: EmptyByteBufBE)
DELETE /session/d067ac685ba95385139103f6c75e583b HTTP/1.1
User-Agent: selenium/4.1.2 (java windows)
Content-Type: application/json; charset=utf-8
host: localhost:49494
accept: */*

Response DefaultHttpResponse(decodeResult: success, version: HTTP/1.1)
HTTP/1.1 200 OK
Content-Type: application/json; charset=utf-8
cache-control: no-cache
content-length: 14

17:41:10.409 [AsyncHttpClient-1-6] DEBUG org.asynchttpclient.netty.channel.ChannelManager - Adding key: http://localhost:49494 for channel [id: 0x9814e6b2, L:/127.0.0.1:57272 - R:localhost/127.0.0.1:49494]
17:41:10.567 [AsyncHttpClient-1-6] DEBUG org.asynchttpclient.netty.handler.HttpHandler - Channel Closed: [id: 0x9814e6b2, L:/127.0.0.1:57272 ! R:localhost/127.0.0.1:49494] with attribute DISCARD
17:41:10.629 [AsyncHttpClient-1-7] DEBUG org.asynchttpclient.netty.handler.HttpHandler - Unexpected I/O exception on channel [id: 0x9f49dea4, L:/127.0.0.1:57279 - R:localhost/127.0.0.1:57274]
java.net.SocketException: Connection reset
	at java.base/sun.nio.ch.SocketChannelImpl.throwConnectionReset(SocketChannelImpl.java:367)
	at java.base/sun.nio.ch.SocketChannelImpl.read(SocketChannelImpl.java:398)
	at io.netty.buffer.PooledByteBuf.setBytes(PooledByteBuf.java:258)
	at io.netty.buffer.AbstractByteBuf.writeBytes(AbstractByteBuf.java:1132)
	at io.netty.channel.socket.nio.NioSocketChannel.doReadBytes(NioSocketChannel.java:350)
	at io.netty.channel.nio.AbstractNioByteChannel$NioByteUnsafe.read(AbstractNioByteChannel.java:151)
	at io.netty.channel.nio.NioEventLoop.processSelectedKey(NioEventLoop.java:722)
	at io.netty.channel.nio.NioEventLoop.processSelectedKeysOptimized(NioEventLoop.java:658)
	at io.netty.channel.nio.NioEventLoop.processSelectedKeys(NioEventLoop.java:584)
	at io.netty.channel.nio.NioEventLoop.run(NioEventLoop.java:496)
	at io.netty.util.concurrent.SingleThreadEventExecutor$4.run(SingleThreadEventExecutor.java:986)
	at io.netty.util.internal.ThreadExecutorMap$2.run(ThreadExecutorMap.java:74)
	at io.netty.util.concurrent.FastThreadLocalRunnable.run(FastThreadLocalRunnable.java:30)
	at java.base/java.lang.Thread.run(Thread.java:832)
17:41:10.629 [AsyncHttpClient-1-7] DEBUG org.asynchttpclient.netty.channel.ChannelManager - Closing Channel [id: 0x9f49dea4, L:/127.0.0.1:57279 - R:localhost/127.0.0.1:57274] 
17:41:10.629 [AsyncHttpClient-1-7] DEBUG org.asynchttpclient.netty.handler.HttpHandler - Channel Closed: [id: 0x9f49dea4, L:/127.0.0.1:57279 ! R:localhost/127.0.0.1:57274] with attribute DISCARD
]]></system-out>
    <system-err><![CDATA[Starting ChromeDriver 102.0.5005.61 (0e59bcc00cc4985ce39ad31c150065f159d95ad3-refs/branch-heads/5005@{#819}) on port 49494
Only local connections are allowed.
Please see https://chromedriver.chromium.org/security-considerations for suggestions on keeping ChromeDriver safe.
ChromeDriver was started successfully.
Jun 18, 2022 5:41:02 PM org.openqa.selenium.remote.ProtocolHandshake createSession
INFO: Detected dialect: W3C
Jun 18, 2022 5:41:02 PM org.openqa.selenium.devtools.CdpVersionFinder findNearestMatch
WARNING: Unable to find an exact match for CDP version 102, so returning the closest version found: a no-op implementation
Jun 18, 2022 5:41:02 PM org.openqa.selenium.devtools.CdpVersionFinder findNearestMatch
INFO: Unable to find CDP implementation matching 102.
Jun 18, 2022 5:41:02 PM org.openqa.selenium.chromium.ChromiumDriver lambda$new$3
WARNING: Unable to find version of CDP to use for . You may need to include a dependency on a specific version of the CDP using something similar to `org.seleniumhq.selenium:selenium-devtools-v86:4.1.2` where the version ("v86") matches the version of the chromium-based browser you're using and the version number of the artifact is the same as Selenium's.
]]></system-err>
  </testcase>
  <testcase name="Delete Appointment Data Scenario" classname="Appointment" time="21.345">
    <system-out><![CDATA[
@Appointment @DeleteAppointment
Scenario: Delete Appointment Data Scenario    &amp#27;[90m# src/test/resources/features/1.Appointment.feature:49&amp#27;[0m
17:41:11.268 [main] INFO io.cucumber.core.plugin.SerenityReporter - Running feature from file:///E:/My%20Documents/File%20Difa/TI%20Semester%206%20Kampus%20Merdeka%20Alterra/Tugas/CAPSTONE%20Project/Capstone-Project-Website/src/test/resources/features/1.Appointment.feature
17:41:11.272 [main] INFO  - 
  _____   ___   ___   _____     ___   _____     _     ___   _____   ___   ___  
 |_   _| | __| / __| |_   _|   / __| |_   _|   /_\   | _ \ |_   _| | __| |   \ 
   | |   | _|  \__ \   | |     \__ \   | |    / _ \  |   /   | |   | _|  | |) |
   |_|   |___| |___/   |_|     |___/   |_|   /_/ \_\ |_|_\   |_|   |___| |___/ 

Delete Appointment Data Scenario(appointment;delete-appointment-data-scenario)
--------------------------------------------------------------------------------
17:41:11.320 [main] DEBUG net.thucydides.core.steps.StepInterceptor - STARTING STEP: DashboardSteps.iAmOnTheDashboardPage - openUrl
17:41:11.338 [main] INFO net.serenitybdd.core.webdriver.driverproviders.ChromeDriverProvider - Using automatically driver download
17:41:11.404 [AsyncHttpClient-1-1] DEBUG org.asynchttpclient.netty.channel.DefaultChannelPool - Entry count for : http://localhost:49494 : 1
17:41:11.405 [AsyncHttpClient-1-1] DEBUG org.asynchttpclient.netty.channel.DefaultChannelPool - Entry count for : http://localhost:57274 : 1
17:41:11.405 [AsyncHttpClient-1-1] DEBUG org.asynchttpclient.netty.channel.DefaultChannelPool - Adding Candidate expired Channel [id: 0x9814e6b2, L:/127.0.0.1:57272 ! R:localhost/127.0.0.1:49494] isIdleTimeoutExpired=false isRemotelyClosed=true isTtlExpired=false
17:41:11.405 [AsyncHttpClient-1-1] DEBUG org.asynchttpclient.netty.channel.DefaultChannelPool - Closing Idle Channel [id: 0x9814e6b2, L:/127.0.0.1:57272 ! R:localhost/127.0.0.1:49494]
17:41:11.405 [AsyncHttpClient-1-1] DEBUG org.asynchttpclient.netty.channel.DefaultChannelPool - Adding Candidate expired Channel [id: 0x9f49dea4, L:/127.0.0.1:57279 ! R:localhost/127.0.0.1:57274] isIdleTimeoutExpired=false isRemotelyClosed=true isTtlExpired=false
17:41:11.405 [AsyncHttpClient-1-1] DEBUG org.asynchttpclient.netty.channel.DefaultChannelPool - Closing Idle Channel [id: 0x9f49dea4, L:/127.0.0.1:57279 ! R:localhost/127.0.0.1:57274]
17:41:11.405 [AsyncHttpClient-1-1] DEBUG org.asynchttpclient.netty.channel.DefaultChannelPool - Closed 2 connections out of 2 in 0 ms
17:41:11.856 [main] DEBUG io.github.bonigarcia.wdm.cache.ResolutionCache - Resolution chrome=102 in cache (valid until 18:14:23 18/06/2022 ICT)
17:41:11.869 [main] DEBUG io.github.bonigarcia.wdm.cache.ResolutionCache - Resolution chrome102=102.0.5005.61 in cache (valid until 17:29:52 19/06/2022 ICT)
17:41:11.876 [main] INFO io.github.bonigarcia.wdm.WebDriverManager - Using chromedriver 102.0.5005.61 (resolved driver for Chrome 102)
17:41:11.929 [main] DEBUG io.github.bonigarcia.wdm.WebDriverManager - Driver chromedriver 102.0.5005.61 found in cache
17:41:11.930 [main] INFO io.github.bonigarcia.wdm.WebDriverManager - Exporting webdriver.chrome.driver as C:\Users\USER\.cache\selenium\chromedriver\win32\102.0.5005.61\chromedriver.exe
17:41:12.273 [main] DEBUG net.serenitybdd.core.webdriver.driverproviders.ProvideNewDriver - Instantiating driver
17:41:12.273 [main] DEBUG net.serenitybdd.core.webdriver.driverproviders.ProvideNewDriver - Driver capabilities: Capabilities {acceptInsecureCerts: false, base.url: https://hospital-management..., browserName: chrome, chrome.driver: src/test/resources/webdrive..., driver: chrome, goog:chromeOptions: {args: [], extensions: []}}
17:41:12.818 [AsyncHttpClient-1-9] DEBUG org.asynchttpclient.netty.channel.NettyConnectListener - Using new Channel '[id: 0x7d0c17e8, L:/127.0.0.1:57303 - R:localhost/127.0.0.1:64542]' for 'POST' to '/session'
17:41:14.915 [AsyncHttpClient-1-9] DEBUG org.asynchttpclient.netty.handler.HttpHandler - 

Request DefaultHttpRequest(decodeResult: success, version: HTTP/1.1)
POST /session HTTP/1.1
User-Agent: selenium/4.1.2 (java windows)
Content-Length: 621
Content-Type: application/json; charset=utf-8
host: localhost:64542
accept: */*

Response DefaultHttpResponse(decodeResult: success, version: HTTP/1.1)
HTTP/1.1 200 OK
Content-Type: application/json; charset=utf-8
cache-control: no-cache
content-length: 789

17:41:14.915 [AsyncHttpClient-1-9] DEBUG org.asynchttpclient.netty.channel.ChannelManager - Adding key: http://localhost:64542 for channel [id: 0x7d0c17e8, L:/127.0.0.1:57303 - R:localhost/127.0.0.1:64542]
17:41:14.922 [AsyncHttpClient-1-2] DEBUG org.asynchttpclient.netty.channel.NettyConnectListener - Using new Channel '[id: 0x73ce488e, L:/127.0.0.1:57311 - R:localhost/127.0.0.1:57305]' for 'GET' to '/json/version'
17:41:14.922 [AsyncHttpClient-1-2] DEBUG org.asynchttpclient.netty.handler.HttpHandler - 

Request DefaultFullHttpRequest(decodeResult: success, version: HTTP/1.1, content: EmptyByteBufBE)
GET /json/version HTTP/1.1
User-Agent: selenium/4.1.2 (java windows)
host: localhost:57305
accept: */*

Response DefaultHttpResponse(decodeResult: success, version: HTTP/1.1)
HTTP/1.1 200 OK
Content-Type: application/json; charset=UTF-8
content-length: 427

17:41:14.923 [AsyncHttpClient-1-2] DEBUG org.asynchttpclient.netty.channel.ChannelManager - Adding key: http://localhost:57305 for channel [id: 0x73ce488e, L:/127.0.0.1:57311 - R:localhost/127.0.0.1:57305]
17:41:14.925 [AsyncHttpClient-1-3] DEBUG org.asynchttpclient.netty.channel.NettyConnectListener - Using new Channel '[id: 0x4d66a456, L:/127.0.0.1:57312 - R:localhost/127.0.0.1:57305]' for 'GET' to '/devtools/browser/0e62b17b-6581-474b-ae62-c74df314c3f6'
17:41:14.927 [AsyncHttpClient-1-3] DEBUG org.asynchttpclient.netty.handler.WebSocketHandler - 

Request DefaultFullHttpRequest(decodeResult: success, version: HTTP/1.1, content: EmptyByteBufBE)
GET /devtools/browser/0e62b17b-6581-474b-ae62-c74df314c3f6 HTTP/1.1
upgrade: websocket
connection: upgrade
sec-websocket-key: GAIfzr5928LFya/a3GXbcg==
sec-websocket-version: 13
origin: http://localhost:57305
host: localhost:57305
accept: */*
user-agent: AHC/2.1

Response DefaultHttpResponse(decodeResult: success, version: HTTP/1.1)
HTTP/1.1 101 WebSocket Protocol Handshake
Upgrade: WebSocket
Connection: Upgrade
Sec-WebSocket-Accept: Y+U1MQ4TBX9sgmRkH9x0BpFSP5I=

17:41:14.933 [Forwarding maximizeCurrentWindow on session b354cad6fc18f944e823204feb32139d to remote] DEBUG org.asynchttpclient.netty.request.NettyRequestSender - Using pooled Channel '[id: 0x7d0c17e8, L:/127.0.0.1:57303 - R:localhost/127.0.0.1:64542]' for 'POST' to 'http://localhost:64542/session/b354cad6fc18f944e823204feb32139d/window/maximize'
17:41:14.933 [Forwarding maximizeCurrentWindow on session b354cad6fc18f944e823204feb32139d to remote] DEBUG org.asynchttpclient.netty.request.NettyRequestSender - Using open Channel [id: 0x7d0c17e8, L:/127.0.0.1:57303 - R:localhost/127.0.0.1:64542] for POST '/session/b354cad6fc18f944e823204feb32139d/window/maximize'
17:41:15.049 [AsyncHttpClient-1-9] DEBUG org.asynchttpclient.netty.handler.HttpHandler - 

Request DefaultHttpRequest(decodeResult: success, version: HTTP/1.1)
POST /session/b354cad6fc18f944e823204feb32139d/window/maximize HTTP/1.1
User-Agent: selenium/4.1.2 (java windows)
Content-Length: 3
Content-Type: application/json; charset=utf-8
host: localhost:64542
accept: */*

Response DefaultHttpResponse(decodeResult: success, version: HTTP/1.1)
HTTP/1.1 200 OK
Content-Type: application/json; charset=utf-8
cache-control: no-cache
content-length: 51

17:41:15.049 [AsyncHttpClient-1-9] DEBUG org.asynchttpclient.netty.channel.ChannelManager - Adding key: http://localhost:64542 for channel [id: 0x7d0c17e8, L:/127.0.0.1:57303 - R:localhost/127.0.0.1:64542]
17:41:15.051 [Forwarding get on session b354cad6fc18f944e823204feb32139d to remote] DEBUG org.asynchttpclient.netty.request.NettyRequestSender - Using pooled Channel '[id: 0x7d0c17e8, L:/127.0.0.1:57303 - R:localhost/127.0.0.1:64542]' for 'POST' to 'http://localhost:64542/session/b354cad6fc18f944e823204feb32139d/url'
17:41:15.051 [Forwarding get on session b354cad6fc18f944e823204feb32139d to remote] DEBUG org.asynchttpclient.netty.request.NettyRequestSender - Using open Channel [id: 0x7d0c17e8, L:/127.0.0.1:57303 - R:localhost/127.0.0.1:64542] for POST '/session/b354cad6fc18f944e823204feb32139d/url'
17:41:15.802 [AsyncHttpClient-1-1] DEBUG org.asynchttpclient.netty.channel.DefaultChannelPool - Entry count for : http://localhost:57305 : 1
17:41:16.906 [AsyncHttpClient-1-1] DEBUG org.asynchttpclient.netty.channel.DefaultChannelPool - Entry count for : http://localhost:57305 : 1
17:41:18.002 [AsyncHttpClient-1-1] DEBUG org.asynchttpclient.netty.channel.DefaultChannelPool - Entry count for : http://localhost:57305 : 1
17:41:19.101 [AsyncHttpClient-1-1] DEBUG org.asynchttpclient.netty.channel.DefaultChannelPool - Entry count for : http://localhost:57305 : 1
17:41:19.349 [AsyncHttpClient-1-9] DEBUG org.asynchttpclient.netty.handler.HttpHandler - 

Request DefaultHttpRequest(decodeResult: success, version: HTTP/1.1)
POST /session/b354cad6fc18f944e823204feb32139d/url HTTP/1.1
User-Agent: selenium/4.1.2 (java windows)
Content-Length: 65
Content-Type: application/json; charset=utf-8
host: localhost:64542
accept: */*

Response DefaultHttpResponse(decodeResult: success, version: HTTP/1.1)
HTTP/1.1 200 OK
Content-Type: application/json; charset=utf-8
cache-control: no-cache
content-length: 14

17:41:19.350 [AsyncHttpClient-1-9] DEBUG org.asynchttpclient.netty.channel.ChannelManager - Adding key: http://localhost:64542 for channel [id: 0x7d0c17e8, L:/127.0.0.1:57303 - R:localhost/127.0.0.1:64542]
17:41:19.353 [Forwarding setTimeout on session b354cad6fc18f944e823204feb32139d to remote] DEBUG org.asynchttpclient.netty.request.NettyRequestSender - Using pooled Channel '[id: 0x7d0c17e8, L:/127.0.0.1:57303 - R:localhost/127.0.0.1:64542]' for 'POST' to 'http://localhost:64542/session/b354cad6fc18f944e823204feb32139d/timeouts'
17:41:19.354 [Forwarding setTimeout on session b354cad6fc18f944e823204feb32139d to remote] DEBUG org.asynchttpclient.netty.request.NettyRequestSender - Using open Channel [id: 0x7d0c17e8, L:/127.0.0.1:57303 - R:localhost/127.0.0.1:64542] for POST '/session/b354cad6fc18f944e823204feb32139d/timeouts'
17:41:19.355 [AsyncHttpClient-1-9] DEBUG org.asynchttpclient.netty.handler.HttpHandler - 

Request DefaultHttpRequest(decodeResult: success, version: HTTP/1.1)
POST /session/b354cad6fc18f944e823204feb32139d/timeouts HTTP/1.1
User-Agent: selenium/4.1.2 (java windows)
Content-Length: 22
Content-Type: application/json; charset=utf-8
host: localhost:64542
accept: */*

Response DefaultHttpResponse(decodeResult: success, version: HTTP/1.1)
HTTP/1.1 200 OK
Content-Type: application/json; charset=utf-8
cache-control: no-cache
content-length: 14

17:41:19.355 [AsyncHttpClient-1-9] DEBUG org.asynchttpclient.netty.channel.ChannelManager - Adding key: http://localhost:64542 for channel [id: 0x7d0c17e8, L:/127.0.0.1:57303 - R:localhost/127.0.0.1:64542]
17:41:19.361 [Forwarding getCurrentUrl on session b354cad6fc18f944e823204feb32139d to remote] DEBUG org.asynchttpclient.netty.request.NettyRequestSender - Using pooled Channel '[id: 0x7d0c17e8, L:/127.0.0.1:57303 - R:localhost/127.0.0.1:64542]' for 'GET' to 'http://localhost:64542/session/b354cad6fc18f944e823204feb32139d/url'
17:41:19.361 [Forwarding getCurrentUrl on session b354cad6fc18f944e823204feb32139d to remote] DEBUG org.asynchttpclient.netty.request.NettyRequestSender - Using open Channel [id: 0x7d0c17e8, L:/127.0.0.1:57303 - R:localhost/127.0.0.1:64542] for GET '/session/b354cad6fc18f944e823204feb32139d/url'
17:41:19.368 [AsyncHttpClient-1-9] DEBUG org.asynchttpclient.netty.handler.HttpHandler - 

Request DefaultFullHttpRequest(decodeResult: success, version: HTTP/1.1, content: EmptyByteBufBE)
GET /session/b354cad6fc18f944e823204feb32139d/url HTTP/1.1
User-Agent: selenium/4.1.2 (java windows)
Cache-Control: no-cache
Content-Type: application/json; charset=utf-8
host: localhost:64542
accept: */*

Response DefaultHttpResponse(decodeResult: success, version: HTTP/1.1)
HTTP/1.1 200 OK
Content-Type: application/json; charset=utf-8
cache-control: no-cache
content-length: 53

17:41:19.368 [AsyncHttpClient-1-9] DEBUG org.asynchttpclient.netty.channel.ChannelManager - Adding key: http://localhost:64542 for channel [id: 0x7d0c17e8, L:/127.0.0.1:57303 - R:localhost/127.0.0.1:64542]
17:41:19.374 [Forwarding getCurrentUrl on session b354cad6fc18f944e823204feb32139d to remote] DEBUG org.asynchttpclient.netty.request.NettyRequestSender - Using pooled Channel '[id: 0x7d0c17e8, L:/127.0.0.1:57303 - R:localhost/127.0.0.1:64542]' for 'GET' to 'http://localhost:64542/session/b354cad6fc18f944e823204feb32139d/url'
17:41:19.374 [Forwarding getCurrentUrl on session b354cad6fc18f944e823204feb32139d to remote] DEBUG org.asynchttpclient.netty.request.NettyRequestSender - Using open Channel [id: 0x7d0c17e8, L:/127.0.0.1:57303 - R:localhost/127.0.0.1:64542] for GET '/session/b354cad6fc18f944e823204feb32139d/url'
17:41:19.381 [AsyncHttpClient-1-9] DEBUG org.asynchttpclient.netty.handler.HttpHandler - 

Request DefaultFullHttpRequest(decodeResult: success, version: HTTP/1.1, content: EmptyByteBufBE)
GET /session/b354cad6fc18f944e823204feb32139d/url HTTP/1.1
User-Agent: selenium/4.1.2 (java windows)
Cache-Control: no-cache
Content-Type: application/json; charset=utf-8
host: localhost:64542
accept: */*

Response DefaultHttpResponse(decodeResult: success, version: HTTP/1.1)
HTTP/1.1 200 OK
Content-Type: application/json; charset=utf-8
cache-control: no-cache
content-length: 53

17:41:19.382 [AsyncHttpClient-1-9] DEBUG org.asynchttpclient.netty.channel.ChannelManager - Adding key: http://localhost:64542 for channel [id: 0x7d0c17e8, L:/127.0.0.1:57303 - R:localhost/127.0.0.1:64542]
17:41:19.390 [Forwarding screenshot on session b354cad6fc18f944e823204feb32139d to remote] DEBUG org.asynchttpclient.netty.request.NettyRequestSender - Using pooled Channel '[id: 0x7d0c17e8, L:/127.0.0.1:57303 - R:localhost/127.0.0.1:64542]' for 'GET' to 'http://localhost:64542/session/b354cad6fc18f944e823204feb32139d/screenshot'
17:41:19.390 [Forwarding screenshot on session b354cad6fc18f944e823204feb32139d to remote] DEBUG org.asynchttpclient.netty.request.NettyRequestSender - Using open Channel [id: 0x7d0c17e8, L:/127.0.0.1:57303 - R:localhost/127.0.0.1:64542] for GET '/session/b354cad6fc18f944e823204feb32139d/screenshot'
17:41:19.737 [AsyncHttpClient-1-9] DEBUG org.asynchttpclient.netty.handler.HttpHandler - 

Request DefaultFullHttpRequest(decodeResult: success, version: HTTP/1.1, content: EmptyByteBufBE)
GET /session/b354cad6fc18f944e823204feb32139d/screenshot HTTP/1.1
User-Agent: selenium/4.1.2 (java windows)
Cache-Control: no-cache
Content-Type: application/json; charset=utf-8
host: localhost:64542
accept: */*

Response DefaultHttpResponse(decodeResult: success, version: HTTP/1.1)
HTTP/1.1 200 OK
Content-Type: application/json; charset=utf-8
cache-control: no-cache
content-length: 382596

17:41:19.740 [AsyncHttpClient-1-9] DEBUG org.asynchttpclient.netty.channel.ChannelManager - Adding key: http://localhost:64542 for channel [id: 0x7d0c17e8, L:/127.0.0.1:57303 - R:localhost/127.0.0.1:64542]
17:41:19.785 [main] DEBUG net.serenitybdd.core.photography.Darkroom - Send negative for processing for target\site\serenity\ed15a54c91c342d96a850276df7b559f4526b370fc93040e3c407a48a170f368.png
17:41:19.785 [main] DEBUG net.thucydides.core.steps.StepInterceptor - STEP DONE: openUrl
17:41:19.798 [main] DEBUG net.thucydides.core.steps.StepInterceptor - STARTING STEP: DashboardSteps.iAmOnTheDashboardPage - validateOnDashboardPage
17:41:19.802 [Forwarding findElement on session b354cad6fc18f944e823204feb32139d to remote] DEBUG org.asynchttpclient.netty.request.NettyRequestSender - Using pooled Channel '[id: 0x7d0c17e8, L:/127.0.0.1:57303 - R:localhost/127.0.0.1:64542]' for 'POST' to 'http://localhost:64542/session/b354cad6fc18f944e823204feb32139d/element'
17:41:19.802 [Forwarding findElement on session b354cad6fc18f944e823204feb32139d to remote] DEBUG org.asynchttpclient.netty.request.NettyRequestSender - Using open Channel [id: 0x7d0c17e8, L:/127.0.0.1:57303 - R:localhost/127.0.0.1:64542] for POST '/session/b354cad6fc18f944e823204feb32139d/element'
17:41:19.827 [AsyncHttpClient-1-9] DEBUG org.asynchttpclient.netty.handler.HttpHandler - 

Request DefaultHttpRequest(decodeResult: success, version: HTTP/1.1)
POST /session/b354cad6fc18f944e823204feb32139d/element HTTP/1.1
User-Agent: selenium/4.1.2 (java windows)
Content-Length: 81
Content-Type: application/json; charset=utf-8
host: localhost:64542
accept: */*

Response DefaultHttpResponse(decodeResult: success, version: HTTP/1.1)
HTTP/1.1 200 OK
Content-Type: application/json; charset=utf-8
cache-control: no-cache
content-length: 88

17:41:19.827 [AsyncHttpClient-1-9] DEBUG org.asynchttpclient.netty.channel.ChannelManager - Adding key: http://localhost:64542 for channel [id: 0x7d0c17e8, L:/127.0.0.1:57303 - R:localhost/127.0.0.1:64542]
17:41:19.834 [Forwarding isElementDisplayed on session b354cad6fc18f944e823204feb32139d to remote] DEBUG org.asynchttpclient.netty.request.NettyRequestSender - Using pooled Channel '[id: 0x7d0c17e8, L:/127.0.0.1:57303 - R:localhost/127.0.0.1:64542]' for 'POST' to 'http://localhost:64542/session/b354cad6fc18f944e823204feb32139d/execute/sync'
17:41:19.834 [Forwarding isElementDisplayed on session b354cad6fc18f944e823204feb32139d to remote] DEBUG org.asynchttpclient.netty.request.NettyRequestSender - Using open Channel [id: 0x7d0c17e8, L:/127.0.0.1:57303 - R:localhost/127.0.0.1:64542] for POST '/session/b354cad6fc18f944e823204feb32139d/execute/sync'
17:41:19.859 [AsyncHttpClient-1-9] DEBUG org.asynchttpclient.netty.handler.HttpHandler - 

Request DefaultHttpRequest(decodeResult: success, version: HTTP/1.1)
POST /session/b354cad6fc18f944e823204feb32139d/execute/sync HTTP/1.1
User-Agent: selenium/4.1.2 (java windows)
Content-Length: 48780
Content-Type: application/json; charset=utf-8
host: localhost:64542
accept: */*

Response DefaultHttpResponse(decodeResult: success, version: HTTP/1.1)
HTTP/1.1 200 OK
Content-Type: application/json; charset=utf-8
cache-control: no-cache
content-length: 14

17:41:19.860 [AsyncHttpClient-1-9] DEBUG org.asynchttpclient.netty.channel.ChannelManager - Adding key: http://localhost:64542 for channel [id: 0x7d0c17e8, L:/127.0.0.1:57303 - R:localhost/127.0.0.1:64542]
17:41:19.868 [Forwarding screenshot on session b354cad6fc18f944e823204feb32139d to remote] DEBUG org.asynchttpclient.netty.request.NettyRequestSender - Using pooled Channel '[id: 0x7d0c17e8, L:/127.0.0.1:57303 - R:localhost/127.0.0.1:64542]' for 'GET' to 'http://localhost:64542/session/b354cad6fc18f944e823204feb32139d/screenshot'
17:41:19.868 [Forwarding screenshot on session b354cad6fc18f944e823204feb32139d to remote] DEBUG org.asynchttpclient.netty.request.NettyRequestSender - Using open Channel [id: 0x7d0c17e8, L:/127.0.0.1:57303 - R:localhost/127.0.0.1:64542] for GET '/session/b354cad6fc18f944e823204feb32139d/screenshot'
17:41:20.197 [AsyncHttpClient-1-9] DEBUG org.asynchttpclient.netty.handler.HttpHandler - 

Request DefaultFullHttpRequest(decodeResult: success, version: HTTP/1.1, content: EmptyByteBufBE)
GET /session/b354cad6fc18f944e823204feb32139d/screenshot HTTP/1.1
User-Agent: selenium/4.1.2 (java windows)
Cache-Control: no-cache
Content-Type: application/json; charset=utf-8
host: localhost:64542
accept: */*

Response DefaultHttpResponse(decodeResult: success, version: HTTP/1.1)
HTTP/1.1 200 OK
Content-Type: application/json; charset=utf-8
cache-control: no-cache
content-length: 382596

17:41:20.200 [AsyncHttpClient-1-1] DEBUG org.asynchttpclient.netty.channel.DefaultChannelPool - Entry count for : http://localhost:57305 : 1
17:41:20.200 [AsyncHttpClient-1-9] DEBUG org.asynchttpclient.netty.channel.ChannelManager - Adding key: http://localhost:64542 for channel [id: 0x7d0c17e8, L:/127.0.0.1:57303 - R:localhost/127.0.0.1:64542]
17:41:20.228 [main] DEBUG net.serenitybdd.core.photography.Darkroom - Send negative for processing for target\site\serenity\ed15a54c91c342d96a850276df7b559f4526b370fc93040e3c407a48a170f368.png
17:41:20.229 [main] DEBUG net.thucydides.core.steps.StepInterceptor - STEP DONE: validateOnDashboardPage
  &amp#27;[32mGiven &amp#27;[0m&amp#27;[32mI am on the dashboard page&amp#27;[0m            &amp#27;[90m# starter.stepdefinitions.DashboardSteps.iAmOnTheDashboardPage()&amp#27;[0m
17:41:20.282 [Forwarding screenshot on session b354cad6fc18f944e823204feb32139d to remote] DEBUG org.asynchttpclient.netty.request.NettyRequestSender - Using pooled Channel '[id: 0x7d0c17e8, L:/127.0.0.1:57303 - R:localhost/127.0.0.1:64542]' for 'GET' to 'http://localhost:64542/session/b354cad6fc18f944e823204feb32139d/screenshot'
17:41:20.282 [Forwarding screenshot on session b354cad6fc18f944e823204feb32139d to remote] DEBUG org.asynchttpclient.netty.request.NettyRequestSender - Using open Channel [id: 0x7d0c17e8, L:/127.0.0.1:57303 - R:localhost/127.0.0.1:64542] for GET '/session/b354cad6fc18f944e823204feb32139d/screenshot'
17:41:20.592 [AsyncHttpClient-1-9] DEBUG org.asynchttpclient.netty.handler.HttpHandler - 

Request DefaultFullHttpRequest(decodeResult: success, version: HTTP/1.1, content: EmptyByteBufBE)
GET /session/b354cad6fc18f944e823204feb32139d/screenshot HTTP/1.1
User-Agent: selenium/4.1.2 (java windows)
Cache-Control: no-cache
Content-Type: application/json; charset=utf-8
host: localhost:64542
accept: */*

Response DefaultHttpResponse(decodeResult: success, version: HTTP/1.1)
HTTP/1.1 200 OK
Content-Type: application/json; charset=utf-8
cache-control: no-cache
content-length: 382596

17:41:20.595 [AsyncHttpClient-1-9] DEBUG org.asynchttpclient.netty.channel.ChannelManager - Adding key: http://localhost:64542 for channel [id: 0x7d0c17e8, L:/127.0.0.1:57303 - R:localhost/127.0.0.1:64542]
17:41:20.616 [main] DEBUG net.serenitybdd.core.photography.Darkroom - Send negative for processing for target\site\serenity\ed15a54c91c342d96a850276df7b559f4526b370fc93040e3c407a48a170f368.png
17:41:20.616 [main] DEBUG net.thucydides.core.steps.StepInterceptor - STARTING STEP: AppointmentSteps.iClickMenuAppointment - clickMenuAppointmentButton
17:41:20.620 [Forwarding findElement on session b354cad6fc18f944e823204feb32139d to remote] DEBUG org.asynchttpclient.netty.request.NettyRequestSender - Using pooled Channel '[id: 0x7d0c17e8, L:/127.0.0.1:57303 - R:localhost/127.0.0.1:64542]' for 'POST' to 'http://localhost:64542/session/b354cad6fc18f944e823204feb32139d/element'
17:41:20.620 [Forwarding findElement on session b354cad6fc18f944e823204feb32139d to remote] DEBUG org.asynchttpclient.netty.request.NettyRequestSender - Using open Channel [id: 0x7d0c17e8, L:/127.0.0.1:57303 - R:localhost/127.0.0.1:64542] for POST '/session/b354cad6fc18f944e823204feb32139d/element'
17:41:20.635 [AsyncHttpClient-1-9] DEBUG org.asynchttpclient.netty.handler.HttpHandler - 

Request DefaultHttpRequest(decodeResult: success, version: HTTP/1.1)
POST /session/b354cad6fc18f944e823204feb32139d/element HTTP/1.1
User-Agent: selenium/4.1.2 (java windows)
Content-Length: 84
Content-Type: application/json; charset=utf-8
host: localhost:64542
accept: */*

Response DefaultHttpResponse(decodeResult: success, version: HTTP/1.1)
HTTP/1.1 200 OK
Content-Type: application/json; charset=utf-8
cache-control: no-cache
content-length: 88

17:41:20.635 [AsyncHttpClient-1-9] DEBUG org.asynchttpclient.netty.channel.ChannelManager - Adding key: http://localhost:64542 for channel [id: 0x7d0c17e8, L:/127.0.0.1:57303 - R:localhost/127.0.0.1:64542]
17:41:20.636 [Forwarding getElementTagName on session b354cad6fc18f944e823204feb32139d to remote] DEBUG org.asynchttpclient.netty.request.NettyRequestSender - Using pooled Channel '[id: 0x7d0c17e8, L:/127.0.0.1:57303 - R:localhost/127.0.0.1:64542]' for 'GET' to 'http://localhost:64542/session/b354cad6fc18f944e823204feb32139d/element/bf910045-1cc7-47ea-aba1-20bee8bee7be/name'
17:41:20.637 [Forwarding getElementTagName on session b354cad6fc18f944e823204feb32139d to remote] DEBUG org.asynchttpclient.netty.request.NettyRequestSender - Using open Channel [id: 0x7d0c17e8, L:/127.0.0.1:57303 - R:localhost/127.0.0.1:64542] for GET '/session/b354cad6fc18f944e823204feb32139d/element/bf910045-1cc7-47ea-aba1-20bee8bee7be/name'
17:41:20.642 [AsyncHttpClient-1-9] DEBUG org.asynchttpclient.netty.handler.HttpHandler - 

Request DefaultFullHttpRequest(decodeResult: success, version: HTTP/1.1, content: EmptyByteBufBE)
GET /session/b354cad6fc18f944e823204feb32139d/element/bf910045-1cc7-47ea-aba1-20bee8bee7be/name HTTP/1.1
User-Agent: selenium/4.1.2 (java windows)
Cache-Control: no-cache
Content-Type: application/json; charset=utf-8
host: localhost:64542
accept: */*

Response DefaultHttpResponse(decodeResult: success, version: HTTP/1.1)
HTTP/1.1 200 OK
Content-Type: application/json; charset=utf-8
cache-control: no-cache
content-length: 15

17:41:20.642 [AsyncHttpClient-1-9] DEBUG org.asynchttpclient.netty.channel.ChannelManager - Adding key: http://localhost:64542 for channel [id: 0x7d0c17e8, L:/127.0.0.1:57303 - R:localhost/127.0.0.1:64542]
17:41:20.644 [Forwarding getElementTagName on session b354cad6fc18f944e823204feb32139d to remote] DEBUG org.asynchttpclient.netty.request.NettyRequestSender - Using pooled Channel '[id: 0x7d0c17e8, L:/127.0.0.1:57303 - R:localhost/127.0.0.1:64542]' for 'GET' to 'http://localhost:64542/session/b354cad6fc18f944e823204feb32139d/element/bf910045-1cc7-47ea-aba1-20bee8bee7be/name'
17:41:20.644 [Forwarding getElementTagName on session b354cad6fc18f944e823204feb32139d to remote] DEBUG org.asynchttpclient.netty.request.NettyRequestSender - Using open Channel [id: 0x7d0c17e8, L:/127.0.0.1:57303 - R:localhost/127.0.0.1:64542] for GET '/session/b354cad6fc18f944e823204feb32139d/element/bf910045-1cc7-47ea-aba1-20bee8bee7be/name'
17:41:20.648 [AsyncHttpClient-1-9] DEBUG org.asynchttpclient.netty.handler.HttpHandler - 

Request DefaultFullHttpRequest(decodeResult: success, version: HTTP/1.1, content: EmptyByteBufBE)
GET /session/b354cad6fc18f944e823204feb32139d/element/bf910045-1cc7-47ea-aba1-20bee8bee7be/name HTTP/1.1
User-Agent: selenium/4.1.2 (java windows)
Cache-Control: no-cache
Content-Type: application/json; charset=utf-8
host: localhost:64542
accept: */*

Response DefaultHttpResponse(decodeResult: success, version: HTTP/1.1)
HTTP/1.1 200 OK
Content-Type: application/json; charset=utf-8
cache-control: no-cache
content-length: 15

17:41:20.648 [AsyncHttpClient-1-9] DEBUG org.asynchttpclient.netty.channel.ChannelManager - Adding key: http://localhost:64542 for channel [id: 0x7d0c17e8, L:/127.0.0.1:57303 - R:localhost/127.0.0.1:64542]
17:41:20.650 [Forwarding findElement on session b354cad6fc18f944e823204feb32139d to remote] DEBUG org.asynchttpclient.netty.request.NettyRequestSender - Using pooled Channel '[id: 0x7d0c17e8, L:/127.0.0.1:57303 - R:localhost/127.0.0.1:64542]' for 'POST' to 'http://localhost:64542/session/b354cad6fc18f944e823204feb32139d/element'
17:41:20.651 [Forwarding findElement on session b354cad6fc18f944e823204feb32139d to remote] DEBUG org.asynchttpclient.netty.request.NettyRequestSender - Using open Channel [id: 0x7d0c17e8, L:/127.0.0.1:57303 - R:localhost/127.0.0.1:64542] for POST '/session/b354cad6fc18f944e823204feb32139d/element'
17:41:20.659 [AsyncHttpClient-1-9] DEBUG org.asynchttpclient.netty.handler.HttpHandler - 

Request DefaultHttpRequest(decodeResult: success, version: HTTP/1.1)
POST /session/b354cad6fc18f944e823204feb32139d/element HTTP/1.1
User-Agent: selenium/4.1.2 (java windows)
Content-Length: 84
Content-Type: application/json; charset=utf-8
host: localhost:64542
accept: */*

Response DefaultHttpResponse(decodeResult: success, version: HTTP/1.1)
HTTP/1.1 200 OK
Content-Type: application/json; charset=utf-8
cache-control: no-cache
content-length: 88

17:41:20.659 [AsyncHttpClient-1-9] DEBUG org.asynchttpclient.netty.channel.ChannelManager - Adding key: http://localhost:64542 for channel [id: 0x7d0c17e8, L:/127.0.0.1:57303 - R:localhost/127.0.0.1:64542]
17:41:20.661 [Forwarding clickElement on session b354cad6fc18f944e823204feb32139d to remote] DEBUG org.asynchttpclient.netty.request.NettyRequestSender - Using pooled Channel '[id: 0x7d0c17e8, L:/127.0.0.1:57303 - R:localhost/127.0.0.1:64542]' for 'POST' to 'http://localhost:64542/session/b354cad6fc18f944e823204feb32139d/element/bf910045-1cc7-47ea-aba1-20bee8bee7be/click'
17:41:20.661 [Forwarding clickElement on session b354cad6fc18f944e823204feb32139d to remote] DEBUG org.asynchttpclient.netty.request.NettyRequestSender - Using open Channel [id: 0x7d0c17e8, L:/127.0.0.1:57303 - R:localhost/127.0.0.1:64542] for POST '/session/b354cad6fc18f944e823204feb32139d/element/bf910045-1cc7-47ea-aba1-20bee8bee7be/click'
17:41:20.917 [AsyncHttpClient-1-9] DEBUG org.asynchttpclient.netty.handler.HttpHandler - 

Request DefaultHttpRequest(decodeResult: success, version: HTTP/1.1)
POST /session/b354cad6fc18f944e823204feb32139d/element/bf910045-1cc7-47ea-aba1-20bee8bee7be/click HTTP/1.1
User-Agent: selenium/4.1.2 (java windows)
Content-Length: 50
Content-Type: application/json; charset=utf-8
host: localhost:64542
accept: */*

Response DefaultHttpResponse(decodeResult: success, version: HTTP/1.1)
HTTP/1.1 200 OK
Content-Type: application/json; charset=utf-8
cache-control: no-cache
content-length: 14

17:41:20.918 [AsyncHttpClient-1-9] DEBUG org.asynchttpclient.netty.channel.ChannelManager - Adding key: http://localhost:64542 for channel [id: 0x7d0c17e8, L:/127.0.0.1:57303 - R:localhost/127.0.0.1:64542]
17:41:20.927 [Forwarding screenshot on session b354cad6fc18f944e823204feb32139d to remote] DEBUG org.asynchttpclient.netty.request.NettyRequestSender - Using pooled Channel '[id: 0x7d0c17e8, L:/127.0.0.1:57303 - R:localhost/127.0.0.1:64542]' for 'GET' to 'http://localhost:64542/session/b354cad6fc18f944e823204feb32139d/screenshot'
17:41:20.928 [Forwarding screenshot on session b354cad6fc18f944e823204feb32139d to remote] DEBUG org.asynchttpclient.netty.request.NettyRequestSender - Using open Channel [id: 0x7d0c17e8, L:/127.0.0.1:57303 - R:localhost/127.0.0.1:64542] for GET '/session/b354cad6fc18f944e823204feb32139d/screenshot'
17:41:21.048 [AsyncHttpClient-1-9] DEBUG org.asynchttpclient.netty.handler.HttpHandler - 

Request DefaultFullHttpRequest(decodeResult: success, version: HTTP/1.1, content: EmptyByteBufBE)
GET /session/b354cad6fc18f944e823204feb32139d/screenshot HTTP/1.1
User-Agent: selenium/4.1.2 (java windows)
Cache-Control: no-cache
Content-Type: application/json; charset=utf-8
host: localhost:64542
accept: */*

Response DefaultHttpResponse(decodeResult: success, version: HTTP/1.1)
HTTP/1.1 200 OK
Content-Type: application/json; charset=utf-8
cache-control: no-cache
content-length: 77776

17:41:21.049 [AsyncHttpClient-1-9] DEBUG org.asynchttpclient.netty.channel.ChannelManager - Adding key: http://localhost:64542 for channel [id: 0x7d0c17e8, L:/127.0.0.1:57303 - R:localhost/127.0.0.1:64542]
17:41:21.054 [main] DEBUG net.serenitybdd.core.photography.Darkroom - Send negative for processing for target\site\serenity\dde6ee49eef829c4844cc40a8aaa4d6e912eaee4e88eb74d4e912a38905c5f6b.png
17:41:21.054 [main] DEBUG net.thucydides.core.steps.StepInterceptor - STEP DONE: clickMenuAppointmentButton
  &amp#27;[32mAnd &amp#27;[0m&amp#27;[32mI click menu Appointment&amp#27;[0m                &amp#27;[90m# starter.stepdefinitions.AppointmentSteps.iClickMenuAppointment()&amp#27;[0m
17:41:21.073 [main] DEBUG net.thucydides.core.steps.StepInterceptor - STARTING STEP: AppointmentSteps.iClickDeleteAppointmentIcon - clickDeleteAppointmentIcon
17:41:21.077 [Forwarding findElement on session b354cad6fc18f944e823204feb32139d to remote] DEBUG org.asynchttpclient.netty.request.NettyRequestSender - Using pooled Channel '[id: 0x7d0c17e8, L:/127.0.0.1:57303 - R:localhost/127.0.0.1:64542]' for 'POST' to 'http://localhost:64542/session/b354cad6fc18f944e823204feb32139d/element'
17:41:21.077 [Forwarding findElement on session b354cad6fc18f944e823204feb32139d to remote] DEBUG org.asynchttpclient.netty.request.NettyRequestSender - Using open Channel [id: 0x7d0c17e8, L:/127.0.0.1:57303 - R:localhost/127.0.0.1:64542] for POST '/session/b354cad6fc18f944e823204feb32139d/element'
17:41:21.300 [AsyncHttpClient-1-1] DEBUG org.asynchttpclient.netty.channel.DefaultChannelPool - Entry count for : http://localhost:57305 : 1
17:41:21.914 [AsyncHttpClient-1-9] DEBUG org.asynchttpclient.netty.handler.HttpHandler - 

Request DefaultHttpRequest(decodeResult: success, version: HTTP/1.1)
POST /session/b354cad6fc18f944e823204feb32139d/element HTTP/1.1
User-Agent: selenium/4.1.2 (java windows)
Content-Length: 91
Content-Type: application/json; charset=utf-8
host: localhost:64542
accept: */*

Response DefaultHttpResponse(decodeResult: success, version: HTTP/1.1)
HTTP/1.1 200 OK
Content-Type: application/json; charset=utf-8
cache-control: no-cache
content-length: 88

17:41:21.915 [AsyncHttpClient-1-9] DEBUG org.asynchttpclient.netty.channel.ChannelManager - Adding key: http://localhost:64542 for channel [id: 0x7d0c17e8, L:/127.0.0.1:57303 - R:localhost/127.0.0.1:64542]
17:41:21.919 [Forwarding getElementTagName on session b354cad6fc18f944e823204feb32139d to remote] DEBUG org.asynchttpclient.netty.request.NettyRequestSender - Using pooled Channel '[id: 0x7d0c17e8, L:/127.0.0.1:57303 - R:localhost/127.0.0.1:64542]' for 'GET' to 'http://localhost:64542/session/b354cad6fc18f944e823204feb32139d/element/73a2f713-e952-40f8-bc74-cd4044dbed95/name'
17:41:21.919 [Forwarding getElementTagName on session b354cad6fc18f944e823204feb32139d to remote] DEBUG org.asynchttpclient.netty.request.NettyRequestSender - Using open Channel [id: 0x7d0c17e8, L:/127.0.0.1:57303 - R:localhost/127.0.0.1:64542] for GET '/session/b354cad6fc18f944e823204feb32139d/element/73a2f713-e952-40f8-bc74-cd4044dbed95/name'
17:41:21.927 [AsyncHttpClient-1-9] DEBUG org.asynchttpclient.netty.handler.HttpHandler - 

Request DefaultFullHttpRequest(decodeResult: success, version: HTTP/1.1, content: EmptyByteBufBE)
GET /session/b354cad6fc18f944e823204feb32139d/element/73a2f713-e952-40f8-bc74-cd4044dbed95/name HTTP/1.1
User-Agent: selenium/4.1.2 (java windows)
Cache-Control: no-cache
Content-Type: application/json; charset=utf-8
host: localhost:64542
accept: */*

Response DefaultHttpResponse(decodeResult: success, version: HTTP/1.1)
HTTP/1.1 200 OK
Content-Type: application/json; charset=utf-8
cache-control: no-cache
content-length: 18

17:41:21.927 [AsyncHttpClient-1-9] DEBUG org.asynchttpclient.netty.channel.ChannelManager - Adding key: http://localhost:64542 for channel [id: 0x7d0c17e8, L:/127.0.0.1:57303 - R:localhost/127.0.0.1:64542]
17:41:21.929 [Forwarding getElementTagName on session b354cad6fc18f944e823204feb32139d to remote] DEBUG org.asynchttpclient.netty.request.NettyRequestSender - Using pooled Channel '[id: 0x7d0c17e8, L:/127.0.0.1:57303 - R:localhost/127.0.0.1:64542]' for 'GET' to 'http://localhost:64542/session/b354cad6fc18f944e823204feb32139d/element/73a2f713-e952-40f8-bc74-cd4044dbed95/name'
17:41:21.929 [Forwarding getElementTagName on session b354cad6fc18f944e823204feb32139d to remote] DEBUG org.asynchttpclient.netty.request.NettyRequestSender - Using open Channel [id: 0x7d0c17e8, L:/127.0.0.1:57303 - R:localhost/127.0.0.1:64542] for GET '/session/b354cad6fc18f944e823204feb32139d/element/73a2f713-e952-40f8-bc74-cd4044dbed95/name'
17:41:21.934 [AsyncHttpClient-1-9] DEBUG org.asynchttpclient.netty.handler.HttpHandler - 

Request DefaultFullHttpRequest(decodeResult: success, version: HTTP/1.1, content: EmptyByteBufBE)
GET /session/b354cad6fc18f944e823204feb32139d/element/73a2f713-e952-40f8-bc74-cd4044dbed95/name HTTP/1.1
User-Agent: selenium/4.1.2 (java windows)
Cache-Control: no-cache
Content-Type: application/json; charset=utf-8
host: localhost:64542
accept: */*

Response DefaultHttpResponse(decodeResult: success, version: HTTP/1.1)
HTTP/1.1 200 OK
Content-Type: application/json; charset=utf-8
cache-control: no-cache
content-length: 18

17:41:21.934 [AsyncHttpClient-1-9] DEBUG org.asynchttpclient.netty.channel.ChannelManager - Adding key: http://localhost:64542 for channel [id: 0x7d0c17e8, L:/127.0.0.1:57303 - R:localhost/127.0.0.1:64542]
17:41:21.937 [Forwarding isElementEnabled on session b354cad6fc18f944e823204feb32139d to remote] DEBUG org.asynchttpclient.netty.request.NettyRequestSender - Using pooled Channel '[id: 0x7d0c17e8, L:/127.0.0.1:57303 - R:localhost/127.0.0.1:64542]' for 'GET' to 'http://localhost:64542/session/b354cad6fc18f944e823204feb32139d/element/73a2f713-e952-40f8-bc74-cd4044dbed95/enabled'
17:41:21.937 [Forwarding isElementEnabled on session b354cad6fc18f944e823204feb32139d to remote] DEBUG org.asynchttpclient.netty.request.NettyRequestSender - Using open Channel [id: 0x7d0c17e8, L:/127.0.0.1:57303 - R:localhost/127.0.0.1:64542] for GET '/session/b354cad6fc18f944e823204feb32139d/element/73a2f713-e952-40f8-bc74-cd4044dbed95/enabled'
17:41:21.946 [AsyncHttpClient-1-9] DEBUG org.asynchttpclient.netty.handler.HttpHandler - 

Request DefaultFullHttpRequest(decodeResult: success, version: HTTP/1.1, content: EmptyByteBufBE)
GET /session/b354cad6fc18f944e823204feb32139d/element/73a2f713-e952-40f8-bc74-cd4044dbed95/enabled HTTP/1.1
User-Agent: selenium/4.1.2 (java windows)
Cache-Control: no-cache
Content-Type: application/json; charset=utf-8
host: localhost:64542
accept: */*

Response DefaultHttpResponse(decodeResult: success, version: HTTP/1.1)
HTTP/1.1 200 OK
Content-Type: application/json; charset=utf-8
cache-control: no-cache
content-length: 14

17:41:21.946 [AsyncHttpClient-1-9] DEBUG org.asynchttpclient.netty.channel.ChannelManager - Adding key: http://localhost:64542 for channel [id: 0x7d0c17e8, L:/127.0.0.1:57303 - R:localhost/127.0.0.1:64542]
17:41:21.948 [Forwarding isElementEnabled on session b354cad6fc18f944e823204feb32139d to remote] DEBUG org.asynchttpclient.netty.request.NettyRequestSender - Using pooled Channel '[id: 0x7d0c17e8, L:/127.0.0.1:57303 - R:localhost/127.0.0.1:64542]' for 'GET' to 'http://localhost:64542/session/b354cad6fc18f944e823204feb32139d/element/73a2f713-e952-40f8-bc74-cd4044dbed95/enabled'
17:41:21.948 [Forwarding isElementEnabled on session b354cad6fc18f944e823204feb32139d to remote] DEBUG org.asynchttpclient.netty.request.NettyRequestSender - Using open Channel [id: 0x7d0c17e8, L:/127.0.0.1:57303 - R:localhost/127.0.0.1:64542] for GET '/session/b354cad6fc18f944e823204feb32139d/element/73a2f713-e952-40f8-bc74-cd4044dbed95/enabled'
17:41:21.954 [AsyncHttpClient-1-9] DEBUG org.asynchttpclient.netty.handler.HttpHandler - 

Request DefaultFullHttpRequest(decodeResult: success, version: HTTP/1.1, content: EmptyByteBufBE)
GET /session/b354cad6fc18f944e823204feb32139d/element/73a2f713-e952-40f8-bc74-cd4044dbed95/enabled HTTP/1.1
User-Agent: selenium/4.1.2 (java windows)
Cache-Control: no-cache
Content-Type: application/json; charset=utf-8
host: localhost:64542
accept: */*

Response DefaultHttpResponse(decodeResult: success, version: HTTP/1.1)
HTTP/1.1 200 OK
Content-Type: application/json; charset=utf-8
cache-control: no-cache
content-length: 14

17:41:21.954 [AsyncHttpClient-1-9] DEBUG org.asynchttpclient.netty.channel.ChannelManager - Adding key: http://localhost:64542 for channel [id: 0x7d0c17e8, L:/127.0.0.1:57303 - R:localhost/127.0.0.1:64542]
17:41:21.957 [Forwarding findElement on session b354cad6fc18f944e823204feb32139d to remote] DEBUG org.asynchttpclient.netty.request.NettyRequestSender - Using pooled Channel '[id: 0x7d0c17e8, L:/127.0.0.1:57303 - R:localhost/127.0.0.1:64542]' for 'POST' to 'http://localhost:64542/session/b354cad6fc18f944e823204feb32139d/element'
17:41:21.957 [Forwarding findElement on session b354cad6fc18f944e823204feb32139d to remote] DEBUG org.asynchttpclient.netty.request.NettyRequestSender - Using open Channel [id: 0x7d0c17e8, L:/127.0.0.1:57303 - R:localhost/127.0.0.1:64542] for POST '/session/b354cad6fc18f944e823204feb32139d/element'
17:41:21.965 [AsyncHttpClient-1-9] DEBUG org.asynchttpclient.netty.handler.HttpHandler - 

Request DefaultHttpRequest(decodeResult: success, version: HTTP/1.1)
POST /session/b354cad6fc18f944e823204feb32139d/element HTTP/1.1
User-Agent: selenium/4.1.2 (java windows)
Content-Length: 91
Content-Type: application/json; charset=utf-8
host: localhost:64542
accept: */*

Response DefaultHttpResponse(decodeResult: success, version: HTTP/1.1)
HTTP/1.1 200 OK
Content-Type: application/json; charset=utf-8
cache-control: no-cache
content-length: 88

17:41:21.965 [AsyncHttpClient-1-9] DEBUG org.asynchttpclient.netty.channel.ChannelManager - Adding key: http://localhost:64542 for channel [id: 0x7d0c17e8, L:/127.0.0.1:57303 - R:localhost/127.0.0.1:64542]
17:41:21.966 [Forwarding clickElement on session b354cad6fc18f944e823204feb32139d to remote] DEBUG org.asynchttpclient.netty.request.NettyRequestSender - Using pooled Channel '[id: 0x7d0c17e8, L:/127.0.0.1:57303 - R:localhost/127.0.0.1:64542]' for 'POST' to 'http://localhost:64542/session/b354cad6fc18f944e823204feb32139d/element/73a2f713-e952-40f8-bc74-cd4044dbed95/click'
17:41:21.966 [Forwarding clickElement on session b354cad6fc18f944e823204feb32139d to remote] DEBUG org.asynchttpclient.netty.request.NettyRequestSender - Using open Channel [id: 0x7d0c17e8, L:/127.0.0.1:57303 - R:localhost/127.0.0.1:64542] for POST '/session/b354cad6fc18f944e823204feb32139d/element/73a2f713-e952-40f8-bc74-cd4044dbed95/click'
17:41:22.071 [AsyncHttpClient-1-9] DEBUG org.asynchttpclient.netty.handler.HttpHandler - 

Request DefaultHttpRequest(decodeResult: success, version: HTTP/1.1)
POST /session/b354cad6fc18f944e823204feb32139d/element/73a2f713-e952-40f8-bc74-cd4044dbed95/click HTTP/1.1
User-Agent: selenium/4.1.2 (java windows)
Content-Length: 50
Content-Type: application/json; charset=utf-8
host: localhost:64542
accept: */*

Response DefaultHttpResponse(decodeResult: success, version: HTTP/1.1)
HTTP/1.1 200 OK
Content-Type: application/json; charset=utf-8
cache-control: no-cache
content-length: 14

17:41:22.071 [AsyncHttpClient-1-9] DEBUG org.asynchttpclient.netty.channel.ChannelManager - Adding key: http://localhost:64542 for channel [id: 0x7d0c17e8, L:/127.0.0.1:57303 - R:localhost/127.0.0.1:64542]
17:41:22.078 [Forwarding screenshot on session b354cad6fc18f944e823204feb32139d to remote] DEBUG org.asynchttpclient.netty.request.NettyRequestSender - Using pooled Channel '[id: 0x7d0c17e8, L:/127.0.0.1:57303 - R:localhost/127.0.0.1:64542]' for 'GET' to 'http://localhost:64542/session/b354cad6fc18f944e823204feb32139d/screenshot'
17:41:22.078 [Forwarding screenshot on session b354cad6fc18f944e823204feb32139d to remote] DEBUG org.asynchttpclient.netty.request.NettyRequestSender - Using open Channel [id: 0x7d0c17e8, L:/127.0.0.1:57303 - R:localhost/127.0.0.1:64542] for GET '/session/b354cad6fc18f944e823204feb32139d/screenshot'
17:41:22.400 [AsyncHttpClient-1-1] DEBUG org.asynchttpclient.netty.channel.DefaultChannelPool - Entry count for : http://localhost:57305 : 1
17:41:23.425 [AsyncHttpClient-1-9] DEBUG org.asynchttpclient.netty.handler.HttpHandler - 

Request DefaultFullHttpRequest(decodeResult: success, version: HTTP/1.1, content: EmptyByteBufBE)
GET /session/b354cad6fc18f944e823204feb32139d/screenshot HTTP/1.1
User-Agent: selenium/4.1.2 (java windows)
Cache-Control: no-cache
Content-Type: application/json; charset=utf-8
host: localhost:64542
accept: */*

Response DefaultHttpResponse(decodeResult: success, version: HTTP/1.1)
HTTP/1.1 200 OK
Content-Type: application/json; charset=utf-8
cache-control: no-cache
content-length: 97780

17:41:23.426 [AsyncHttpClient-1-9] DEBUG org.asynchttpclient.netty.channel.ChannelManager - Adding key: http://localhost:64542 for channel [id: 0x7d0c17e8, L:/127.0.0.1:57303 - R:localhost/127.0.0.1:64542]
17:41:23.431 [main] DEBUG net.serenitybdd.core.photography.Darkroom - Send negative for processing for target\site\serenity\dc1b6811dc846416e80de82215df3646004853a128298e4704f6afebfd2b7fbd.png
17:41:23.432 [main] DEBUG net.thucydides.core.steps.StepInterceptor - STEP DONE: clickDeleteAppointmentIcon
17:41:23.432 [Darkroom Processing Line] DEBUG net.serenitybdd.core.photography.DarkroomProcessingLine - Processing screenshot image in /var/screenshots/screenshot-10316906992771495875
17:41:23.432 [Darkroom Processing Line] DEBUG net.serenitybdd.core.photography.DarkroomProcessingLine - Saving screenshot to target\site\serenity\dc1b6811dc846416e80de82215df3646004853a128298e4704f6afebfd2b7fbd.png
  &amp#27;[32mWhen &amp#27;[0m&amp#27;[32mI click delete Appointment icon&amp#27;[0m        &amp#27;[90m# starter.stepdefinitions.AppointmentSteps.iClickDeleteAppointmentIcon()&amp#27;[0m
17:41:23.448 [main] DEBUG net.thucydides.core.steps.StepInterceptor - STARTING STEP: AppointmentSteps.iClickTheDeleteButton - clickDeleteAppointmentButton
17:41:23.451 [Forwarding findElement on session b354cad6fc18f944e823204feb32139d to remote] DEBUG org.asynchttpclient.netty.request.NettyRequestSender - Using pooled Channel '[id: 0x7d0c17e8, L:/127.0.0.1:57303 - R:localhost/127.0.0.1:64542]' for 'POST' to 'http://localhost:64542/session/b354cad6fc18f944e823204feb32139d/element'
17:41:23.452 [Forwarding findElement on session b354cad6fc18f944e823204feb32139d to remote] DEBUG org.asynchttpclient.netty.request.NettyRequestSender - Using open Channel [id: 0x7d0c17e8, L:/127.0.0.1:57303 - R:localhost/127.0.0.1:64542] for POST '/session/b354cad6fc18f944e823204feb32139d/element'
17:41:23.469 [AsyncHttpClient-1-9] DEBUG org.asynchttpclient.netty.handler.HttpHandler - 

Request DefaultHttpRequest(decodeResult: success, version: HTTP/1.1)
POST /session/b354cad6fc18f944e823204feb32139d/element HTTP/1.1
User-Agent: selenium/4.1.2 (java windows)
Content-Length: 104
Content-Type: application/json; charset=utf-8
host: localhost:64542
accept: */*

Response DefaultHttpResponse(decodeResult: success, version: HTTP/1.1)
HTTP/1.1 200 OK
Content-Type: application/json; charset=utf-8
cache-control: no-cache
content-length: 88

17:41:23.469 [AsyncHttpClient-1-9] DEBUG org.asynchttpclient.netty.channel.ChannelManager - Adding key: http://localhost:64542 for channel [id: 0x7d0c17e8, L:/127.0.0.1:57303 - R:localhost/127.0.0.1:64542]
17:41:23.471 [Forwarding getElementTagName on session b354cad6fc18f944e823204feb32139d to remote] DEBUG org.asynchttpclient.netty.request.NettyRequestSender - Using pooled Channel '[id: 0x7d0c17e8, L:/127.0.0.1:57303 - R:localhost/127.0.0.1:64542]' for 'GET' to 'http://localhost:64542/session/b354cad6fc18f944e823204feb32139d/element/0084b8a0-831f-4c1b-ac08-5fe6f9e66d93/name'
17:41:23.471 [Forwarding getElementTagName on session b354cad6fc18f944e823204feb32139d to remote] DEBUG org.asynchttpclient.netty.request.NettyRequestSender - Using open Channel [id: 0x7d0c17e8, L:/127.0.0.1:57303 - R:localhost/127.0.0.1:64542] for GET '/session/b354cad6fc18f944e823204feb32139d/element/0084b8a0-831f-4c1b-ac08-5fe6f9e66d93/name'
17:41:23.475 [AsyncHttpClient-1-9] DEBUG org.asynchttpclient.netty.handler.HttpHandler - 

Request DefaultFullHttpRequest(decodeResult: success, version: HTTP/1.1, content: EmptyByteBufBE)
GET /session/b354cad6fc18f944e823204feb32139d/element/0084b8a0-831f-4c1b-ac08-5fe6f9e66d93/name HTTP/1.1
User-Agent: selenium/4.1.2 (java windows)
Cache-Control: no-cache
Content-Type: application/json; charset=utf-8
host: localhost:64542
accept: */*

Response DefaultHttpResponse(decodeResult: success, version: HTTP/1.1)
HTTP/1.1 200 OK
Content-Type: application/json; charset=utf-8
cache-control: no-cache
content-length: 18

17:41:23.475 [AsyncHttpClient-1-9] DEBUG org.asynchttpclient.netty.channel.ChannelManager - Adding key: http://localhost:64542 for channel [id: 0x7d0c17e8, L:/127.0.0.1:57303 - R:localhost/127.0.0.1:64542]
17:41:23.477 [Forwarding getElementTagName on session b354cad6fc18f944e823204feb32139d to remote] DEBUG org.asynchttpclient.netty.request.NettyRequestSender - Using pooled Channel '[id: 0x7d0c17e8, L:/127.0.0.1:57303 - R:localhost/127.0.0.1:64542]' for 'GET' to 'http://localhost:64542/session/b354cad6fc18f944e823204feb32139d/element/0084b8a0-831f-4c1b-ac08-5fe6f9e66d93/name'
17:41:23.477 [Forwarding getElementTagName on session b354cad6fc18f944e823204feb32139d to remote] DEBUG org.asynchttpclient.netty.request.NettyRequestSender - Using open Channel [id: 0x7d0c17e8, L:/127.0.0.1:57303 - R:localhost/127.0.0.1:64542] for GET '/session/b354cad6fc18f944e823204feb32139d/element/0084b8a0-831f-4c1b-ac08-5fe6f9e66d93/name'
17:41:23.481 [AsyncHttpClient-1-9] DEBUG org.asynchttpclient.netty.handler.HttpHandler - 

Request DefaultFullHttpRequest(decodeResult: success, version: HTTP/1.1, content: EmptyByteBufBE)
GET /session/b354cad6fc18f944e823204feb32139d/element/0084b8a0-831f-4c1b-ac08-5fe6f9e66d93/name HTTP/1.1
User-Agent: selenium/4.1.2 (java windows)
Cache-Control: no-cache
Content-Type: application/json; charset=utf-8
host: localhost:64542
accept: */*

Response DefaultHttpResponse(decodeResult: success, version: HTTP/1.1)
HTTP/1.1 200 OK
Content-Type: application/json; charset=utf-8
cache-control: no-cache
content-length: 18

17:41:23.481 [AsyncHttpClient-1-9] DEBUG org.asynchttpclient.netty.channel.ChannelManager - Adding key: http://localhost:64542 for channel [id: 0x7d0c17e8, L:/127.0.0.1:57303 - R:localhost/127.0.0.1:64542]
17:41:23.484 [Forwarding isElementEnabled on session b354cad6fc18f944e823204feb32139d to remote] DEBUG org.asynchttpclient.netty.request.NettyRequestSender - Using pooled Channel '[id: 0x7d0c17e8, L:/127.0.0.1:57303 - R:localhost/127.0.0.1:64542]' for 'GET' to 'http://localhost:64542/session/b354cad6fc18f944e823204feb32139d/element/0084b8a0-831f-4c1b-ac08-5fe6f9e66d93/enabled'
17:41:23.484 [Forwarding isElementEnabled on session b354cad6fc18f944e823204feb32139d to remote] DEBUG org.asynchttpclient.netty.request.NettyRequestSender - Using open Channel [id: 0x7d0c17e8, L:/127.0.0.1:57303 - R:localhost/127.0.0.1:64542] for GET '/session/b354cad6fc18f944e823204feb32139d/element/0084b8a0-831f-4c1b-ac08-5fe6f9e66d93/enabled'
17:41:23.494 [AsyncHttpClient-1-9] DEBUG org.asynchttpclient.netty.handler.HttpHandler - 

Request DefaultFullHttpRequest(decodeResult: success, version: HTTP/1.1, content: EmptyByteBufBE)
GET /session/b354cad6fc18f944e823204feb32139d/element/0084b8a0-831f-4c1b-ac08-5fe6f9e66d93/enabled HTTP/1.1
User-Agent: selenium/4.1.2 (java windows)
Cache-Control: no-cache
Content-Type: application/json; charset=utf-8
host: localhost:64542
accept: */*

Response DefaultHttpResponse(decodeResult: success, version: HTTP/1.1)
HTTP/1.1 200 OK
Content-Type: application/json; charset=utf-8
cache-control: no-cache
content-length: 14

17:41:23.494 [AsyncHttpClient-1-9] DEBUG org.asynchttpclient.netty.channel.ChannelManager - Adding key: http://localhost:64542 for channel [id: 0x7d0c17e8, L:/127.0.0.1:57303 - R:localhost/127.0.0.1:64542]
17:41:23.496 [Forwarding isElementEnabled on session b354cad6fc18f944e823204feb32139d to remote] DEBUG org.asynchttpclient.netty.request.NettyRequestSender - Using pooled Channel '[id: 0x7d0c17e8, L:/127.0.0.1:57303 - R:localhost/127.0.0.1:64542]' for 'GET' to 'http://localhost:64542/session/b354cad6fc18f944e823204feb32139d/element/0084b8a0-831f-4c1b-ac08-5fe6f9e66d93/enabled'
17:41:23.496 [Forwarding isElementEnabled on session b354cad6fc18f944e823204feb32139d to remote] DEBUG org.asynchttpclient.netty.request.NettyRequestSender - Using open Channel [id: 0x7d0c17e8, L:/127.0.0.1:57303 - R:localhost/127.0.0.1:64542] for GET '/session/b354cad6fc18f944e823204feb32139d/element/0084b8a0-831f-4c1b-ac08-5fe6f9e66d93/enabled'
17:41:23.501 [AsyncHttpClient-1-1] DEBUG org.asynchttpclient.netty.channel.DefaultChannelPool - Entry count for : http://localhost:57305 : 1
17:41:23.503 [AsyncHttpClient-1-9] DEBUG org.asynchttpclient.netty.handler.HttpHandler - 

Request DefaultFullHttpRequest(decodeResult: success, version: HTTP/1.1, content: EmptyByteBufBE)
GET /session/b354cad6fc18f944e823204feb32139d/element/0084b8a0-831f-4c1b-ac08-5fe6f9e66d93/enabled HTTP/1.1
User-Agent: selenium/4.1.2 (java windows)
Cache-Control: no-cache
Content-Type: application/json; charset=utf-8
host: localhost:64542
accept: */*

Response DefaultHttpResponse(decodeResult: success, version: HTTP/1.1)
HTTP/1.1 200 OK
Content-Type: application/json; charset=utf-8
cache-control: no-cache
content-length: 14

17:41:23.503 [AsyncHttpClient-1-9] DEBUG org.asynchttpclient.netty.channel.ChannelManager - Adding key: http://localhost:64542 for channel [id: 0x7d0c17e8, L:/127.0.0.1:57303 - R:localhost/127.0.0.1:64542]
17:41:23.505 [Forwarding findElement on session b354cad6fc18f944e823204feb32139d to remote] DEBUG org.asynchttpclient.netty.request.NettyRequestSender - Using pooled Channel '[id: 0x7d0c17e8, L:/127.0.0.1:57303 - R:localhost/127.0.0.1:64542]' for 'POST' to 'http://localhost:64542/session/b354cad6fc18f944e823204feb32139d/element'
17:41:23.505 [Forwarding findElement on session b354cad6fc18f944e823204feb32139d to remote] DEBUG org.asynchttpclient.netty.request.NettyRequestSender - Using open Channel [id: 0x7d0c17e8, L:/127.0.0.1:57303 - R:localhost/127.0.0.1:64542] for POST '/session/b354cad6fc18f944e823204feb32139d/element'
17:41:23.514 [AsyncHttpClient-1-9] DEBUG org.asynchttpclient.netty.handler.HttpHandler - 

Request DefaultHttpRequest(decodeResult: success, version: HTTP/1.1)
POST /session/b354cad6fc18f944e823204feb32139d/element HTTP/1.1
User-Agent: selenium/4.1.2 (java windows)
Content-Length: 104
Content-Type: application/json; charset=utf-8
host: localhost:64542
accept: */*

Response DefaultHttpResponse(decodeResult: success, version: HTTP/1.1)
HTTP/1.1 200 OK
Content-Type: application/json; charset=utf-8
cache-control: no-cache
content-length: 88

17:41:23.514 [AsyncHttpClient-1-9] DEBUG org.asynchttpclient.netty.channel.ChannelManager - Adding key: http://localhost:64542 for channel [id: 0x7d0c17e8, L:/127.0.0.1:57303 - R:localhost/127.0.0.1:64542]
17:41:23.515 [Forwarding clickElement on session b354cad6fc18f944e823204feb32139d to remote] DEBUG org.asynchttpclient.netty.request.NettyRequestSender - Using pooled Channel '[id: 0x7d0c17e8, L:/127.0.0.1:57303 - R:localhost/127.0.0.1:64542]' for 'POST' to 'http://localhost:64542/session/b354cad6fc18f944e823204feb32139d/element/0084b8a0-831f-4c1b-ac08-5fe6f9e66d93/click'
17:41:23.515 [Forwarding clickElement on session b354cad6fc18f944e823204feb32139d to remote] DEBUG org.asynchttpclient.netty.request.NettyRequestSender - Using open Channel [id: 0x7d0c17e8, L:/127.0.0.1:57303 - R:localhost/127.0.0.1:64542] for POST '/session/b354cad6fc18f944e823204feb32139d/element/0084b8a0-831f-4c1b-ac08-5fe6f9e66d93/click'
17:41:23.774 [AsyncHttpClient-1-9] DEBUG org.asynchttpclient.netty.handler.HttpHandler - 

Request DefaultHttpRequest(decodeResult: success, version: HTTP/1.1)
POST /session/b354cad6fc18f944e823204feb32139d/element/0084b8a0-831f-4c1b-ac08-5fe6f9e66d93/click HTTP/1.1
User-Agent: selenium/4.1.2 (java windows)
Content-Length: 50
Content-Type: application/json; charset=utf-8
host: localhost:64542
accept: */*

Response DefaultHttpResponse(decodeResult: success, version: HTTP/1.1)
HTTP/1.1 200 OK
Content-Type: application/json; charset=utf-8
cache-control: no-cache
content-length: 14

17:41:23.774 [AsyncHttpClient-1-9] DEBUG org.asynchttpclient.netty.channel.ChannelManager - Adding key: http://localhost:64542 for channel [id: 0x7d0c17e8, L:/127.0.0.1:57303 - R:localhost/127.0.0.1:64542]
17:41:23.790 [Forwarding screenshot on session b354cad6fc18f944e823204feb32139d to remote] DEBUG org.asynchttpclient.netty.request.NettyRequestSender - Using pooled Channel '[id: 0x7d0c17e8, L:/127.0.0.1:57303 - R:localhost/127.0.0.1:64542]' for 'GET' to 'http://localhost:64542/session/b354cad6fc18f944e823204feb32139d/screenshot'
17:41:23.790 [Forwarding screenshot on session b354cad6fc18f944e823204feb32139d to remote] DEBUG org.asynchttpclient.netty.request.NettyRequestSender - Using open Channel [id: 0x7d0c17e8, L:/127.0.0.1:57303 - R:localhost/127.0.0.1:64542] for GET '/session/b354cad6fc18f944e823204feb32139d/screenshot'
17:41:23.954 [AsyncHttpClient-1-9] DEBUG org.asynchttpclient.netty.handler.HttpHandler - 

Request DefaultFullHttpRequest(decodeResult: success, version: HTTP/1.1, content: EmptyByteBufBE)
GET /session/b354cad6fc18f944e823204feb32139d/screenshot HTTP/1.1
User-Agent: selenium/4.1.2 (java windows)
Cache-Control: no-cache
Content-Type: application/json; charset=utf-8
host: localhost:64542
accept: */*

Response DefaultHttpResponse(decodeResult: success, version: HTTP/1.1)
HTTP/1.1 200 OK
Content-Type: application/json; charset=utf-8
cache-control: no-cache
content-length: 98008

17:41:23.955 [AsyncHttpClient-1-9] DEBUG org.asynchttpclient.netty.channel.ChannelManager - Adding key: http://localhost:64542 for channel [id: 0x7d0c17e8, L:/127.0.0.1:57303 - R:localhost/127.0.0.1:64542]
17:41:23.962 [main] DEBUG net.serenitybdd.core.photography.Darkroom - Send negative for processing for target\site\serenity\171e3838e0ef461375667527937e174df7c0a66d9c57a8c4d5fa9b08dff2d7dd.png
17:41:23.962 [main] DEBUG net.thucydides.core.steps.StepInterceptor - STEP DONE: clickDeleteAppointmentButton
17:41:23.962 [Darkroom Processing Line] DEBUG net.serenitybdd.core.photography.DarkroomProcessingLine - Processing screenshot image in /var/screenshots/screenshot-4441199950742171107
  &amp#27;[32mAnd &amp#27;[0m&amp#27;[32mI click the Appointment delete button&amp#27;[0m   &amp#27;[90m# starter.stepdefinitions.AppointmentSteps.iClickTheDeleteButton()&amp#27;[0m
17:41:23.962 [Darkroom Processing Line] DEBUG net.serenitybdd.core.photography.DarkroomProcessingLine - Saving screenshot to target\site\serenity\171e3838e0ef461375667527937e174df7c0a66d9c57a8c4d5fa9b08dff2d7dd.png
17:41:23.983 [main] DEBUG net.thucydides.core.steps.StepInterceptor - STARTING STEP: AppointmentSteps.iValidateAppointmentSuccessDeleted - appointmentDeleted
17:41:23.986 [Forwarding findElement on session b354cad6fc18f944e823204feb32139d to remote] DEBUG org.asynchttpclient.netty.request.NettyRequestSender - Using pooled Channel '[id: 0x7d0c17e8, L:/127.0.0.1:57303 - R:localhost/127.0.0.1:64542]' for 'POST' to 'http://localhost:64542/session/b354cad6fc18f944e823204feb32139d/element'
17:41:23.986 [Forwarding findElement on session b354cad6fc18f944e823204feb32139d to remote] DEBUG org.asynchttpclient.netty.request.NettyRequestSender - Using open Channel [id: 0x7d0c17e8, L:/127.0.0.1:57303 - R:localhost/127.0.0.1:64542] for POST '/session/b354cad6fc18f944e823204feb32139d/element'
17:41:23.995 [AsyncHttpClient-1-9] DEBUG org.asynchttpclient.netty.handler.HttpHandler - 

Request DefaultHttpRequest(decodeResult: success, version: HTTP/1.1)
POST /session/b354cad6fc18f944e823204feb32139d/element HTTP/1.1
User-Agent: selenium/4.1.2 (java windows)
Content-Length: 104
Content-Type: application/json; charset=utf-8
host: localhost:64542
accept: */*

Response DefaultHttpResponse(decodeResult: success, version: HTTP/1.1)
HTTP/1.1 200 OK
Content-Type: application/json; charset=utf-8
cache-control: no-cache
content-length: 88

17:41:23.995 [AsyncHttpClient-1-9] DEBUG org.asynchttpclient.netty.channel.ChannelManager - Adding key: http://localhost:64542 for channel [id: 0x7d0c17e8, L:/127.0.0.1:57303 - R:localhost/127.0.0.1:64542]
17:41:23.999 [Forwarding isElementDisplayed on session b354cad6fc18f944e823204feb32139d to remote] DEBUG org.asynchttpclient.netty.request.NettyRequestSender - Using pooled Channel '[id: 0x7d0c17e8, L:/127.0.0.1:57303 - R:localhost/127.0.0.1:64542]' for 'POST' to 'http://localhost:64542/session/b354cad6fc18f944e823204feb32139d/execute/sync'
17:41:23.999 [Forwarding isElementDisplayed on session b354cad6fc18f944e823204feb32139d to remote] DEBUG org.asynchttpclient.netty.request.NettyRequestSender - Using open Channel [id: 0x7d0c17e8, L:/127.0.0.1:57303 - R:localhost/127.0.0.1:64542] for POST '/session/b354cad6fc18f944e823204feb32139d/execute/sync'
17:41:24.017 [AsyncHttpClient-1-9] DEBUG org.asynchttpclient.netty.handler.HttpHandler - 

Request DefaultHttpRequest(decodeResult: success, version: HTTP/1.1)
POST /session/b354cad6fc18f944e823204feb32139d/execute/sync HTTP/1.1
User-Agent: selenium/4.1.2 (java windows)
Content-Length: 48780
Content-Type: application/json; charset=utf-8
host: localhost:64542
accept: */*

Response DefaultHttpResponse(decodeResult: success, version: HTTP/1.1)
HTTP/1.1 200 OK
Content-Type: application/json; charset=utf-8
cache-control: no-cache
content-length: 14

17:41:24.018 [AsyncHttpClient-1-9] DEBUG org.asynchttpclient.netty.channel.ChannelManager - Adding key: http://localhost:64542 for channel [id: 0x7d0c17e8, L:/127.0.0.1:57303 - R:localhost/127.0.0.1:64542]
17:41:24.545 [Forwarding isElementDisplayed on session b354cad6fc18f944e823204feb32139d to remote] DEBUG org.asynchttpclient.netty.request.NettyRequestSender - Using pooled Channel '[id: 0x7d0c17e8, L:/127.0.0.1:57303 - R:localhost/127.0.0.1:64542]' for 'POST' to 'http://localhost:64542/session/b354cad6fc18f944e823204feb32139d/execute/sync'
17:41:24.545 [Forwarding isElementDisplayed on session b354cad6fc18f944e823204feb32139d to remote] DEBUG org.asynchttpclient.netty.request.NettyRequestSender - Using open Channel [id: 0x7d0c17e8, L:/127.0.0.1:57303 - R:localhost/127.0.0.1:64542] for POST '/session/b354cad6fc18f944e823204feb32139d/execute/sync'
17:41:24.600 [AsyncHttpClient-1-1] DEBUG org.asynchttpclient.netty.channel.DefaultChannelPool - Entry count for : http://localhost:57305 : 1
17:41:25.037 [AsyncHttpClient-1-9] DEBUG org.asynchttpclient.netty.handler.HttpHandler - 

Request DefaultHttpRequest(decodeResult: success, version: HTTP/1.1)
POST /session/b354cad6fc18f944e823204feb32139d/execute/sync HTTP/1.1
User-Agent: selenium/4.1.2 (java windows)
Content-Length: 48780
Content-Type: application/json; charset=utf-8
host: localhost:64542
accept: */*

Response DefaultHttpResponse(decodeResult: success, version: HTTP/1.1)
HTTP/1.1 404 Not Found
Content-Type: application/json; charset=utf-8
cache-control: no-cache
content-length: 1018

17:41:25.037 [AsyncHttpClient-1-9] DEBUG org.asynchttpclient.netty.channel.ChannelManager - Adding key: http://localhost:64542 for channel [id: 0x7d0c17e8, L:/127.0.0.1:57303 - R:localhost/127.0.0.1:64542]
17:41:25.701 [AsyncHttpClient-1-1] DEBUG org.asynchttpclient.netty.channel.DefaultChannelPool - Entry count for : http://localhost:57305 : 1
17:41:25.701 [AsyncHttpClient-1-1] DEBUG org.asynchttpclient.netty.channel.DefaultChannelPool - Entry count for : http://localhost:64542 : 1
17:41:26.800 [AsyncHttpClient-1-1] DEBUG org.asynchttpclient.netty.channel.DefaultChannelPool - Entry count for : http://localhost:57305 : 1
17:41:26.800 [AsyncHttpClient-1-1] DEBUG org.asynchttpclient.netty.channel.DefaultChannelPool - Entry count for : http://localhost:64542 : 1
17:41:27.902 [AsyncHttpClient-1-1] DEBUG org.asynchttpclient.netty.channel.DefaultChannelPool - Entry count for : http://localhost:57305 : 1
17:41:27.902 [AsyncHttpClient-1-1] DEBUG org.asynchttpclient.netty.channel.DefaultChannelPool - Entry count for : http://localhost:64542 : 1
17:41:29.001 [AsyncHttpClient-1-1] DEBUG org.asynchttpclient.netty.channel.DefaultChannelPool - Entry count for : http://localhost:57305 : 1
17:41:29.001 [AsyncHttpClient-1-1] DEBUG org.asynchttpclient.netty.channel.DefaultChannelPool - Entry count for : http://localhost:64542 : 1
17:41:30.101 [AsyncHttpClient-1-1] DEBUG org.asynchttpclient.netty.channel.DefaultChannelPool - Entry count for : http://localhost:57305 : 1
17:41:30.101 [AsyncHttpClient-1-1] DEBUG org.asynchttpclient.netty.channel.DefaultChannelPool - Entry count for : http://localhost:64542 : 1
17:41:30.232 [Forwarding findElement on session b354cad6fc18f944e823204feb32139d to remote] DEBUG org.asynchttpclient.netty.request.NettyRequestSender - Using pooled Channel '[id: 0x7d0c17e8, L:/127.0.0.1:57303 - R:localhost/127.0.0.1:64542]' for 'POST' to 'http://localhost:64542/session/b354cad6fc18f944e823204feb32139d/element'
17:41:30.232 [Forwarding findElement on session b354cad6fc18f944e823204feb32139d to remote] DEBUG org.asynchttpclient.netty.request.NettyRequestSender - Using open Channel [id: 0x7d0c17e8, L:/127.0.0.1:57303 - R:localhost/127.0.0.1:64542] for POST '/session/b354cad6fc18f944e823204feb32139d/element'
17:41:31.203 [AsyncHttpClient-1-1] DEBUG org.asynchttpclient.netty.channel.DefaultChannelPool - Entry count for : http://localhost:57305 : 1
17:41:31.363 [AsyncHttpClient-1-9] DEBUG org.asynchttpclient.netty.handler.HttpHandler - 

Request DefaultHttpRequest(decodeResult: success, version: HTTP/1.1)
POST /session/b354cad6fc18f944e823204feb32139d/element HTTP/1.1
User-Agent: selenium/4.1.2 (java windows)
Content-Length: 89
Content-Type: application/json; charset=utf-8
host: localhost:64542
accept: */*

Response DefaultHttpResponse(decodeResult: success, version: HTTP/1.1)
HTTP/1.1 200 OK
Content-Type: application/json; charset=utf-8
cache-control: no-cache
content-length: 88

17:41:31.364 [AsyncHttpClient-1-9] DEBUG org.asynchttpclient.netty.channel.ChannelManager - Adding key: http://localhost:64542 for channel [id: 0x7d0c17e8, L:/127.0.0.1:57303 - R:localhost/127.0.0.1:64542]
17:41:31.368 [Forwarding isElementDisplayed on session b354cad6fc18f944e823204feb32139d to remote] DEBUG org.asynchttpclient.netty.request.NettyRequestSender - Using pooled Channel '[id: 0x7d0c17e8, L:/127.0.0.1:57303 - R:localhost/127.0.0.1:64542]' for 'POST' to 'http://localhost:64542/session/b354cad6fc18f944e823204feb32139d/execute/sync'
17:41:31.368 [Forwarding isElementDisplayed on session b354cad6fc18f944e823204feb32139d to remote] DEBUG org.asynchttpclient.netty.request.NettyRequestSender - Using open Channel [id: 0x7d0c17e8, L:/127.0.0.1:57303 - R:localhost/127.0.0.1:64542] for POST '/session/b354cad6fc18f944e823204feb32139d/execute/sync'
17:41:31.487 [AsyncHttpClient-1-9] DEBUG org.asynchttpclient.netty.handler.HttpHandler - 

Request DefaultHttpRequest(decodeResult: success, version: HTTP/1.1)
POST /session/b354cad6fc18f944e823204feb32139d/execute/sync HTTP/1.1
User-Agent: selenium/4.1.2 (java windows)
Content-Length: 48780
Content-Type: application/json; charset=utf-8
host: localhost:64542
accept: */*

Response DefaultHttpResponse(decodeResult: success, version: HTTP/1.1)
HTTP/1.1 200 OK
Content-Type: application/json; charset=utf-8
cache-control: no-cache
content-length: 14

17:41:31.487 [AsyncHttpClient-1-9] DEBUG org.asynchttpclient.netty.channel.ChannelManager - Adding key: http://localhost:64542 for channel [id: 0x7d0c17e8, L:/127.0.0.1:57303 - R:localhost/127.0.0.1:64542]
17:41:31.495 [Forwarding screenshot on session b354cad6fc18f944e823204feb32139d to remote] DEBUG org.asynchttpclient.netty.request.NettyRequestSender - Using pooled Channel '[id: 0x7d0c17e8, L:/127.0.0.1:57303 - R:localhost/127.0.0.1:64542]' for 'GET' to 'http://localhost:64542/session/b354cad6fc18f944e823204feb32139d/screenshot'
17:41:31.495 [Forwarding screenshot on session b354cad6fc18f944e823204feb32139d to remote] DEBUG org.asynchttpclient.netty.request.NettyRequestSender - Using open Channel [id: 0x7d0c17e8, L:/127.0.0.1:57303 - R:localhost/127.0.0.1:64542] for GET '/session/b354cad6fc18f944e823204feb32139d/screenshot'
17:41:31.599 [AsyncHttpClient-1-9] DEBUG org.asynchttpclient.netty.handler.HttpHandler - 

Request DefaultFullHttpRequest(decodeResult: success, version: HTTP/1.1, content: EmptyByteBufBE)
GET /session/b354cad6fc18f944e823204feb32139d/screenshot HTTP/1.1
User-Agent: selenium/4.1.2 (java windows)
Cache-Control: no-cache
Content-Type: application/json; charset=utf-8
host: localhost:64542
accept: */*

Response DefaultHttpResponse(decodeResult: success, version: HTTP/1.1)
HTTP/1.1 200 OK
Content-Type: application/json; charset=utf-8
cache-control: no-cache
content-length: 77744

17:41:31.600 [AsyncHttpClient-1-9] DEBUG org.asynchttpclient.netty.channel.ChannelManager - Adding key: http://localhost:64542 for channel [id: 0x7d0c17e8, L:/127.0.0.1:57303 - R:localhost/127.0.0.1:64542]
17:41:31.604 [main] DEBUG net.serenitybdd.core.photography.Darkroom - Send negative for processing for target\site\serenity\7a773f0c4431a7de594b561c72baa4e0ea455a9942ae86d558460355fcdb4664.png
17:41:31.604 [main] DEBUG net.thucydides.core.steps.StepInterceptor - STEP DONE: appointmentDeleted
  &amp#27;[32mThen &amp#27;[0m&amp#27;[32mI validate Appointment success deleted&amp#27;[0m &amp#27;[90m# starter.stepdefinitions.AppointmentSteps.iValidateAppointmentSuccessDeleted()&amp#27;[0m
17:41:31.605 [Darkroom Processing Line] DEBUG net.serenitybdd.core.photography.DarkroomProcessingLine - Processing screenshot image in /var/screenshots/screenshot-5640991043607317996
17:41:31.605 [Darkroom Processing Line] DEBUG net.serenitybdd.core.photography.DarkroomProcessingLine - Saving screenshot to target\site\serenity\7a773f0c4431a7de594b561c72baa4e0ea455a9942ae86d558460355fcdb4664.png
17:41:31.612 [main] INFO  - 
  _____   ___   ___   _____     ___     _     ___   ___   ___   ___  
 |_   _| | __| / __| |_   _|   | _ \   /_\   / __| / __| | __| |   \ 
   | |   | _|  \__ \   | |     |  _/  / _ \  \__ \ \__ \ | _|  | |) |
   |_|   |___| |___/   |_|     |_|   /_/ \_\ |___/ |___/ |___| |___/ 

Delete Appointment Data Scenario
----------------------------------------------------------------------
17:41:31.615 [AsyncHttpClient-1-3] DEBUG org.asynchttpclient.netty.handler.WebSocketHandler - Channel Closed: [id: 0x4d66a456, L:/127.0.0.1:57312 ! R:localhost/127.0.0.1:57305] with attribute NettyResponseFuture{currentRetry=5,
	isDone=1,
	isCancelled=0,
	asyncHandler=org.asynchttpclient.ws.WebSocketUpgradeHandler@7bb961d9,
	nettyRequest=org.asynchttpclient.netty.request.NettyRequest@4bd14b9,
	future=java.util.concurrent.CompletableFuture@6d839a14[Completed normally],
	uri=ws://localhost:57305/devtools/browser/0e62b17b-6581-474b-ae62-c74df314c3f6,
	keepAlive=true,
	redirectCount=0,
	timeoutsHolder=null,
	inAuth=0,
	touch=1655548874928}
17:41:31.615 [AsyncHttpClient-1-3] DEBUG org.asynchttpclient.netty.channel.ChannelManager - Closing Channel [id: 0x4d66a456, L:/127.0.0.1:57312 ! R:localhost/127.0.0.1:57305] 
17:41:31.615 [Driver Command Executor] DEBUG org.asynchttpclient.netty.request.NettyRequestSender - Using pooled Channel '[id: 0x7d0c17e8, L:/127.0.0.1:57303 - R:localhost/127.0.0.1:64542]' for 'DELETE' to 'http://localhost:64542/session/b354cad6fc18f944e823204feb32139d'
17:41:31.615 [Driver Command Executor] DEBUG org.asynchttpclient.netty.request.NettyRequestSender - Using open Channel [id: 0x7d0c17e8, L:/127.0.0.1:57303 - R:localhost/127.0.0.1:64542] for DELETE '/session/b354cad6fc18f944e823204feb32139d'
17:41:31.644 [AsyncHttpClient-1-2] DEBUG org.asynchttpclient.netty.handler.HttpHandler - Unexpected I/O exception on channel [id: 0x73ce488e, L:/127.0.0.1:57311 - R:localhost/127.0.0.1:57305]
java.net.SocketException: Connection reset
	at java.base/sun.nio.ch.SocketChannelImpl.throwConnectionReset(SocketChannelImpl.java:367)
	at java.base/sun.nio.ch.SocketChannelImpl.read(SocketChannelImpl.java:398)
	at io.netty.buffer.PooledByteBuf.setBytes(PooledByteBuf.java:258)
	at io.netty.buffer.AbstractByteBuf.writeBytes(AbstractByteBuf.java:1132)
	at io.netty.channel.socket.nio.NioSocketChannel.doReadBytes(NioSocketChannel.java:350)
	at io.netty.channel.nio.AbstractNioByteChannel$NioByteUnsafe.read(AbstractNioByteChannel.java:151)
	at io.netty.channel.nio.NioEventLoop.processSelectedKey(NioEventLoop.java:722)
	at io.netty.channel.nio.NioEventLoop.processSelectedKeysOptimized(NioEventLoop.java:658)
	at io.netty.channel.nio.NioEventLoop.processSelectedKeys(NioEventLoop.java:584)
	at io.netty.channel.nio.NioEventLoop.run(NioEventLoop.java:496)
	at io.netty.util.concurrent.SingleThreadEventExecutor$4.run(SingleThreadEventExecutor.java:986)
	at io.netty.util.internal.ThreadExecutorMap$2.run(ThreadExecutorMap.java:74)
	at io.netty.util.concurrent.FastThreadLocalRunnable.run(FastThreadLocalRunnable.java:30)
	at java.base/java.lang.Thread.run(Thread.java:832)
17:41:31.645 [AsyncHttpClient-1-2] DEBUG org.asynchttpclient.netty.channel.ChannelManager - Closing Channel [id: 0x73ce488e, L:/127.0.0.1:57311 - R:localhost/127.0.0.1:57305] 
17:41:31.646 [AsyncHttpClient-1-2] DEBUG org.asynchttpclient.netty.handler.HttpHandler - Channel Closed: [id: 0x73ce488e, L:/127.0.0.1:57311 ! R:localhost/127.0.0.1:57305] with attribute DISCARD
17:41:31.669 [AsyncHttpClient-1-9] DEBUG org.asynchttpclient.netty.handler.HttpHandler - 

Request DefaultFullHttpRequest(decodeResult: success, version: HTTP/1.1, content: EmptyByteBufBE)
DELETE /session/b354cad6fc18f944e823204feb32139d HTTP/1.1
User-Agent: selenium/4.1.2 (java windows)
Content-Type: application/json; charset=utf-8
host: localhost:64542
accept: */*

Response DefaultHttpResponse(decodeResult: success, version: HTTP/1.1)
HTTP/1.1 200 OK
Content-Type: application/json; charset=utf-8
cache-control: no-cache
content-length: 14

17:41:31.670 [AsyncHttpClient-1-9] DEBUG org.asynchttpclient.netty.channel.ChannelManager - Adding key: http://localhost:64542 for channel [id: 0x7d0c17e8, L:/127.0.0.1:57303 - R:localhost/127.0.0.1:64542]
17:41:31.914 [AsyncHttpClient-1-9] DEBUG org.asynchttpclient.netty.handler.HttpHandler - Channel Closed: [id: 0x7d0c17e8, L:/127.0.0.1:57303 ! R:localhost/127.0.0.1:64542] with attribute DISCARD
17:41:32.302 [AsyncHttpClient-1-1] DEBUG org.asynchttpclient.netty.channel.DefaultChannelPool - Entry count for : http://localhost:57305 : 1
17:41:32.302 [AsyncHttpClient-1-1] DEBUG org.asynchttpclient.netty.channel.DefaultChannelPool - Entry count for : http://localhost:64542 : 1
17:41:32.302 [AsyncHttpClient-1-1] DEBUG org.asynchttpclient.netty.channel.DefaultChannelPool - Adding Candidate expired Channel [id: 0x73ce488e, L:/127.0.0.1:57311 ! R:localhost/127.0.0.1:57305] isIdleTimeoutExpired=false isRemotelyClosed=true isTtlExpired=false
17:41:32.302 [AsyncHttpClient-1-1] DEBUG org.asynchttpclient.netty.channel.DefaultChannelPool - Closing Idle Channel [id: 0x73ce488e, L:/127.0.0.1:57311 ! R:localhost/127.0.0.1:57305]
17:41:32.302 [AsyncHttpClient-1-1] DEBUG org.asynchttpclient.netty.channel.DefaultChannelPool - Adding Candidate expired Channel [id: 0x7d0c17e8, L:/127.0.0.1:57303 ! R:localhost/127.0.0.1:64542] isIdleTimeoutExpired=false isRemotelyClosed=true isTtlExpired=false
17:41:32.302 [AsyncHttpClient-1-1] DEBUG org.asynchttpclient.netty.channel.DefaultChannelPool - Closing Idle Channel [id: 0x7d0c17e8, L:/127.0.0.1:57303 ! R:localhost/127.0.0.1:64542]
17:41:32.302 [AsyncHttpClient-1-1] DEBUG org.asynchttpclient.netty.channel.DefaultChannelPool - Closed 2 connections out of 2 in 0 ms
]]></system-out>
    <system-err><![CDATA[Starting ChromeDriver 102.0.5005.61 (0e59bcc00cc4985ce39ad31c150065f159d95ad3-refs/branch-heads/5005@{#819}) on port 64542
Only local connections are allowed.
Please see https://chromedriver.chromium.org/security-considerations for suggestions on keeping ChromeDriver safe.
ChromeDriver was started successfully.
Jun 18, 2022 5:41:14 PM org.openqa.selenium.remote.ProtocolHandshake createSession
INFO: Detected dialect: W3C
Jun 18, 2022 5:41:14 PM org.openqa.selenium.devtools.CdpVersionFinder findNearestMatch
WARNING: Unable to find an exact match for CDP version 102, so returning the closest version found: a no-op implementation
Jun 18, 2022 5:41:14 PM org.openqa.selenium.devtools.CdpVersionFinder findNearestMatch
INFO: Unable to find CDP implementation matching 102.
Jun 18, 2022 5:41:14 PM org.openqa.selenium.chromium.ChromiumDriver lambda$new$3
WARNING: Unable to find version of CDP to use for . You may need to include a dependency on a specific version of the CDP using something similar to `org.seleniumhq.selenium:selenium-devtools-v86:4.1.2` where the version ("v86") matches the version of the chromium-based browser you're using and the version number of the artifact is the same as Selenium's.
]]></system-err>
  </testcase>
  <testcase name="Cancel Delete Appointment Data Scenario" classname="Appointment" time="10.497">
    <system-out><![CDATA[
@Appointment
Scenario: Cancel Delete Appointment Data Scenario &amp#27;[90m# src/test/resources/features/1.Appointment.feature:56&amp#27;[0m
17:41:32.450 [main] INFO io.cucumber.core.plugin.SerenityReporter - Running feature from file:///E:/My%20Documents/File%20Difa/TI%20Semester%206%20Kampus%20Merdeka%20Alterra/Tugas/CAPSTONE%20Project/Capstone-Project-Website/src/test/resources/features/1.Appointment.feature
17:41:32.455 [main] INFO  - 
  _____   ___   ___   _____     ___   _____     _     ___   _____   ___   ___  
 |_   _| | __| / __| |_   _|   / __| |_   _|   /_\   | _ \ |_   _| | __| |   \ 
   | |   | _|  \__ \   | |     \__ \   | |    / _ \  |   /   | |   | _|  | |) |
   |_|   |___| |___/   |_|     |___/   |_|   /_/ \_\ |_|_\   |_|   |___| |___/ 

Cancel Delete Appointment Data Scenario(appointment;cancel-delete-appointment-data-scenario)
--------------------------------------------------------------------------------
17:41:32.530 [main] DEBUG net.thucydides.core.steps.StepInterceptor - STARTING STEP: DashboardSteps.iAmOnTheDashboardPage - openUrl
17:41:32.532 [main] INFO net.serenitybdd.core.webdriver.driverproviders.ChromeDriverProvider - Using automatically driver download
17:41:32.841 [main] DEBUG io.github.bonigarcia.wdm.cache.ResolutionCache - Resolution chrome=102 in cache (valid until 18:14:23 18/06/2022 ICT)
17:41:32.848 [main] DEBUG io.github.bonigarcia.wdm.cache.ResolutionCache - Resolution chrome102=102.0.5005.61 in cache (valid until 17:29:52 19/06/2022 ICT)
17:41:32.851 [main] INFO io.github.bonigarcia.wdm.WebDriverManager - Using chromedriver 102.0.5005.61 (resolved driver for Chrome 102)
17:41:32.882 [main] DEBUG io.github.bonigarcia.wdm.WebDriverManager - Driver chromedriver 102.0.5005.61 found in cache
17:41:32.883 [main] INFO io.github.bonigarcia.wdm.WebDriverManager - Exporting webdriver.chrome.driver as C:\Users\USER\.cache\selenium\chromedriver\win32\102.0.5005.61\chromedriver.exe
17:41:33.165 [main] DEBUG net.serenitybdd.core.webdriver.driverproviders.ProvideNewDriver - Instantiating driver
17:41:33.165 [main] DEBUG net.serenitybdd.core.webdriver.driverproviders.ProvideNewDriver - Driver capabilities: Capabilities {acceptInsecureCerts: false, base.url: https://hospital-management..., browserName: chrome, chrome.driver: src/test/resources/webdrive..., driver: chrome, goog:chromeOptions: {args: [], extensions: []}}
17:41:33.706 [AsyncHttpClient-1-4] DEBUG org.asynchttpclient.netty.channel.NettyConnectListener - Using new Channel '[id: 0xd169843d, L:/127.0.0.1:57347 - R:localhost/127.0.0.1:65277]' for 'POST' to '/session'
17:41:36.256 [AsyncHttpClient-1-4] DEBUG org.asynchttpclient.netty.handler.HttpHandler - 

Request DefaultHttpRequest(decodeResult: success, version: HTTP/1.1)
POST /session HTTP/1.1
User-Agent: selenium/4.1.2 (java windows)
Content-Length: 621
Content-Type: application/json; charset=utf-8
host: localhost:65277
accept: */*

Response DefaultHttpResponse(decodeResult: success, version: HTTP/1.1)
HTTP/1.1 200 OK
Content-Type: application/json; charset=utf-8
cache-control: no-cache
content-length: 789

17:41:36.256 [AsyncHttpClient-1-4] DEBUG org.asynchttpclient.netty.channel.ChannelManager - Adding key: http://localhost:65277 for channel [id: 0xd169843d, L:/127.0.0.1:57347 - R:localhost/127.0.0.1:65277]
17:41:36.264 [AsyncHttpClient-1-5] DEBUG org.asynchttpclient.netty.channel.NettyConnectListener - Using new Channel '[id: 0x1997072c, L:/127.0.0.1:57356 - R:localhost/127.0.0.1:57351]' for 'GET' to '/json/version'
17:41:36.265 [AsyncHttpClient-1-5] DEBUG org.asynchttpclient.netty.handler.HttpHandler - 

Request DefaultFullHttpRequest(decodeResult: success, version: HTTP/1.1, content: EmptyByteBufBE)
GET /json/version HTTP/1.1
User-Agent: selenium/4.1.2 (java windows)
host: localhost:57351
accept: */*

Response DefaultHttpResponse(decodeResult: success, version: HTTP/1.1)
HTTP/1.1 200 OK
Content-Type: application/json; charset=UTF-8
content-length: 427

17:41:36.265 [AsyncHttpClient-1-5] DEBUG org.asynchttpclient.netty.channel.ChannelManager - Adding key: http://localhost:57351 for channel [id: 0x1997072c, L:/127.0.0.1:57356 - R:localhost/127.0.0.1:57351]
17:41:36.267 [AsyncHttpClient-1-6] DEBUG org.asynchttpclient.netty.channel.NettyConnectListener - Using new Channel '[id: 0xceaaa61b, L:/127.0.0.1:57357 - R:localhost/127.0.0.1:57351]' for 'GET' to '/devtools/browser/f3b8d324-f6cf-4173-a97c-7a1f6c0cd000'
17:41:36.268 [AsyncHttpClient-1-6] DEBUG org.asynchttpclient.netty.handler.WebSocketHandler - 

Request DefaultFullHttpRequest(decodeResult: success, version: HTTP/1.1, content: EmptyByteBufBE)
GET /devtools/browser/f3b8d324-f6cf-4173-a97c-7a1f6c0cd000 HTTP/1.1
upgrade: websocket
connection: upgrade
sec-websocket-key: ioV7S6unn/qniNTkoAB6AQ==
sec-websocket-version: 13
origin: http://localhost:57351
host: localhost:57351
accept: */*
user-agent: AHC/2.1

Response DefaultHttpResponse(decodeResult: success, version: HTTP/1.1)
HTTP/1.1 101 WebSocket Protocol Handshake
Upgrade: WebSocket
Connection: Upgrade
Sec-WebSocket-Accept: /OfCGdMr+t4nF1/AqFO17xNX9bY=

17:41:36.285 [Forwarding maximizeCurrentWindow on session 2c741ed2bb83b04d3d8e5ec27bdfcd7c to remote] DEBUG org.asynchttpclient.netty.request.NettyRequestSender - Using pooled Channel '[id: 0xd169843d, L:/127.0.0.1:57347 - R:localhost/127.0.0.1:65277]' for 'POST' to 'http://localhost:65277/session/2c741ed2bb83b04d3d8e5ec27bdfcd7c/window/maximize'
17:41:36.285 [Forwarding maximizeCurrentWindow on session 2c741ed2bb83b04d3d8e5ec27bdfcd7c to remote] DEBUG org.asynchttpclient.netty.request.NettyRequestSender - Using open Channel [id: 0xd169843d, L:/127.0.0.1:57347 - R:localhost/127.0.0.1:65277] for POST '/session/2c741ed2bb83b04d3d8e5ec27bdfcd7c/window/maximize'
17:41:36.457 [AsyncHttpClient-1-4] DEBUG org.asynchttpclient.netty.handler.HttpHandler - 

Request DefaultHttpRequest(decodeResult: success, version: HTTP/1.1)
POST /session/2c741ed2bb83b04d3d8e5ec27bdfcd7c/window/maximize HTTP/1.1
User-Agent: selenium/4.1.2 (java windows)
Content-Length: 3
Content-Type: application/json; charset=utf-8
host: localhost:65277
accept: */*

Response DefaultHttpResponse(decodeResult: success, version: HTTP/1.1)
HTTP/1.1 200 OK
Content-Type: application/json; charset=utf-8
cache-control: no-cache
content-length: 51

17:41:36.457 [AsyncHttpClient-1-4] DEBUG org.asynchttpclient.netty.channel.ChannelManager - Adding key: http://localhost:65277 for channel [id: 0xd169843d, L:/127.0.0.1:57347 - R:localhost/127.0.0.1:65277]
17:41:36.459 [Forwarding get on session 2c741ed2bb83b04d3d8e5ec27bdfcd7c to remote] DEBUG org.asynchttpclient.netty.request.NettyRequestSender - Using pooled Channel '[id: 0xd169843d, L:/127.0.0.1:57347 - R:localhost/127.0.0.1:65277]' for 'POST' to 'http://localhost:65277/session/2c741ed2bb83b04d3d8e5ec27bdfcd7c/url'
17:41:36.459 [Forwarding get on session 2c741ed2bb83b04d3d8e5ec27bdfcd7c to remote] DEBUG org.asynchttpclient.netty.request.NettyRequestSender - Using open Channel [id: 0xd169843d, L:/127.0.0.1:57347 - R:localhost/127.0.0.1:65277] for POST '/session/2c741ed2bb83b04d3d8e5ec27bdfcd7c/url'
17:41:36.701 [AsyncHttpClient-1-1] DEBUG org.asynchttpclient.netty.channel.DefaultChannelPool - Entry count for : http://localhost:57351 : 1
17:41:37.801 [AsyncHttpClient-1-1] DEBUG org.asynchttpclient.netty.channel.DefaultChannelPool - Entry count for : http://localhost:57351 : 1
17:41:38.903 [AsyncHttpClient-1-1] DEBUG org.asynchttpclient.netty.channel.DefaultChannelPool - Entry count for : http://localhost:57351 : 1
17:41:39.001 [AsyncHttpClient-1-4] DEBUG org.asynchttpclient.netty.handler.HttpHandler - 

Request DefaultHttpRequest(decodeResult: success, version: HTTP/1.1)
POST /session/2c741ed2bb83b04d3d8e5ec27bdfcd7c/url HTTP/1.1
User-Agent: selenium/4.1.2 (java windows)
Content-Length: 65
Content-Type: application/json; charset=utf-8
host: localhost:65277
accept: */*

Response DefaultHttpResponse(decodeResult: success, version: HTTP/1.1)
HTTP/1.1 200 OK
Content-Type: application/json; charset=utf-8
cache-control: no-cache
content-length: 14

17:41:39.001 [AsyncHttpClient-1-4] DEBUG org.asynchttpclient.netty.channel.ChannelManager - Adding key: http://localhost:65277 for channel [id: 0xd169843d, L:/127.0.0.1:57347 - R:localhost/127.0.0.1:65277]
17:41:39.004 [Forwarding setTimeout on session 2c741ed2bb83b04d3d8e5ec27bdfcd7c to remote] DEBUG org.asynchttpclient.netty.request.NettyRequestSender - Using pooled Channel '[id: 0xd169843d, L:/127.0.0.1:57347 - R:localhost/127.0.0.1:65277]' for 'POST' to 'http://localhost:65277/session/2c741ed2bb83b04d3d8e5ec27bdfcd7c/timeouts'
17:41:39.004 [Forwarding setTimeout on session 2c741ed2bb83b04d3d8e5ec27bdfcd7c to remote] DEBUG org.asynchttpclient.netty.request.NettyRequestSender - Using open Channel [id: 0xd169843d, L:/127.0.0.1:57347 - R:localhost/127.0.0.1:65277] for POST '/session/2c741ed2bb83b04d3d8e5ec27bdfcd7c/timeouts'
17:41:39.025 [AsyncHttpClient-1-4] DEBUG org.asynchttpclient.netty.handler.HttpHandler - 

Request DefaultHttpRequest(decodeResult: success, version: HTTP/1.1)
POST /session/2c741ed2bb83b04d3d8e5ec27bdfcd7c/timeouts HTTP/1.1
User-Agent: selenium/4.1.2 (java windows)
Content-Length: 22
Content-Type: application/json; charset=utf-8
host: localhost:65277
accept: */*

Response DefaultHttpResponse(decodeResult: success, version: HTTP/1.1)
HTTP/1.1 200 OK
Content-Type: application/json; charset=utf-8
cache-control: no-cache
content-length: 14

17:41:39.025 [AsyncHttpClient-1-4] DEBUG org.asynchttpclient.netty.channel.ChannelManager - Adding key: http://localhost:65277 for channel [id: 0xd169843d, L:/127.0.0.1:57347 - R:localhost/127.0.0.1:65277]
17:41:39.035 [Forwarding getCurrentUrl on session 2c741ed2bb83b04d3d8e5ec27bdfcd7c to remote] DEBUG org.asynchttpclient.netty.request.NettyRequestSender - Using pooled Channel '[id: 0xd169843d, L:/127.0.0.1:57347 - R:localhost/127.0.0.1:65277]' for 'GET' to 'http://localhost:65277/session/2c741ed2bb83b04d3d8e5ec27bdfcd7c/url'
17:41:39.035 [Forwarding getCurrentUrl on session 2c741ed2bb83b04d3d8e5ec27bdfcd7c to remote] DEBUG org.asynchttpclient.netty.request.NettyRequestSender - Using open Channel [id: 0xd169843d, L:/127.0.0.1:57347 - R:localhost/127.0.0.1:65277] for GET '/session/2c741ed2bb83b04d3d8e5ec27bdfcd7c/url'
17:41:39.153 [AsyncHttpClient-1-4] DEBUG org.asynchttpclient.netty.handler.HttpHandler - 

Request DefaultFullHttpRequest(decodeResult: success, version: HTTP/1.1, content: EmptyByteBufBE)
GET /session/2c741ed2bb83b04d3d8e5ec27bdfcd7c/url HTTP/1.1
User-Agent: selenium/4.1.2 (java windows)
Cache-Control: no-cache
Content-Type: application/json; charset=utf-8
host: localhost:65277
accept: */*

Response DefaultHttpResponse(decodeResult: success, version: HTTP/1.1)
HTTP/1.1 200 OK
Content-Type: application/json; charset=utf-8
cache-control: no-cache
content-length: 53

17:41:39.153 [AsyncHttpClient-1-4] DEBUG org.asynchttpclient.netty.channel.ChannelManager - Adding key: http://localhost:65277 for channel [id: 0xd169843d, L:/127.0.0.1:57347 - R:localhost/127.0.0.1:65277]
17:41:39.156 [Forwarding getCurrentUrl on session 2c741ed2bb83b04d3d8e5ec27bdfcd7c to remote] DEBUG org.asynchttpclient.netty.request.NettyRequestSender - Using pooled Channel '[id: 0xd169843d, L:/127.0.0.1:57347 - R:localhost/127.0.0.1:65277]' for 'GET' to 'http://localhost:65277/session/2c741ed2bb83b04d3d8e5ec27bdfcd7c/url'
17:41:39.156 [Forwarding getCurrentUrl on session 2c741ed2bb83b04d3d8e5ec27bdfcd7c to remote] DEBUG org.asynchttpclient.netty.request.NettyRequestSender - Using open Channel [id: 0xd169843d, L:/127.0.0.1:57347 - R:localhost/127.0.0.1:65277] for GET '/session/2c741ed2bb83b04d3d8e5ec27bdfcd7c/url'
17:41:39.162 [AsyncHttpClient-1-4] DEBUG org.asynchttpclient.netty.handler.HttpHandler - 

Request DefaultFullHttpRequest(decodeResult: success, version: HTTP/1.1, content: EmptyByteBufBE)
GET /session/2c741ed2bb83b04d3d8e5ec27bdfcd7c/url HTTP/1.1
User-Agent: selenium/4.1.2 (java windows)
Cache-Control: no-cache
Content-Type: application/json; charset=utf-8
host: localhost:65277
accept: */*

Response DefaultHttpResponse(decodeResult: success, version: HTTP/1.1)
HTTP/1.1 200 OK
Content-Type: application/json; charset=utf-8
cache-control: no-cache
content-length: 53

17:41:39.163 [AsyncHttpClient-1-4] DEBUG org.asynchttpclient.netty.channel.ChannelManager - Adding key: http://localhost:65277 for channel [id: 0xd169843d, L:/127.0.0.1:57347 - R:localhost/127.0.0.1:65277]
17:41:39.175 [Forwarding screenshot on session 2c741ed2bb83b04d3d8e5ec27bdfcd7c to remote] DEBUG org.asynchttpclient.netty.request.NettyRequestSender - Using pooled Channel '[id: 0xd169843d, L:/127.0.0.1:57347 - R:localhost/127.0.0.1:65277]' for 'GET' to 'http://localhost:65277/session/2c741ed2bb83b04d3d8e5ec27bdfcd7c/screenshot'
17:41:39.175 [Forwarding screenshot on session 2c741ed2bb83b04d3d8e5ec27bdfcd7c to remote] DEBUG org.asynchttpclient.netty.request.NettyRequestSender - Using open Channel [id: 0xd169843d, L:/127.0.0.1:57347 - R:localhost/127.0.0.1:65277] for GET '/session/2c741ed2bb83b04d3d8e5ec27bdfcd7c/screenshot'
17:41:39.458 [AsyncHttpClient-1-4] DEBUG org.asynchttpclient.netty.handler.HttpHandler - 

Request DefaultFullHttpRequest(decodeResult: success, version: HTTP/1.1, content: EmptyByteBufBE)
GET /session/2c741ed2bb83b04d3d8e5ec27bdfcd7c/screenshot HTTP/1.1
User-Agent: selenium/4.1.2 (java windows)
Cache-Control: no-cache
Content-Type: application/json; charset=utf-8
host: localhost:65277
accept: */*

Response DefaultHttpResponse(decodeResult: success, version: HTTP/1.1)
HTTP/1.1 200 OK
Content-Type: application/json; charset=utf-8
cache-control: no-cache
content-length: 329440

17:41:39.463 [AsyncHttpClient-1-4] DEBUG org.asynchttpclient.netty.channel.ChannelManager - Adding key: http://localhost:65277 for channel [id: 0xd169843d, L:/127.0.0.1:57347 - R:localhost/127.0.0.1:65277]
17:41:39.489 [main] DEBUG net.serenitybdd.core.photography.Darkroom - Send negative for processing for target\site\serenity\91e947b02e573420789e99b18727d6efcfc452b72bd9679666b6e86875ec462e.png
17:41:39.489 [main] DEBUG net.thucydides.core.steps.StepInterceptor - STEP DONE: openUrl
17:41:39.498 [main] DEBUG net.thucydides.core.steps.StepInterceptor - STARTING STEP: DashboardSteps.iAmOnTheDashboardPage - validateOnDashboardPage
17:41:39.501 [Forwarding findElement on session 2c741ed2bb83b04d3d8e5ec27bdfcd7c to remote] DEBUG org.asynchttpclient.netty.request.NettyRequestSender - Using pooled Channel '[id: 0xd169843d, L:/127.0.0.1:57347 - R:localhost/127.0.0.1:65277]' for 'POST' to 'http://localhost:65277/session/2c741ed2bb83b04d3d8e5ec27bdfcd7c/element'
17:41:39.501 [Forwarding findElement on session 2c741ed2bb83b04d3d8e5ec27bdfcd7c to remote] DEBUG org.asynchttpclient.netty.request.NettyRequestSender - Using open Channel [id: 0xd169843d, L:/127.0.0.1:57347 - R:localhost/127.0.0.1:65277] for POST '/session/2c741ed2bb83b04d3d8e5ec27bdfcd7c/element'
17:41:39.522 [AsyncHttpClient-1-4] DEBUG org.asynchttpclient.netty.handler.HttpHandler - 

Request DefaultHttpRequest(decodeResult: success, version: HTTP/1.1)
POST /session/2c741ed2bb83b04d3d8e5ec27bdfcd7c/element HTTP/1.1
User-Agent: selenium/4.1.2 (java windows)
Content-Length: 81
Content-Type: application/json; charset=utf-8
host: localhost:65277
accept: */*

Response DefaultHttpResponse(decodeResult: success, version: HTTP/1.1)
HTTP/1.1 200 OK
Content-Type: application/json; charset=utf-8
cache-control: no-cache
content-length: 88

17:41:39.522 [AsyncHttpClient-1-4] DEBUG org.asynchttpclient.netty.channel.ChannelManager - Adding key: http://localhost:65277 for channel [id: 0xd169843d, L:/127.0.0.1:57347 - R:localhost/127.0.0.1:65277]
17:41:39.528 [Forwarding isElementDisplayed on session 2c741ed2bb83b04d3d8e5ec27bdfcd7c to remote] DEBUG org.asynchttpclient.netty.request.NettyRequestSender - Using pooled Channel '[id: 0xd169843d, L:/127.0.0.1:57347 - R:localhost/127.0.0.1:65277]' for 'POST' to 'http://localhost:65277/session/2c741ed2bb83b04d3d8e5ec27bdfcd7c/execute/sync'
17:41:39.528 [Forwarding isElementDisplayed on session 2c741ed2bb83b04d3d8e5ec27bdfcd7c to remote] DEBUG org.asynchttpclient.netty.request.NettyRequestSender - Using open Channel [id: 0xd169843d, L:/127.0.0.1:57347 - R:localhost/127.0.0.1:65277] for POST '/session/2c741ed2bb83b04d3d8e5ec27bdfcd7c/execute/sync'
17:41:39.550 [AsyncHttpClient-1-4] DEBUG org.asynchttpclient.netty.handler.HttpHandler - 

Request DefaultHttpRequest(decodeResult: success, version: HTTP/1.1)
POST /session/2c741ed2bb83b04d3d8e5ec27bdfcd7c/execute/sync HTTP/1.1
User-Agent: selenium/4.1.2 (java windows)
Content-Length: 48780
Content-Type: application/json; charset=utf-8
host: localhost:65277
accept: */*

Response DefaultHttpResponse(decodeResult: success, version: HTTP/1.1)
HTTP/1.1 200 OK
Content-Type: application/json; charset=utf-8
cache-control: no-cache
content-length: 14

17:41:39.550 [AsyncHttpClient-1-4] DEBUG org.asynchttpclient.netty.channel.ChannelManager - Adding key: http://localhost:65277 for channel [id: 0xd169843d, L:/127.0.0.1:57347 - R:localhost/127.0.0.1:65277]
17:41:39.556 [Forwarding screenshot on session 2c741ed2bb83b04d3d8e5ec27bdfcd7c to remote] DEBUG org.asynchttpclient.netty.request.NettyRequestSender - Using pooled Channel '[id: 0xd169843d, L:/127.0.0.1:57347 - R:localhost/127.0.0.1:65277]' for 'GET' to 'http://localhost:65277/session/2c741ed2bb83b04d3d8e5ec27bdfcd7c/screenshot'
17:41:39.556 [Forwarding screenshot on session 2c741ed2bb83b04d3d8e5ec27bdfcd7c to remote] DEBUG org.asynchttpclient.netty.request.NettyRequestSender - Using open Channel [id: 0xd169843d, L:/127.0.0.1:57347 - R:localhost/127.0.0.1:65277] for GET '/session/2c741ed2bb83b04d3d8e5ec27bdfcd7c/screenshot'
17:41:39.855 [AsyncHttpClient-1-4] DEBUG org.asynchttpclient.netty.handler.HttpHandler - 

Request DefaultFullHttpRequest(decodeResult: success, version: HTTP/1.1, content: EmptyByteBufBE)
GET /session/2c741ed2bb83b04d3d8e5ec27bdfcd7c/screenshot HTTP/1.1
User-Agent: selenium/4.1.2 (java windows)
Cache-Control: no-cache
Content-Type: application/json; charset=utf-8
host: localhost:65277
accept: */*

Response DefaultHttpResponse(decodeResult: success, version: HTTP/1.1)
HTTP/1.1 200 OK
Content-Type: application/json; charset=utf-8
cache-control: no-cache
content-length: 329440

17:41:39.857 [AsyncHttpClient-1-4] DEBUG org.asynchttpclient.netty.channel.ChannelManager - Adding key: http://localhost:65277 for channel [id: 0xd169843d, L:/127.0.0.1:57347 - R:localhost/127.0.0.1:65277]
17:41:39.882 [main] DEBUG net.serenitybdd.core.photography.Darkroom - Send negative for processing for target\site\serenity\91e947b02e573420789e99b18727d6efcfc452b72bd9679666b6e86875ec462e.png
17:41:39.882 [main] DEBUG net.thucydides.core.steps.StepInterceptor - STEP DONE: validateOnDashboardPage
  &amp#27;[32mGiven &amp#27;[0m&amp#27;[32mI am on the dashboard page&amp#27;[0m                &amp#27;[90m# starter.stepdefinitions.DashboardSteps.iAmOnTheDashboardPage()&amp#27;[0m
17:41:39.928 [main] DEBUG net.thucydides.core.steps.StepInterceptor - STARTING STEP: AppointmentSteps.iClickMenuAppointment - clickMenuAppointmentButton
17:41:39.941 [Forwarding findElement on session 2c741ed2bb83b04d3d8e5ec27bdfcd7c to remote] DEBUG org.asynchttpclient.netty.request.NettyRequestSender - Using pooled Channel '[id: 0xd169843d, L:/127.0.0.1:57347 - R:localhost/127.0.0.1:65277]' for 'POST' to 'http://localhost:65277/session/2c741ed2bb83b04d3d8e5ec27bdfcd7c/element'
17:41:39.941 [Forwarding findElement on session 2c741ed2bb83b04d3d8e5ec27bdfcd7c to remote] DEBUG org.asynchttpclient.netty.request.NettyRequestSender - Using open Channel [id: 0xd169843d, L:/127.0.0.1:57347 - R:localhost/127.0.0.1:65277] for POST '/session/2c741ed2bb83b04d3d8e5ec27bdfcd7c/element'
17:41:39.962 [AsyncHttpClient-1-4] DEBUG org.asynchttpclient.netty.handler.HttpHandler - 

Request DefaultHttpRequest(decodeResult: success, version: HTTP/1.1)
POST /session/2c741ed2bb83b04d3d8e5ec27bdfcd7c/element HTTP/1.1
User-Agent: selenium/4.1.2 (java windows)
Content-Length: 84
Content-Type: application/json; charset=utf-8
host: localhost:65277
accept: */*

Response DefaultHttpResponse(decodeResult: success, version: HTTP/1.1)
HTTP/1.1 200 OK
Content-Type: application/json; charset=utf-8
cache-control: no-cache
content-length: 88

17:41:39.962 [AsyncHttpClient-1-4] DEBUG org.asynchttpclient.netty.channel.ChannelManager - Adding key: http://localhost:65277 for channel [id: 0xd169843d, L:/127.0.0.1:57347 - R:localhost/127.0.0.1:65277]
17:41:39.965 [Forwarding getElementTagName on session 2c741ed2bb83b04d3d8e5ec27bdfcd7c to remote] DEBUG org.asynchttpclient.netty.request.NettyRequestSender - Using pooled Channel '[id: 0xd169843d, L:/127.0.0.1:57347 - R:localhost/127.0.0.1:65277]' for 'GET' to 'http://localhost:65277/session/2c741ed2bb83b04d3d8e5ec27bdfcd7c/element/9cbde529-5cfc-4457-8312-336453472524/name'
17:41:39.965 [Forwarding getElementTagName on session 2c741ed2bb83b04d3d8e5ec27bdfcd7c to remote] DEBUG org.asynchttpclient.netty.request.NettyRequestSender - Using open Channel [id: 0xd169843d, L:/127.0.0.1:57347 - R:localhost/127.0.0.1:65277] for GET '/session/2c741ed2bb83b04d3d8e5ec27bdfcd7c/element/9cbde529-5cfc-4457-8312-336453472524/name'
17:41:39.971 [AsyncHttpClient-1-4] DEBUG org.asynchttpclient.netty.handler.HttpHandler - 

Request DefaultFullHttpRequest(decodeResult: success, version: HTTP/1.1, content: EmptyByteBufBE)
GET /session/2c741ed2bb83b04d3d8e5ec27bdfcd7c/element/9cbde529-5cfc-4457-8312-336453472524/name HTTP/1.1
User-Agent: selenium/4.1.2 (java windows)
Cache-Control: no-cache
Content-Type: application/json; charset=utf-8
host: localhost:65277
accept: */*

Response DefaultHttpResponse(decodeResult: success, version: HTTP/1.1)
HTTP/1.1 200 OK
Content-Type: application/json; charset=utf-8
cache-control: no-cache
content-length: 15

17:41:39.971 [AsyncHttpClient-1-4] DEBUG org.asynchttpclient.netty.channel.ChannelManager - Adding key: http://localhost:65277 for channel [id: 0xd169843d, L:/127.0.0.1:57347 - R:localhost/127.0.0.1:65277]
17:41:39.979 [Forwarding getElementTagName on session 2c741ed2bb83b04d3d8e5ec27bdfcd7c to remote] DEBUG org.asynchttpclient.netty.request.NettyRequestSender - Using pooled Channel '[id: 0xd169843d, L:/127.0.0.1:57347 - R:localhost/127.0.0.1:65277]' for 'GET' to 'http://localhost:65277/session/2c741ed2bb83b04d3d8e5ec27bdfcd7c/element/9cbde529-5cfc-4457-8312-336453472524/name'
17:41:39.979 [Forwarding getElementTagName on session 2c741ed2bb83b04d3d8e5ec27bdfcd7c to remote] DEBUG org.asynchttpclient.netty.request.NettyRequestSender - Using open Channel [id: 0xd169843d, L:/127.0.0.1:57347 - R:localhost/127.0.0.1:65277] for GET '/session/2c741ed2bb83b04d3d8e5ec27bdfcd7c/element/9cbde529-5cfc-4457-8312-336453472524/name'
17:41:39.985 [AsyncHttpClient-1-4] DEBUG org.asynchttpclient.netty.handler.HttpHandler - 

Request DefaultFullHttpRequest(decodeResult: success, version: HTTP/1.1, content: EmptyByteBufBE)
GET /session/2c741ed2bb83b04d3d8e5ec27bdfcd7c/element/9cbde529-5cfc-4457-8312-336453472524/name HTTP/1.1
User-Agent: selenium/4.1.2 (java windows)
Cache-Control: no-cache
Content-Type: application/json; charset=utf-8
host: localhost:65277
accept: */*

Response DefaultHttpResponse(decodeResult: success, version: HTTP/1.1)
HTTP/1.1 200 OK
Content-Type: application/json; charset=utf-8
cache-control: no-cache
content-length: 15

17:41:39.986 [AsyncHttpClient-1-4] DEBUG org.asynchttpclient.netty.channel.ChannelManager - Adding key: http://localhost:65277 for channel [id: 0xd169843d, L:/127.0.0.1:57347 - R:localhost/127.0.0.1:65277]
17:41:39.989 [Forwarding findElement on session 2c741ed2bb83b04d3d8e5ec27bdfcd7c to remote] DEBUG org.asynchttpclient.netty.request.NettyRequestSender - Using pooled Channel '[id: 0xd169843d, L:/127.0.0.1:57347 - R:localhost/127.0.0.1:65277]' for 'POST' to 'http://localhost:65277/session/2c741ed2bb83b04d3d8e5ec27bdfcd7c/element'
17:41:39.989 [Forwarding findElement on session 2c741ed2bb83b04d3d8e5ec27bdfcd7c to remote] DEBUG org.asynchttpclient.netty.request.NettyRequestSender - Using open Channel [id: 0xd169843d, L:/127.0.0.1:57347 - R:localhost/127.0.0.1:65277] for POST '/session/2c741ed2bb83b04d3d8e5ec27bdfcd7c/element'
17:41:40.001 [AsyncHttpClient-1-1] DEBUG org.asynchttpclient.netty.channel.DefaultChannelPool - Entry count for : http://localhost:57351 : 1
17:41:40.062 [AsyncHttpClient-1-4] DEBUG org.asynchttpclient.netty.handler.HttpHandler - 

Request DefaultHttpRequest(decodeResult: success, version: HTTP/1.1)
POST /session/2c741ed2bb83b04d3d8e5ec27bdfcd7c/element HTTP/1.1
User-Agent: selenium/4.1.2 (java windows)
Content-Length: 84
Content-Type: application/json; charset=utf-8
host: localhost:65277
accept: */*

Response DefaultHttpResponse(decodeResult: success, version: HTTP/1.1)
HTTP/1.1 200 OK
Content-Type: application/json; charset=utf-8
cache-control: no-cache
content-length: 88

17:41:40.062 [AsyncHttpClient-1-4] DEBUG org.asynchttpclient.netty.channel.ChannelManager - Adding key: http://localhost:65277 for channel [id: 0xd169843d, L:/127.0.0.1:57347 - R:localhost/127.0.0.1:65277]
17:41:40.065 [Forwarding clickElement on session 2c741ed2bb83b04d3d8e5ec27bdfcd7c to remote] DEBUG org.asynchttpclient.netty.request.NettyRequestSender - Using pooled Channel '[id: 0xd169843d, L:/127.0.0.1:57347 - R:localhost/127.0.0.1:65277]' for 'POST' to 'http://localhost:65277/session/2c741ed2bb83b04d3d8e5ec27bdfcd7c/element/9cbde529-5cfc-4457-8312-336453472524/click'
17:41:40.065 [Forwarding clickElement on session 2c741ed2bb83b04d3d8e5ec27bdfcd7c to remote] DEBUG org.asynchttpclient.netty.request.NettyRequestSender - Using open Channel [id: 0xd169843d, L:/127.0.0.1:57347 - R:localhost/127.0.0.1:65277] for POST '/session/2c741ed2bb83b04d3d8e5ec27bdfcd7c/element/9cbde529-5cfc-4457-8312-336453472524/click'
17:41:40.296 [AsyncHttpClient-1-4] DEBUG org.asynchttpclient.netty.handler.HttpHandler - 

Request DefaultHttpRequest(decodeResult: success, version: HTTP/1.1)
POST /session/2c741ed2bb83b04d3d8e5ec27bdfcd7c/element/9cbde529-5cfc-4457-8312-336453472524/click HTTP/1.1
User-Agent: selenium/4.1.2 (java windows)
Content-Length: 50
Content-Type: application/json; charset=utf-8
host: localhost:65277
accept: */*

Response DefaultHttpResponse(decodeResult: success, version: HTTP/1.1)
HTTP/1.1 200 OK
Content-Type: application/json; charset=utf-8
cache-control: no-cache
content-length: 14

17:41:40.297 [AsyncHttpClient-1-4] DEBUG org.asynchttpclient.netty.channel.ChannelManager - Adding key: http://localhost:65277 for channel [id: 0xd169843d, L:/127.0.0.1:57347 - R:localhost/127.0.0.1:65277]
17:41:40.307 [Forwarding screenshot on session 2c741ed2bb83b04d3d8e5ec27bdfcd7c to remote] DEBUG org.asynchttpclient.netty.request.NettyRequestSender - Using pooled Channel '[id: 0xd169843d, L:/127.0.0.1:57347 - R:localhost/127.0.0.1:65277]' for 'GET' to 'http://localhost:65277/session/2c741ed2bb83b04d3d8e5ec27bdfcd7c/screenshot'
17:41:40.307 [Forwarding screenshot on session 2c741ed2bb83b04d3d8e5ec27bdfcd7c to remote] DEBUG org.asynchttpclient.netty.request.NettyRequestSender - Using open Channel [id: 0xd169843d, L:/127.0.0.1:57347 - R:localhost/127.0.0.1:65277] for GET '/session/2c741ed2bb83b04d3d8e5ec27bdfcd7c/screenshot'
17:41:40.428 [AsyncHttpClient-1-4] DEBUG org.asynchttpclient.netty.handler.HttpHandler - 

Request DefaultFullHttpRequest(decodeResult: success, version: HTTP/1.1, content: EmptyByteBufBE)
GET /session/2c741ed2bb83b04d3d8e5ec27bdfcd7c/screenshot HTTP/1.1
User-Agent: selenium/4.1.2 (java windows)
Cache-Control: no-cache
Content-Type: application/json; charset=utf-8
host: localhost:65277
accept: */*

Response DefaultHttpResponse(decodeResult: success, version: HTTP/1.1)
HTTP/1.1 200 OK
Content-Type: application/json; charset=utf-8
cache-control: no-cache
content-length: 77776

17:41:40.428 [AsyncHttpClient-1-4] DEBUG org.asynchttpclient.netty.channel.ChannelManager - Adding key: http://localhost:65277 for channel [id: 0xd169843d, L:/127.0.0.1:57347 - R:localhost/127.0.0.1:65277]
17:41:40.433 [main] DEBUG net.serenitybdd.core.photography.Darkroom - Send negative for processing for target\site\serenity\dde6ee49eef829c4844cc40a8aaa4d6e912eaee4e88eb74d4e912a38905c5f6b.png
17:41:40.433 [main] DEBUG net.thucydides.core.steps.StepInterceptor - STEP DONE: clickMenuAppointmentButton
  &amp#27;[32mAnd &amp#27;[0m&amp#27;[32mI click menu Appointment&amp#27;[0m                    &amp#27;[90m# starter.stepdefinitions.AppointmentSteps.iClickMenuAppointment()&amp#27;[0m
17:41:40.454 [main] DEBUG net.thucydides.core.steps.StepInterceptor - STARTING STEP: AppointmentSteps.iClickTheDeleteAppointmentIcon - clickTheDeleteAppointmentIcon
17:41:40.460 [Forwarding findElement on session 2c741ed2bb83b04d3d8e5ec27bdfcd7c to remote] DEBUG org.asynchttpclient.netty.request.NettyRequestSender - Using pooled Channel '[id: 0xd169843d, L:/127.0.0.1:57347 - R:localhost/127.0.0.1:65277]' for 'POST' to 'http://localhost:65277/session/2c741ed2bb83b04d3d8e5ec27bdfcd7c/element'
17:41:40.460 [Forwarding findElement on session 2c741ed2bb83b04d3d8e5ec27bdfcd7c to remote] DEBUG org.asynchttpclient.netty.request.NettyRequestSender - Using open Channel [id: 0xd169843d, L:/127.0.0.1:57347 - R:localhost/127.0.0.1:65277] for POST '/session/2c741ed2bb83b04d3d8e5ec27bdfcd7c/element'
17:41:41.100 [AsyncHttpClient-1-1] DEBUG org.asynchttpclient.netty.channel.DefaultChannelPool - Entry count for : http://localhost:57351 : 1
17:41:41.156 [AsyncHttpClient-1-4] DEBUG org.asynchttpclient.netty.handler.HttpHandler - 

Request DefaultHttpRequest(decodeResult: success, version: HTTP/1.1)
POST /session/2c741ed2bb83b04d3d8e5ec27bdfcd7c/element HTTP/1.1
User-Agent: selenium/4.1.2 (java windows)
Content-Length: 205
Content-Type: application/json; charset=utf-8
host: localhost:65277
accept: */*

Response DefaultHttpResponse(decodeResult: success, version: HTTP/1.1)
HTTP/1.1 200 OK
Content-Type: application/json; charset=utf-8
cache-control: no-cache
content-length: 88

17:41:41.156 [AsyncHttpClient-1-4] DEBUG org.asynchttpclient.netty.channel.ChannelManager - Adding key: http://localhost:65277 for channel [id: 0xd169843d, L:/127.0.0.1:57347 - R:localhost/127.0.0.1:65277]
17:41:41.158 [Forwarding getElementTagName on session 2c741ed2bb83b04d3d8e5ec27bdfcd7c to remote] DEBUG org.asynchttpclient.netty.request.NettyRequestSender - Using pooled Channel '[id: 0xd169843d, L:/127.0.0.1:57347 - R:localhost/127.0.0.1:65277]' for 'GET' to 'http://localhost:65277/session/2c741ed2bb83b04d3d8e5ec27bdfcd7c/element/5f082bda-61a2-4352-809d-8c0583b3345e/name'
17:41:41.158 [Forwarding getElementTagName on session 2c741ed2bb83b04d3d8e5ec27bdfcd7c to remote] DEBUG org.asynchttpclient.netty.request.NettyRequestSender - Using open Channel [id: 0xd169843d, L:/127.0.0.1:57347 - R:localhost/127.0.0.1:65277] for GET '/session/2c741ed2bb83b04d3d8e5ec27bdfcd7c/element/5f082bda-61a2-4352-809d-8c0583b3345e/name'
17:41:41.168 [AsyncHttpClient-1-4] DEBUG org.asynchttpclient.netty.handler.HttpHandler - 

Request DefaultFullHttpRequest(decodeResult: success, version: HTTP/1.1, content: EmptyByteBufBE)
GET /session/2c741ed2bb83b04d3d8e5ec27bdfcd7c/element/5f082bda-61a2-4352-809d-8c0583b3345e/name HTTP/1.1
User-Agent: selenium/4.1.2 (java windows)
Cache-Control: no-cache
Content-Type: application/json; charset=utf-8
host: localhost:65277
accept: */*

Response DefaultHttpResponse(decodeResult: success, version: HTTP/1.1)
HTTP/1.1 200 OK
Content-Type: application/json; charset=utf-8
cache-control: no-cache
content-length: 18

17:41:41.168 [AsyncHttpClient-1-4] DEBUG org.asynchttpclient.netty.channel.ChannelManager - Adding key: http://localhost:65277 for channel [id: 0xd169843d, L:/127.0.0.1:57347 - R:localhost/127.0.0.1:65277]
17:41:41.169 [Forwarding getElementTagName on session 2c741ed2bb83b04d3d8e5ec27bdfcd7c to remote] DEBUG org.asynchttpclient.netty.request.NettyRequestSender - Using pooled Channel '[id: 0xd169843d, L:/127.0.0.1:57347 - R:localhost/127.0.0.1:65277]' for 'GET' to 'http://localhost:65277/session/2c741ed2bb83b04d3d8e5ec27bdfcd7c/element/5f082bda-61a2-4352-809d-8c0583b3345e/name'
17:41:41.170 [Forwarding getElementTagName on session 2c741ed2bb83b04d3d8e5ec27bdfcd7c to remote] DEBUG org.asynchttpclient.netty.request.NettyRequestSender - Using open Channel [id: 0xd169843d, L:/127.0.0.1:57347 - R:localhost/127.0.0.1:65277] for GET '/session/2c741ed2bb83b04d3d8e5ec27bdfcd7c/element/5f082bda-61a2-4352-809d-8c0583b3345e/name'
17:41:41.173 [AsyncHttpClient-1-4] DEBUG org.asynchttpclient.netty.handler.HttpHandler - 

Request DefaultFullHttpRequest(decodeResult: success, version: HTTP/1.1, content: EmptyByteBufBE)
GET /session/2c741ed2bb83b04d3d8e5ec27bdfcd7c/element/5f082bda-61a2-4352-809d-8c0583b3345e/name HTTP/1.1
User-Agent: selenium/4.1.2 (java windows)
Cache-Control: no-cache
Content-Type: application/json; charset=utf-8
host: localhost:65277
accept: */*

Response DefaultHttpResponse(decodeResult: success, version: HTTP/1.1)
HTTP/1.1 200 OK
Content-Type: application/json; charset=utf-8
cache-control: no-cache
content-length: 18

17:41:41.173 [AsyncHttpClient-1-4] DEBUG org.asynchttpclient.netty.channel.ChannelManager - Adding key: http://localhost:65277 for channel [id: 0xd169843d, L:/127.0.0.1:57347 - R:localhost/127.0.0.1:65277]
17:41:41.176 [Forwarding isElementEnabled on session 2c741ed2bb83b04d3d8e5ec27bdfcd7c to remote] DEBUG org.asynchttpclient.netty.request.NettyRequestSender - Using pooled Channel '[id: 0xd169843d, L:/127.0.0.1:57347 - R:localhost/127.0.0.1:65277]' for 'GET' to 'http://localhost:65277/session/2c741ed2bb83b04d3d8e5ec27bdfcd7c/element/5f082bda-61a2-4352-809d-8c0583b3345e/enabled'
17:41:41.176 [Forwarding isElementEnabled on session 2c741ed2bb83b04d3d8e5ec27bdfcd7c to remote] DEBUG org.asynchttpclient.netty.request.NettyRequestSender - Using open Channel [id: 0xd169843d, L:/127.0.0.1:57347 - R:localhost/127.0.0.1:65277] for GET '/session/2c741ed2bb83b04d3d8e5ec27bdfcd7c/element/5f082bda-61a2-4352-809d-8c0583b3345e/enabled'
17:41:41.187 [AsyncHttpClient-1-4] DEBUG org.asynchttpclient.netty.handler.HttpHandler - 

Request DefaultFullHttpRequest(decodeResult: success, version: HTTP/1.1, content: EmptyByteBufBE)
GET /session/2c741ed2bb83b04d3d8e5ec27bdfcd7c/element/5f082bda-61a2-4352-809d-8c0583b3345e/enabled HTTP/1.1
User-Agent: selenium/4.1.2 (java windows)
Cache-Control: no-cache
Content-Type: application/json; charset=utf-8
host: localhost:65277
accept: */*

Response DefaultHttpResponse(decodeResult: success, version: HTTP/1.1)
HTTP/1.1 200 OK
Content-Type: application/json; charset=utf-8
cache-control: no-cache
content-length: 14

17:41:41.187 [AsyncHttpClient-1-4] DEBUG org.asynchttpclient.netty.channel.ChannelManager - Adding key: http://localhost:65277 for channel [id: 0xd169843d, L:/127.0.0.1:57347 - R:localhost/127.0.0.1:65277]
17:41:41.189 [Forwarding isElementEnabled on session 2c741ed2bb83b04d3d8e5ec27bdfcd7c to remote] DEBUG org.asynchttpclient.netty.request.NettyRequestSender - Using pooled Channel '[id: 0xd169843d, L:/127.0.0.1:57347 - R:localhost/127.0.0.1:65277]' for 'GET' to 'http://localhost:65277/session/2c741ed2bb83b04d3d8e5ec27bdfcd7c/element/5f082bda-61a2-4352-809d-8c0583b3345e/enabled'
17:41:41.189 [Forwarding isElementEnabled on session 2c741ed2bb83b04d3d8e5ec27bdfcd7c to remote] DEBUG org.asynchttpclient.netty.request.NettyRequestSender - Using open Channel [id: 0xd169843d, L:/127.0.0.1:57347 - R:localhost/127.0.0.1:65277] for GET '/session/2c741ed2bb83b04d3d8e5ec27bdfcd7c/element/5f082bda-61a2-4352-809d-8c0583b3345e/enabled'
17:41:41.195 [AsyncHttpClient-1-4] DEBUG org.asynchttpclient.netty.handler.HttpHandler - 

Request DefaultFullHttpRequest(decodeResult: success, version: HTTP/1.1, content: EmptyByteBufBE)
GET /session/2c741ed2bb83b04d3d8e5ec27bdfcd7c/element/5f082bda-61a2-4352-809d-8c0583b3345e/enabled HTTP/1.1
User-Agent: selenium/4.1.2 (java windows)
Cache-Control: no-cache
Content-Type: application/json; charset=utf-8
host: localhost:65277
accept: */*

Response DefaultHttpResponse(decodeResult: success, version: HTTP/1.1)
HTTP/1.1 200 OK
Content-Type: application/json; charset=utf-8
cache-control: no-cache
content-length: 14

17:41:41.195 [AsyncHttpClient-1-4] DEBUG org.asynchttpclient.netty.channel.ChannelManager - Adding key: http://localhost:65277 for channel [id: 0xd169843d, L:/127.0.0.1:57347 - R:localhost/127.0.0.1:65277]
17:41:41.198 [Forwarding findElement on session 2c741ed2bb83b04d3d8e5ec27bdfcd7c to remote] DEBUG org.asynchttpclient.netty.request.NettyRequestSender - Using pooled Channel '[id: 0xd169843d, L:/127.0.0.1:57347 - R:localhost/127.0.0.1:65277]' for 'POST' to 'http://localhost:65277/session/2c741ed2bb83b04d3d8e5ec27bdfcd7c/element'
17:41:41.198 [Forwarding findElement on session 2c741ed2bb83b04d3d8e5ec27bdfcd7c to remote] DEBUG org.asynchttpclient.netty.request.NettyRequestSender - Using open Channel [id: 0xd169843d, L:/127.0.0.1:57347 - R:localhost/127.0.0.1:65277] for POST '/session/2c741ed2bb83b04d3d8e5ec27bdfcd7c/element'
17:41:41.206 [AsyncHttpClient-1-4] DEBUG org.asynchttpclient.netty.handler.HttpHandler - 

Request DefaultHttpRequest(decodeResult: success, version: HTTP/1.1)
POST /session/2c741ed2bb83b04d3d8e5ec27bdfcd7c/element HTTP/1.1
User-Agent: selenium/4.1.2 (java windows)
Content-Length: 205
Content-Type: application/json; charset=utf-8
host: localhost:65277
accept: */*

Response DefaultHttpResponse(decodeResult: success, version: HTTP/1.1)
HTTP/1.1 200 OK
Content-Type: application/json; charset=utf-8
cache-control: no-cache
content-length: 88

17:41:41.206 [AsyncHttpClient-1-4] DEBUG org.asynchttpclient.netty.channel.ChannelManager - Adding key: http://localhost:65277 for channel [id: 0xd169843d, L:/127.0.0.1:57347 - R:localhost/127.0.0.1:65277]
17:41:41.208 [Forwarding clickElement on session 2c741ed2bb83b04d3d8e5ec27bdfcd7c to remote] DEBUG org.asynchttpclient.netty.request.NettyRequestSender - Using pooled Channel '[id: 0xd169843d, L:/127.0.0.1:57347 - R:localhost/127.0.0.1:65277]' for 'POST' to 'http://localhost:65277/session/2c741ed2bb83b04d3d8e5ec27bdfcd7c/element/5f082bda-61a2-4352-809d-8c0583b3345e/click'
17:41:41.208 [Forwarding clickElement on session 2c741ed2bb83b04d3d8e5ec27bdfcd7c to remote] DEBUG org.asynchttpclient.netty.request.NettyRequestSender - Using open Channel [id: 0xd169843d, L:/127.0.0.1:57347 - R:localhost/127.0.0.1:65277] for POST '/session/2c741ed2bb83b04d3d8e5ec27bdfcd7c/element/5f082bda-61a2-4352-809d-8c0583b3345e/click'
17:41:41.311 [AsyncHttpClient-1-4] DEBUG org.asynchttpclient.netty.handler.HttpHandler - 

Request DefaultHttpRequest(decodeResult: success, version: HTTP/1.1)
POST /session/2c741ed2bb83b04d3d8e5ec27bdfcd7c/element/5f082bda-61a2-4352-809d-8c0583b3345e/click HTTP/1.1
User-Agent: selenium/4.1.2 (java windows)
Content-Length: 50
Content-Type: application/json; charset=utf-8
host: localhost:65277
accept: */*

Response DefaultHttpResponse(decodeResult: success, version: HTTP/1.1)
HTTP/1.1 200 OK
Content-Type: application/json; charset=utf-8
cache-control: no-cache
content-length: 14

17:41:41.311 [AsyncHttpClient-1-4] DEBUG org.asynchttpclient.netty.channel.ChannelManager - Adding key: http://localhost:65277 for channel [id: 0xd169843d, L:/127.0.0.1:57347 - R:localhost/127.0.0.1:65277]
17:41:41.323 [Forwarding screenshot on session 2c741ed2bb83b04d3d8e5ec27bdfcd7c to remote] DEBUG org.asynchttpclient.netty.request.NettyRequestSender - Using pooled Channel '[id: 0xd169843d, L:/127.0.0.1:57347 - R:localhost/127.0.0.1:65277]' for 'GET' to 'http://localhost:65277/session/2c741ed2bb83b04d3d8e5ec27bdfcd7c/screenshot'
17:41:41.323 [Forwarding screenshot on session 2c741ed2bb83b04d3d8e5ec27bdfcd7c to remote] DEBUG org.asynchttpclient.netty.request.NettyRequestSender - Using open Channel [id: 0xd169843d, L:/127.0.0.1:57347 - R:localhost/127.0.0.1:65277] for GET '/session/2c741ed2bb83b04d3d8e5ec27bdfcd7c/screenshot'
17:41:41.455 [AsyncHttpClient-1-4] DEBUG org.asynchttpclient.netty.handler.HttpHandler - 

Request DefaultFullHttpRequest(decodeResult: success, version: HTTP/1.1, content: EmptyByteBufBE)
GET /session/2c741ed2bb83b04d3d8e5ec27bdfcd7c/screenshot HTTP/1.1
User-Agent: selenium/4.1.2 (java windows)
Cache-Control: no-cache
Content-Type: application/json; charset=utf-8
host: localhost:65277
accept: */*

Response DefaultHttpResponse(decodeResult: success, version: HTTP/1.1)
HTTP/1.1 200 OK
Content-Type: application/json; charset=utf-8
cache-control: no-cache
content-length: 101840

17:41:41.456 [AsyncHttpClient-1-4] DEBUG org.asynchttpclient.netty.channel.ChannelManager - Adding key: http://localhost:65277 for channel [id: 0xd169843d, L:/127.0.0.1:57347 - R:localhost/127.0.0.1:65277]
17:41:41.465 [main] DEBUG net.serenitybdd.core.photography.Darkroom - Send negative for processing for target\site\serenity\0535dde05309096b868c5d913ca5cd8393660341ad4e139299e4deee65c48a65.png
17:41:41.466 [main] DEBUG net.thucydides.core.steps.StepInterceptor - STEP DONE: clickTheDeleteAppointmentIcon
  &amp#27;[32mWhen &amp#27;[0m&amp#27;[32mI click the delete Appointment icon&amp#27;[0m        &amp#27;[90m# starter.stepdefinitions.AppointmentSteps.iClickTheDeleteAppointmentIcon()&amp#27;[0m
17:41:41.466 [Darkroom Processing Line] DEBUG net.serenitybdd.core.photography.DarkroomProcessingLine - Processing screenshot image in /var/screenshots/screenshot-5903842566509638164
17:41:41.468 [Darkroom Processing Line] DEBUG net.serenitybdd.core.photography.DarkroomProcessingLine - Saving screenshot to target\site\serenity\0535dde05309096b868c5d913ca5cd8393660341ad4e139299e4deee65c48a65.png
17:41:41.497 [main] DEBUG net.thucydides.core.steps.StepInterceptor - STARTING STEP: AppointmentSteps.iClickTheAppointmentCancelButton - clickTheCancelDeleteAppointmentButton
17:41:41.502 [Forwarding findElement on session 2c741ed2bb83b04d3d8e5ec27bdfcd7c to remote] DEBUG org.asynchttpclient.netty.request.NettyRequestSender - Using pooled Channel '[id: 0xd169843d, L:/127.0.0.1:57347 - R:localhost/127.0.0.1:65277]' for 'POST' to 'http://localhost:65277/session/2c741ed2bb83b04d3d8e5ec27bdfcd7c/element'
17:41:41.503 [Forwarding findElement on session 2c741ed2bb83b04d3d8e5ec27bdfcd7c to remote] DEBUG org.asynchttpclient.netty.request.NettyRequestSender - Using open Channel [id: 0xd169843d, L:/127.0.0.1:57347 - R:localhost/127.0.0.1:65277] for POST '/session/2c741ed2bb83b04d3d8e5ec27bdfcd7c/element'
17:41:41.526 [AsyncHttpClient-1-4] DEBUG org.asynchttpclient.netty.handler.HttpHandler - 

Request DefaultHttpRequest(decodeResult: success, version: HTTP/1.1)
POST /session/2c741ed2bb83b04d3d8e5ec27bdfcd7c/element HTTP/1.1
User-Agent: selenium/4.1.2 (java windows)
Content-Length: 104
Content-Type: application/json; charset=utf-8
host: localhost:65277
accept: */*

Response DefaultHttpResponse(decodeResult: success, version: HTTP/1.1)
HTTP/1.1 200 OK
Content-Type: application/json; charset=utf-8
cache-control: no-cache
content-length: 88

17:41:41.527 [AsyncHttpClient-1-4] DEBUG org.asynchttpclient.netty.channel.ChannelManager - Adding key: http://localhost:65277 for channel [id: 0xd169843d, L:/127.0.0.1:57347 - R:localhost/127.0.0.1:65277]
17:41:41.531 [Forwarding getElementTagName on session 2c741ed2bb83b04d3d8e5ec27bdfcd7c to remote] DEBUG org.asynchttpclient.netty.request.NettyRequestSender - Using pooled Channel '[id: 0xd169843d, L:/127.0.0.1:57347 - R:localhost/127.0.0.1:65277]' for 'GET' to 'http://localhost:65277/session/2c741ed2bb83b04d3d8e5ec27bdfcd7c/element/be1d1dcb-372b-4a90-84a8-3bce9b9e89ff/name'
17:41:41.531 [Forwarding getElementTagName on session 2c741ed2bb83b04d3d8e5ec27bdfcd7c to remote] DEBUG org.asynchttpclient.netty.request.NettyRequestSender - Using open Channel [id: 0xd169843d, L:/127.0.0.1:57347 - R:localhost/127.0.0.1:65277] for GET '/session/2c741ed2bb83b04d3d8e5ec27bdfcd7c/element/be1d1dcb-372b-4a90-84a8-3bce9b9e89ff/name'
17:41:41.539 [AsyncHttpClient-1-4] DEBUG org.asynchttpclient.netty.handler.HttpHandler - 

Request DefaultFullHttpRequest(decodeResult: success, version: HTTP/1.1, content: EmptyByteBufBE)
GET /session/2c741ed2bb83b04d3d8e5ec27bdfcd7c/element/be1d1dcb-372b-4a90-84a8-3bce9b9e89ff/name HTTP/1.1
User-Agent: selenium/4.1.2 (java windows)
Cache-Control: no-cache
Content-Type: application/json; charset=utf-8
host: localhost:65277
accept: */*

Response DefaultHttpResponse(decodeResult: success, version: HTTP/1.1)
HTTP/1.1 200 OK
Content-Type: application/json; charset=utf-8
cache-control: no-cache
content-length: 18

17:41:41.539 [AsyncHttpClient-1-4] DEBUG org.asynchttpclient.netty.channel.ChannelManager - Adding key: http://localhost:65277 for channel [id: 0xd169843d, L:/127.0.0.1:57347 - R:localhost/127.0.0.1:65277]
17:41:41.545 [Forwarding getElementTagName on session 2c741ed2bb83b04d3d8e5ec27bdfcd7c to remote] DEBUG org.asynchttpclient.netty.request.NettyRequestSender - Using pooled Channel '[id: 0xd169843d, L:/127.0.0.1:57347 - R:localhost/127.0.0.1:65277]' for 'GET' to 'http://localhost:65277/session/2c741ed2bb83b04d3d8e5ec27bdfcd7c/element/be1d1dcb-372b-4a90-84a8-3bce9b9e89ff/name'
17:41:41.545 [Forwarding getElementTagName on session 2c741ed2bb83b04d3d8e5ec27bdfcd7c to remote] DEBUG org.asynchttpclient.netty.request.NettyRequestSender - Using open Channel [id: 0xd169843d, L:/127.0.0.1:57347 - R:localhost/127.0.0.1:65277] for GET '/session/2c741ed2bb83b04d3d8e5ec27bdfcd7c/element/be1d1dcb-372b-4a90-84a8-3bce9b9e89ff/name'
17:41:41.554 [AsyncHttpClient-1-4] DEBUG org.asynchttpclient.netty.handler.HttpHandler - 

Request DefaultFullHttpRequest(decodeResult: success, version: HTTP/1.1, content: EmptyByteBufBE)
GET /session/2c741ed2bb83b04d3d8e5ec27bdfcd7c/element/be1d1dcb-372b-4a90-84a8-3bce9b9e89ff/name HTTP/1.1
User-Agent: selenium/4.1.2 (java windows)
Cache-Control: no-cache
Content-Type: application/json; charset=utf-8
host: localhost:65277
accept: */*

Response DefaultHttpResponse(decodeResult: success, version: HTTP/1.1)
HTTP/1.1 200 OK
Content-Type: application/json; charset=utf-8
cache-control: no-cache
content-length: 18

17:41:41.555 [AsyncHttpClient-1-4] DEBUG org.asynchttpclient.netty.channel.ChannelManager - Adding key: http://localhost:65277 for channel [id: 0xd169843d, L:/127.0.0.1:57347 - R:localhost/127.0.0.1:65277]
17:41:41.561 [Forwarding isElementEnabled on session 2c741ed2bb83b04d3d8e5ec27bdfcd7c to remote] DEBUG org.asynchttpclient.netty.request.NettyRequestSender - Using pooled Channel '[id: 0xd169843d, L:/127.0.0.1:57347 - R:localhost/127.0.0.1:65277]' for 'GET' to 'http://localhost:65277/session/2c741ed2bb83b04d3d8e5ec27bdfcd7c/element/be1d1dcb-372b-4a90-84a8-3bce9b9e89ff/enabled'
17:41:41.561 [Forwarding isElementEnabled on session 2c741ed2bb83b04d3d8e5ec27bdfcd7c to remote] DEBUG org.asynchttpclient.netty.request.NettyRequestSender - Using open Channel [id: 0xd169843d, L:/127.0.0.1:57347 - R:localhost/127.0.0.1:65277] for GET '/session/2c741ed2bb83b04d3d8e5ec27bdfcd7c/element/be1d1dcb-372b-4a90-84a8-3bce9b9e89ff/enabled'
17:41:41.575 [AsyncHttpClient-1-4] DEBUG org.asynchttpclient.netty.handler.HttpHandler - 

Request DefaultFullHttpRequest(decodeResult: success, version: HTTP/1.1, content: EmptyByteBufBE)
GET /session/2c741ed2bb83b04d3d8e5ec27bdfcd7c/element/be1d1dcb-372b-4a90-84a8-3bce9b9e89ff/enabled HTTP/1.1
User-Agent: selenium/4.1.2 (java windows)
Cache-Control: no-cache
Content-Type: application/json; charset=utf-8
host: localhost:65277
accept: */*

Response DefaultHttpResponse(decodeResult: success, version: HTTP/1.1)
HTTP/1.1 200 OK
Content-Type: application/json; charset=utf-8
cache-control: no-cache
content-length: 14

17:41:41.575 [AsyncHttpClient-1-4] DEBUG org.asynchttpclient.netty.channel.ChannelManager - Adding key: http://localhost:65277 for channel [id: 0xd169843d, L:/127.0.0.1:57347 - R:localhost/127.0.0.1:65277]
17:41:41.577 [Forwarding isElementEnabled on session 2c741ed2bb83b04d3d8e5ec27bdfcd7c to remote] DEBUG org.asynchttpclient.netty.request.NettyRequestSender - Using pooled Channel '[id: 0xd169843d, L:/127.0.0.1:57347 - R:localhost/127.0.0.1:65277]' for 'GET' to 'http://localhost:65277/session/2c741ed2bb83b04d3d8e5ec27bdfcd7c/element/be1d1dcb-372b-4a90-84a8-3bce9b9e89ff/enabled'
17:41:41.577 [Forwarding isElementEnabled on session 2c741ed2bb83b04d3d8e5ec27bdfcd7c to remote] DEBUG org.asynchttpclient.netty.request.NettyRequestSender - Using open Channel [id: 0xd169843d, L:/127.0.0.1:57347 - R:localhost/127.0.0.1:65277] for GET '/session/2c741ed2bb83b04d3d8e5ec27bdfcd7c/element/be1d1dcb-372b-4a90-84a8-3bce9b9e89ff/enabled'
17:41:41.590 [AsyncHttpClient-1-4] DEBUG org.asynchttpclient.netty.handler.HttpHandler - 

Request DefaultFullHttpRequest(decodeResult: success, version: HTTP/1.1, content: EmptyByteBufBE)
GET /session/2c741ed2bb83b04d3d8e5ec27bdfcd7c/element/be1d1dcb-372b-4a90-84a8-3bce9b9e89ff/enabled HTTP/1.1
User-Agent: selenium/4.1.2 (java windows)
Cache-Control: no-cache
Content-Type: application/json; charset=utf-8
host: localhost:65277
accept: */*

Response DefaultHttpResponse(decodeResult: success, version: HTTP/1.1)
HTTP/1.1 200 OK
Content-Type: application/json; charset=utf-8
cache-control: no-cache
content-length: 14

17:41:41.590 [AsyncHttpClient-1-4] DEBUG org.asynchttpclient.netty.channel.ChannelManager - Adding key: http://localhost:65277 for channel [id: 0xd169843d, L:/127.0.0.1:57347 - R:localhost/127.0.0.1:65277]
17:41:41.592 [Forwarding findElement on session 2c741ed2bb83b04d3d8e5ec27bdfcd7c to remote] DEBUG org.asynchttpclient.netty.request.NettyRequestSender - Using pooled Channel '[id: 0xd169843d, L:/127.0.0.1:57347 - R:localhost/127.0.0.1:65277]' for 'POST' to 'http://localhost:65277/session/2c741ed2bb83b04d3d8e5ec27bdfcd7c/element'
17:41:41.592 [Forwarding findElement on session 2c741ed2bb83b04d3d8e5ec27bdfcd7c to remote] DEBUG org.asynchttpclient.netty.request.NettyRequestSender - Using open Channel [id: 0xd169843d, L:/127.0.0.1:57347 - R:localhost/127.0.0.1:65277] for POST '/session/2c741ed2bb83b04d3d8e5ec27bdfcd7c/element'
17:41:41.603 [AsyncHttpClient-1-4] DEBUG org.asynchttpclient.netty.handler.HttpHandler - 

Request DefaultHttpRequest(decodeResult: success, version: HTTP/1.1)
POST /session/2c741ed2bb83b04d3d8e5ec27bdfcd7c/element HTTP/1.1
User-Agent: selenium/4.1.2 (java windows)
Content-Length: 104
Content-Type: application/json; charset=utf-8
host: localhost:65277
accept: */*

Response DefaultHttpResponse(decodeResult: success, version: HTTP/1.1)
HTTP/1.1 200 OK
Content-Type: application/json; charset=utf-8
cache-control: no-cache
content-length: 88

17:41:41.603 [AsyncHttpClient-1-4] DEBUG org.asynchttpclient.netty.channel.ChannelManager - Adding key: http://localhost:65277 for channel [id: 0xd169843d, L:/127.0.0.1:57347 - R:localhost/127.0.0.1:65277]
17:41:41.605 [Forwarding clickElement on session 2c741ed2bb83b04d3d8e5ec27bdfcd7c to remote] DEBUG org.asynchttpclient.netty.request.NettyRequestSender - Using pooled Channel '[id: 0xd169843d, L:/127.0.0.1:57347 - R:localhost/127.0.0.1:65277]' for 'POST' to 'http://localhost:65277/session/2c741ed2bb83b04d3d8e5ec27bdfcd7c/element/be1d1dcb-372b-4a90-84a8-3bce9b9e89ff/click'
17:41:41.606 [Forwarding clickElement on session 2c741ed2bb83b04d3d8e5ec27bdfcd7c to remote] DEBUG org.asynchttpclient.netty.request.NettyRequestSender - Using open Channel [id: 0xd169843d, L:/127.0.0.1:57347 - R:localhost/127.0.0.1:65277] for POST '/session/2c741ed2bb83b04d3d8e5ec27bdfcd7c/element/be1d1dcb-372b-4a90-84a8-3bce9b9e89ff/click'
17:41:41.699 [AsyncHttpClient-1-4] DEBUG org.asynchttpclient.netty.handler.HttpHandler - 

Request DefaultHttpRequest(decodeResult: success, version: HTTP/1.1)
POST /session/2c741ed2bb83b04d3d8e5ec27bdfcd7c/element/be1d1dcb-372b-4a90-84a8-3bce9b9e89ff/click HTTP/1.1
User-Agent: selenium/4.1.2 (java windows)
Content-Length: 50
Content-Type: application/json; charset=utf-8
host: localhost:65277
accept: */*

Response DefaultHttpResponse(decodeResult: success, version: HTTP/1.1)
HTTP/1.1 200 OK
Content-Type: application/json; charset=utf-8
cache-control: no-cache
content-length: 14

17:41:41.699 [AsyncHttpClient-1-4] DEBUG org.asynchttpclient.netty.channel.ChannelManager - Adding key: http://localhost:65277 for channel [id: 0xd169843d, L:/127.0.0.1:57347 - R:localhost/127.0.0.1:65277]
17:41:41.713 [Forwarding screenshot on session 2c741ed2bb83b04d3d8e5ec27bdfcd7c to remote] DEBUG org.asynchttpclient.netty.request.NettyRequestSender - Using pooled Channel '[id: 0xd169843d, L:/127.0.0.1:57347 - R:localhost/127.0.0.1:65277]' for 'GET' to 'http://localhost:65277/session/2c741ed2bb83b04d3d8e5ec27bdfcd7c/screenshot'
17:41:41.713 [Forwarding screenshot on session 2c741ed2bb83b04d3d8e5ec27bdfcd7c to remote] DEBUG org.asynchttpclient.netty.request.NettyRequestSender - Using open Channel [id: 0xd169843d, L:/127.0.0.1:57347 - R:localhost/127.0.0.1:65277] for GET '/session/2c741ed2bb83b04d3d8e5ec27bdfcd7c/screenshot'
17:41:41.838 [AsyncHttpClient-1-4] DEBUG org.asynchttpclient.netty.handler.HttpHandler - 

Request DefaultFullHttpRequest(decodeResult: success, version: HTTP/1.1, content: EmptyByteBufBE)
GET /session/2c741ed2bb83b04d3d8e5ec27bdfcd7c/screenshot HTTP/1.1
User-Agent: selenium/4.1.2 (java windows)
Cache-Control: no-cache
Content-Type: application/json; charset=utf-8
host: localhost:65277
accept: */*

Response DefaultHttpResponse(decodeResult: success, version: HTTP/1.1)
HTTP/1.1 200 OK
Content-Type: application/json; charset=utf-8
cache-control: no-cache
content-length: 96084

17:41:41.839 [AsyncHttpClient-1-4] DEBUG org.asynchttpclient.netty.channel.ChannelManager - Adding key: http://localhost:65277 for channel [id: 0xd169843d, L:/127.0.0.1:57347 - R:localhost/127.0.0.1:65277]
17:41:41.846 [main] DEBUG net.serenitybdd.core.photography.Darkroom - Send negative for processing for target\site\serenity\59af2584bb12e397f05c9828e11e70b87c39cd1b12837921f4bb1f5f99dcf154.png
17:41:41.847 [main] DEBUG net.thucydides.core.steps.StepInterceptor - STEP DONE: clickTheCancelDeleteAppointmentButton
  &amp#27;[32mAnd &amp#27;[0m&amp#27;[32mI click the Appointment cancel button&amp#27;[0m       &amp#27;[90m# starter.stepdefinitions.AppointmentSteps.iClickTheAppointmentCancelButton()&amp#27;[0m
17:41:41.847 [Darkroom Processing Line] DEBUG net.serenitybdd.core.photography.DarkroomProcessingLine - Processing screenshot image in /var/screenshots/screenshot-2501390101072836579
17:41:41.847 [Darkroom Processing Line] DEBUG net.serenitybdd.core.photography.DarkroomProcessingLine - Saving screenshot to target\site\serenity\59af2584bb12e397f05c9828e11e70b87c39cd1b12837921f4bb1f5f99dcf154.png
17:41:41.921 [Forwarding screenshot on session 2c741ed2bb83b04d3d8e5ec27bdfcd7c to remote] DEBUG org.asynchttpclient.netty.request.NettyRequestSender - Using pooled Channel '[id: 0xd169843d, L:/127.0.0.1:57347 - R:localhost/127.0.0.1:65277]' for 'GET' to 'http://localhost:65277/session/2c741ed2bb83b04d3d8e5ec27bdfcd7c/screenshot'
17:41:41.921 [Forwarding screenshot on session 2c741ed2bb83b04d3d8e5ec27bdfcd7c to remote] DEBUG org.asynchttpclient.netty.request.NettyRequestSender - Using open Channel [id: 0xd169843d, L:/127.0.0.1:57347 - R:localhost/127.0.0.1:65277] for GET '/session/2c741ed2bb83b04d3d8e5ec27bdfcd7c/screenshot'
17:41:42.057 [AsyncHttpClient-1-4] DEBUG org.asynchttpclient.netty.handler.HttpHandler - 

Request DefaultFullHttpRequest(decodeResult: success, version: HTTP/1.1, content: EmptyByteBufBE)
GET /session/2c741ed2bb83b04d3d8e5ec27bdfcd7c/screenshot HTTP/1.1
User-Agent: selenium/4.1.2 (java windows)
Cache-Control: no-cache
Content-Type: application/json; charset=utf-8
host: localhost:65277
accept: */*

Response DefaultHttpResponse(decodeResult: success, version: HTTP/1.1)
HTTP/1.1 200 OK
Content-Type: application/json; charset=utf-8
cache-control: no-cache
content-length: 95844

17:41:42.058 [AsyncHttpClient-1-4] DEBUG org.asynchttpclient.netty.channel.ChannelManager - Adding key: http://localhost:65277 for channel [id: 0xd169843d, L:/127.0.0.1:57347 - R:localhost/127.0.0.1:65277]
17:41:42.063 [main] DEBUG net.serenitybdd.core.photography.Darkroom - Send negative for processing for target\site\serenity\623cb54bbc94fa11e767c2cc4d892df9f221a414a5f57341312854ea0d10b169.png
17:41:42.063 [Darkroom Processing Line] DEBUG net.serenitybdd.core.photography.DarkroomProcessingLine - Processing screenshot image in /var/screenshots/screenshot-10001030762313775203
17:41:42.063 [Darkroom Processing Line] DEBUG net.serenitybdd.core.photography.DarkroomProcessingLine - Saving screenshot to target\site\serenity\623cb54bbc94fa11e767c2cc4d892df9f221a414a5f57341312854ea0d10b169.png
17:41:42.071 [main] DEBUG net.thucydides.core.steps.StepInterceptor - STARTING STEP: AppointmentSteps.iExitDeleteAppointmentOptionMessage - exitDeleteAppointmentMessage
17:41:42.073 [Forwarding findElement on session 2c741ed2bb83b04d3d8e5ec27bdfcd7c to remote] DEBUG org.asynchttpclient.netty.request.NettyRequestSender - Using pooled Channel '[id: 0xd169843d, L:/127.0.0.1:57347 - R:localhost/127.0.0.1:65277]' for 'POST' to 'http://localhost:65277/session/2c741ed2bb83b04d3d8e5ec27bdfcd7c/element'
17:41:42.073 [Forwarding findElement on session 2c741ed2bb83b04d3d8e5ec27bdfcd7c to remote] DEBUG org.asynchttpclient.netty.request.NettyRequestSender - Using open Channel [id: 0xd169843d, L:/127.0.0.1:57347 - R:localhost/127.0.0.1:65277] for POST '/session/2c741ed2bb83b04d3d8e5ec27bdfcd7c/element'
17:41:42.089 [AsyncHttpClient-1-4] DEBUG org.asynchttpclient.netty.handler.HttpHandler - 

Request DefaultHttpRequest(decodeResult: success, version: HTTP/1.1)
POST /session/2c741ed2bb83b04d3d8e5ec27bdfcd7c/element HTTP/1.1
User-Agent: selenium/4.1.2 (java windows)
Content-Length: 89
Content-Type: application/json; charset=utf-8
host: localhost:65277
accept: */*

Response DefaultHttpResponse(decodeResult: success, version: HTTP/1.1)
HTTP/1.1 200 OK
Content-Type: application/json; charset=utf-8
cache-control: no-cache
content-length: 88

17:41:42.089 [AsyncHttpClient-1-4] DEBUG org.asynchttpclient.netty.channel.ChannelManager - Adding key: http://localhost:65277 for channel [id: 0xd169843d, L:/127.0.0.1:57347 - R:localhost/127.0.0.1:65277]
17:41:42.094 [Forwarding isElementDisplayed on session 2c741ed2bb83b04d3d8e5ec27bdfcd7c to remote] DEBUG org.asynchttpclient.netty.request.NettyRequestSender - Using pooled Channel '[id: 0xd169843d, L:/127.0.0.1:57347 - R:localhost/127.0.0.1:65277]' for 'POST' to 'http://localhost:65277/session/2c741ed2bb83b04d3d8e5ec27bdfcd7c/execute/sync'
17:41:42.094 [Forwarding isElementDisplayed on session 2c741ed2bb83b04d3d8e5ec27bdfcd7c to remote] DEBUG org.asynchttpclient.netty.request.NettyRequestSender - Using open Channel [id: 0xd169843d, L:/127.0.0.1:57347 - R:localhost/127.0.0.1:65277] for POST '/session/2c741ed2bb83b04d3d8e5ec27bdfcd7c/execute/sync'
17:41:42.115 [AsyncHttpClient-1-4] DEBUG org.asynchttpclient.netty.handler.HttpHandler - 

Request DefaultHttpRequest(decodeResult: success, version: HTTP/1.1)
POST /session/2c741ed2bb83b04d3d8e5ec27bdfcd7c/execute/sync HTTP/1.1
User-Agent: selenium/4.1.2 (java windows)
Content-Length: 48780
Content-Type: application/json; charset=utf-8
host: localhost:65277
accept: */*

Response DefaultHttpResponse(decodeResult: success, version: HTTP/1.1)
HTTP/1.1 200 OK
Content-Type: application/json; charset=utf-8
cache-control: no-cache
content-length: 14

17:41:42.115 [AsyncHttpClient-1-4] DEBUG org.asynchttpclient.netty.channel.ChannelManager - Adding key: http://localhost:65277 for channel [id: 0xd169843d, L:/127.0.0.1:57347 - R:localhost/127.0.0.1:65277]
17:41:42.120 [Forwarding screenshot on session 2c741ed2bb83b04d3d8e5ec27bdfcd7c to remote] DEBUG org.asynchttpclient.netty.request.NettyRequestSender - Using pooled Channel '[id: 0xd169843d, L:/127.0.0.1:57347 - R:localhost/127.0.0.1:65277]' for 'GET' to 'http://localhost:65277/session/2c741ed2bb83b04d3d8e5ec27bdfcd7c/screenshot'
17:41:42.120 [Forwarding screenshot on session 2c741ed2bb83b04d3d8e5ec27bdfcd7c to remote] DEBUG org.asynchttpclient.netty.request.NettyRequestSender - Using open Channel [id: 0xd169843d, L:/127.0.0.1:57347 - R:localhost/127.0.0.1:65277] for GET '/session/2c741ed2bb83b04d3d8e5ec27bdfcd7c/screenshot'
17:41:42.202 [AsyncHttpClient-1-1] DEBUG org.asynchttpclient.netty.channel.DefaultChannelPool - Entry count for : http://localhost:57351 : 1
17:41:42.210 [AsyncHttpClient-1-4] DEBUG org.asynchttpclient.netty.handler.HttpHandler - 

Request DefaultFullHttpRequest(decodeResult: success, version: HTTP/1.1, content: EmptyByteBufBE)
GET /session/2c741ed2bb83b04d3d8e5ec27bdfcd7c/screenshot HTTP/1.1
User-Agent: selenium/4.1.2 (java windows)
Cache-Control: no-cache
Content-Type: application/json; charset=utf-8
host: localhost:65277
accept: */*

Response DefaultHttpResponse(decodeResult: success, version: HTTP/1.1)
HTTP/1.1 200 OK
Content-Type: application/json; charset=utf-8
cache-control: no-cache
content-length: 95844

17:41:42.211 [AsyncHttpClient-1-4] DEBUG org.asynchttpclient.netty.channel.ChannelManager - Adding key: http://localhost:65277 for channel [id: 0xd169843d, L:/127.0.0.1:57347 - R:localhost/127.0.0.1:65277]
17:41:42.216 [main] DEBUG net.serenitybdd.core.photography.Darkroom - Send negative for processing for target\site\serenity\623cb54bbc94fa11e767c2cc4d892df9f221a414a5f57341312854ea0d10b169.png
17:41:42.216 [main] DEBUG net.thucydides.core.steps.StepInterceptor - STEP DONE: exitDeleteAppointmentMessage
  &amp#27;[32mThen &amp#27;[0m&amp#27;[32mI exit delete Appointment option message&amp#27;[0m   &amp#27;[90m# starter.stepdefinitions.AppointmentSteps.iExitDeleteAppointmentOptionMessage()&amp#27;[0m
17:41:42.221 [main] INFO  - 
  _____   ___   ___   _____     ___     _     ___   ___   ___   ___  
 |_   _| | __| / __| |_   _|   | _ \   /_\   / __| / __| | __| |   \ 
   | |   | _|  \__ \   | |     |  _/  / _ \  \__ \ \__ \ | _|  | |) |
   |_|   |___| |___/   |_|     |_|   /_/ \_\ |___/ |___/ |___| |___/ 

Cancel Delete Appointment Data Scenario
----------------------------------------------------------------------
17:41:42.223 [AsyncHttpClient-1-6] DEBUG org.asynchttpclient.netty.handler.WebSocketHandler - Channel Closed: [id: 0xceaaa61b, L:/127.0.0.1:57357 ! R:localhost/127.0.0.1:57351] with attribute NettyResponseFuture{currentRetry=5,
	isDone=1,
	isCancelled=0,
	asyncHandler=org.asynchttpclient.ws.WebSocketUpgradeHandler@49f5e17e,
	nettyRequest=org.asynchttpclient.netty.request.NettyRequest@1393495b,
	future=java.util.concurrent.CompletableFuture@2be681b8[Completed normally],
	uri=ws://localhost:57351/devtools/browser/f3b8d324-f6cf-4173-a97c-7a1f6c0cd000,
	keepAlive=true,
	redirectCount=0,
	timeoutsHolder=null,
	inAuth=0,
	touch=1655548896279}
17:41:42.224 [AsyncHttpClient-1-6] DEBUG org.asynchttpclient.netty.channel.ChannelManager - Closing Channel [id: 0xceaaa61b, L:/127.0.0.1:57357 ! R:localhost/127.0.0.1:57351] 
17:41:42.224 [Driver Command Executor] DEBUG org.asynchttpclient.netty.request.NettyRequestSender - Using pooled Channel '[id: 0xd169843d, L:/127.0.0.1:57347 - R:localhost/127.0.0.1:65277]' for 'DELETE' to 'http://localhost:65277/session/2c741ed2bb83b04d3d8e5ec27bdfcd7c'
17:41:42.224 [Driver Command Executor] DEBUG org.asynchttpclient.netty.request.NettyRequestSender - Using open Channel [id: 0xd169843d, L:/127.0.0.1:57347 - R:localhost/127.0.0.1:65277] for DELETE '/session/2c741ed2bb83b04d3d8e5ec27bdfcd7c'
17:41:42.248 [AsyncHttpClient-1-5] DEBUG org.asynchttpclient.netty.handler.HttpHandler - Unexpected I/O exception on channel [id: 0x1997072c, L:/127.0.0.1:57356 - R:localhost/127.0.0.1:57351]
java.net.SocketException: Connection reset
	at java.base/sun.nio.ch.SocketChannelImpl.throwConnectionReset(SocketChannelImpl.java:367)
	at java.base/sun.nio.ch.SocketChannelImpl.read(SocketChannelImpl.java:398)
	at io.netty.buffer.PooledByteBuf.setBytes(PooledByteBuf.java:258)
	at io.netty.buffer.AbstractByteBuf.writeBytes(AbstractByteBuf.java:1132)
	at io.netty.channel.socket.nio.NioSocketChannel.doReadBytes(NioSocketChannel.java:350)
	at io.netty.channel.nio.AbstractNioByteChannel$NioByteUnsafe.read(AbstractNioByteChannel.java:151)
	at io.netty.channel.nio.NioEventLoop.processSelectedKey(NioEventLoop.java:722)
	at io.netty.channel.nio.NioEventLoop.processSelectedKeysOptimized(NioEventLoop.java:658)
	at io.netty.channel.nio.NioEventLoop.processSelectedKeys(NioEventLoop.java:584)
	at io.netty.channel.nio.NioEventLoop.run(NioEventLoop.java:496)
	at io.netty.util.concurrent.SingleThreadEventExecutor$4.run(SingleThreadEventExecutor.java:986)
	at io.netty.util.internal.ThreadExecutorMap$2.run(ThreadExecutorMap.java:74)
	at io.netty.util.concurrent.FastThreadLocalRunnable.run(FastThreadLocalRunnable.java:30)
	at java.base/java.lang.Thread.run(Thread.java:832)
17:41:42.248 [AsyncHttpClient-1-5] DEBUG org.asynchttpclient.netty.channel.ChannelManager - Closing Channel [id: 0x1997072c, L:/127.0.0.1:57356 - R:localhost/127.0.0.1:57351] 
17:41:42.249 [AsyncHttpClient-1-5] DEBUG org.asynchttpclient.netty.handler.HttpHandler - Channel Closed: [id: 0x1997072c, L:/127.0.0.1:57356 ! R:localhost/127.0.0.1:57351] with attribute DISCARD
17:41:42.272 [AsyncHttpClient-1-4] DEBUG org.asynchttpclient.netty.handler.HttpHandler - 

Request DefaultFullHttpRequest(decodeResult: success, version: HTTP/1.1, content: EmptyByteBufBE)
DELETE /session/2c741ed2bb83b04d3d8e5ec27bdfcd7c HTTP/1.1
User-Agent: selenium/4.1.2 (java windows)
Content-Type: application/json; charset=utf-8
host: localhost:65277
accept: */*

Response DefaultHttpResponse(decodeResult: success, version: HTTP/1.1)
HTTP/1.1 200 OK
Content-Type: application/json; charset=utf-8
cache-control: no-cache
content-length: 14

17:41:42.273 [AsyncHttpClient-1-4] DEBUG org.asynchttpclient.netty.channel.ChannelManager - Adding key: http://localhost:65277 for channel [id: 0xd169843d, L:/127.0.0.1:57347 - R:localhost/127.0.0.1:65277]
17:41:42.415 [AsyncHttpClient-1-4] DEBUG org.asynchttpclient.netty.handler.HttpHandler - Channel Closed: [id: 0xd169843d, L:/127.0.0.1:57347 ! R:localhost/127.0.0.1:65277] with attribute DISCARD
]]></system-out>
    <system-err><![CDATA[Starting ChromeDriver 102.0.5005.61 (0e59bcc00cc4985ce39ad31c150065f159d95ad3-refs/branch-heads/5005@{#819}) on port 65277
Only local connections are allowed.
Please see https://chromedriver.chromium.org/security-considerations for suggestions on keeping ChromeDriver safe.
ChromeDriver was started successfully.
Jun 18, 2022 5:41:36 PM org.openqa.selenium.remote.ProtocolHandshake createSession
INFO: Detected dialect: W3C
Jun 18, 2022 5:41:36 PM org.openqa.selenium.devtools.CdpVersionFinder findNearestMatch
WARNING: Unable to find an exact match for CDP version 102, so returning the closest version found: a no-op implementation
Jun 18, 2022 5:41:36 PM org.openqa.selenium.devtools.CdpVersionFinder findNearestMatch
INFO: Unable to find CDP implementation matching 102.
Jun 18, 2022 5:41:36 PM org.openqa.selenium.chromium.ChromiumDriver lambda$new$3
WARNING: Unable to find version of CDP to use for . You may need to include a dependency on a specific version of the CDP using something similar to `org.seleniumhq.selenium:selenium-devtools-v86:4.1.2` where the version ("v86") matches the version of the chromium-based browser you're using and the version number of the artifact is the same as Selenium's.
]]></system-err>
  </testcase>
  <testcase name="Create New Patient Scenario" classname="Patient" time="12.364">
    <system-out><![CDATA[17:41:43.002 [main] INFO io.cucumber.core.plugin.SerenityReporter - Running feature from file:///E:/My%20Documents/File%20Difa/TI%20Semester%206%20Kampus%20Merdeka%20Alterra/Tugas/CAPSTONE%20Project/Capstone-Project-Website/src/test/resources/features/2.Patient.feature
17:41:43.081 [main] DEBUG net.thucydides.core.steps.StepEventBus - Test suite started for story net.thucydides.core.model.Story@ccc708cc
17:41:43.082 [main] INFO  - Test Suite Started: Patient

@Patient @CreatePatient
Scenario: Create New Patient Scenario             &amp#27;[90m# src/test/resources/features/2.Patient.feature:8&amp#27;[0m
17:41:43.221 [main] INFO io.cucumber.core.plugin.SerenityReporter - Running feature from file:///E:/My%20Documents/File%20Difa/TI%20Semester%206%20Kampus%20Merdeka%20Alterra/Tugas/CAPSTONE%20Project/Capstone-Project-Website/src/test/resources/features/2.Patient.feature
17:41:43.221 [main] INFO  - 
  _____   ___   ___   _____     ___   _____     _     ___   _____   ___   ___  
 |_   _| | __| / __| |_   _|   / __| |_   _|   /_\   | _ \ |_   _| | __| |   \ 
   | |   | _|  \__ \   | |     \__ \   | |    / _ \  |   /   | |   | _|  | |) |
   |_|   |___| |___/   |_|     |___/   |_|   /_/ \_\ |_|_\   |_|   |___| |___/ 

Create New Patient Scenario(patient;create-new-patient-scenario)
--------------------------------------------------------------------------------
17:41:43.293 [main] DEBUG net.thucydides.core.steps.StepInterceptor - STARTING STEP: PatientSteps.iAmAtTheDashboardPage - openUrl
17:41:43.296 [main] INFO net.serenitybdd.core.webdriver.driverproviders.ChromeDriverProvider - Using automatically driver download
17:41:43.301 [AsyncHttpClient-1-1] DEBUG org.asynchttpclient.netty.channel.DefaultChannelPool - Entry count for : http://localhost:57351 : 1
17:41:43.301 [AsyncHttpClient-1-1] DEBUG org.asynchttpclient.netty.channel.DefaultChannelPool - Entry count for : http://localhost:65277 : 1
17:41:43.301 [AsyncHttpClient-1-1] DEBUG org.asynchttpclient.netty.channel.DefaultChannelPool - Adding Candidate expired Channel [id: 0x1997072c, L:/127.0.0.1:57356 ! R:localhost/127.0.0.1:57351] isIdleTimeoutExpired=false isRemotelyClosed=true isTtlExpired=false
17:41:43.301 [AsyncHttpClient-1-1] DEBUG org.asynchttpclient.netty.channel.DefaultChannelPool - Closing Idle Channel [id: 0x1997072c, L:/127.0.0.1:57356 ! R:localhost/127.0.0.1:57351]
17:41:43.302 [AsyncHttpClient-1-1] DEBUG org.asynchttpclient.netty.channel.DefaultChannelPool - Adding Candidate expired Channel [id: 0xd169843d, L:/127.0.0.1:57347 ! R:localhost/127.0.0.1:65277] isIdleTimeoutExpired=false isRemotelyClosed=true isTtlExpired=false
17:41:43.302 [AsyncHttpClient-1-1] DEBUG org.asynchttpclient.netty.channel.DefaultChannelPool - Closing Idle Channel [id: 0xd169843d, L:/127.0.0.1:57347 ! R:localhost/127.0.0.1:65277]
17:41:43.302 [AsyncHttpClient-1-1] DEBUG org.asynchttpclient.netty.channel.DefaultChannelPool - Closed 2 connections out of 2 in 1 ms
17:41:43.641 [main] DEBUG io.github.bonigarcia.wdm.cache.ResolutionCache - Resolution chrome=102 in cache (valid until 18:14:23 18/06/2022 ICT)
17:41:43.648 [main] DEBUG io.github.bonigarcia.wdm.cache.ResolutionCache - Resolution chrome102=102.0.5005.61 in cache (valid until 17:29:52 19/06/2022 ICT)
17:41:43.651 [main] INFO io.github.bonigarcia.wdm.WebDriverManager - Using chromedriver 102.0.5005.61 (resolved driver for Chrome 102)
17:41:43.687 [main] DEBUG io.github.bonigarcia.wdm.WebDriverManager - Driver chromedriver 102.0.5005.61 found in cache
17:41:43.688 [main] INFO io.github.bonigarcia.wdm.WebDriverManager - Exporting webdriver.chrome.driver as C:\Users\USER\.cache\selenium\chromedriver\win32\102.0.5005.61\chromedriver.exe
17:41:44.038 [main] DEBUG net.serenitybdd.core.webdriver.driverproviders.ProvideNewDriver - Instantiating driver
17:41:44.038 [main] DEBUG net.serenitybdd.core.webdriver.driverproviders.ProvideNewDriver - Driver capabilities: Capabilities {acceptInsecureCerts: false, base.url: https://hospital-management..., browserName: chrome, chrome.driver: src/test/resources/webdrive..., driver: chrome, goog:chromeOptions: {args: [], extensions: []}}
17:41:44.567 [AsyncHttpClient-1-7] DEBUG org.asynchttpclient.netty.channel.NettyConnectListener - Using new Channel '[id: 0x30b3100b, L:/127.0.0.1:57381 - R:localhost/127.0.0.1:53536]' for 'POST' to '/session'
17:41:45.806 [AsyncHttpClient-1-7] DEBUG org.asynchttpclient.netty.handler.HttpHandler - 

Request DefaultHttpRequest(decodeResult: success, version: HTTP/1.1)
POST /session HTTP/1.1
User-Agent: selenium/4.1.2 (java windows)
Content-Length: 621
Content-Type: application/json; charset=utf-8
host: localhost:53536
accept: */*

Response DefaultHttpResponse(decodeResult: success, version: HTTP/1.1)
HTTP/1.1 200 OK
Content-Type: application/json; charset=utf-8
cache-control: no-cache
content-length: 788

17:41:45.806 [AsyncHttpClient-1-7] DEBUG org.asynchttpclient.netty.channel.ChannelManager - Adding key: http://localhost:53536 for channel [id: 0x30b3100b, L:/127.0.0.1:57381 - R:localhost/127.0.0.1:53536]
17:41:45.824 [AsyncHttpClient-1-8] DEBUG org.asynchttpclient.netty.channel.NettyConnectListener - Using new Channel '[id: 0x5e93fbbb, L:/127.0.0.1:57390 - R:localhost/127.0.0.1:57383]' for 'GET' to '/json/version'
17:41:45.825 [AsyncHttpClient-1-8] DEBUG org.asynchttpclient.netty.handler.HttpHandler - 

Request DefaultFullHttpRequest(decodeResult: success, version: HTTP/1.1, content: EmptyByteBufBE)
GET /json/version HTTP/1.1
User-Agent: selenium/4.1.2 (java windows)
host: localhost:57383
accept: */*

Response DefaultHttpResponse(decodeResult: success, version: HTTP/1.1)
HTTP/1.1 200 OK
Content-Type: application/json; charset=UTF-8
content-length: 427

17:41:45.825 [AsyncHttpClient-1-8] DEBUG org.asynchttpclient.netty.channel.ChannelManager - Adding key: http://localhost:57383 for channel [id: 0x5e93fbbb, L:/127.0.0.1:57390 - R:localhost/127.0.0.1:57383]
17:41:45.830 [AsyncHttpClient-1-9] DEBUG org.asynchttpclient.netty.channel.NettyConnectListener - Using new Channel '[id: 0x90c67915, L:/127.0.0.1:57391 - R:localhost/127.0.0.1:57383]' for 'GET' to '/devtools/browser/9f65f9af-8ad6-417f-a0ce-b96116318981'
17:41:45.831 [AsyncHttpClient-1-9] DEBUG org.asynchttpclient.netty.handler.WebSocketHandler - 

Request DefaultFullHttpRequest(decodeResult: success, version: HTTP/1.1, content: EmptyByteBufBE)
GET /devtools/browser/9f65f9af-8ad6-417f-a0ce-b96116318981 HTTP/1.1
upgrade: websocket
connection: upgrade
sec-websocket-key: AolJgBG2hyH238waUgXIFw==
sec-websocket-version: 13
origin: http://localhost:57383
host: localhost:57383
accept: */*
user-agent: AHC/2.1

Response DefaultHttpResponse(decodeResult: success, version: HTTP/1.1)
HTTP/1.1 101 WebSocket Protocol Handshake
Upgrade: WebSocket
Connection: Upgrade
Sec-WebSocket-Accept: WNkg7CksQdc4gP9dhHj2I1e4C5M=

17:41:45.838 [Forwarding maximizeCurrentWindow on session a153a1937093ea57cbe5514371fd6862 to remote] DEBUG org.asynchttpclient.netty.request.NettyRequestSender - Using pooled Channel '[id: 0x30b3100b, L:/127.0.0.1:57381 - R:localhost/127.0.0.1:53536]' for 'POST' to 'http://localhost:53536/session/a153a1937093ea57cbe5514371fd6862/window/maximize'
17:41:45.838 [Forwarding maximizeCurrentWindow on session a153a1937093ea57cbe5514371fd6862 to remote] DEBUG org.asynchttpclient.netty.request.NettyRequestSender - Using open Channel [id: 0x30b3100b, L:/127.0.0.1:57381 - R:localhost/127.0.0.1:53536] for POST '/session/a153a1937093ea57cbe5514371fd6862/window/maximize'
17:41:45.956 [AsyncHttpClient-1-7] DEBUG org.asynchttpclient.netty.handler.HttpHandler - 

Request DefaultHttpRequest(decodeResult: success, version: HTTP/1.1)
POST /session/a153a1937093ea57cbe5514371fd6862/window/maximize HTTP/1.1
User-Agent: selenium/4.1.2 (java windows)
Content-Length: 3
Content-Type: application/json; charset=utf-8
host: localhost:53536
accept: */*

Response DefaultHttpResponse(decodeResult: success, version: HTTP/1.1)
HTTP/1.1 200 OK
Content-Type: application/json; charset=utf-8
cache-control: no-cache
content-length: 51

17:41:45.956 [AsyncHttpClient-1-7] DEBUG org.asynchttpclient.netty.channel.ChannelManager - Adding key: http://localhost:53536 for channel [id: 0x30b3100b, L:/127.0.0.1:57381 - R:localhost/127.0.0.1:53536]
17:41:45.959 [Forwarding get on session a153a1937093ea57cbe5514371fd6862 to remote] DEBUG org.asynchttpclient.netty.request.NettyRequestSender - Using pooled Channel '[id: 0x30b3100b, L:/127.0.0.1:57381 - R:localhost/127.0.0.1:53536]' for 'POST' to 'http://localhost:53536/session/a153a1937093ea57cbe5514371fd6862/url'
17:41:45.959 [Forwarding get on session a153a1937093ea57cbe5514371fd6862 to remote] DEBUG org.asynchttpclient.netty.request.NettyRequestSender - Using open Channel [id: 0x30b3100b, L:/127.0.0.1:57381 - R:localhost/127.0.0.1:53536] for POST '/session/a153a1937093ea57cbe5514371fd6862/url'
17:41:46.617 [AsyncHttpClient-1-1] DEBUG org.asynchttpclient.netty.channel.DefaultChannelPool - Entry count for : http://localhost:57383 : 1
17:41:47.701 [AsyncHttpClient-1-1] DEBUG org.asynchttpclient.netty.channel.DefaultChannelPool - Entry count for : http://localhost:57383 : 1
17:41:48.535 [AsyncHttpClient-1-7] DEBUG org.asynchttpclient.netty.handler.HttpHandler - 

Request DefaultHttpRequest(decodeResult: success, version: HTTP/1.1)
POST /session/a153a1937093ea57cbe5514371fd6862/url HTTP/1.1
User-Agent: selenium/4.1.2 (java windows)
Content-Length: 65
Content-Type: application/json; charset=utf-8
host: localhost:53536
accept: */*

Response DefaultHttpResponse(decodeResult: success, version: HTTP/1.1)
HTTP/1.1 200 OK
Content-Type: application/json; charset=utf-8
cache-control: no-cache
content-length: 14

17:41:48.536 [AsyncHttpClient-1-7] DEBUG org.asynchttpclient.netty.channel.ChannelManager - Adding key: http://localhost:53536 for channel [id: 0x30b3100b, L:/127.0.0.1:57381 - R:localhost/127.0.0.1:53536]
17:41:48.538 [Forwarding setTimeout on session a153a1937093ea57cbe5514371fd6862 to remote] DEBUG org.asynchttpclient.netty.request.NettyRequestSender - Using pooled Channel '[id: 0x30b3100b, L:/127.0.0.1:57381 - R:localhost/127.0.0.1:53536]' for 'POST' to 'http://localhost:53536/session/a153a1937093ea57cbe5514371fd6862/timeouts'
17:41:48.538 [Forwarding setTimeout on session a153a1937093ea57cbe5514371fd6862 to remote] DEBUG org.asynchttpclient.netty.request.NettyRequestSender - Using open Channel [id: 0x30b3100b, L:/127.0.0.1:57381 - R:localhost/127.0.0.1:53536] for POST '/session/a153a1937093ea57cbe5514371fd6862/timeouts'
17:41:48.544 [AsyncHttpClient-1-7] DEBUG org.asynchttpclient.netty.handler.HttpHandler - 

Request DefaultHttpRequest(decodeResult: success, version: HTTP/1.1)
POST /session/a153a1937093ea57cbe5514371fd6862/timeouts HTTP/1.1
User-Agent: selenium/4.1.2 (java windows)
Content-Length: 22
Content-Type: application/json; charset=utf-8
host: localhost:53536
accept: */*

Response DefaultHttpResponse(decodeResult: success, version: HTTP/1.1)
HTTP/1.1 200 OK
Content-Type: application/json; charset=utf-8
cache-control: no-cache
content-length: 14

17:41:48.544 [AsyncHttpClient-1-7] DEBUG org.asynchttpclient.netty.channel.ChannelManager - Adding key: http://localhost:53536 for channel [id: 0x30b3100b, L:/127.0.0.1:57381 - R:localhost/127.0.0.1:53536]
17:41:48.550 [Forwarding getCurrentUrl on session a153a1937093ea57cbe5514371fd6862 to remote] DEBUG org.asynchttpclient.netty.request.NettyRequestSender - Using pooled Channel '[id: 0x30b3100b, L:/127.0.0.1:57381 - R:localhost/127.0.0.1:53536]' for 'GET' to 'http://localhost:53536/session/a153a1937093ea57cbe5514371fd6862/url'
17:41:48.550 [Forwarding getCurrentUrl on session a153a1937093ea57cbe5514371fd6862 to remote] DEBUG org.asynchttpclient.netty.request.NettyRequestSender - Using open Channel [id: 0x30b3100b, L:/127.0.0.1:57381 - R:localhost/127.0.0.1:53536] for GET '/session/a153a1937093ea57cbe5514371fd6862/url'
17:41:48.581 [AsyncHttpClient-1-7] DEBUG org.asynchttpclient.netty.handler.HttpHandler - 

Request DefaultFullHttpRequest(decodeResult: success, version: HTTP/1.1, content: EmptyByteBufBE)
GET /session/a153a1937093ea57cbe5514371fd6862/url HTTP/1.1
User-Agent: selenium/4.1.2 (java windows)
Cache-Control: no-cache
Content-Type: application/json; charset=utf-8
host: localhost:53536
accept: */*

Response DefaultHttpResponse(decodeResult: success, version: HTTP/1.1)
HTTP/1.1 200 OK
Content-Type: application/json; charset=utf-8
cache-control: no-cache
content-length: 53

17:41:48.581 [AsyncHttpClient-1-7] DEBUG org.asynchttpclient.netty.channel.ChannelManager - Adding key: http://localhost:53536 for channel [id: 0x30b3100b, L:/127.0.0.1:57381 - R:localhost/127.0.0.1:53536]
17:41:48.660 [Forwarding getCurrentUrl on session a153a1937093ea57cbe5514371fd6862 to remote] DEBUG org.asynchttpclient.netty.request.NettyRequestSender - Using pooled Channel '[id: 0x30b3100b, L:/127.0.0.1:57381 - R:localhost/127.0.0.1:53536]' for 'GET' to 'http://localhost:53536/session/a153a1937093ea57cbe5514371fd6862/url'
17:41:48.660 [Forwarding getCurrentUrl on session a153a1937093ea57cbe5514371fd6862 to remote] DEBUG org.asynchttpclient.netty.request.NettyRequestSender - Using open Channel [id: 0x30b3100b, L:/127.0.0.1:57381 - R:localhost/127.0.0.1:53536] for GET '/session/a153a1937093ea57cbe5514371fd6862/url'
17:41:48.667 [AsyncHttpClient-1-7] DEBUG org.asynchttpclient.netty.handler.HttpHandler - 

Request DefaultFullHttpRequest(decodeResult: success, version: HTTP/1.1, content: EmptyByteBufBE)
GET /session/a153a1937093ea57cbe5514371fd6862/url HTTP/1.1
User-Agent: selenium/4.1.2 (java windows)
Cache-Control: no-cache
Content-Type: application/json; charset=utf-8
host: localhost:53536
accept: */*

Response DefaultHttpResponse(decodeResult: success, version: HTTP/1.1)
HTTP/1.1 200 OK
Content-Type: application/json; charset=utf-8
cache-control: no-cache
content-length: 53

17:41:48.667 [AsyncHttpClient-1-7] DEBUG org.asynchttpclient.netty.channel.ChannelManager - Adding key: http://localhost:53536 for channel [id: 0x30b3100b, L:/127.0.0.1:57381 - R:localhost/127.0.0.1:53536]
17:41:48.677 [main] DEBUG net.serenitybdd.core.photography.Darkroom - Opening darkroom
17:41:48.678 [Darkroom Processing Line] DEBUG net.serenitybdd.core.photography.DarkroomProcessingLine - Darkroom processing line starting up
17:41:48.678 [Forwarding screenshot on session a153a1937093ea57cbe5514371fd6862 to remote] DEBUG org.asynchttpclient.netty.request.NettyRequestSender - Using pooled Channel '[id: 0x30b3100b, L:/127.0.0.1:57381 - R:localhost/127.0.0.1:53536]' for 'GET' to 'http://localhost:53536/session/a153a1937093ea57cbe5514371fd6862/screenshot'
17:41:48.678 [Forwarding screenshot on session a153a1937093ea57cbe5514371fd6862 to remote] DEBUG org.asynchttpclient.netty.request.NettyRequestSender - Using open Channel [id: 0x30b3100b, L:/127.0.0.1:57381 - R:localhost/127.0.0.1:53536] for GET '/session/a153a1937093ea57cbe5514371fd6862/screenshot'
17:41:48.801 [AsyncHttpClient-1-1] DEBUG org.asynchttpclient.netty.channel.DefaultChannelPool - Entry count for : http://localhost:57383 : 1
17:41:48.889 [AsyncHttpClient-1-7] DEBUG org.asynchttpclient.netty.handler.HttpHandler - 

Request DefaultFullHttpRequest(decodeResult: success, version: HTTP/1.1, content: EmptyByteBufBE)
GET /session/a153a1937093ea57cbe5514371fd6862/screenshot HTTP/1.1
User-Agent: selenium/4.1.2 (java windows)
Cache-Control: no-cache
Content-Type: application/json; charset=utf-8
host: localhost:53536
accept: */*

Response DefaultHttpResponse(decodeResult: success, version: HTTP/1.1)
HTTP/1.1 200 OK
Content-Type: application/json; charset=utf-8
cache-control: no-cache
content-length: 136232

17:41:48.891 [AsyncHttpClient-1-7] DEBUG org.asynchttpclient.netty.channel.ChannelManager - Adding key: http://localhost:53536 for channel [id: 0x30b3100b, L:/127.0.0.1:57381 - R:localhost/127.0.0.1:53536]
17:41:48.901 [main] DEBUG net.serenitybdd.core.photography.Darkroom - Send negative for processing for target\site\serenity\1fb2dd2a7ca341dc676a6d1f57f6c38efecdfaec40579bc9cb2b986e747b1610.png
17:41:48.901 [main] DEBUG net.thucydides.core.steps.StepInterceptor - STEP DONE: openUrl
17:41:48.902 [Darkroom Processing Line] DEBUG net.serenitybdd.core.photography.DarkroomProcessingLine - Processing screenshot image in /var/screenshots/screenshot-5465100595849141468
17:41:48.902 [Darkroom Processing Line] DEBUG net.serenitybdd.core.photography.DarkroomProcessingLine - Saving screenshot to target\site\serenity\1fb2dd2a7ca341dc676a6d1f57f6c38efecdfaec40579bc9cb2b986e747b1610.png
17:41:48.914 [main] DEBUG net.thucydides.core.steps.StepInterceptor - STARTING STEP: PatientSteps.iAmAtTheDashboardPage - validateOnDashboardPage
17:41:48.917 [Forwarding findElement on session a153a1937093ea57cbe5514371fd6862 to remote] DEBUG org.asynchttpclient.netty.request.NettyRequestSender - Using pooled Channel '[id: 0x30b3100b, L:/127.0.0.1:57381 - R:localhost/127.0.0.1:53536]' for 'POST' to 'http://localhost:53536/session/a153a1937093ea57cbe5514371fd6862/element'
17:41:48.917 [Forwarding findElement on session a153a1937093ea57cbe5514371fd6862 to remote] DEBUG org.asynchttpclient.netty.request.NettyRequestSender - Using open Channel [id: 0x30b3100b, L:/127.0.0.1:57381 - R:localhost/127.0.0.1:53536] for POST '/session/a153a1937093ea57cbe5514371fd6862/element'
17:41:48.940 [AsyncHttpClient-1-7] DEBUG org.asynchttpclient.netty.handler.HttpHandler - 

Request DefaultHttpRequest(decodeResult: success, version: HTTP/1.1)
POST /session/a153a1937093ea57cbe5514371fd6862/element HTTP/1.1
User-Agent: selenium/4.1.2 (java windows)
Content-Length: 81
Content-Type: application/json; charset=utf-8
host: localhost:53536
accept: */*

Response DefaultHttpResponse(decodeResult: success, version: HTTP/1.1)
HTTP/1.1 200 OK
Content-Type: application/json; charset=utf-8
cache-control: no-cache
content-length: 88

17:41:48.940 [AsyncHttpClient-1-7] DEBUG org.asynchttpclient.netty.channel.ChannelManager - Adding key: http://localhost:53536 for channel [id: 0x30b3100b, L:/127.0.0.1:57381 - R:localhost/127.0.0.1:53536]
17:41:48.946 [Forwarding isElementDisplayed on session a153a1937093ea57cbe5514371fd6862 to remote] DEBUG org.asynchttpclient.netty.request.NettyRequestSender - Using pooled Channel '[id: 0x30b3100b, L:/127.0.0.1:57381 - R:localhost/127.0.0.1:53536]' for 'POST' to 'http://localhost:53536/session/a153a1937093ea57cbe5514371fd6862/execute/sync'
17:41:48.946 [Forwarding isElementDisplayed on session a153a1937093ea57cbe5514371fd6862 to remote] DEBUG org.asynchttpclient.netty.request.NettyRequestSender - Using open Channel [id: 0x30b3100b, L:/127.0.0.1:57381 - R:localhost/127.0.0.1:53536] for POST '/session/a153a1937093ea57cbe5514371fd6862/execute/sync'
17:41:48.973 [AsyncHttpClient-1-7] DEBUG org.asynchttpclient.netty.handler.HttpHandler - 

Request DefaultHttpRequest(decodeResult: success, version: HTTP/1.1)
POST /session/a153a1937093ea57cbe5514371fd6862/execute/sync HTTP/1.1
User-Agent: selenium/4.1.2 (java windows)
Content-Length: 48780
Content-Type: application/json; charset=utf-8
host: localhost:53536
accept: */*

Response DefaultHttpResponse(decodeResult: success, version: HTTP/1.1)
HTTP/1.1 200 OK
Content-Type: application/json; charset=utf-8
cache-control: no-cache
content-length: 14

17:41:48.973 [AsyncHttpClient-1-7] DEBUG org.asynchttpclient.netty.channel.ChannelManager - Adding key: http://localhost:53536 for channel [id: 0x30b3100b, L:/127.0.0.1:57381 - R:localhost/127.0.0.1:53536]
17:41:48.982 [Forwarding screenshot on session a153a1937093ea57cbe5514371fd6862 to remote] DEBUG org.asynchttpclient.netty.request.NettyRequestSender - Using pooled Channel '[id: 0x30b3100b, L:/127.0.0.1:57381 - R:localhost/127.0.0.1:53536]' for 'GET' to 'http://localhost:53536/session/a153a1937093ea57cbe5514371fd6862/screenshot'
17:41:48.982 [Forwarding screenshot on session a153a1937093ea57cbe5514371fd6862 to remote] DEBUG org.asynchttpclient.netty.request.NettyRequestSender - Using open Channel [id: 0x30b3100b, L:/127.0.0.1:57381 - R:localhost/127.0.0.1:53536] for GET '/session/a153a1937093ea57cbe5514371fd6862/screenshot'
17:41:49.171 [AsyncHttpClient-1-7] DEBUG org.asynchttpclient.netty.handler.HttpHandler - 

Request DefaultFullHttpRequest(decodeResult: success, version: HTTP/1.1, content: EmptyByteBufBE)
GET /session/a153a1937093ea57cbe5514371fd6862/screenshot HTTP/1.1
User-Agent: selenium/4.1.2 (java windows)
Cache-Control: no-cache
Content-Type: application/json; charset=utf-8
host: localhost:53536
accept: */*

Response DefaultHttpResponse(decodeResult: success, version: HTTP/1.1)
HTTP/1.1 200 OK
Content-Type: application/json; charset=utf-8
cache-control: no-cache
content-length: 136232

17:41:49.172 [AsyncHttpClient-1-7] DEBUG org.asynchttpclient.netty.channel.ChannelManager - Adding key: http://localhost:53536 for channel [id: 0x30b3100b, L:/127.0.0.1:57381 - R:localhost/127.0.0.1:53536]
17:41:49.181 [main] DEBUG net.serenitybdd.core.photography.Darkroom - Send negative for processing for target\site\serenity\1fb2dd2a7ca341dc676a6d1f57f6c38efecdfaec40579bc9cb2b986e747b1610.png
17:41:49.182 [main] DEBUG net.thucydides.core.steps.StepInterceptor - STEP DONE: validateOnDashboardPage
  &amp#27;[32mGiven &amp#27;[0m&amp#27;[32mI am at the dashboard page&amp#27;[0m                &amp#27;[90m# starter.stepdefinitions.PatientSteps.iAmAtTheDashboardPage()&amp#27;[0m
17:41:49.203 [main] DEBUG net.thucydides.core.steps.StepInterceptor - STARTING STEP: PatientSteps.iClickMenuPatient - clickMenuPatientButton
17:41:49.220 [Forwarding findElement on session a153a1937093ea57cbe5514371fd6862 to remote] DEBUG org.asynchttpclient.netty.request.NettyRequestSender - Using pooled Channel '[id: 0x30b3100b, L:/127.0.0.1:57381 - R:localhost/127.0.0.1:53536]' for 'POST' to 'http://localhost:53536/session/a153a1937093ea57cbe5514371fd6862/element'
17:41:49.220 [Forwarding findElement on session a153a1937093ea57cbe5514371fd6862 to remote] DEBUG org.asynchttpclient.netty.request.NettyRequestSender - Using open Channel [id: 0x30b3100b, L:/127.0.0.1:57381 - R:localhost/127.0.0.1:53536] for POST '/session/a153a1937093ea57cbe5514371fd6862/element'
17:41:49.240 [AsyncHttpClient-1-7] DEBUG org.asynchttpclient.netty.handler.HttpHandler - 

Request DefaultHttpRequest(decodeResult: success, version: HTTP/1.1)
POST /session/a153a1937093ea57cbe5514371fd6862/element HTTP/1.1
User-Agent: selenium/4.1.2 (java windows)
Content-Length: 80
Content-Type: application/json; charset=utf-8
host: localhost:53536
accept: */*

Response DefaultHttpResponse(decodeResult: success, version: HTTP/1.1)
HTTP/1.1 200 OK
Content-Type: application/json; charset=utf-8
cache-control: no-cache
content-length: 88

17:41:49.240 [AsyncHttpClient-1-7] DEBUG org.asynchttpclient.netty.channel.ChannelManager - Adding key: http://localhost:53536 for channel [id: 0x30b3100b, L:/127.0.0.1:57381 - R:localhost/127.0.0.1:53536]
17:41:49.242 [Forwarding getElementTagName on session a153a1937093ea57cbe5514371fd6862 to remote] DEBUG org.asynchttpclient.netty.request.NettyRequestSender - Using pooled Channel '[id: 0x30b3100b, L:/127.0.0.1:57381 - R:localhost/127.0.0.1:53536]' for 'GET' to 'http://localhost:53536/session/a153a1937093ea57cbe5514371fd6862/element/57e5ab60-3bd7-4eba-8692-a311eb47f349/name'
17:41:49.243 [Forwarding getElementTagName on session a153a1937093ea57cbe5514371fd6862 to remote] DEBUG org.asynchttpclient.netty.request.NettyRequestSender - Using open Channel [id: 0x30b3100b, L:/127.0.0.1:57381 - R:localhost/127.0.0.1:53536] for GET '/session/a153a1937093ea57cbe5514371fd6862/element/57e5ab60-3bd7-4eba-8692-a311eb47f349/name'
17:41:49.249 [AsyncHttpClient-1-7] DEBUG org.asynchttpclient.netty.handler.HttpHandler - 

Request DefaultFullHttpRequest(decodeResult: success, version: HTTP/1.1, content: EmptyByteBufBE)
GET /session/a153a1937093ea57cbe5514371fd6862/element/57e5ab60-3bd7-4eba-8692-a311eb47f349/name HTTP/1.1
User-Agent: selenium/4.1.2 (java windows)
Cache-Control: no-cache
Content-Type: application/json; charset=utf-8
host: localhost:53536
accept: */*

Response DefaultHttpResponse(decodeResult: success, version: HTTP/1.1)
HTTP/1.1 200 OK
Content-Type: application/json; charset=utf-8
cache-control: no-cache
content-length: 15

17:41:49.249 [AsyncHttpClient-1-7] DEBUG org.asynchttpclient.netty.channel.ChannelManager - Adding key: http://localhost:53536 for channel [id: 0x30b3100b, L:/127.0.0.1:57381 - R:localhost/127.0.0.1:53536]
17:41:49.251 [Forwarding getElementTagName on session a153a1937093ea57cbe5514371fd6862 to remote] DEBUG org.asynchttpclient.netty.request.NettyRequestSender - Using pooled Channel '[id: 0x30b3100b, L:/127.0.0.1:57381 - R:localhost/127.0.0.1:53536]' for 'GET' to 'http://localhost:53536/session/a153a1937093ea57cbe5514371fd6862/element/57e5ab60-3bd7-4eba-8692-a311eb47f349/name'
17:41:49.252 [Forwarding getElementTagName on session a153a1937093ea57cbe5514371fd6862 to remote] DEBUG org.asynchttpclient.netty.request.NettyRequestSender - Using open Channel [id: 0x30b3100b, L:/127.0.0.1:57381 - R:localhost/127.0.0.1:53536] for GET '/session/a153a1937093ea57cbe5514371fd6862/element/57e5ab60-3bd7-4eba-8692-a311eb47f349/name'
17:41:49.257 [AsyncHttpClient-1-7] DEBUG org.asynchttpclient.netty.handler.HttpHandler - 

Request DefaultFullHttpRequest(decodeResult: success, version: HTTP/1.1, content: EmptyByteBufBE)
GET /session/a153a1937093ea57cbe5514371fd6862/element/57e5ab60-3bd7-4eba-8692-a311eb47f349/name HTTP/1.1
User-Agent: selenium/4.1.2 (java windows)
Cache-Control: no-cache
Content-Type: application/json; charset=utf-8
host: localhost:53536
accept: */*

Response DefaultHttpResponse(decodeResult: success, version: HTTP/1.1)
HTTP/1.1 200 OK
Content-Type: application/json; charset=utf-8
cache-control: no-cache
content-length: 15

17:41:49.257 [AsyncHttpClient-1-7] DEBUG org.asynchttpclient.netty.channel.ChannelManager - Adding key: http://localhost:53536 for channel [id: 0x30b3100b, L:/127.0.0.1:57381 - R:localhost/127.0.0.1:53536]
17:41:49.260 [Forwarding findElement on session a153a1937093ea57cbe5514371fd6862 to remote] DEBUG org.asynchttpclient.netty.request.NettyRequestSender - Using pooled Channel '[id: 0x30b3100b, L:/127.0.0.1:57381 - R:localhost/127.0.0.1:53536]' for 'POST' to 'http://localhost:53536/session/a153a1937093ea57cbe5514371fd6862/element'
17:41:49.260 [Forwarding findElement on session a153a1937093ea57cbe5514371fd6862 to remote] DEBUG org.asynchttpclient.netty.request.NettyRequestSender - Using open Channel [id: 0x30b3100b, L:/127.0.0.1:57381 - R:localhost/127.0.0.1:53536] for POST '/session/a153a1937093ea57cbe5514371fd6862/element'
17:41:49.271 [AsyncHttpClient-1-7] DEBUG org.asynchttpclient.netty.handler.HttpHandler - 

Request DefaultHttpRequest(decodeResult: success, version: HTTP/1.1)
POST /session/a153a1937093ea57cbe5514371fd6862/element HTTP/1.1
User-Agent: selenium/4.1.2 (java windows)
Content-Length: 80
Content-Type: application/json; charset=utf-8
host: localhost:53536
accept: */*

Response DefaultHttpResponse(decodeResult: success, version: HTTP/1.1)
HTTP/1.1 200 OK
Content-Type: application/json; charset=utf-8
cache-control: no-cache
content-length: 88

17:41:49.271 [AsyncHttpClient-1-7] DEBUG org.asynchttpclient.netty.channel.ChannelManager - Adding key: http://localhost:53536 for channel [id: 0x30b3100b, L:/127.0.0.1:57381 - R:localhost/127.0.0.1:53536]
17:41:49.273 [Forwarding clickElement on session a153a1937093ea57cbe5514371fd6862 to remote] DEBUG org.asynchttpclient.netty.request.NettyRequestSender - Using pooled Channel '[id: 0x30b3100b, L:/127.0.0.1:57381 - R:localhost/127.0.0.1:53536]' for 'POST' to 'http://localhost:53536/session/a153a1937093ea57cbe5514371fd6862/element/57e5ab60-3bd7-4eba-8692-a311eb47f349/click'
17:41:49.273 [Forwarding clickElement on session a153a1937093ea57cbe5514371fd6862 to remote] DEBUG org.asynchttpclient.netty.request.NettyRequestSender - Using open Channel [id: 0x30b3100b, L:/127.0.0.1:57381 - R:localhost/127.0.0.1:53536] for POST '/session/a153a1937093ea57cbe5514371fd6862/element/57e5ab60-3bd7-4eba-8692-a311eb47f349/click'
17:41:49.493 [AsyncHttpClient-1-7] DEBUG org.asynchttpclient.netty.handler.HttpHandler - 

Request DefaultHttpRequest(decodeResult: success, version: HTTP/1.1)
POST /session/a153a1937093ea57cbe5514371fd6862/element/57e5ab60-3bd7-4eba-8692-a311eb47f349/click HTTP/1.1
User-Agent: selenium/4.1.2 (java windows)
Content-Length: 50
Content-Type: application/json; charset=utf-8
host: localhost:53536
accept: */*

Response DefaultHttpResponse(decodeResult: success, version: HTTP/1.1)
HTTP/1.1 200 OK
Content-Type: application/json; charset=utf-8
cache-control: no-cache
content-length: 14

17:41:49.494 [AsyncHttpClient-1-7] DEBUG org.asynchttpclient.netty.channel.ChannelManager - Adding key: http://localhost:53536 for channel [id: 0x30b3100b, L:/127.0.0.1:57381 - R:localhost/127.0.0.1:53536]
17:41:49.508 [Forwarding screenshot on session a153a1937093ea57cbe5514371fd6862 to remote] DEBUG org.asynchttpclient.netty.request.NettyRequestSender - Using pooled Channel '[id: 0x30b3100b, L:/127.0.0.1:57381 - R:localhost/127.0.0.1:53536]' for 'GET' to 'http://localhost:53536/session/a153a1937093ea57cbe5514371fd6862/screenshot'
17:41:49.508 [Forwarding screenshot on session a153a1937093ea57cbe5514371fd6862 to remote] DEBUG org.asynchttpclient.netty.request.NettyRequestSender - Using open Channel [id: 0x30b3100b, L:/127.0.0.1:57381 - R:localhost/127.0.0.1:53536] for GET '/session/a153a1937093ea57cbe5514371fd6862/screenshot'
17:41:49.635 [AsyncHttpClient-1-7] DEBUG org.asynchttpclient.netty.handler.HttpHandler - 

Request DefaultFullHttpRequest(decodeResult: success, version: HTTP/1.1, content: EmptyByteBufBE)
GET /session/a153a1937093ea57cbe5514371fd6862/screenshot HTTP/1.1
User-Agent: selenium/4.1.2 (java windows)
Cache-Control: no-cache
Content-Type: application/json; charset=utf-8
host: localhost:53536
accept: */*

Response DefaultHttpResponse(decodeResult: success, version: HTTP/1.1)
HTTP/1.1 200 OK
Content-Type: application/json; charset=utf-8
cache-control: no-cache
content-length: 37108

17:41:49.635 [AsyncHttpClient-1-7] DEBUG org.asynchttpclient.netty.channel.ChannelManager - Adding key: http://localhost:53536 for channel [id: 0x30b3100b, L:/127.0.0.1:57381 - R:localhost/127.0.0.1:53536]
17:41:49.639 [main] DEBUG net.serenitybdd.core.photography.Darkroom - Send negative for processing for target\site\serenity\191892a91731ac9195bdb99cdcc5e2b48dec5b3983076e7a0bc1cdda6d18b5fb.png
17:41:49.640 [main] DEBUG net.thucydides.core.steps.StepInterceptor - STEP DONE: clickMenuPatientButton
  &amp#27;[32mAnd &amp#27;[0m&amp#27;[32mI click menu patient&amp#27;[0m                        &amp#27;[90m# starter.stepdefinitions.PatientSteps.iClickMenuPatient()&amp#27;[0m
17:41:49.640 [Darkroom Processing Line] DEBUG net.serenitybdd.core.photography.DarkroomProcessingLine - Processing screenshot image in /var/screenshots/screenshot-2712885132559733950
17:41:49.640 [Darkroom Processing Line] DEBUG net.serenitybdd.core.photography.DarkroomProcessingLine - Saving screenshot to target\site\serenity\191892a91731ac9195bdb99cdcc5e2b48dec5b3983076e7a0bc1cdda6d18b5fb.png
17:41:49.658 [main] DEBUG net.thucydides.core.steps.StepInterceptor - STARTING STEP: PatientSteps.iClickAddNewPatient - clickAddNewPatientButton
17:41:49.663 [Forwarding findElement on session a153a1937093ea57cbe5514371fd6862 to remote] DEBUG org.asynchttpclient.netty.request.NettyRequestSender - Using pooled Channel '[id: 0x30b3100b, L:/127.0.0.1:57381 - R:localhost/127.0.0.1:53536]' for 'POST' to 'http://localhost:53536/session/a153a1937093ea57cbe5514371fd6862/element'
17:41:49.664 [Forwarding findElement on session a153a1937093ea57cbe5514371fd6862 to remote] DEBUG org.asynchttpclient.netty.request.NettyRequestSender - Using open Channel [id: 0x30b3100b, L:/127.0.0.1:57381 - R:localhost/127.0.0.1:53536] for POST '/session/a153a1937093ea57cbe5514371fd6862/element'
17:41:49.679 [AsyncHttpClient-1-7] DEBUG org.asynchttpclient.netty.handler.HttpHandler - 

Request DefaultHttpRequest(decodeResult: success, version: HTTP/1.1)
POST /session/a153a1937093ea57cbe5514371fd6862/element HTTP/1.1
User-Agent: selenium/4.1.2 (java windows)
Content-Length: 149
Content-Type: application/json; charset=utf-8
host: localhost:53536
accept: */*

Response DefaultHttpResponse(decodeResult: success, version: HTTP/1.1)
HTTP/1.1 200 OK
Content-Type: application/json; charset=utf-8
cache-control: no-cache
content-length: 88

17:41:49.679 [AsyncHttpClient-1-7] DEBUG org.asynchttpclient.netty.channel.ChannelManager - Adding key: http://localhost:53536 for channel [id: 0x30b3100b, L:/127.0.0.1:57381 - R:localhost/127.0.0.1:53536]
17:41:49.681 [Forwarding getElementTagName on session a153a1937093ea57cbe5514371fd6862 to remote] DEBUG org.asynchttpclient.netty.request.NettyRequestSender - Using pooled Channel '[id: 0x30b3100b, L:/127.0.0.1:57381 - R:localhost/127.0.0.1:53536]' for 'GET' to 'http://localhost:53536/session/a153a1937093ea57cbe5514371fd6862/element/cedb8fb8-d392-4b93-8316-9485d992e961/name'
17:41:49.681 [Forwarding getElementTagName on session a153a1937093ea57cbe5514371fd6862 to remote] DEBUG org.asynchttpclient.netty.request.NettyRequestSender - Using open Channel [id: 0x30b3100b, L:/127.0.0.1:57381 - R:localhost/127.0.0.1:53536] for GET '/session/a153a1937093ea57cbe5514371fd6862/element/cedb8fb8-d392-4b93-8316-9485d992e961/name'
17:41:49.687 [AsyncHttpClient-1-7] DEBUG org.asynchttpclient.netty.handler.HttpHandler - 

Request DefaultFullHttpRequest(decodeResult: success, version: HTTP/1.1, content: EmptyByteBufBE)
GET /session/a153a1937093ea57cbe5514371fd6862/element/cedb8fb8-d392-4b93-8316-9485d992e961/name HTTP/1.1
User-Agent: selenium/4.1.2 (java windows)
Cache-Control: no-cache
Content-Type: application/json; charset=utf-8
host: localhost:53536
accept: */*

Response DefaultHttpResponse(decodeResult: success, version: HTTP/1.1)
HTTP/1.1 200 OK
Content-Type: application/json; charset=utf-8
cache-control: no-cache
content-length: 18

17:41:49.687 [AsyncHttpClient-1-7] DEBUG org.asynchttpclient.netty.channel.ChannelManager - Adding key: http://localhost:53536 for channel [id: 0x30b3100b, L:/127.0.0.1:57381 - R:localhost/127.0.0.1:53536]
17:41:49.690 [Forwarding getElementTagName on session a153a1937093ea57cbe5514371fd6862 to remote] DEBUG org.asynchttpclient.netty.request.NettyRequestSender - Using pooled Channel '[id: 0x30b3100b, L:/127.0.0.1:57381 - R:localhost/127.0.0.1:53536]' for 'GET' to 'http://localhost:53536/session/a153a1937093ea57cbe5514371fd6862/element/cedb8fb8-d392-4b93-8316-9485d992e961/name'
17:41:49.690 [Forwarding getElementTagName on session a153a1937093ea57cbe5514371fd6862 to remote] DEBUG org.asynchttpclient.netty.request.NettyRequestSender - Using open Channel [id: 0x30b3100b, L:/127.0.0.1:57381 - R:localhost/127.0.0.1:53536] for GET '/session/a153a1937093ea57cbe5514371fd6862/element/cedb8fb8-d392-4b93-8316-9485d992e961/name'
17:41:49.695 [AsyncHttpClient-1-7] DEBUG org.asynchttpclient.netty.handler.HttpHandler - 

Request DefaultFullHttpRequest(decodeResult: success, version: HTTP/1.1, content: EmptyByteBufBE)
GET /session/a153a1937093ea57cbe5514371fd6862/element/cedb8fb8-d392-4b93-8316-9485d992e961/name HTTP/1.1
User-Agent: selenium/4.1.2 (java windows)
Cache-Control: no-cache
Content-Type: application/json; charset=utf-8
host: localhost:53536
accept: */*

Response DefaultHttpResponse(decodeResult: success, version: HTTP/1.1)
HTTP/1.1 200 OK
Content-Type: application/json; charset=utf-8
cache-control: no-cache
content-length: 18

17:41:49.695 [AsyncHttpClient-1-7] DEBUG org.asynchttpclient.netty.channel.ChannelManager - Adding key: http://localhost:53536 for channel [id: 0x30b3100b, L:/127.0.0.1:57381 - R:localhost/127.0.0.1:53536]
17:41:49.701 [Forwarding isElementEnabled on session a153a1937093ea57cbe5514371fd6862 to remote] DEBUG org.asynchttpclient.netty.request.NettyRequestSender - Using pooled Channel '[id: 0x30b3100b, L:/127.0.0.1:57381 - R:localhost/127.0.0.1:53536]' for 'GET' to 'http://localhost:53536/session/a153a1937093ea57cbe5514371fd6862/element/cedb8fb8-d392-4b93-8316-9485d992e961/enabled'
17:41:49.701 [Forwarding isElementEnabled on session a153a1937093ea57cbe5514371fd6862 to remote] DEBUG org.asynchttpclient.netty.request.NettyRequestSender - Using open Channel [id: 0x30b3100b, L:/127.0.0.1:57381 - R:localhost/127.0.0.1:53536] for GET '/session/a153a1937093ea57cbe5514371fd6862/element/cedb8fb8-d392-4b93-8316-9485d992e961/enabled'
17:41:49.714 [AsyncHttpClient-1-7] DEBUG org.asynchttpclient.netty.handler.HttpHandler - 

Request DefaultFullHttpRequest(decodeResult: success, version: HTTP/1.1, content: EmptyByteBufBE)
GET /session/a153a1937093ea57cbe5514371fd6862/element/cedb8fb8-d392-4b93-8316-9485d992e961/enabled HTTP/1.1
User-Agent: selenium/4.1.2 (java windows)
Cache-Control: no-cache
Content-Type: application/json; charset=utf-8
host: localhost:53536
accept: */*

Response DefaultHttpResponse(decodeResult: success, version: HTTP/1.1)
HTTP/1.1 200 OK
Content-Type: application/json; charset=utf-8
cache-control: no-cache
content-length: 14

17:41:49.715 [AsyncHttpClient-1-7] DEBUG org.asynchttpclient.netty.channel.ChannelManager - Adding key: http://localhost:53536 for channel [id: 0x30b3100b, L:/127.0.0.1:57381 - R:localhost/127.0.0.1:53536]
17:41:49.717 [Forwarding isElementEnabled on session a153a1937093ea57cbe5514371fd6862 to remote] DEBUG org.asynchttpclient.netty.request.NettyRequestSender - Using pooled Channel '[id: 0x30b3100b, L:/127.0.0.1:57381 - R:localhost/127.0.0.1:53536]' for 'GET' to 'http://localhost:53536/session/a153a1937093ea57cbe5514371fd6862/element/cedb8fb8-d392-4b93-8316-9485d992e961/enabled'
17:41:49.717 [Forwarding isElementEnabled on session a153a1937093ea57cbe5514371fd6862 to remote] DEBUG org.asynchttpclient.netty.request.NettyRequestSender - Using open Channel [id: 0x30b3100b, L:/127.0.0.1:57381 - R:localhost/127.0.0.1:53536] for GET '/session/a153a1937093ea57cbe5514371fd6862/element/cedb8fb8-d392-4b93-8316-9485d992e961/enabled'
17:41:49.725 [AsyncHttpClient-1-7] DEBUG org.asynchttpclient.netty.handler.HttpHandler - 

Request DefaultFullHttpRequest(decodeResult: success, version: HTTP/1.1, content: EmptyByteBufBE)
GET /session/a153a1937093ea57cbe5514371fd6862/element/cedb8fb8-d392-4b93-8316-9485d992e961/enabled HTTP/1.1
User-Agent: selenium/4.1.2 (java windows)
Cache-Control: no-cache
Content-Type: application/json; charset=utf-8
host: localhost:53536
accept: */*

Response DefaultHttpResponse(decodeResult: success, version: HTTP/1.1)
HTTP/1.1 200 OK
Content-Type: application/json; charset=utf-8
cache-control: no-cache
content-length: 14

17:41:49.725 [AsyncHttpClient-1-7] DEBUG org.asynchttpclient.netty.channel.ChannelManager - Adding key: http://localhost:53536 for channel [id: 0x30b3100b, L:/127.0.0.1:57381 - R:localhost/127.0.0.1:53536]
17:41:49.728 [Forwarding findElement on session a153a1937093ea57cbe5514371fd6862 to remote] DEBUG org.asynchttpclient.netty.request.NettyRequestSender - Using pooled Channel '[id: 0x30b3100b, L:/127.0.0.1:57381 - R:localhost/127.0.0.1:53536]' for 'POST' to 'http://localhost:53536/session/a153a1937093ea57cbe5514371fd6862/element'
17:41:49.728 [Forwarding findElement on session a153a1937093ea57cbe5514371fd6862 to remote] DEBUG org.asynchttpclient.netty.request.NettyRequestSender - Using open Channel [id: 0x30b3100b, L:/127.0.0.1:57381 - R:localhost/127.0.0.1:53536] for POST '/session/a153a1937093ea57cbe5514371fd6862/element'
17:41:49.740 [AsyncHttpClient-1-7] DEBUG org.asynchttpclient.netty.handler.HttpHandler - 

Request DefaultHttpRequest(decodeResult: success, version: HTTP/1.1)
POST /session/a153a1937093ea57cbe5514371fd6862/element HTTP/1.1
User-Agent: selenium/4.1.2 (java windows)
Content-Length: 149
Content-Type: application/json; charset=utf-8
host: localhost:53536
accept: */*

Response DefaultHttpResponse(decodeResult: success, version: HTTP/1.1)
HTTP/1.1 200 OK
Content-Type: application/json; charset=utf-8
cache-control: no-cache
content-length: 88

17:41:49.740 [AsyncHttpClient-1-7] DEBUG org.asynchttpclient.netty.channel.ChannelManager - Adding key: http://localhost:53536 for channel [id: 0x30b3100b, L:/127.0.0.1:57381 - R:localhost/127.0.0.1:53536]
17:41:49.742 [Forwarding clickElement on session a153a1937093ea57cbe5514371fd6862 to remote] DEBUG org.asynchttpclient.netty.request.NettyRequestSender - Using pooled Channel '[id: 0x30b3100b, L:/127.0.0.1:57381 - R:localhost/127.0.0.1:53536]' for 'POST' to 'http://localhost:53536/session/a153a1937093ea57cbe5514371fd6862/element/cedb8fb8-d392-4b93-8316-9485d992e961/click'
17:41:49.742 [Forwarding clickElement on session a153a1937093ea57cbe5514371fd6862 to remote] DEBUG org.asynchttpclient.netty.request.NettyRequestSender - Using open Channel [id: 0x30b3100b, L:/127.0.0.1:57381 - R:localhost/127.0.0.1:53536] for POST '/session/a153a1937093ea57cbe5514371fd6862/element/cedb8fb8-d392-4b93-8316-9485d992e961/click'
17:41:49.901 [AsyncHttpClient-1-1] DEBUG org.asynchttpclient.netty.channel.DefaultChannelPool - Entry count for : http://localhost:57383 : 1
17:41:49.978 [AsyncHttpClient-1-7] DEBUG org.asynchttpclient.netty.handler.HttpHandler - 

Request DefaultHttpRequest(decodeResult: success, version: HTTP/1.1)
POST /session/a153a1937093ea57cbe5514371fd6862/element/cedb8fb8-d392-4b93-8316-9485d992e961/click HTTP/1.1
User-Agent: selenium/4.1.2 (java windows)
Content-Length: 50
Content-Type: application/json; charset=utf-8
host: localhost:53536
accept: */*

Response DefaultHttpResponse(decodeResult: success, version: HTTP/1.1)
HTTP/1.1 200 OK
Content-Type: application/json; charset=utf-8
cache-control: no-cache
content-length: 14

17:41:49.978 [AsyncHttpClient-1-7] DEBUG org.asynchttpclient.netty.channel.ChannelManager - Adding key: http://localhost:53536 for channel [id: 0x30b3100b, L:/127.0.0.1:57381 - R:localhost/127.0.0.1:53536]
17:41:49.992 [Forwarding screenshot on session a153a1937093ea57cbe5514371fd6862 to remote] DEBUG org.asynchttpclient.netty.request.NettyRequestSender - Using pooled Channel '[id: 0x30b3100b, L:/127.0.0.1:57381 - R:localhost/127.0.0.1:53536]' for 'GET' to 'http://localhost:53536/session/a153a1937093ea57cbe5514371fd6862/screenshot'
17:41:49.992 [Forwarding screenshot on session a153a1937093ea57cbe5514371fd6862 to remote] DEBUG org.asynchttpclient.netty.request.NettyRequestSender - Using open Channel [id: 0x30b3100b, L:/127.0.0.1:57381 - R:localhost/127.0.0.1:53536] for GET '/session/a153a1937093ea57cbe5514371fd6862/screenshot'
17:41:50.185 [AsyncHttpClient-1-7] DEBUG org.asynchttpclient.netty.handler.HttpHandler - 

Request DefaultFullHttpRequest(decodeResult: success, version: HTTP/1.1, content: EmptyByteBufBE)
GET /session/a153a1937093ea57cbe5514371fd6862/screenshot HTTP/1.1
User-Agent: selenium/4.1.2 (java windows)
Cache-Control: no-cache
Content-Type: application/json; charset=utf-8
host: localhost:53536
accept: */*

Response DefaultHttpResponse(decodeResult: success, version: HTTP/1.1)
HTTP/1.1 200 OK
Content-Type: application/json; charset=utf-8
cache-control: no-cache
content-length: 84764

17:41:50.185 [AsyncHttpClient-1-7] DEBUG org.asynchttpclient.netty.channel.ChannelManager - Adding key: http://localhost:53536 for channel [id: 0x30b3100b, L:/127.0.0.1:57381 - R:localhost/127.0.0.1:53536]
17:41:50.191 [main] DEBUG net.serenitybdd.core.photography.Darkroom - Send negative for processing for target\site\serenity\024de83b2132e6db58ea87951b1bc6030b3968adc776bac3bcb5c19811e480d1.png
17:41:50.191 [main] DEBUG net.thucydides.core.steps.StepInterceptor - STEP DONE: clickAddNewPatientButton
  &amp#27;[32mWhen &amp#27;[0m&amp#27;[32mI click Add New Patient&amp#27;[0m                    &amp#27;[90m# starter.stepdefinitions.PatientSteps.iClickAddNewPatient()&amp#27;[0m
17:41:50.192 [Darkroom Processing Line] DEBUG net.serenitybdd.core.photography.DarkroomProcessingLine - Processing screenshot image in /var/screenshots/screenshot-7113595775416769571
17:41:50.192 [Darkroom Processing Line] DEBUG net.serenitybdd.core.photography.DarkroomProcessingLine - Saving screenshot to target\site\serenity\024de83b2132e6db58ea87951b1bc6030b3968adc776bac3bcb5c19811e480d1.png
17:41:50.215 [main] DEBUG net.thucydides.core.steps.StepInterceptor - STARTING STEP: PatientSteps.iInputValidDataPatientAndClickSubmit - inputName
17:41:50.227 [Forwarding findElement on session a153a1937093ea57cbe5514371fd6862 to remote] DEBUG org.asynchttpclient.netty.request.NettyRequestSender - Using pooled Channel '[id: 0x30b3100b, L:/127.0.0.1:57381 - R:localhost/127.0.0.1:53536]' for 'POST' to 'http://localhost:53536/session/a153a1937093ea57cbe5514371fd6862/element'
17:41:50.227 [Forwarding findElement on session a153a1937093ea57cbe5514371fd6862 to remote] DEBUG org.asynchttpclient.netty.request.NettyRequestSender - Using open Channel [id: 0x30b3100b, L:/127.0.0.1:57381 - R:localhost/127.0.0.1:53536] for POST '/session/a153a1937093ea57cbe5514371fd6862/element'
17:41:50.250 [AsyncHttpClient-1-7] DEBUG org.asynchttpclient.netty.handler.HttpHandler - 

Request DefaultHttpRequest(decodeResult: success, version: HTTP/1.1)
POST /session/a153a1937093ea57cbe5514371fd6862/element HTTP/1.1
User-Agent: selenium/4.1.2 (java windows)
Content-Length: 139
Content-Type: application/json; charset=utf-8
host: localhost:53536
accept: */*

Response DefaultHttpResponse(decodeResult: success, version: HTTP/1.1)
HTTP/1.1 200 OK
Content-Type: application/json; charset=utf-8
cache-control: no-cache
content-length: 88

17:41:50.250 [AsyncHttpClient-1-7] DEBUG org.asynchttpclient.netty.channel.ChannelManager - Adding key: http://localhost:53536 for channel [id: 0x30b3100b, L:/127.0.0.1:57381 - R:localhost/127.0.0.1:53536]
17:41:50.251 [Forwarding clearElement on session a153a1937093ea57cbe5514371fd6862 to remote] DEBUG org.asynchttpclient.netty.request.NettyRequestSender - Using pooled Channel '[id: 0x30b3100b, L:/127.0.0.1:57381 - R:localhost/127.0.0.1:53536]' for 'POST' to 'http://localhost:53536/session/a153a1937093ea57cbe5514371fd6862/element/682e07e1-48ba-4ca7-a23e-9a3dbd905aae/clear'
17:41:50.251 [Forwarding clearElement on session a153a1937093ea57cbe5514371fd6862 to remote] DEBUG org.asynchttpclient.netty.request.NettyRequestSender - Using open Channel [id: 0x30b3100b, L:/127.0.0.1:57381 - R:localhost/127.0.0.1:53536] for POST '/session/a153a1937093ea57cbe5514371fd6862/element/682e07e1-48ba-4ca7-a23e-9a3dbd905aae/clear'
17:41:50.393 [AsyncHttpClient-1-7] DEBUG org.asynchttpclient.netty.handler.HttpHandler - 

Request DefaultHttpRequest(decodeResult: success, version: HTTP/1.1)
POST /session/a153a1937093ea57cbe5514371fd6862/element/682e07e1-48ba-4ca7-a23e-9a3dbd905aae/clear HTTP/1.1
User-Agent: selenium/4.1.2 (java windows)
Content-Length: 50
Content-Type: application/json; charset=utf-8
host: localhost:53536
accept: */*

Response DefaultHttpResponse(decodeResult: success, version: HTTP/1.1)
HTTP/1.1 200 OK
Content-Type: application/json; charset=utf-8
cache-control: no-cache
content-length: 14

17:41:50.393 [AsyncHttpClient-1-7] DEBUG org.asynchttpclient.netty.channel.ChannelManager - Adding key: http://localhost:53536 for channel [id: 0x30b3100b, L:/127.0.0.1:57381 - R:localhost/127.0.0.1:53536]
17:41:50.399 [Forwarding sendKeysToElement on session a153a1937093ea57cbe5514371fd6862 to remote] DEBUG org.asynchttpclient.netty.request.NettyRequestSender - Using pooled Channel '[id: 0x30b3100b, L:/127.0.0.1:57381 - R:localhost/127.0.0.1:53536]' for 'POST' to 'http://localhost:53536/session/a153a1937093ea57cbe5514371fd6862/element/682e07e1-48ba-4ca7-a23e-9a3dbd905aae/value'
17:41:50.399 [Forwarding sendKeysToElement on session a153a1937093ea57cbe5514371fd6862 to remote] DEBUG org.asynchttpclient.netty.request.NettyRequestSender - Using open Channel [id: 0x30b3100b, L:/127.0.0.1:57381 - R:localhost/127.0.0.1:53536] for POST '/session/a153a1937093ea57cbe5514371fd6862/element/682e07e1-48ba-4ca7-a23e-9a3dbd905aae/value'
17:41:50.709 [AsyncHttpClient-1-7] DEBUG org.asynchttpclient.netty.handler.HttpHandler - 

Request DefaultHttpRequest(decodeResult: success, version: HTTP/1.1)
POST /session/a153a1937093ea57cbe5514371fd6862/element/682e07e1-48ba-4ca7-a23e-9a3dbd905aae/value HTTP/1.1
User-Agent: selenium/4.1.2 (java windows)
Content-Length: 101
Content-Type: application/json; charset=utf-8
host: localhost:53536
accept: */*

Response DefaultHttpResponse(decodeResult: success, version: HTTP/1.1)
HTTP/1.1 200 OK
Content-Type: application/json; charset=utf-8
cache-control: no-cache
content-length: 14

17:41:50.710 [AsyncHttpClient-1-7] DEBUG org.asynchttpclient.netty.channel.ChannelManager - Adding key: http://localhost:53536 for channel [id: 0x30b3100b, L:/127.0.0.1:57381 - R:localhost/127.0.0.1:53536]
17:41:50.720 [Forwarding screenshot on session a153a1937093ea57cbe5514371fd6862 to remote] DEBUG org.asynchttpclient.netty.request.NettyRequestSender - Using pooled Channel '[id: 0x30b3100b, L:/127.0.0.1:57381 - R:localhost/127.0.0.1:53536]' for 'GET' to 'http://localhost:53536/session/a153a1937093ea57cbe5514371fd6862/screenshot'
17:41:50.720 [Forwarding screenshot on session a153a1937093ea57cbe5514371fd6862 to remote] DEBUG org.asynchttpclient.netty.request.NettyRequestSender - Using open Channel [id: 0x30b3100b, L:/127.0.0.1:57381 - R:localhost/127.0.0.1:53536] for GET '/session/a153a1937093ea57cbe5514371fd6862/screenshot'
17:41:50.875 [AsyncHttpClient-1-7] DEBUG org.asynchttpclient.netty.handler.HttpHandler - 

Request DefaultFullHttpRequest(decodeResult: success, version: HTTP/1.1, content: EmptyByteBufBE)
GET /session/a153a1937093ea57cbe5514371fd6862/screenshot HTTP/1.1
User-Agent: selenium/4.1.2 (java windows)
Cache-Control: no-cache
Content-Type: application/json; charset=utf-8
host: localhost:53536
accept: */*

Response DefaultHttpResponse(decodeResult: success, version: HTTP/1.1)
HTTP/1.1 200 OK
Content-Type: application/json; charset=utf-8
cache-control: no-cache
content-length: 80432

17:41:50.876 [AsyncHttpClient-1-7] DEBUG org.asynchttpclient.netty.channel.ChannelManager - Adding key: http://localhost:53536 for channel [id: 0x30b3100b, L:/127.0.0.1:57381 - R:localhost/127.0.0.1:53536]
17:41:50.882 [main] DEBUG net.serenitybdd.core.photography.Darkroom - Send negative for processing for target\site\serenity\ae48445b4f9f3d7a653716b892a02199ad04e9afbc4a709f59b785b3986e444a.png
17:41:50.882 [main] DEBUG net.thucydides.core.steps.StepInterceptor - STEP DONE: inputName
17:41:50.882 [Darkroom Processing Line] DEBUG net.serenitybdd.core.photography.DarkroomProcessingLine - Processing screenshot image in /var/screenshots/screenshot-12252685041429622230
17:41:50.883 [Darkroom Processing Line] DEBUG net.serenitybdd.core.photography.DarkroomProcessingLine - Saving screenshot to target\site\serenity\ae48445b4f9f3d7a653716b892a02199ad04e9afbc4a709f59b785b3986e444a.png
17:41:50.890 [main] DEBUG net.thucydides.core.steps.StepInterceptor - STARTING STEP: PatientSteps.iInputValidDataPatientAndClickSubmit - inputDateOfBirth
17:41:50.893 [Forwarding findElement on session a153a1937093ea57cbe5514371fd6862 to remote] DEBUG org.asynchttpclient.netty.request.NettyRequestSender - Using pooled Channel '[id: 0x30b3100b, L:/127.0.0.1:57381 - R:localhost/127.0.0.1:53536]' for 'POST' to 'http://localhost:53536/session/a153a1937093ea57cbe5514371fd6862/element'
17:41:50.893 [Forwarding findElement on session a153a1937093ea57cbe5514371fd6862 to remote] DEBUG org.asynchttpclient.netty.request.NettyRequestSender - Using open Channel [id: 0x30b3100b, L:/127.0.0.1:57381 - R:localhost/127.0.0.1:53536] for POST '/session/a153a1937093ea57cbe5514371fd6862/element'
17:41:50.908 [AsyncHttpClient-1-7] DEBUG org.asynchttpclient.netty.handler.HttpHandler - 

Request DefaultHttpRequest(decodeResult: success, version: HTTP/1.1)
POST /session/a153a1937093ea57cbe5514371fd6862/element HTTP/1.1
User-Agent: selenium/4.1.2 (java windows)
Content-Length: 139
Content-Type: application/json; charset=utf-8
host: localhost:53536
accept: */*

Response DefaultHttpResponse(decodeResult: success, version: HTTP/1.1)
HTTP/1.1 200 OK
Content-Type: application/json; charset=utf-8
cache-control: no-cache
content-length: 88

17:41:50.908 [AsyncHttpClient-1-7] DEBUG org.asynchttpclient.netty.channel.ChannelManager - Adding key: http://localhost:53536 for channel [id: 0x30b3100b, L:/127.0.0.1:57381 - R:localhost/127.0.0.1:53536]
17:41:50.910 [Forwarding clearElement on session a153a1937093ea57cbe5514371fd6862 to remote] DEBUG org.asynchttpclient.netty.request.NettyRequestSender - Using pooled Channel '[id: 0x30b3100b, L:/127.0.0.1:57381 - R:localhost/127.0.0.1:53536]' for 'POST' to 'http://localhost:53536/session/a153a1937093ea57cbe5514371fd6862/element/9d5355f7-2919-45d2-ae2c-b5a87a798300/clear'
17:41:50.910 [Forwarding clearElement on session a153a1937093ea57cbe5514371fd6862 to remote] DEBUG org.asynchttpclient.netty.request.NettyRequestSender - Using open Channel [id: 0x30b3100b, L:/127.0.0.1:57381 - R:localhost/127.0.0.1:53536] for POST '/session/a153a1937093ea57cbe5514371fd6862/element/9d5355f7-2919-45d2-ae2c-b5a87a798300/clear'
17:41:50.956 [AsyncHttpClient-1-7] DEBUG org.asynchttpclient.netty.handler.HttpHandler - 

Request DefaultHttpRequest(decodeResult: success, version: HTTP/1.1)
POST /session/a153a1937093ea57cbe5514371fd6862/element/9d5355f7-2919-45d2-ae2c-b5a87a798300/clear HTTP/1.1
User-Agent: selenium/4.1.2 (java windows)
Content-Length: 50
Content-Type: application/json; charset=utf-8
host: localhost:53536
accept: */*

Response DefaultHttpResponse(decodeResult: success, version: HTTP/1.1)
HTTP/1.1 200 OK
Content-Type: application/json; charset=utf-8
cache-control: no-cache
content-length: 14

17:41:50.956 [AsyncHttpClient-1-7] DEBUG org.asynchttpclient.netty.channel.ChannelManager - Adding key: http://localhost:53536 for channel [id: 0x30b3100b, L:/127.0.0.1:57381 - R:localhost/127.0.0.1:53536]
17:41:50.959 [Forwarding sendKeysToElement on session a153a1937093ea57cbe5514371fd6862 to remote] DEBUG org.asynchttpclient.netty.request.NettyRequestSender - Using pooled Channel '[id: 0x30b3100b, L:/127.0.0.1:57381 - R:localhost/127.0.0.1:53536]' for 'POST' to 'http://localhost:53536/session/a153a1937093ea57cbe5514371fd6862/element/9d5355f7-2919-45d2-ae2c-b5a87a798300/value'
17:41:50.959 [Forwarding sendKeysToElement on session a153a1937093ea57cbe5514371fd6862 to remote] DEBUG org.asynchttpclient.netty.request.NettyRequestSender - Using open Channel [id: 0x30b3100b, L:/127.0.0.1:57381 - R:localhost/127.0.0.1:53536] for POST '/session/a153a1937093ea57cbe5514371fd6862/element/9d5355f7-2919-45d2-ae2c-b5a87a798300/value'
17:41:51.001 [AsyncHttpClient-1-1] DEBUG org.asynchttpclient.netty.channel.DefaultChannelPool - Entry count for : http://localhost:57383 : 1
17:41:51.100 [AsyncHttpClient-1-7] DEBUG org.asynchttpclient.netty.handler.HttpHandler - 

Request DefaultHttpRequest(decodeResult: success, version: HTTP/1.1)
POST /session/a153a1937093ea57cbe5514371fd6862/element/9d5355f7-2919-45d2-ae2c-b5a87a798300/value HTTP/1.1
User-Agent: selenium/4.1.2 (java windows)
Content-Length: 161
Content-Type: application/json; charset=utf-8
host: localhost:53536
accept: */*

Response DefaultHttpResponse(decodeResult: success, version: HTTP/1.1)
HTTP/1.1 200 OK
Content-Type: application/json; charset=utf-8
cache-control: no-cache
content-length: 14

17:41:51.100 [AsyncHttpClient-1-7] DEBUG org.asynchttpclient.netty.channel.ChannelManager - Adding key: http://localhost:53536 for channel [id: 0x30b3100b, L:/127.0.0.1:57381 - R:localhost/127.0.0.1:53536]
17:41:51.110 [Forwarding screenshot on session a153a1937093ea57cbe5514371fd6862 to remote] DEBUG org.asynchttpclient.netty.request.NettyRequestSender - Using pooled Channel '[id: 0x30b3100b, L:/127.0.0.1:57381 - R:localhost/127.0.0.1:53536]' for 'GET' to 'http://localhost:53536/session/a153a1937093ea57cbe5514371fd6862/screenshot'
17:41:51.110 [Forwarding screenshot on session a153a1937093ea57cbe5514371fd6862 to remote] DEBUG org.asynchttpclient.netty.request.NettyRequestSender - Using open Channel [id: 0x30b3100b, L:/127.0.0.1:57381 - R:localhost/127.0.0.1:53536] for GET '/session/a153a1937093ea57cbe5514371fd6862/screenshot'
17:41:51.248 [AsyncHttpClient-1-7] DEBUG org.asynchttpclient.netty.handler.HttpHandler - 

Request DefaultFullHttpRequest(decodeResult: success, version: HTTP/1.1, content: EmptyByteBufBE)
GET /session/a153a1937093ea57cbe5514371fd6862/screenshot HTTP/1.1
User-Agent: selenium/4.1.2 (java windows)
Cache-Control: no-cache
Content-Type: application/json; charset=utf-8
host: localhost:53536
accept: */*

Response DefaultHttpResponse(decodeResult: success, version: HTTP/1.1)
HTTP/1.1 200 OK
Content-Type: application/json; charset=utf-8
cache-control: no-cache
content-length: 87036

17:41:51.249 [AsyncHttpClient-1-7] DEBUG org.asynchttpclient.netty.channel.ChannelManager - Adding key: http://localhost:53536 for channel [id: 0x30b3100b, L:/127.0.0.1:57381 - R:localhost/127.0.0.1:53536]
17:41:51.254 [main] DEBUG net.serenitybdd.core.photography.Darkroom - Send negative for processing for target\site\serenity\4f0e7ca5ecb030f4d3cf16f060b5b49bed393e897975a48fea2c7c168914f2cd.png
17:41:51.254 [main] DEBUG net.thucydides.core.steps.StepInterceptor - STEP DONE: inputDateOfBirth
17:41:51.254 [Darkroom Processing Line] DEBUG net.serenitybdd.core.photography.DarkroomProcessingLine - Processing screenshot image in /var/screenshots/screenshot-16150854133627450769
17:41:51.255 [Darkroom Processing Line] DEBUG net.serenitybdd.core.photography.DarkroomProcessingLine - Saving screenshot to target\site\serenity\4f0e7ca5ecb030f4d3cf16f060b5b49bed393e897975a48fea2c7c168914f2cd.png
17:41:51.261 [main] DEBUG net.thucydides.core.steps.StepInterceptor - STARTING STEP: PatientSteps.iInputValidDataPatientAndClickSubmit - clickGenderType
17:41:51.264 [Forwarding findElement on session a153a1937093ea57cbe5514371fd6862 to remote] DEBUG org.asynchttpclient.netty.request.NettyRequestSender - Using pooled Channel '[id: 0x30b3100b, L:/127.0.0.1:57381 - R:localhost/127.0.0.1:53536]' for 'POST' to 'http://localhost:53536/session/a153a1937093ea57cbe5514371fd6862/element'
17:41:51.264 [Forwarding findElement on session a153a1937093ea57cbe5514371fd6862 to remote] DEBUG org.asynchttpclient.netty.request.NettyRequestSender - Using open Channel [id: 0x30b3100b, L:/127.0.0.1:57381 - R:localhost/127.0.0.1:53536] for POST '/session/a153a1937093ea57cbe5514371fd6862/element'
17:41:51.280 [AsyncHttpClient-1-7] DEBUG org.asynchttpclient.netty.handler.HttpHandler - 

Request DefaultHttpRequest(decodeResult: success, version: HTTP/1.1)
POST /session/a153a1937093ea57cbe5514371fd6862/element HTTP/1.1
User-Agent: selenium/4.1.2 (java windows)
Content-Length: 154
Content-Type: application/json; charset=utf-8
host: localhost:53536
accept: */*

Response DefaultHttpResponse(decodeResult: success, version: HTTP/1.1)
HTTP/1.1 200 OK
Content-Type: application/json; charset=utf-8
cache-control: no-cache
content-length: 88

17:41:51.280 [AsyncHttpClient-1-7] DEBUG org.asynchttpclient.netty.channel.ChannelManager - Adding key: http://localhost:53536 for channel [id: 0x30b3100b, L:/127.0.0.1:57381 - R:localhost/127.0.0.1:53536]
17:41:51.282 [Forwarding getElementTagName on session a153a1937093ea57cbe5514371fd6862 to remote] DEBUG org.asynchttpclient.netty.request.NettyRequestSender - Using pooled Channel '[id: 0x30b3100b, L:/127.0.0.1:57381 - R:localhost/127.0.0.1:53536]' for 'GET' to 'http://localhost:53536/session/a153a1937093ea57cbe5514371fd6862/element/1fa47881-1927-4fd5-9383-cf4b0601a2f9/name'
17:41:51.282 [Forwarding getElementTagName on session a153a1937093ea57cbe5514371fd6862 to remote] DEBUG org.asynchttpclient.netty.request.NettyRequestSender - Using open Channel [id: 0x30b3100b, L:/127.0.0.1:57381 - R:localhost/127.0.0.1:53536] for GET '/session/a153a1937093ea57cbe5514371fd6862/element/1fa47881-1927-4fd5-9383-cf4b0601a2f9/name'
17:41:51.294 [AsyncHttpClient-1-7] DEBUG org.asynchttpclient.netty.handler.HttpHandler - 

Request DefaultFullHttpRequest(decodeResult: success, version: HTTP/1.1, content: EmptyByteBufBE)
GET /session/a153a1937093ea57cbe5514371fd6862/element/1fa47881-1927-4fd5-9383-cf4b0601a2f9/name HTTP/1.1
User-Agent: selenium/4.1.2 (java windows)
Cache-Control: no-cache
Content-Type: application/json; charset=utf-8
host: localhost:53536
accept: */*

Response DefaultHttpResponse(decodeResult: success, version: HTTP/1.1)
HTTP/1.1 200 OK
Content-Type: application/json; charset=utf-8
cache-control: no-cache
content-length: 17

17:41:51.294 [AsyncHttpClient-1-7] DEBUG org.asynchttpclient.netty.channel.ChannelManager - Adding key: http://localhost:53536 for channel [id: 0x30b3100b, L:/127.0.0.1:57381 - R:localhost/127.0.0.1:53536]
17:41:51.296 [Forwarding getElementTagName on session a153a1937093ea57cbe5514371fd6862 to remote] DEBUG org.asynchttpclient.netty.request.NettyRequestSender - Using pooled Channel '[id: 0x30b3100b, L:/127.0.0.1:57381 - R:localhost/127.0.0.1:53536]' for 'GET' to 'http://localhost:53536/session/a153a1937093ea57cbe5514371fd6862/element/1fa47881-1927-4fd5-9383-cf4b0601a2f9/name'
17:41:51.296 [Forwarding getElementTagName on session a153a1937093ea57cbe5514371fd6862 to remote] DEBUG org.asynchttpclient.netty.request.NettyRequestSender - Using open Channel [id: 0x30b3100b, L:/127.0.0.1:57381 - R:localhost/127.0.0.1:53536] for GET '/session/a153a1937093ea57cbe5514371fd6862/element/1fa47881-1927-4fd5-9383-cf4b0601a2f9/name'
17:41:51.305 [AsyncHttpClient-1-7] DEBUG org.asynchttpclient.netty.handler.HttpHandler - 

Request DefaultFullHttpRequest(decodeResult: success, version: HTTP/1.1, content: EmptyByteBufBE)
GET /session/a153a1937093ea57cbe5514371fd6862/element/1fa47881-1927-4fd5-9383-cf4b0601a2f9/name HTTP/1.1
User-Agent: selenium/4.1.2 (java windows)
Cache-Control: no-cache
Content-Type: application/json; charset=utf-8
host: localhost:53536
accept: */*

Response DefaultHttpResponse(decodeResult: success, version: HTTP/1.1)
HTTP/1.1 200 OK
Content-Type: application/json; charset=utf-8
cache-control: no-cache
content-length: 17

17:41:51.305 [AsyncHttpClient-1-7] DEBUG org.asynchttpclient.netty.channel.ChannelManager - Adding key: http://localhost:53536 for channel [id: 0x30b3100b, L:/127.0.0.1:57381 - R:localhost/127.0.0.1:53536]
17:41:51.309 [Forwarding isElementEnabled on session a153a1937093ea57cbe5514371fd6862 to remote] DEBUG org.asynchttpclient.netty.request.NettyRequestSender - Using pooled Channel '[id: 0x30b3100b, L:/127.0.0.1:57381 - R:localhost/127.0.0.1:53536]' for 'GET' to 'http://localhost:53536/session/a153a1937093ea57cbe5514371fd6862/element/1fa47881-1927-4fd5-9383-cf4b0601a2f9/enabled'
17:41:51.310 [Forwarding isElementEnabled on session a153a1937093ea57cbe5514371fd6862 to remote] DEBUG org.asynchttpclient.netty.request.NettyRequestSender - Using open Channel [id: 0x30b3100b, L:/127.0.0.1:57381 - R:localhost/127.0.0.1:53536] for GET '/session/a153a1937093ea57cbe5514371fd6862/element/1fa47881-1927-4fd5-9383-cf4b0601a2f9/enabled'
17:41:51.325 [AsyncHttpClient-1-7] DEBUG org.asynchttpclient.netty.handler.HttpHandler - 

Request DefaultFullHttpRequest(decodeResult: success, version: HTTP/1.1, content: EmptyByteBufBE)
GET /session/a153a1937093ea57cbe5514371fd6862/element/1fa47881-1927-4fd5-9383-cf4b0601a2f9/enabled HTTP/1.1
User-Agent: selenium/4.1.2 (java windows)
Cache-Control: no-cache
Content-Type: application/json; charset=utf-8
host: localhost:53536
accept: */*

Response DefaultHttpResponse(decodeResult: success, version: HTTP/1.1)
HTTP/1.1 200 OK
Content-Type: application/json; charset=utf-8
cache-control: no-cache
content-length: 14

17:41:51.325 [AsyncHttpClient-1-7] DEBUG org.asynchttpclient.netty.channel.ChannelManager - Adding key: http://localhost:53536 for channel [id: 0x30b3100b, L:/127.0.0.1:57381 - R:localhost/127.0.0.1:53536]
17:41:51.328 [Forwarding isElementEnabled on session a153a1937093ea57cbe5514371fd6862 to remote] DEBUG org.asynchttpclient.netty.request.NettyRequestSender - Using pooled Channel '[id: 0x30b3100b, L:/127.0.0.1:57381 - R:localhost/127.0.0.1:53536]' for 'GET' to 'http://localhost:53536/session/a153a1937093ea57cbe5514371fd6862/element/1fa47881-1927-4fd5-9383-cf4b0601a2f9/enabled'
17:41:51.328 [Forwarding isElementEnabled on session a153a1937093ea57cbe5514371fd6862 to remote] DEBUG org.asynchttpclient.netty.request.NettyRequestSender - Using open Channel [id: 0x30b3100b, L:/127.0.0.1:57381 - R:localhost/127.0.0.1:53536] for GET '/session/a153a1937093ea57cbe5514371fd6862/element/1fa47881-1927-4fd5-9383-cf4b0601a2f9/enabled'
17:41:51.336 [AsyncHttpClient-1-7] DEBUG org.asynchttpclient.netty.handler.HttpHandler - 

Request DefaultFullHttpRequest(decodeResult: success, version: HTTP/1.1, content: EmptyByteBufBE)
GET /session/a153a1937093ea57cbe5514371fd6862/element/1fa47881-1927-4fd5-9383-cf4b0601a2f9/enabled HTTP/1.1
User-Agent: selenium/4.1.2 (java windows)
Cache-Control: no-cache
Content-Type: application/json; charset=utf-8
host: localhost:53536
accept: */*

Response DefaultHttpResponse(decodeResult: success, version: HTTP/1.1)
HTTP/1.1 200 OK
Content-Type: application/json; charset=utf-8
cache-control: no-cache
content-length: 14

17:41:51.337 [AsyncHttpClient-1-7] DEBUG org.asynchttpclient.netty.channel.ChannelManager - Adding key: http://localhost:53536 for channel [id: 0x30b3100b, L:/127.0.0.1:57381 - R:localhost/127.0.0.1:53536]
17:41:51.340 [Forwarding findElement on session a153a1937093ea57cbe5514371fd6862 to remote] DEBUG org.asynchttpclient.netty.request.NettyRequestSender - Using pooled Channel '[id: 0x30b3100b, L:/127.0.0.1:57381 - R:localhost/127.0.0.1:53536]' for 'POST' to 'http://localhost:53536/session/a153a1937093ea57cbe5514371fd6862/element'
17:41:51.340 [Forwarding findElement on session a153a1937093ea57cbe5514371fd6862 to remote] DEBUG org.asynchttpclient.netty.request.NettyRequestSender - Using open Channel [id: 0x30b3100b, L:/127.0.0.1:57381 - R:localhost/127.0.0.1:53536] for POST '/session/a153a1937093ea57cbe5514371fd6862/element'
17:41:51.350 [AsyncHttpClient-1-7] DEBUG org.asynchttpclient.netty.handler.HttpHandler - 

Request DefaultHttpRequest(decodeResult: success, version: HTTP/1.1)
POST /session/a153a1937093ea57cbe5514371fd6862/element HTTP/1.1
User-Agent: selenium/4.1.2 (java windows)
Content-Length: 154
Content-Type: application/json; charset=utf-8
host: localhost:53536
accept: */*

Response DefaultHttpResponse(decodeResult: success, version: HTTP/1.1)
HTTP/1.1 200 OK
Content-Type: application/json; charset=utf-8
cache-control: no-cache
content-length: 88

17:41:51.350 [AsyncHttpClient-1-7] DEBUG org.asynchttpclient.netty.channel.ChannelManager - Adding key: http://localhost:53536 for channel [id: 0x30b3100b, L:/127.0.0.1:57381 - R:localhost/127.0.0.1:53536]
17:41:51.352 [Forwarding clickElement on session a153a1937093ea57cbe5514371fd6862 to remote] DEBUG org.asynchttpclient.netty.request.NettyRequestSender - Using pooled Channel '[id: 0x30b3100b, L:/127.0.0.1:57381 - R:localhost/127.0.0.1:53536]' for 'POST' to 'http://localhost:53536/session/a153a1937093ea57cbe5514371fd6862/element/1fa47881-1927-4fd5-9383-cf4b0601a2f9/click'
17:41:51.352 [Forwarding clickElement on session a153a1937093ea57cbe5514371fd6862 to remote] DEBUG org.asynchttpclient.netty.request.NettyRequestSender - Using open Channel [id: 0x30b3100b, L:/127.0.0.1:57381 - R:localhost/127.0.0.1:53536] for POST '/session/a153a1937093ea57cbe5514371fd6862/element/1fa47881-1927-4fd5-9383-cf4b0601a2f9/click'
17:41:51.472 [AsyncHttpClient-1-7] DEBUG org.asynchttpclient.netty.handler.HttpHandler - 

Request DefaultHttpRequest(decodeResult: success, version: HTTP/1.1)
POST /session/a153a1937093ea57cbe5514371fd6862/element/1fa47881-1927-4fd5-9383-cf4b0601a2f9/click HTTP/1.1
User-Agent: selenium/4.1.2 (java windows)
Content-Length: 50
Content-Type: application/json; charset=utf-8
host: localhost:53536
accept: */*

Response DefaultHttpResponse(decodeResult: success, version: HTTP/1.1)
HTTP/1.1 200 OK
Content-Type: application/json; charset=utf-8
cache-control: no-cache
content-length: 14

17:41:51.472 [AsyncHttpClient-1-7] DEBUG org.asynchttpclient.netty.channel.ChannelManager - Adding key: http://localhost:53536 for channel [id: 0x30b3100b, L:/127.0.0.1:57381 - R:localhost/127.0.0.1:53536]
17:41:51.486 [Forwarding screenshot on session a153a1937093ea57cbe5514371fd6862 to remote] DEBUG org.asynchttpclient.netty.request.NettyRequestSender - Using pooled Channel '[id: 0x30b3100b, L:/127.0.0.1:57381 - R:localhost/127.0.0.1:53536]' for 'GET' to 'http://localhost:53536/session/a153a1937093ea57cbe5514371fd6862/screenshot'
17:41:51.486 [Forwarding screenshot on session a153a1937093ea57cbe5514371fd6862 to remote] DEBUG org.asynchttpclient.netty.request.NettyRequestSender - Using open Channel [id: 0x30b3100b, L:/127.0.0.1:57381 - R:localhost/127.0.0.1:53536] for GET '/session/a153a1937093ea57cbe5514371fd6862/screenshot'
17:41:51.626 [AsyncHttpClient-1-7] DEBUG org.asynchttpclient.netty.handler.HttpHandler - 

Request DefaultFullHttpRequest(decodeResult: success, version: HTTP/1.1, content: EmptyByteBufBE)
GET /session/a153a1937093ea57cbe5514371fd6862/screenshot HTTP/1.1
User-Agent: selenium/4.1.2 (java windows)
Cache-Control: no-cache
Content-Type: application/json; charset=utf-8
host: localhost:53536
accept: */*

Response DefaultHttpResponse(decodeResult: success, version: HTTP/1.1)
HTTP/1.1 200 OK
Content-Type: application/json; charset=utf-8
cache-control: no-cache
content-length: 88132

17:41:51.627 [AsyncHttpClient-1-7] DEBUG org.asynchttpclient.netty.channel.ChannelManager - Adding key: http://localhost:53536 for channel [id: 0x30b3100b, L:/127.0.0.1:57381 - R:localhost/127.0.0.1:53536]
17:41:51.633 [main] DEBUG net.serenitybdd.core.photography.Darkroom - Send negative for processing for target\site\serenity\136d055eb327950fb7ce6be3d00d85b3b6dd581a90ee2686aaf8cc327de43692.png
17:41:51.633 [main] DEBUG net.thucydides.core.steps.StepInterceptor - STEP DONE: clickGenderType
17:41:51.633 [Darkroom Processing Line] DEBUG net.serenitybdd.core.photography.DarkroomProcessingLine - Processing screenshot image in /var/screenshots/screenshot-17423935780354909783
17:41:51.634 [Darkroom Processing Line] DEBUG net.serenitybdd.core.photography.DarkroomProcessingLine - Saving screenshot to target\site\serenity\136d055eb327950fb7ce6be3d00d85b3b6dd581a90ee2686aaf8cc327de43692.png
17:41:51.642 [main] DEBUG net.thucydides.core.steps.StepInterceptor - STARTING STEP: PatientSteps.iInputValidDataPatientAndClickSubmit - inputPhoneNumber
17:41:51.647 [Forwarding findElement on session a153a1937093ea57cbe5514371fd6862 to remote] DEBUG org.asynchttpclient.netty.request.NettyRequestSender - Using pooled Channel '[id: 0x30b3100b, L:/127.0.0.1:57381 - R:localhost/127.0.0.1:53536]' for 'POST' to 'http://localhost:53536/session/a153a1937093ea57cbe5514371fd6862/element'
17:41:51.647 [Forwarding findElement on session a153a1937093ea57cbe5514371fd6862 to remote] DEBUG org.asynchttpclient.netty.request.NettyRequestSender - Using open Channel [id: 0x30b3100b, L:/127.0.0.1:57381 - R:localhost/127.0.0.1:53536] for POST '/session/a153a1937093ea57cbe5514371fd6862/element'
17:41:51.663 [AsyncHttpClient-1-7] DEBUG org.asynchttpclient.netty.handler.HttpHandler - 

Request DefaultHttpRequest(decodeResult: success, version: HTTP/1.1)
POST /session/a153a1937093ea57cbe5514371fd6862/element HTTP/1.1
User-Agent: selenium/4.1.2 (java windows)
Content-Length: 139
Content-Type: application/json; charset=utf-8
host: localhost:53536
accept: */*

Response DefaultHttpResponse(decodeResult: success, version: HTTP/1.1)
HTTP/1.1 200 OK
Content-Type: application/json; charset=utf-8
cache-control: no-cache
content-length: 88

17:41:51.663 [AsyncHttpClient-1-7] DEBUG org.asynchttpclient.netty.channel.ChannelManager - Adding key: http://localhost:53536 for channel [id: 0x30b3100b, L:/127.0.0.1:57381 - R:localhost/127.0.0.1:53536]
17:41:51.664 [Forwarding clearElement on session a153a1937093ea57cbe5514371fd6862 to remote] DEBUG org.asynchttpclient.netty.request.NettyRequestSender - Using pooled Channel '[id: 0x30b3100b, L:/127.0.0.1:57381 - R:localhost/127.0.0.1:53536]' for 'POST' to 'http://localhost:53536/session/a153a1937093ea57cbe5514371fd6862/element/df3e3d7e-5e18-4c20-bf3a-2117c06685a7/clear'
17:41:51.664 [Forwarding clearElement on session a153a1937093ea57cbe5514371fd6862 to remote] DEBUG org.asynchttpclient.netty.request.NettyRequestSender - Using open Channel [id: 0x30b3100b, L:/127.0.0.1:57381 - R:localhost/127.0.0.1:53536] for POST '/session/a153a1937093ea57cbe5514371fd6862/element/df3e3d7e-5e18-4c20-bf3a-2117c06685a7/clear'
17:41:51.719 [AsyncHttpClient-1-7] DEBUG org.asynchttpclient.netty.handler.HttpHandler - 

Request DefaultHttpRequest(decodeResult: success, version: HTTP/1.1)
POST /session/a153a1937093ea57cbe5514371fd6862/element/df3e3d7e-5e18-4c20-bf3a-2117c06685a7/clear HTTP/1.1
User-Agent: selenium/4.1.2 (java windows)
Content-Length: 50
Content-Type: application/json; charset=utf-8
host: localhost:53536
accept: */*

Response DefaultHttpResponse(decodeResult: success, version: HTTP/1.1)
HTTP/1.1 200 OK
Content-Type: application/json; charset=utf-8
cache-control: no-cache
content-length: 14

17:41:51.719 [AsyncHttpClient-1-7] DEBUG org.asynchttpclient.netty.channel.ChannelManager - Adding key: http://localhost:53536 for channel [id: 0x30b3100b, L:/127.0.0.1:57381 - R:localhost/127.0.0.1:53536]
17:41:51.721 [Forwarding sendKeysToElement on session a153a1937093ea57cbe5514371fd6862 to remote] DEBUG org.asynchttpclient.netty.request.NettyRequestSender - Using pooled Channel '[id: 0x30b3100b, L:/127.0.0.1:57381 - R:localhost/127.0.0.1:53536]' for 'POST' to 'http://localhost:53536/session/a153a1937093ea57cbe5514371fd6862/element/df3e3d7e-5e18-4c20-bf3a-2117c06685a7/value'
17:41:51.721 [Forwarding sendKeysToElement on session a153a1937093ea57cbe5514371fd6862 to remote] DEBUG org.asynchttpclient.netty.request.NettyRequestSender - Using open Channel [id: 0x30b3100b, L:/127.0.0.1:57381 - R:localhost/127.0.0.1:53536] for POST '/session/a153a1937093ea57cbe5514371fd6862/element/df3e3d7e-5e18-4c20-bf3a-2117c06685a7/value'
17:41:52.062 [AsyncHttpClient-1-7] DEBUG org.asynchttpclient.netty.handler.HttpHandler - 

Request DefaultHttpRequest(decodeResult: success, version: HTTP/1.1)
POST /session/a153a1937093ea57cbe5514371fd6862/element/df3e3d7e-5e18-4c20-bf3a-2117c06685a7/value HTTP/1.1
User-Agent: selenium/4.1.2 (java windows)
Content-Length: 211
Content-Type: application/json; charset=utf-8
host: localhost:53536
accept: */*

Response DefaultHttpResponse(decodeResult: success, version: HTTP/1.1)
HTTP/1.1 200 OK
Content-Type: application/json; charset=utf-8
cache-control: no-cache
content-length: 14

17:41:52.062 [AsyncHttpClient-1-7] DEBUG org.asynchttpclient.netty.channel.ChannelManager - Adding key: http://localhost:53536 for channel [id: 0x30b3100b, L:/127.0.0.1:57381 - R:localhost/127.0.0.1:53536]
17:41:52.075 [Forwarding screenshot on session a153a1937093ea57cbe5514371fd6862 to remote] DEBUG org.asynchttpclient.netty.request.NettyRequestSender - Using pooled Channel '[id: 0x30b3100b, L:/127.0.0.1:57381 - R:localhost/127.0.0.1:53536]' for 'GET' to 'http://localhost:53536/session/a153a1937093ea57cbe5514371fd6862/screenshot'
17:41:52.075 [Forwarding screenshot on session a153a1937093ea57cbe5514371fd6862 to remote] DEBUG org.asynchttpclient.netty.request.NettyRequestSender - Using open Channel [id: 0x30b3100b, L:/127.0.0.1:57381 - R:localhost/127.0.0.1:53536] for GET '/session/a153a1937093ea57cbe5514371fd6862/screenshot'
17:41:52.102 [AsyncHttpClient-1-1] DEBUG org.asynchttpclient.netty.channel.DefaultChannelPool - Entry count for : http://localhost:57383 : 1
17:41:52.206 [AsyncHttpClient-1-7] DEBUG org.asynchttpclient.netty.handler.HttpHandler - 

Request DefaultFullHttpRequest(decodeResult: success, version: HTTP/1.1, content: EmptyByteBufBE)
GET /session/a153a1937093ea57cbe5514371fd6862/screenshot HTTP/1.1
User-Agent: selenium/4.1.2 (java windows)
Cache-Control: no-cache
Content-Type: application/json; charset=utf-8
host: localhost:53536
accept: */*

Response DefaultHttpResponse(decodeResult: success, version: HTTP/1.1)
HTTP/1.1 200 OK
Content-Type: application/json; charset=utf-8
cache-control: no-cache
content-length: 91164

17:41:52.207 [AsyncHttpClient-1-7] DEBUG org.asynchttpclient.netty.channel.ChannelManager - Adding key: http://localhost:53536 for channel [id: 0x30b3100b, L:/127.0.0.1:57381 - R:localhost/127.0.0.1:53536]
17:41:52.212 [main] DEBUG net.serenitybdd.core.photography.Darkroom - Send negative for processing for target\site\serenity\aaafa01268b6d72d865cedf79ba7128e3be175b7b6c6cd40f71f99754794c88e.png
17:41:52.212 [main] DEBUG net.thucydides.core.steps.StepInterceptor - STEP DONE: inputPhoneNumber
17:41:52.212 [Darkroom Processing Line] DEBUG net.serenitybdd.core.photography.DarkroomProcessingLine - Processing screenshot image in /var/screenshots/screenshot-2627586064329018586
17:41:52.212 [Darkroom Processing Line] DEBUG net.serenitybdd.core.photography.DarkroomProcessingLine - Saving screenshot to target\site\serenity\aaafa01268b6d72d865cedf79ba7128e3be175b7b6c6cd40f71f99754794c88e.png
17:41:52.220 [main] DEBUG net.thucydides.core.steps.StepInterceptor - STARTING STEP: PatientSteps.iInputValidDataPatientAndClickSubmit - clickBlodeTypeDropdown
17:41:52.224 [Forwarding findElement on session a153a1937093ea57cbe5514371fd6862 to remote] DEBUG org.asynchttpclient.netty.request.NettyRequestSender - Using pooled Channel '[id: 0x30b3100b, L:/127.0.0.1:57381 - R:localhost/127.0.0.1:53536]' for 'POST' to 'http://localhost:53536/session/a153a1937093ea57cbe5514371fd6862/element'
17:41:52.225 [Forwarding findElement on session a153a1937093ea57cbe5514371fd6862 to remote] DEBUG org.asynchttpclient.netty.request.NettyRequestSender - Using open Channel [id: 0x30b3100b, L:/127.0.0.1:57381 - R:localhost/127.0.0.1:53536] for POST '/session/a153a1937093ea57cbe5514371fd6862/element'
17:41:52.238 [AsyncHttpClient-1-7] DEBUG org.asynchttpclient.netty.handler.HttpHandler - 

Request DefaultHttpRequest(decodeResult: success, version: HTTP/1.1)
POST /session/a153a1937093ea57cbe5514371fd6862/element HTTP/1.1
User-Agent: selenium/4.1.2 (java windows)
Content-Length: 82
Content-Type: application/json; charset=utf-8
host: localhost:53536
accept: */*

Response DefaultHttpResponse(decodeResult: success, version: HTTP/1.1)
HTTP/1.1 200 OK
Content-Type: application/json; charset=utf-8
cache-control: no-cache
content-length: 88

17:41:52.239 [AsyncHttpClient-1-7] DEBUG org.asynchttpclient.netty.channel.ChannelManager - Adding key: http://localhost:53536 for channel [id: 0x30b3100b, L:/127.0.0.1:57381 - R:localhost/127.0.0.1:53536]
17:41:52.240 [Forwarding getElementTagName on session a153a1937093ea57cbe5514371fd6862 to remote] DEBUG org.asynchttpclient.netty.request.NettyRequestSender - Using pooled Channel '[id: 0x30b3100b, L:/127.0.0.1:57381 - R:localhost/127.0.0.1:53536]' for 'GET' to 'http://localhost:53536/session/a153a1937093ea57cbe5514371fd6862/element/9e2e8898-2345-491e-bacf-e4b00a6c565d/name'
17:41:52.240 [Forwarding getElementTagName on session a153a1937093ea57cbe5514371fd6862 to remote] DEBUG org.asynchttpclient.netty.request.NettyRequestSender - Using open Channel [id: 0x30b3100b, L:/127.0.0.1:57381 - R:localhost/127.0.0.1:53536] for GET '/session/a153a1937093ea57cbe5514371fd6862/element/9e2e8898-2345-491e-bacf-e4b00a6c565d/name'
17:41:52.245 [AsyncHttpClient-1-7] DEBUG org.asynchttpclient.netty.handler.HttpHandler - 

Request DefaultFullHttpRequest(decodeResult: success, version: HTTP/1.1, content: EmptyByteBufBE)
GET /session/a153a1937093ea57cbe5514371fd6862/element/9e2e8898-2345-491e-bacf-e4b00a6c565d/name HTTP/1.1
User-Agent: selenium/4.1.2 (java windows)
Cache-Control: no-cache
Content-Type: application/json; charset=utf-8
host: localhost:53536
accept: */*

Response DefaultHttpResponse(decodeResult: success, version: HTTP/1.1)
HTTP/1.1 200 OK
Content-Type: application/json; charset=utf-8
cache-control: no-cache
content-length: 15

17:41:52.246 [AsyncHttpClient-1-7] DEBUG org.asynchttpclient.netty.channel.ChannelManager - Adding key: http://localhost:53536 for channel [id: 0x30b3100b, L:/127.0.0.1:57381 - R:localhost/127.0.0.1:53536]
17:41:52.247 [Forwarding getElementTagName on session a153a1937093ea57cbe5514371fd6862 to remote] DEBUG org.asynchttpclient.netty.request.NettyRequestSender - Using pooled Channel '[id: 0x30b3100b, L:/127.0.0.1:57381 - R:localhost/127.0.0.1:53536]' for 'GET' to 'http://localhost:53536/session/a153a1937093ea57cbe5514371fd6862/element/9e2e8898-2345-491e-bacf-e4b00a6c565d/name'
17:41:52.247 [Forwarding getElementTagName on session a153a1937093ea57cbe5514371fd6862 to remote] DEBUG org.asynchttpclient.netty.request.NettyRequestSender - Using open Channel [id: 0x30b3100b, L:/127.0.0.1:57381 - R:localhost/127.0.0.1:53536] for GET '/session/a153a1937093ea57cbe5514371fd6862/element/9e2e8898-2345-491e-bacf-e4b00a6c565d/name'
17:41:52.251 [AsyncHttpClient-1-7] DEBUG org.asynchttpclient.netty.handler.HttpHandler - 

Request DefaultFullHttpRequest(decodeResult: success, version: HTTP/1.1, content: EmptyByteBufBE)
GET /session/a153a1937093ea57cbe5514371fd6862/element/9e2e8898-2345-491e-bacf-e4b00a6c565d/name HTTP/1.1
User-Agent: selenium/4.1.2 (java windows)
Cache-Control: no-cache
Content-Type: application/json; charset=utf-8
host: localhost:53536
accept: */*

Response DefaultHttpResponse(decodeResult: success, version: HTTP/1.1)
HTTP/1.1 200 OK
Content-Type: application/json; charset=utf-8
cache-control: no-cache
content-length: 15

17:41:52.251 [AsyncHttpClient-1-7] DEBUG org.asynchttpclient.netty.channel.ChannelManager - Adding key: http://localhost:53536 for channel [id: 0x30b3100b, L:/127.0.0.1:57381 - R:localhost/127.0.0.1:53536]
17:41:52.253 [Forwarding findElement on session a153a1937093ea57cbe5514371fd6862 to remote] DEBUG org.asynchttpclient.netty.request.NettyRequestSender - Using pooled Channel '[id: 0x30b3100b, L:/127.0.0.1:57381 - R:localhost/127.0.0.1:53536]' for 'POST' to 'http://localhost:53536/session/a153a1937093ea57cbe5514371fd6862/element'
17:41:52.253 [Forwarding findElement on session a153a1937093ea57cbe5514371fd6862 to remote] DEBUG org.asynchttpclient.netty.request.NettyRequestSender - Using open Channel [id: 0x30b3100b, L:/127.0.0.1:57381 - R:localhost/127.0.0.1:53536] for POST '/session/a153a1937093ea57cbe5514371fd6862/element'
17:41:52.261 [AsyncHttpClient-1-7] DEBUG org.asynchttpclient.netty.handler.HttpHandler - 

Request DefaultHttpRequest(decodeResult: success, version: HTTP/1.1)
POST /session/a153a1937093ea57cbe5514371fd6862/element HTTP/1.1
User-Agent: selenium/4.1.2 (java windows)
Content-Length: 82
Content-Type: application/json; charset=utf-8
host: localhost:53536
accept: */*

Response DefaultHttpResponse(decodeResult: success, version: HTTP/1.1)
HTTP/1.1 200 OK
Content-Type: application/json; charset=utf-8
cache-control: no-cache
content-length: 88

17:41:52.261 [AsyncHttpClient-1-7] DEBUG org.asynchttpclient.netty.channel.ChannelManager - Adding key: http://localhost:53536 for channel [id: 0x30b3100b, L:/127.0.0.1:57381 - R:localhost/127.0.0.1:53536]
17:41:52.263 [Forwarding clickElement on session a153a1937093ea57cbe5514371fd6862 to remote] DEBUG org.asynchttpclient.netty.request.NettyRequestSender - Using pooled Channel '[id: 0x30b3100b, L:/127.0.0.1:57381 - R:localhost/127.0.0.1:53536]' for 'POST' to 'http://localhost:53536/session/a153a1937093ea57cbe5514371fd6862/element/9e2e8898-2345-491e-bacf-e4b00a6c565d/click'
17:41:52.263 [Forwarding clickElement on session a153a1937093ea57cbe5514371fd6862 to remote] DEBUG org.asynchttpclient.netty.request.NettyRequestSender - Using open Channel [id: 0x30b3100b, L:/127.0.0.1:57381 - R:localhost/127.0.0.1:53536] for POST '/session/a153a1937093ea57cbe5514371fd6862/element/9e2e8898-2345-491e-bacf-e4b00a6c565d/click'
17:41:52.353 [AsyncHttpClient-1-7] DEBUG org.asynchttpclient.netty.handler.HttpHandler - 

Request DefaultHttpRequest(decodeResult: success, version: HTTP/1.1)
POST /session/a153a1937093ea57cbe5514371fd6862/element/9e2e8898-2345-491e-bacf-e4b00a6c565d/click HTTP/1.1
User-Agent: selenium/4.1.2 (java windows)
Content-Length: 50
Content-Type: application/json; charset=utf-8
host: localhost:53536
accept: */*

Response DefaultHttpResponse(decodeResult: success, version: HTTP/1.1)
HTTP/1.1 200 OK
Content-Type: application/json; charset=utf-8
cache-control: no-cache
content-length: 14

17:41:52.353 [AsyncHttpClient-1-7] DEBUG org.asynchttpclient.netty.channel.ChannelManager - Adding key: http://localhost:53536 for channel [id: 0x30b3100b, L:/127.0.0.1:57381 - R:localhost/127.0.0.1:53536]
17:41:52.360 [Forwarding screenshot on session a153a1937093ea57cbe5514371fd6862 to remote] DEBUG org.asynchttpclient.netty.request.NettyRequestSender - Using pooled Channel '[id: 0x30b3100b, L:/127.0.0.1:57381 - R:localhost/127.0.0.1:53536]' for 'GET' to 'http://localhost:53536/session/a153a1937093ea57cbe5514371fd6862/screenshot'
17:41:52.360 [Forwarding screenshot on session a153a1937093ea57cbe5514371fd6862 to remote] DEBUG org.asynchttpclient.netty.request.NettyRequestSender - Using open Channel [id: 0x30b3100b, L:/127.0.0.1:57381 - R:localhost/127.0.0.1:53536] for GET '/session/a153a1937093ea57cbe5514371fd6862/screenshot'
17:41:52.486 [AsyncHttpClient-1-7] DEBUG org.asynchttpclient.netty.handler.HttpHandler - 

Request DefaultFullHttpRequest(decodeResult: success, version: HTTP/1.1, content: EmptyByteBufBE)
GET /session/a153a1937093ea57cbe5514371fd6862/screenshot HTTP/1.1
User-Agent: selenium/4.1.2 (java windows)
Cache-Control: no-cache
Content-Type: application/json; charset=utf-8
host: localhost:53536
accept: */*

Response DefaultHttpResponse(decodeResult: success, version: HTTP/1.1)
HTTP/1.1 200 OK
Content-Type: application/json; charset=utf-8
cache-control: no-cache
content-length: 93932

17:41:52.487 [AsyncHttpClient-1-7] DEBUG org.asynchttpclient.netty.channel.ChannelManager - Adding key: http://localhost:53536 for channel [id: 0x30b3100b, L:/127.0.0.1:57381 - R:localhost/127.0.0.1:53536]
17:41:52.492 [main] DEBUG net.serenitybdd.core.photography.Darkroom - Send negative for processing for target\site\serenity\5ebe77c7f6d2880e1dbec6dc9a80e97ef9b9620d69221d55d5d286090641d147.png
17:41:52.492 [main] DEBUG net.thucydides.core.steps.StepInterceptor - STEP DONE: clickBlodeTypeDropdown
17:41:52.492 [Darkroom Processing Line] DEBUG net.serenitybdd.core.photography.DarkroomProcessingLine - Processing screenshot image in /var/screenshots/screenshot-2768203756645163765
17:41:52.493 [Darkroom Processing Line] DEBUG net.serenitybdd.core.photography.DarkroomProcessingLine - Saving screenshot to target\site\serenity\5ebe77c7f6d2880e1dbec6dc9a80e97ef9b9620d69221d55d5d286090641d147.png
17:41:52.499 [main] DEBUG net.thucydides.core.steps.StepInterceptor - STARTING STEP: PatientSteps.iInputValidDataPatientAndClickSubmit - clickBlodeTypeOption
17:41:52.502 [Forwarding findElement on session a153a1937093ea57cbe5514371fd6862 to remote] DEBUG org.asynchttpclient.netty.request.NettyRequestSender - Using pooled Channel '[id: 0x30b3100b, L:/127.0.0.1:57381 - R:localhost/127.0.0.1:53536]' for 'POST' to 'http://localhost:53536/session/a153a1937093ea57cbe5514371fd6862/element'
17:41:52.502 [Forwarding findElement on session a153a1937093ea57cbe5514371fd6862 to remote] DEBUG org.asynchttpclient.netty.request.NettyRequestSender - Using open Channel [id: 0x30b3100b, L:/127.0.0.1:57381 - R:localhost/127.0.0.1:53536] for POST '/session/a153a1937093ea57cbe5514371fd6862/element'
17:41:52.519 [AsyncHttpClient-1-7] DEBUG org.asynchttpclient.netty.handler.HttpHandler - 

Request DefaultHttpRequest(decodeResult: success, version: HTTP/1.1)
POST /session/a153a1937093ea57cbe5514371fd6862/element HTTP/1.1
User-Agent: selenium/4.1.2 (java windows)
Content-Length: 119
Content-Type: application/json; charset=utf-8
host: localhost:53536
accept: */*

Response DefaultHttpResponse(decodeResult: success, version: HTTP/1.1)
HTTP/1.1 200 OK
Content-Type: application/json; charset=utf-8
cache-control: no-cache
content-length: 88

17:41:52.519 [AsyncHttpClient-1-7] DEBUG org.asynchttpclient.netty.channel.ChannelManager - Adding key: http://localhost:53536 for channel [id: 0x30b3100b, L:/127.0.0.1:57381 - R:localhost/127.0.0.1:53536]
17:41:52.522 [Forwarding getElementTagName on session a153a1937093ea57cbe5514371fd6862 to remote] DEBUG org.asynchttpclient.netty.request.NettyRequestSender - Using pooled Channel '[id: 0x30b3100b, L:/127.0.0.1:57381 - R:localhost/127.0.0.1:53536]' for 'GET' to 'http://localhost:53536/session/a153a1937093ea57cbe5514371fd6862/element/c45a4d14-b9ff-49df-bf04-619d6778d856/name'
17:41:52.522 [Forwarding getElementTagName on session a153a1937093ea57cbe5514371fd6862 to remote] DEBUG org.asynchttpclient.netty.request.NettyRequestSender - Using open Channel [id: 0x30b3100b, L:/127.0.0.1:57381 - R:localhost/127.0.0.1:53536] for GET '/session/a153a1937093ea57cbe5514371fd6862/element/c45a4d14-b9ff-49df-bf04-619d6778d856/name'
17:41:52.527 [AsyncHttpClient-1-7] DEBUG org.asynchttpclient.netty.handler.HttpHandler - 

Request DefaultFullHttpRequest(decodeResult: success, version: HTTP/1.1, content: EmptyByteBufBE)
GET /session/a153a1937093ea57cbe5514371fd6862/element/c45a4d14-b9ff-49df-bf04-619d6778d856/name HTTP/1.1
User-Agent: selenium/4.1.2 (java windows)
Cache-Control: no-cache
Content-Type: application/json; charset=utf-8
host: localhost:53536
accept: */*

Response DefaultHttpResponse(decodeResult: success, version: HTTP/1.1)
HTTP/1.1 200 OK
Content-Type: application/json; charset=utf-8
cache-control: no-cache
content-length: 14

17:41:52.527 [AsyncHttpClient-1-7] DEBUG org.asynchttpclient.netty.channel.ChannelManager - Adding key: http://localhost:53536 for channel [id: 0x30b3100b, L:/127.0.0.1:57381 - R:localhost/127.0.0.1:53536]
17:41:52.529 [Forwarding getElementTagName on session a153a1937093ea57cbe5514371fd6862 to remote] DEBUG org.asynchttpclient.netty.request.NettyRequestSender - Using pooled Channel '[id: 0x30b3100b, L:/127.0.0.1:57381 - R:localhost/127.0.0.1:53536]' for 'GET' to 'http://localhost:53536/session/a153a1937093ea57cbe5514371fd6862/element/c45a4d14-b9ff-49df-bf04-619d6778d856/name'
17:41:52.689 [Forwarding getElementTagName on session a153a1937093ea57cbe5514371fd6862 to remote] DEBUG org.asynchttpclient.netty.request.NettyRequestSender - Using open Channel [id: 0x30b3100b, L:/127.0.0.1:57381 - R:localhost/127.0.0.1:53536] for GET '/session/a153a1937093ea57cbe5514371fd6862/element/c45a4d14-b9ff-49df-bf04-619d6778d856/name'
17:41:52.696 [AsyncHttpClient-1-7] DEBUG org.asynchttpclient.netty.handler.HttpHandler - 

Request DefaultFullHttpRequest(decodeResult: success, version: HTTP/1.1, content: EmptyByteBufBE)
GET /session/a153a1937093ea57cbe5514371fd6862/element/c45a4d14-b9ff-49df-bf04-619d6778d856/name HTTP/1.1
User-Agent: selenium/4.1.2 (java windows)
Cache-Control: no-cache
Content-Type: application/json; charset=utf-8
host: localhost:53536
accept: */*

Response DefaultHttpResponse(decodeResult: success, version: HTTP/1.1)
HTTP/1.1 200 OK
Content-Type: application/json; charset=utf-8
cache-control: no-cache
content-length: 14

17:41:52.697 [AsyncHttpClient-1-7] DEBUG org.asynchttpclient.netty.channel.ChannelManager - Adding key: http://localhost:53536 for channel [id: 0x30b3100b, L:/127.0.0.1:57381 - R:localhost/127.0.0.1:53536]
17:41:52.701 [Forwarding findElement on session a153a1937093ea57cbe5514371fd6862 to remote] DEBUG org.asynchttpclient.netty.request.NettyRequestSender - Using pooled Channel '[id: 0x30b3100b, L:/127.0.0.1:57381 - R:localhost/127.0.0.1:53536]' for 'POST' to 'http://localhost:53536/session/a153a1937093ea57cbe5514371fd6862/element'
17:41:52.701 [Forwarding findElement on session a153a1937093ea57cbe5514371fd6862 to remote] DEBUG org.asynchttpclient.netty.request.NettyRequestSender - Using open Channel [id: 0x30b3100b, L:/127.0.0.1:57381 - R:localhost/127.0.0.1:53536] for POST '/session/a153a1937093ea57cbe5514371fd6862/element'
17:41:52.717 [AsyncHttpClient-1-7] DEBUG org.asynchttpclient.netty.handler.HttpHandler - 

Request DefaultHttpRequest(decodeResult: success, version: HTTP/1.1)
POST /session/a153a1937093ea57cbe5514371fd6862/element HTTP/1.1
User-Agent: selenium/4.1.2 (java windows)
Content-Length: 119
Content-Type: application/json; charset=utf-8
host: localhost:53536
accept: */*

Response DefaultHttpResponse(decodeResult: success, version: HTTP/1.1)
HTTP/1.1 200 OK
Content-Type: application/json; charset=utf-8
cache-control: no-cache
content-length: 88

17:41:52.717 [AsyncHttpClient-1-7] DEBUG org.asynchttpclient.netty.channel.ChannelManager - Adding key: http://localhost:53536 for channel [id: 0x30b3100b, L:/127.0.0.1:57381 - R:localhost/127.0.0.1:53536]
17:41:52.720 [Forwarding clickElement on session a153a1937093ea57cbe5514371fd6862 to remote] DEBUG org.asynchttpclient.netty.request.NettyRequestSender - Using pooled Channel '[id: 0x30b3100b, L:/127.0.0.1:57381 - R:localhost/127.0.0.1:53536]' for 'POST' to 'http://localhost:53536/session/a153a1937093ea57cbe5514371fd6862/element/c45a4d14-b9ff-49df-bf04-619d6778d856/click'
17:41:52.720 [Forwarding clickElement on session a153a1937093ea57cbe5514371fd6862 to remote] DEBUG org.asynchttpclient.netty.request.NettyRequestSender - Using open Channel [id: 0x30b3100b, L:/127.0.0.1:57381 - R:localhost/127.0.0.1:53536] for POST '/session/a153a1937093ea57cbe5514371fd6862/element/c45a4d14-b9ff-49df-bf04-619d6778d856/click'
17:41:52.839 [AsyncHttpClient-1-7] DEBUG org.asynchttpclient.netty.handler.HttpHandler - 

Request DefaultHttpRequest(decodeResult: success, version: HTTP/1.1)
POST /session/a153a1937093ea57cbe5514371fd6862/element/c45a4d14-b9ff-49df-bf04-619d6778d856/click HTTP/1.1
User-Agent: selenium/4.1.2 (java windows)
Content-Length: 50
Content-Type: application/json; charset=utf-8
host: localhost:53536
accept: */*

Response DefaultHttpResponse(decodeResult: success, version: HTTP/1.1)
HTTP/1.1 200 OK
Content-Type: application/json; charset=utf-8
cache-control: no-cache
content-length: 14

17:41:52.839 [AsyncHttpClient-1-7] DEBUG org.asynchttpclient.netty.channel.ChannelManager - Adding key: http://localhost:53536 for channel [id: 0x30b3100b, L:/127.0.0.1:57381 - R:localhost/127.0.0.1:53536]
17:41:52.849 [Forwarding screenshot on session a153a1937093ea57cbe5514371fd6862 to remote] DEBUG org.asynchttpclient.netty.request.NettyRequestSender - Using pooled Channel '[id: 0x30b3100b, L:/127.0.0.1:57381 - R:localhost/127.0.0.1:53536]' for 'GET' to 'http://localhost:53536/session/a153a1937093ea57cbe5514371fd6862/screenshot'
17:41:52.849 [Forwarding screenshot on session a153a1937093ea57cbe5514371fd6862 to remote] DEBUG org.asynchttpclient.netty.request.NettyRequestSender - Using open Channel [id: 0x30b3100b, L:/127.0.0.1:57381 - R:localhost/127.0.0.1:53536] for GET '/session/a153a1937093ea57cbe5514371fd6862/screenshot'
17:41:52.972 [AsyncHttpClient-1-7] DEBUG org.asynchttpclient.netty.handler.HttpHandler - 

Request DefaultFullHttpRequest(decodeResult: success, version: HTTP/1.1, content: EmptyByteBufBE)
GET /session/a153a1937093ea57cbe5514371fd6862/screenshot HTTP/1.1
User-Agent: selenium/4.1.2 (java windows)
Cache-Control: no-cache
Content-Type: application/json; charset=utf-8
host: localhost:53536
accept: */*

Response DefaultHttpResponse(decodeResult: success, version: HTTP/1.1)
HTTP/1.1 200 OK
Content-Type: application/json; charset=utf-8
cache-control: no-cache
content-length: 98768

17:41:52.973 [AsyncHttpClient-1-7] DEBUG org.asynchttpclient.netty.channel.ChannelManager - Adding key: http://localhost:53536 for channel [id: 0x30b3100b, L:/127.0.0.1:57381 - R:localhost/127.0.0.1:53536]
17:41:52.981 [main] DEBUG net.serenitybdd.core.photography.Darkroom - Send negative for processing for target\site\serenity\22835d49384390a69baf31c35670fc7f16e2df8b3df0969b02c01da8cac552d6.png
17:41:52.981 [main] DEBUG net.thucydides.core.steps.StepInterceptor - STEP DONE: clickBlodeTypeOption
17:41:52.981 [Darkroom Processing Line] DEBUG net.serenitybdd.core.photography.DarkroomProcessingLine - Processing screenshot image in /var/screenshots/screenshot-3170030850788483315
17:41:52.981 [Darkroom Processing Line] DEBUG net.serenitybdd.core.photography.DarkroomProcessingLine - Saving screenshot to target\site\serenity\22835d49384390a69baf31c35670fc7f16e2df8b3df0969b02c01da8cac552d6.png
17:41:52.988 [main] DEBUG net.thucydides.core.steps.StepInterceptor - STARTING STEP: PatientSteps.iInputValidDataPatientAndClickSubmit - inputCity
17:41:52.992 [Forwarding findElement on session a153a1937093ea57cbe5514371fd6862 to remote] DEBUG org.asynchttpclient.netty.request.NettyRequestSender - Using pooled Channel '[id: 0x30b3100b, L:/127.0.0.1:57381 - R:localhost/127.0.0.1:53536]' for 'POST' to 'http://localhost:53536/session/a153a1937093ea57cbe5514371fd6862/element'
17:41:52.992 [Forwarding findElement on session a153a1937093ea57cbe5514371fd6862 to remote] DEBUG org.asynchttpclient.netty.request.NettyRequestSender - Using open Channel [id: 0x30b3100b, L:/127.0.0.1:57381 - R:localhost/127.0.0.1:53536] for POST '/session/a153a1937093ea57cbe5514371fd6862/element'
17:41:53.007 [AsyncHttpClient-1-7] DEBUG org.asynchttpclient.netty.handler.HttpHandler - 

Request DefaultHttpRequest(decodeResult: success, version: HTTP/1.1)
POST /session/a153a1937093ea57cbe5514371fd6862/element HTTP/1.1
User-Agent: selenium/4.1.2 (java windows)
Content-Length: 139
Content-Type: application/json; charset=utf-8
host: localhost:53536
accept: */*

Response DefaultHttpResponse(decodeResult: success, version: HTTP/1.1)
HTTP/1.1 200 OK
Content-Type: application/json; charset=utf-8
cache-control: no-cache
content-length: 88

17:41:53.007 [AsyncHttpClient-1-7] DEBUG org.asynchttpclient.netty.channel.ChannelManager - Adding key: http://localhost:53536 for channel [id: 0x30b3100b, L:/127.0.0.1:57381 - R:localhost/127.0.0.1:53536]
17:41:53.009 [Forwarding clearElement on session a153a1937093ea57cbe5514371fd6862 to remote] DEBUG org.asynchttpclient.netty.request.NettyRequestSender - Using pooled Channel '[id: 0x30b3100b, L:/127.0.0.1:57381 - R:localhost/127.0.0.1:53536]' for 'POST' to 'http://localhost:53536/session/a153a1937093ea57cbe5514371fd6862/element/d8bcfc22-ebde-464f-9ffc-7533b3f9c002/clear'
17:41:53.009 [Forwarding clearElement on session a153a1937093ea57cbe5514371fd6862 to remote] DEBUG org.asynchttpclient.netty.request.NettyRequestSender - Using open Channel [id: 0x30b3100b, L:/127.0.0.1:57381 - R:localhost/127.0.0.1:53536] for POST '/session/a153a1937093ea57cbe5514371fd6862/element/d8bcfc22-ebde-464f-9ffc-7533b3f9c002/clear'
17:41:53.052 [AsyncHttpClient-1-7] DEBUG org.asynchttpclient.netty.handler.HttpHandler - 

Request DefaultHttpRequest(decodeResult: success, version: HTTP/1.1)
POST /session/a153a1937093ea57cbe5514371fd6862/element/d8bcfc22-ebde-464f-9ffc-7533b3f9c002/clear HTTP/1.1
User-Agent: selenium/4.1.2 (java windows)
Content-Length: 50
Content-Type: application/json; charset=utf-8
host: localhost:53536
accept: */*

Response DefaultHttpResponse(decodeResult: success, version: HTTP/1.1)
HTTP/1.1 200 OK
Content-Type: application/json; charset=utf-8
cache-control: no-cache
content-length: 14

17:41:53.052 [AsyncHttpClient-1-7] DEBUG org.asynchttpclient.netty.channel.ChannelManager - Adding key: http://localhost:53536 for channel [id: 0x30b3100b, L:/127.0.0.1:57381 - R:localhost/127.0.0.1:53536]
17:41:53.055 [Forwarding sendKeysToElement on session a153a1937093ea57cbe5514371fd6862 to remote] DEBUG org.asynchttpclient.netty.request.NettyRequestSender - Using pooled Channel '[id: 0x30b3100b, L:/127.0.0.1:57381 - R:localhost/127.0.0.1:53536]' for 'POST' to 'http://localhost:53536/session/a153a1937093ea57cbe5514371fd6862/element/d8bcfc22-ebde-464f-9ffc-7533b3f9c002/value'
17:41:53.055 [Forwarding sendKeysToElement on session a153a1937093ea57cbe5514371fd6862 to remote] DEBUG org.asynchttpclient.netty.request.NettyRequestSender - Using open Channel [id: 0x30b3100b, L:/127.0.0.1:57381 - R:localhost/127.0.0.1:53536] for POST '/session/a153a1937093ea57cbe5514371fd6862/element/d8bcfc22-ebde-464f-9ffc-7533b3f9c002/value'
17:41:53.201 [AsyncHttpClient-1-1] DEBUG org.asynchttpclient.netty.channel.DefaultChannelPool - Entry count for : http://localhost:57383 : 1
17:41:53.305 [AsyncHttpClient-1-7] DEBUG org.asynchttpclient.netty.handler.HttpHandler - 

Request DefaultHttpRequest(decodeResult: success, version: HTTP/1.1)
POST /session/a153a1937093ea57cbe5514371fd6862/element/d8bcfc22-ebde-464f-9ffc-7533b3f9c002/value HTTP/1.1
User-Agent: selenium/4.1.2 (java windows)
Content-Length: 191
Content-Type: application/json; charset=utf-8
host: localhost:53536
accept: */*

Response DefaultHttpResponse(decodeResult: success, version: HTTP/1.1)
HTTP/1.1 200 OK
Content-Type: application/json; charset=utf-8
cache-control: no-cache
content-length: 14

17:41:53.305 [AsyncHttpClient-1-7] DEBUG org.asynchttpclient.netty.channel.ChannelManager - Adding key: http://localhost:53536 for channel [id: 0x30b3100b, L:/127.0.0.1:57381 - R:localhost/127.0.0.1:53536]
17:41:53.317 [Forwarding screenshot on session a153a1937093ea57cbe5514371fd6862 to remote] DEBUG org.asynchttpclient.netty.request.NettyRequestSender - Using pooled Channel '[id: 0x30b3100b, L:/127.0.0.1:57381 - R:localhost/127.0.0.1:53536]' for 'GET' to 'http://localhost:53536/session/a153a1937093ea57cbe5514371fd6862/screenshot'
17:41:53.317 [Forwarding screenshot on session a153a1937093ea57cbe5514371fd6862 to remote] DEBUG org.asynchttpclient.netty.request.NettyRequestSender - Using open Channel [id: 0x30b3100b, L:/127.0.0.1:57381 - R:localhost/127.0.0.1:53536] for GET '/session/a153a1937093ea57cbe5514371fd6862/screenshot'
17:41:53.499 [AsyncHttpClient-1-7] DEBUG org.asynchttpclient.netty.handler.HttpHandler - 

Request DefaultFullHttpRequest(decodeResult: success, version: HTTP/1.1, content: EmptyByteBufBE)
GET /session/a153a1937093ea57cbe5514371fd6862/screenshot HTTP/1.1
User-Agent: selenium/4.1.2 (java windows)
Cache-Control: no-cache
Content-Type: application/json; charset=utf-8
host: localhost:53536
accept: */*

Response DefaultHttpResponse(decodeResult: success, version: HTTP/1.1)
HTTP/1.1 200 OK
Content-Type: application/json; charset=utf-8
cache-control: no-cache
content-length: 83060

17:41:53.499 [AsyncHttpClient-1-7] DEBUG org.asynchttpclient.netty.channel.ChannelManager - Adding key: http://localhost:53536 for channel [id: 0x30b3100b, L:/127.0.0.1:57381 - R:localhost/127.0.0.1:53536]
17:41:53.505 [main] DEBUG net.serenitybdd.core.photography.Darkroom - Send negative for processing for target\site\serenity\c15db1f8e038fce98a8c5e88ad27b78ee77cea9a067d444dd61f511ecc719a4f.png
17:41:53.505 [main] DEBUG net.thucydides.core.steps.StepInterceptor - STEP DONE: inputCity
17:41:53.505 [Darkroom Processing Line] DEBUG net.serenitybdd.core.photography.DarkroomProcessingLine - Processing screenshot image in /var/screenshots/screenshot-678985522925349594
17:41:53.505 [Darkroom Processing Line] DEBUG net.serenitybdd.core.photography.DarkroomProcessingLine - Saving screenshot to target\site\serenity\c15db1f8e038fce98a8c5e88ad27b78ee77cea9a067d444dd61f511ecc719a4f.png
17:41:53.512 [main] DEBUG net.thucydides.core.steps.StepInterceptor - STARTING STEP: PatientSteps.iInputValidDataPatientAndClickSubmit - inputAddress
17:41:53.515 [Forwarding findElement on session a153a1937093ea57cbe5514371fd6862 to remote] DEBUG org.asynchttpclient.netty.request.NettyRequestSender - Using pooled Channel '[id: 0x30b3100b, L:/127.0.0.1:57381 - R:localhost/127.0.0.1:53536]' for 'POST' to 'http://localhost:53536/session/a153a1937093ea57cbe5514371fd6862/element'
17:41:53.515 [Forwarding findElement on session a153a1937093ea57cbe5514371fd6862 to remote] DEBUG org.asynchttpclient.netty.request.NettyRequestSender - Using open Channel [id: 0x30b3100b, L:/127.0.0.1:57381 - R:localhost/127.0.0.1:53536] for POST '/session/a153a1937093ea57cbe5514371fd6862/element'
17:41:53.530 [AsyncHttpClient-1-7] DEBUG org.asynchttpclient.netty.handler.HttpHandler - 

Request DefaultHttpRequest(decodeResult: success, version: HTTP/1.1)
POST /session/a153a1937093ea57cbe5514371fd6862/element HTTP/1.1
User-Agent: selenium/4.1.2 (java windows)
Content-Length: 139
Content-Type: application/json; charset=utf-8
host: localhost:53536
accept: */*

Response DefaultHttpResponse(decodeResult: success, version: HTTP/1.1)
HTTP/1.1 200 OK
Content-Type: application/json; charset=utf-8
cache-control: no-cache
content-length: 88

17:41:53.531 [AsyncHttpClient-1-7] DEBUG org.asynchttpclient.netty.channel.ChannelManager - Adding key: http://localhost:53536 for channel [id: 0x30b3100b, L:/127.0.0.1:57381 - R:localhost/127.0.0.1:53536]
17:41:53.532 [Forwarding clearElement on session a153a1937093ea57cbe5514371fd6862 to remote] DEBUG org.asynchttpclient.netty.request.NettyRequestSender - Using pooled Channel '[id: 0x30b3100b, L:/127.0.0.1:57381 - R:localhost/127.0.0.1:53536]' for 'POST' to 'http://localhost:53536/session/a153a1937093ea57cbe5514371fd6862/element/e62264ec-2365-48fd-a51e-cac2e4a664f8/clear'
17:41:53.532 [Forwarding clearElement on session a153a1937093ea57cbe5514371fd6862 to remote] DEBUG org.asynchttpclient.netty.request.NettyRequestSender - Using open Channel [id: 0x30b3100b, L:/127.0.0.1:57381 - R:localhost/127.0.0.1:53536] for POST '/session/a153a1937093ea57cbe5514371fd6862/element/e62264ec-2365-48fd-a51e-cac2e4a664f8/clear'
17:41:53.575 [AsyncHttpClient-1-7] DEBUG org.asynchttpclient.netty.handler.HttpHandler - 

Request DefaultHttpRequest(decodeResult: success, version: HTTP/1.1)
POST /session/a153a1937093ea57cbe5514371fd6862/element/e62264ec-2365-48fd-a51e-cac2e4a664f8/clear HTTP/1.1
User-Agent: selenium/4.1.2 (java windows)
Content-Length: 50
Content-Type: application/json; charset=utf-8
host: localhost:53536
accept: */*

Response DefaultHttpResponse(decodeResult: success, version: HTTP/1.1)
HTTP/1.1 200 OK
Content-Type: application/json; charset=utf-8
cache-control: no-cache
content-length: 14

17:41:53.575 [AsyncHttpClient-1-7] DEBUG org.asynchttpclient.netty.channel.ChannelManager - Adding key: http://localhost:53536 for channel [id: 0x30b3100b, L:/127.0.0.1:57381 - R:localhost/127.0.0.1:53536]
17:41:53.577 [Forwarding sendKeysToElement on session a153a1937093ea57cbe5514371fd6862 to remote] DEBUG org.asynchttpclient.netty.request.NettyRequestSender - Using pooled Channel '[id: 0x30b3100b, L:/127.0.0.1:57381 - R:localhost/127.0.0.1:53536]' for 'POST' to 'http://localhost:53536/session/a153a1937093ea57cbe5514371fd6862/element/e62264ec-2365-48fd-a51e-cac2e4a664f8/value'
17:41:53.577 [Forwarding sendKeysToElement on session a153a1937093ea57cbe5514371fd6862 to remote] DEBUG org.asynchttpclient.netty.request.NettyRequestSender - Using open Channel [id: 0x30b3100b, L:/127.0.0.1:57381 - R:localhost/127.0.0.1:53536] for POST '/session/a153a1937093ea57cbe5514371fd6862/element/e62264ec-2365-48fd-a51e-cac2e4a664f8/value'
17:41:53.743 [AsyncHttpClient-1-7] DEBUG org.asynchttpclient.netty.handler.HttpHandler - 

Request DefaultHttpRequest(decodeResult: success, version: HTTP/1.1)
POST /session/a153a1937093ea57cbe5514371fd6862/element/e62264ec-2365-48fd-a51e-cac2e4a664f8/value HTTP/1.1
User-Agent: selenium/4.1.2 (java windows)
Content-Length: 151
Content-Type: application/json; charset=utf-8
host: localhost:53536
accept: */*

Response DefaultHttpResponse(decodeResult: success, version: HTTP/1.1)
HTTP/1.1 200 OK
Content-Type: application/json; charset=utf-8
cache-control: no-cache
content-length: 14

17:41:53.744 [AsyncHttpClient-1-7] DEBUG org.asynchttpclient.netty.channel.ChannelManager - Adding key: http://localhost:53536 for channel [id: 0x30b3100b, L:/127.0.0.1:57381 - R:localhost/127.0.0.1:53536]
17:41:53.757 [Forwarding screenshot on session a153a1937093ea57cbe5514371fd6862 to remote] DEBUG org.asynchttpclient.netty.request.NettyRequestSender - Using pooled Channel '[id: 0x30b3100b, L:/127.0.0.1:57381 - R:localhost/127.0.0.1:53536]' for 'GET' to 'http://localhost:53536/session/a153a1937093ea57cbe5514371fd6862/screenshot'
17:41:53.757 [Forwarding screenshot on session a153a1937093ea57cbe5514371fd6862 to remote] DEBUG org.asynchttpclient.netty.request.NettyRequestSender - Using open Channel [id: 0x30b3100b, L:/127.0.0.1:57381 - R:localhost/127.0.0.1:53536] for GET '/session/a153a1937093ea57cbe5514371fd6862/screenshot'
17:41:53.889 [AsyncHttpClient-1-7] DEBUG org.asynchttpclient.netty.handler.HttpHandler - 

Request DefaultFullHttpRequest(decodeResult: success, version: HTTP/1.1, content: EmptyByteBufBE)
GET /session/a153a1937093ea57cbe5514371fd6862/screenshot HTTP/1.1
User-Agent: selenium/4.1.2 (java windows)
Cache-Control: no-cache
Content-Type: application/json; charset=utf-8
host: localhost:53536
accept: */*

Response DefaultHttpResponse(decodeResult: success, version: HTTP/1.1)
HTTP/1.1 200 OK
Content-Type: application/json; charset=utf-8
cache-control: no-cache
content-length: 84576

17:41:53.890 [AsyncHttpClient-1-7] DEBUG org.asynchttpclient.netty.channel.ChannelManager - Adding key: http://localhost:53536 for channel [id: 0x30b3100b, L:/127.0.0.1:57381 - R:localhost/127.0.0.1:53536]
17:41:53.896 [main] DEBUG net.serenitybdd.core.photography.Darkroom - Send negative for processing for target\site\serenity\e292affb47543641ccc09cf64f6cbc67808994aebd3ffa18fe321ac98e2f459b.png
17:41:53.896 [main] DEBUG net.thucydides.core.steps.StepInterceptor - STEP DONE: inputAddress
17:41:53.896 [Darkroom Processing Line] DEBUG net.serenitybdd.core.photography.DarkroomProcessingLine - Processing screenshot image in /var/screenshots/screenshot-17233457909247809590
17:41:53.896 [Darkroom Processing Line] DEBUG net.serenitybdd.core.photography.DarkroomProcessingLine - Saving screenshot to target\site\serenity\e292affb47543641ccc09cf64f6cbc67808994aebd3ffa18fe321ac98e2f459b.png
17:41:53.902 [main] DEBUG net.thucydides.core.steps.StepInterceptor - STARTING STEP: PatientSteps.iInputValidDataPatientAndClickSubmit - clickSubmitButton
17:41:53.906 [Forwarding findElement on session a153a1937093ea57cbe5514371fd6862 to remote] DEBUG org.asynchttpclient.netty.request.NettyRequestSender - Using pooled Channel '[id: 0x30b3100b, L:/127.0.0.1:57381 - R:localhost/127.0.0.1:53536]' for 'POST' to 'http://localhost:53536/session/a153a1937093ea57cbe5514371fd6862/element'
17:41:53.906 [Forwarding findElement on session a153a1937093ea57cbe5514371fd6862 to remote] DEBUG org.asynchttpclient.netty.request.NettyRequestSender - Using open Channel [id: 0x30b3100b, L:/127.0.0.1:57381 - R:localhost/127.0.0.1:53536] for POST '/session/a153a1937093ea57cbe5514371fd6862/element'
17:41:53.922 [AsyncHttpClient-1-7] DEBUG org.asynchttpclient.netty.handler.HttpHandler - 

Request DefaultHttpRequest(decodeResult: success, version: HTTP/1.1)
POST /session/a153a1937093ea57cbe5514371fd6862/element HTTP/1.1
User-Agent: selenium/4.1.2 (java windows)
Content-Length: 116
Content-Type: application/json; charset=utf-8
host: localhost:53536
accept: */*

Response DefaultHttpResponse(decodeResult: success, version: HTTP/1.1)
HTTP/1.1 200 OK
Content-Type: application/json; charset=utf-8
cache-control: no-cache
content-length: 88

17:41:53.922 [AsyncHttpClient-1-7] DEBUG org.asynchttpclient.netty.channel.ChannelManager - Adding key: http://localhost:53536 for channel [id: 0x30b3100b, L:/127.0.0.1:57381 - R:localhost/127.0.0.1:53536]
17:41:53.923 [Forwarding getElementTagName on session a153a1937093ea57cbe5514371fd6862 to remote] DEBUG org.asynchttpclient.netty.request.NettyRequestSender - Using pooled Channel '[id: 0x30b3100b, L:/127.0.0.1:57381 - R:localhost/127.0.0.1:53536]' for 'GET' to 'http://localhost:53536/session/a153a1937093ea57cbe5514371fd6862/element/6f3cce9a-9a30-4988-aa73-dcede426ac76/name'
17:41:53.923 [Forwarding getElementTagName on session a153a1937093ea57cbe5514371fd6862 to remote] DEBUG org.asynchttpclient.netty.request.NettyRequestSender - Using open Channel [id: 0x30b3100b, L:/127.0.0.1:57381 - R:localhost/127.0.0.1:53536] for GET '/session/a153a1937093ea57cbe5514371fd6862/element/6f3cce9a-9a30-4988-aa73-dcede426ac76/name'
17:41:53.929 [AsyncHttpClient-1-7] DEBUG org.asynchttpclient.netty.handler.HttpHandler - 

Request DefaultFullHttpRequest(decodeResult: success, version: HTTP/1.1, content: EmptyByteBufBE)
GET /session/a153a1937093ea57cbe5514371fd6862/element/6f3cce9a-9a30-4988-aa73-dcede426ac76/name HTTP/1.1
User-Agent: selenium/4.1.2 (java windows)
Cache-Control: no-cache
Content-Type: application/json; charset=utf-8
host: localhost:53536
accept: */*

Response DefaultHttpResponse(decodeResult: success, version: HTTP/1.1)
HTTP/1.1 200 OK
Content-Type: application/json; charset=utf-8
cache-control: no-cache
content-length: 18

17:41:53.930 [AsyncHttpClient-1-7] DEBUG org.asynchttpclient.netty.channel.ChannelManager - Adding key: http://localhost:53536 for channel [id: 0x30b3100b, L:/127.0.0.1:57381 - R:localhost/127.0.0.1:53536]
17:41:53.931 [Forwarding getElementTagName on session a153a1937093ea57cbe5514371fd6862 to remote] DEBUG org.asynchttpclient.netty.request.NettyRequestSender - Using pooled Channel '[id: 0x30b3100b, L:/127.0.0.1:57381 - R:localhost/127.0.0.1:53536]' for 'GET' to 'http://localhost:53536/session/a153a1937093ea57cbe5514371fd6862/element/6f3cce9a-9a30-4988-aa73-dcede426ac76/name'
17:41:53.931 [Forwarding getElementTagName on session a153a1937093ea57cbe5514371fd6862 to remote] DEBUG org.asynchttpclient.netty.request.NettyRequestSender - Using open Channel [id: 0x30b3100b, L:/127.0.0.1:57381 - R:localhost/127.0.0.1:53536] for GET '/session/a153a1937093ea57cbe5514371fd6862/element/6f3cce9a-9a30-4988-aa73-dcede426ac76/name'
17:41:53.935 [AsyncHttpClient-1-7] DEBUG org.asynchttpclient.netty.handler.HttpHandler - 

Request DefaultFullHttpRequest(decodeResult: success, version: HTTP/1.1, content: EmptyByteBufBE)
GET /session/a153a1937093ea57cbe5514371fd6862/element/6f3cce9a-9a30-4988-aa73-dcede426ac76/name HTTP/1.1
User-Agent: selenium/4.1.2 (java windows)
Cache-Control: no-cache
Content-Type: application/json; charset=utf-8
host: localhost:53536
accept: */*

Response DefaultHttpResponse(decodeResult: success, version: HTTP/1.1)
HTTP/1.1 200 OK
Content-Type: application/json; charset=utf-8
cache-control: no-cache
content-length: 18

17:41:53.935 [AsyncHttpClient-1-7] DEBUG org.asynchttpclient.netty.channel.ChannelManager - Adding key: http://localhost:53536 for channel [id: 0x30b3100b, L:/127.0.0.1:57381 - R:localhost/127.0.0.1:53536]
17:41:53.938 [Forwarding isElementEnabled on session a153a1937093ea57cbe5514371fd6862 to remote] DEBUG org.asynchttpclient.netty.request.NettyRequestSender - Using pooled Channel '[id: 0x30b3100b, L:/127.0.0.1:57381 - R:localhost/127.0.0.1:53536]' for 'GET' to 'http://localhost:53536/session/a153a1937093ea57cbe5514371fd6862/element/6f3cce9a-9a30-4988-aa73-dcede426ac76/enabled'
17:41:53.938 [Forwarding isElementEnabled on session a153a1937093ea57cbe5514371fd6862 to remote] DEBUG org.asynchttpclient.netty.request.NettyRequestSender - Using open Channel [id: 0x30b3100b, L:/127.0.0.1:57381 - R:localhost/127.0.0.1:53536] for GET '/session/a153a1937093ea57cbe5514371fd6862/element/6f3cce9a-9a30-4988-aa73-dcede426ac76/enabled'
17:41:53.949 [AsyncHttpClient-1-7] DEBUG org.asynchttpclient.netty.handler.HttpHandler - 

Request DefaultFullHttpRequest(decodeResult: success, version: HTTP/1.1, content: EmptyByteBufBE)
GET /session/a153a1937093ea57cbe5514371fd6862/element/6f3cce9a-9a30-4988-aa73-dcede426ac76/enabled HTTP/1.1
User-Agent: selenium/4.1.2 (java windows)
Cache-Control: no-cache
Content-Type: application/json; charset=utf-8
host: localhost:53536
accept: */*

Response DefaultHttpResponse(decodeResult: success, version: HTTP/1.1)
HTTP/1.1 200 OK
Content-Type: application/json; charset=utf-8
cache-control: no-cache
content-length: 14

17:41:53.949 [AsyncHttpClient-1-7] DEBUG org.asynchttpclient.netty.channel.ChannelManager - Adding key: http://localhost:53536 for channel [id: 0x30b3100b, L:/127.0.0.1:57381 - R:localhost/127.0.0.1:53536]
17:41:53.950 [Forwarding isElementEnabled on session a153a1937093ea57cbe5514371fd6862 to remote] DEBUG org.asynchttpclient.netty.request.NettyRequestSender - Using pooled Channel '[id: 0x30b3100b, L:/127.0.0.1:57381 - R:localhost/127.0.0.1:53536]' for 'GET' to 'http://localhost:53536/session/a153a1937093ea57cbe5514371fd6862/element/6f3cce9a-9a30-4988-aa73-dcede426ac76/enabled'
17:41:53.950 [Forwarding isElementEnabled on session a153a1937093ea57cbe5514371fd6862 to remote] DEBUG org.asynchttpclient.netty.request.NettyRequestSender - Using open Channel [id: 0x30b3100b, L:/127.0.0.1:57381 - R:localhost/127.0.0.1:53536] for GET '/session/a153a1937093ea57cbe5514371fd6862/element/6f3cce9a-9a30-4988-aa73-dcede426ac76/enabled'
17:41:53.959 [AsyncHttpClient-1-7] DEBUG org.asynchttpclient.netty.handler.HttpHandler - 

Request DefaultFullHttpRequest(decodeResult: success, version: HTTP/1.1, content: EmptyByteBufBE)
GET /session/a153a1937093ea57cbe5514371fd6862/element/6f3cce9a-9a30-4988-aa73-dcede426ac76/enabled HTTP/1.1
User-Agent: selenium/4.1.2 (java windows)
Cache-Control: no-cache
Content-Type: application/json; charset=utf-8
host: localhost:53536
accept: */*

Response DefaultHttpResponse(decodeResult: success, version: HTTP/1.1)
HTTP/1.1 200 OK
Content-Type: application/json; charset=utf-8
cache-control: no-cache
content-length: 14

17:41:53.959 [AsyncHttpClient-1-7] DEBUG org.asynchttpclient.netty.channel.ChannelManager - Adding key: http://localhost:53536 for channel [id: 0x30b3100b, L:/127.0.0.1:57381 - R:localhost/127.0.0.1:53536]
17:41:53.961 [Forwarding findElement on session a153a1937093ea57cbe5514371fd6862 to remote] DEBUG org.asynchttpclient.netty.request.NettyRequestSender - Using pooled Channel '[id: 0x30b3100b, L:/127.0.0.1:57381 - R:localhost/127.0.0.1:53536]' for 'POST' to 'http://localhost:53536/session/a153a1937093ea57cbe5514371fd6862/element'
17:41:53.961 [Forwarding findElement on session a153a1937093ea57cbe5514371fd6862 to remote] DEBUG org.asynchttpclient.netty.request.NettyRequestSender - Using open Channel [id: 0x30b3100b, L:/127.0.0.1:57381 - R:localhost/127.0.0.1:53536] for POST '/session/a153a1937093ea57cbe5514371fd6862/element'
17:41:53.970 [AsyncHttpClient-1-7] DEBUG org.asynchttpclient.netty.handler.HttpHandler - 

Request DefaultHttpRequest(decodeResult: success, version: HTTP/1.1)
POST /session/a153a1937093ea57cbe5514371fd6862/element HTTP/1.1
User-Agent: selenium/4.1.2 (java windows)
Content-Length: 116
Content-Type: application/json; charset=utf-8
host: localhost:53536
accept: */*

Response DefaultHttpResponse(decodeResult: success, version: HTTP/1.1)
HTTP/1.1 200 OK
Content-Type: application/json; charset=utf-8
cache-control: no-cache
content-length: 88

17:41:53.970 [AsyncHttpClient-1-7] DEBUG org.asynchttpclient.netty.channel.ChannelManager - Adding key: http://localhost:53536 for channel [id: 0x30b3100b, L:/127.0.0.1:57381 - R:localhost/127.0.0.1:53536]
17:41:53.971 [Forwarding clickElement on session a153a1937093ea57cbe5514371fd6862 to remote] DEBUG org.asynchttpclient.netty.request.NettyRequestSender - Using pooled Channel '[id: 0x30b3100b, L:/127.0.0.1:57381 - R:localhost/127.0.0.1:53536]' for 'POST' to 'http://localhost:53536/session/a153a1937093ea57cbe5514371fd6862/element/6f3cce9a-9a30-4988-aa73-dcede426ac76/click'
17:41:53.971 [Forwarding clickElement on session a153a1937093ea57cbe5514371fd6862 to remote] DEBUG org.asynchttpclient.netty.request.NettyRequestSender - Using open Channel [id: 0x30b3100b, L:/127.0.0.1:57381 - R:localhost/127.0.0.1:53536] for POST '/session/a153a1937093ea57cbe5514371fd6862/element/6f3cce9a-9a30-4988-aa73-dcede426ac76/click'
17:41:54.052 [AsyncHttpClient-1-7] DEBUG org.asynchttpclient.netty.handler.HttpHandler - 

Request DefaultHttpRequest(decodeResult: success, version: HTTP/1.1)
POST /session/a153a1937093ea57cbe5514371fd6862/element/6f3cce9a-9a30-4988-aa73-dcede426ac76/click HTTP/1.1
User-Agent: selenium/4.1.2 (java windows)
Content-Length: 50
Content-Type: application/json; charset=utf-8
host: localhost:53536
accept: */*

Response DefaultHttpResponse(decodeResult: success, version: HTTP/1.1)
HTTP/1.1 200 OK
Content-Type: application/json; charset=utf-8
cache-control: no-cache
content-length: 14

17:41:54.052 [AsyncHttpClient-1-7] DEBUG org.asynchttpclient.netty.channel.ChannelManager - Adding key: http://localhost:53536 for channel [id: 0x30b3100b, L:/127.0.0.1:57381 - R:localhost/127.0.0.1:53536]
17:41:54.059 [Forwarding screenshot on session a153a1937093ea57cbe5514371fd6862 to remote] DEBUG org.asynchttpclient.netty.request.NettyRequestSender - Using pooled Channel '[id: 0x30b3100b, L:/127.0.0.1:57381 - R:localhost/127.0.0.1:53536]' for 'GET' to 'http://localhost:53536/session/a153a1937093ea57cbe5514371fd6862/screenshot'
17:41:54.059 [Forwarding screenshot on session a153a1937093ea57cbe5514371fd6862 to remote] DEBUG org.asynchttpclient.netty.request.NettyRequestSender - Using open Channel [id: 0x30b3100b, L:/127.0.0.1:57381 - R:localhost/127.0.0.1:53536] for GET '/session/a153a1937093ea57cbe5514371fd6862/screenshot'
17:41:54.220 [AsyncHttpClient-1-7] DEBUG org.asynchttpclient.netty.handler.HttpHandler - 

Request DefaultFullHttpRequest(decodeResult: success, version: HTTP/1.1, content: EmptyByteBufBE)
GET /session/a153a1937093ea57cbe5514371fd6862/screenshot HTTP/1.1
User-Agent: selenium/4.1.2 (java windows)
Cache-Control: no-cache
Content-Type: application/json; charset=utf-8
host: localhost:53536
accept: */*

Response DefaultHttpResponse(decodeResult: success, version: HTTP/1.1)
HTTP/1.1 200 OK
Content-Type: application/json; charset=utf-8
cache-control: no-cache
content-length: 84452

17:41:54.222 [AsyncHttpClient-1-7] DEBUG org.asynchttpclient.netty.channel.ChannelManager - Adding key: http://localhost:53536 for channel [id: 0x30b3100b, L:/127.0.0.1:57381 - R:localhost/127.0.0.1:53536]
17:41:54.233 [main] DEBUG net.serenitybdd.core.photography.Darkroom - Send negative for processing for target\site\serenity\28121144918417aa3a84b5fec2c2bfc6a548648206f76eefddffeff33c1387ba.png
17:41:54.234 [main] DEBUG net.thucydides.core.steps.StepInterceptor - STEP DONE: clickSubmitButton
  &amp#27;[32mAnd &amp#27;[0m&amp#27;[32mI input valid data patient and click submit&amp#27;[0m &amp#27;[90m# starter.stepdefinitions.PatientSteps.iInputValidDataPatientAndClickSubmit()&amp#27;[0m
17:41:54.234 [Darkroom Processing Line] DEBUG net.serenitybdd.core.photography.DarkroomProcessingLine - Processing screenshot image in /var/screenshots/screenshot-9411977647549472260
17:41:54.234 [Darkroom Processing Line] DEBUG net.serenitybdd.core.photography.DarkroomProcessingLine - Saving screenshot to target\site\serenity\28121144918417aa3a84b5fec2c2bfc6a548648206f76eefddffeff33c1387ba.png
17:41:54.266 [main] DEBUG net.thucydides.core.steps.StepInterceptor - STARTING STEP: PatientSteps.iGetNewPatientHasBeenAddedResult - newPatientAdded
17:41:54.273 [Forwarding findElement on session a153a1937093ea57cbe5514371fd6862 to remote] DEBUG org.asynchttpclient.netty.request.NettyRequestSender - Using pooled Channel '[id: 0x30b3100b, L:/127.0.0.1:57381 - R:localhost/127.0.0.1:53536]' for 'POST' to 'http://localhost:53536/session/a153a1937093ea57cbe5514371fd6862/element'
17:41:54.273 [Forwarding findElement on session a153a1937093ea57cbe5514371fd6862 to remote] DEBUG org.asynchttpclient.netty.request.NettyRequestSender - Using open Channel [id: 0x30b3100b, L:/127.0.0.1:57381 - R:localhost/127.0.0.1:53536] for POST '/session/a153a1937093ea57cbe5514371fd6862/element'
17:41:54.301 [AsyncHttpClient-1-1] DEBUG org.asynchttpclient.netty.channel.DefaultChannelPool - Entry count for : http://localhost:57383 : 1
17:41:54.438 [AsyncHttpClient-1-7] DEBUG org.asynchttpclient.netty.handler.HttpHandler - 

Request DefaultHttpRequest(decodeResult: success, version: HTTP/1.1)
POST /session/a153a1937093ea57cbe5514371fd6862/element HTTP/1.1
User-Agent: selenium/4.1.2 (java windows)
Content-Length: 74
Content-Type: application/json; charset=utf-8
host: localhost:53536
accept: */*

Response DefaultHttpResponse(decodeResult: success, version: HTTP/1.1)
HTTP/1.1 200 OK
Content-Type: application/json; charset=utf-8
cache-control: no-cache
content-length: 88

17:41:54.438 [AsyncHttpClient-1-7] DEBUG org.asynchttpclient.netty.channel.ChannelManager - Adding key: http://localhost:53536 for channel [id: 0x30b3100b, L:/127.0.0.1:57381 - R:localhost/127.0.0.1:53536]
17:41:54.445 [Forwarding isElementDisplayed on session a153a1937093ea57cbe5514371fd6862 to remote] DEBUG org.asynchttpclient.netty.request.NettyRequestSender - Using pooled Channel '[id: 0x30b3100b, L:/127.0.0.1:57381 - R:localhost/127.0.0.1:53536]' for 'POST' to 'http://localhost:53536/session/a153a1937093ea57cbe5514371fd6862/execute/sync'
17:41:54.445 [Forwarding isElementDisplayed on session a153a1937093ea57cbe5514371fd6862 to remote] DEBUG org.asynchttpclient.netty.request.NettyRequestSender - Using open Channel [id: 0x30b3100b, L:/127.0.0.1:57381 - R:localhost/127.0.0.1:53536] for POST '/session/a153a1937093ea57cbe5514371fd6862/execute/sync'
17:41:54.470 [AsyncHttpClient-1-7] DEBUG org.asynchttpclient.netty.handler.HttpHandler - 

Request DefaultHttpRequest(decodeResult: success, version: HTTP/1.1)
POST /session/a153a1937093ea57cbe5514371fd6862/execute/sync HTTP/1.1
User-Agent: selenium/4.1.2 (java windows)
Content-Length: 48780
Content-Type: application/json; charset=utf-8
host: localhost:53536
accept: */*

Response DefaultHttpResponse(decodeResult: success, version: HTTP/1.1)
HTTP/1.1 200 OK
Content-Type: application/json; charset=utf-8
cache-control: no-cache
content-length: 14

17:41:54.471 [AsyncHttpClient-1-7] DEBUG org.asynchttpclient.netty.channel.ChannelManager - Adding key: http://localhost:53536 for channel [id: 0x30b3100b, L:/127.0.0.1:57381 - R:localhost/127.0.0.1:53536]
17:41:54.489 [Forwarding screenshot on session a153a1937093ea57cbe5514371fd6862 to remote] DEBUG org.asynchttpclient.netty.request.NettyRequestSender - Using pooled Channel '[id: 0x30b3100b, L:/127.0.0.1:57381 - R:localhost/127.0.0.1:53536]' for 'GET' to 'http://localhost:53536/session/a153a1937093ea57cbe5514371fd6862/screenshot'
17:41:54.489 [Forwarding screenshot on session a153a1937093ea57cbe5514371fd6862 to remote] DEBUG org.asynchttpclient.netty.request.NettyRequestSender - Using open Channel [id: 0x30b3100b, L:/127.0.0.1:57381 - R:localhost/127.0.0.1:53536] for GET '/session/a153a1937093ea57cbe5514371fd6862/screenshot'
17:41:54.687 [AsyncHttpClient-1-7] DEBUG org.asynchttpclient.netty.handler.HttpHandler - 

Request DefaultFullHttpRequest(decodeResult: success, version: HTTP/1.1, content: EmptyByteBufBE)
GET /session/a153a1937093ea57cbe5514371fd6862/screenshot HTTP/1.1
User-Agent: selenium/4.1.2 (java windows)
Cache-Control: no-cache
Content-Type: application/json; charset=utf-8
host: localhost:53536
accept: */*

Response DefaultHttpResponse(decodeResult: success, version: HTTP/1.1)
HTTP/1.1 200 OK
Content-Type: application/json; charset=utf-8
cache-control: no-cache
content-length: 105788

17:41:54.687 [AsyncHttpClient-1-7] DEBUG org.asynchttpclient.netty.channel.ChannelManager - Adding key: http://localhost:53536 for channel [id: 0x30b3100b, L:/127.0.0.1:57381 - R:localhost/127.0.0.1:53536]
17:41:54.697 [main] DEBUG net.serenitybdd.core.photography.Darkroom - Send negative for processing for target\site\serenity\a0bf5042c0386974c53d7ce2c8ea6742ce64cf67afada18fa4de7f107643d257.png
17:41:54.699 [main] DEBUG net.thucydides.core.steps.StepInterceptor - STEP DONE: newPatientAdded
  &amp#27;[32mThen &amp#27;[0m&amp#27;[32mI get New Patient has been added result&amp#27;[0m    &amp#27;[90m# starter.stepdefinitions.PatientSteps.iGetNewPatientHasBeenAddedResult()&amp#27;[0m
17:41:54.700 [Darkroom Processing Line] DEBUG net.serenitybdd.core.photography.DarkroomProcessingLine - Processing screenshot image in /var/screenshots/screenshot-13209116625453170108
17:41:54.701 [Darkroom Processing Line] DEBUG net.serenitybdd.core.photography.DarkroomProcessingLine - Saving screenshot to target\site\serenity\a0bf5042c0386974c53d7ce2c8ea6742ce64cf67afada18fa4de7f107643d257.png
17:41:54.711 [main] INFO  - 
  _____   ___   ___   _____     ___     _     ___   ___   ___   ___  
 |_   _| | __| / __| |_   _|   | _ \   /_\   / __| / __| | __| |   \ 
   | |   | _|  \__ \   | |     |  _/  / _ \  \__ \ \__ \ | _|  | |) |
   |_|   |___| |___/   |_|     |_|   /_/ \_\ |___/ |___/ |___| |___/ 

Create New Patient Scenario
----------------------------------------------------------------------
17:41:54.715 [AsyncHttpClient-1-9] DEBUG org.asynchttpclient.netty.handler.WebSocketHandler - Channel Closed: [id: 0x90c67915, L:/127.0.0.1:57391 ! R:localhost/127.0.0.1:57383] with attribute NettyResponseFuture{currentRetry=5,
	isDone=1,
	isCancelled=0,
	asyncHandler=org.asynchttpclient.ws.WebSocketUpgradeHandler@2321af70,
	nettyRequest=org.asynchttpclient.netty.request.NettyRequest@5729644b,
	future=java.util.concurrent.CompletableFuture@4b2d28cb[Completed normally],
	uri=ws://localhost:57383/devtools/browser/9f65f9af-8ad6-417f-a0ce-b96116318981,
	keepAlive=true,
	redirectCount=0,
	timeoutsHolder=null,
	inAuth=0,
	touch=1655548905832}
17:41:54.716 [AsyncHttpClient-1-9] DEBUG org.asynchttpclient.netty.channel.ChannelManager - Closing Channel [id: 0x90c67915, L:/127.0.0.1:57391 ! R:localhost/127.0.0.1:57383] 
17:41:54.720 [Driver Command Executor] DEBUG org.asynchttpclient.netty.request.NettyRequestSender - Using pooled Channel '[id: 0x30b3100b, L:/127.0.0.1:57381 - R:localhost/127.0.0.1:53536]' for 'DELETE' to 'http://localhost:53536/session/a153a1937093ea57cbe5514371fd6862'
17:41:54.720 [Driver Command Executor] DEBUG org.asynchttpclient.netty.request.NettyRequestSender - Using open Channel [id: 0x30b3100b, L:/127.0.0.1:57381 - R:localhost/127.0.0.1:53536] for DELETE '/session/a153a1937093ea57cbe5514371fd6862'
17:41:54.880 [AsyncHttpClient-1-8] DEBUG org.asynchttpclient.netty.handler.HttpHandler - Unexpected I/O exception on channel [id: 0x5e93fbbb, L:/127.0.0.1:57390 - R:localhost/127.0.0.1:57383]
java.net.SocketException: Connection reset
	at java.base/sun.nio.ch.SocketChannelImpl.throwConnectionReset(SocketChannelImpl.java:367)
	at java.base/sun.nio.ch.SocketChannelImpl.read(SocketChannelImpl.java:398)
	at io.netty.buffer.PooledByteBuf.setBytes(PooledByteBuf.java:258)
	at io.netty.buffer.AbstractByteBuf.writeBytes(AbstractByteBuf.java:1132)
	at io.netty.channel.socket.nio.NioSocketChannel.doReadBytes(NioSocketChannel.java:350)
	at io.netty.channel.nio.AbstractNioByteChannel$NioByteUnsafe.read(AbstractNioByteChannel.java:151)
	at io.netty.channel.nio.NioEventLoop.processSelectedKey(NioEventLoop.java:722)
	at io.netty.channel.nio.NioEventLoop.processSelectedKeysOptimized(NioEventLoop.java:658)
	at io.netty.channel.nio.NioEventLoop.processSelectedKeys(NioEventLoop.java:584)
	at io.netty.channel.nio.NioEventLoop.run(NioEventLoop.java:496)
	at io.netty.util.concurrent.SingleThreadEventExecutor$4.run(SingleThreadEventExecutor.java:986)
	at io.netty.util.internal.ThreadExecutorMap$2.run(ThreadExecutorMap.java:74)
	at io.netty.util.concurrent.FastThreadLocalRunnable.run(FastThreadLocalRunnable.java:30)
	at java.base/java.lang.Thread.run(Thread.java:832)
17:41:54.880 [AsyncHttpClient-1-8] DEBUG org.asynchttpclient.netty.channel.ChannelManager - Closing Channel [id: 0x5e93fbbb, L:/127.0.0.1:57390 - R:localhost/127.0.0.1:57383] 
17:41:54.880 [AsyncHttpClient-1-8] DEBUG org.asynchttpclient.netty.handler.HttpHandler - Channel Closed: [id: 0x5e93fbbb, L:/127.0.0.1:57390 ! R:localhost/127.0.0.1:57383] with attribute DISCARD
17:41:54.911 [AsyncHttpClient-1-7] DEBUG org.asynchttpclient.netty.handler.HttpHandler - 

Request DefaultFullHttpRequest(decodeResult: success, version: HTTP/1.1, content: EmptyByteBufBE)
DELETE /session/a153a1937093ea57cbe5514371fd6862 HTTP/1.1
User-Agent: selenium/4.1.2 (java windows)
Content-Type: application/json; charset=utf-8
host: localhost:53536
accept: */*

Response DefaultHttpResponse(decodeResult: success, version: HTTP/1.1)
HTTP/1.1 200 OK
Content-Type: application/json; charset=utf-8
cache-control: no-cache
content-length: 14

17:41:54.911 [AsyncHttpClient-1-7] DEBUG org.asynchttpclient.netty.channel.ChannelManager - Adding key: http://localhost:53536 for channel [id: 0x30b3100b, L:/127.0.0.1:57381 - R:localhost/127.0.0.1:53536]
17:41:55.050 [AsyncHttpClient-1-7] DEBUG org.asynchttpclient.netty.handler.HttpHandler - Channel Closed: [id: 0x30b3100b, L:/127.0.0.1:57381 ! R:localhost/127.0.0.1:53536] with attribute DISCARD
17:41:55.401 [AsyncHttpClient-1-1] DEBUG org.asynchttpclient.netty.channel.DefaultChannelPool - Entry count for : http://localhost:57383 : 1
17:41:55.401 [AsyncHttpClient-1-1] DEBUG org.asynchttpclient.netty.channel.DefaultChannelPool - Entry count for : http://localhost:53536 : 1
17:41:55.401 [AsyncHttpClient-1-1] DEBUG org.asynchttpclient.netty.channel.DefaultChannelPool - Adding Candidate expired Channel [id: 0x5e93fbbb, L:/127.0.0.1:57390 ! R:localhost/127.0.0.1:57383] isIdleTimeoutExpired=false isRemotelyClosed=true isTtlExpired=false
17:41:55.401 [AsyncHttpClient-1-1] DEBUG org.asynchttpclient.netty.channel.DefaultChannelPool - Closing Idle Channel [id: 0x5e93fbbb, L:/127.0.0.1:57390 ! R:localhost/127.0.0.1:57383]
17:41:55.401 [AsyncHttpClient-1-1] DEBUG org.asynchttpclient.netty.channel.DefaultChannelPool - Adding Candidate expired Channel [id: 0x30b3100b, L:/127.0.0.1:57381 ! R:localhost/127.0.0.1:53536] isIdleTimeoutExpired=false isRemotelyClosed=true isTtlExpired=false
17:41:55.401 [AsyncHttpClient-1-1] DEBUG org.asynchttpclient.netty.channel.DefaultChannelPool - Closing Idle Channel [id: 0x30b3100b, L:/127.0.0.1:57381 ! R:localhost/127.0.0.1:53536]
17:41:55.401 [AsyncHttpClient-1-1] DEBUG org.asynchttpclient.netty.channel.DefaultChannelPool - Closed 2 connections out of 2 in 0 ms
]]></system-out>
    <system-err><![CDATA[Starting ChromeDriver 102.0.5005.61 (0e59bcc00cc4985ce39ad31c150065f159d95ad3-refs/branch-heads/5005@{#819}) on port 53536
Only local connections are allowed.
Please see https://chromedriver.chromium.org/security-considerations for suggestions on keeping ChromeDriver safe.
ChromeDriver was started successfully.
Jun 18, 2022 5:41:45 PM org.openqa.selenium.remote.ProtocolHandshake createSession
INFO: Detected dialect: W3C
Jun 18, 2022 5:41:45 PM org.openqa.selenium.devtools.CdpVersionFinder findNearestMatch
WARNING: Unable to find an exact match for CDP version 102, so returning the closest version found: a no-op implementation
Jun 18, 2022 5:41:45 PM org.openqa.selenium.devtools.CdpVersionFinder findNearestMatch
INFO: Unable to find CDP implementation matching 102.
Jun 18, 2022 5:41:45 PM org.openqa.selenium.chromium.ChromiumDriver lambda$new$3
WARNING: Unable to find version of CDP to use for . You may need to include a dependency on a specific version of the CDP using something similar to `org.seleniumhq.selenium:selenium-devtools-v86:4.1.2` where the version ("v86") matches the version of the chromium-based browser you're using and the version number of the artifact is the same as Selenium's.
]]></system-err>
  </testcase>
  <testcase name="Cancel Create New Patient Scenario" classname="Patient" time="8.318">
    <system-out><![CDATA[
@Patient
Scenario: Cancel Create New Patient Scenario &amp#27;[90m# src/test/resources/features/2.Patient.feature:15&amp#27;[0m
17:41:55.762 [main] INFO io.cucumber.core.plugin.SerenityReporter - Running feature from file:///E:/My%20Documents/File%20Difa/TI%20Semester%206%20Kampus%20Merdeka%20Alterra/Tugas/CAPSTONE%20Project/Capstone-Project-Website/src/test/resources/features/2.Patient.feature
17:41:55.762 [main] INFO  - 
  _____   ___   ___   _____     ___   _____     _     ___   _____   ___   ___  
 |_   _| | __| / __| |_   _|   / __| |_   _|   /_\   | _ \ |_   _| | __| |   \ 
   | |   | _|  \__ \   | |     \__ \   | |    / _ \  |   /   | |   | _|  | |) |
   |_|   |___| |___/   |_|     |___/   |_|   /_/ \_\ |_|_\   |_|   |___| |___/ 

Cancel Create New Patient Scenario(patient;cancel-create-new-patient-scenario)
--------------------------------------------------------------------------------
17:41:55.808 [main] DEBUG net.thucydides.core.steps.StepInterceptor - STARTING STEP: PatientSteps.iAmAtTheDashboardPage - openUrl
17:41:55.810 [main] INFO net.serenitybdd.core.webdriver.driverproviders.ChromeDriverProvider - Using automatically driver download
17:41:56.118 [main] DEBUG io.github.bonigarcia.wdm.cache.ResolutionCache - Resolution chrome=102 in cache (valid until 18:14:23 18/06/2022 ICT)
17:41:56.131 [main] DEBUG io.github.bonigarcia.wdm.cache.ResolutionCache - Resolution chrome102=102.0.5005.61 in cache (valid until 17:29:52 19/06/2022 ICT)
17:41:56.144 [main] INFO io.github.bonigarcia.wdm.WebDriverManager - Using chromedriver 102.0.5005.61 (resolved driver for Chrome 102)
17:41:56.165 [main] DEBUG io.github.bonigarcia.wdm.WebDriverManager - Driver chromedriver 102.0.5005.61 found in cache
17:41:56.166 [main] INFO io.github.bonigarcia.wdm.WebDriverManager - Exporting webdriver.chrome.driver as C:\Users\USER\.cache\selenium\chromedriver\win32\102.0.5005.61\chromedriver.exe
17:41:56.438 [main] DEBUG net.serenitybdd.core.webdriver.driverproviders.ProvideNewDriver - Instantiating driver
17:41:56.438 [main] DEBUG net.serenitybdd.core.webdriver.driverproviders.ProvideNewDriver - Driver capabilities: Capabilities {acceptInsecureCerts: false, base.url: https://hospital-management..., browserName: chrome, chrome.driver: src/test/resources/webdrive..., driver: chrome, goog:chromeOptions: {args: [], extensions: []}}
17:41:56.958 [AsyncHttpClient-1-2] DEBUG org.asynchttpclient.netty.channel.NettyConnectListener - Using new Channel '[id: 0x21310f9f, L:/127.0.0.1:57416 - R:localhost/127.0.0.1:52173]' for 'POST' to '/session'
17:41:58.630 [AsyncHttpClient-1-2] DEBUG org.asynchttpclient.netty.handler.HttpHandler - 

Request DefaultHttpRequest(decodeResult: success, version: HTTP/1.1)
POST /session HTTP/1.1
User-Agent: selenium/4.1.2 (java windows)
Content-Length: 621
Content-Type: application/json; charset=utf-8
host: localhost:52173
accept: */*

Response DefaultHttpResponse(decodeResult: success, version: HTTP/1.1)
HTTP/1.1 200 OK
Content-Type: application/json; charset=utf-8
cache-control: no-cache
content-length: 789

17:41:58.630 [AsyncHttpClient-1-2] DEBUG org.asynchttpclient.netty.channel.ChannelManager - Adding key: http://localhost:52173 for channel [id: 0x21310f9f, L:/127.0.0.1:57416 - R:localhost/127.0.0.1:52173]
17:41:58.641 [AsyncHttpClient-1-3] DEBUG org.asynchttpclient.netty.channel.NettyConnectListener - Using new Channel '[id: 0x5b6fb29a, L:/127.0.0.1:57423 - R:localhost/127.0.0.1:57417]' for 'GET' to '/json/version'
17:41:58.643 [AsyncHttpClient-1-3] DEBUG org.asynchttpclient.netty.handler.HttpHandler - 

Request DefaultFullHttpRequest(decodeResult: success, version: HTTP/1.1, content: EmptyByteBufBE)
GET /json/version HTTP/1.1
User-Agent: selenium/4.1.2 (java windows)
host: localhost:57417
accept: */*

Response DefaultHttpResponse(decodeResult: success, version: HTTP/1.1)
HTTP/1.1 200 OK
Content-Type: application/json; charset=UTF-8
content-length: 427

17:41:58.643 [AsyncHttpClient-1-3] DEBUG org.asynchttpclient.netty.channel.ChannelManager - Adding key: http://localhost:57417 for channel [id: 0x5b6fb29a, L:/127.0.0.1:57423 - R:localhost/127.0.0.1:57417]
17:41:58.648 [AsyncHttpClient-1-4] DEBUG org.asynchttpclient.netty.channel.NettyConnectListener - Using new Channel '[id: 0x6a4c2f61, L:/127.0.0.1:57424 - R:localhost/127.0.0.1:57417]' for 'GET' to '/devtools/browser/b7adb544-97cd-45d3-b482-4eff9c0ec4fa'
17:41:58.650 [AsyncHttpClient-1-4] DEBUG org.asynchttpclient.netty.handler.WebSocketHandler - 

Request DefaultFullHttpRequest(decodeResult: success, version: HTTP/1.1, content: EmptyByteBufBE)
GET /devtools/browser/b7adb544-97cd-45d3-b482-4eff9c0ec4fa HTTP/1.1
upgrade: websocket
connection: upgrade
sec-websocket-key: 2Q5dfr45XDfb4r9R5aPPOQ==
sec-websocket-version: 13
origin: http://localhost:57417
host: localhost:57417
accept: */*
user-agent: AHC/2.1

Response DefaultHttpResponse(decodeResult: success, version: HTTP/1.1)
HTTP/1.1 101 WebSocket Protocol Handshake
Upgrade: WebSocket
Connection: Upgrade
Sec-WebSocket-Accept: pvPF16w1f6QtdedcisIIrtXlx8Q=

17:41:58.658 [Forwarding maximizeCurrentWindow on session 96d4dd033b552a2f53bf7ab25e19935f to remote] DEBUG org.asynchttpclient.netty.request.NettyRequestSender - Using pooled Channel '[id: 0x21310f9f, L:/127.0.0.1:57416 - R:localhost/127.0.0.1:52173]' for 'POST' to 'http://localhost:52173/session/96d4dd033b552a2f53bf7ab25e19935f/window/maximize'
17:41:58.658 [Forwarding maximizeCurrentWindow on session 96d4dd033b552a2f53bf7ab25e19935f to remote] DEBUG org.asynchttpclient.netty.request.NettyRequestSender - Using open Channel [id: 0x21310f9f, L:/127.0.0.1:57416 - R:localhost/127.0.0.1:52173] for POST '/session/96d4dd033b552a2f53bf7ab25e19935f/window/maximize'
17:41:58.703 [AsyncHttpClient-1-1] DEBUG org.asynchttpclient.netty.channel.DefaultChannelPool - Entry count for : http://localhost:57417 : 1
17:41:58.823 [AsyncHttpClient-1-2] DEBUG org.asynchttpclient.netty.handler.HttpHandler - 

Request DefaultHttpRequest(decodeResult: success, version: HTTP/1.1)
POST /session/96d4dd033b552a2f53bf7ab25e19935f/window/maximize HTTP/1.1
User-Agent: selenium/4.1.2 (java windows)
Content-Length: 3
Content-Type: application/json; charset=utf-8
host: localhost:52173
accept: */*

Response DefaultHttpResponse(decodeResult: success, version: HTTP/1.1)
HTTP/1.1 200 OK
Content-Type: application/json; charset=utf-8
cache-control: no-cache
content-length: 51

17:41:58.823 [AsyncHttpClient-1-2] DEBUG org.asynchttpclient.netty.channel.ChannelManager - Adding key: http://localhost:52173 for channel [id: 0x21310f9f, L:/127.0.0.1:57416 - R:localhost/127.0.0.1:52173]
17:41:58.827 [Forwarding get on session 96d4dd033b552a2f53bf7ab25e19935f to remote] DEBUG org.asynchttpclient.netty.request.NettyRequestSender - Using pooled Channel '[id: 0x21310f9f, L:/127.0.0.1:57416 - R:localhost/127.0.0.1:52173]' for 'POST' to 'http://localhost:52173/session/96d4dd033b552a2f53bf7ab25e19935f/url'
17:41:58.827 [Forwarding get on session 96d4dd033b552a2f53bf7ab25e19935f to remote] DEBUG org.asynchttpclient.netty.request.NettyRequestSender - Using open Channel [id: 0x21310f9f, L:/127.0.0.1:57416 - R:localhost/127.0.0.1:52173] for POST '/session/96d4dd033b552a2f53bf7ab25e19935f/url'
17:41:59.902 [AsyncHttpClient-1-1] DEBUG org.asynchttpclient.netty.channel.DefaultChannelPool - Entry count for : http://localhost:57417 : 1
17:42:00.615 [AsyncHttpClient-1-2] DEBUG org.asynchttpclient.netty.handler.HttpHandler - 

Request DefaultHttpRequest(decodeResult: success, version: HTTP/1.1)
POST /session/96d4dd033b552a2f53bf7ab25e19935f/url HTTP/1.1
User-Agent: selenium/4.1.2 (java windows)
Content-Length: 65
Content-Type: application/json; charset=utf-8
host: localhost:52173
accept: */*

Response DefaultHttpResponse(decodeResult: success, version: HTTP/1.1)
HTTP/1.1 200 OK
Content-Type: application/json; charset=utf-8
cache-control: no-cache
content-length: 14

17:42:00.616 [AsyncHttpClient-1-2] DEBUG org.asynchttpclient.netty.channel.ChannelManager - Adding key: http://localhost:52173 for channel [id: 0x21310f9f, L:/127.0.0.1:57416 - R:localhost/127.0.0.1:52173]
17:42:00.617 [Forwarding setTimeout on session 96d4dd033b552a2f53bf7ab25e19935f to remote] DEBUG org.asynchttpclient.netty.request.NettyRequestSender - Using pooled Channel '[id: 0x21310f9f, L:/127.0.0.1:57416 - R:localhost/127.0.0.1:52173]' for 'POST' to 'http://localhost:52173/session/96d4dd033b552a2f53bf7ab25e19935f/timeouts'
17:42:00.618 [Forwarding setTimeout on session 96d4dd033b552a2f53bf7ab25e19935f to remote] DEBUG org.asynchttpclient.netty.request.NettyRequestSender - Using open Channel [id: 0x21310f9f, L:/127.0.0.1:57416 - R:localhost/127.0.0.1:52173] for POST '/session/96d4dd033b552a2f53bf7ab25e19935f/timeouts'
17:42:00.619 [AsyncHttpClient-1-2] DEBUG org.asynchttpclient.netty.handler.HttpHandler - 

Request DefaultHttpRequest(decodeResult: success, version: HTTP/1.1)
POST /session/96d4dd033b552a2f53bf7ab25e19935f/timeouts HTTP/1.1
User-Agent: selenium/4.1.2 (java windows)
Content-Length: 22
Content-Type: application/json; charset=utf-8
host: localhost:52173
accept: */*

Response DefaultHttpResponse(decodeResult: success, version: HTTP/1.1)
HTTP/1.1 200 OK
Content-Type: application/json; charset=utf-8
cache-control: no-cache
content-length: 14

17:42:00.619 [AsyncHttpClient-1-2] DEBUG org.asynchttpclient.netty.channel.ChannelManager - Adding key: http://localhost:52173 for channel [id: 0x21310f9f, L:/127.0.0.1:57416 - R:localhost/127.0.0.1:52173]
17:42:00.635 [Forwarding getCurrentUrl on session 96d4dd033b552a2f53bf7ab25e19935f to remote] DEBUG org.asynchttpclient.netty.request.NettyRequestSender - Using pooled Channel '[id: 0x21310f9f, L:/127.0.0.1:57416 - R:localhost/127.0.0.1:52173]' for 'GET' to 'http://localhost:52173/session/96d4dd033b552a2f53bf7ab25e19935f/url'
17:42:00.635 [Forwarding getCurrentUrl on session 96d4dd033b552a2f53bf7ab25e19935f to remote] DEBUG org.asynchttpclient.netty.request.NettyRequestSender - Using open Channel [id: 0x21310f9f, L:/127.0.0.1:57416 - R:localhost/127.0.0.1:52173] for GET '/session/96d4dd033b552a2f53bf7ab25e19935f/url'
17:42:00.727 [AsyncHttpClient-1-2] DEBUG org.asynchttpclient.netty.handler.HttpHandler - 

Request DefaultFullHttpRequest(decodeResult: success, version: HTTP/1.1, content: EmptyByteBufBE)
GET /session/96d4dd033b552a2f53bf7ab25e19935f/url HTTP/1.1
User-Agent: selenium/4.1.2 (java windows)
Cache-Control: no-cache
Content-Type: application/json; charset=utf-8
host: localhost:52173
accept: */*

Response DefaultHttpResponse(decodeResult: success, version: HTTP/1.1)
HTTP/1.1 200 OK
Content-Type: application/json; charset=utf-8
cache-control: no-cache
content-length: 53

17:42:00.727 [AsyncHttpClient-1-2] DEBUG org.asynchttpclient.netty.channel.ChannelManager - Adding key: http://localhost:52173 for channel [id: 0x21310f9f, L:/127.0.0.1:57416 - R:localhost/127.0.0.1:52173]
17:42:00.732 [Forwarding getCurrentUrl on session 96d4dd033b552a2f53bf7ab25e19935f to remote] DEBUG org.asynchttpclient.netty.request.NettyRequestSender - Using pooled Channel '[id: 0x21310f9f, L:/127.0.0.1:57416 - R:localhost/127.0.0.1:52173]' for 'GET' to 'http://localhost:52173/session/96d4dd033b552a2f53bf7ab25e19935f/url'
17:42:00.732 [Forwarding getCurrentUrl on session 96d4dd033b552a2f53bf7ab25e19935f to remote] DEBUG org.asynchttpclient.netty.request.NettyRequestSender - Using open Channel [id: 0x21310f9f, L:/127.0.0.1:57416 - R:localhost/127.0.0.1:52173] for GET '/session/96d4dd033b552a2f53bf7ab25e19935f/url'
17:42:00.739 [AsyncHttpClient-1-2] DEBUG org.asynchttpclient.netty.handler.HttpHandler - 

Request DefaultFullHttpRequest(decodeResult: success, version: HTTP/1.1, content: EmptyByteBufBE)
GET /session/96d4dd033b552a2f53bf7ab25e19935f/url HTTP/1.1
User-Agent: selenium/4.1.2 (java windows)
Cache-Control: no-cache
Content-Type: application/json; charset=utf-8
host: localhost:52173
accept: */*

Response DefaultHttpResponse(decodeResult: success, version: HTTP/1.1)
HTTP/1.1 200 OK
Content-Type: application/json; charset=utf-8
cache-control: no-cache
content-length: 53

17:42:00.739 [AsyncHttpClient-1-2] DEBUG org.asynchttpclient.netty.channel.ChannelManager - Adding key: http://localhost:52173 for channel [id: 0x21310f9f, L:/127.0.0.1:57416 - R:localhost/127.0.0.1:52173]
17:42:00.751 [Forwarding screenshot on session 96d4dd033b552a2f53bf7ab25e19935f to remote] DEBUG org.asynchttpclient.netty.request.NettyRequestSender - Using pooled Channel '[id: 0x21310f9f, L:/127.0.0.1:57416 - R:localhost/127.0.0.1:52173]' for 'GET' to 'http://localhost:52173/session/96d4dd033b552a2f53bf7ab25e19935f/screenshot'
17:42:00.751 [Forwarding screenshot on session 96d4dd033b552a2f53bf7ab25e19935f to remote] DEBUG org.asynchttpclient.netty.request.NettyRequestSender - Using open Channel [id: 0x21310f9f, L:/127.0.0.1:57416 - R:localhost/127.0.0.1:52173] for GET '/session/96d4dd033b552a2f53bf7ab25e19935f/screenshot'
17:42:01.001 [AsyncHttpClient-1-1] DEBUG org.asynchttpclient.netty.channel.DefaultChannelPool - Entry count for : http://localhost:57417 : 1
17:42:01.013 [AsyncHttpClient-1-2] DEBUG org.asynchttpclient.netty.handler.HttpHandler - 

Request DefaultFullHttpRequest(decodeResult: success, version: HTTP/1.1, content: EmptyByteBufBE)
GET /session/96d4dd033b552a2f53bf7ab25e19935f/screenshot HTTP/1.1
User-Agent: selenium/4.1.2 (java windows)
Cache-Control: no-cache
Content-Type: application/json; charset=utf-8
host: localhost:52173
accept: */*

Response DefaultHttpResponse(decodeResult: success, version: HTTP/1.1)
HTTP/1.1 200 OK
Content-Type: application/json; charset=utf-8
cache-control: no-cache
content-length: 198888

17:42:01.015 [AsyncHttpClient-1-2] DEBUG org.asynchttpclient.netty.channel.ChannelManager - Adding key: http://localhost:52173 for channel [id: 0x21310f9f, L:/127.0.0.1:57416 - R:localhost/127.0.0.1:52173]
17:42:01.028 [main] DEBUG net.serenitybdd.core.photography.Darkroom - Send negative for processing for target\site\serenity\4753d361d3a4d5c5dc2f18ddba81ccf4dafa9a1d39df3e27f1a3ea8a18a21424.png
17:42:01.028 [main] DEBUG net.thucydides.core.steps.StepInterceptor - STEP DONE: openUrl
17:42:01.028 [Darkroom Processing Line] DEBUG net.serenitybdd.core.photography.DarkroomProcessingLine - Processing screenshot image in /var/screenshots/screenshot-3311062669158908652
17:42:01.028 [Darkroom Processing Line] DEBUG net.serenitybdd.core.photography.DarkroomProcessingLine - Saving screenshot to target\site\serenity\4753d361d3a4d5c5dc2f18ddba81ccf4dafa9a1d39df3e27f1a3ea8a18a21424.png
17:42:01.040 [main] DEBUG net.thucydides.core.steps.StepInterceptor - STARTING STEP: PatientSteps.iAmAtTheDashboardPage - validateOnDashboardPage
17:42:01.044 [Forwarding findElement on session 96d4dd033b552a2f53bf7ab25e19935f to remote] DEBUG org.asynchttpclient.netty.request.NettyRequestSender - Using pooled Channel '[id: 0x21310f9f, L:/127.0.0.1:57416 - R:localhost/127.0.0.1:52173]' for 'POST' to 'http://localhost:52173/session/96d4dd033b552a2f53bf7ab25e19935f/element'
17:42:01.044 [Forwarding findElement on session 96d4dd033b552a2f53bf7ab25e19935f to remote] DEBUG org.asynchttpclient.netty.request.NettyRequestSender - Using open Channel [id: 0x21310f9f, L:/127.0.0.1:57416 - R:localhost/127.0.0.1:52173] for POST '/session/96d4dd033b552a2f53bf7ab25e19935f/element'
17:42:01.067 [AsyncHttpClient-1-2] DEBUG org.asynchttpclient.netty.handler.HttpHandler - 

Request DefaultHttpRequest(decodeResult: success, version: HTTP/1.1)
POST /session/96d4dd033b552a2f53bf7ab25e19935f/element HTTP/1.1
User-Agent: selenium/4.1.2 (java windows)
Content-Length: 81
Content-Type: application/json; charset=utf-8
host: localhost:52173
accept: */*

Response DefaultHttpResponse(decodeResult: success, version: HTTP/1.1)
HTTP/1.1 200 OK
Content-Type: application/json; charset=utf-8
cache-control: no-cache
content-length: 88

17:42:01.067 [AsyncHttpClient-1-2] DEBUG org.asynchttpclient.netty.channel.ChannelManager - Adding key: http://localhost:52173 for channel [id: 0x21310f9f, L:/127.0.0.1:57416 - R:localhost/127.0.0.1:52173]
17:42:01.073 [Forwarding isElementDisplayed on session 96d4dd033b552a2f53bf7ab25e19935f to remote] DEBUG org.asynchttpclient.netty.request.NettyRequestSender - Using pooled Channel '[id: 0x21310f9f, L:/127.0.0.1:57416 - R:localhost/127.0.0.1:52173]' for 'POST' to 'http://localhost:52173/session/96d4dd033b552a2f53bf7ab25e19935f/execute/sync'
17:42:01.073 [Forwarding isElementDisplayed on session 96d4dd033b552a2f53bf7ab25e19935f to remote] DEBUG org.asynchttpclient.netty.request.NettyRequestSender - Using open Channel [id: 0x21310f9f, L:/127.0.0.1:57416 - R:localhost/127.0.0.1:52173] for POST '/session/96d4dd033b552a2f53bf7ab25e19935f/execute/sync'
17:42:01.100 [AsyncHttpClient-1-2] DEBUG org.asynchttpclient.netty.handler.HttpHandler - 

Request DefaultHttpRequest(decodeResult: success, version: HTTP/1.1)
POST /session/96d4dd033b552a2f53bf7ab25e19935f/execute/sync HTTP/1.1
User-Agent: selenium/4.1.2 (java windows)
Content-Length: 48780
Content-Type: application/json; charset=utf-8
host: localhost:52173
accept: */*

Response DefaultHttpResponse(decodeResult: success, version: HTTP/1.1)
HTTP/1.1 200 OK
Content-Type: application/json; charset=utf-8
cache-control: no-cache
content-length: 14

17:42:01.100 [AsyncHttpClient-1-2] DEBUG org.asynchttpclient.netty.channel.ChannelManager - Adding key: http://localhost:52173 for channel [id: 0x21310f9f, L:/127.0.0.1:57416 - R:localhost/127.0.0.1:52173]
17:42:01.109 [Forwarding screenshot on session 96d4dd033b552a2f53bf7ab25e19935f to remote] DEBUG org.asynchttpclient.netty.request.NettyRequestSender - Using pooled Channel '[id: 0x21310f9f, L:/127.0.0.1:57416 - R:localhost/127.0.0.1:52173]' for 'GET' to 'http://localhost:52173/session/96d4dd033b552a2f53bf7ab25e19935f/screenshot'
17:42:01.109 [Forwarding screenshot on session 96d4dd033b552a2f53bf7ab25e19935f to remote] DEBUG org.asynchttpclient.netty.request.NettyRequestSender - Using open Channel [id: 0x21310f9f, L:/127.0.0.1:57416 - R:localhost/127.0.0.1:52173] for GET '/session/96d4dd033b552a2f53bf7ab25e19935f/screenshot'
17:42:01.335 [AsyncHttpClient-1-2] DEBUG org.asynchttpclient.netty.handler.HttpHandler - 

Request DefaultFullHttpRequest(decodeResult: success, version: HTTP/1.1, content: EmptyByteBufBE)
GET /session/96d4dd033b552a2f53bf7ab25e19935f/screenshot HTTP/1.1
User-Agent: selenium/4.1.2 (java windows)
Cache-Control: no-cache
Content-Type: application/json; charset=utf-8
host: localhost:52173
accept: */*

Response DefaultHttpResponse(decodeResult: success, version: HTTP/1.1)
HTTP/1.1 200 OK
Content-Type: application/json; charset=utf-8
cache-control: no-cache
content-length: 198888

17:42:01.336 [AsyncHttpClient-1-2] DEBUG org.asynchttpclient.netty.channel.ChannelManager - Adding key: http://localhost:52173 for channel [id: 0x21310f9f, L:/127.0.0.1:57416 - R:localhost/127.0.0.1:52173]
17:42:01.351 [main] DEBUG net.serenitybdd.core.photography.Darkroom - Send negative for processing for target\site\serenity\4753d361d3a4d5c5dc2f18ddba81ccf4dafa9a1d39df3e27f1a3ea8a18a21424.png
17:42:01.351 [main] DEBUG net.thucydides.core.steps.StepInterceptor - STEP DONE: validateOnDashboardPage
  &amp#27;[32mGiven &amp#27;[0m&amp#27;[32mI am at the dashboard page&amp#27;[0m           &amp#27;[90m# starter.stepdefinitions.PatientSteps.iAmAtTheDashboardPage()&amp#27;[0m
17:42:01.381 [main] DEBUG net.thucydides.core.steps.StepInterceptor - STARTING STEP: PatientSteps.iClickMenuPatient - clickMenuPatientButton
17:42:01.386 [Forwarding findElement on session 96d4dd033b552a2f53bf7ab25e19935f to remote] DEBUG org.asynchttpclient.netty.request.NettyRequestSender - Using pooled Channel '[id: 0x21310f9f, L:/127.0.0.1:57416 - R:localhost/127.0.0.1:52173]' for 'POST' to 'http://localhost:52173/session/96d4dd033b552a2f53bf7ab25e19935f/element'
17:42:01.386 [Forwarding findElement on session 96d4dd033b552a2f53bf7ab25e19935f to remote] DEBUG org.asynchttpclient.netty.request.NettyRequestSender - Using open Channel [id: 0x21310f9f, L:/127.0.0.1:57416 - R:localhost/127.0.0.1:52173] for POST '/session/96d4dd033b552a2f53bf7ab25e19935f/element'
17:42:01.407 [AsyncHttpClient-1-2] DEBUG org.asynchttpclient.netty.handler.HttpHandler - 

Request DefaultHttpRequest(decodeResult: success, version: HTTP/1.1)
POST /session/96d4dd033b552a2f53bf7ab25e19935f/element HTTP/1.1
User-Agent: selenium/4.1.2 (java windows)
Content-Length: 80
Content-Type: application/json; charset=utf-8
host: localhost:52173
accept: */*

Response DefaultHttpResponse(decodeResult: success, version: HTTP/1.1)
HTTP/1.1 200 OK
Content-Type: application/json; charset=utf-8
cache-control: no-cache
content-length: 88

17:42:01.407 [AsyncHttpClient-1-2] DEBUG org.asynchttpclient.netty.channel.ChannelManager - Adding key: http://localhost:52173 for channel [id: 0x21310f9f, L:/127.0.0.1:57416 - R:localhost/127.0.0.1:52173]
17:42:01.409 [Forwarding getElementTagName on session 96d4dd033b552a2f53bf7ab25e19935f to remote] DEBUG org.asynchttpclient.netty.request.NettyRequestSender - Using pooled Channel '[id: 0x21310f9f, L:/127.0.0.1:57416 - R:localhost/127.0.0.1:52173]' for 'GET' to 'http://localhost:52173/session/96d4dd033b552a2f53bf7ab25e19935f/element/e39c2221-790d-4837-8832-56fd8a4bbde2/name'
17:42:01.409 [Forwarding getElementTagName on session 96d4dd033b552a2f53bf7ab25e19935f to remote] DEBUG org.asynchttpclient.netty.request.NettyRequestSender - Using open Channel [id: 0x21310f9f, L:/127.0.0.1:57416 - R:localhost/127.0.0.1:52173] for GET '/session/96d4dd033b552a2f53bf7ab25e19935f/element/e39c2221-790d-4837-8832-56fd8a4bbde2/name'
17:42:01.415 [AsyncHttpClient-1-2] DEBUG org.asynchttpclient.netty.handler.HttpHandler - 

Request DefaultFullHttpRequest(decodeResult: success, version: HTTP/1.1, content: EmptyByteBufBE)
GET /session/96d4dd033b552a2f53bf7ab25e19935f/element/e39c2221-790d-4837-8832-56fd8a4bbde2/name HTTP/1.1
User-Agent: selenium/4.1.2 (java windows)
Cache-Control: no-cache
Content-Type: application/json; charset=utf-8
host: localhost:52173
accept: */*

Response DefaultHttpResponse(decodeResult: success, version: HTTP/1.1)
HTTP/1.1 200 OK
Content-Type: application/json; charset=utf-8
cache-control: no-cache
content-length: 15

17:42:01.415 [AsyncHttpClient-1-2] DEBUG org.asynchttpclient.netty.channel.ChannelManager - Adding key: http://localhost:52173 for channel [id: 0x21310f9f, L:/127.0.0.1:57416 - R:localhost/127.0.0.1:52173]
17:42:01.417 [Forwarding getElementTagName on session 96d4dd033b552a2f53bf7ab25e19935f to remote] DEBUG org.asynchttpclient.netty.request.NettyRequestSender - Using pooled Channel '[id: 0x21310f9f, L:/127.0.0.1:57416 - R:localhost/127.0.0.1:52173]' for 'GET' to 'http://localhost:52173/session/96d4dd033b552a2f53bf7ab25e19935f/element/e39c2221-790d-4837-8832-56fd8a4bbde2/name'
17:42:01.417 [Forwarding getElementTagName on session 96d4dd033b552a2f53bf7ab25e19935f to remote] DEBUG org.asynchttpclient.netty.request.NettyRequestSender - Using open Channel [id: 0x21310f9f, L:/127.0.0.1:57416 - R:localhost/127.0.0.1:52173] for GET '/session/96d4dd033b552a2f53bf7ab25e19935f/element/e39c2221-790d-4837-8832-56fd8a4bbde2/name'
17:42:01.529 [AsyncHttpClient-1-2] DEBUG org.asynchttpclient.netty.handler.HttpHandler - 

Request DefaultFullHttpRequest(decodeResult: success, version: HTTP/1.1, content: EmptyByteBufBE)
GET /session/96d4dd033b552a2f53bf7ab25e19935f/element/e39c2221-790d-4837-8832-56fd8a4bbde2/name HTTP/1.1
User-Agent: selenium/4.1.2 (java windows)
Cache-Control: no-cache
Content-Type: application/json; charset=utf-8
host: localhost:52173
accept: */*

Response DefaultHttpResponse(decodeResult: success, version: HTTP/1.1)
HTTP/1.1 200 OK
Content-Type: application/json; charset=utf-8
cache-control: no-cache
content-length: 15

17:42:01.529 [AsyncHttpClient-1-2] DEBUG org.asynchttpclient.netty.channel.ChannelManager - Adding key: http://localhost:52173 for channel [id: 0x21310f9f, L:/127.0.0.1:57416 - R:localhost/127.0.0.1:52173]
17:42:01.532 [Forwarding findElement on session 96d4dd033b552a2f53bf7ab25e19935f to remote] DEBUG org.asynchttpclient.netty.request.NettyRequestSender - Using pooled Channel '[id: 0x21310f9f, L:/127.0.0.1:57416 - R:localhost/127.0.0.1:52173]' for 'POST' to 'http://localhost:52173/session/96d4dd033b552a2f53bf7ab25e19935f/element'
17:42:01.532 [Forwarding findElement on session 96d4dd033b552a2f53bf7ab25e19935f to remote] DEBUG org.asynchttpclient.netty.request.NettyRequestSender - Using open Channel [id: 0x21310f9f, L:/127.0.0.1:57416 - R:localhost/127.0.0.1:52173] for POST '/session/96d4dd033b552a2f53bf7ab25e19935f/element'
17:42:01.544 [AsyncHttpClient-1-2] DEBUG org.asynchttpclient.netty.handler.HttpHandler - 

Request DefaultHttpRequest(decodeResult: success, version: HTTP/1.1)
POST /session/96d4dd033b552a2f53bf7ab25e19935f/element HTTP/1.1
User-Agent: selenium/4.1.2 (java windows)
Content-Length: 80
Content-Type: application/json; charset=utf-8
host: localhost:52173
accept: */*

Response DefaultHttpResponse(decodeResult: success, version: HTTP/1.1)
HTTP/1.1 200 OK
Content-Type: application/json; charset=utf-8
cache-control: no-cache
content-length: 88

17:42:01.544 [AsyncHttpClient-1-2] DEBUG org.asynchttpclient.netty.channel.ChannelManager - Adding key: http://localhost:52173 for channel [id: 0x21310f9f, L:/127.0.0.1:57416 - R:localhost/127.0.0.1:52173]
17:42:01.547 [Forwarding clickElement on session 96d4dd033b552a2f53bf7ab25e19935f to remote] DEBUG org.asynchttpclient.netty.request.NettyRequestSender - Using pooled Channel '[id: 0x21310f9f, L:/127.0.0.1:57416 - R:localhost/127.0.0.1:52173]' for 'POST' to 'http://localhost:52173/session/96d4dd033b552a2f53bf7ab25e19935f/element/e39c2221-790d-4837-8832-56fd8a4bbde2/click'
17:42:01.547 [Forwarding clickElement on session 96d4dd033b552a2f53bf7ab25e19935f to remote] DEBUG org.asynchttpclient.netty.request.NettyRequestSender - Using open Channel [id: 0x21310f9f, L:/127.0.0.1:57416 - R:localhost/127.0.0.1:52173] for POST '/session/96d4dd033b552a2f53bf7ab25e19935f/element/e39c2221-790d-4837-8832-56fd8a4bbde2/click'
17:42:01.737 [AsyncHttpClient-1-2] DEBUG org.asynchttpclient.netty.handler.HttpHandler - 

Request DefaultHttpRequest(decodeResult: success, version: HTTP/1.1)
POST /session/96d4dd033b552a2f53bf7ab25e19935f/element/e39c2221-790d-4837-8832-56fd8a4bbde2/click HTTP/1.1
User-Agent: selenium/4.1.2 (java windows)
Content-Length: 50
Content-Type: application/json; charset=utf-8
host: localhost:52173
accept: */*

Response DefaultHttpResponse(decodeResult: success, version: HTTP/1.1)
HTTP/1.1 200 OK
Content-Type: application/json; charset=utf-8
cache-control: no-cache
content-length: 14

17:42:01.737 [AsyncHttpClient-1-2] DEBUG org.asynchttpclient.netty.channel.ChannelManager - Adding key: http://localhost:52173 for channel [id: 0x21310f9f, L:/127.0.0.1:57416 - R:localhost/127.0.0.1:52173]
17:42:01.748 [Forwarding screenshot on session 96d4dd033b552a2f53bf7ab25e19935f to remote] DEBUG org.asynchttpclient.netty.request.NettyRequestSender - Using pooled Channel '[id: 0x21310f9f, L:/127.0.0.1:57416 - R:localhost/127.0.0.1:52173]' for 'GET' to 'http://localhost:52173/session/96d4dd033b552a2f53bf7ab25e19935f/screenshot'
17:42:01.748 [Forwarding screenshot on session 96d4dd033b552a2f53bf7ab25e19935f to remote] DEBUG org.asynchttpclient.netty.request.NettyRequestSender - Using open Channel [id: 0x21310f9f, L:/127.0.0.1:57416 - R:localhost/127.0.0.1:52173] for GET '/session/96d4dd033b552a2f53bf7ab25e19935f/screenshot'
17:42:01.919 [AsyncHttpClient-1-2] DEBUG org.asynchttpclient.netty.handler.HttpHandler - 

Request DefaultFullHttpRequest(decodeResult: success, version: HTTP/1.1, content: EmptyByteBufBE)
GET /session/96d4dd033b552a2f53bf7ab25e19935f/screenshot HTTP/1.1
User-Agent: selenium/4.1.2 (java windows)
Cache-Control: no-cache
Content-Type: application/json; charset=utf-8
host: localhost:52173
accept: */*

Response DefaultHttpResponse(decodeResult: success, version: HTTP/1.1)
HTTP/1.1 200 OK
Content-Type: application/json; charset=utf-8
cache-control: no-cache
content-length: 55356

17:42:01.919 [AsyncHttpClient-1-2] DEBUG org.asynchttpclient.netty.channel.ChannelManager - Adding key: http://localhost:52173 for channel [id: 0x21310f9f, L:/127.0.0.1:57416 - R:localhost/127.0.0.1:52173]
17:42:01.924 [main] DEBUG net.serenitybdd.core.photography.Darkroom - Send negative for processing for target\site\serenity\ba5e98368b8b80bc67dec291e300f29f857b0a624580ce977aa7580a9f0871db.png
17:42:01.924 [main] DEBUG net.thucydides.core.steps.StepInterceptor - STEP DONE: clickMenuPatientButton
17:42:01.924 [Darkroom Processing Line] DEBUG net.serenitybdd.core.photography.DarkroomProcessingLine - Processing screenshot image in /var/screenshots/screenshot-9582229490570166627
  &amp#27;[32mAnd &amp#27;[0m&amp#27;[32mI click menu patient&amp#27;[0m                   &amp#27;[90m# starter.stepdefinitions.PatientSteps.iClickMenuPatient()&amp#27;[0m
17:42:01.924 [Darkroom Processing Line] DEBUG net.serenitybdd.core.photography.DarkroomProcessingLine - Saving screenshot to target\site\serenity\ba5e98368b8b80bc67dec291e300f29f857b0a624580ce977aa7580a9f0871db.png
17:42:01.953 [main] DEBUG net.thucydides.core.steps.StepInterceptor - STARTING STEP: PatientSteps.iClickAddNewPatient - clickAddNewPatientButton
17:42:01.958 [Forwarding findElement on session 96d4dd033b552a2f53bf7ab25e19935f to remote] DEBUG org.asynchttpclient.netty.request.NettyRequestSender - Using pooled Channel '[id: 0x21310f9f, L:/127.0.0.1:57416 - R:localhost/127.0.0.1:52173]' for 'POST' to 'http://localhost:52173/session/96d4dd033b552a2f53bf7ab25e19935f/element'
17:42:01.959 [Forwarding findElement on session 96d4dd033b552a2f53bf7ab25e19935f to remote] DEBUG org.asynchttpclient.netty.request.NettyRequestSender - Using open Channel [id: 0x21310f9f, L:/127.0.0.1:57416 - R:localhost/127.0.0.1:52173] for POST '/session/96d4dd033b552a2f53bf7ab25e19935f/element'
17:42:01.980 [AsyncHttpClient-1-2] DEBUG org.asynchttpclient.netty.handler.HttpHandler - 

Request DefaultHttpRequest(decodeResult: success, version: HTTP/1.1)
POST /session/96d4dd033b552a2f53bf7ab25e19935f/element HTTP/1.1
User-Agent: selenium/4.1.2 (java windows)
Content-Length: 149
Content-Type: application/json; charset=utf-8
host: localhost:52173
accept: */*

Response DefaultHttpResponse(decodeResult: success, version: HTTP/1.1)
HTTP/1.1 200 OK
Content-Type: application/json; charset=utf-8
cache-control: no-cache
content-length: 88

17:42:01.980 [AsyncHttpClient-1-2] DEBUG org.asynchttpclient.netty.channel.ChannelManager - Adding key: http://localhost:52173 for channel [id: 0x21310f9f, L:/127.0.0.1:57416 - R:localhost/127.0.0.1:52173]
17:42:01.982 [Forwarding getElementTagName on session 96d4dd033b552a2f53bf7ab25e19935f to remote] DEBUG org.asynchttpclient.netty.request.NettyRequestSender - Using pooled Channel '[id: 0x21310f9f, L:/127.0.0.1:57416 - R:localhost/127.0.0.1:52173]' for 'GET' to 'http://localhost:52173/session/96d4dd033b552a2f53bf7ab25e19935f/element/62f96e57-fadd-45fb-835f-491b5a68d458/name'
17:42:01.982 [Forwarding getElementTagName on session 96d4dd033b552a2f53bf7ab25e19935f to remote] DEBUG org.asynchttpclient.netty.request.NettyRequestSender - Using open Channel [id: 0x21310f9f, L:/127.0.0.1:57416 - R:localhost/127.0.0.1:52173] for GET '/session/96d4dd033b552a2f53bf7ab25e19935f/element/62f96e57-fadd-45fb-835f-491b5a68d458/name'
17:42:01.988 [AsyncHttpClient-1-2] DEBUG org.asynchttpclient.netty.handler.HttpHandler - 

Request DefaultFullHttpRequest(decodeResult: success, version: HTTP/1.1, content: EmptyByteBufBE)
GET /session/96d4dd033b552a2f53bf7ab25e19935f/element/62f96e57-fadd-45fb-835f-491b5a68d458/name HTTP/1.1
User-Agent: selenium/4.1.2 (java windows)
Cache-Control: no-cache
Content-Type: application/json; charset=utf-8
host: localhost:52173
accept: */*

Response DefaultHttpResponse(decodeResult: success, version: HTTP/1.1)
HTTP/1.1 200 OK
Content-Type: application/json; charset=utf-8
cache-control: no-cache
content-length: 18

17:42:01.988 [AsyncHttpClient-1-2] DEBUG org.asynchttpclient.netty.channel.ChannelManager - Adding key: http://localhost:52173 for channel [id: 0x21310f9f, L:/127.0.0.1:57416 - R:localhost/127.0.0.1:52173]
17:42:01.990 [Forwarding getElementTagName on session 96d4dd033b552a2f53bf7ab25e19935f to remote] DEBUG org.asynchttpclient.netty.request.NettyRequestSender - Using pooled Channel '[id: 0x21310f9f, L:/127.0.0.1:57416 - R:localhost/127.0.0.1:52173]' for 'GET' to 'http://localhost:52173/session/96d4dd033b552a2f53bf7ab25e19935f/element/62f96e57-fadd-45fb-835f-491b5a68d458/name'
17:42:01.990 [Forwarding getElementTagName on session 96d4dd033b552a2f53bf7ab25e19935f to remote] DEBUG org.asynchttpclient.netty.request.NettyRequestSender - Using open Channel [id: 0x21310f9f, L:/127.0.0.1:57416 - R:localhost/127.0.0.1:52173] for GET '/session/96d4dd033b552a2f53bf7ab25e19935f/element/62f96e57-fadd-45fb-835f-491b5a68d458/name'
17:42:01.995 [AsyncHttpClient-1-2] DEBUG org.asynchttpclient.netty.handler.HttpHandler - 

Request DefaultFullHttpRequest(decodeResult: success, version: HTTP/1.1, content: EmptyByteBufBE)
GET /session/96d4dd033b552a2f53bf7ab25e19935f/element/62f96e57-fadd-45fb-835f-491b5a68d458/name HTTP/1.1
User-Agent: selenium/4.1.2 (java windows)
Cache-Control: no-cache
Content-Type: application/json; charset=utf-8
host: localhost:52173
accept: */*

Response DefaultHttpResponse(decodeResult: success, version: HTTP/1.1)
HTTP/1.1 200 OK
Content-Type: application/json; charset=utf-8
cache-control: no-cache
content-length: 18

17:42:01.995 [AsyncHttpClient-1-2] DEBUG org.asynchttpclient.netty.channel.ChannelManager - Adding key: http://localhost:52173 for channel [id: 0x21310f9f, L:/127.0.0.1:57416 - R:localhost/127.0.0.1:52173]
17:42:01.999 [Forwarding isElementEnabled on session 96d4dd033b552a2f53bf7ab25e19935f to remote] DEBUG org.asynchttpclient.netty.request.NettyRequestSender - Using pooled Channel '[id: 0x21310f9f, L:/127.0.0.1:57416 - R:localhost/127.0.0.1:52173]' for 'GET' to 'http://localhost:52173/session/96d4dd033b552a2f53bf7ab25e19935f/element/62f96e57-fadd-45fb-835f-491b5a68d458/enabled'
17:42:01.999 [Forwarding isElementEnabled on session 96d4dd033b552a2f53bf7ab25e19935f to remote] DEBUG org.asynchttpclient.netty.request.NettyRequestSender - Using open Channel [id: 0x21310f9f, L:/127.0.0.1:57416 - R:localhost/127.0.0.1:52173] for GET '/session/96d4dd033b552a2f53bf7ab25e19935f/element/62f96e57-fadd-45fb-835f-491b5a68d458/enabled'
17:42:02.013 [AsyncHttpClient-1-2] DEBUG org.asynchttpclient.netty.handler.HttpHandler - 

Request DefaultFullHttpRequest(decodeResult: success, version: HTTP/1.1, content: EmptyByteBufBE)
GET /session/96d4dd033b552a2f53bf7ab25e19935f/element/62f96e57-fadd-45fb-835f-491b5a68d458/enabled HTTP/1.1
User-Agent: selenium/4.1.2 (java windows)
Cache-Control: no-cache
Content-Type: application/json; charset=utf-8
host: localhost:52173
accept: */*

Response DefaultHttpResponse(decodeResult: success, version: HTTP/1.1)
HTTP/1.1 200 OK
Content-Type: application/json; charset=utf-8
cache-control: no-cache
content-length: 14

17:42:02.014 [AsyncHttpClient-1-2] DEBUG org.asynchttpclient.netty.channel.ChannelManager - Adding key: http://localhost:52173 for channel [id: 0x21310f9f, L:/127.0.0.1:57416 - R:localhost/127.0.0.1:52173]
17:42:02.015 [Forwarding isElementEnabled on session 96d4dd033b552a2f53bf7ab25e19935f to remote] DEBUG org.asynchttpclient.netty.request.NettyRequestSender - Using pooled Channel '[id: 0x21310f9f, L:/127.0.0.1:57416 - R:localhost/127.0.0.1:52173]' for 'GET' to 'http://localhost:52173/session/96d4dd033b552a2f53bf7ab25e19935f/element/62f96e57-fadd-45fb-835f-491b5a68d458/enabled'
17:42:02.016 [Forwarding isElementEnabled on session 96d4dd033b552a2f53bf7ab25e19935f to remote] DEBUG org.asynchttpclient.netty.request.NettyRequestSender - Using open Channel [id: 0x21310f9f, L:/127.0.0.1:57416 - R:localhost/127.0.0.1:52173] for GET '/session/96d4dd033b552a2f53bf7ab25e19935f/element/62f96e57-fadd-45fb-835f-491b5a68d458/enabled'
17:42:02.024 [AsyncHttpClient-1-2] DEBUG org.asynchttpclient.netty.handler.HttpHandler - 

Request DefaultFullHttpRequest(decodeResult: success, version: HTTP/1.1, content: EmptyByteBufBE)
GET /session/96d4dd033b552a2f53bf7ab25e19935f/element/62f96e57-fadd-45fb-835f-491b5a68d458/enabled HTTP/1.1
User-Agent: selenium/4.1.2 (java windows)
Cache-Control: no-cache
Content-Type: application/json; charset=utf-8
host: localhost:52173
accept: */*

Response DefaultHttpResponse(decodeResult: success, version: HTTP/1.1)
HTTP/1.1 200 OK
Content-Type: application/json; charset=utf-8
cache-control: no-cache
content-length: 14

17:42:02.025 [AsyncHttpClient-1-2] DEBUG org.asynchttpclient.netty.channel.ChannelManager - Adding key: http://localhost:52173 for channel [id: 0x21310f9f, L:/127.0.0.1:57416 - R:localhost/127.0.0.1:52173]
17:42:02.027 [Forwarding findElement on session 96d4dd033b552a2f53bf7ab25e19935f to remote] DEBUG org.asynchttpclient.netty.request.NettyRequestSender - Using pooled Channel '[id: 0x21310f9f, L:/127.0.0.1:57416 - R:localhost/127.0.0.1:52173]' for 'POST' to 'http://localhost:52173/session/96d4dd033b552a2f53bf7ab25e19935f/element'
17:42:02.027 [Forwarding findElement on session 96d4dd033b552a2f53bf7ab25e19935f to remote] DEBUG org.asynchttpclient.netty.request.NettyRequestSender - Using open Channel [id: 0x21310f9f, L:/127.0.0.1:57416 - R:localhost/127.0.0.1:52173] for POST '/session/96d4dd033b552a2f53bf7ab25e19935f/element'
17:42:02.037 [AsyncHttpClient-1-2] DEBUG org.asynchttpclient.netty.handler.HttpHandler - 

Request DefaultHttpRequest(decodeResult: success, version: HTTP/1.1)
POST /session/96d4dd033b552a2f53bf7ab25e19935f/element HTTP/1.1
User-Agent: selenium/4.1.2 (java windows)
Content-Length: 149
Content-Type: application/json; charset=utf-8
host: localhost:52173
accept: */*

Response DefaultHttpResponse(decodeResult: success, version: HTTP/1.1)
HTTP/1.1 200 OK
Content-Type: application/json; charset=utf-8
cache-control: no-cache
content-length: 88

17:42:02.038 [AsyncHttpClient-1-2] DEBUG org.asynchttpclient.netty.channel.ChannelManager - Adding key: http://localhost:52173 for channel [id: 0x21310f9f, L:/127.0.0.1:57416 - R:localhost/127.0.0.1:52173]
17:42:02.039 [Forwarding clickElement on session 96d4dd033b552a2f53bf7ab25e19935f to remote] DEBUG org.asynchttpclient.netty.request.NettyRequestSender - Using pooled Channel '[id: 0x21310f9f, L:/127.0.0.1:57416 - R:localhost/127.0.0.1:52173]' for 'POST' to 'http://localhost:52173/session/96d4dd033b552a2f53bf7ab25e19935f/element/62f96e57-fadd-45fb-835f-491b5a68d458/click'
17:42:02.039 [Forwarding clickElement on session 96d4dd033b552a2f53bf7ab25e19935f to remote] DEBUG org.asynchttpclient.netty.request.NettyRequestSender - Using open Channel [id: 0x21310f9f, L:/127.0.0.1:57416 - R:localhost/127.0.0.1:52173] for POST '/session/96d4dd033b552a2f53bf7ab25e19935f/element/62f96e57-fadd-45fb-835f-491b5a68d458/click'
17:42:02.101 [AsyncHttpClient-1-1] DEBUG org.asynchttpclient.netty.channel.DefaultChannelPool - Entry count for : http://localhost:57417 : 1
17:42:02.297 [AsyncHttpClient-1-2] DEBUG org.asynchttpclient.netty.handler.HttpHandler - 

Request DefaultHttpRequest(decodeResult: success, version: HTTP/1.1)
POST /session/96d4dd033b552a2f53bf7ab25e19935f/element/62f96e57-fadd-45fb-835f-491b5a68d458/click HTTP/1.1
User-Agent: selenium/4.1.2 (java windows)
Content-Length: 50
Content-Type: application/json; charset=utf-8
host: localhost:52173
accept: */*

Response DefaultHttpResponse(decodeResult: success, version: HTTP/1.1)
HTTP/1.1 200 OK
Content-Type: application/json; charset=utf-8
cache-control: no-cache
content-length: 14

17:42:02.297 [AsyncHttpClient-1-2] DEBUG org.asynchttpclient.netty.channel.ChannelManager - Adding key: http://localhost:52173 for channel [id: 0x21310f9f, L:/127.0.0.1:57416 - R:localhost/127.0.0.1:52173]
17:42:02.313 [Forwarding screenshot on session 96d4dd033b552a2f53bf7ab25e19935f to remote] DEBUG org.asynchttpclient.netty.request.NettyRequestSender - Using pooled Channel '[id: 0x21310f9f, L:/127.0.0.1:57416 - R:localhost/127.0.0.1:52173]' for 'GET' to 'http://localhost:52173/session/96d4dd033b552a2f53bf7ab25e19935f/screenshot'
17:42:02.313 [Forwarding screenshot on session 96d4dd033b552a2f53bf7ab25e19935f to remote] DEBUG org.asynchttpclient.netty.request.NettyRequestSender - Using open Channel [id: 0x21310f9f, L:/127.0.0.1:57416 - R:localhost/127.0.0.1:52173] for GET '/session/96d4dd033b552a2f53bf7ab25e19935f/screenshot'
17:42:02.719 [AsyncHttpClient-1-2] DEBUG org.asynchttpclient.netty.handler.HttpHandler - 

Request DefaultFullHttpRequest(decodeResult: success, version: HTTP/1.1, content: EmptyByteBufBE)
GET /session/96d4dd033b552a2f53bf7ab25e19935f/screenshot HTTP/1.1
User-Agent: selenium/4.1.2 (java windows)
Cache-Control: no-cache
Content-Type: application/json; charset=utf-8
host: localhost:52173
accept: */*

Response DefaultHttpResponse(decodeResult: success, version: HTTP/1.1)
HTTP/1.1 200 OK
Content-Type: application/json; charset=utf-8
cache-control: no-cache
content-length: 81236

17:42:02.720 [AsyncHttpClient-1-2] DEBUG org.asynchttpclient.netty.channel.ChannelManager - Adding key: http://localhost:52173 for channel [id: 0x21310f9f, L:/127.0.0.1:57416 - R:localhost/127.0.0.1:52173]
17:42:02.729 [main] DEBUG net.serenitybdd.core.photography.Darkroom - Send negative for processing for target\site\serenity\6f521951dc8e9c278998f7b2dea25aca765947f0b9159bd9f37f17c338e4dfbb.png
17:42:02.729 [main] DEBUG net.thucydides.core.steps.StepInterceptor - STEP DONE: clickAddNewPatientButton
17:42:02.730 [Darkroom Processing Line] DEBUG net.serenitybdd.core.photography.DarkroomProcessingLine - Processing screenshot image in /var/screenshots/screenshot-17450291134965245291
17:42:02.730 [Darkroom Processing Line] DEBUG net.serenitybdd.core.photography.DarkroomProcessingLine - Saving screenshot to target\site\serenity\6f521951dc8e9c278998f7b2dea25aca765947f0b9159bd9f37f17c338e4dfbb.png
  &amp#27;[32mWhen &amp#27;[0m&amp#27;[32mI click Add New Patient&amp#27;[0m               &amp#27;[90m# starter.stepdefinitions.PatientSteps.iClickAddNewPatient()&amp#27;[0m
17:42:02.764 [main] DEBUG net.thucydides.core.steps.StepInterceptor - STARTING STEP: PatientSteps.iClickNewPatientFormXButton - clickNewPatientXButton
17:42:02.773 [Forwarding findElement on session 96d4dd033b552a2f53bf7ab25e19935f to remote] DEBUG org.asynchttpclient.netty.request.NettyRequestSender - Using pooled Channel '[id: 0x21310f9f, L:/127.0.0.1:57416 - R:localhost/127.0.0.1:52173]' for 'POST' to 'http://localhost:52173/session/96d4dd033b552a2f53bf7ab25e19935f/element'
17:42:02.773 [Forwarding findElement on session 96d4dd033b552a2f53bf7ab25e19935f to remote] DEBUG org.asynchttpclient.netty.request.NettyRequestSender - Using open Channel [id: 0x21310f9f, L:/127.0.0.1:57416 - R:localhost/127.0.0.1:52173] for POST '/session/96d4dd033b552a2f53bf7ab25e19935f/element'
17:42:02.795 [AsyncHttpClient-1-2] DEBUG org.asynchttpclient.netty.handler.HttpHandler - 

Request DefaultHttpRequest(decodeResult: success, version: HTTP/1.1)
POST /session/96d4dd033b552a2f53bf7ab25e19935f/element HTTP/1.1
User-Agent: selenium/4.1.2 (java windows)
Content-Length: 104
Content-Type: application/json; charset=utf-8
host: localhost:52173
accept: */*

Response DefaultHttpResponse(decodeResult: success, version: HTTP/1.1)
HTTP/1.1 200 OK
Content-Type: application/json; charset=utf-8
cache-control: no-cache
content-length: 88

17:42:02.795 [AsyncHttpClient-1-2] DEBUG org.asynchttpclient.netty.channel.ChannelManager - Adding key: http://localhost:52173 for channel [id: 0x21310f9f, L:/127.0.0.1:57416 - R:localhost/127.0.0.1:52173]
17:42:02.797 [Forwarding getElementTagName on session 96d4dd033b552a2f53bf7ab25e19935f to remote] DEBUG org.asynchttpclient.netty.request.NettyRequestSender - Using pooled Channel '[id: 0x21310f9f, L:/127.0.0.1:57416 - R:localhost/127.0.0.1:52173]' for 'GET' to 'http://localhost:52173/session/96d4dd033b552a2f53bf7ab25e19935f/element/098a163c-3572-490c-a8d0-57adb7328c34/name'
17:42:02.797 [Forwarding getElementTagName on session 96d4dd033b552a2f53bf7ab25e19935f to remote] DEBUG org.asynchttpclient.netty.request.NettyRequestSender - Using open Channel [id: 0x21310f9f, L:/127.0.0.1:57416 - R:localhost/127.0.0.1:52173] for GET '/session/96d4dd033b552a2f53bf7ab25e19935f/element/098a163c-3572-490c-a8d0-57adb7328c34/name'
17:42:02.806 [AsyncHttpClient-1-2] DEBUG org.asynchttpclient.netty.handler.HttpHandler - 

Request DefaultFullHttpRequest(decodeResult: success, version: HTTP/1.1, content: EmptyByteBufBE)
GET /session/96d4dd033b552a2f53bf7ab25e19935f/element/098a163c-3572-490c-a8d0-57adb7328c34/name HTTP/1.1
User-Agent: selenium/4.1.2 (java windows)
Cache-Control: no-cache
Content-Type: application/json; charset=utf-8
host: localhost:52173
accept: */*

Response DefaultHttpResponse(decodeResult: success, version: HTTP/1.1)
HTTP/1.1 200 OK
Content-Type: application/json; charset=utf-8
cache-control: no-cache
content-length: 18

17:42:02.806 [AsyncHttpClient-1-2] DEBUG org.asynchttpclient.netty.channel.ChannelManager - Adding key: http://localhost:52173 for channel [id: 0x21310f9f, L:/127.0.0.1:57416 - R:localhost/127.0.0.1:52173]
17:42:02.808 [Forwarding getElementTagName on session 96d4dd033b552a2f53bf7ab25e19935f to remote] DEBUG org.asynchttpclient.netty.request.NettyRequestSender - Using pooled Channel '[id: 0x21310f9f, L:/127.0.0.1:57416 - R:localhost/127.0.0.1:52173]' for 'GET' to 'http://localhost:52173/session/96d4dd033b552a2f53bf7ab25e19935f/element/098a163c-3572-490c-a8d0-57adb7328c34/name'
17:42:02.808 [Forwarding getElementTagName on session 96d4dd033b552a2f53bf7ab25e19935f to remote] DEBUG org.asynchttpclient.netty.request.NettyRequestSender - Using open Channel [id: 0x21310f9f, L:/127.0.0.1:57416 - R:localhost/127.0.0.1:52173] for GET '/session/96d4dd033b552a2f53bf7ab25e19935f/element/098a163c-3572-490c-a8d0-57adb7328c34/name'
17:42:02.815 [AsyncHttpClient-1-2] DEBUG org.asynchttpclient.netty.handler.HttpHandler - 

Request DefaultFullHttpRequest(decodeResult: success, version: HTTP/1.1, content: EmptyByteBufBE)
GET /session/96d4dd033b552a2f53bf7ab25e19935f/element/098a163c-3572-490c-a8d0-57adb7328c34/name HTTP/1.1
User-Agent: selenium/4.1.2 (java windows)
Cache-Control: no-cache
Content-Type: application/json; charset=utf-8
host: localhost:52173
accept: */*

Response DefaultHttpResponse(decodeResult: success, version: HTTP/1.1)
HTTP/1.1 200 OK
Content-Type: application/json; charset=utf-8
cache-control: no-cache
content-length: 18

17:42:02.815 [AsyncHttpClient-1-2] DEBUG org.asynchttpclient.netty.channel.ChannelManager - Adding key: http://localhost:52173 for channel [id: 0x21310f9f, L:/127.0.0.1:57416 - R:localhost/127.0.0.1:52173]
17:42:02.820 [Forwarding isElementEnabled on session 96d4dd033b552a2f53bf7ab25e19935f to remote] DEBUG org.asynchttpclient.netty.request.NettyRequestSender - Using pooled Channel '[id: 0x21310f9f, L:/127.0.0.1:57416 - R:localhost/127.0.0.1:52173]' for 'GET' to 'http://localhost:52173/session/96d4dd033b552a2f53bf7ab25e19935f/element/098a163c-3572-490c-a8d0-57adb7328c34/enabled'
17:42:02.820 [Forwarding isElementEnabled on session 96d4dd033b552a2f53bf7ab25e19935f to remote] DEBUG org.asynchttpclient.netty.request.NettyRequestSender - Using open Channel [id: 0x21310f9f, L:/127.0.0.1:57416 - R:localhost/127.0.0.1:52173] for GET '/session/96d4dd033b552a2f53bf7ab25e19935f/element/098a163c-3572-490c-a8d0-57adb7328c34/enabled'
17:42:02.837 [AsyncHttpClient-1-2] DEBUG org.asynchttpclient.netty.handler.HttpHandler - 

Request DefaultFullHttpRequest(decodeResult: success, version: HTTP/1.1, content: EmptyByteBufBE)
GET /session/96d4dd033b552a2f53bf7ab25e19935f/element/098a163c-3572-490c-a8d0-57adb7328c34/enabled HTTP/1.1
User-Agent: selenium/4.1.2 (java windows)
Cache-Control: no-cache
Content-Type: application/json; charset=utf-8
host: localhost:52173
accept: */*

Response DefaultHttpResponse(decodeResult: success, version: HTTP/1.1)
HTTP/1.1 200 OK
Content-Type: application/json; charset=utf-8
cache-control: no-cache
content-length: 14

17:42:02.838 [AsyncHttpClient-1-2] DEBUG org.asynchttpclient.netty.channel.ChannelManager - Adding key: http://localhost:52173 for channel [id: 0x21310f9f, L:/127.0.0.1:57416 - R:localhost/127.0.0.1:52173]
17:42:02.839 [Forwarding isElementEnabled on session 96d4dd033b552a2f53bf7ab25e19935f to remote] DEBUG org.asynchttpclient.netty.request.NettyRequestSender - Using pooled Channel '[id: 0x21310f9f, L:/127.0.0.1:57416 - R:localhost/127.0.0.1:52173]' for 'GET' to 'http://localhost:52173/session/96d4dd033b552a2f53bf7ab25e19935f/element/098a163c-3572-490c-a8d0-57adb7328c34/enabled'
17:42:02.840 [Forwarding isElementEnabled on session 96d4dd033b552a2f53bf7ab25e19935f to remote] DEBUG org.asynchttpclient.netty.request.NettyRequestSender - Using open Channel [id: 0x21310f9f, L:/127.0.0.1:57416 - R:localhost/127.0.0.1:52173] for GET '/session/96d4dd033b552a2f53bf7ab25e19935f/element/098a163c-3572-490c-a8d0-57adb7328c34/enabled'
17:42:02.849 [AsyncHttpClient-1-2] DEBUG org.asynchttpclient.netty.handler.HttpHandler - 

Request DefaultFullHttpRequest(decodeResult: success, version: HTTP/1.1, content: EmptyByteBufBE)
GET /session/96d4dd033b552a2f53bf7ab25e19935f/element/098a163c-3572-490c-a8d0-57adb7328c34/enabled HTTP/1.1
User-Agent: selenium/4.1.2 (java windows)
Cache-Control: no-cache
Content-Type: application/json; charset=utf-8
host: localhost:52173
accept: */*

Response DefaultHttpResponse(decodeResult: success, version: HTTP/1.1)
HTTP/1.1 200 OK
Content-Type: application/json; charset=utf-8
cache-control: no-cache
content-length: 14

17:42:02.849 [AsyncHttpClient-1-2] DEBUG org.asynchttpclient.netty.channel.ChannelManager - Adding key: http://localhost:52173 for channel [id: 0x21310f9f, L:/127.0.0.1:57416 - R:localhost/127.0.0.1:52173]
17:42:02.851 [Forwarding findElement on session 96d4dd033b552a2f53bf7ab25e19935f to remote] DEBUG org.asynchttpclient.netty.request.NettyRequestSender - Using pooled Channel '[id: 0x21310f9f, L:/127.0.0.1:57416 - R:localhost/127.0.0.1:52173]' for 'POST' to 'http://localhost:52173/session/96d4dd033b552a2f53bf7ab25e19935f/element'
17:42:02.852 [Forwarding findElement on session 96d4dd033b552a2f53bf7ab25e19935f to remote] DEBUG org.asynchttpclient.netty.request.NettyRequestSender - Using open Channel [id: 0x21310f9f, L:/127.0.0.1:57416 - R:localhost/127.0.0.1:52173] for POST '/session/96d4dd033b552a2f53bf7ab25e19935f/element'
17:42:02.861 [AsyncHttpClient-1-2] DEBUG org.asynchttpclient.netty.handler.HttpHandler - 

Request DefaultHttpRequest(decodeResult: success, version: HTTP/1.1)
POST /session/96d4dd033b552a2f53bf7ab25e19935f/element HTTP/1.1
User-Agent: selenium/4.1.2 (java windows)
Content-Length: 104
Content-Type: application/json; charset=utf-8
host: localhost:52173
accept: */*

Response DefaultHttpResponse(decodeResult: success, version: HTTP/1.1)
HTTP/1.1 200 OK
Content-Type: application/json; charset=utf-8
cache-control: no-cache
content-length: 88

17:42:02.862 [AsyncHttpClient-1-2] DEBUG org.asynchttpclient.netty.channel.ChannelManager - Adding key: http://localhost:52173 for channel [id: 0x21310f9f, L:/127.0.0.1:57416 - R:localhost/127.0.0.1:52173]
17:42:02.863 [Forwarding clickElement on session 96d4dd033b552a2f53bf7ab25e19935f to remote] DEBUG org.asynchttpclient.netty.request.NettyRequestSender - Using pooled Channel '[id: 0x21310f9f, L:/127.0.0.1:57416 - R:localhost/127.0.0.1:52173]' for 'POST' to 'http://localhost:52173/session/96d4dd033b552a2f53bf7ab25e19935f/element/098a163c-3572-490c-a8d0-57adb7328c34/click'
17:42:02.863 [Forwarding clickElement on session 96d4dd033b552a2f53bf7ab25e19935f to remote] DEBUG org.asynchttpclient.netty.request.NettyRequestSender - Using open Channel [id: 0x21310f9f, L:/127.0.0.1:57416 - R:localhost/127.0.0.1:52173] for POST '/session/96d4dd033b552a2f53bf7ab25e19935f/element/098a163c-3572-490c-a8d0-57adb7328c34/click'
17:42:02.986 [AsyncHttpClient-1-2] DEBUG org.asynchttpclient.netty.handler.HttpHandler - 

Request DefaultHttpRequest(decodeResult: success, version: HTTP/1.1)
POST /session/96d4dd033b552a2f53bf7ab25e19935f/element/098a163c-3572-490c-a8d0-57adb7328c34/click HTTP/1.1
User-Agent: selenium/4.1.2 (java windows)
Content-Length: 50
Content-Type: application/json; charset=utf-8
host: localhost:52173
accept: */*

Response DefaultHttpResponse(decodeResult: success, version: HTTP/1.1)
HTTP/1.1 200 OK
Content-Type: application/json; charset=utf-8
cache-control: no-cache
content-length: 14

17:42:02.986 [AsyncHttpClient-1-2] DEBUG org.asynchttpclient.netty.channel.ChannelManager - Adding key: http://localhost:52173 for channel [id: 0x21310f9f, L:/127.0.0.1:57416 - R:localhost/127.0.0.1:52173]
17:42:02.999 [Forwarding screenshot on session 96d4dd033b552a2f53bf7ab25e19935f to remote] DEBUG org.asynchttpclient.netty.request.NettyRequestSender - Using pooled Channel '[id: 0x21310f9f, L:/127.0.0.1:57416 - R:localhost/127.0.0.1:52173]' for 'GET' to 'http://localhost:52173/session/96d4dd033b552a2f53bf7ab25e19935f/screenshot'
17:42:02.999 [Forwarding screenshot on session 96d4dd033b552a2f53bf7ab25e19935f to remote] DEBUG org.asynchttpclient.netty.request.NettyRequestSender - Using open Channel [id: 0x21310f9f, L:/127.0.0.1:57416 - R:localhost/127.0.0.1:52173] for GET '/session/96d4dd033b552a2f53bf7ab25e19935f/screenshot'
17:42:03.136 [AsyncHttpClient-1-2] DEBUG org.asynchttpclient.netty.handler.HttpHandler - 

Request DefaultFullHttpRequest(decodeResult: success, version: HTTP/1.1, content: EmptyByteBufBE)
GET /session/96d4dd033b552a2f53bf7ab25e19935f/screenshot HTTP/1.1
User-Agent: selenium/4.1.2 (java windows)
Cache-Control: no-cache
Content-Type: application/json; charset=utf-8
host: localhost:52173
accept: */*

Response DefaultHttpResponse(decodeResult: success, version: HTTP/1.1)
HTTP/1.1 200 OK
Content-Type: application/json; charset=utf-8
cache-control: no-cache
content-length: 125172

17:42:03.137 [AsyncHttpClient-1-2] DEBUG org.asynchttpclient.netty.channel.ChannelManager - Adding key: http://localhost:52173 for channel [id: 0x21310f9f, L:/127.0.0.1:57416 - R:localhost/127.0.0.1:52173]
17:42:03.145 [main] DEBUG net.serenitybdd.core.photography.Darkroom - Send negative for processing for target\site\serenity\e0a5e9edeba29eae5a712b754a338421c4dcbc33a88963f3a6221cf99365ab2f.png
17:42:03.145 [main] DEBUG net.thucydides.core.steps.StepInterceptor - STEP DONE: clickNewPatientXButton
  &amp#27;[32mThen &amp#27;[0m&amp#27;[32mI click new patient form x button&amp#27;[0m     &amp#27;[90m# starter.stepdefinitions.PatientSteps.iClickNewPatientFormXButton()&amp#27;[0m
17:42:03.146 [Darkroom Processing Line] DEBUG net.serenitybdd.core.photography.DarkroomProcessingLine - Processing screenshot image in /var/screenshots/screenshot-17930409675537037630
17:42:03.146 [Darkroom Processing Line] DEBUG net.serenitybdd.core.photography.DarkroomProcessingLine - Saving screenshot to target\site\serenity\e0a5e9edeba29eae5a712b754a338421c4dcbc33a88963f3a6221cf99365ab2f.png
17:42:03.156 [main] INFO  - 
  _____   ___   ___   _____     ___     _     ___   ___   ___   ___  
 |_   _| | __| / __| |_   _|   | _ \   /_\   / __| / __| | __| |   \ 
   | |   | _|  \__ \   | |     |  _/  / _ \  \__ \ \__ \ | _|  | |) |
   |_|   |___| |___/   |_|     |_|   /_/ \_\ |___/ |___/ |___| |___/ 

Cancel Create New Patient Scenario
----------------------------------------------------------------------
17:42:03.159 [AsyncHttpClient-1-4] DEBUG org.asynchttpclient.netty.handler.WebSocketHandler - Channel Closed: [id: 0x6a4c2f61, L:/127.0.0.1:57424 ! R:localhost/127.0.0.1:57417] with attribute NettyResponseFuture{currentRetry=5,
	isDone=1,
	isCancelled=0,
	asyncHandler=org.asynchttpclient.ws.WebSocketUpgradeHandler@14e30636,
	nettyRequest=org.asynchttpclient.netty.request.NettyRequest@6f1a0ed4,
	future=java.util.concurrent.CompletableFuture@70c522ac[Completed normally],
	uri=ws://localhost:57417/devtools/browser/b7adb544-97cd-45d3-b482-4eff9c0ec4fa,
	keepAlive=true,
	redirectCount=0,
	timeoutsHolder=null,
	inAuth=0,
	touch=1655548918650}
17:42:03.159 [AsyncHttpClient-1-4] DEBUG org.asynchttpclient.netty.channel.ChannelManager - Closing Channel [id: 0x6a4c2f61, L:/127.0.0.1:57424 ! R:localhost/127.0.0.1:57417] 
17:42:03.160 [Driver Command Executor] DEBUG org.asynchttpclient.netty.request.NettyRequestSender - Using pooled Channel '[id: 0x21310f9f, L:/127.0.0.1:57416 - R:localhost/127.0.0.1:52173]' for 'DELETE' to 'http://localhost:52173/session/96d4dd033b552a2f53bf7ab25e19935f'
17:42:03.160 [Driver Command Executor] DEBUG org.asynchttpclient.netty.request.NettyRequestSender - Using open Channel [id: 0x21310f9f, L:/127.0.0.1:57416 - R:localhost/127.0.0.1:52173] for DELETE '/session/96d4dd033b552a2f53bf7ab25e19935f'
17:42:03.196 [AsyncHttpClient-1-3] DEBUG org.asynchttpclient.netty.handler.HttpHandler - Unexpected I/O exception on channel [id: 0x5b6fb29a, L:/127.0.0.1:57423 - R:localhost/127.0.0.1:57417]
java.net.SocketException: Connection reset
	at java.base/sun.nio.ch.SocketChannelImpl.throwConnectionReset(SocketChannelImpl.java:367)
	at java.base/sun.nio.ch.SocketChannelImpl.read(SocketChannelImpl.java:398)
	at io.netty.buffer.PooledByteBuf.setBytes(PooledByteBuf.java:258)
	at io.netty.buffer.AbstractByteBuf.writeBytes(AbstractByteBuf.java:1132)
	at io.netty.channel.socket.nio.NioSocketChannel.doReadBytes(NioSocketChannel.java:350)
	at io.netty.channel.nio.AbstractNioByteChannel$NioByteUnsafe.read(AbstractNioByteChannel.java:151)
	at io.netty.channel.nio.NioEventLoop.processSelectedKey(NioEventLoop.java:722)
	at io.netty.channel.nio.NioEventLoop.processSelectedKeysOptimized(NioEventLoop.java:658)
	at io.netty.channel.nio.NioEventLoop.processSelectedKeys(NioEventLoop.java:584)
	at io.netty.channel.nio.NioEventLoop.run(NioEventLoop.java:496)
	at io.netty.util.concurrent.SingleThreadEventExecutor$4.run(SingleThreadEventExecutor.java:986)
	at io.netty.util.internal.ThreadExecutorMap$2.run(ThreadExecutorMap.java:74)
	at io.netty.util.concurrent.FastThreadLocalRunnable.run(FastThreadLocalRunnable.java:30)
	at java.base/java.lang.Thread.run(Thread.java:832)
17:42:03.196 [AsyncHttpClient-1-3] DEBUG org.asynchttpclient.netty.channel.ChannelManager - Closing Channel [id: 0x5b6fb29a, L:/127.0.0.1:57423 - R:localhost/127.0.0.1:57417] 
17:42:03.196 [AsyncHttpClient-1-3] DEBUG org.asynchttpclient.netty.handler.HttpHandler - Channel Closed: [id: 0x5b6fb29a, L:/127.0.0.1:57423 ! R:localhost/127.0.0.1:57417] with attribute DISCARD
17:42:03.201 [AsyncHttpClient-1-1] DEBUG org.asynchttpclient.netty.channel.DefaultChannelPool - Entry count for : http://localhost:57417 : 1
17:42:03.201 [AsyncHttpClient-1-1] DEBUG org.asynchttpclient.netty.channel.DefaultChannelPool - Adding Candidate expired Channel [id: 0x5b6fb29a, L:/127.0.0.1:57423 ! R:localhost/127.0.0.1:57417] isIdleTimeoutExpired=false isRemotelyClosed=true isTtlExpired=false
17:42:03.201 [AsyncHttpClient-1-1] DEBUG org.asynchttpclient.netty.channel.DefaultChannelPool - Closing Idle Channel [id: 0x5b6fb29a, L:/127.0.0.1:57423 ! R:localhost/127.0.0.1:57417]
17:42:03.201 [AsyncHttpClient-1-1] DEBUG org.asynchttpclient.netty.channel.DefaultChannelPool - Closed 1 connections out of 1 in 0 ms
17:42:03.213 [AsyncHttpClient-1-2] DEBUG org.asynchttpclient.netty.handler.HttpHandler - 

Request DefaultFullHttpRequest(decodeResult: success, version: HTTP/1.1, content: EmptyByteBufBE)
DELETE /session/96d4dd033b552a2f53bf7ab25e19935f HTTP/1.1
User-Agent: selenium/4.1.2 (java windows)
Content-Type: application/json; charset=utf-8
host: localhost:52173
accept: */*

Response DefaultHttpResponse(decodeResult: success, version: HTTP/1.1)
HTTP/1.1 200 OK
Content-Type: application/json; charset=utf-8
cache-control: no-cache
content-length: 14

17:42:03.213 [AsyncHttpClient-1-2] DEBUG org.asynchttpclient.netty.channel.ChannelManager - Adding key: http://localhost:52173 for channel [id: 0x21310f9f, L:/127.0.0.1:57416 - R:localhost/127.0.0.1:52173]
17:42:03.367 [AsyncHttpClient-1-2] DEBUG org.asynchttpclient.netty.handler.HttpHandler - Channel Closed: [id: 0x21310f9f, L:/127.0.0.1:57416 ! R:localhost/127.0.0.1:52173] with attribute DISCARD
]]></system-out>
    <system-err><![CDATA[Starting ChromeDriver 102.0.5005.61 (0e59bcc00cc4985ce39ad31c150065f159d95ad3-refs/branch-heads/5005@{#819}) on port 52173
Only local connections are allowed.
Please see https://chromedriver.chromium.org/security-considerations for suggestions on keeping ChromeDriver safe.
ChromeDriver was started successfully.
Jun 18, 2022 5:41:58 PM org.openqa.selenium.remote.ProtocolHandshake createSession
INFO: Detected dialect: W3C
Jun 18, 2022 5:41:58 PM org.openqa.selenium.devtools.CdpVersionFinder findNearestMatch
WARNING: Unable to find an exact match for CDP version 102, so returning the closest version found: a no-op implementation
Jun 18, 2022 5:41:58 PM org.openqa.selenium.devtools.CdpVersionFinder findNearestMatch
INFO: Unable to find CDP implementation matching 102.
Jun 18, 2022 5:41:58 PM org.openqa.selenium.chromium.ChromiumDriver lambda$new$3
WARNING: Unable to find version of CDP to use for . You may need to include a dependency on a specific version of the CDP using something similar to `org.seleniumhq.selenium:selenium-devtools-v86:4.1.2` where the version ("v86") matches the version of the chromium-based browser you're using and the version number of the artifact is the same as Selenium's.
]]></system-err>
  </testcase>
  <testcase name="Edit Patient Data Scenario" classname="Patient" time="9.461">
    <system-out><![CDATA[
@Patient @EditPatient
Scenario: Edit Patient Data Scenario            &amp#27;[90m# src/test/resources/features/2.Patient.feature:22&amp#27;[0m
17:42:03.911 [main] INFO io.cucumber.core.plugin.SerenityReporter - Running feature from file:///E:/My%20Documents/File%20Difa/TI%20Semester%206%20Kampus%20Merdeka%20Alterra/Tugas/CAPSTONE%20Project/Capstone-Project-Website/src/test/resources/features/2.Patient.feature
17:42:03.915 [main] INFO  - 
  _____   ___   ___   _____     ___   _____     _     ___   _____   ___   ___  
 |_   _| | __| / __| |_   _|   / __| |_   _|   /_\   | _ \ |_   _| | __| |   \ 
   | |   | _|  \__ \   | |     \__ \   | |    / _ \  |   /   | |   | _|  | |) |
   |_|   |___| |___/   |_|     |___/   |_|   /_/ \_\ |_|_\   |_|   |___| |___/ 

Edit Patient Data Scenario(patient;edit-patient-data-scenario)
--------------------------------------------------------------------------------
17:42:03.945 [main] DEBUG net.thucydides.core.steps.StepInterceptor - STARTING STEP: PatientSteps.iAmAtTheDashboardPage - openUrl
17:42:03.947 [main] INFO net.serenitybdd.core.webdriver.driverproviders.ChromeDriverProvider - Using automatically driver download
17:42:04.105 [main] DEBUG io.github.bonigarcia.wdm.cache.ResolutionCache - Resolution chrome=102 in cache (valid until 18:14:23 18/06/2022 ICT)
17:42:04.109 [main] DEBUG io.github.bonigarcia.wdm.cache.ResolutionCache - Resolution chrome102=102.0.5005.61 in cache (valid until 17:29:52 19/06/2022 ICT)
17:42:04.112 [main] INFO io.github.bonigarcia.wdm.WebDriverManager - Using chromedriver 102.0.5005.61 (resolved driver for Chrome 102)
17:42:04.124 [main] DEBUG io.github.bonigarcia.wdm.WebDriverManager - Driver chromedriver 102.0.5005.61 found in cache
17:42:04.124 [main] INFO io.github.bonigarcia.wdm.WebDriverManager - Exporting webdriver.chrome.driver as C:\Users\USER\.cache\selenium\chromedriver\win32\102.0.5005.61\chromedriver.exe
17:42:04.300 [AsyncHttpClient-1-1] DEBUG org.asynchttpclient.netty.channel.DefaultChannelPool - Entry count for : http://localhost:52173 : 1
17:42:04.300 [main] DEBUG net.serenitybdd.core.webdriver.driverproviders.ProvideNewDriver - Instantiating driver
17:42:04.300 [AsyncHttpClient-1-1] DEBUG org.asynchttpclient.netty.channel.DefaultChannelPool - Adding Candidate expired Channel [id: 0x21310f9f, L:/127.0.0.1:57416 ! R:localhost/127.0.0.1:52173] isIdleTimeoutExpired=false isRemotelyClosed=true isTtlExpired=false
17:42:04.300 [AsyncHttpClient-1-1] DEBUG org.asynchttpclient.netty.channel.DefaultChannelPool - Closing Idle Channel [id: 0x21310f9f, L:/127.0.0.1:57416 ! R:localhost/127.0.0.1:52173]
17:42:04.300 [AsyncHttpClient-1-1] DEBUG org.asynchttpclient.netty.channel.DefaultChannelPool - Closed 1 connections out of 1 in 0 ms
17:42:04.300 [main] DEBUG net.serenitybdd.core.webdriver.driverproviders.ProvideNewDriver - Driver capabilities: Capabilities {acceptInsecureCerts: false, base.url: https://hospital-management..., browserName: chrome, chrome.driver: src/test/resources/webdrive..., driver: chrome, goog:chromeOptions: {args: [], extensions: []}}
17:42:04.843 [AsyncHttpClient-1-5] DEBUG org.asynchttpclient.netty.channel.NettyConnectListener - Using new Channel '[id: 0x57455834, L:/127.0.0.1:57443 - R:localhost/127.0.0.1:54131]' for 'POST' to '/session'
17:42:05.634 [AsyncHttpClient-1-5] DEBUG org.asynchttpclient.netty.handler.HttpHandler - 

Request DefaultHttpRequest(decodeResult: success, version: HTTP/1.1)
POST /session HTTP/1.1
User-Agent: selenium/4.1.2 (java windows)
Content-Length: 621
Content-Type: application/json; charset=utf-8
host: localhost:54131
accept: */*

Response DefaultHttpResponse(decodeResult: success, version: HTTP/1.1)
HTTP/1.1 200 OK
Content-Type: application/json; charset=utf-8
cache-control: no-cache
content-length: 788

17:42:05.635 [AsyncHttpClient-1-5] DEBUG org.asynchttpclient.netty.channel.ChannelManager - Adding key: http://localhost:54131 for channel [id: 0x57455834, L:/127.0.0.1:57443 - R:localhost/127.0.0.1:54131]
17:42:05.652 [AsyncHttpClient-1-6] DEBUG org.asynchttpclient.netty.channel.NettyConnectListener - Using new Channel '[id: 0xd073c838, L:/127.0.0.1:57450 - R:localhost/127.0.0.1:57445]' for 'GET' to '/json/version'
17:42:05.652 [AsyncHttpClient-1-6] DEBUG org.asynchttpclient.netty.handler.HttpHandler - 

Request DefaultFullHttpRequest(decodeResult: success, version: HTTP/1.1, content: EmptyByteBufBE)
GET /json/version HTTP/1.1
User-Agent: selenium/4.1.2 (java windows)
host: localhost:57445
accept: */*

Response DefaultHttpResponse(decodeResult: success, version: HTTP/1.1)
HTTP/1.1 200 OK
Content-Type: application/json; charset=UTF-8
content-length: 427

17:42:05.653 [AsyncHttpClient-1-6] DEBUG org.asynchttpclient.netty.channel.ChannelManager - Adding key: http://localhost:57445 for channel [id: 0xd073c838, L:/127.0.0.1:57450 - R:localhost/127.0.0.1:57445]
17:42:05.656 [AsyncHttpClient-1-7] DEBUG org.asynchttpclient.netty.channel.NettyConnectListener - Using new Channel '[id: 0x6c67ad01, L:/127.0.0.1:57451 - R:localhost/127.0.0.1:57445]' for 'GET' to '/devtools/browser/ae27ad1b-2c6b-4bea-9bf1-3bd3b10f4da5'
17:42:05.657 [AsyncHttpClient-1-7] DEBUG org.asynchttpclient.netty.handler.WebSocketHandler - 

Request DefaultFullHttpRequest(decodeResult: success, version: HTTP/1.1, content: EmptyByteBufBE)
GET /devtools/browser/ae27ad1b-2c6b-4bea-9bf1-3bd3b10f4da5 HTTP/1.1
upgrade: websocket
connection: upgrade
sec-websocket-key: 8h0hmdKvzdWurxhMNsSNBA==
sec-websocket-version: 13
origin: http://localhost:57445
host: localhost:57445
accept: */*
user-agent: AHC/2.1

Response DefaultHttpResponse(decodeResult: success, version: HTTP/1.1)
HTTP/1.1 101 WebSocket Protocol Handshake
Upgrade: WebSocket
Connection: Upgrade
Sec-WebSocket-Accept: oSYc02+Fuxxltn7gyg0MoRQ7c9E=

17:42:05.663 [Forwarding maximizeCurrentWindow on session 347b717d92e74d09b10b57bf56018adb to remote] DEBUG org.asynchttpclient.netty.request.NettyRequestSender - Using pooled Channel '[id: 0x57455834, L:/127.0.0.1:57443 - R:localhost/127.0.0.1:54131]' for 'POST' to 'http://localhost:54131/session/347b717d92e74d09b10b57bf56018adb/window/maximize'
17:42:05.663 [Forwarding maximizeCurrentWindow on session 347b717d92e74d09b10b57bf56018adb to remote] DEBUG org.asynchttpclient.netty.request.NettyRequestSender - Using open Channel [id: 0x57455834, L:/127.0.0.1:57443 - R:localhost/127.0.0.1:54131] for POST '/session/347b717d92e74d09b10b57bf56018adb/window/maximize'
17:42:05.873 [AsyncHttpClient-1-5] DEBUG org.asynchttpclient.netty.handler.HttpHandler - 

Request DefaultHttpRequest(decodeResult: success, version: HTTP/1.1)
POST /session/347b717d92e74d09b10b57bf56018adb/window/maximize HTTP/1.1
User-Agent: selenium/4.1.2 (java windows)
Content-Length: 3
Content-Type: application/json; charset=utf-8
host: localhost:54131
accept: */*

Response DefaultHttpResponse(decodeResult: success, version: HTTP/1.1)
HTTP/1.1 200 OK
Content-Type: application/json; charset=utf-8
cache-control: no-cache
content-length: 51

17:42:05.873 [AsyncHttpClient-1-5] DEBUG org.asynchttpclient.netty.channel.ChannelManager - Adding key: http://localhost:54131 for channel [id: 0x57455834, L:/127.0.0.1:57443 - R:localhost/127.0.0.1:54131]
17:42:05.878 [Forwarding get on session 347b717d92e74d09b10b57bf56018adb to remote] DEBUG org.asynchttpclient.netty.request.NettyRequestSender - Using pooled Channel '[id: 0x57455834, L:/127.0.0.1:57443 - R:localhost/127.0.0.1:54131]' for 'POST' to 'http://localhost:54131/session/347b717d92e74d09b10b57bf56018adb/url'
17:42:05.878 [Forwarding get on session 347b717d92e74d09b10b57bf56018adb to remote] DEBUG org.asynchttpclient.netty.request.NettyRequestSender - Using open Channel [id: 0x57455834, L:/127.0.0.1:57443 - R:localhost/127.0.0.1:54131] for POST '/session/347b717d92e74d09b10b57bf56018adb/url'
17:42:06.545 [AsyncHttpClient-1-1] DEBUG org.asynchttpclient.netty.channel.DefaultChannelPool - Entry count for : http://localhost:57445 : 1
17:42:07.601 [AsyncHttpClient-1-1] DEBUG org.asynchttpclient.netty.channel.DefaultChannelPool - Entry count for : http://localhost:57445 : 1
17:42:08.324 [AsyncHttpClient-1-5] DEBUG org.asynchttpclient.netty.handler.HttpHandler - 

Request DefaultHttpRequest(decodeResult: success, version: HTTP/1.1)
POST /session/347b717d92e74d09b10b57bf56018adb/url HTTP/1.1
User-Agent: selenium/4.1.2 (java windows)
Content-Length: 65
Content-Type: application/json; charset=utf-8
host: localhost:54131
accept: */*

Response DefaultHttpResponse(decodeResult: success, version: HTTP/1.1)
HTTP/1.1 200 OK
Content-Type: application/json; charset=utf-8
cache-control: no-cache
content-length: 14

17:42:08.324 [AsyncHttpClient-1-5] DEBUG org.asynchttpclient.netty.channel.ChannelManager - Adding key: http://localhost:54131 for channel [id: 0x57455834, L:/127.0.0.1:57443 - R:localhost/127.0.0.1:54131]
17:42:08.327 [Forwarding setTimeout on session 347b717d92e74d09b10b57bf56018adb to remote] DEBUG org.asynchttpclient.netty.request.NettyRequestSender - Using pooled Channel '[id: 0x57455834, L:/127.0.0.1:57443 - R:localhost/127.0.0.1:54131]' for 'POST' to 'http://localhost:54131/session/347b717d92e74d09b10b57bf56018adb/timeouts'
17:42:08.327 [Forwarding setTimeout on session 347b717d92e74d09b10b57bf56018adb to remote] DEBUG org.asynchttpclient.netty.request.NettyRequestSender - Using open Channel [id: 0x57455834, L:/127.0.0.1:57443 - R:localhost/127.0.0.1:54131] for POST '/session/347b717d92e74d09b10b57bf56018adb/timeouts'
17:42:08.332 [AsyncHttpClient-1-5] DEBUG org.asynchttpclient.netty.handler.HttpHandler - 

Request DefaultHttpRequest(decodeResult: success, version: HTTP/1.1)
POST /session/347b717d92e74d09b10b57bf56018adb/timeouts HTTP/1.1
User-Agent: selenium/4.1.2 (java windows)
Content-Length: 22
Content-Type: application/json; charset=utf-8
host: localhost:54131
accept: */*

Response DefaultHttpResponse(decodeResult: success, version: HTTP/1.1)
HTTP/1.1 200 OK
Content-Type: application/json; charset=utf-8
cache-control: no-cache
content-length: 14

17:42:08.332 [AsyncHttpClient-1-5] DEBUG org.asynchttpclient.netty.channel.ChannelManager - Adding key: http://localhost:54131 for channel [id: 0x57455834, L:/127.0.0.1:57443 - R:localhost/127.0.0.1:54131]
17:42:08.339 [Forwarding getCurrentUrl on session 347b717d92e74d09b10b57bf56018adb to remote] DEBUG org.asynchttpclient.netty.request.NettyRequestSender - Using pooled Channel '[id: 0x57455834, L:/127.0.0.1:57443 - R:localhost/127.0.0.1:54131]' for 'GET' to 'http://localhost:54131/session/347b717d92e74d09b10b57bf56018adb/url'
17:42:08.339 [Forwarding getCurrentUrl on session 347b717d92e74d09b10b57bf56018adb to remote] DEBUG org.asynchttpclient.netty.request.NettyRequestSender - Using open Channel [id: 0x57455834, L:/127.0.0.1:57443 - R:localhost/127.0.0.1:54131] for GET '/session/347b717d92e74d09b10b57bf56018adb/url'
17:42:08.366 [AsyncHttpClient-1-5] DEBUG org.asynchttpclient.netty.handler.HttpHandler - 

Request DefaultFullHttpRequest(decodeResult: success, version: HTTP/1.1, content: EmptyByteBufBE)
GET /session/347b717d92e74d09b10b57bf56018adb/url HTTP/1.1
User-Agent: selenium/4.1.2 (java windows)
Cache-Control: no-cache
Content-Type: application/json; charset=utf-8
host: localhost:54131
accept: */*

Response DefaultHttpResponse(decodeResult: success, version: HTTP/1.1)
HTTP/1.1 200 OK
Content-Type: application/json; charset=utf-8
cache-control: no-cache
content-length: 53

17:42:08.366 [AsyncHttpClient-1-5] DEBUG org.asynchttpclient.netty.channel.ChannelManager - Adding key: http://localhost:54131 for channel [id: 0x57455834, L:/127.0.0.1:57443 - R:localhost/127.0.0.1:54131]
17:42:08.373 [Forwarding getCurrentUrl on session 347b717d92e74d09b10b57bf56018adb to remote] DEBUG org.asynchttpclient.netty.request.NettyRequestSender - Using pooled Channel '[id: 0x57455834, L:/127.0.0.1:57443 - R:localhost/127.0.0.1:54131]' for 'GET' to 'http://localhost:54131/session/347b717d92e74d09b10b57bf56018adb/url'
17:42:08.373 [Forwarding getCurrentUrl on session 347b717d92e74d09b10b57bf56018adb to remote] DEBUG org.asynchttpclient.netty.request.NettyRequestSender - Using open Channel [id: 0x57455834, L:/127.0.0.1:57443 - R:localhost/127.0.0.1:54131] for GET '/session/347b717d92e74d09b10b57bf56018adb/url'
17:42:08.380 [AsyncHttpClient-1-5] DEBUG org.asynchttpclient.netty.handler.HttpHandler - 

Request DefaultFullHttpRequest(decodeResult: success, version: HTTP/1.1, content: EmptyByteBufBE)
GET /session/347b717d92e74d09b10b57bf56018adb/url HTTP/1.1
User-Agent: selenium/4.1.2 (java windows)
Cache-Control: no-cache
Content-Type: application/json; charset=utf-8
host: localhost:54131
accept: */*

Response DefaultHttpResponse(decodeResult: success, version: HTTP/1.1)
HTTP/1.1 200 OK
Content-Type: application/json; charset=utf-8
cache-control: no-cache
content-length: 53

17:42:08.380 [AsyncHttpClient-1-5] DEBUG org.asynchttpclient.netty.channel.ChannelManager - Adding key: http://localhost:54131 for channel [id: 0x57455834, L:/127.0.0.1:57443 - R:localhost/127.0.0.1:54131]
17:42:08.392 [Forwarding screenshot on session 347b717d92e74d09b10b57bf56018adb to remote] DEBUG org.asynchttpclient.netty.request.NettyRequestSender - Using pooled Channel '[id: 0x57455834, L:/127.0.0.1:57443 - R:localhost/127.0.0.1:54131]' for 'GET' to 'http://localhost:54131/session/347b717d92e74d09b10b57bf56018adb/screenshot'
17:42:08.392 [Forwarding screenshot on session 347b717d92e74d09b10b57bf56018adb to remote] DEBUG org.asynchttpclient.netty.request.NettyRequestSender - Using open Channel [id: 0x57455834, L:/127.0.0.1:57443 - R:localhost/127.0.0.1:54131] for GET '/session/347b717d92e74d09b10b57bf56018adb/screenshot'
17:42:08.681 [AsyncHttpClient-1-5] DEBUG org.asynchttpclient.netty.handler.HttpHandler - 

Request DefaultFullHttpRequest(decodeResult: success, version: HTTP/1.1, content: EmptyByteBufBE)
GET /session/347b717d92e74d09b10b57bf56018adb/screenshot HTTP/1.1
User-Agent: selenium/4.1.2 (java windows)
Cache-Control: no-cache
Content-Type: application/json; charset=utf-8
host: localhost:54131
accept: */*

Response DefaultHttpResponse(decodeResult: success, version: HTTP/1.1)
HTTP/1.1 200 OK
Content-Type: application/json; charset=utf-8
cache-control: no-cache
content-length: 198888

17:42:08.683 [AsyncHttpClient-1-5] DEBUG org.asynchttpclient.netty.channel.ChannelManager - Adding key: http://localhost:54131 for channel [id: 0x57455834, L:/127.0.0.1:57443 - R:localhost/127.0.0.1:54131]
17:42:08.695 [main] DEBUG net.serenitybdd.core.photography.Darkroom - Send negative for processing for target\site\serenity\4753d361d3a4d5c5dc2f18ddba81ccf4dafa9a1d39df3e27f1a3ea8a18a21424.png
17:42:08.695 [main] DEBUG net.thucydides.core.steps.StepInterceptor - STEP DONE: openUrl
17:42:08.700 [AsyncHttpClient-1-1] DEBUG org.asynchttpclient.netty.channel.DefaultChannelPool - Entry count for : http://localhost:54131 : 1
17:42:08.700 [AsyncHttpClient-1-1] DEBUG org.asynchttpclient.netty.channel.DefaultChannelPool - Entry count for : http://localhost:57445 : 1
17:42:08.707 [main] DEBUG net.thucydides.core.steps.StepInterceptor - STARTING STEP: PatientSteps.iAmAtTheDashboardPage - validateOnDashboardPage
17:42:08.710 [Forwarding findElement on session 347b717d92e74d09b10b57bf56018adb to remote] DEBUG org.asynchttpclient.netty.request.NettyRequestSender - Using pooled Channel '[id: 0x57455834, L:/127.0.0.1:57443 - R:localhost/127.0.0.1:54131]' for 'POST' to 'http://localhost:54131/session/347b717d92e74d09b10b57bf56018adb/element'
17:42:08.710 [Forwarding findElement on session 347b717d92e74d09b10b57bf56018adb to remote] DEBUG org.asynchttpclient.netty.request.NettyRequestSender - Using open Channel [id: 0x57455834, L:/127.0.0.1:57443 - R:localhost/127.0.0.1:54131] for POST '/session/347b717d92e74d09b10b57bf56018adb/element'
17:42:08.732 [AsyncHttpClient-1-5] DEBUG org.asynchttpclient.netty.handler.HttpHandler - 

Request DefaultHttpRequest(decodeResult: success, version: HTTP/1.1)
POST /session/347b717d92e74d09b10b57bf56018adb/element HTTP/1.1
User-Agent: selenium/4.1.2 (java windows)
Content-Length: 81
Content-Type: application/json; charset=utf-8
host: localhost:54131
accept: */*

Response DefaultHttpResponse(decodeResult: success, version: HTTP/1.1)
HTTP/1.1 200 OK
Content-Type: application/json; charset=utf-8
cache-control: no-cache
content-length: 88

17:42:08.732 [AsyncHttpClient-1-5] DEBUG org.asynchttpclient.netty.channel.ChannelManager - Adding key: http://localhost:54131 for channel [id: 0x57455834, L:/127.0.0.1:57443 - R:localhost/127.0.0.1:54131]
17:42:08.755 [Forwarding isElementDisplayed on session 347b717d92e74d09b10b57bf56018adb to remote] DEBUG org.asynchttpclient.netty.request.NettyRequestSender - Using pooled Channel '[id: 0x57455834, L:/127.0.0.1:57443 - R:localhost/127.0.0.1:54131]' for 'POST' to 'http://localhost:54131/session/347b717d92e74d09b10b57bf56018adb/execute/sync'
17:42:08.756 [Forwarding isElementDisplayed on session 347b717d92e74d09b10b57bf56018adb to remote] DEBUG org.asynchttpclient.netty.request.NettyRequestSender - Using open Channel [id: 0x57455834, L:/127.0.0.1:57443 - R:localhost/127.0.0.1:54131] for POST '/session/347b717d92e74d09b10b57bf56018adb/execute/sync'
17:42:08.783 [AsyncHttpClient-1-5] DEBUG org.asynchttpclient.netty.handler.HttpHandler - 

Request DefaultHttpRequest(decodeResult: success, version: HTTP/1.1)
POST /session/347b717d92e74d09b10b57bf56018adb/execute/sync HTTP/1.1
User-Agent: selenium/4.1.2 (java windows)
Content-Length: 48780
Content-Type: application/json; charset=utf-8
host: localhost:54131
accept: */*

Response DefaultHttpResponse(decodeResult: success, version: HTTP/1.1)
HTTP/1.1 200 OK
Content-Type: application/json; charset=utf-8
cache-control: no-cache
content-length: 14

17:42:08.783 [AsyncHttpClient-1-5] DEBUG org.asynchttpclient.netty.channel.ChannelManager - Adding key: http://localhost:54131 for channel [id: 0x57455834, L:/127.0.0.1:57443 - R:localhost/127.0.0.1:54131]
17:42:08.799 [Forwarding screenshot on session 347b717d92e74d09b10b57bf56018adb to remote] DEBUG org.asynchttpclient.netty.request.NettyRequestSender - Using pooled Channel '[id: 0x57455834, L:/127.0.0.1:57443 - R:localhost/127.0.0.1:54131]' for 'GET' to 'http://localhost:54131/session/347b717d92e74d09b10b57bf56018adb/screenshot'
17:42:08.799 [Forwarding screenshot on session 347b717d92e74d09b10b57bf56018adb to remote] DEBUG org.asynchttpclient.netty.request.NettyRequestSender - Using open Channel [id: 0x57455834, L:/127.0.0.1:57443 - R:localhost/127.0.0.1:54131] for GET '/session/347b717d92e74d09b10b57bf56018adb/screenshot'
17:42:09.039 [AsyncHttpClient-1-5] DEBUG org.asynchttpclient.netty.handler.HttpHandler - 

Request DefaultFullHttpRequest(decodeResult: success, version: HTTP/1.1, content: EmptyByteBufBE)
GET /session/347b717d92e74d09b10b57bf56018adb/screenshot HTTP/1.1
User-Agent: selenium/4.1.2 (java windows)
Cache-Control: no-cache
Content-Type: application/json; charset=utf-8
host: localhost:54131
accept: */*

Response DefaultHttpResponse(decodeResult: success, version: HTTP/1.1)
HTTP/1.1 200 OK
Content-Type: application/json; charset=utf-8
cache-control: no-cache
content-length: 198888

17:42:09.041 [AsyncHttpClient-1-5] DEBUG org.asynchttpclient.netty.channel.ChannelManager - Adding key: http://localhost:54131 for channel [id: 0x57455834, L:/127.0.0.1:57443 - R:localhost/127.0.0.1:54131]
17:42:09.053 [main] DEBUG net.serenitybdd.core.photography.Darkroom - Send negative for processing for target\site\serenity\4753d361d3a4d5c5dc2f18ddba81ccf4dafa9a1d39df3e27f1a3ea8a18a21424.png
17:42:09.054 [main] DEBUG net.thucydides.core.steps.StepInterceptor - STEP DONE: validateOnDashboardPage
  &amp#27;[32mGiven &amp#27;[0m&amp#27;[32mI am at the dashboard page&amp#27;[0m              &amp#27;[90m# starter.stepdefinitions.PatientSteps.iAmAtTheDashboardPage()&amp#27;[0m
17:42:09.081 [main] DEBUG net.thucydides.core.steps.StepInterceptor - STARTING STEP: PatientSteps.iClickMenuPatient - clickMenuPatientButton
17:42:09.085 [Forwarding findElement on session 347b717d92e74d09b10b57bf56018adb to remote] DEBUG org.asynchttpclient.netty.request.NettyRequestSender - Using pooled Channel '[id: 0x57455834, L:/127.0.0.1:57443 - R:localhost/127.0.0.1:54131]' for 'POST' to 'http://localhost:54131/session/347b717d92e74d09b10b57bf56018adb/element'
17:42:09.085 [Forwarding findElement on session 347b717d92e74d09b10b57bf56018adb to remote] DEBUG org.asynchttpclient.netty.request.NettyRequestSender - Using open Channel [id: 0x57455834, L:/127.0.0.1:57443 - R:localhost/127.0.0.1:54131] for POST '/session/347b717d92e74d09b10b57bf56018adb/element'
17:42:09.104 [AsyncHttpClient-1-5] DEBUG org.asynchttpclient.netty.handler.HttpHandler - 

Request DefaultHttpRequest(decodeResult: success, version: HTTP/1.1)
POST /session/347b717d92e74d09b10b57bf56018adb/element HTTP/1.1
User-Agent: selenium/4.1.2 (java windows)
Content-Length: 80
Content-Type: application/json; charset=utf-8
host: localhost:54131
accept: */*

Response DefaultHttpResponse(decodeResult: success, version: HTTP/1.1)
HTTP/1.1 200 OK
Content-Type: application/json; charset=utf-8
cache-control: no-cache
content-length: 88

17:42:09.104 [AsyncHttpClient-1-5] DEBUG org.asynchttpclient.netty.channel.ChannelManager - Adding key: http://localhost:54131 for channel [id: 0x57455834, L:/127.0.0.1:57443 - R:localhost/127.0.0.1:54131]
17:42:09.106 [Forwarding getElementTagName on session 347b717d92e74d09b10b57bf56018adb to remote] DEBUG org.asynchttpclient.netty.request.NettyRequestSender - Using pooled Channel '[id: 0x57455834, L:/127.0.0.1:57443 - R:localhost/127.0.0.1:54131]' for 'GET' to 'http://localhost:54131/session/347b717d92e74d09b10b57bf56018adb/element/01b096d1-9d9a-47d2-adcd-b2eb426d5fda/name'
17:42:09.106 [Forwarding getElementTagName on session 347b717d92e74d09b10b57bf56018adb to remote] DEBUG org.asynchttpclient.netty.request.NettyRequestSender - Using open Channel [id: 0x57455834, L:/127.0.0.1:57443 - R:localhost/127.0.0.1:54131] for GET '/session/347b717d92e74d09b10b57bf56018adb/element/01b096d1-9d9a-47d2-adcd-b2eb426d5fda/name'
17:42:09.111 [AsyncHttpClient-1-5] DEBUG org.asynchttpclient.netty.handler.HttpHandler - 

Request DefaultFullHttpRequest(decodeResult: success, version: HTTP/1.1, content: EmptyByteBufBE)
GET /session/347b717d92e74d09b10b57bf56018adb/element/01b096d1-9d9a-47d2-adcd-b2eb426d5fda/name HTTP/1.1
User-Agent: selenium/4.1.2 (java windows)
Cache-Control: no-cache
Content-Type: application/json; charset=utf-8
host: localhost:54131
accept: */*

Response DefaultHttpResponse(decodeResult: success, version: HTTP/1.1)
HTTP/1.1 200 OK
Content-Type: application/json; charset=utf-8
cache-control: no-cache
content-length: 15

17:42:09.111 [AsyncHttpClient-1-5] DEBUG org.asynchttpclient.netty.channel.ChannelManager - Adding key: http://localhost:54131 for channel [id: 0x57455834, L:/127.0.0.1:57443 - R:localhost/127.0.0.1:54131]
17:42:09.112 [Forwarding getElementTagName on session 347b717d92e74d09b10b57bf56018adb to remote] DEBUG org.asynchttpclient.netty.request.NettyRequestSender - Using pooled Channel '[id: 0x57455834, L:/127.0.0.1:57443 - R:localhost/127.0.0.1:54131]' for 'GET' to 'http://localhost:54131/session/347b717d92e74d09b10b57bf56018adb/element/01b096d1-9d9a-47d2-adcd-b2eb426d5fda/name'
17:42:09.112 [Forwarding getElementTagName on session 347b717d92e74d09b10b57bf56018adb to remote] DEBUG org.asynchttpclient.netty.request.NettyRequestSender - Using open Channel [id: 0x57455834, L:/127.0.0.1:57443 - R:localhost/127.0.0.1:54131] for GET '/session/347b717d92e74d09b10b57bf56018adb/element/01b096d1-9d9a-47d2-adcd-b2eb426d5fda/name'
17:42:09.117 [AsyncHttpClient-1-5] DEBUG org.asynchttpclient.netty.handler.HttpHandler - 

Request DefaultFullHttpRequest(decodeResult: success, version: HTTP/1.1, content: EmptyByteBufBE)
GET /session/347b717d92e74d09b10b57bf56018adb/element/01b096d1-9d9a-47d2-adcd-b2eb426d5fda/name HTTP/1.1
User-Agent: selenium/4.1.2 (java windows)
Cache-Control: no-cache
Content-Type: application/json; charset=utf-8
host: localhost:54131
accept: */*

Response DefaultHttpResponse(decodeResult: success, version: HTTP/1.1)
HTTP/1.1 200 OK
Content-Type: application/json; charset=utf-8
cache-control: no-cache
content-length: 15

17:42:09.117 [AsyncHttpClient-1-5] DEBUG org.asynchttpclient.netty.channel.ChannelManager - Adding key: http://localhost:54131 for channel [id: 0x57455834, L:/127.0.0.1:57443 - R:localhost/127.0.0.1:54131]
17:42:09.120 [Forwarding findElement on session 347b717d92e74d09b10b57bf56018adb to remote] DEBUG org.asynchttpclient.netty.request.NettyRequestSender - Using pooled Channel '[id: 0x57455834, L:/127.0.0.1:57443 - R:localhost/127.0.0.1:54131]' for 'POST' to 'http://localhost:54131/session/347b717d92e74d09b10b57bf56018adb/element'
17:42:09.120 [Forwarding findElement on session 347b717d92e74d09b10b57bf56018adb to remote] DEBUG org.asynchttpclient.netty.request.NettyRequestSender - Using open Channel [id: 0x57455834, L:/127.0.0.1:57443 - R:localhost/127.0.0.1:54131] for POST '/session/347b717d92e74d09b10b57bf56018adb/element'
17:42:09.131 [AsyncHttpClient-1-5] DEBUG org.asynchttpclient.netty.handler.HttpHandler - 

Request DefaultHttpRequest(decodeResult: success, version: HTTP/1.1)
POST /session/347b717d92e74d09b10b57bf56018adb/element HTTP/1.1
User-Agent: selenium/4.1.2 (java windows)
Content-Length: 80
Content-Type: application/json; charset=utf-8
host: localhost:54131
accept: */*

Response DefaultHttpResponse(decodeResult: success, version: HTTP/1.1)
HTTP/1.1 200 OK
Content-Type: application/json; charset=utf-8
cache-control: no-cache
content-length: 88

17:42:09.131 [AsyncHttpClient-1-5] DEBUG org.asynchttpclient.netty.channel.ChannelManager - Adding key: http://localhost:54131 for channel [id: 0x57455834, L:/127.0.0.1:57443 - R:localhost/127.0.0.1:54131]
17:42:09.133 [Forwarding clickElement on session 347b717d92e74d09b10b57bf56018adb to remote] DEBUG org.asynchttpclient.netty.request.NettyRequestSender - Using pooled Channel '[id: 0x57455834, L:/127.0.0.1:57443 - R:localhost/127.0.0.1:54131]' for 'POST' to 'http://localhost:54131/session/347b717d92e74d09b10b57bf56018adb/element/01b096d1-9d9a-47d2-adcd-b2eb426d5fda/click'
17:42:09.133 [Forwarding clickElement on session 347b717d92e74d09b10b57bf56018adb to remote] DEBUG org.asynchttpclient.netty.request.NettyRequestSender - Using open Channel [id: 0x57455834, L:/127.0.0.1:57443 - R:localhost/127.0.0.1:54131] for POST '/session/347b717d92e74d09b10b57bf56018adb/element/01b096d1-9d9a-47d2-adcd-b2eb426d5fda/click'
17:42:09.382 [AsyncHttpClient-1-5] DEBUG org.asynchttpclient.netty.handler.HttpHandler - 

Request DefaultHttpRequest(decodeResult: success, version: HTTP/1.1)
POST /session/347b717d92e74d09b10b57bf56018adb/element/01b096d1-9d9a-47d2-adcd-b2eb426d5fda/click HTTP/1.1
User-Agent: selenium/4.1.2 (java windows)
Content-Length: 50
Content-Type: application/json; charset=utf-8
host: localhost:54131
accept: */*

Response DefaultHttpResponse(decodeResult: success, version: HTTP/1.1)
HTTP/1.1 200 OK
Content-Type: application/json; charset=utf-8
cache-control: no-cache
content-length: 14

17:42:09.382 [AsyncHttpClient-1-5] DEBUG org.asynchttpclient.netty.channel.ChannelManager - Adding key: http://localhost:54131 for channel [id: 0x57455834, L:/127.0.0.1:57443 - R:localhost/127.0.0.1:54131]
17:42:09.394 [Forwarding screenshot on session 347b717d92e74d09b10b57bf56018adb to remote] DEBUG org.asynchttpclient.netty.request.NettyRequestSender - Using pooled Channel '[id: 0x57455834, L:/127.0.0.1:57443 - R:localhost/127.0.0.1:54131]' for 'GET' to 'http://localhost:54131/session/347b717d92e74d09b10b57bf56018adb/screenshot'
17:42:09.395 [Forwarding screenshot on session 347b717d92e74d09b10b57bf56018adb to remote] DEBUG org.asynchttpclient.netty.request.NettyRequestSender - Using open Channel [id: 0x57455834, L:/127.0.0.1:57443 - R:localhost/127.0.0.1:54131] for GET '/session/347b717d92e74d09b10b57bf56018adb/screenshot'
17:42:09.575 [AsyncHttpClient-1-5] DEBUG org.asynchttpclient.netty.handler.HttpHandler - 

Request DefaultFullHttpRequest(decodeResult: success, version: HTTP/1.1, content: EmptyByteBufBE)
GET /session/347b717d92e74d09b10b57bf56018adb/screenshot HTTP/1.1
User-Agent: selenium/4.1.2 (java windows)
Cache-Control: no-cache
Content-Type: application/json; charset=utf-8
host: localhost:54131
accept: */*

Response DefaultHttpResponse(decodeResult: success, version: HTTP/1.1)
HTTP/1.1 200 OK
Content-Type: application/json; charset=utf-8
cache-control: no-cache
content-length: 55372

17:42:09.576 [AsyncHttpClient-1-5] DEBUG org.asynchttpclient.netty.channel.ChannelManager - Adding key: http://localhost:54131 for channel [id: 0x57455834, L:/127.0.0.1:57443 - R:localhost/127.0.0.1:54131]
17:42:09.580 [main] DEBUG net.serenitybdd.core.photography.Darkroom - Send negative for processing for target\site\serenity\9e4e4d30e6e03ca337b9b6e74c3e0fb4b758a8d158d5b46074567ca6e4de1dd4.png
17:42:09.580 [main] DEBUG net.thucydides.core.steps.StepInterceptor - STEP DONE: clickMenuPatientButton
  &amp#27;[32mAnd &amp#27;[0m&amp#27;[32mI click menu patient&amp#27;[0m                      &amp#27;[90m# starter.stepdefinitions.PatientSteps.iClickMenuPatient()&amp#27;[0m
17:42:09.580 [Darkroom Processing Line] DEBUG net.serenitybdd.core.photography.DarkroomProcessingLine - Processing screenshot image in /var/screenshots/screenshot-15028806579194135152
17:42:09.581 [Darkroom Processing Line] DEBUG net.serenitybdd.core.photography.DarkroomProcessingLine - Saving screenshot to target\site\serenity\9e4e4d30e6e03ca337b9b6e74c3e0fb4b758a8d158d5b46074567ca6e4de1dd4.png
17:42:09.609 [main] DEBUG net.thucydides.core.steps.StepInterceptor - STARTING STEP: PatientSteps.iClickEditPatientButton - clickEditPatientButton
17:42:09.613 [Forwarding findElement on session 347b717d92e74d09b10b57bf56018adb to remote] DEBUG org.asynchttpclient.netty.request.NettyRequestSender - Using pooled Channel '[id: 0x57455834, L:/127.0.0.1:57443 - R:localhost/127.0.0.1:54131]' for 'POST' to 'http://localhost:54131/session/347b717d92e74d09b10b57bf56018adb/element'
17:42:09.613 [Forwarding findElement on session 347b717d92e74d09b10b57bf56018adb to remote] DEBUG org.asynchttpclient.netty.request.NettyRequestSender - Using open Channel [id: 0x57455834, L:/127.0.0.1:57443 - R:localhost/127.0.0.1:54131] for POST '/session/347b717d92e74d09b10b57bf56018adb/element'
17:42:09.803 [AsyncHttpClient-1-1] DEBUG org.asynchttpclient.netty.channel.DefaultChannelPool - Entry count for : http://localhost:57445 : 1
17:42:10.091 [AsyncHttpClient-1-5] DEBUG org.asynchttpclient.netty.handler.HttpHandler - 

Request DefaultHttpRequest(decodeResult: success, version: HTTP/1.1)
POST /session/347b717d92e74d09b10b57bf56018adb/element HTTP/1.1
User-Agent: selenium/4.1.2 (java windows)
Content-Length: 91
Content-Type: application/json; charset=utf-8
host: localhost:54131
accept: */*

Response DefaultHttpResponse(decodeResult: success, version: HTTP/1.1)
HTTP/1.1 200 OK
Content-Type: application/json; charset=utf-8
cache-control: no-cache
content-length: 88

17:42:10.091 [AsyncHttpClient-1-5] DEBUG org.asynchttpclient.netty.channel.ChannelManager - Adding key: http://localhost:54131 for channel [id: 0x57455834, L:/127.0.0.1:57443 - R:localhost/127.0.0.1:54131]
17:42:10.094 [Forwarding getElementTagName on session 347b717d92e74d09b10b57bf56018adb to remote] DEBUG org.asynchttpclient.netty.request.NettyRequestSender - Using pooled Channel '[id: 0x57455834, L:/127.0.0.1:57443 - R:localhost/127.0.0.1:54131]' for 'GET' to 'http://localhost:54131/session/347b717d92e74d09b10b57bf56018adb/element/0e0dd761-142c-4d59-ab49-d0ee84ae0f57/name'
17:42:10.094 [Forwarding getElementTagName on session 347b717d92e74d09b10b57bf56018adb to remote] DEBUG org.asynchttpclient.netty.request.NettyRequestSender - Using open Channel [id: 0x57455834, L:/127.0.0.1:57443 - R:localhost/127.0.0.1:54131] for GET '/session/347b717d92e74d09b10b57bf56018adb/element/0e0dd761-142c-4d59-ab49-d0ee84ae0f57/name'
17:42:10.099 [AsyncHttpClient-1-5] DEBUG org.asynchttpclient.netty.handler.HttpHandler - 

Request DefaultFullHttpRequest(decodeResult: success, version: HTTP/1.1, content: EmptyByteBufBE)
GET /session/347b717d92e74d09b10b57bf56018adb/element/0e0dd761-142c-4d59-ab49-d0ee84ae0f57/name HTTP/1.1
User-Agent: selenium/4.1.2 (java windows)
Cache-Control: no-cache
Content-Type: application/json; charset=utf-8
host: localhost:54131
accept: */*

Response DefaultHttpResponse(decodeResult: success, version: HTTP/1.1)
HTTP/1.1 200 OK
Content-Type: application/json; charset=utf-8
cache-control: no-cache
content-length: 18

17:42:10.099 [AsyncHttpClient-1-5] DEBUG org.asynchttpclient.netty.channel.ChannelManager - Adding key: http://localhost:54131 for channel [id: 0x57455834, L:/127.0.0.1:57443 - R:localhost/127.0.0.1:54131]
17:42:10.101 [Forwarding getElementTagName on session 347b717d92e74d09b10b57bf56018adb to remote] DEBUG org.asynchttpclient.netty.request.NettyRequestSender - Using pooled Channel '[id: 0x57455834, L:/127.0.0.1:57443 - R:localhost/127.0.0.1:54131]' for 'GET' to 'http://localhost:54131/session/347b717d92e74d09b10b57bf56018adb/element/0e0dd761-142c-4d59-ab49-d0ee84ae0f57/name'
17:42:10.101 [Forwarding getElementTagName on session 347b717d92e74d09b10b57bf56018adb to remote] DEBUG org.asynchttpclient.netty.request.NettyRequestSender - Using open Channel [id: 0x57455834, L:/127.0.0.1:57443 - R:localhost/127.0.0.1:54131] for GET '/session/347b717d92e74d09b10b57bf56018adb/element/0e0dd761-142c-4d59-ab49-d0ee84ae0f57/name'
17:42:10.106 [AsyncHttpClient-1-5] DEBUG org.asynchttpclient.netty.handler.HttpHandler - 

Request DefaultFullHttpRequest(decodeResult: success, version: HTTP/1.1, content: EmptyByteBufBE)
GET /session/347b717d92e74d09b10b57bf56018adb/element/0e0dd761-142c-4d59-ab49-d0ee84ae0f57/name HTTP/1.1
User-Agent: selenium/4.1.2 (java windows)
Cache-Control: no-cache
Content-Type: application/json; charset=utf-8
host: localhost:54131
accept: */*

Response DefaultHttpResponse(decodeResult: success, version: HTTP/1.1)
HTTP/1.1 200 OK
Content-Type: application/json; charset=utf-8
cache-control: no-cache
content-length: 18

17:42:10.106 [AsyncHttpClient-1-5] DEBUG org.asynchttpclient.netty.channel.ChannelManager - Adding key: http://localhost:54131 for channel [id: 0x57455834, L:/127.0.0.1:57443 - R:localhost/127.0.0.1:54131]
17:42:10.108 [Forwarding isElementEnabled on session 347b717d92e74d09b10b57bf56018adb to remote] DEBUG org.asynchttpclient.netty.request.NettyRequestSender - Using pooled Channel '[id: 0x57455834, L:/127.0.0.1:57443 - R:localhost/127.0.0.1:54131]' for 'GET' to 'http://localhost:54131/session/347b717d92e74d09b10b57bf56018adb/element/0e0dd761-142c-4d59-ab49-d0ee84ae0f57/enabled'
17:42:10.109 [Forwarding isElementEnabled on session 347b717d92e74d09b10b57bf56018adb to remote] DEBUG org.asynchttpclient.netty.request.NettyRequestSender - Using open Channel [id: 0x57455834, L:/127.0.0.1:57443 - R:localhost/127.0.0.1:54131] for GET '/session/347b717d92e74d09b10b57bf56018adb/element/0e0dd761-142c-4d59-ab49-d0ee84ae0f57/enabled'
17:42:10.120 [AsyncHttpClient-1-5] DEBUG org.asynchttpclient.netty.handler.HttpHandler - 

Request DefaultFullHttpRequest(decodeResult: success, version: HTTP/1.1, content: EmptyByteBufBE)
GET /session/347b717d92e74d09b10b57bf56018adb/element/0e0dd761-142c-4d59-ab49-d0ee84ae0f57/enabled HTTP/1.1
User-Agent: selenium/4.1.2 (java windows)
Cache-Control: no-cache
Content-Type: application/json; charset=utf-8
host: localhost:54131
accept: */*

Response DefaultHttpResponse(decodeResult: success, version: HTTP/1.1)
HTTP/1.1 200 OK
Content-Type: application/json; charset=utf-8
cache-control: no-cache
content-length: 14

17:42:10.120 [AsyncHttpClient-1-5] DEBUG org.asynchttpclient.netty.channel.ChannelManager - Adding key: http://localhost:54131 for channel [id: 0x57455834, L:/127.0.0.1:57443 - R:localhost/127.0.0.1:54131]
17:42:10.122 [Forwarding isElementEnabled on session 347b717d92e74d09b10b57bf56018adb to remote] DEBUG org.asynchttpclient.netty.request.NettyRequestSender - Using pooled Channel '[id: 0x57455834, L:/127.0.0.1:57443 - R:localhost/127.0.0.1:54131]' for 'GET' to 'http://localhost:54131/session/347b717d92e74d09b10b57bf56018adb/element/0e0dd761-142c-4d59-ab49-d0ee84ae0f57/enabled'
17:42:10.122 [Forwarding isElementEnabled on session 347b717d92e74d09b10b57bf56018adb to remote] DEBUG org.asynchttpclient.netty.request.NettyRequestSender - Using open Channel [id: 0x57455834, L:/127.0.0.1:57443 - R:localhost/127.0.0.1:54131] for GET '/session/347b717d92e74d09b10b57bf56018adb/element/0e0dd761-142c-4d59-ab49-d0ee84ae0f57/enabled'
17:42:10.141 [AsyncHttpClient-1-5] DEBUG org.asynchttpclient.netty.handler.HttpHandler - 

Request DefaultFullHttpRequest(decodeResult: success, version: HTTP/1.1, content: EmptyByteBufBE)
GET /session/347b717d92e74d09b10b57bf56018adb/element/0e0dd761-142c-4d59-ab49-d0ee84ae0f57/enabled HTTP/1.1
User-Agent: selenium/4.1.2 (java windows)
Cache-Control: no-cache
Content-Type: application/json; charset=utf-8
host: localhost:54131
accept: */*

Response DefaultHttpResponse(decodeResult: success, version: HTTP/1.1)
HTTP/1.1 200 OK
Content-Type: application/json; charset=utf-8
cache-control: no-cache
content-length: 14

17:42:10.141 [AsyncHttpClient-1-5] DEBUG org.asynchttpclient.netty.channel.ChannelManager - Adding key: http://localhost:54131 for channel [id: 0x57455834, L:/127.0.0.1:57443 - R:localhost/127.0.0.1:54131]
17:42:10.159 [Forwarding findElement on session 347b717d92e74d09b10b57bf56018adb to remote] DEBUG org.asynchttpclient.netty.request.NettyRequestSender - Using pooled Channel '[id: 0x57455834, L:/127.0.0.1:57443 - R:localhost/127.0.0.1:54131]' for 'POST' to 'http://localhost:54131/session/347b717d92e74d09b10b57bf56018adb/element'
17:42:10.159 [Forwarding findElement on session 347b717d92e74d09b10b57bf56018adb to remote] DEBUG org.asynchttpclient.netty.request.NettyRequestSender - Using open Channel [id: 0x57455834, L:/127.0.0.1:57443 - R:localhost/127.0.0.1:54131] for POST '/session/347b717d92e74d09b10b57bf56018adb/element'
17:42:10.168 [AsyncHttpClient-1-5] DEBUG org.asynchttpclient.netty.handler.HttpHandler - 

Request DefaultHttpRequest(decodeResult: success, version: HTTP/1.1)
POST /session/347b717d92e74d09b10b57bf56018adb/element HTTP/1.1
User-Agent: selenium/4.1.2 (java windows)
Content-Length: 91
Content-Type: application/json; charset=utf-8
host: localhost:54131
accept: */*

Response DefaultHttpResponse(decodeResult: success, version: HTTP/1.1)
HTTP/1.1 200 OK
Content-Type: application/json; charset=utf-8
cache-control: no-cache
content-length: 88

17:42:10.169 [AsyncHttpClient-1-5] DEBUG org.asynchttpclient.netty.channel.ChannelManager - Adding key: http://localhost:54131 for channel [id: 0x57455834, L:/127.0.0.1:57443 - R:localhost/127.0.0.1:54131]
17:42:10.170 [Forwarding getElementTagName on session 347b717d92e74d09b10b57bf56018adb to remote] DEBUG org.asynchttpclient.netty.request.NettyRequestSender - Using pooled Channel '[id: 0x57455834, L:/127.0.0.1:57443 - R:localhost/127.0.0.1:54131]' for 'GET' to 'http://localhost:54131/session/347b717d92e74d09b10b57bf56018adb/element/0e0dd761-142c-4d59-ab49-d0ee84ae0f57/name'
17:42:10.170 [Forwarding getElementTagName on session 347b717d92e74d09b10b57bf56018adb to remote] DEBUG org.asynchttpclient.netty.request.NettyRequestSender - Using open Channel [id: 0x57455834, L:/127.0.0.1:57443 - R:localhost/127.0.0.1:54131] for GET '/session/347b717d92e74d09b10b57bf56018adb/element/0e0dd761-142c-4d59-ab49-d0ee84ae0f57/name'
17:42:10.174 [AsyncHttpClient-1-5] DEBUG org.asynchttpclient.netty.handler.HttpHandler - 

Request DefaultFullHttpRequest(decodeResult: success, version: HTTP/1.1, content: EmptyByteBufBE)
GET /session/347b717d92e74d09b10b57bf56018adb/element/0e0dd761-142c-4d59-ab49-d0ee84ae0f57/name HTTP/1.1
User-Agent: selenium/4.1.2 (java windows)
Cache-Control: no-cache
Content-Type: application/json; charset=utf-8
host: localhost:54131
accept: */*

Response DefaultHttpResponse(decodeResult: success, version: HTTP/1.1)
HTTP/1.1 200 OK
Content-Type: application/json; charset=utf-8
cache-control: no-cache
content-length: 18

17:42:10.174 [AsyncHttpClient-1-5] DEBUG org.asynchttpclient.netty.channel.ChannelManager - Adding key: http://localhost:54131 for channel [id: 0x57455834, L:/127.0.0.1:57443 - R:localhost/127.0.0.1:54131]
17:42:10.177 [Forwarding getElementTagName on session 347b717d92e74d09b10b57bf56018adb to remote] DEBUG org.asynchttpclient.netty.request.NettyRequestSender - Using pooled Channel '[id: 0x57455834, L:/127.0.0.1:57443 - R:localhost/127.0.0.1:54131]' for 'GET' to 'http://localhost:54131/session/347b717d92e74d09b10b57bf56018adb/element/0e0dd761-142c-4d59-ab49-d0ee84ae0f57/name'
17:42:10.177 [Forwarding getElementTagName on session 347b717d92e74d09b10b57bf56018adb to remote] DEBUG org.asynchttpclient.netty.request.NettyRequestSender - Using open Channel [id: 0x57455834, L:/127.0.0.1:57443 - R:localhost/127.0.0.1:54131] for GET '/session/347b717d92e74d09b10b57bf56018adb/element/0e0dd761-142c-4d59-ab49-d0ee84ae0f57/name'
17:42:10.181 [AsyncHttpClient-1-5] DEBUG org.asynchttpclient.netty.handler.HttpHandler - 

Request DefaultFullHttpRequest(decodeResult: success, version: HTTP/1.1, content: EmptyByteBufBE)
GET /session/347b717d92e74d09b10b57bf56018adb/element/0e0dd761-142c-4d59-ab49-d0ee84ae0f57/name HTTP/1.1
User-Agent: selenium/4.1.2 (java windows)
Cache-Control: no-cache
Content-Type: application/json; charset=utf-8
host: localhost:54131
accept: */*

Response DefaultHttpResponse(decodeResult: success, version: HTTP/1.1)
HTTP/1.1 200 OK
Content-Type: application/json; charset=utf-8
cache-control: no-cache
content-length: 18

17:42:10.181 [AsyncHttpClient-1-5] DEBUG org.asynchttpclient.netty.channel.ChannelManager - Adding key: http://localhost:54131 for channel [id: 0x57455834, L:/127.0.0.1:57443 - R:localhost/127.0.0.1:54131]
17:42:10.184 [Forwarding isElementEnabled on session 347b717d92e74d09b10b57bf56018adb to remote] DEBUG org.asynchttpclient.netty.request.NettyRequestSender - Using pooled Channel '[id: 0x57455834, L:/127.0.0.1:57443 - R:localhost/127.0.0.1:54131]' for 'GET' to 'http://localhost:54131/session/347b717d92e74d09b10b57bf56018adb/element/0e0dd761-142c-4d59-ab49-d0ee84ae0f57/enabled'
17:42:10.184 [Forwarding isElementEnabled on session 347b717d92e74d09b10b57bf56018adb to remote] DEBUG org.asynchttpclient.netty.request.NettyRequestSender - Using open Channel [id: 0x57455834, L:/127.0.0.1:57443 - R:localhost/127.0.0.1:54131] for GET '/session/347b717d92e74d09b10b57bf56018adb/element/0e0dd761-142c-4d59-ab49-d0ee84ae0f57/enabled'
17:42:10.191 [AsyncHttpClient-1-5] DEBUG org.asynchttpclient.netty.handler.HttpHandler - 

Request DefaultFullHttpRequest(decodeResult: success, version: HTTP/1.1, content: EmptyByteBufBE)
GET /session/347b717d92e74d09b10b57bf56018adb/element/0e0dd761-142c-4d59-ab49-d0ee84ae0f57/enabled HTTP/1.1
User-Agent: selenium/4.1.2 (java windows)
Cache-Control: no-cache
Content-Type: application/json; charset=utf-8
host: localhost:54131
accept: */*

Response DefaultHttpResponse(decodeResult: success, version: HTTP/1.1)
HTTP/1.1 200 OK
Content-Type: application/json; charset=utf-8
cache-control: no-cache
content-length: 14

17:42:10.191 [AsyncHttpClient-1-5] DEBUG org.asynchttpclient.netty.channel.ChannelManager - Adding key: http://localhost:54131 for channel [id: 0x57455834, L:/127.0.0.1:57443 - R:localhost/127.0.0.1:54131]
17:42:10.192 [Forwarding isElementEnabled on session 347b717d92e74d09b10b57bf56018adb to remote] DEBUG org.asynchttpclient.netty.request.NettyRequestSender - Using pooled Channel '[id: 0x57455834, L:/127.0.0.1:57443 - R:localhost/127.0.0.1:54131]' for 'GET' to 'http://localhost:54131/session/347b717d92e74d09b10b57bf56018adb/element/0e0dd761-142c-4d59-ab49-d0ee84ae0f57/enabled'
17:42:10.192 [Forwarding isElementEnabled on session 347b717d92e74d09b10b57bf56018adb to remote] DEBUG org.asynchttpclient.netty.request.NettyRequestSender - Using open Channel [id: 0x57455834, L:/127.0.0.1:57443 - R:localhost/127.0.0.1:54131] for GET '/session/347b717d92e74d09b10b57bf56018adb/element/0e0dd761-142c-4d59-ab49-d0ee84ae0f57/enabled'
17:42:10.199 [AsyncHttpClient-1-5] DEBUG org.asynchttpclient.netty.handler.HttpHandler - 

Request DefaultFullHttpRequest(decodeResult: success, version: HTTP/1.1, content: EmptyByteBufBE)
GET /session/347b717d92e74d09b10b57bf56018adb/element/0e0dd761-142c-4d59-ab49-d0ee84ae0f57/enabled HTTP/1.1
User-Agent: selenium/4.1.2 (java windows)
Cache-Control: no-cache
Content-Type: application/json; charset=utf-8
host: localhost:54131
accept: */*

Response DefaultHttpResponse(decodeResult: success, version: HTTP/1.1)
HTTP/1.1 200 OK
Content-Type: application/json; charset=utf-8
cache-control: no-cache
content-length: 14

17:42:10.199 [AsyncHttpClient-1-5] DEBUG org.asynchttpclient.netty.channel.ChannelManager - Adding key: http://localhost:54131 for channel [id: 0x57455834, L:/127.0.0.1:57443 - R:localhost/127.0.0.1:54131]
17:42:10.201 [Forwarding findElement on session 347b717d92e74d09b10b57bf56018adb to remote] DEBUG org.asynchttpclient.netty.request.NettyRequestSender - Using pooled Channel '[id: 0x57455834, L:/127.0.0.1:57443 - R:localhost/127.0.0.1:54131]' for 'POST' to 'http://localhost:54131/session/347b717d92e74d09b10b57bf56018adb/element'
17:42:10.201 [Forwarding findElement on session 347b717d92e74d09b10b57bf56018adb to remote] DEBUG org.asynchttpclient.netty.request.NettyRequestSender - Using open Channel [id: 0x57455834, L:/127.0.0.1:57443 - R:localhost/127.0.0.1:54131] for POST '/session/347b717d92e74d09b10b57bf56018adb/element'
17:42:10.209 [AsyncHttpClient-1-5] DEBUG org.asynchttpclient.netty.handler.HttpHandler - 

Request DefaultHttpRequest(decodeResult: success, version: HTTP/1.1)
POST /session/347b717d92e74d09b10b57bf56018adb/element HTTP/1.1
User-Agent: selenium/4.1.2 (java windows)
Content-Length: 91
Content-Type: application/json; charset=utf-8
host: localhost:54131
accept: */*

Response DefaultHttpResponse(decodeResult: success, version: HTTP/1.1)
HTTP/1.1 200 OK
Content-Type: application/json; charset=utf-8
cache-control: no-cache
content-length: 88

17:42:10.209 [AsyncHttpClient-1-5] DEBUG org.asynchttpclient.netty.channel.ChannelManager - Adding key: http://localhost:54131 for channel [id: 0x57455834, L:/127.0.0.1:57443 - R:localhost/127.0.0.1:54131]
17:42:10.210 [Forwarding clickElement on session 347b717d92e74d09b10b57bf56018adb to remote] DEBUG org.asynchttpclient.netty.request.NettyRequestSender - Using pooled Channel '[id: 0x57455834, L:/127.0.0.1:57443 - R:localhost/127.0.0.1:54131]' for 'POST' to 'http://localhost:54131/session/347b717d92e74d09b10b57bf56018adb/element/0e0dd761-142c-4d59-ab49-d0ee84ae0f57/click'
17:42:10.210 [Forwarding clickElement on session 347b717d92e74d09b10b57bf56018adb to remote] DEBUG org.asynchttpclient.netty.request.NettyRequestSender - Using open Channel [id: 0x57455834, L:/127.0.0.1:57443 - R:localhost/127.0.0.1:54131] for POST '/session/347b717d92e74d09b10b57bf56018adb/element/0e0dd761-142c-4d59-ab49-d0ee84ae0f57/click'
17:42:10.391 [AsyncHttpClient-1-5] DEBUG org.asynchttpclient.netty.handler.HttpHandler - 

Request DefaultHttpRequest(decodeResult: success, version: HTTP/1.1)
POST /session/347b717d92e74d09b10b57bf56018adb/element/0e0dd761-142c-4d59-ab49-d0ee84ae0f57/click HTTP/1.1
User-Agent: selenium/4.1.2 (java windows)
Content-Length: 50
Content-Type: application/json; charset=utf-8
host: localhost:54131
accept: */*

Response DefaultHttpResponse(decodeResult: success, version: HTTP/1.1)
HTTP/1.1 200 OK
Content-Type: application/json; charset=utf-8
cache-control: no-cache
content-length: 14

17:42:10.391 [AsyncHttpClient-1-5] DEBUG org.asynchttpclient.netty.channel.ChannelManager - Adding key: http://localhost:54131 for channel [id: 0x57455834, L:/127.0.0.1:57443 - R:localhost/127.0.0.1:54131]
17:42:10.402 [Forwarding screenshot on session 347b717d92e74d09b10b57bf56018adb to remote] DEBUG org.asynchttpclient.netty.request.NettyRequestSender - Using pooled Channel '[id: 0x57455834, L:/127.0.0.1:57443 - R:localhost/127.0.0.1:54131]' for 'GET' to 'http://localhost:54131/session/347b717d92e74d09b10b57bf56018adb/screenshot'
17:42:10.402 [Forwarding screenshot on session 347b717d92e74d09b10b57bf56018adb to remote] DEBUG org.asynchttpclient.netty.request.NettyRequestSender - Using open Channel [id: 0x57455834, L:/127.0.0.1:57443 - R:localhost/127.0.0.1:54131] for GET '/session/347b717d92e74d09b10b57bf56018adb/screenshot'
17:42:10.551 [AsyncHttpClient-1-5] DEBUG org.asynchttpclient.netty.handler.HttpHandler - 

Request DefaultFullHttpRequest(decodeResult: success, version: HTTP/1.1, content: EmptyByteBufBE)
GET /session/347b717d92e74d09b10b57bf56018adb/screenshot HTTP/1.1
User-Agent: selenium/4.1.2 (java windows)
Cache-Control: no-cache
Content-Type: application/json; charset=utf-8
host: localhost:54131
accept: */*

Response DefaultHttpResponse(decodeResult: success, version: HTTP/1.1)
HTTP/1.1 200 OK
Content-Type: application/json; charset=utf-8
cache-control: no-cache
content-length: 101196

17:42:10.551 [AsyncHttpClient-1-5] DEBUG org.asynchttpclient.netty.channel.ChannelManager - Adding key: http://localhost:54131 for channel [id: 0x57455834, L:/127.0.0.1:57443 - R:localhost/127.0.0.1:54131]
17:42:10.562 [main] DEBUG net.serenitybdd.core.photography.Darkroom - Send negative for processing for target\site\serenity\959757b792a5ef5e76ae2e4ea1358c7880e29bb3ebb4d0d8c921901acde3d4e6.png
17:42:10.563 [main] DEBUG net.thucydides.core.steps.StepInterceptor - STEP DONE: clickEditPatientButton
17:42:10.563 [Darkroom Processing Line] DEBUG net.serenitybdd.core.photography.DarkroomProcessingLine - Processing screenshot image in /var/screenshots/screenshot-1923880805978822719
  &amp#27;[32mWhen &amp#27;[0m&amp#27;[32mI click Edit Patient button&amp#27;[0m              &amp#27;[90m# starter.stepdefinitions.PatientSteps.iClickEditPatientButton()&amp#27;[0m
17:42:10.563 [Darkroom Processing Line] DEBUG net.serenitybdd.core.photography.DarkroomProcessingLine - Saving screenshot to target\site\serenity\959757b792a5ef5e76ae2e4ea1358c7880e29bb3ebb4d0d8c921901acde3d4e6.png
17:42:10.590 [main] DEBUG net.thucydides.core.steps.StepInterceptor - STARTING STEP: PatientSteps.iChangePatientData - clickBlodeTypeDropdown
17:42:10.593 [Forwarding findElement on session 347b717d92e74d09b10b57bf56018adb to remote] DEBUG org.asynchttpclient.netty.request.NettyRequestSender - Using pooled Channel '[id: 0x57455834, L:/127.0.0.1:57443 - R:localhost/127.0.0.1:54131]' for 'POST' to 'http://localhost:54131/session/347b717d92e74d09b10b57bf56018adb/element'
17:42:10.593 [Forwarding findElement on session 347b717d92e74d09b10b57bf56018adb to remote] DEBUG org.asynchttpclient.netty.request.NettyRequestSender - Using open Channel [id: 0x57455834, L:/127.0.0.1:57443 - R:localhost/127.0.0.1:54131] for POST '/session/347b717d92e74d09b10b57bf56018adb/element'
17:42:10.611 [AsyncHttpClient-1-5] DEBUG org.asynchttpclient.netty.handler.HttpHandler - 

Request DefaultHttpRequest(decodeResult: success, version: HTTP/1.1)
POST /session/347b717d92e74d09b10b57bf56018adb/element HTTP/1.1
User-Agent: selenium/4.1.2 (java windows)
Content-Length: 82
Content-Type: application/json; charset=utf-8
host: localhost:54131
accept: */*

Response DefaultHttpResponse(decodeResult: success, version: HTTP/1.1)
HTTP/1.1 200 OK
Content-Type: application/json; charset=utf-8
cache-control: no-cache
content-length: 88

17:42:10.611 [AsyncHttpClient-1-5] DEBUG org.asynchttpclient.netty.channel.ChannelManager - Adding key: http://localhost:54131 for channel [id: 0x57455834, L:/127.0.0.1:57443 - R:localhost/127.0.0.1:54131]
17:42:10.613 [Forwarding getElementTagName on session 347b717d92e74d09b10b57bf56018adb to remote] DEBUG org.asynchttpclient.netty.request.NettyRequestSender - Using pooled Channel '[id: 0x57455834, L:/127.0.0.1:57443 - R:localhost/127.0.0.1:54131]' for 'GET' to 'http://localhost:54131/session/347b717d92e74d09b10b57bf56018adb/element/ce69f15d-17f0-4c1a-b3ef-bad43271959f/name'
17:42:10.613 [Forwarding getElementTagName on session 347b717d92e74d09b10b57bf56018adb to remote] DEBUG org.asynchttpclient.netty.request.NettyRequestSender - Using open Channel [id: 0x57455834, L:/127.0.0.1:57443 - R:localhost/127.0.0.1:54131] for GET '/session/347b717d92e74d09b10b57bf56018adb/element/ce69f15d-17f0-4c1a-b3ef-bad43271959f/name'
17:42:10.622 [AsyncHttpClient-1-5] DEBUG org.asynchttpclient.netty.handler.HttpHandler - 

Request DefaultFullHttpRequest(decodeResult: success, version: HTTP/1.1, content: EmptyByteBufBE)
GET /session/347b717d92e74d09b10b57bf56018adb/element/ce69f15d-17f0-4c1a-b3ef-bad43271959f/name HTTP/1.1
User-Agent: selenium/4.1.2 (java windows)
Cache-Control: no-cache
Content-Type: application/json; charset=utf-8
host: localhost:54131
accept: */*

Response DefaultHttpResponse(decodeResult: success, version: HTTP/1.1)
HTTP/1.1 200 OK
Content-Type: application/json; charset=utf-8
cache-control: no-cache
content-length: 15

17:42:10.622 [AsyncHttpClient-1-5] DEBUG org.asynchttpclient.netty.channel.ChannelManager - Adding key: http://localhost:54131 for channel [id: 0x57455834, L:/127.0.0.1:57443 - R:localhost/127.0.0.1:54131]
17:42:10.624 [Forwarding getElementTagName on session 347b717d92e74d09b10b57bf56018adb to remote] DEBUG org.asynchttpclient.netty.request.NettyRequestSender - Using pooled Channel '[id: 0x57455834, L:/127.0.0.1:57443 - R:localhost/127.0.0.1:54131]' for 'GET' to 'http://localhost:54131/session/347b717d92e74d09b10b57bf56018adb/element/ce69f15d-17f0-4c1a-b3ef-bad43271959f/name'
17:42:10.624 [Forwarding getElementTagName on session 347b717d92e74d09b10b57bf56018adb to remote] DEBUG org.asynchttpclient.netty.request.NettyRequestSender - Using open Channel [id: 0x57455834, L:/127.0.0.1:57443 - R:localhost/127.0.0.1:54131] for GET '/session/347b717d92e74d09b10b57bf56018adb/element/ce69f15d-17f0-4c1a-b3ef-bad43271959f/name'
17:42:10.628 [AsyncHttpClient-1-5] DEBUG org.asynchttpclient.netty.handler.HttpHandler - 

Request DefaultFullHttpRequest(decodeResult: success, version: HTTP/1.1, content: EmptyByteBufBE)
GET /session/347b717d92e74d09b10b57bf56018adb/element/ce69f15d-17f0-4c1a-b3ef-bad43271959f/name HTTP/1.1
User-Agent: selenium/4.1.2 (java windows)
Cache-Control: no-cache
Content-Type: application/json; charset=utf-8
host: localhost:54131
accept: */*

Response DefaultHttpResponse(decodeResult: success, version: HTTP/1.1)
HTTP/1.1 200 OK
Content-Type: application/json; charset=utf-8
cache-control: no-cache
content-length: 15

17:42:10.629 [AsyncHttpClient-1-5] DEBUG org.asynchttpclient.netty.channel.ChannelManager - Adding key: http://localhost:54131 for channel [id: 0x57455834, L:/127.0.0.1:57443 - R:localhost/127.0.0.1:54131]
17:42:10.633 [Forwarding findElement on session 347b717d92e74d09b10b57bf56018adb to remote] DEBUG org.asynchttpclient.netty.request.NettyRequestSender - Using pooled Channel '[id: 0x57455834, L:/127.0.0.1:57443 - R:localhost/127.0.0.1:54131]' for 'POST' to 'http://localhost:54131/session/347b717d92e74d09b10b57bf56018adb/element'
17:42:10.633 [Forwarding findElement on session 347b717d92e74d09b10b57bf56018adb to remote] DEBUG org.asynchttpclient.netty.request.NettyRequestSender - Using open Channel [id: 0x57455834, L:/127.0.0.1:57443 - R:localhost/127.0.0.1:54131] for POST '/session/347b717d92e74d09b10b57bf56018adb/element'
17:42:10.655 [AsyncHttpClient-1-5] DEBUG org.asynchttpclient.netty.handler.HttpHandler - 

Request DefaultHttpRequest(decodeResult: success, version: HTTP/1.1)
POST /session/347b717d92e74d09b10b57bf56018adb/element HTTP/1.1
User-Agent: selenium/4.1.2 (java windows)
Content-Length: 82
Content-Type: application/json; charset=utf-8
host: localhost:54131
accept: */*

Response DefaultHttpResponse(decodeResult: success, version: HTTP/1.1)
HTTP/1.1 200 OK
Content-Type: application/json; charset=utf-8
cache-control: no-cache
content-length: 88

17:42:10.655 [AsyncHttpClient-1-5] DEBUG org.asynchttpclient.netty.channel.ChannelManager - Adding key: http://localhost:54131 for channel [id: 0x57455834, L:/127.0.0.1:57443 - R:localhost/127.0.0.1:54131]
17:42:10.657 [Forwarding clickElement on session 347b717d92e74d09b10b57bf56018adb to remote] DEBUG org.asynchttpclient.netty.request.NettyRequestSender - Using pooled Channel '[id: 0x57455834, L:/127.0.0.1:57443 - R:localhost/127.0.0.1:54131]' for 'POST' to 'http://localhost:54131/session/347b717d92e74d09b10b57bf56018adb/element/ce69f15d-17f0-4c1a-b3ef-bad43271959f/click'
17:42:10.657 [Forwarding clickElement on session 347b717d92e74d09b10b57bf56018adb to remote] DEBUG org.asynchttpclient.netty.request.NettyRequestSender - Using open Channel [id: 0x57455834, L:/127.0.0.1:57443 - R:localhost/127.0.0.1:54131] for POST '/session/347b717d92e74d09b10b57bf56018adb/element/ce69f15d-17f0-4c1a-b3ef-bad43271959f/click'
17:42:10.815 [AsyncHttpClient-1-5] DEBUG org.asynchttpclient.netty.handler.HttpHandler - 

Request DefaultHttpRequest(decodeResult: success, version: HTTP/1.1)
POST /session/347b717d92e74d09b10b57bf56018adb/element/ce69f15d-17f0-4c1a-b3ef-bad43271959f/click HTTP/1.1
User-Agent: selenium/4.1.2 (java windows)
Content-Length: 50
Content-Type: application/json; charset=utf-8
host: localhost:54131
accept: */*

Response DefaultHttpResponse(decodeResult: success, version: HTTP/1.1)
HTTP/1.1 200 OK
Content-Type: application/json; charset=utf-8
cache-control: no-cache
content-length: 14

17:42:10.816 [AsyncHttpClient-1-5] DEBUG org.asynchttpclient.netty.channel.ChannelManager - Adding key: http://localhost:54131 for channel [id: 0x57455834, L:/127.0.0.1:57443 - R:localhost/127.0.0.1:54131]
17:42:10.830 [Forwarding screenshot on session 347b717d92e74d09b10b57bf56018adb to remote] DEBUG org.asynchttpclient.netty.request.NettyRequestSender - Using pooled Channel '[id: 0x57455834, L:/127.0.0.1:57443 - R:localhost/127.0.0.1:54131]' for 'GET' to 'http://localhost:54131/session/347b717d92e74d09b10b57bf56018adb/screenshot'
17:42:10.830 [Forwarding screenshot on session 347b717d92e74d09b10b57bf56018adb to remote] DEBUG org.asynchttpclient.netty.request.NettyRequestSender - Using open Channel [id: 0x57455834, L:/127.0.0.1:57443 - R:localhost/127.0.0.1:54131] for GET '/session/347b717d92e74d09b10b57bf56018adb/screenshot'
17:42:10.900 [AsyncHttpClient-1-1] DEBUG org.asynchttpclient.netty.channel.DefaultChannelPool - Entry count for : http://localhost:57445 : 1
17:42:10.956 [AsyncHttpClient-1-5] DEBUG org.asynchttpclient.netty.handler.HttpHandler - 

Request DefaultFullHttpRequest(decodeResult: success, version: HTTP/1.1, content: EmptyByteBufBE)
GET /session/347b717d92e74d09b10b57bf56018adb/screenshot HTTP/1.1
User-Agent: selenium/4.1.2 (java windows)
Cache-Control: no-cache
Content-Type: application/json; charset=utf-8
host: localhost:54131
accept: */*

Response DefaultHttpResponse(decodeResult: success, version: HTTP/1.1)
HTTP/1.1 200 OK
Content-Type: application/json; charset=utf-8
cache-control: no-cache
content-length: 81552

17:42:10.956 [AsyncHttpClient-1-5] DEBUG org.asynchttpclient.netty.channel.ChannelManager - Adding key: http://localhost:54131 for channel [id: 0x57455834, L:/127.0.0.1:57443 - R:localhost/127.0.0.1:54131]
17:42:10.961 [main] DEBUG net.serenitybdd.core.photography.Darkroom - Send negative for processing for target\site\serenity\27f0cc83195db4a136af6b9241e669dcb3463cfe70564ddc5300ffb3e6683208.png
17:42:10.961 [main] DEBUG net.thucydides.core.steps.StepInterceptor - STEP DONE: clickBlodeTypeDropdown
17:42:10.962 [Darkroom Processing Line] DEBUG net.serenitybdd.core.photography.DarkroomProcessingLine - Processing screenshot image in /var/screenshots/screenshot-178864553812037333
17:42:10.962 [Darkroom Processing Line] DEBUG net.serenitybdd.core.photography.DarkroomProcessingLine - Saving screenshot to target\site\serenity\27f0cc83195db4a136af6b9241e669dcb3463cfe70564ddc5300ffb3e6683208.png
17:42:10.971 [main] DEBUG net.thucydides.core.steps.StepInterceptor - STARTING STEP: PatientSteps.iChangePatientData - clickBlodeTypeOption
17:42:10.976 [Forwarding findElement on session 347b717d92e74d09b10b57bf56018adb to remote] DEBUG org.asynchttpclient.netty.request.NettyRequestSender - Using pooled Channel '[id: 0x57455834, L:/127.0.0.1:57443 - R:localhost/127.0.0.1:54131]' for 'POST' to 'http://localhost:54131/session/347b717d92e74d09b10b57bf56018adb/element'
17:42:10.976 [Forwarding findElement on session 347b717d92e74d09b10b57bf56018adb to remote] DEBUG org.asynchttpclient.netty.request.NettyRequestSender - Using open Channel [id: 0x57455834, L:/127.0.0.1:57443 - R:localhost/127.0.0.1:54131] for POST '/session/347b717d92e74d09b10b57bf56018adb/element'
17:42:10.991 [AsyncHttpClient-1-5] DEBUG org.asynchttpclient.netty.handler.HttpHandler - 

Request DefaultHttpRequest(decodeResult: success, version: HTTP/1.1)
POST /session/347b717d92e74d09b10b57bf56018adb/element HTTP/1.1
User-Agent: selenium/4.1.2 (java windows)
Content-Length: 119
Content-Type: application/json; charset=utf-8
host: localhost:54131
accept: */*

Response DefaultHttpResponse(decodeResult: success, version: HTTP/1.1)
HTTP/1.1 200 OK
Content-Type: application/json; charset=utf-8
cache-control: no-cache
content-length: 88

17:42:10.991 [AsyncHttpClient-1-5] DEBUG org.asynchttpclient.netty.channel.ChannelManager - Adding key: http://localhost:54131 for channel [id: 0x57455834, L:/127.0.0.1:57443 - R:localhost/127.0.0.1:54131]
17:42:10.992 [Forwarding getElementTagName on session 347b717d92e74d09b10b57bf56018adb to remote] DEBUG org.asynchttpclient.netty.request.NettyRequestSender - Using pooled Channel '[id: 0x57455834, L:/127.0.0.1:57443 - R:localhost/127.0.0.1:54131]' for 'GET' to 'http://localhost:54131/session/347b717d92e74d09b10b57bf56018adb/element/421fee15-4bc2-42d2-b7e7-962264d01f25/name'
17:42:10.992 [Forwarding getElementTagName on session 347b717d92e74d09b10b57bf56018adb to remote] DEBUG org.asynchttpclient.netty.request.NettyRequestSender - Using open Channel [id: 0x57455834, L:/127.0.0.1:57443 - R:localhost/127.0.0.1:54131] for GET '/session/347b717d92e74d09b10b57bf56018adb/element/421fee15-4bc2-42d2-b7e7-962264d01f25/name'
17:42:10.997 [AsyncHttpClient-1-5] DEBUG org.asynchttpclient.netty.handler.HttpHandler - 

Request DefaultFullHttpRequest(decodeResult: success, version: HTTP/1.1, content: EmptyByteBufBE)
GET /session/347b717d92e74d09b10b57bf56018adb/element/421fee15-4bc2-42d2-b7e7-962264d01f25/name HTTP/1.1
User-Agent: selenium/4.1.2 (java windows)
Cache-Control: no-cache
Content-Type: application/json; charset=utf-8
host: localhost:54131
accept: */*

Response DefaultHttpResponse(decodeResult: success, version: HTTP/1.1)
HTTP/1.1 200 OK
Content-Type: application/json; charset=utf-8
cache-control: no-cache
content-length: 14

17:42:10.997 [AsyncHttpClient-1-5] DEBUG org.asynchttpclient.netty.channel.ChannelManager - Adding key: http://localhost:54131 for channel [id: 0x57455834, L:/127.0.0.1:57443 - R:localhost/127.0.0.1:54131]
17:42:10.998 [Forwarding getElementTagName on session 347b717d92e74d09b10b57bf56018adb to remote] DEBUG org.asynchttpclient.netty.request.NettyRequestSender - Using pooled Channel '[id: 0x57455834, L:/127.0.0.1:57443 - R:localhost/127.0.0.1:54131]' for 'GET' to 'http://localhost:54131/session/347b717d92e74d09b10b57bf56018adb/element/421fee15-4bc2-42d2-b7e7-962264d01f25/name'
17:42:10.999 [Forwarding getElementTagName on session 347b717d92e74d09b10b57bf56018adb to remote] DEBUG org.asynchttpclient.netty.request.NettyRequestSender - Using open Channel [id: 0x57455834, L:/127.0.0.1:57443 - R:localhost/127.0.0.1:54131] for GET '/session/347b717d92e74d09b10b57bf56018adb/element/421fee15-4bc2-42d2-b7e7-962264d01f25/name'
17:42:11.002 [AsyncHttpClient-1-5] DEBUG org.asynchttpclient.netty.handler.HttpHandler - 

Request DefaultFullHttpRequest(decodeResult: success, version: HTTP/1.1, content: EmptyByteBufBE)
GET /session/347b717d92e74d09b10b57bf56018adb/element/421fee15-4bc2-42d2-b7e7-962264d01f25/name HTTP/1.1
User-Agent: selenium/4.1.2 (java windows)
Cache-Control: no-cache
Content-Type: application/json; charset=utf-8
host: localhost:54131
accept: */*

Response DefaultHttpResponse(decodeResult: success, version: HTTP/1.1)
HTTP/1.1 200 OK
Content-Type: application/json; charset=utf-8
cache-control: no-cache
content-length: 14

17:42:11.002 [AsyncHttpClient-1-5] DEBUG org.asynchttpclient.netty.channel.ChannelManager - Adding key: http://localhost:54131 for channel [id: 0x57455834, L:/127.0.0.1:57443 - R:localhost/127.0.0.1:54131]
17:42:11.006 [Forwarding findElement on session 347b717d92e74d09b10b57bf56018adb to remote] DEBUG org.asynchttpclient.netty.request.NettyRequestSender - Using pooled Channel '[id: 0x57455834, L:/127.0.0.1:57443 - R:localhost/127.0.0.1:54131]' for 'POST' to 'http://localhost:54131/session/347b717d92e74d09b10b57bf56018adb/element'
17:42:11.006 [Forwarding findElement on session 347b717d92e74d09b10b57bf56018adb to remote] DEBUG org.asynchttpclient.netty.request.NettyRequestSender - Using open Channel [id: 0x57455834, L:/127.0.0.1:57443 - R:localhost/127.0.0.1:54131] for POST '/session/347b717d92e74d09b10b57bf56018adb/element'
17:42:11.014 [AsyncHttpClient-1-5] DEBUG org.asynchttpclient.netty.handler.HttpHandler - 

Request DefaultHttpRequest(decodeResult: success, version: HTTP/1.1)
POST /session/347b717d92e74d09b10b57bf56018adb/element HTTP/1.1
User-Agent: selenium/4.1.2 (java windows)
Content-Length: 119
Content-Type: application/json; charset=utf-8
host: localhost:54131
accept: */*

Response DefaultHttpResponse(decodeResult: success, version: HTTP/1.1)
HTTP/1.1 200 OK
Content-Type: application/json; charset=utf-8
cache-control: no-cache
content-length: 88

17:42:11.014 [AsyncHttpClient-1-5] DEBUG org.asynchttpclient.netty.channel.ChannelManager - Adding key: http://localhost:54131 for channel [id: 0x57455834, L:/127.0.0.1:57443 - R:localhost/127.0.0.1:54131]
17:42:11.015 [Forwarding clickElement on session 347b717d92e74d09b10b57bf56018adb to remote] DEBUG org.asynchttpclient.netty.request.NettyRequestSender - Using pooled Channel '[id: 0x57455834, L:/127.0.0.1:57443 - R:localhost/127.0.0.1:54131]' for 'POST' to 'http://localhost:54131/session/347b717d92e74d09b10b57bf56018adb/element/421fee15-4bc2-42d2-b7e7-962264d01f25/click'
17:42:11.016 [Forwarding clickElement on session 347b717d92e74d09b10b57bf56018adb to remote] DEBUG org.asynchttpclient.netty.request.NettyRequestSender - Using open Channel [id: 0x57455834, L:/127.0.0.1:57443 - R:localhost/127.0.0.1:54131] for POST '/session/347b717d92e74d09b10b57bf56018adb/element/421fee15-4bc2-42d2-b7e7-962264d01f25/click'
17:42:11.078 [AsyncHttpClient-1-5] DEBUG org.asynchttpclient.netty.handler.HttpHandler - 

Request DefaultHttpRequest(decodeResult: success, version: HTTP/1.1)
POST /session/347b717d92e74d09b10b57bf56018adb/element/421fee15-4bc2-42d2-b7e7-962264d01f25/click HTTP/1.1
User-Agent: selenium/4.1.2 (java windows)
Content-Length: 50
Content-Type: application/json; charset=utf-8
host: localhost:54131
accept: */*

Response DefaultHttpResponse(decodeResult: success, version: HTTP/1.1)
HTTP/1.1 200 OK
Content-Type: application/json; charset=utf-8
cache-control: no-cache
content-length: 14

17:42:11.078 [AsyncHttpClient-1-5] DEBUG org.asynchttpclient.netty.channel.ChannelManager - Adding key: http://localhost:54131 for channel [id: 0x57455834, L:/127.0.0.1:57443 - R:localhost/127.0.0.1:54131]
17:42:11.090 [Forwarding screenshot on session 347b717d92e74d09b10b57bf56018adb to remote] DEBUG org.asynchttpclient.netty.request.NettyRequestSender - Using pooled Channel '[id: 0x57455834, L:/127.0.0.1:57443 - R:localhost/127.0.0.1:54131]' for 'GET' to 'http://localhost:54131/session/347b717d92e74d09b10b57bf56018adb/screenshot'
17:42:11.090 [Forwarding screenshot on session 347b717d92e74d09b10b57bf56018adb to remote] DEBUG org.asynchttpclient.netty.request.NettyRequestSender - Using open Channel [id: 0x57455834, L:/127.0.0.1:57443 - R:localhost/127.0.0.1:54131] for GET '/session/347b717d92e74d09b10b57bf56018adb/screenshot'
17:42:11.220 [AsyncHttpClient-1-5] DEBUG org.asynchttpclient.netty.handler.HttpHandler - 

Request DefaultFullHttpRequest(decodeResult: success, version: HTTP/1.1, content: EmptyByteBufBE)
GET /session/347b717d92e74d09b10b57bf56018adb/screenshot HTTP/1.1
User-Agent: selenium/4.1.2 (java windows)
Cache-Control: no-cache
Content-Type: application/json; charset=utf-8
host: localhost:54131
accept: */*

Response DefaultHttpResponse(decodeResult: success, version: HTTP/1.1)
HTTP/1.1 200 OK
Content-Type: application/json; charset=utf-8
cache-control: no-cache
content-length: 83616

17:42:11.220 [AsyncHttpClient-1-5] DEBUG org.asynchttpclient.netty.channel.ChannelManager - Adding key: http://localhost:54131 for channel [id: 0x57455834, L:/127.0.0.1:57443 - R:localhost/127.0.0.1:54131]
17:42:11.225 [main] DEBUG net.serenitybdd.core.photography.Darkroom - Send negative for processing for target\site\serenity\50541b6a321743e965b7d9ea1b86480fa4735ebdf167ba29070f50404d212725.png
17:42:11.225 [main] DEBUG net.thucydides.core.steps.StepInterceptor - STEP DONE: clickBlodeTypeOption
17:42:11.226 [Darkroom Processing Line] DEBUG net.serenitybdd.core.photography.DarkroomProcessingLine - Processing screenshot image in /var/screenshots/screenshot-3207817627288517220
17:42:11.226 [Darkroom Processing Line] DEBUG net.serenitybdd.core.photography.DarkroomProcessingLine - Saving screenshot to target\site\serenity\50541b6a321743e965b7d9ea1b86480fa4735ebdf167ba29070f50404d212725.png
17:42:11.233 [main] DEBUG net.thucydides.core.steps.StepInterceptor - STARTING STEP: PatientSteps.iChangePatientData - clickSubmitButton
17:42:11.236 [Forwarding findElement on session 347b717d92e74d09b10b57bf56018adb to remote] DEBUG org.asynchttpclient.netty.request.NettyRequestSender - Using pooled Channel '[id: 0x57455834, L:/127.0.0.1:57443 - R:localhost/127.0.0.1:54131]' for 'POST' to 'http://localhost:54131/session/347b717d92e74d09b10b57bf56018adb/element'
17:42:11.237 [Forwarding findElement on session 347b717d92e74d09b10b57bf56018adb to remote] DEBUG org.asynchttpclient.netty.request.NettyRequestSender - Using open Channel [id: 0x57455834, L:/127.0.0.1:57443 - R:localhost/127.0.0.1:54131] for POST '/session/347b717d92e74d09b10b57bf56018adb/element'
17:42:11.254 [AsyncHttpClient-1-5] DEBUG org.asynchttpclient.netty.handler.HttpHandler - 

Request DefaultHttpRequest(decodeResult: success, version: HTTP/1.1)
POST /session/347b717d92e74d09b10b57bf56018adb/element HTTP/1.1
User-Agent: selenium/4.1.2 (java windows)
Content-Length: 116
Content-Type: application/json; charset=utf-8
host: localhost:54131
accept: */*

Response DefaultHttpResponse(decodeResult: success, version: HTTP/1.1)
HTTP/1.1 200 OK
Content-Type: application/json; charset=utf-8
cache-control: no-cache
content-length: 88

17:42:11.254 [AsyncHttpClient-1-5] DEBUG org.asynchttpclient.netty.channel.ChannelManager - Adding key: http://localhost:54131 for channel [id: 0x57455834, L:/127.0.0.1:57443 - R:localhost/127.0.0.1:54131]
17:42:11.256 [Forwarding getElementTagName on session 347b717d92e74d09b10b57bf56018adb to remote] DEBUG org.asynchttpclient.netty.request.NettyRequestSender - Using pooled Channel '[id: 0x57455834, L:/127.0.0.1:57443 - R:localhost/127.0.0.1:54131]' for 'GET' to 'http://localhost:54131/session/347b717d92e74d09b10b57bf56018adb/element/5e01b758-b4e2-4fe1-b1bf-be6985f773b8/name'
17:42:11.256 [Forwarding getElementTagName on session 347b717d92e74d09b10b57bf56018adb to remote] DEBUG org.asynchttpclient.netty.request.NettyRequestSender - Using open Channel [id: 0x57455834, L:/127.0.0.1:57443 - R:localhost/127.0.0.1:54131] for GET '/session/347b717d92e74d09b10b57bf56018adb/element/5e01b758-b4e2-4fe1-b1bf-be6985f773b8/name'
17:42:11.261 [AsyncHttpClient-1-5] DEBUG org.asynchttpclient.netty.handler.HttpHandler - 

Request DefaultFullHttpRequest(decodeResult: success, version: HTTP/1.1, content: EmptyByteBufBE)
GET /session/347b717d92e74d09b10b57bf56018adb/element/5e01b758-b4e2-4fe1-b1bf-be6985f773b8/name HTTP/1.1
User-Agent: selenium/4.1.2 (java windows)
Cache-Control: no-cache
Content-Type: application/json; charset=utf-8
host: localhost:54131
accept: */*

Response DefaultHttpResponse(decodeResult: success, version: HTTP/1.1)
HTTP/1.1 200 OK
Content-Type: application/json; charset=utf-8
cache-control: no-cache
content-length: 18

17:42:11.262 [AsyncHttpClient-1-5] DEBUG org.asynchttpclient.netty.channel.ChannelManager - Adding key: http://localhost:54131 for channel [id: 0x57455834, L:/127.0.0.1:57443 - R:localhost/127.0.0.1:54131]
17:42:11.263 [Forwarding getElementTagName on session 347b717d92e74d09b10b57bf56018adb to remote] DEBUG org.asynchttpclient.netty.request.NettyRequestSender - Using pooled Channel '[id: 0x57455834, L:/127.0.0.1:57443 - R:localhost/127.0.0.1:54131]' for 'GET' to 'http://localhost:54131/session/347b717d92e74d09b10b57bf56018adb/element/5e01b758-b4e2-4fe1-b1bf-be6985f773b8/name'
17:42:11.264 [Forwarding getElementTagName on session 347b717d92e74d09b10b57bf56018adb to remote] DEBUG org.asynchttpclient.netty.request.NettyRequestSender - Using open Channel [id: 0x57455834, L:/127.0.0.1:57443 - R:localhost/127.0.0.1:54131] for GET '/session/347b717d92e74d09b10b57bf56018adb/element/5e01b758-b4e2-4fe1-b1bf-be6985f773b8/name'
17:42:11.267 [AsyncHttpClient-1-5] DEBUG org.asynchttpclient.netty.handler.HttpHandler - 

Request DefaultFullHttpRequest(decodeResult: success, version: HTTP/1.1, content: EmptyByteBufBE)
GET /session/347b717d92e74d09b10b57bf56018adb/element/5e01b758-b4e2-4fe1-b1bf-be6985f773b8/name HTTP/1.1
User-Agent: selenium/4.1.2 (java windows)
Cache-Control: no-cache
Content-Type: application/json; charset=utf-8
host: localhost:54131
accept: */*

Response DefaultHttpResponse(decodeResult: success, version: HTTP/1.1)
HTTP/1.1 200 OK
Content-Type: application/json; charset=utf-8
cache-control: no-cache
content-length: 18

17:42:11.268 [AsyncHttpClient-1-5] DEBUG org.asynchttpclient.netty.channel.ChannelManager - Adding key: http://localhost:54131 for channel [id: 0x57455834, L:/127.0.0.1:57443 - R:localhost/127.0.0.1:54131]
17:42:11.270 [Forwarding isElementEnabled on session 347b717d92e74d09b10b57bf56018adb to remote] DEBUG org.asynchttpclient.netty.request.NettyRequestSender - Using pooled Channel '[id: 0x57455834, L:/127.0.0.1:57443 - R:localhost/127.0.0.1:54131]' for 'GET' to 'http://localhost:54131/session/347b717d92e74d09b10b57bf56018adb/element/5e01b758-b4e2-4fe1-b1bf-be6985f773b8/enabled'
17:42:11.271 [Forwarding isElementEnabled on session 347b717d92e74d09b10b57bf56018adb to remote] DEBUG org.asynchttpclient.netty.request.NettyRequestSender - Using open Channel [id: 0x57455834, L:/127.0.0.1:57443 - R:localhost/127.0.0.1:54131] for GET '/session/347b717d92e74d09b10b57bf56018adb/element/5e01b758-b4e2-4fe1-b1bf-be6985f773b8/enabled'
17:42:11.282 [AsyncHttpClient-1-5] DEBUG org.asynchttpclient.netty.handler.HttpHandler - 

Request DefaultFullHttpRequest(decodeResult: success, version: HTTP/1.1, content: EmptyByteBufBE)
GET /session/347b717d92e74d09b10b57bf56018adb/element/5e01b758-b4e2-4fe1-b1bf-be6985f773b8/enabled HTTP/1.1
User-Agent: selenium/4.1.2 (java windows)
Cache-Control: no-cache
Content-Type: application/json; charset=utf-8
host: localhost:54131
accept: */*

Response DefaultHttpResponse(decodeResult: success, version: HTTP/1.1)
HTTP/1.1 200 OK
Content-Type: application/json; charset=utf-8
cache-control: no-cache
content-length: 14

17:42:11.283 [AsyncHttpClient-1-5] DEBUG org.asynchttpclient.netty.channel.ChannelManager - Adding key: http://localhost:54131 for channel [id: 0x57455834, L:/127.0.0.1:57443 - R:localhost/127.0.0.1:54131]
17:42:11.284 [Forwarding isElementEnabled on session 347b717d92e74d09b10b57bf56018adb to remote] DEBUG org.asynchttpclient.netty.request.NettyRequestSender - Using pooled Channel '[id: 0x57455834, L:/127.0.0.1:57443 - R:localhost/127.0.0.1:54131]' for 'GET' to 'http://localhost:54131/session/347b717d92e74d09b10b57bf56018adb/element/5e01b758-b4e2-4fe1-b1bf-be6985f773b8/enabled'
17:42:11.284 [Forwarding isElementEnabled on session 347b717d92e74d09b10b57bf56018adb to remote] DEBUG org.asynchttpclient.netty.request.NettyRequestSender - Using open Channel [id: 0x57455834, L:/127.0.0.1:57443 - R:localhost/127.0.0.1:54131] for GET '/session/347b717d92e74d09b10b57bf56018adb/element/5e01b758-b4e2-4fe1-b1bf-be6985f773b8/enabled'
17:42:11.293 [AsyncHttpClient-1-5] DEBUG org.asynchttpclient.netty.handler.HttpHandler - 

Request DefaultFullHttpRequest(decodeResult: success, version: HTTP/1.1, content: EmptyByteBufBE)
GET /session/347b717d92e74d09b10b57bf56018adb/element/5e01b758-b4e2-4fe1-b1bf-be6985f773b8/enabled HTTP/1.1
User-Agent: selenium/4.1.2 (java windows)
Cache-Control: no-cache
Content-Type: application/json; charset=utf-8
host: localhost:54131
accept: */*

Response DefaultHttpResponse(decodeResult: success, version: HTTP/1.1)
HTTP/1.1 200 OK
Content-Type: application/json; charset=utf-8
cache-control: no-cache
content-length: 14

17:42:11.293 [AsyncHttpClient-1-5] DEBUG org.asynchttpclient.netty.channel.ChannelManager - Adding key: http://localhost:54131 for channel [id: 0x57455834, L:/127.0.0.1:57443 - R:localhost/127.0.0.1:54131]
17:42:11.295 [Forwarding findElement on session 347b717d92e74d09b10b57bf56018adb to remote] DEBUG org.asynchttpclient.netty.request.NettyRequestSender - Using pooled Channel '[id: 0x57455834, L:/127.0.0.1:57443 - R:localhost/127.0.0.1:54131]' for 'POST' to 'http://localhost:54131/session/347b717d92e74d09b10b57bf56018adb/element'
17:42:11.295 [Forwarding findElement on session 347b717d92e74d09b10b57bf56018adb to remote] DEBUG org.asynchttpclient.netty.request.NettyRequestSender - Using open Channel [id: 0x57455834, L:/127.0.0.1:57443 - R:localhost/127.0.0.1:54131] for POST '/session/347b717d92e74d09b10b57bf56018adb/element'
17:42:11.305 [AsyncHttpClient-1-5] DEBUG org.asynchttpclient.netty.handler.HttpHandler - 

Request DefaultHttpRequest(decodeResult: success, version: HTTP/1.1)
POST /session/347b717d92e74d09b10b57bf56018adb/element HTTP/1.1
User-Agent: selenium/4.1.2 (java windows)
Content-Length: 116
Content-Type: application/json; charset=utf-8
host: localhost:54131
accept: */*

Response DefaultHttpResponse(decodeResult: success, version: HTTP/1.1)
HTTP/1.1 200 OK
Content-Type: application/json; charset=utf-8
cache-control: no-cache
content-length: 88

17:42:11.305 [AsyncHttpClient-1-5] DEBUG org.asynchttpclient.netty.channel.ChannelManager - Adding key: http://localhost:54131 for channel [id: 0x57455834, L:/127.0.0.1:57443 - R:localhost/127.0.0.1:54131]
17:42:11.306 [Forwarding clickElement on session 347b717d92e74d09b10b57bf56018adb to remote] DEBUG org.asynchttpclient.netty.request.NettyRequestSender - Using pooled Channel '[id: 0x57455834, L:/127.0.0.1:57443 - R:localhost/127.0.0.1:54131]' for 'POST' to 'http://localhost:54131/session/347b717d92e74d09b10b57bf56018adb/element/5e01b758-b4e2-4fe1-b1bf-be6985f773b8/click'
17:42:11.306 [Forwarding clickElement on session 347b717d92e74d09b10b57bf56018adb to remote] DEBUG org.asynchttpclient.netty.request.NettyRequestSender - Using open Channel [id: 0x57455834, L:/127.0.0.1:57443 - R:localhost/127.0.0.1:54131] for POST '/session/347b717d92e74d09b10b57bf56018adb/element/5e01b758-b4e2-4fe1-b1bf-be6985f773b8/click'
17:42:11.438 [AsyncHttpClient-1-5] DEBUG org.asynchttpclient.netty.handler.HttpHandler - 

Request DefaultHttpRequest(decodeResult: success, version: HTTP/1.1)
POST /session/347b717d92e74d09b10b57bf56018adb/element/5e01b758-b4e2-4fe1-b1bf-be6985f773b8/click HTTP/1.1
User-Agent: selenium/4.1.2 (java windows)
Content-Length: 50
Content-Type: application/json; charset=utf-8
host: localhost:54131
accept: */*

Response DefaultHttpResponse(decodeResult: success, version: HTTP/1.1)
HTTP/1.1 200 OK
Content-Type: application/json; charset=utf-8
cache-control: no-cache
content-length: 14

17:42:11.438 [AsyncHttpClient-1-5] DEBUG org.asynchttpclient.netty.channel.ChannelManager - Adding key: http://localhost:54131 for channel [id: 0x57455834, L:/127.0.0.1:57443 - R:localhost/127.0.0.1:54131]
17:42:11.459 [Forwarding screenshot on session 347b717d92e74d09b10b57bf56018adb to remote] DEBUG org.asynchttpclient.netty.request.NettyRequestSender - Using pooled Channel '[id: 0x57455834, L:/127.0.0.1:57443 - R:localhost/127.0.0.1:54131]' for 'GET' to 'http://localhost:54131/session/347b717d92e74d09b10b57bf56018adb/screenshot'
17:42:11.459 [Forwarding screenshot on session 347b717d92e74d09b10b57bf56018adb to remote] DEBUG org.asynchttpclient.netty.request.NettyRequestSender - Using open Channel [id: 0x57455834, L:/127.0.0.1:57443 - R:localhost/127.0.0.1:54131] for GET '/session/347b717d92e74d09b10b57bf56018adb/screenshot'
17:42:11.608 [AsyncHttpClient-1-5] DEBUG org.asynchttpclient.netty.handler.HttpHandler - 

Request DefaultFullHttpRequest(decodeResult: success, version: HTTP/1.1, content: EmptyByteBufBE)
GET /session/347b717d92e74d09b10b57bf56018adb/screenshot HTTP/1.1
User-Agent: selenium/4.1.2 (java windows)
Cache-Control: no-cache
Content-Type: application/json; charset=utf-8
host: localhost:54131
accept: */*

Response DefaultHttpResponse(decodeResult: success, version: HTTP/1.1)
HTTP/1.1 200 OK
Content-Type: application/json; charset=utf-8
cache-control: no-cache
content-length: 77208

17:42:11.609 [AsyncHttpClient-1-5] DEBUG org.asynchttpclient.netty.channel.ChannelManager - Adding key: http://localhost:54131 for channel [id: 0x57455834, L:/127.0.0.1:57443 - R:localhost/127.0.0.1:54131]
17:42:11.613 [main] DEBUG net.serenitybdd.core.photography.Darkroom - Send negative for processing for target\site\serenity\c617c2ab6cefa649ac7792152996af362bfebdf1a6b733e8b9ead98015116396.png
17:42:11.614 [main] DEBUG net.thucydides.core.steps.StepInterceptor - STEP DONE: clickSubmitButton
  &amp#27;[32mAnd &amp#27;[0m&amp#27;[32mI change patient data&amp#27;[0m                     &amp#27;[90m# starter.stepdefinitions.PatientSteps.iChangePatientData()&amp#27;[0m
17:42:11.617 [Darkroom Processing Line] DEBUG net.serenitybdd.core.photography.DarkroomProcessingLine - Processing screenshot image in /var/screenshots/screenshot-7914627055948886657
17:42:11.617 [Darkroom Processing Line] DEBUG net.serenitybdd.core.photography.DarkroomProcessingLine - Saving screenshot to target\site\serenity\c617c2ab6cefa649ac7792152996af362bfebdf1a6b733e8b9ead98015116396.png
17:42:11.632 [Forwarding findElement on session 347b717d92e74d09b10b57bf56018adb to remote] DEBUG org.asynchttpclient.netty.request.NettyRequestSender - Using pooled Channel '[id: 0x57455834, L:/127.0.0.1:57443 - R:localhost/127.0.0.1:54131]' for 'POST' to 'http://localhost:54131/session/347b717d92e74d09b10b57bf56018adb/element'
17:42:11.632 [Forwarding findElement on session 347b717d92e74d09b10b57bf56018adb to remote] DEBUG org.asynchttpclient.netty.request.NettyRequestSender - Using open Channel [id: 0x57455834, L:/127.0.0.1:57443 - R:localhost/127.0.0.1:54131] for POST '/session/347b717d92e74d09b10b57bf56018adb/element'
17:42:12.001 [AsyncHttpClient-1-1] DEBUG org.asynchttpclient.netty.channel.DefaultChannelPool - Entry count for : http://localhost:57445 : 1
17:42:12.154 [AsyncHttpClient-1-5] DEBUG org.asynchttpclient.netty.handler.HttpHandler - 

Request DefaultHttpRequest(decodeResult: success, version: HTTP/1.1)
POST /session/347b717d92e74d09b10b57bf56018adb/element HTTP/1.1
User-Agent: selenium/4.1.2 (java windows)
Content-Length: 74
Content-Type: application/json; charset=utf-8
host: localhost:54131
accept: */*

Response DefaultHttpResponse(decodeResult: success, version: HTTP/1.1)
HTTP/1.1 200 OK
Content-Type: application/json; charset=utf-8
cache-control: no-cache
content-length: 88

17:42:12.154 [AsyncHttpClient-1-5] DEBUG org.asynchttpclient.netty.channel.ChannelManager - Adding key: http://localhost:54131 for channel [id: 0x57455834, L:/127.0.0.1:57443 - R:localhost/127.0.0.1:54131]
17:42:12.159 [Forwarding isElementDisplayed on session 347b717d92e74d09b10b57bf56018adb to remote] DEBUG org.asynchttpclient.netty.request.NettyRequestSender - Using pooled Channel '[id: 0x57455834, L:/127.0.0.1:57443 - R:localhost/127.0.0.1:54131]' for 'POST' to 'http://localhost:54131/session/347b717d92e74d09b10b57bf56018adb/execute/sync'
17:42:12.159 [Forwarding isElementDisplayed on session 347b717d92e74d09b10b57bf56018adb to remote] DEBUG org.asynchttpclient.netty.request.NettyRequestSender - Using open Channel [id: 0x57455834, L:/127.0.0.1:57443 - R:localhost/127.0.0.1:54131] for POST '/session/347b717d92e74d09b10b57bf56018adb/execute/sync'
17:42:12.201 [AsyncHttpClient-1-5] DEBUG org.asynchttpclient.netty.handler.HttpHandler - 

Request DefaultHttpRequest(decodeResult: success, version: HTTP/1.1)
POST /session/347b717d92e74d09b10b57bf56018adb/execute/sync HTTP/1.1
User-Agent: selenium/4.1.2 (java windows)
Content-Length: 48780
Content-Type: application/json; charset=utf-8
host: localhost:54131
accept: */*

Response DefaultHttpResponse(decodeResult: success, version: HTTP/1.1)
HTTP/1.1 200 OK
Content-Type: application/json; charset=utf-8
cache-control: no-cache
content-length: 14

17:42:12.201 [AsyncHttpClient-1-5] DEBUG org.asynchttpclient.netty.channel.ChannelManager - Adding key: http://localhost:54131 for channel [id: 0x57455834, L:/127.0.0.1:57443 - R:localhost/127.0.0.1:54131]
  &amp#27;[32mThen &amp#27;[0m&amp#27;[32mI get Edit Patient has been added result&amp#27;[0m &amp#27;[90m# starter.stepdefinitions.PatientSteps.iGetEditPatientHasBeenAddedResult()&amp#27;[0m
17:42:12.349 [Forwarding screenshot on session 347b717d92e74d09b10b57bf56018adb to remote] DEBUG org.asynchttpclient.netty.request.NettyRequestSender - Using pooled Channel '[id: 0x57455834, L:/127.0.0.1:57443 - R:localhost/127.0.0.1:54131]' for 'GET' to 'http://localhost:54131/session/347b717d92e74d09b10b57bf56018adb/screenshot'
17:42:12.349 [Forwarding screenshot on session 347b717d92e74d09b10b57bf56018adb to remote] DEBUG org.asynchttpclient.netty.request.NettyRequestSender - Using open Channel [id: 0x57455834, L:/127.0.0.1:57443 - R:localhost/127.0.0.1:54131] for GET '/session/347b717d92e74d09b10b57bf56018adb/screenshot'
17:42:12.571 [AsyncHttpClient-1-5] DEBUG org.asynchttpclient.netty.handler.HttpHandler - 

Request DefaultFullHttpRequest(decodeResult: success, version: HTTP/1.1, content: EmptyByteBufBE)
GET /session/347b717d92e74d09b10b57bf56018adb/screenshot HTTP/1.1
User-Agent: selenium/4.1.2 (java windows)
Cache-Control: no-cache
Content-Type: application/json; charset=utf-8
host: localhost:54131
accept: */*

Response DefaultHttpResponse(decodeResult: success, version: HTTP/1.1)
HTTP/1.1 200 OK
Content-Type: application/json; charset=utf-8
cache-control: no-cache
content-length: 81292

17:42:12.572 [AsyncHttpClient-1-5] DEBUG org.asynchttpclient.netty.channel.ChannelManager - Adding key: http://localhost:54131 for channel [id: 0x57455834, L:/127.0.0.1:57443 - R:localhost/127.0.0.1:54131]
17:42:12.577 [main] DEBUG net.serenitybdd.core.photography.Darkroom - Send negative for processing for target\site\serenity\6921dfb53af1a461e09d9545159bf50820f80fec6eff8750ed30d65592bf406c.png
17:42:12.578 [Darkroom Processing Line] DEBUG net.serenitybdd.core.photography.DarkroomProcessingLine - Processing screenshot image in /var/screenshots/screenshot-16918950864054443907
17:42:12.578 [Darkroom Processing Line] DEBUG net.serenitybdd.core.photography.DarkroomProcessingLine - Saving screenshot to target\site\serenity\6921dfb53af1a461e09d9545159bf50820f80fec6eff8750ed30d65592bf406c.png
17:42:12.579 [main] INFO  - 
  _____   ___   ___   _____     ___     _     ___   ___   ___   ___  
 |_   _| | __| / __| |_   _|   | _ \   /_\   / __| / __| | __| |   \ 
   | |   | _|  \__ \   | |     |  _/  / _ \  \__ \ \__ \ | _|  | |) |
   |_|   |___| |___/   |_|     |_|   /_/ \_\ |___/ |___/ |___| |___/ 

Edit Patient Data Scenario
----------------------------------------------------------------------
17:42:12.582 [AsyncHttpClient-1-7] DEBUG org.asynchttpclient.netty.handler.WebSocketHandler - Channel Closed: [id: 0x6c67ad01, L:/127.0.0.1:57451 ! R:localhost/127.0.0.1:57445] with attribute NettyResponseFuture{currentRetry=5,
	isDone=1,
	isCancelled=0,
	asyncHandler=org.asynchttpclient.ws.WebSocketUpgradeHandler@12dd18b9,
	nettyRequest=org.asynchttpclient.netty.request.NettyRequest@182421ad,
	future=java.util.concurrent.CompletableFuture@326bb9d[Completed normally],
	uri=ws://localhost:57445/devtools/browser/ae27ad1b-2c6b-4bea-9bf1-3bd3b10f4da5,
	keepAlive=true,
	redirectCount=0,
	timeoutsHolder=null,
	inAuth=0,
	touch=1655548925657}
17:42:12.582 [AsyncHttpClient-1-7] DEBUG org.asynchttpclient.netty.channel.ChannelManager - Closing Channel [id: 0x6c67ad01, L:/127.0.0.1:57451 ! R:localhost/127.0.0.1:57445] 
17:42:12.590 [Driver Command Executor] DEBUG org.asynchttpclient.netty.request.NettyRequestSender - Using pooled Channel '[id: 0x57455834, L:/127.0.0.1:57443 - R:localhost/127.0.0.1:54131]' for 'DELETE' to 'http://localhost:54131/session/347b717d92e74d09b10b57bf56018adb'
17:42:12.590 [Driver Command Executor] DEBUG org.asynchttpclient.netty.request.NettyRequestSender - Using open Channel [id: 0x57455834, L:/127.0.0.1:57443 - R:localhost/127.0.0.1:54131] for DELETE '/session/347b717d92e74d09b10b57bf56018adb'
17:42:12.634 [AsyncHttpClient-1-6] DEBUG org.asynchttpclient.netty.handler.HttpHandler - Unexpected I/O exception on channel [id: 0xd073c838, L:/127.0.0.1:57450 - R:localhost/127.0.0.1:57445]
java.net.SocketException: Connection reset
	at java.base/sun.nio.ch.SocketChannelImpl.throwConnectionReset(SocketChannelImpl.java:367)
	at java.base/sun.nio.ch.SocketChannelImpl.read(SocketChannelImpl.java:398)
	at io.netty.buffer.PooledByteBuf.setBytes(PooledByteBuf.java:258)
	at io.netty.buffer.AbstractByteBuf.writeBytes(AbstractByteBuf.java:1132)
	at io.netty.channel.socket.nio.NioSocketChannel.doReadBytes(NioSocketChannel.java:350)
	at io.netty.channel.nio.AbstractNioByteChannel$NioByteUnsafe.read(AbstractNioByteChannel.java:151)
	at io.netty.channel.nio.NioEventLoop.processSelectedKey(NioEventLoop.java:722)
	at io.netty.channel.nio.NioEventLoop.processSelectedKeysOptimized(NioEventLoop.java:658)
	at io.netty.channel.nio.NioEventLoop.processSelectedKeys(NioEventLoop.java:584)
	at io.netty.channel.nio.NioEventLoop.run(NioEventLoop.java:496)
	at io.netty.util.concurrent.SingleThreadEventExecutor$4.run(SingleThreadEventExecutor.java:986)
	at io.netty.util.internal.ThreadExecutorMap$2.run(ThreadExecutorMap.java:74)
	at io.netty.util.concurrent.FastThreadLocalRunnable.run(FastThreadLocalRunnable.java:30)
	at java.base/java.lang.Thread.run(Thread.java:832)
17:42:12.634 [AsyncHttpClient-1-6] DEBUG org.asynchttpclient.netty.channel.ChannelManager - Closing Channel [id: 0xd073c838, L:/127.0.0.1:57450 - R:localhost/127.0.0.1:57445] 
17:42:12.635 [AsyncHttpClient-1-6] DEBUG org.asynchttpclient.netty.handler.HttpHandler - Channel Closed: [id: 0xd073c838, L:/127.0.0.1:57450 ! R:localhost/127.0.0.1:57445] with attribute DISCARD
17:42:12.663 [AsyncHttpClient-1-5] DEBUG org.asynchttpclient.netty.handler.HttpHandler - 

Request DefaultFullHttpRequest(decodeResult: success, version: HTTP/1.1, content: EmptyByteBufBE)
DELETE /session/347b717d92e74d09b10b57bf56018adb HTTP/1.1
User-Agent: selenium/4.1.2 (java windows)
Content-Type: application/json; charset=utf-8
host: localhost:54131
accept: */*

Response DefaultHttpResponse(decodeResult: success, version: HTTP/1.1)
HTTP/1.1 200 OK
Content-Type: application/json; charset=utf-8
cache-control: no-cache
content-length: 14

17:42:12.663 [AsyncHttpClient-1-5] DEBUG org.asynchttpclient.netty.channel.ChannelManager - Adding key: http://localhost:54131 for channel [id: 0x57455834, L:/127.0.0.1:57443 - R:localhost/127.0.0.1:54131]
17:42:12.832 [AsyncHttpClient-1-5] DEBUG org.asynchttpclient.netty.handler.HttpHandler - Channel Closed: [id: 0x57455834, L:/127.0.0.1:57443 ! R:localhost/127.0.0.1:54131] with attribute DISCARD
17:42:13.101 [AsyncHttpClient-1-1] DEBUG org.asynchttpclient.netty.channel.DefaultChannelPool - Entry count for : http://localhost:54131 : 1
17:42:13.101 [AsyncHttpClient-1-1] DEBUG org.asynchttpclient.netty.channel.DefaultChannelPool - Entry count for : http://localhost:57445 : 1
17:42:13.101 [AsyncHttpClient-1-1] DEBUG org.asynchttpclient.netty.channel.DefaultChannelPool - Adding Candidate expired Channel [id: 0x57455834, L:/127.0.0.1:57443 ! R:localhost/127.0.0.1:54131] isIdleTimeoutExpired=false isRemotelyClosed=true isTtlExpired=false
17:42:13.101 [AsyncHttpClient-1-1] DEBUG org.asynchttpclient.netty.channel.DefaultChannelPool - Closing Idle Channel [id: 0x57455834, L:/127.0.0.1:57443 ! R:localhost/127.0.0.1:54131]
17:42:13.101 [AsyncHttpClient-1-1] DEBUG org.asynchttpclient.netty.channel.DefaultChannelPool - Adding Candidate expired Channel [id: 0xd073c838, L:/127.0.0.1:57450 ! R:localhost/127.0.0.1:57445] isIdleTimeoutExpired=false isRemotelyClosed=true isTtlExpired=false
17:42:13.101 [AsyncHttpClient-1-1] DEBUG org.asynchttpclient.netty.channel.DefaultChannelPool - Closing Idle Channel [id: 0xd073c838, L:/127.0.0.1:57450 ! R:localhost/127.0.0.1:57445]
17:42:13.101 [AsyncHttpClient-1-1] DEBUG org.asynchttpclient.netty.channel.DefaultChannelPool - Closed 2 connections out of 2 in 0 ms
]]></system-out>
    <system-err><![CDATA[Starting ChromeDriver 102.0.5005.61 (0e59bcc00cc4985ce39ad31c150065f159d95ad3-refs/branch-heads/5005@{#819}) on port 54131
Only local connections are allowed.
Please see https://chromedriver.chromium.org/security-considerations for suggestions on keeping ChromeDriver safe.
ChromeDriver was started successfully.
Jun 18, 2022 5:42:05 PM org.openqa.selenium.remote.ProtocolHandshake createSession
INFO: Detected dialect: W3C
Jun 18, 2022 5:42:05 PM org.openqa.selenium.devtools.CdpVersionFinder findNearestMatch
WARNING: Unable to find an exact match for CDP version 102, so returning the closest version found: a no-op implementation
Jun 18, 2022 5:42:05 PM org.openqa.selenium.devtools.CdpVersionFinder findNearestMatch
INFO: Unable to find CDP implementation matching 102.
Jun 18, 2022 5:42:05 PM org.openqa.selenium.chromium.ChromiumDriver lambda$new$3
WARNING: Unable to find version of CDP to use for . You may need to include a dependency on a specific version of the CDP using something similar to `org.seleniumhq.selenium:selenium-devtools-v86:4.1.2` where the version ("v86") matches the version of the chromium-based browser you're using and the version number of the artifact is the same as Selenium's.
]]></system-err>
  </testcase>
  <testcase name="Cancel Edit Patient Data Scenario" classname="Patient" time="11.535">
    <system-out><![CDATA[
@Patient
Scenario: Cancel Edit Patient Data Scenario &amp#27;[90m# src/test/resources/features/2.Patient.feature:29&amp#27;[0m
17:42:13.373 [main] INFO io.cucumber.core.plugin.SerenityReporter - Running feature from file:///E:/My%20Documents/File%20Difa/TI%20Semester%206%20Kampus%20Merdeka%20Alterra/Tugas/CAPSTONE%20Project/Capstone-Project-Website/src/test/resources/features/2.Patient.feature
17:42:13.377 [main] INFO  - 
  _____   ___   ___   _____     ___   _____     _     ___   _____   ___   ___  
 |_   _| | __| / __| |_   _|   / __| |_   _|   /_\   | _ \ |_   _| | __| |   \ 
   | |   | _|  \__ \   | |     \__ \   | |    / _ \  |   /   | |   | _|  | |) |
   |_|   |___| |___/   |_|     |___/   |_|   /_/ \_\ |_|_\   |_|   |___| |___/ 

Cancel Edit Patient Data Scenario(patient;cancel-edit-patient-data-scenario)
--------------------------------------------------------------------------------
17:42:13.406 [main] DEBUG net.thucydides.core.steps.StepInterceptor - STARTING STEP: PatientSteps.iAmAtTheDashboardPage - openUrl
17:42:13.408 [main] INFO net.serenitybdd.core.webdriver.driverproviders.ChromeDriverProvider - Using automatically driver download
17:42:13.842 [main] DEBUG io.github.bonigarcia.wdm.cache.ResolutionCache - Resolution chrome=102 in cache (valid until 18:14:23 18/06/2022 ICT)
17:42:13.863 [main] DEBUG io.github.bonigarcia.wdm.cache.ResolutionCache - Resolution chrome102=102.0.5005.61 in cache (valid until 17:29:52 19/06/2022 ICT)
17:42:13.865 [main] INFO io.github.bonigarcia.wdm.WebDriverManager - Using chromedriver 102.0.5005.61 (resolved driver for Chrome 102)
17:42:13.881 [main] DEBUG io.github.bonigarcia.wdm.WebDriverManager - Driver chromedriver 102.0.5005.61 found in cache
17:42:13.882 [main] INFO io.github.bonigarcia.wdm.WebDriverManager - Exporting webdriver.chrome.driver as C:\Users\USER\.cache\selenium\chromedriver\win32\102.0.5005.61\chromedriver.exe
17:42:14.155 [main] DEBUG net.serenitybdd.core.webdriver.driverproviders.ProvideNewDriver - Instantiating driver
17:42:14.155 [main] DEBUG net.serenitybdd.core.webdriver.driverproviders.ProvideNewDriver - Driver capabilities: Capabilities {acceptInsecureCerts: false, base.url: https://hospital-management..., browserName: chrome, chrome.driver: src/test/resources/webdrive..., driver: chrome, goog:chromeOptions: {args: [], extensions: []}}
17:42:14.681 [AsyncHttpClient-1-8] DEBUG org.asynchttpclient.netty.channel.NettyConnectListener - Using new Channel '[id: 0xe15693df, L:/127.0.0.1:57476 - R:localhost/127.0.0.1:61546]' for 'POST' to '/session'
17:42:15.729 [AsyncHttpClient-1-8] DEBUG org.asynchttpclient.netty.handler.HttpHandler - 

Request DefaultHttpRequest(decodeResult: success, version: HTTP/1.1)
POST /session HTTP/1.1
User-Agent: selenium/4.1.2 (java windows)
Content-Length: 621
Content-Type: application/json; charset=utf-8
host: localhost:61546
accept: */*

Response DefaultHttpResponse(decodeResult: success, version: HTTP/1.1)
HTTP/1.1 200 OK
Content-Type: application/json; charset=utf-8
cache-control: no-cache
content-length: 788

17:42:15.729 [AsyncHttpClient-1-8] DEBUG org.asynchttpclient.netty.channel.ChannelManager - Adding key: http://localhost:61546 for channel [id: 0xe15693df, L:/127.0.0.1:57476 - R:localhost/127.0.0.1:61546]
17:42:15.749 [AsyncHttpClient-1-9] DEBUG org.asynchttpclient.netty.channel.NettyConnectListener - Using new Channel '[id: 0x121283d4, L:/127.0.0.1:57483 - R:localhost/127.0.0.1:57478]' for 'GET' to '/json/version'
17:42:15.750 [AsyncHttpClient-1-9] DEBUG org.asynchttpclient.netty.handler.HttpHandler - 

Request DefaultFullHttpRequest(decodeResult: success, version: HTTP/1.1, content: EmptyByteBufBE)
GET /json/version HTTP/1.1
User-Agent: selenium/4.1.2 (java windows)
host: localhost:57478
accept: */*

Response DefaultHttpResponse(decodeResult: success, version: HTTP/1.1)
HTTP/1.1 200 OK
Content-Type: application/json; charset=UTF-8
content-length: 427

17:42:15.750 [AsyncHttpClient-1-9] DEBUG org.asynchttpclient.netty.channel.ChannelManager - Adding key: http://localhost:57478 for channel [id: 0x121283d4, L:/127.0.0.1:57483 - R:localhost/127.0.0.1:57478]
17:42:15.755 [AsyncHttpClient-1-2] DEBUG org.asynchttpclient.netty.channel.NettyConnectListener - Using new Channel '[id: 0xfd1e788e, L:/127.0.0.1:57484 - R:localhost/127.0.0.1:57478]' for 'GET' to '/devtools/browser/9a405bf9-73bb-4f05-97ca-63a43395692a'
17:42:15.757 [AsyncHttpClient-1-2] DEBUG org.asynchttpclient.netty.handler.WebSocketHandler - 

Request DefaultFullHttpRequest(decodeResult: success, version: HTTP/1.1, content: EmptyByteBufBE)
GET /devtools/browser/9a405bf9-73bb-4f05-97ca-63a43395692a HTTP/1.1
upgrade: websocket
connection: upgrade
sec-websocket-key: /fwuHPBtI2URrkxoam+LzA==
sec-websocket-version: 13
origin: http://localhost:57478
host: localhost:57478
accept: */*
user-agent: AHC/2.1

Response DefaultHttpResponse(decodeResult: success, version: HTTP/1.1)
HTTP/1.1 101 WebSocket Protocol Handshake
Upgrade: WebSocket
Connection: Upgrade
Sec-WebSocket-Accept: zP4JQC4cDt6RkCSVPF4DY/IgUrQ=

17:42:15.773 [Forwarding maximizeCurrentWindow on session f18045fa3268d59d75b4f599ad590701 to remote] DEBUG org.asynchttpclient.netty.request.NettyRequestSender - Using pooled Channel '[id: 0xe15693df, L:/127.0.0.1:57476 - R:localhost/127.0.0.1:61546]' for 'POST' to 'http://localhost:61546/session/f18045fa3268d59d75b4f599ad590701/window/maximize'
17:42:15.773 [Forwarding maximizeCurrentWindow on session f18045fa3268d59d75b4f599ad590701 to remote] DEBUG org.asynchttpclient.netty.request.NettyRequestSender - Using open Channel [id: 0xe15693df, L:/127.0.0.1:57476 - R:localhost/127.0.0.1:61546] for POST '/session/f18045fa3268d59d75b4f599ad590701/window/maximize'
17:42:15.891 [AsyncHttpClient-1-8] DEBUG org.asynchttpclient.netty.handler.HttpHandler - 

Request DefaultHttpRequest(decodeResult: success, version: HTTP/1.1)
POST /session/f18045fa3268d59d75b4f599ad590701/window/maximize HTTP/1.1
User-Agent: selenium/4.1.2 (java windows)
Content-Length: 3
Content-Type: application/json; charset=utf-8
host: localhost:61546
accept: */*

Response DefaultHttpResponse(decodeResult: success, version: HTTP/1.1)
HTTP/1.1 200 OK
Content-Type: application/json; charset=utf-8
cache-control: no-cache
content-length: 51

17:42:15.891 [AsyncHttpClient-1-8] DEBUG org.asynchttpclient.netty.channel.ChannelManager - Adding key: http://localhost:61546 for channel [id: 0xe15693df, L:/127.0.0.1:57476 - R:localhost/127.0.0.1:61546]
17:42:15.893 [Forwarding get on session f18045fa3268d59d75b4f599ad590701 to remote] DEBUG org.asynchttpclient.netty.request.NettyRequestSender - Using pooled Channel '[id: 0xe15693df, L:/127.0.0.1:57476 - R:localhost/127.0.0.1:61546]' for 'POST' to 'http://localhost:61546/session/f18045fa3268d59d75b4f599ad590701/url'
17:42:15.893 [Forwarding get on session f18045fa3268d59d75b4f599ad590701 to remote] DEBUG org.asynchttpclient.netty.request.NettyRequestSender - Using open Channel [id: 0xe15693df, L:/127.0.0.1:57476 - R:localhost/127.0.0.1:61546] for POST '/session/f18045fa3268d59d75b4f599ad590701/url'
17:42:16.400 [AsyncHttpClient-1-1] DEBUG org.asynchttpclient.netty.channel.DefaultChannelPool - Entry count for : http://localhost:57478 : 1
17:42:17.501 [AsyncHttpClient-1-1] DEBUG org.asynchttpclient.netty.channel.DefaultChannelPool - Entry count for : http://localhost:57478 : 1
17:42:18.601 [AsyncHttpClient-1-1] DEBUG org.asynchttpclient.netty.channel.DefaultChannelPool - Entry count for : http://localhost:57478 : 1
17:42:19.701 [AsyncHttpClient-1-1] DEBUG org.asynchttpclient.netty.channel.DefaultChannelPool - Entry count for : http://localhost:57478 : 1
17:42:19.729 [AsyncHttpClient-1-8] DEBUG org.asynchttpclient.netty.handler.HttpHandler - 

Request DefaultHttpRequest(decodeResult: success, version: HTTP/1.1)
POST /session/f18045fa3268d59d75b4f599ad590701/url HTTP/1.1
User-Agent: selenium/4.1.2 (java windows)
Content-Length: 65
Content-Type: application/json; charset=utf-8
host: localhost:61546
accept: */*

Response DefaultHttpResponse(decodeResult: success, version: HTTP/1.1)
HTTP/1.1 200 OK
Content-Type: application/json; charset=utf-8
cache-control: no-cache
content-length: 14

17:42:19.729 [AsyncHttpClient-1-8] DEBUG org.asynchttpclient.netty.channel.ChannelManager - Adding key: http://localhost:61546 for channel [id: 0xe15693df, L:/127.0.0.1:57476 - R:localhost/127.0.0.1:61546]
17:42:19.736 [Forwarding setTimeout on session f18045fa3268d59d75b4f599ad590701 to remote] DEBUG org.asynchttpclient.netty.request.NettyRequestSender - Using pooled Channel '[id: 0xe15693df, L:/127.0.0.1:57476 - R:localhost/127.0.0.1:61546]' for 'POST' to 'http://localhost:61546/session/f18045fa3268d59d75b4f599ad590701/timeouts'
17:42:19.736 [Forwarding setTimeout on session f18045fa3268d59d75b4f599ad590701 to remote] DEBUG org.asynchttpclient.netty.request.NettyRequestSender - Using open Channel [id: 0xe15693df, L:/127.0.0.1:57476 - R:localhost/127.0.0.1:61546] for POST '/session/f18045fa3268d59d75b4f599ad590701/timeouts'
17:42:19.738 [AsyncHttpClient-1-8] DEBUG org.asynchttpclient.netty.handler.HttpHandler - 

Request DefaultHttpRequest(decodeResult: success, version: HTTP/1.1)
POST /session/f18045fa3268d59d75b4f599ad590701/timeouts HTTP/1.1
User-Agent: selenium/4.1.2 (java windows)
Content-Length: 22
Content-Type: application/json; charset=utf-8
host: localhost:61546
accept: */*

Response DefaultHttpResponse(decodeResult: success, version: HTTP/1.1)
HTTP/1.1 200 OK
Content-Type: application/json; charset=utf-8
cache-control: no-cache
content-length: 14

17:42:19.738 [AsyncHttpClient-1-8] DEBUG org.asynchttpclient.netty.channel.ChannelManager - Adding key: http://localhost:61546 for channel [id: 0xe15693df, L:/127.0.0.1:57476 - R:localhost/127.0.0.1:61546]
17:42:19.745 [Forwarding getCurrentUrl on session f18045fa3268d59d75b4f599ad590701 to remote] DEBUG org.asynchttpclient.netty.request.NettyRequestSender - Using pooled Channel '[id: 0xe15693df, L:/127.0.0.1:57476 - R:localhost/127.0.0.1:61546]' for 'GET' to 'http://localhost:61546/session/f18045fa3268d59d75b4f599ad590701/url'
17:42:19.745 [Forwarding getCurrentUrl on session f18045fa3268d59d75b4f599ad590701 to remote] DEBUG org.asynchttpclient.netty.request.NettyRequestSender - Using open Channel [id: 0xe15693df, L:/127.0.0.1:57476 - R:localhost/127.0.0.1:61546] for GET '/session/f18045fa3268d59d75b4f599ad590701/url'
17:42:19.751 [AsyncHttpClient-1-8] DEBUG org.asynchttpclient.netty.handler.HttpHandler - 

Request DefaultFullHttpRequest(decodeResult: success, version: HTTP/1.1, content: EmptyByteBufBE)
GET /session/f18045fa3268d59d75b4f599ad590701/url HTTP/1.1
User-Agent: selenium/4.1.2 (java windows)
Cache-Control: no-cache
Content-Type: application/json; charset=utf-8
host: localhost:61546
accept: */*

Response DefaultHttpResponse(decodeResult: success, version: HTTP/1.1)
HTTP/1.1 200 OK
Content-Type: application/json; charset=utf-8
cache-control: no-cache
content-length: 53

17:42:19.751 [AsyncHttpClient-1-8] DEBUG org.asynchttpclient.netty.channel.ChannelManager - Adding key: http://localhost:61546 for channel [id: 0xe15693df, L:/127.0.0.1:57476 - R:localhost/127.0.0.1:61546]
17:42:19.758 [Forwarding getCurrentUrl on session f18045fa3268d59d75b4f599ad590701 to remote] DEBUG org.asynchttpclient.netty.request.NettyRequestSender - Using pooled Channel '[id: 0xe15693df, L:/127.0.0.1:57476 - R:localhost/127.0.0.1:61546]' for 'GET' to 'http://localhost:61546/session/f18045fa3268d59d75b4f599ad590701/url'
17:42:19.758 [Forwarding getCurrentUrl on session f18045fa3268d59d75b4f599ad590701 to remote] DEBUG org.asynchttpclient.netty.request.NettyRequestSender - Using open Channel [id: 0xe15693df, L:/127.0.0.1:57476 - R:localhost/127.0.0.1:61546] for GET '/session/f18045fa3268d59d75b4f599ad590701/url'
17:42:19.762 [AsyncHttpClient-1-8] DEBUG org.asynchttpclient.netty.handler.HttpHandler - 

Request DefaultFullHttpRequest(decodeResult: success, version: HTTP/1.1, content: EmptyByteBufBE)
GET /session/f18045fa3268d59d75b4f599ad590701/url HTTP/1.1
User-Agent: selenium/4.1.2 (java windows)
Cache-Control: no-cache
Content-Type: application/json; charset=utf-8
host: localhost:61546
accept: */*

Response DefaultHttpResponse(decodeResult: success, version: HTTP/1.1)
HTTP/1.1 200 OK
Content-Type: application/json; charset=utf-8
cache-control: no-cache
content-length: 53

17:42:19.762 [AsyncHttpClient-1-8] DEBUG org.asynchttpclient.netty.channel.ChannelManager - Adding key: http://localhost:61546 for channel [id: 0xe15693df, L:/127.0.0.1:57476 - R:localhost/127.0.0.1:61546]
17:42:19.772 [Forwarding screenshot on session f18045fa3268d59d75b4f599ad590701 to remote] DEBUG org.asynchttpclient.netty.request.NettyRequestSender - Using pooled Channel '[id: 0xe15693df, L:/127.0.0.1:57476 - R:localhost/127.0.0.1:61546]' for 'GET' to 'http://localhost:61546/session/f18045fa3268d59d75b4f599ad590701/screenshot'
17:42:19.772 [Forwarding screenshot on session f18045fa3268d59d75b4f599ad590701 to remote] DEBUG org.asynchttpclient.netty.request.NettyRequestSender - Using open Channel [id: 0xe15693df, L:/127.0.0.1:57476 - R:localhost/127.0.0.1:61546] for GET '/session/f18045fa3268d59d75b4f599ad590701/screenshot'
17:42:20.093 [AsyncHttpClient-1-8] DEBUG org.asynchttpclient.netty.handler.HttpHandler - 

Request DefaultFullHttpRequest(decodeResult: success, version: HTTP/1.1, content: EmptyByteBufBE)
GET /session/f18045fa3268d59d75b4f599ad590701/screenshot HTTP/1.1
User-Agent: selenium/4.1.2 (java windows)
Cache-Control: no-cache
Content-Type: application/json; charset=utf-8
host: localhost:61546
accept: */*

Response DefaultHttpResponse(decodeResult: success, version: HTTP/1.1)
HTTP/1.1 200 OK
Content-Type: application/json; charset=utf-8
cache-control: no-cache
content-length: 382596

17:42:20.095 [AsyncHttpClient-1-8] DEBUG org.asynchttpclient.netty.channel.ChannelManager - Adding key: http://localhost:61546 for channel [id: 0xe15693df, L:/127.0.0.1:57476 - R:localhost/127.0.0.1:61546]
17:42:20.120 [main] DEBUG net.serenitybdd.core.photography.Darkroom - Send negative for processing for target\site\serenity\ed15a54c91c342d96a850276df7b559f4526b370fc93040e3c407a48a170f368.png
17:42:20.121 [main] DEBUG net.thucydides.core.steps.StepInterceptor - STEP DONE: openUrl
17:42:20.131 [main] DEBUG net.thucydides.core.steps.StepInterceptor - STARTING STEP: PatientSteps.iAmAtTheDashboardPage - validateOnDashboardPage
17:42:20.133 [Forwarding findElement on session f18045fa3268d59d75b4f599ad590701 to remote] DEBUG org.asynchttpclient.netty.request.NettyRequestSender - Using pooled Channel '[id: 0xe15693df, L:/127.0.0.1:57476 - R:localhost/127.0.0.1:61546]' for 'POST' to 'http://localhost:61546/session/f18045fa3268d59d75b4f599ad590701/element'
17:42:20.133 [Forwarding findElement on session f18045fa3268d59d75b4f599ad590701 to remote] DEBUG org.asynchttpclient.netty.request.NettyRequestSender - Using open Channel [id: 0xe15693df, L:/127.0.0.1:57476 - R:localhost/127.0.0.1:61546] for POST '/session/f18045fa3268d59d75b4f599ad590701/element'
17:42:20.154 [AsyncHttpClient-1-8] DEBUG org.asynchttpclient.netty.handler.HttpHandler - 

Request DefaultHttpRequest(decodeResult: success, version: HTTP/1.1)
POST /session/f18045fa3268d59d75b4f599ad590701/element HTTP/1.1
User-Agent: selenium/4.1.2 (java windows)
Content-Length: 81
Content-Type: application/json; charset=utf-8
host: localhost:61546
accept: */*

Response DefaultHttpResponse(decodeResult: success, version: HTTP/1.1)
HTTP/1.1 200 OK
Content-Type: application/json; charset=utf-8
cache-control: no-cache
content-length: 88

17:42:20.155 [AsyncHttpClient-1-8] DEBUG org.asynchttpclient.netty.channel.ChannelManager - Adding key: http://localhost:61546 for channel [id: 0xe15693df, L:/127.0.0.1:57476 - R:localhost/127.0.0.1:61546]
17:42:20.162 [Forwarding isElementDisplayed on session f18045fa3268d59d75b4f599ad590701 to remote] DEBUG org.asynchttpclient.netty.request.NettyRequestSender - Using pooled Channel '[id: 0xe15693df, L:/127.0.0.1:57476 - R:localhost/127.0.0.1:61546]' for 'POST' to 'http://localhost:61546/session/f18045fa3268d59d75b4f599ad590701/execute/sync'
17:42:20.162 [Forwarding isElementDisplayed on session f18045fa3268d59d75b4f599ad590701 to remote] DEBUG org.asynchttpclient.netty.request.NettyRequestSender - Using open Channel [id: 0xe15693df, L:/127.0.0.1:57476 - R:localhost/127.0.0.1:61546] for POST '/session/f18045fa3268d59d75b4f599ad590701/execute/sync'
17:42:20.193 [AsyncHttpClient-1-8] DEBUG org.asynchttpclient.netty.handler.HttpHandler - 

Request DefaultHttpRequest(decodeResult: success, version: HTTP/1.1)
POST /session/f18045fa3268d59d75b4f599ad590701/execute/sync HTTP/1.1
User-Agent: selenium/4.1.2 (java windows)
Content-Length: 48780
Content-Type: application/json; charset=utf-8
host: localhost:61546
accept: */*

Response DefaultHttpResponse(decodeResult: success, version: HTTP/1.1)
HTTP/1.1 200 OK
Content-Type: application/json; charset=utf-8
cache-control: no-cache
content-length: 14

17:42:20.193 [AsyncHttpClient-1-8] DEBUG org.asynchttpclient.netty.channel.ChannelManager - Adding key: http://localhost:61546 for channel [id: 0xe15693df, L:/127.0.0.1:57476 - R:localhost/127.0.0.1:61546]
17:42:20.203 [Forwarding screenshot on session f18045fa3268d59d75b4f599ad590701 to remote] DEBUG org.asynchttpclient.netty.request.NettyRequestSender - Using pooled Channel '[id: 0xe15693df, L:/127.0.0.1:57476 - R:localhost/127.0.0.1:61546]' for 'GET' to 'http://localhost:61546/session/f18045fa3268d59d75b4f599ad590701/screenshot'
17:42:20.203 [Forwarding screenshot on session f18045fa3268d59d75b4f599ad590701 to remote] DEBUG org.asynchttpclient.netty.request.NettyRequestSender - Using open Channel [id: 0xe15693df, L:/127.0.0.1:57476 - R:localhost/127.0.0.1:61546] for GET '/session/f18045fa3268d59d75b4f599ad590701/screenshot'
17:42:20.466 [AsyncHttpClient-1-8] DEBUG org.asynchttpclient.netty.handler.HttpHandler - 

Request DefaultFullHttpRequest(decodeResult: success, version: HTTP/1.1, content: EmptyByteBufBE)
GET /session/f18045fa3268d59d75b4f599ad590701/screenshot HTTP/1.1
User-Agent: selenium/4.1.2 (java windows)
Cache-Control: no-cache
Content-Type: application/json; charset=utf-8
host: localhost:61546
accept: */*

Response DefaultHttpResponse(decodeResult: success, version: HTTP/1.1)
HTTP/1.1 200 OK
Content-Type: application/json; charset=utf-8
cache-control: no-cache
content-length: 351816

17:42:20.468 [AsyncHttpClient-1-8] DEBUG org.asynchttpclient.netty.channel.ChannelManager - Adding key: http://localhost:61546 for channel [id: 0xe15693df, L:/127.0.0.1:57476 - R:localhost/127.0.0.1:61546]
17:42:20.491 [main] DEBUG net.serenitybdd.core.photography.Darkroom - Send negative for processing for target\site\serenity\20277f1d76f1b925628464fcd1ece5de77a814679d1be3fdcf836a7ddadfed60.png
17:42:20.491 [main] DEBUG net.thucydides.core.steps.StepInterceptor - STEP DONE: validateOnDashboardPage
  &amp#27;[32mGiven &amp#27;[0m&amp#27;[32mI am at the dashboard page&amp#27;[0m          &amp#27;[90m# starter.stepdefinitions.PatientSteps.iAmAtTheDashboardPage()&amp#27;[0m
17:42:20.511 [main] DEBUG net.thucydides.core.steps.StepInterceptor - STARTING STEP: PatientSteps.iClickMenuPatient - clickMenuPatientButton
17:42:20.517 [Forwarding findElement on session f18045fa3268d59d75b4f599ad590701 to remote] DEBUG org.asynchttpclient.netty.request.NettyRequestSender - Using pooled Channel '[id: 0xe15693df, L:/127.0.0.1:57476 - R:localhost/127.0.0.1:61546]' for 'POST' to 'http://localhost:61546/session/f18045fa3268d59d75b4f599ad590701/element'
17:42:20.517 [Forwarding findElement on session f18045fa3268d59d75b4f599ad590701 to remote] DEBUG org.asynchttpclient.netty.request.NettyRequestSender - Using open Channel [id: 0xe15693df, L:/127.0.0.1:57476 - R:localhost/127.0.0.1:61546] for POST '/session/f18045fa3268d59d75b4f599ad590701/element'
17:42:20.532 [AsyncHttpClient-1-8] DEBUG org.asynchttpclient.netty.handler.HttpHandler - 

Request DefaultHttpRequest(decodeResult: success, version: HTTP/1.1)
POST /session/f18045fa3268d59d75b4f599ad590701/element HTTP/1.1
User-Agent: selenium/4.1.2 (java windows)
Content-Length: 80
Content-Type: application/json; charset=utf-8
host: localhost:61546
accept: */*

Response DefaultHttpResponse(decodeResult: success, version: HTTP/1.1)
HTTP/1.1 200 OK
Content-Type: application/json; charset=utf-8
cache-control: no-cache
content-length: 88

17:42:20.532 [AsyncHttpClient-1-8] DEBUG org.asynchttpclient.netty.channel.ChannelManager - Adding key: http://localhost:61546 for channel [id: 0xe15693df, L:/127.0.0.1:57476 - R:localhost/127.0.0.1:61546]
17:42:20.534 [Forwarding getElementTagName on session f18045fa3268d59d75b4f599ad590701 to remote] DEBUG org.asynchttpclient.netty.request.NettyRequestSender - Using pooled Channel '[id: 0xe15693df, L:/127.0.0.1:57476 - R:localhost/127.0.0.1:61546]' for 'GET' to 'http://localhost:61546/session/f18045fa3268d59d75b4f599ad590701/element/71fd7a6e-4c2d-4a1b-8ef3-f61bd3e63bb3/name'
17:42:20.534 [Forwarding getElementTagName on session f18045fa3268d59d75b4f599ad590701 to remote] DEBUG org.asynchttpclient.netty.request.NettyRequestSender - Using open Channel [id: 0xe15693df, L:/127.0.0.1:57476 - R:localhost/127.0.0.1:61546] for GET '/session/f18045fa3268d59d75b4f599ad590701/element/71fd7a6e-4c2d-4a1b-8ef3-f61bd3e63bb3/name'
17:42:20.539 [AsyncHttpClient-1-8] DEBUG org.asynchttpclient.netty.handler.HttpHandler - 

Request DefaultFullHttpRequest(decodeResult: success, version: HTTP/1.1, content: EmptyByteBufBE)
GET /session/f18045fa3268d59d75b4f599ad590701/element/71fd7a6e-4c2d-4a1b-8ef3-f61bd3e63bb3/name HTTP/1.1
User-Agent: selenium/4.1.2 (java windows)
Cache-Control: no-cache
Content-Type: application/json; charset=utf-8
host: localhost:61546
accept: */*

Response DefaultHttpResponse(decodeResult: success, version: HTTP/1.1)
HTTP/1.1 200 OK
Content-Type: application/json; charset=utf-8
cache-control: no-cache
content-length: 15

17:42:20.539 [AsyncHttpClient-1-8] DEBUG org.asynchttpclient.netty.channel.ChannelManager - Adding key: http://localhost:61546 for channel [id: 0xe15693df, L:/127.0.0.1:57476 - R:localhost/127.0.0.1:61546]
17:42:20.541 [Forwarding getElementTagName on session f18045fa3268d59d75b4f599ad590701 to remote] DEBUG org.asynchttpclient.netty.request.NettyRequestSender - Using pooled Channel '[id: 0xe15693df, L:/127.0.0.1:57476 - R:localhost/127.0.0.1:61546]' for 'GET' to 'http://localhost:61546/session/f18045fa3268d59d75b4f599ad590701/element/71fd7a6e-4c2d-4a1b-8ef3-f61bd3e63bb3/name'
17:42:20.541 [Forwarding getElementTagName on session f18045fa3268d59d75b4f599ad590701 to remote] DEBUG org.asynchttpclient.netty.request.NettyRequestSender - Using open Channel [id: 0xe15693df, L:/127.0.0.1:57476 - R:localhost/127.0.0.1:61546] for GET '/session/f18045fa3268d59d75b4f599ad590701/element/71fd7a6e-4c2d-4a1b-8ef3-f61bd3e63bb3/name'
17:42:20.545 [AsyncHttpClient-1-8] DEBUG org.asynchttpclient.netty.handler.HttpHandler - 

Request DefaultFullHttpRequest(decodeResult: success, version: HTTP/1.1, content: EmptyByteBufBE)
GET /session/f18045fa3268d59d75b4f599ad590701/element/71fd7a6e-4c2d-4a1b-8ef3-f61bd3e63bb3/name HTTP/1.1
User-Agent: selenium/4.1.2 (java windows)
Cache-Control: no-cache
Content-Type: application/json; charset=utf-8
host: localhost:61546
accept: */*

Response DefaultHttpResponse(decodeResult: success, version: HTTP/1.1)
HTTP/1.1 200 OK
Content-Type: application/json; charset=utf-8
cache-control: no-cache
content-length: 15

17:42:20.545 [AsyncHttpClient-1-8] DEBUG org.asynchttpclient.netty.channel.ChannelManager - Adding key: http://localhost:61546 for channel [id: 0xe15693df, L:/127.0.0.1:57476 - R:localhost/127.0.0.1:61546]
17:42:20.548 [Forwarding findElement on session f18045fa3268d59d75b4f599ad590701 to remote] DEBUG org.asynchttpclient.netty.request.NettyRequestSender - Using pooled Channel '[id: 0xe15693df, L:/127.0.0.1:57476 - R:localhost/127.0.0.1:61546]' for 'POST' to 'http://localhost:61546/session/f18045fa3268d59d75b4f599ad590701/element'
17:42:20.548 [Forwarding findElement on session f18045fa3268d59d75b4f599ad590701 to remote] DEBUG org.asynchttpclient.netty.request.NettyRequestSender - Using open Channel [id: 0xe15693df, L:/127.0.0.1:57476 - R:localhost/127.0.0.1:61546] for POST '/session/f18045fa3268d59d75b4f599ad590701/element'
17:42:20.557 [AsyncHttpClient-1-8] DEBUG org.asynchttpclient.netty.handler.HttpHandler - 

Request DefaultHttpRequest(decodeResult: success, version: HTTP/1.1)
POST /session/f18045fa3268d59d75b4f599ad590701/element HTTP/1.1
User-Agent: selenium/4.1.2 (java windows)
Content-Length: 80
Content-Type: application/json; charset=utf-8
host: localhost:61546
accept: */*

Response DefaultHttpResponse(decodeResult: success, version: HTTP/1.1)
HTTP/1.1 200 OK
Content-Type: application/json; charset=utf-8
cache-control: no-cache
content-length: 88

17:42:20.557 [AsyncHttpClient-1-8] DEBUG org.asynchttpclient.netty.channel.ChannelManager - Adding key: http://localhost:61546 for channel [id: 0xe15693df, L:/127.0.0.1:57476 - R:localhost/127.0.0.1:61546]
17:42:20.558 [Forwarding clickElement on session f18045fa3268d59d75b4f599ad590701 to remote] DEBUG org.asynchttpclient.netty.request.NettyRequestSender - Using pooled Channel '[id: 0xe15693df, L:/127.0.0.1:57476 - R:localhost/127.0.0.1:61546]' for 'POST' to 'http://localhost:61546/session/f18045fa3268d59d75b4f599ad590701/element/71fd7a6e-4c2d-4a1b-8ef3-f61bd3e63bb3/click'
17:42:20.558 [Forwarding clickElement on session f18045fa3268d59d75b4f599ad590701 to remote] DEBUG org.asynchttpclient.netty.request.NettyRequestSender - Using open Channel [id: 0xe15693df, L:/127.0.0.1:57476 - R:localhost/127.0.0.1:61546] for POST '/session/f18045fa3268d59d75b4f599ad590701/element/71fd7a6e-4c2d-4a1b-8ef3-f61bd3e63bb3/click'
17:42:20.723 [AsyncHttpClient-1-8] DEBUG org.asynchttpclient.netty.handler.HttpHandler - 

Request DefaultHttpRequest(decodeResult: success, version: HTTP/1.1)
POST /session/f18045fa3268d59d75b4f599ad590701/element/71fd7a6e-4c2d-4a1b-8ef3-f61bd3e63bb3/click HTTP/1.1
User-Agent: selenium/4.1.2 (java windows)
Content-Length: 50
Content-Type: application/json; charset=utf-8
host: localhost:61546
accept: */*

Response DefaultHttpResponse(decodeResult: success, version: HTTP/1.1)
HTTP/1.1 200 OK
Content-Type: application/json; charset=utf-8
cache-control: no-cache
content-length: 14

17:42:20.723 [AsyncHttpClient-1-8] DEBUG org.asynchttpclient.netty.channel.ChannelManager - Adding key: http://localhost:61546 for channel [id: 0xe15693df, L:/127.0.0.1:57476 - R:localhost/127.0.0.1:61546]
17:42:20.736 [Forwarding screenshot on session f18045fa3268d59d75b4f599ad590701 to remote] DEBUG org.asynchttpclient.netty.request.NettyRequestSender - Using pooled Channel '[id: 0xe15693df, L:/127.0.0.1:57476 - R:localhost/127.0.0.1:61546]' for 'GET' to 'http://localhost:61546/session/f18045fa3268d59d75b4f599ad590701/screenshot'
17:42:20.736 [Forwarding screenshot on session f18045fa3268d59d75b4f599ad590701 to remote] DEBUG org.asynchttpclient.netty.request.NettyRequestSender - Using open Channel [id: 0xe15693df, L:/127.0.0.1:57476 - R:localhost/127.0.0.1:61546] for GET '/session/f18045fa3268d59d75b4f599ad590701/screenshot'
17:42:20.801 [AsyncHttpClient-1-1] DEBUG org.asynchttpclient.netty.channel.DefaultChannelPool - Entry count for : http://localhost:57478 : 1
17:42:20.850 [AsyncHttpClient-1-8] DEBUG org.asynchttpclient.netty.handler.HttpHandler - 

Request DefaultFullHttpRequest(decodeResult: success, version: HTTP/1.1, content: EmptyByteBufBE)
GET /session/f18045fa3268d59d75b4f599ad590701/screenshot HTTP/1.1
User-Agent: selenium/4.1.2 (java windows)
Cache-Control: no-cache
Content-Type: application/json; charset=utf-8
host: localhost:61546
accept: */*

Response DefaultHttpResponse(decodeResult: success, version: HTTP/1.1)
HTTP/1.1 200 OK
Content-Type: application/json; charset=utf-8
cache-control: no-cache
content-length: 55372

17:42:20.850 [AsyncHttpClient-1-8] DEBUG org.asynchttpclient.netty.channel.ChannelManager - Adding key: http://localhost:61546 for channel [id: 0xe15693df, L:/127.0.0.1:57476 - R:localhost/127.0.0.1:61546]
17:42:20.854 [main] DEBUG net.serenitybdd.core.photography.Darkroom - Send negative for processing for target\site\serenity\c886102f421ef8e705409955539f8574c7e22dd5f158313ecdebe95b5d6560bd.png
17:42:20.854 [main] DEBUG net.thucydides.core.steps.StepInterceptor - STEP DONE: clickMenuPatientButton
  &amp#27;[32mAnd &amp#27;[0m&amp#27;[32mI click menu patient&amp#27;[0m                  &amp#27;[90m# starter.stepdefinitions.PatientSteps.iClickMenuPatient()&amp#27;[0m
17:42:20.854 [Darkroom Processing Line] DEBUG net.serenitybdd.core.photography.DarkroomProcessingLine - Processing screenshot image in /var/screenshots/screenshot-16834439405063129383
17:42:20.854 [Darkroom Processing Line] DEBUG net.serenitybdd.core.photography.DarkroomProcessingLine - Saving screenshot to target\site\serenity\c886102f421ef8e705409955539f8574c7e22dd5f158313ecdebe95b5d6560bd.png
17:42:20.873 [main] DEBUG net.thucydides.core.steps.StepInterceptor - STARTING STEP: PatientSteps.iClickEditPatientButton - clickEditPatientButton
17:42:20.875 [Forwarding findElement on session f18045fa3268d59d75b4f599ad590701 to remote] DEBUG org.asynchttpclient.netty.request.NettyRequestSender - Using pooled Channel '[id: 0xe15693df, L:/127.0.0.1:57476 - R:localhost/127.0.0.1:61546]' for 'POST' to 'http://localhost:61546/session/f18045fa3268d59d75b4f599ad590701/element'
17:42:20.876 [Forwarding findElement on session f18045fa3268d59d75b4f599ad590701 to remote] DEBUG org.asynchttpclient.netty.request.NettyRequestSender - Using open Channel [id: 0xe15693df, L:/127.0.0.1:57476 - R:localhost/127.0.0.1:61546] for POST '/session/f18045fa3268d59d75b4f599ad590701/element'
17:42:21.902 [AsyncHttpClient-1-1] DEBUG org.asynchttpclient.netty.channel.DefaultChannelPool - Entry count for : http://localhost:57478 : 1
17:42:22.080 [AsyncHttpClient-1-8] DEBUG org.asynchttpclient.netty.handler.HttpHandler - 

Request DefaultHttpRequest(decodeResult: success, version: HTTP/1.1)
POST /session/f18045fa3268d59d75b4f599ad590701/element HTTP/1.1
User-Agent: selenium/4.1.2 (java windows)
Content-Length: 91
Content-Type: application/json; charset=utf-8
host: localhost:61546
accept: */*

Response DefaultHttpResponse(decodeResult: success, version: HTTP/1.1)
HTTP/1.1 200 OK
Content-Type: application/json; charset=utf-8
cache-control: no-cache
content-length: 88

17:42:22.080 [AsyncHttpClient-1-8] DEBUG org.asynchttpclient.netty.channel.ChannelManager - Adding key: http://localhost:61546 for channel [id: 0xe15693df, L:/127.0.0.1:57476 - R:localhost/127.0.0.1:61546]
17:42:22.082 [Forwarding getElementTagName on session f18045fa3268d59d75b4f599ad590701 to remote] DEBUG org.asynchttpclient.netty.request.NettyRequestSender - Using pooled Channel '[id: 0xe15693df, L:/127.0.0.1:57476 - R:localhost/127.0.0.1:61546]' for 'GET' to 'http://localhost:61546/session/f18045fa3268d59d75b4f599ad590701/element/0236822b-6664-4000-b525-2d4532b0a625/name'
17:42:22.082 [Forwarding getElementTagName on session f18045fa3268d59d75b4f599ad590701 to remote] DEBUG org.asynchttpclient.netty.request.NettyRequestSender - Using open Channel [id: 0xe15693df, L:/127.0.0.1:57476 - R:localhost/127.0.0.1:61546] for GET '/session/f18045fa3268d59d75b4f599ad590701/element/0236822b-6664-4000-b525-2d4532b0a625/name'
17:42:22.087 [AsyncHttpClient-1-8] DEBUG org.asynchttpclient.netty.handler.HttpHandler - 

Request DefaultFullHttpRequest(decodeResult: success, version: HTTP/1.1, content: EmptyByteBufBE)
GET /session/f18045fa3268d59d75b4f599ad590701/element/0236822b-6664-4000-b525-2d4532b0a625/name HTTP/1.1
User-Agent: selenium/4.1.2 (java windows)
Cache-Control: no-cache
Content-Type: application/json; charset=utf-8
host: localhost:61546
accept: */*

Response DefaultHttpResponse(decodeResult: success, version: HTTP/1.1)
HTTP/1.1 200 OK
Content-Type: application/json; charset=utf-8
cache-control: no-cache
content-length: 18

17:42:22.087 [AsyncHttpClient-1-8] DEBUG org.asynchttpclient.netty.channel.ChannelManager - Adding key: http://localhost:61546 for channel [id: 0xe15693df, L:/127.0.0.1:57476 - R:localhost/127.0.0.1:61546]
17:42:22.088 [Forwarding getElementTagName on session f18045fa3268d59d75b4f599ad590701 to remote] DEBUG org.asynchttpclient.netty.request.NettyRequestSender - Using pooled Channel '[id: 0xe15693df, L:/127.0.0.1:57476 - R:localhost/127.0.0.1:61546]' for 'GET' to 'http://localhost:61546/session/f18045fa3268d59d75b4f599ad590701/element/0236822b-6664-4000-b525-2d4532b0a625/name'
17:42:22.088 [Forwarding getElementTagName on session f18045fa3268d59d75b4f599ad590701 to remote] DEBUG org.asynchttpclient.netty.request.NettyRequestSender - Using open Channel [id: 0xe15693df, L:/127.0.0.1:57476 - R:localhost/127.0.0.1:61546] for GET '/session/f18045fa3268d59d75b4f599ad590701/element/0236822b-6664-4000-b525-2d4532b0a625/name'
17:42:22.093 [AsyncHttpClient-1-8] DEBUG org.asynchttpclient.netty.handler.HttpHandler - 

Request DefaultFullHttpRequest(decodeResult: success, version: HTTP/1.1, content: EmptyByteBufBE)
GET /session/f18045fa3268d59d75b4f599ad590701/element/0236822b-6664-4000-b525-2d4532b0a625/name HTTP/1.1
User-Agent: selenium/4.1.2 (java windows)
Cache-Control: no-cache
Content-Type: application/json; charset=utf-8
host: localhost:61546
accept: */*

Response DefaultHttpResponse(decodeResult: success, version: HTTP/1.1)
HTTP/1.1 200 OK
Content-Type: application/json; charset=utf-8
cache-control: no-cache
content-length: 18

17:42:22.093 [AsyncHttpClient-1-8] DEBUG org.asynchttpclient.netty.channel.ChannelManager - Adding key: http://localhost:61546 for channel [id: 0xe15693df, L:/127.0.0.1:57476 - R:localhost/127.0.0.1:61546]
17:42:22.097 [Forwarding isElementEnabled on session f18045fa3268d59d75b4f599ad590701 to remote] DEBUG org.asynchttpclient.netty.request.NettyRequestSender - Using pooled Channel '[id: 0xe15693df, L:/127.0.0.1:57476 - R:localhost/127.0.0.1:61546]' for 'GET' to 'http://localhost:61546/session/f18045fa3268d59d75b4f599ad590701/element/0236822b-6664-4000-b525-2d4532b0a625/enabled'
17:42:22.097 [Forwarding isElementEnabled on session f18045fa3268d59d75b4f599ad590701 to remote] DEBUG org.asynchttpclient.netty.request.NettyRequestSender - Using open Channel [id: 0xe15693df, L:/127.0.0.1:57476 - R:localhost/127.0.0.1:61546] for GET '/session/f18045fa3268d59d75b4f599ad590701/element/0236822b-6664-4000-b525-2d4532b0a625/enabled'
17:42:22.107 [AsyncHttpClient-1-8] DEBUG org.asynchttpclient.netty.handler.HttpHandler - 

Request DefaultFullHttpRequest(decodeResult: success, version: HTTP/1.1, content: EmptyByteBufBE)
GET /session/f18045fa3268d59d75b4f599ad590701/element/0236822b-6664-4000-b525-2d4532b0a625/enabled HTTP/1.1
User-Agent: selenium/4.1.2 (java windows)
Cache-Control: no-cache
Content-Type: application/json; charset=utf-8
host: localhost:61546
accept: */*

Response DefaultHttpResponse(decodeResult: success, version: HTTP/1.1)
HTTP/1.1 200 OK
Content-Type: application/json; charset=utf-8
cache-control: no-cache
content-length: 14

17:42:22.107 [AsyncHttpClient-1-8] DEBUG org.asynchttpclient.netty.channel.ChannelManager - Adding key: http://localhost:61546 for channel [id: 0xe15693df, L:/127.0.0.1:57476 - R:localhost/127.0.0.1:61546]
17:42:22.108 [Forwarding isElementEnabled on session f18045fa3268d59d75b4f599ad590701 to remote] DEBUG org.asynchttpclient.netty.request.NettyRequestSender - Using pooled Channel '[id: 0xe15693df, L:/127.0.0.1:57476 - R:localhost/127.0.0.1:61546]' for 'GET' to 'http://localhost:61546/session/f18045fa3268d59d75b4f599ad590701/element/0236822b-6664-4000-b525-2d4532b0a625/enabled'
17:42:22.108 [Forwarding isElementEnabled on session f18045fa3268d59d75b4f599ad590701 to remote] DEBUG org.asynchttpclient.netty.request.NettyRequestSender - Using open Channel [id: 0xe15693df, L:/127.0.0.1:57476 - R:localhost/127.0.0.1:61546] for GET '/session/f18045fa3268d59d75b4f599ad590701/element/0236822b-6664-4000-b525-2d4532b0a625/enabled'
17:42:22.116 [AsyncHttpClient-1-8] DEBUG org.asynchttpclient.netty.handler.HttpHandler - 

Request DefaultFullHttpRequest(decodeResult: success, version: HTTP/1.1, content: EmptyByteBufBE)
GET /session/f18045fa3268d59d75b4f599ad590701/element/0236822b-6664-4000-b525-2d4532b0a625/enabled HTTP/1.1
User-Agent: selenium/4.1.2 (java windows)
Cache-Control: no-cache
Content-Type: application/json; charset=utf-8
host: localhost:61546
accept: */*

Response DefaultHttpResponse(decodeResult: success, version: HTTP/1.1)
HTTP/1.1 200 OK
Content-Type: application/json; charset=utf-8
cache-control: no-cache
content-length: 14

17:42:22.116 [AsyncHttpClient-1-8] DEBUG org.asynchttpclient.netty.channel.ChannelManager - Adding key: http://localhost:61546 for channel [id: 0xe15693df, L:/127.0.0.1:57476 - R:localhost/127.0.0.1:61546]
17:42:22.120 [Forwarding findElement on session f18045fa3268d59d75b4f599ad590701 to remote] DEBUG org.asynchttpclient.netty.request.NettyRequestSender - Using pooled Channel '[id: 0xe15693df, L:/127.0.0.1:57476 - R:localhost/127.0.0.1:61546]' for 'POST' to 'http://localhost:61546/session/f18045fa3268d59d75b4f599ad590701/element'
17:42:22.120 [Forwarding findElement on session f18045fa3268d59d75b4f599ad590701 to remote] DEBUG org.asynchttpclient.netty.request.NettyRequestSender - Using open Channel [id: 0xe15693df, L:/127.0.0.1:57476 - R:localhost/127.0.0.1:61546] for POST '/session/f18045fa3268d59d75b4f599ad590701/element'
17:42:22.129 [AsyncHttpClient-1-8] DEBUG org.asynchttpclient.netty.handler.HttpHandler - 

Request DefaultHttpRequest(decodeResult: success, version: HTTP/1.1)
POST /session/f18045fa3268d59d75b4f599ad590701/element HTTP/1.1
User-Agent: selenium/4.1.2 (java windows)
Content-Length: 91
Content-Type: application/json; charset=utf-8
host: localhost:61546
accept: */*

Response DefaultHttpResponse(decodeResult: success, version: HTTP/1.1)
HTTP/1.1 200 OK
Content-Type: application/json; charset=utf-8
cache-control: no-cache
content-length: 88

17:42:22.129 [AsyncHttpClient-1-8] DEBUG org.asynchttpclient.netty.channel.ChannelManager - Adding key: http://localhost:61546 for channel [id: 0xe15693df, L:/127.0.0.1:57476 - R:localhost/127.0.0.1:61546]
17:42:22.130 [Forwarding getElementTagName on session f18045fa3268d59d75b4f599ad590701 to remote] DEBUG org.asynchttpclient.netty.request.NettyRequestSender - Using pooled Channel '[id: 0xe15693df, L:/127.0.0.1:57476 - R:localhost/127.0.0.1:61546]' for 'GET' to 'http://localhost:61546/session/f18045fa3268d59d75b4f599ad590701/element/0236822b-6664-4000-b525-2d4532b0a625/name'
17:42:22.131 [Forwarding getElementTagName on session f18045fa3268d59d75b4f599ad590701 to remote] DEBUG org.asynchttpclient.netty.request.NettyRequestSender - Using open Channel [id: 0xe15693df, L:/127.0.0.1:57476 - R:localhost/127.0.0.1:61546] for GET '/session/f18045fa3268d59d75b4f599ad590701/element/0236822b-6664-4000-b525-2d4532b0a625/name'
17:42:22.135 [AsyncHttpClient-1-8] DEBUG org.asynchttpclient.netty.handler.HttpHandler - 

Request DefaultFullHttpRequest(decodeResult: success, version: HTTP/1.1, content: EmptyByteBufBE)
GET /session/f18045fa3268d59d75b4f599ad590701/element/0236822b-6664-4000-b525-2d4532b0a625/name HTTP/1.1
User-Agent: selenium/4.1.2 (java windows)
Cache-Control: no-cache
Content-Type: application/json; charset=utf-8
host: localhost:61546
accept: */*

Response DefaultHttpResponse(decodeResult: success, version: HTTP/1.1)
HTTP/1.1 200 OK
Content-Type: application/json; charset=utf-8
cache-control: no-cache
content-length: 18

17:42:22.135 [AsyncHttpClient-1-8] DEBUG org.asynchttpclient.netty.channel.ChannelManager - Adding key: http://localhost:61546 for channel [id: 0xe15693df, L:/127.0.0.1:57476 - R:localhost/127.0.0.1:61546]
17:42:22.136 [Forwarding getElementTagName on session f18045fa3268d59d75b4f599ad590701 to remote] DEBUG org.asynchttpclient.netty.request.NettyRequestSender - Using pooled Channel '[id: 0xe15693df, L:/127.0.0.1:57476 - R:localhost/127.0.0.1:61546]' for 'GET' to 'http://localhost:61546/session/f18045fa3268d59d75b4f599ad590701/element/0236822b-6664-4000-b525-2d4532b0a625/name'
17:42:22.136 [Forwarding getElementTagName on session f18045fa3268d59d75b4f599ad590701 to remote] DEBUG org.asynchttpclient.netty.request.NettyRequestSender - Using open Channel [id: 0xe15693df, L:/127.0.0.1:57476 - R:localhost/127.0.0.1:61546] for GET '/session/f18045fa3268d59d75b4f599ad590701/element/0236822b-6664-4000-b525-2d4532b0a625/name'
17:42:22.141 [AsyncHttpClient-1-8] DEBUG org.asynchttpclient.netty.handler.HttpHandler - 

Request DefaultFullHttpRequest(decodeResult: success, version: HTTP/1.1, content: EmptyByteBufBE)
GET /session/f18045fa3268d59d75b4f599ad590701/element/0236822b-6664-4000-b525-2d4532b0a625/name HTTP/1.1
User-Agent: selenium/4.1.2 (java windows)
Cache-Control: no-cache
Content-Type: application/json; charset=utf-8
host: localhost:61546
accept: */*

Response DefaultHttpResponse(decodeResult: success, version: HTTP/1.1)
HTTP/1.1 200 OK
Content-Type: application/json; charset=utf-8
cache-control: no-cache
content-length: 18

17:42:22.141 [AsyncHttpClient-1-8] DEBUG org.asynchttpclient.netty.channel.ChannelManager - Adding key: http://localhost:61546 for channel [id: 0xe15693df, L:/127.0.0.1:57476 - R:localhost/127.0.0.1:61546]
17:42:22.143 [Forwarding isElementEnabled on session f18045fa3268d59d75b4f599ad590701 to remote] DEBUG org.asynchttpclient.netty.request.NettyRequestSender - Using pooled Channel '[id: 0xe15693df, L:/127.0.0.1:57476 - R:localhost/127.0.0.1:61546]' for 'GET' to 'http://localhost:61546/session/f18045fa3268d59d75b4f599ad590701/element/0236822b-6664-4000-b525-2d4532b0a625/enabled'
17:42:22.143 [Forwarding isElementEnabled on session f18045fa3268d59d75b4f599ad590701 to remote] DEBUG org.asynchttpclient.netty.request.NettyRequestSender - Using open Channel [id: 0xe15693df, L:/127.0.0.1:57476 - R:localhost/127.0.0.1:61546] for GET '/session/f18045fa3268d59d75b4f599ad590701/element/0236822b-6664-4000-b525-2d4532b0a625/enabled'
17:42:22.150 [AsyncHttpClient-1-8] DEBUG org.asynchttpclient.netty.handler.HttpHandler - 

Request DefaultFullHttpRequest(decodeResult: success, version: HTTP/1.1, content: EmptyByteBufBE)
GET /session/f18045fa3268d59d75b4f599ad590701/element/0236822b-6664-4000-b525-2d4532b0a625/enabled HTTP/1.1
User-Agent: selenium/4.1.2 (java windows)
Cache-Control: no-cache
Content-Type: application/json; charset=utf-8
host: localhost:61546
accept: */*

Response DefaultHttpResponse(decodeResult: success, version: HTTP/1.1)
HTTP/1.1 200 OK
Content-Type: application/json; charset=utf-8
cache-control: no-cache
content-length: 14

17:42:22.150 [AsyncHttpClient-1-8] DEBUG org.asynchttpclient.netty.channel.ChannelManager - Adding key: http://localhost:61546 for channel [id: 0xe15693df, L:/127.0.0.1:57476 - R:localhost/127.0.0.1:61546]
17:42:22.151 [Forwarding isElementEnabled on session f18045fa3268d59d75b4f599ad590701 to remote] DEBUG org.asynchttpclient.netty.request.NettyRequestSender - Using pooled Channel '[id: 0xe15693df, L:/127.0.0.1:57476 - R:localhost/127.0.0.1:61546]' for 'GET' to 'http://localhost:61546/session/f18045fa3268d59d75b4f599ad590701/element/0236822b-6664-4000-b525-2d4532b0a625/enabled'
17:42:22.151 [Forwarding isElementEnabled on session f18045fa3268d59d75b4f599ad590701 to remote] DEBUG org.asynchttpclient.netty.request.NettyRequestSender - Using open Channel [id: 0xe15693df, L:/127.0.0.1:57476 - R:localhost/127.0.0.1:61546] for GET '/session/f18045fa3268d59d75b4f599ad590701/element/0236822b-6664-4000-b525-2d4532b0a625/enabled'
17:42:22.159 [AsyncHttpClient-1-8] DEBUG org.asynchttpclient.netty.handler.HttpHandler - 

Request DefaultFullHttpRequest(decodeResult: success, version: HTTP/1.1, content: EmptyByteBufBE)
GET /session/f18045fa3268d59d75b4f599ad590701/element/0236822b-6664-4000-b525-2d4532b0a625/enabled HTTP/1.1
User-Agent: selenium/4.1.2 (java windows)
Cache-Control: no-cache
Content-Type: application/json; charset=utf-8
host: localhost:61546
accept: */*

Response DefaultHttpResponse(decodeResult: success, version: HTTP/1.1)
HTTP/1.1 200 OK
Content-Type: application/json; charset=utf-8
cache-control: no-cache
content-length: 14

17:42:22.159 [AsyncHttpClient-1-8] DEBUG org.asynchttpclient.netty.channel.ChannelManager - Adding key: http://localhost:61546 for channel [id: 0xe15693df, L:/127.0.0.1:57476 - R:localhost/127.0.0.1:61546]
17:42:22.161 [Forwarding findElement on session f18045fa3268d59d75b4f599ad590701 to remote] DEBUG org.asynchttpclient.netty.request.NettyRequestSender - Using pooled Channel '[id: 0xe15693df, L:/127.0.0.1:57476 - R:localhost/127.0.0.1:61546]' for 'POST' to 'http://localhost:61546/session/f18045fa3268d59d75b4f599ad590701/element'
17:42:22.161 [Forwarding findElement on session f18045fa3268d59d75b4f599ad590701 to remote] DEBUG org.asynchttpclient.netty.request.NettyRequestSender - Using open Channel [id: 0xe15693df, L:/127.0.0.1:57476 - R:localhost/127.0.0.1:61546] for POST '/session/f18045fa3268d59d75b4f599ad590701/element'
17:42:22.169 [AsyncHttpClient-1-8] DEBUG org.asynchttpclient.netty.handler.HttpHandler - 

Request DefaultHttpRequest(decodeResult: success, version: HTTP/1.1)
POST /session/f18045fa3268d59d75b4f599ad590701/element HTTP/1.1
User-Agent: selenium/4.1.2 (java windows)
Content-Length: 91
Content-Type: application/json; charset=utf-8
host: localhost:61546
accept: */*

Response DefaultHttpResponse(decodeResult: success, version: HTTP/1.1)
HTTP/1.1 200 OK
Content-Type: application/json; charset=utf-8
cache-control: no-cache
content-length: 88

17:42:22.169 [AsyncHttpClient-1-8] DEBUG org.asynchttpclient.netty.channel.ChannelManager - Adding key: http://localhost:61546 for channel [id: 0xe15693df, L:/127.0.0.1:57476 - R:localhost/127.0.0.1:61546]
17:42:22.171 [Forwarding clickElement on session f18045fa3268d59d75b4f599ad590701 to remote] DEBUG org.asynchttpclient.netty.request.NettyRequestSender - Using pooled Channel '[id: 0xe15693df, L:/127.0.0.1:57476 - R:localhost/127.0.0.1:61546]' for 'POST' to 'http://localhost:61546/session/f18045fa3268d59d75b4f599ad590701/element/0236822b-6664-4000-b525-2d4532b0a625/click'
17:42:22.171 [Forwarding clickElement on session f18045fa3268d59d75b4f599ad590701 to remote] DEBUG org.asynchttpclient.netty.request.NettyRequestSender - Using open Channel [id: 0xe15693df, L:/127.0.0.1:57476 - R:localhost/127.0.0.1:61546] for POST '/session/f18045fa3268d59d75b4f599ad590701/element/0236822b-6664-4000-b525-2d4532b0a625/click'
17:42:22.413 [AsyncHttpClient-1-8] DEBUG org.asynchttpclient.netty.handler.HttpHandler - 

Request DefaultHttpRequest(decodeResult: success, version: HTTP/1.1)
POST /session/f18045fa3268d59d75b4f599ad590701/element/0236822b-6664-4000-b525-2d4532b0a625/click HTTP/1.1
User-Agent: selenium/4.1.2 (java windows)
Content-Length: 50
Content-Type: application/json; charset=utf-8
host: localhost:61546
accept: */*

Response DefaultHttpResponse(decodeResult: success, version: HTTP/1.1)
HTTP/1.1 200 OK
Content-Type: application/json; charset=utf-8
cache-control: no-cache
content-length: 14

17:42:22.413 [AsyncHttpClient-1-8] DEBUG org.asynchttpclient.netty.channel.ChannelManager - Adding key: http://localhost:61546 for channel [id: 0xe15693df, L:/127.0.0.1:57476 - R:localhost/127.0.0.1:61546]
17:42:22.427 [Forwarding screenshot on session f18045fa3268d59d75b4f599ad590701 to remote] DEBUG org.asynchttpclient.netty.request.NettyRequestSender - Using pooled Channel '[id: 0xe15693df, L:/127.0.0.1:57476 - R:localhost/127.0.0.1:61546]' for 'GET' to 'http://localhost:61546/session/f18045fa3268d59d75b4f599ad590701/screenshot'
17:42:22.427 [Forwarding screenshot on session f18045fa3268d59d75b4f599ad590701 to remote] DEBUG org.asynchttpclient.netty.request.NettyRequestSender - Using open Channel [id: 0xe15693df, L:/127.0.0.1:57476 - R:localhost/127.0.0.1:61546] for GET '/session/f18045fa3268d59d75b4f599ad590701/screenshot'
17:42:22.588 [AsyncHttpClient-1-8] DEBUG org.asynchttpclient.netty.handler.HttpHandler - 

Request DefaultFullHttpRequest(decodeResult: success, version: HTTP/1.1, content: EmptyByteBufBE)
GET /session/f18045fa3268d59d75b4f599ad590701/screenshot HTTP/1.1
User-Agent: selenium/4.1.2 (java windows)
Cache-Control: no-cache
Content-Type: application/json; charset=utf-8
host: localhost:61546
accept: */*

Response DefaultHttpResponse(decodeResult: success, version: HTTP/1.1)
HTTP/1.1 200 OK
Content-Type: application/json; charset=utf-8
cache-control: no-cache
content-length: 107440

17:42:22.590 [AsyncHttpClient-1-8] DEBUG org.asynchttpclient.netty.channel.ChannelManager - Adding key: http://localhost:61546 for channel [id: 0xe15693df, L:/127.0.0.1:57476 - R:localhost/127.0.0.1:61546]
17:42:22.598 [main] DEBUG net.serenitybdd.core.photography.Darkroom - Send negative for processing for target\site\serenity\126c71d5dbbae6589f55c307131be877d0a719222134f42c158def4deaa7fb30.png
17:42:22.599 [main] DEBUG net.thucydides.core.steps.StepInterceptor - STEP DONE: clickEditPatientButton
  &amp#27;[32mWhen &amp#27;[0m&amp#27;[32mI click Edit Patient button&amp#27;[0m          &amp#27;[90m# starter.stepdefinitions.PatientSteps.iClickEditPatientButton()&amp#27;[0m
17:42:22.601 [Darkroom Processing Line] DEBUG net.serenitybdd.core.photography.DarkroomProcessingLine - Processing screenshot image in /var/screenshots/screenshot-16780035652039723161
17:42:22.602 [Darkroom Processing Line] DEBUG net.serenitybdd.core.photography.DarkroomProcessingLine - Saving screenshot to target\site\serenity\126c71d5dbbae6589f55c307131be877d0a719222134f42c158def4deaa7fb30.png
17:42:22.645 [main] DEBUG net.thucydides.core.steps.StepInterceptor - STARTING STEP: PatientSteps.iClickXButton - clickXButton
17:42:22.652 [Forwarding findElement on session f18045fa3268d59d75b4f599ad590701 to remote] DEBUG org.asynchttpclient.netty.request.NettyRequestSender - Using pooled Channel '[id: 0xe15693df, L:/127.0.0.1:57476 - R:localhost/127.0.0.1:61546]' for 'POST' to 'http://localhost:61546/session/f18045fa3268d59d75b4f599ad590701/element'
17:42:22.652 [Forwarding findElement on session f18045fa3268d59d75b4f599ad590701 to remote] DEBUG org.asynchttpclient.netty.request.NettyRequestSender - Using open Channel [id: 0xe15693df, L:/127.0.0.1:57476 - R:localhost/127.0.0.1:61546] for POST '/session/f18045fa3268d59d75b4f599ad590701/element'
17:42:22.671 [AsyncHttpClient-1-8] DEBUG org.asynchttpclient.netty.handler.HttpHandler - 

Request DefaultHttpRequest(decodeResult: success, version: HTTP/1.1)
POST /session/f18045fa3268d59d75b4f599ad590701/element HTTP/1.1
User-Agent: selenium/4.1.2 (java windows)
Content-Length: 104
Content-Type: application/json; charset=utf-8
host: localhost:61546
accept: */*

Response DefaultHttpResponse(decodeResult: success, version: HTTP/1.1)
HTTP/1.1 200 OK
Content-Type: application/json; charset=utf-8
cache-control: no-cache
content-length: 88

17:42:22.671 [AsyncHttpClient-1-8] DEBUG org.asynchttpclient.netty.channel.ChannelManager - Adding key: http://localhost:61546 for channel [id: 0xe15693df, L:/127.0.0.1:57476 - R:localhost/127.0.0.1:61546]
17:42:22.673 [Forwarding getElementTagName on session f18045fa3268d59d75b4f599ad590701 to remote] DEBUG org.asynchttpclient.netty.request.NettyRequestSender - Using pooled Channel '[id: 0xe15693df, L:/127.0.0.1:57476 - R:localhost/127.0.0.1:61546]' for 'GET' to 'http://localhost:61546/session/f18045fa3268d59d75b4f599ad590701/element/2cca89e1-e548-493f-9f65-f22520017c97/name'
17:42:22.673 [Forwarding getElementTagName on session f18045fa3268d59d75b4f599ad590701 to remote] DEBUG org.asynchttpclient.netty.request.NettyRequestSender - Using open Channel [id: 0xe15693df, L:/127.0.0.1:57476 - R:localhost/127.0.0.1:61546] for GET '/session/f18045fa3268d59d75b4f599ad590701/element/2cca89e1-e548-493f-9f65-f22520017c97/name'
17:42:22.681 [AsyncHttpClient-1-8] DEBUG org.asynchttpclient.netty.handler.HttpHandler - 

Request DefaultFullHttpRequest(decodeResult: success, version: HTTP/1.1, content: EmptyByteBufBE)
GET /session/f18045fa3268d59d75b4f599ad590701/element/2cca89e1-e548-493f-9f65-f22520017c97/name HTTP/1.1
User-Agent: selenium/4.1.2 (java windows)
Cache-Control: no-cache
Content-Type: application/json; charset=utf-8
host: localhost:61546
accept: */*

Response DefaultHttpResponse(decodeResult: success, version: HTTP/1.1)
HTTP/1.1 200 OK
Content-Type: application/json; charset=utf-8
cache-control: no-cache
content-length: 18

17:42:22.682 [AsyncHttpClient-1-8] DEBUG org.asynchttpclient.netty.channel.ChannelManager - Adding key: http://localhost:61546 for channel [id: 0xe15693df, L:/127.0.0.1:57476 - R:localhost/127.0.0.1:61546]
17:42:22.683 [Forwarding getElementTagName on session f18045fa3268d59d75b4f599ad590701 to remote] DEBUG org.asynchttpclient.netty.request.NettyRequestSender - Using pooled Channel '[id: 0xe15693df, L:/127.0.0.1:57476 - R:localhost/127.0.0.1:61546]' for 'GET' to 'http://localhost:61546/session/f18045fa3268d59d75b4f599ad590701/element/2cca89e1-e548-493f-9f65-f22520017c97/name'
17:42:22.683 [Forwarding getElementTagName on session f18045fa3268d59d75b4f599ad590701 to remote] DEBUG org.asynchttpclient.netty.request.NettyRequestSender - Using open Channel [id: 0xe15693df, L:/127.0.0.1:57476 - R:localhost/127.0.0.1:61546] for GET '/session/f18045fa3268d59d75b4f599ad590701/element/2cca89e1-e548-493f-9f65-f22520017c97/name'
17:42:22.699 [AsyncHttpClient-1-8] DEBUG org.asynchttpclient.netty.handler.HttpHandler - 

Request DefaultFullHttpRequest(decodeResult: success, version: HTTP/1.1, content: EmptyByteBufBE)
GET /session/f18045fa3268d59d75b4f599ad590701/element/2cca89e1-e548-493f-9f65-f22520017c97/name HTTP/1.1
User-Agent: selenium/4.1.2 (java windows)
Cache-Control: no-cache
Content-Type: application/json; charset=utf-8
host: localhost:61546
accept: */*

Response DefaultHttpResponse(decodeResult: success, version: HTTP/1.1)
HTTP/1.1 200 OK
Content-Type: application/json; charset=utf-8
cache-control: no-cache
content-length: 18

17:42:22.699 [AsyncHttpClient-1-8] DEBUG org.asynchttpclient.netty.channel.ChannelManager - Adding key: http://localhost:61546 for channel [id: 0xe15693df, L:/127.0.0.1:57476 - R:localhost/127.0.0.1:61546]
17:42:22.702 [Forwarding isElementEnabled on session f18045fa3268d59d75b4f599ad590701 to remote] DEBUG org.asynchttpclient.netty.request.NettyRequestSender - Using pooled Channel '[id: 0xe15693df, L:/127.0.0.1:57476 - R:localhost/127.0.0.1:61546]' for 'GET' to 'http://localhost:61546/session/f18045fa3268d59d75b4f599ad590701/element/2cca89e1-e548-493f-9f65-f22520017c97/enabled'
17:42:22.704 [Forwarding isElementEnabled on session f18045fa3268d59d75b4f599ad590701 to remote] DEBUG org.asynchttpclient.netty.request.NettyRequestSender - Using open Channel [id: 0xe15693df, L:/127.0.0.1:57476 - R:localhost/127.0.0.1:61546] for GET '/session/f18045fa3268d59d75b4f599ad590701/element/2cca89e1-e548-493f-9f65-f22520017c97/enabled'
17:42:22.720 [AsyncHttpClient-1-8] DEBUG org.asynchttpclient.netty.handler.HttpHandler - 

Request DefaultFullHttpRequest(decodeResult: success, version: HTTP/1.1, content: EmptyByteBufBE)
GET /session/f18045fa3268d59d75b4f599ad590701/element/2cca89e1-e548-493f-9f65-f22520017c97/enabled HTTP/1.1
User-Agent: selenium/4.1.2 (java windows)
Cache-Control: no-cache
Content-Type: application/json; charset=utf-8
host: localhost:61546
accept: */*

Response DefaultHttpResponse(decodeResult: success, version: HTTP/1.1)
HTTP/1.1 200 OK
Content-Type: application/json; charset=utf-8
cache-control: no-cache
content-length: 14

17:42:22.720 [AsyncHttpClient-1-8] DEBUG org.asynchttpclient.netty.channel.ChannelManager - Adding key: http://localhost:61546 for channel [id: 0xe15693df, L:/127.0.0.1:57476 - R:localhost/127.0.0.1:61546]
17:42:22.721 [Forwarding isElementEnabled on session f18045fa3268d59d75b4f599ad590701 to remote] DEBUG org.asynchttpclient.netty.request.NettyRequestSender - Using pooled Channel '[id: 0xe15693df, L:/127.0.0.1:57476 - R:localhost/127.0.0.1:61546]' for 'GET' to 'http://localhost:61546/session/f18045fa3268d59d75b4f599ad590701/element/2cca89e1-e548-493f-9f65-f22520017c97/enabled'
17:42:22.721 [Forwarding isElementEnabled on session f18045fa3268d59d75b4f599ad590701 to remote] DEBUG org.asynchttpclient.netty.request.NettyRequestSender - Using open Channel [id: 0xe15693df, L:/127.0.0.1:57476 - R:localhost/127.0.0.1:61546] for GET '/session/f18045fa3268d59d75b4f599ad590701/element/2cca89e1-e548-493f-9f65-f22520017c97/enabled'
17:42:22.735 [AsyncHttpClient-1-8] DEBUG org.asynchttpclient.netty.handler.HttpHandler - 

Request DefaultFullHttpRequest(decodeResult: success, version: HTTP/1.1, content: EmptyByteBufBE)
GET /session/f18045fa3268d59d75b4f599ad590701/element/2cca89e1-e548-493f-9f65-f22520017c97/enabled HTTP/1.1
User-Agent: selenium/4.1.2 (java windows)
Cache-Control: no-cache
Content-Type: application/json; charset=utf-8
host: localhost:61546
accept: */*

Response DefaultHttpResponse(decodeResult: success, version: HTTP/1.1)
HTTP/1.1 200 OK
Content-Type: application/json; charset=utf-8
cache-control: no-cache
content-length: 14

17:42:22.735 [AsyncHttpClient-1-8] DEBUG org.asynchttpclient.netty.channel.ChannelManager - Adding key: http://localhost:61546 for channel [id: 0xe15693df, L:/127.0.0.1:57476 - R:localhost/127.0.0.1:61546]
17:42:22.743 [Forwarding findElement on session f18045fa3268d59d75b4f599ad590701 to remote] DEBUG org.asynchttpclient.netty.request.NettyRequestSender - Using pooled Channel '[id: 0xe15693df, L:/127.0.0.1:57476 - R:localhost/127.0.0.1:61546]' for 'POST' to 'http://localhost:61546/session/f18045fa3268d59d75b4f599ad590701/element'
17:42:22.743 [Forwarding findElement on session f18045fa3268d59d75b4f599ad590701 to remote] DEBUG org.asynchttpclient.netty.request.NettyRequestSender - Using open Channel [id: 0xe15693df, L:/127.0.0.1:57476 - R:localhost/127.0.0.1:61546] for POST '/session/f18045fa3268d59d75b4f599ad590701/element'
17:42:22.773 [AsyncHttpClient-1-8] DEBUG org.asynchttpclient.netty.handler.HttpHandler - 

Request DefaultHttpRequest(decodeResult: success, version: HTTP/1.1)
POST /session/f18045fa3268d59d75b4f599ad590701/element HTTP/1.1
User-Agent: selenium/4.1.2 (java windows)
Content-Length: 104
Content-Type: application/json; charset=utf-8
host: localhost:61546
accept: */*

Response DefaultHttpResponse(decodeResult: success, version: HTTP/1.1)
HTTP/1.1 200 OK
Content-Type: application/json; charset=utf-8
cache-control: no-cache
content-length: 88

17:42:22.773 [AsyncHttpClient-1-8] DEBUG org.asynchttpclient.netty.channel.ChannelManager - Adding key: http://localhost:61546 for channel [id: 0xe15693df, L:/127.0.0.1:57476 - R:localhost/127.0.0.1:61546]
17:42:22.777 [Forwarding clickElement on session f18045fa3268d59d75b4f599ad590701 to remote] DEBUG org.asynchttpclient.netty.request.NettyRequestSender - Using pooled Channel '[id: 0xe15693df, L:/127.0.0.1:57476 - R:localhost/127.0.0.1:61546]' for 'POST' to 'http://localhost:61546/session/f18045fa3268d59d75b4f599ad590701/element/2cca89e1-e548-493f-9f65-f22520017c97/click'
17:42:22.777 [Forwarding clickElement on session f18045fa3268d59d75b4f599ad590701 to remote] DEBUG org.asynchttpclient.netty.request.NettyRequestSender - Using open Channel [id: 0xe15693df, L:/127.0.0.1:57476 - R:localhost/127.0.0.1:61546] for POST '/session/f18045fa3268d59d75b4f599ad590701/element/2cca89e1-e548-493f-9f65-f22520017c97/click'
17:42:22.912 [AsyncHttpClient-1-8] DEBUG org.asynchttpclient.netty.handler.HttpHandler - 

Request DefaultHttpRequest(decodeResult: success, version: HTTP/1.1)
POST /session/f18045fa3268d59d75b4f599ad590701/element/2cca89e1-e548-493f-9f65-f22520017c97/click HTTP/1.1
User-Agent: selenium/4.1.2 (java windows)
Content-Length: 50
Content-Type: application/json; charset=utf-8
host: localhost:61546
accept: */*

Response DefaultHttpResponse(decodeResult: success, version: HTTP/1.1)
HTTP/1.1 200 OK
Content-Type: application/json; charset=utf-8
cache-control: no-cache
content-length: 14

17:42:22.912 [AsyncHttpClient-1-8] DEBUG org.asynchttpclient.netty.channel.ChannelManager - Adding key: http://localhost:61546 for channel [id: 0xe15693df, L:/127.0.0.1:57476 - R:localhost/127.0.0.1:61546]
17:42:22.924 [Forwarding screenshot on session f18045fa3268d59d75b4f599ad590701 to remote] DEBUG org.asynchttpclient.netty.request.NettyRequestSender - Using pooled Channel '[id: 0xe15693df, L:/127.0.0.1:57476 - R:localhost/127.0.0.1:61546]' for 'GET' to 'http://localhost:61546/session/f18045fa3268d59d75b4f599ad590701/screenshot'
17:42:22.924 [Forwarding screenshot on session f18045fa3268d59d75b4f599ad590701 to remote] DEBUG org.asynchttpclient.netty.request.NettyRequestSender - Using open Channel [id: 0xe15693df, L:/127.0.0.1:57476 - R:localhost/127.0.0.1:61546] for GET '/session/f18045fa3268d59d75b4f599ad590701/screenshot'
17:42:23.002 [AsyncHttpClient-1-1] DEBUG org.asynchttpclient.netty.channel.DefaultChannelPool - Entry count for : http://localhost:57478 : 1
17:42:23.058 [AsyncHttpClient-1-8] DEBUG org.asynchttpclient.netty.handler.HttpHandler - 

Request DefaultFullHttpRequest(decodeResult: success, version: HTTP/1.1, content: EmptyByteBufBE)
GET /session/f18045fa3268d59d75b4f599ad590701/screenshot HTTP/1.1
User-Agent: selenium/4.1.2 (java windows)
Cache-Control: no-cache
Content-Type: application/json; charset=utf-8
host: localhost:61546
accept: */*

Response DefaultHttpResponse(decodeResult: success, version: HTTP/1.1)
HTTP/1.1 200 OK
Content-Type: application/json; charset=utf-8
cache-control: no-cache
content-length: 77724

17:42:23.059 [AsyncHttpClient-1-8] DEBUG org.asynchttpclient.netty.channel.ChannelManager - Adding key: http://localhost:61546 for channel [id: 0xe15693df, L:/127.0.0.1:57476 - R:localhost/127.0.0.1:61546]
17:42:23.064 [main] DEBUG net.serenitybdd.core.photography.Darkroom - Send negative for processing for target\site\serenity\f2923bbf9f7ef9678c84464009c68e2016f92c6b01100cf3efc1c4bb942c1dea.png
17:42:23.064 [main] DEBUG net.thucydides.core.steps.StepInterceptor - STEP DONE: clickXButton
  &amp#27;[32mThen &amp#27;[0m&amp#27;[32mI click x button&amp#27;[0m                     &amp#27;[90m# starter.stepdefinitions.PatientSteps.iClickXButton()&amp#27;[0m
17:42:23.064 [Darkroom Processing Line] DEBUG net.serenitybdd.core.photography.DarkroomProcessingLine - Processing screenshot image in /var/screenshots/screenshot-5666202918875769734
17:42:23.064 [Darkroom Processing Line] DEBUG net.serenitybdd.core.photography.DarkroomProcessingLine - Saving screenshot to target\site\serenity\f2923bbf9f7ef9678c84464009c68e2016f92c6b01100cf3efc1c4bb942c1dea.png
17:42:23.070 [main] INFO  - 
  _____   ___   ___   _____     ___     _     ___   ___   ___   ___  
 |_   _| | __| / __| |_   _|   | _ \   /_\   / __| / __| | __| |   \ 
   | |   | _|  \__ \   | |     |  _/  / _ \  \__ \ \__ \ | _|  | |) |
   |_|   |___| |___/   |_|     |_|   /_/ \_\ |___/ |___/ |___| |___/ 

Cancel Edit Patient Data Scenario
----------------------------------------------------------------------
17:42:23.072 [AsyncHttpClient-1-2] DEBUG org.asynchttpclient.netty.handler.WebSocketHandler - Channel Closed: [id: 0xfd1e788e, L:/127.0.0.1:57484 ! R:localhost/127.0.0.1:57478] with attribute NettyResponseFuture{currentRetry=5,
	isDone=1,
	isCancelled=0,
	asyncHandler=org.asynchttpclient.ws.WebSocketUpgradeHandler@18379834,
	nettyRequest=org.asynchttpclient.netty.request.NettyRequest@377cb6ad,
	future=java.util.concurrent.CompletableFuture@64ba9225[Completed normally],
	uri=ws://localhost:57478/devtools/browser/9a405bf9-73bb-4f05-97ca-63a43395692a,
	keepAlive=true,
	redirectCount=0,
	timeoutsHolder=null,
	inAuth=0,
	touch=1655548935757}
17:42:23.072 [AsyncHttpClient-1-2] DEBUG org.asynchttpclient.netty.channel.ChannelManager - Closing Channel [id: 0xfd1e788e, L:/127.0.0.1:57484 ! R:localhost/127.0.0.1:57478] 
17:42:23.072 [Driver Command Executor] DEBUG org.asynchttpclient.netty.request.NettyRequestSender - Using pooled Channel '[id: 0xe15693df, L:/127.0.0.1:57476 - R:localhost/127.0.0.1:61546]' for 'DELETE' to 'http://localhost:61546/session/f18045fa3268d59d75b4f599ad590701'
17:42:23.072 [Driver Command Executor] DEBUG org.asynchttpclient.netty.request.NettyRequestSender - Using open Channel [id: 0xe15693df, L:/127.0.0.1:57476 - R:localhost/127.0.0.1:61546] for DELETE '/session/f18045fa3268d59d75b4f599ad590701'
17:42:23.901 [AsyncHttpClient-1-9] DEBUG org.asynchttpclient.netty.handler.HttpHandler - Unexpected I/O exception on channel [id: 0x121283d4, L:/127.0.0.1:57483 - R:localhost/127.0.0.1:57478]
java.net.SocketException: Connection reset
	at java.base/sun.nio.ch.SocketChannelImpl.throwConnectionReset(SocketChannelImpl.java:367)
	at java.base/sun.nio.ch.SocketChannelImpl.read(SocketChannelImpl.java:398)
	at io.netty.buffer.PooledByteBuf.setBytes(PooledByteBuf.java:258)
	at io.netty.buffer.AbstractByteBuf.writeBytes(AbstractByteBuf.java:1132)
	at io.netty.channel.socket.nio.NioSocketChannel.doReadBytes(NioSocketChannel.java:350)
	at io.netty.channel.nio.AbstractNioByteChannel$NioByteUnsafe.read(AbstractNioByteChannel.java:151)
	at io.netty.channel.nio.NioEventLoop.processSelectedKey(NioEventLoop.java:722)
	at io.netty.channel.nio.NioEventLoop.processSelectedKeysOptimized(NioEventLoop.java:658)
	at io.netty.channel.nio.NioEventLoop.processSelectedKeys(NioEventLoop.java:584)
	at io.netty.channel.nio.NioEventLoop.run(NioEventLoop.java:496)
	at io.netty.util.concurrent.SingleThreadEventExecutor$4.run(SingleThreadEventExecutor.java:986)
	at io.netty.util.internal.ThreadExecutorMap$2.run(ThreadExecutorMap.java:74)
	at io.netty.util.concurrent.FastThreadLocalRunnable.run(FastThreadLocalRunnable.java:30)
	at java.base/java.lang.Thread.run(Thread.java:832)
17:42:23.902 [AsyncHttpClient-1-9] DEBUG org.asynchttpclient.netty.channel.ChannelManager - Closing Channel [id: 0x121283d4, L:/127.0.0.1:57483 - R:localhost/127.0.0.1:57478] 
17:42:23.902 [AsyncHttpClient-1-9] DEBUG org.asynchttpclient.netty.handler.HttpHandler - Channel Closed: [id: 0x121283d4, L:/127.0.0.1:57483 ! R:localhost/127.0.0.1:57478] with attribute DISCARD
17:42:23.925 [AsyncHttpClient-1-8] DEBUG org.asynchttpclient.netty.handler.HttpHandler - 

Request DefaultFullHttpRequest(decodeResult: success, version: HTTP/1.1, content: EmptyByteBufBE)
DELETE /session/f18045fa3268d59d75b4f599ad590701 HTTP/1.1
User-Agent: selenium/4.1.2 (java windows)
Content-Type: application/json; charset=utf-8
host: localhost:61546
accept: */*

Response DefaultHttpResponse(decodeResult: success, version: HTTP/1.1)
HTTP/1.1 200 OK
Content-Type: application/json; charset=utf-8
cache-control: no-cache
content-length: 14

17:42:23.925 [AsyncHttpClient-1-8] DEBUG org.asynchttpclient.netty.channel.ChannelManager - Adding key: http://localhost:61546 for channel [id: 0xe15693df, L:/127.0.0.1:57476 - R:localhost/127.0.0.1:61546]
17:42:24.033 [AsyncHttpClient-1-8] DEBUG org.asynchttpclient.netty.handler.HttpHandler - Channel Closed: [id: 0xe15693df, L:/127.0.0.1:57476 ! R:localhost/127.0.0.1:61546] with attribute DISCARD
17:42:24.101 [AsyncHttpClient-1-1] DEBUG org.asynchttpclient.netty.channel.DefaultChannelPool - Entry count for : http://localhost:57478 : 1
17:42:24.101 [AsyncHttpClient-1-1] DEBUG org.asynchttpclient.netty.channel.DefaultChannelPool - Entry count for : http://localhost:61546 : 1
17:42:24.101 [AsyncHttpClient-1-1] DEBUG org.asynchttpclient.netty.channel.DefaultChannelPool - Adding Candidate expired Channel [id: 0x121283d4, L:/127.0.0.1:57483 ! R:localhost/127.0.0.1:57478] isIdleTimeoutExpired=false isRemotelyClosed=true isTtlExpired=false
17:42:24.101 [AsyncHttpClient-1-1] DEBUG org.asynchttpclient.netty.channel.DefaultChannelPool - Closing Idle Channel [id: 0x121283d4, L:/127.0.0.1:57483 ! R:localhost/127.0.0.1:57478]
17:42:24.101 [AsyncHttpClient-1-1] DEBUG org.asynchttpclient.netty.channel.DefaultChannelPool - Adding Candidate expired Channel [id: 0xe15693df, L:/127.0.0.1:57476 ! R:localhost/127.0.0.1:61546] isIdleTimeoutExpired=false isRemotelyClosed=true isTtlExpired=false
17:42:24.101 [AsyncHttpClient-1-1] DEBUG org.asynchttpclient.netty.channel.DefaultChannelPool - Closing Idle Channel [id: 0xe15693df, L:/127.0.0.1:57476 ! R:localhost/127.0.0.1:61546]
17:42:24.101 [AsyncHttpClient-1-1] DEBUG org.asynchttpclient.netty.channel.DefaultChannelPool - Closed 2 connections out of 2 in 0 ms
]]></system-out>
    <system-err><![CDATA[Starting ChromeDriver 102.0.5005.61 (0e59bcc00cc4985ce39ad31c150065f159d95ad3-refs/branch-heads/5005@{#819}) on port 61546
Only local connections are allowed.
Please see https://chromedriver.chromium.org/security-considerations for suggestions on keeping ChromeDriver safe.
ChromeDriver was started successfully.
Jun 18, 2022 5:42:15 PM org.openqa.selenium.remote.ProtocolHandshake createSession
INFO: Detected dialect: W3C
Jun 18, 2022 5:42:15 PM org.openqa.selenium.devtools.CdpVersionFinder findNearestMatch
WARNING: Unable to find an exact match for CDP version 102, so returning the closest version found: a no-op implementation
Jun 18, 2022 5:42:15 PM org.openqa.selenium.devtools.CdpVersionFinder findNearestMatch
INFO: Unable to find CDP implementation matching 102.
Jun 18, 2022 5:42:15 PM org.openqa.selenium.chromium.ChromiumDriver lambda$new$3
WARNING: Unable to find version of CDP to use for . You may need to include a dependency on a specific version of the CDP using something similar to `org.seleniumhq.selenium:selenium-devtools-v86:4.1.2` where the version ("v86") matches the version of the chromium-based browser you're using and the version number of the artifact is the same as Selenium's.
]]></system-err>
  </testcase>
  <testcase name="Delete Patient Data Scenario" classname="Patient" time="10.429">
    <system-out><![CDATA[
@Patient @DeletePatient
Scenario: Delete Patient Data Scenario &amp#27;[90m# src/test/resources/features/2.Patient.feature:36&amp#27;[0m
17:42:24.903 [main] INFO io.cucumber.core.plugin.SerenityReporter - Running feature from file:///E:/My%20Documents/File%20Difa/TI%20Semester%206%20Kampus%20Merdeka%20Alterra/Tugas/CAPSTONE%20Project/Capstone-Project-Website/src/test/resources/features/2.Patient.feature
17:42:24.906 [main] INFO  - 
  _____   ___   ___   _____     ___   _____     _     ___   _____   ___   ___  
 |_   _| | __| / __| |_   _|   / __| |_   _|   /_\   | _ \ |_   _| | __| |   \ 
   | |   | _|  \__ \   | |     \__ \   | |    / _ \  |   /   | |   | _|  | |) |
   |_|   |___| |___/   |_|     |___/   |_|   /_/ \_\ |_|_\   |_|   |___| |___/ 

Delete Patient Data Scenario(patient;delete-patient-data-scenario)
--------------------------------------------------------------------------------
17:42:24.976 [main] DEBUG net.thucydides.core.steps.StepInterceptor - STARTING STEP: PatientSteps.iAmAtTheDashboardPage - openUrl
17:42:24.978 [main] INFO net.serenitybdd.core.webdriver.driverproviders.ChromeDriverProvider - Using automatically driver download
17:42:25.277 [main] DEBUG io.github.bonigarcia.wdm.cache.ResolutionCache - Resolution chrome=102 in cache (valid until 18:14:23 18/06/2022 ICT)
17:42:25.282 [main] DEBUG io.github.bonigarcia.wdm.cache.ResolutionCache - Resolution chrome102=102.0.5005.61 in cache (valid until 17:29:52 19/06/2022 ICT)
17:42:25.285 [main] INFO io.github.bonigarcia.wdm.WebDriverManager - Using chromedriver 102.0.5005.61 (resolved driver for Chrome 102)
17:42:25.298 [main] DEBUG io.github.bonigarcia.wdm.WebDriverManager - Driver chromedriver 102.0.5005.61 found in cache
17:42:25.300 [main] INFO io.github.bonigarcia.wdm.WebDriverManager - Exporting webdriver.chrome.driver as C:\Users\USER\.cache\selenium\chromedriver\win32\102.0.5005.61\chromedriver.exe
17:42:25.566 [main] DEBUG net.serenitybdd.core.webdriver.driverproviders.ProvideNewDriver - Instantiating driver
17:42:25.566 [main] DEBUG net.serenitybdd.core.webdriver.driverproviders.ProvideNewDriver - Driver capabilities: Capabilities {acceptInsecureCerts: false, base.url: https://hospital-management..., browserName: chrome, chrome.driver: src/test/resources/webdrive..., driver: chrome, goog:chromeOptions: {args: [], extensions: []}}
17:42:26.104 [AsyncHttpClient-1-3] DEBUG org.asynchttpclient.netty.channel.NettyConnectListener - Using new Channel '[id: 0xb5a2d368, L:/127.0.0.1:57512 - R:localhost/127.0.0.1:62549]' for 'POST' to '/session'
17:42:27.947 [AsyncHttpClient-1-3] DEBUG org.asynchttpclient.netty.handler.HttpHandler - 

Request DefaultHttpRequest(decodeResult: success, version: HTTP/1.1)
POST /session HTTP/1.1
User-Agent: selenium/4.1.2 (java windows)
Content-Length: 621
Content-Type: application/json; charset=utf-8
host: localhost:62549
accept: */*

Response DefaultHttpResponse(decodeResult: success, version: HTTP/1.1)
HTTP/1.1 200 OK
Content-Type: application/json; charset=utf-8
cache-control: no-cache
content-length: 789

17:42:27.947 [AsyncHttpClient-1-3] DEBUG org.asynchttpclient.netty.channel.ChannelManager - Adding key: http://localhost:62549 for channel [id: 0xb5a2d368, L:/127.0.0.1:57512 - R:localhost/127.0.0.1:62549]
17:42:27.954 [AsyncHttpClient-1-4] DEBUG org.asynchttpclient.netty.channel.NettyConnectListener - Using new Channel '[id: 0x9a2c3973, L:/127.0.0.1:57521 - R:localhost/127.0.0.1:57514]' for 'GET' to '/json/version'
17:42:27.955 [AsyncHttpClient-1-4] DEBUG org.asynchttpclient.netty.handler.HttpHandler - 

Request DefaultFullHttpRequest(decodeResult: success, version: HTTP/1.1, content: EmptyByteBufBE)
GET /json/version HTTP/1.1
User-Agent: selenium/4.1.2 (java windows)
host: localhost:57514
accept: */*

Response DefaultHttpResponse(decodeResult: success, version: HTTP/1.1)
HTTP/1.1 200 OK
Content-Type: application/json; charset=UTF-8
content-length: 427

17:42:27.955 [AsyncHttpClient-1-4] DEBUG org.asynchttpclient.netty.channel.ChannelManager - Adding key: http://localhost:57514 for channel [id: 0x9a2c3973, L:/127.0.0.1:57521 - R:localhost/127.0.0.1:57514]
17:42:27.958 [AsyncHttpClient-1-5] DEBUG org.asynchttpclient.netty.channel.NettyConnectListener - Using new Channel '[id: 0x1d468716, L:/127.0.0.1:57522 - R:localhost/127.0.0.1:57514]' for 'GET' to '/devtools/browser/79255493-bf73-422f-a771-f163c3918909'
17:42:27.959 [AsyncHttpClient-1-5] DEBUG org.asynchttpclient.netty.handler.WebSocketHandler - 

Request DefaultFullHttpRequest(decodeResult: success, version: HTTP/1.1, content: EmptyByteBufBE)
GET /devtools/browser/79255493-bf73-422f-a771-f163c3918909 HTTP/1.1
upgrade: websocket
connection: upgrade
sec-websocket-key: 3K/MUPk6oSrY05G/fvh10A==
sec-websocket-version: 13
origin: http://localhost:57514
host: localhost:57514
accept: */*
user-agent: AHC/2.1

Response DefaultHttpResponse(decodeResult: success, version: HTTP/1.1)
HTTP/1.1 101 WebSocket Protocol Handshake
Upgrade: WebSocket
Connection: Upgrade
Sec-WebSocket-Accept: O8cX11qFIk36h7vm7gEKQRlJCag=

17:42:27.963 [Forwarding maximizeCurrentWindow on session 3a654904348ba2483baf83f7a2b0921a to remote] DEBUG org.asynchttpclient.netty.request.NettyRequestSender - Using pooled Channel '[id: 0xb5a2d368, L:/127.0.0.1:57512 - R:localhost/127.0.0.1:62549]' for 'POST' to 'http://localhost:62549/session/3a654904348ba2483baf83f7a2b0921a/window/maximize'
17:42:27.963 [Forwarding maximizeCurrentWindow on session 3a654904348ba2483baf83f7a2b0921a to remote] DEBUG org.asynchttpclient.netty.request.NettyRequestSender - Using open Channel [id: 0xb5a2d368, L:/127.0.0.1:57512 - R:localhost/127.0.0.1:62549] for POST '/session/3a654904348ba2483baf83f7a2b0921a/window/maximize'
17:42:28.080 [AsyncHttpClient-1-3] DEBUG org.asynchttpclient.netty.handler.HttpHandler - 

Request DefaultHttpRequest(decodeResult: success, version: HTTP/1.1)
POST /session/3a654904348ba2483baf83f7a2b0921a/window/maximize HTTP/1.1
User-Agent: selenium/4.1.2 (java windows)
Content-Length: 3
Content-Type: application/json; charset=utf-8
host: localhost:62549
accept: */*

Response DefaultHttpResponse(decodeResult: success, version: HTTP/1.1)
HTTP/1.1 200 OK
Content-Type: application/json; charset=utf-8
cache-control: no-cache
content-length: 51

17:42:28.080 [AsyncHttpClient-1-3] DEBUG org.asynchttpclient.netty.channel.ChannelManager - Adding key: http://localhost:62549 for channel [id: 0xb5a2d368, L:/127.0.0.1:57512 - R:localhost/127.0.0.1:62549]
17:42:28.081 [Forwarding get on session 3a654904348ba2483baf83f7a2b0921a to remote] DEBUG org.asynchttpclient.netty.request.NettyRequestSender - Using pooled Channel '[id: 0xb5a2d368, L:/127.0.0.1:57512 - R:localhost/127.0.0.1:62549]' for 'POST' to 'http://localhost:62549/session/3a654904348ba2483baf83f7a2b0921a/url'
17:42:28.081 [Forwarding get on session 3a654904348ba2483baf83f7a2b0921a to remote] DEBUG org.asynchttpclient.netty.request.NettyRequestSender - Using open Channel [id: 0xb5a2d368, L:/127.0.0.1:57512 - R:localhost/127.0.0.1:62549] for POST '/session/3a654904348ba2483baf83f7a2b0921a/url'
17:42:28.501 [AsyncHttpClient-1-1] DEBUG org.asynchttpclient.netty.channel.DefaultChannelPool - Entry count for : http://localhost:57514 : 1
17:42:29.604 [AsyncHttpClient-1-1] DEBUG org.asynchttpclient.netty.channel.DefaultChannelPool - Entry count for : http://localhost:57514 : 1
17:42:30.700 [AsyncHttpClient-1-1] DEBUG org.asynchttpclient.netty.channel.DefaultChannelPool - Entry count for : http://localhost:57514 : 1
17:42:31.801 [AsyncHttpClient-1-1] DEBUG org.asynchttpclient.netty.channel.DefaultChannelPool - Entry count for : http://localhost:57514 : 1
17:42:32.038 [AsyncHttpClient-1-3] DEBUG org.asynchttpclient.netty.handler.HttpHandler - 

Request DefaultHttpRequest(decodeResult: success, version: HTTP/1.1)
POST /session/3a654904348ba2483baf83f7a2b0921a/url HTTP/1.1
User-Agent: selenium/4.1.2 (java windows)
Content-Length: 65
Content-Type: application/json; charset=utf-8
host: localhost:62549
accept: */*

Response DefaultHttpResponse(decodeResult: success, version: HTTP/1.1)
HTTP/1.1 200 OK
Content-Type: application/json; charset=utf-8
cache-control: no-cache
content-length: 14

17:42:32.039 [AsyncHttpClient-1-3] DEBUG org.asynchttpclient.netty.channel.ChannelManager - Adding key: http://localhost:62549 for channel [id: 0xb5a2d368, L:/127.0.0.1:57512 - R:localhost/127.0.0.1:62549]
17:42:32.041 [Forwarding setTimeout on session 3a654904348ba2483baf83f7a2b0921a to remote] DEBUG org.asynchttpclient.netty.request.NettyRequestSender - Using pooled Channel '[id: 0xb5a2d368, L:/127.0.0.1:57512 - R:localhost/127.0.0.1:62549]' for 'POST' to 'http://localhost:62549/session/3a654904348ba2483baf83f7a2b0921a/timeouts'
17:42:32.042 [Forwarding setTimeout on session 3a654904348ba2483baf83f7a2b0921a to remote] DEBUG org.asynchttpclient.netty.request.NettyRequestSender - Using open Channel [id: 0xb5a2d368, L:/127.0.0.1:57512 - R:localhost/127.0.0.1:62549] for POST '/session/3a654904348ba2483baf83f7a2b0921a/timeouts'
17:42:32.044 [AsyncHttpClient-1-3] DEBUG org.asynchttpclient.netty.handler.HttpHandler - 

Request DefaultHttpRequest(decodeResult: success, version: HTTP/1.1)
POST /session/3a654904348ba2483baf83f7a2b0921a/timeouts HTTP/1.1
User-Agent: selenium/4.1.2 (java windows)
Content-Length: 22
Content-Type: application/json; charset=utf-8
host: localhost:62549
accept: */*

Response DefaultHttpResponse(decodeResult: success, version: HTTP/1.1)
HTTP/1.1 200 OK
Content-Type: application/json; charset=utf-8
cache-control: no-cache
content-length: 14

17:42:32.044 [AsyncHttpClient-1-3] DEBUG org.asynchttpclient.netty.channel.ChannelManager - Adding key: http://localhost:62549 for channel [id: 0xb5a2d368, L:/127.0.0.1:57512 - R:localhost/127.0.0.1:62549]
17:42:32.049 [Forwarding getCurrentUrl on session 3a654904348ba2483baf83f7a2b0921a to remote] DEBUG org.asynchttpclient.netty.request.NettyRequestSender - Using pooled Channel '[id: 0xb5a2d368, L:/127.0.0.1:57512 - R:localhost/127.0.0.1:62549]' for 'GET' to 'http://localhost:62549/session/3a654904348ba2483baf83f7a2b0921a/url'
17:42:32.049 [Forwarding getCurrentUrl on session 3a654904348ba2483baf83f7a2b0921a to remote] DEBUG org.asynchttpclient.netty.request.NettyRequestSender - Using open Channel [id: 0xb5a2d368, L:/127.0.0.1:57512 - R:localhost/127.0.0.1:62549] for GET '/session/3a654904348ba2483baf83f7a2b0921a/url'
17:42:32.055 [AsyncHttpClient-1-3] DEBUG org.asynchttpclient.netty.handler.HttpHandler - 

Request DefaultFullHttpRequest(decodeResult: success, version: HTTP/1.1, content: EmptyByteBufBE)
GET /session/3a654904348ba2483baf83f7a2b0921a/url HTTP/1.1
User-Agent: selenium/4.1.2 (java windows)
Cache-Control: no-cache
Content-Type: application/json; charset=utf-8
host: localhost:62549
accept: */*

Response DefaultHttpResponse(decodeResult: success, version: HTTP/1.1)
HTTP/1.1 200 OK
Content-Type: application/json; charset=utf-8
cache-control: no-cache
content-length: 53

17:42:32.055 [AsyncHttpClient-1-3] DEBUG org.asynchttpclient.netty.channel.ChannelManager - Adding key: http://localhost:62549 for channel [id: 0xb5a2d368, L:/127.0.0.1:57512 - R:localhost/127.0.0.1:62549]
17:42:32.059 [Forwarding getCurrentUrl on session 3a654904348ba2483baf83f7a2b0921a to remote] DEBUG org.asynchttpclient.netty.request.NettyRequestSender - Using pooled Channel '[id: 0xb5a2d368, L:/127.0.0.1:57512 - R:localhost/127.0.0.1:62549]' for 'GET' to 'http://localhost:62549/session/3a654904348ba2483baf83f7a2b0921a/url'
17:42:32.059 [Forwarding getCurrentUrl on session 3a654904348ba2483baf83f7a2b0921a to remote] DEBUG org.asynchttpclient.netty.request.NettyRequestSender - Using open Channel [id: 0xb5a2d368, L:/127.0.0.1:57512 - R:localhost/127.0.0.1:62549] for GET '/session/3a654904348ba2483baf83f7a2b0921a/url'
17:42:32.064 [AsyncHttpClient-1-3] DEBUG org.asynchttpclient.netty.handler.HttpHandler - 

Request DefaultFullHttpRequest(decodeResult: success, version: HTTP/1.1, content: EmptyByteBufBE)
GET /session/3a654904348ba2483baf83f7a2b0921a/url HTTP/1.1
User-Agent: selenium/4.1.2 (java windows)
Cache-Control: no-cache
Content-Type: application/json; charset=utf-8
host: localhost:62549
accept: */*

Response DefaultHttpResponse(decodeResult: success, version: HTTP/1.1)
HTTP/1.1 200 OK
Content-Type: application/json; charset=utf-8
cache-control: no-cache
content-length: 53

17:42:32.064 [AsyncHttpClient-1-3] DEBUG org.asynchttpclient.netty.channel.ChannelManager - Adding key: http://localhost:62549 for channel [id: 0xb5a2d368, L:/127.0.0.1:57512 - R:localhost/127.0.0.1:62549]
17:42:32.070 [Forwarding screenshot on session 3a654904348ba2483baf83f7a2b0921a to remote] DEBUG org.asynchttpclient.netty.request.NettyRequestSender - Using pooled Channel '[id: 0xb5a2d368, L:/127.0.0.1:57512 - R:localhost/127.0.0.1:62549]' for 'GET' to 'http://localhost:62549/session/3a654904348ba2483baf83f7a2b0921a/screenshot'
17:42:32.070 [Forwarding screenshot on session 3a654904348ba2483baf83f7a2b0921a to remote] DEBUG org.asynchttpclient.netty.request.NettyRequestSender - Using open Channel [id: 0xb5a2d368, L:/127.0.0.1:57512 - R:localhost/127.0.0.1:62549] for GET '/session/3a654904348ba2483baf83f7a2b0921a/screenshot'
17:42:32.320 [AsyncHttpClient-1-3] DEBUG org.asynchttpclient.netty.handler.HttpHandler - 

Request DefaultFullHttpRequest(decodeResult: success, version: HTTP/1.1, content: EmptyByteBufBE)
GET /session/3a654904348ba2483baf83f7a2b0921a/screenshot HTTP/1.1
User-Agent: selenium/4.1.2 (java windows)
Cache-Control: no-cache
Content-Type: application/json; charset=utf-8
host: localhost:62549
accept: */*

Response DefaultHttpResponse(decodeResult: success, version: HTTP/1.1)
HTTP/1.1 200 OK
Content-Type: application/json; charset=utf-8
cache-control: no-cache
content-length: 382596

17:42:32.322 [AsyncHttpClient-1-3] DEBUG org.asynchttpclient.netty.channel.ChannelManager - Adding key: http://localhost:62549 for channel [id: 0xb5a2d368, L:/127.0.0.1:57512 - R:localhost/127.0.0.1:62549]
17:42:32.344 [main] DEBUG net.serenitybdd.core.photography.Darkroom - Send negative for processing for target\site\serenity\ed15a54c91c342d96a850276df7b559f4526b370fc93040e3c407a48a170f368.png
17:42:32.344 [main] DEBUG net.thucydides.core.steps.StepInterceptor - STEP DONE: openUrl
17:42:32.355 [main] DEBUG net.thucydides.core.steps.StepInterceptor - STARTING STEP: PatientSteps.iAmAtTheDashboardPage - validateOnDashboardPage
17:42:32.398 [Forwarding findElement on session 3a654904348ba2483baf83f7a2b0921a to remote] DEBUG org.asynchttpclient.netty.request.NettyRequestSender - Using pooled Channel '[id: 0xb5a2d368, L:/127.0.0.1:57512 - R:localhost/127.0.0.1:62549]' for 'POST' to 'http://localhost:62549/session/3a654904348ba2483baf83f7a2b0921a/element'
17:42:32.398 [Forwarding findElement on session 3a654904348ba2483baf83f7a2b0921a to remote] DEBUG org.asynchttpclient.netty.request.NettyRequestSender - Using open Channel [id: 0xb5a2d368, L:/127.0.0.1:57512 - R:localhost/127.0.0.1:62549] for POST '/session/3a654904348ba2483baf83f7a2b0921a/element'
17:42:32.427 [AsyncHttpClient-1-3] DEBUG org.asynchttpclient.netty.handler.HttpHandler - 

Request DefaultHttpRequest(decodeResult: success, version: HTTP/1.1)
POST /session/3a654904348ba2483baf83f7a2b0921a/element HTTP/1.1
User-Agent: selenium/4.1.2 (java windows)
Content-Length: 81
Content-Type: application/json; charset=utf-8
host: localhost:62549
accept: */*

Response DefaultHttpResponse(decodeResult: success, version: HTTP/1.1)
HTTP/1.1 200 OK
Content-Type: application/json; charset=utf-8
cache-control: no-cache
content-length: 88

17:42:32.427 [AsyncHttpClient-1-3] DEBUG org.asynchttpclient.netty.channel.ChannelManager - Adding key: http://localhost:62549 for channel [id: 0xb5a2d368, L:/127.0.0.1:57512 - R:localhost/127.0.0.1:62549]
17:42:32.431 [Forwarding isElementDisplayed on session 3a654904348ba2483baf83f7a2b0921a to remote] DEBUG org.asynchttpclient.netty.request.NettyRequestSender - Using pooled Channel '[id: 0xb5a2d368, L:/127.0.0.1:57512 - R:localhost/127.0.0.1:62549]' for 'POST' to 'http://localhost:62549/session/3a654904348ba2483baf83f7a2b0921a/execute/sync'
17:42:32.431 [Forwarding isElementDisplayed on session 3a654904348ba2483baf83f7a2b0921a to remote] DEBUG org.asynchttpclient.netty.request.NettyRequestSender - Using open Channel [id: 0xb5a2d368, L:/127.0.0.1:57512 - R:localhost/127.0.0.1:62549] for POST '/session/3a654904348ba2483baf83f7a2b0921a/execute/sync'
17:42:32.451 [AsyncHttpClient-1-3] DEBUG org.asynchttpclient.netty.handler.HttpHandler - 

Request DefaultHttpRequest(decodeResult: success, version: HTTP/1.1)
POST /session/3a654904348ba2483baf83f7a2b0921a/execute/sync HTTP/1.1
User-Agent: selenium/4.1.2 (java windows)
Content-Length: 48780
Content-Type: application/json; charset=utf-8
host: localhost:62549
accept: */*

Response DefaultHttpResponse(decodeResult: success, version: HTTP/1.1)
HTTP/1.1 200 OK
Content-Type: application/json; charset=utf-8
cache-control: no-cache
content-length: 14

17:42:32.451 [AsyncHttpClient-1-3] DEBUG org.asynchttpclient.netty.channel.ChannelManager - Adding key: http://localhost:62549 for channel [id: 0xb5a2d368, L:/127.0.0.1:57512 - R:localhost/127.0.0.1:62549]
17:42:32.461 [Forwarding screenshot on session 3a654904348ba2483baf83f7a2b0921a to remote] DEBUG org.asynchttpclient.netty.request.NettyRequestSender - Using pooled Channel '[id: 0xb5a2d368, L:/127.0.0.1:57512 - R:localhost/127.0.0.1:62549]' for 'GET' to 'http://localhost:62549/session/3a654904348ba2483baf83f7a2b0921a/screenshot'
17:42:32.461 [Forwarding screenshot on session 3a654904348ba2483baf83f7a2b0921a to remote] DEBUG org.asynchttpclient.netty.request.NettyRequestSender - Using open Channel [id: 0xb5a2d368, L:/127.0.0.1:57512 - R:localhost/127.0.0.1:62549] for GET '/session/3a654904348ba2483baf83f7a2b0921a/screenshot'
17:42:32.740 [AsyncHttpClient-1-3] DEBUG org.asynchttpclient.netty.handler.HttpHandler - 

Request DefaultFullHttpRequest(decodeResult: success, version: HTTP/1.1, content: EmptyByteBufBE)
GET /session/3a654904348ba2483baf83f7a2b0921a/screenshot HTTP/1.1
User-Agent: selenium/4.1.2 (java windows)
Cache-Control: no-cache
Content-Type: application/json; charset=utf-8
host: localhost:62549
accept: */*

Response DefaultHttpResponse(decodeResult: success, version: HTTP/1.1)
HTTP/1.1 200 OK
Content-Type: application/json; charset=utf-8
cache-control: no-cache
content-length: 382596

17:42:32.743 [AsyncHttpClient-1-3] DEBUG org.asynchttpclient.netty.channel.ChannelManager - Adding key: http://localhost:62549 for channel [id: 0xb5a2d368, L:/127.0.0.1:57512 - R:localhost/127.0.0.1:62549]
17:42:32.769 [main] DEBUG net.serenitybdd.core.photography.Darkroom - Send negative for processing for target\site\serenity\ed15a54c91c342d96a850276df7b559f4526b370fc93040e3c407a48a170f368.png
17:42:32.770 [main] DEBUG net.thucydides.core.steps.StepInterceptor - STEP DONE: validateOnDashboardPage
  &amp#27;[32mGiven &amp#27;[0m&amp#27;[32mI am at the dashboard page&amp#27;[0m     &amp#27;[90m# starter.stepdefinitions.PatientSteps.iAmAtTheDashboardPage()&amp#27;[0m
17:42:32.791 [main] DEBUG net.thucydides.core.steps.StepInterceptor - STARTING STEP: PatientSteps.iClickMenuPatient - clickMenuPatientButton
17:42:32.794 [Forwarding findElement on session 3a654904348ba2483baf83f7a2b0921a to remote] DEBUG org.asynchttpclient.netty.request.NettyRequestSender - Using pooled Channel '[id: 0xb5a2d368, L:/127.0.0.1:57512 - R:localhost/127.0.0.1:62549]' for 'POST' to 'http://localhost:62549/session/3a654904348ba2483baf83f7a2b0921a/element'
17:42:32.794 [Forwarding findElement on session 3a654904348ba2483baf83f7a2b0921a to remote] DEBUG org.asynchttpclient.netty.request.NettyRequestSender - Using open Channel [id: 0xb5a2d368, L:/127.0.0.1:57512 - R:localhost/127.0.0.1:62549] for POST '/session/3a654904348ba2483baf83f7a2b0921a/element'
17:42:32.811 [AsyncHttpClient-1-3] DEBUG org.asynchttpclient.netty.handler.HttpHandler - 

Request DefaultHttpRequest(decodeResult: success, version: HTTP/1.1)
POST /session/3a654904348ba2483baf83f7a2b0921a/element HTTP/1.1
User-Agent: selenium/4.1.2 (java windows)
Content-Length: 80
Content-Type: application/json; charset=utf-8
host: localhost:62549
accept: */*

Response DefaultHttpResponse(decodeResult: success, version: HTTP/1.1)
HTTP/1.1 200 OK
Content-Type: application/json; charset=utf-8
cache-control: no-cache
content-length: 88

17:42:32.811 [AsyncHttpClient-1-3] DEBUG org.asynchttpclient.netty.channel.ChannelManager - Adding key: http://localhost:62549 for channel [id: 0xb5a2d368, L:/127.0.0.1:57512 - R:localhost/127.0.0.1:62549]
17:42:32.813 [Forwarding getElementTagName on session 3a654904348ba2483baf83f7a2b0921a to remote] DEBUG org.asynchttpclient.netty.request.NettyRequestSender - Using pooled Channel '[id: 0xb5a2d368, L:/127.0.0.1:57512 - R:localhost/127.0.0.1:62549]' for 'GET' to 'http://localhost:62549/session/3a654904348ba2483baf83f7a2b0921a/element/c54c9aa5-9f37-4973-b82d-32dc4765ead4/name'
17:42:32.813 [Forwarding getElementTagName on session 3a654904348ba2483baf83f7a2b0921a to remote] DEBUG org.asynchttpclient.netty.request.NettyRequestSender - Using open Channel [id: 0xb5a2d368, L:/127.0.0.1:57512 - R:localhost/127.0.0.1:62549] for GET '/session/3a654904348ba2483baf83f7a2b0921a/element/c54c9aa5-9f37-4973-b82d-32dc4765ead4/name'
17:42:32.818 [AsyncHttpClient-1-3] DEBUG org.asynchttpclient.netty.handler.HttpHandler - 

Request DefaultFullHttpRequest(decodeResult: success, version: HTTP/1.1, content: EmptyByteBufBE)
GET /session/3a654904348ba2483baf83f7a2b0921a/element/c54c9aa5-9f37-4973-b82d-32dc4765ead4/name HTTP/1.1
User-Agent: selenium/4.1.2 (java windows)
Cache-Control: no-cache
Content-Type: application/json; charset=utf-8
host: localhost:62549
accept: */*

Response DefaultHttpResponse(decodeResult: success, version: HTTP/1.1)
HTTP/1.1 200 OK
Content-Type: application/json; charset=utf-8
cache-control: no-cache
content-length: 15

17:42:32.818 [AsyncHttpClient-1-3] DEBUG org.asynchttpclient.netty.channel.ChannelManager - Adding key: http://localhost:62549 for channel [id: 0xb5a2d368, L:/127.0.0.1:57512 - R:localhost/127.0.0.1:62549]
17:42:32.819 [Forwarding getElementTagName on session 3a654904348ba2483baf83f7a2b0921a to remote] DEBUG org.asynchttpclient.netty.request.NettyRequestSender - Using pooled Channel '[id: 0xb5a2d368, L:/127.0.0.1:57512 - R:localhost/127.0.0.1:62549]' for 'GET' to 'http://localhost:62549/session/3a654904348ba2483baf83f7a2b0921a/element/c54c9aa5-9f37-4973-b82d-32dc4765ead4/name'
17:42:32.819 [Forwarding getElementTagName on session 3a654904348ba2483baf83f7a2b0921a to remote] DEBUG org.asynchttpclient.netty.request.NettyRequestSender - Using open Channel [id: 0xb5a2d368, L:/127.0.0.1:57512 - R:localhost/127.0.0.1:62549] for GET '/session/3a654904348ba2483baf83f7a2b0921a/element/c54c9aa5-9f37-4973-b82d-32dc4765ead4/name'
17:42:32.823 [AsyncHttpClient-1-3] DEBUG org.asynchttpclient.netty.handler.HttpHandler - 

Request DefaultFullHttpRequest(decodeResult: success, version: HTTP/1.1, content: EmptyByteBufBE)
GET /session/3a654904348ba2483baf83f7a2b0921a/element/c54c9aa5-9f37-4973-b82d-32dc4765ead4/name HTTP/1.1
User-Agent: selenium/4.1.2 (java windows)
Cache-Control: no-cache
Content-Type: application/json; charset=utf-8
host: localhost:62549
accept: */*

Response DefaultHttpResponse(decodeResult: success, version: HTTP/1.1)
HTTP/1.1 200 OK
Content-Type: application/json; charset=utf-8
cache-control: no-cache
content-length: 15

17:42:32.823 [AsyncHttpClient-1-3] DEBUG org.asynchttpclient.netty.channel.ChannelManager - Adding key: http://localhost:62549 for channel [id: 0xb5a2d368, L:/127.0.0.1:57512 - R:localhost/127.0.0.1:62549]
17:42:32.826 [Forwarding findElement on session 3a654904348ba2483baf83f7a2b0921a to remote] DEBUG org.asynchttpclient.netty.request.NettyRequestSender - Using pooled Channel '[id: 0xb5a2d368, L:/127.0.0.1:57512 - R:localhost/127.0.0.1:62549]' for 'POST' to 'http://localhost:62549/session/3a654904348ba2483baf83f7a2b0921a/element'
17:42:32.826 [Forwarding findElement on session 3a654904348ba2483baf83f7a2b0921a to remote] DEBUG org.asynchttpclient.netty.request.NettyRequestSender - Using open Channel [id: 0xb5a2d368, L:/127.0.0.1:57512 - R:localhost/127.0.0.1:62549] for POST '/session/3a654904348ba2483baf83f7a2b0921a/element'
17:42:32.835 [AsyncHttpClient-1-3] DEBUG org.asynchttpclient.netty.handler.HttpHandler - 

Request DefaultHttpRequest(decodeResult: success, version: HTTP/1.1)
POST /session/3a654904348ba2483baf83f7a2b0921a/element HTTP/1.1
User-Agent: selenium/4.1.2 (java windows)
Content-Length: 80
Content-Type: application/json; charset=utf-8
host: localhost:62549
accept: */*

Response DefaultHttpResponse(decodeResult: success, version: HTTP/1.1)
HTTP/1.1 200 OK
Content-Type: application/json; charset=utf-8
cache-control: no-cache
content-length: 88

17:42:32.836 [AsyncHttpClient-1-3] DEBUG org.asynchttpclient.netty.channel.ChannelManager - Adding key: http://localhost:62549 for channel [id: 0xb5a2d368, L:/127.0.0.1:57512 - R:localhost/127.0.0.1:62549]
17:42:32.837 [Forwarding clickElement on session 3a654904348ba2483baf83f7a2b0921a to remote] DEBUG org.asynchttpclient.netty.request.NettyRequestSender - Using pooled Channel '[id: 0xb5a2d368, L:/127.0.0.1:57512 - R:localhost/127.0.0.1:62549]' for 'POST' to 'http://localhost:62549/session/3a654904348ba2483baf83f7a2b0921a/element/c54c9aa5-9f37-4973-b82d-32dc4765ead4/click'
17:42:32.837 [Forwarding clickElement on session 3a654904348ba2483baf83f7a2b0921a to remote] DEBUG org.asynchttpclient.netty.request.NettyRequestSender - Using open Channel [id: 0xb5a2d368, L:/127.0.0.1:57512 - R:localhost/127.0.0.1:62549] for POST '/session/3a654904348ba2483baf83f7a2b0921a/element/c54c9aa5-9f37-4973-b82d-32dc4765ead4/click'
17:42:32.900 [AsyncHttpClient-1-1] DEBUG org.asynchttpclient.netty.channel.DefaultChannelPool - Entry count for : http://localhost:57514 : 1
17:42:33.006 [AsyncHttpClient-1-3] DEBUG org.asynchttpclient.netty.handler.HttpHandler - 

Request DefaultHttpRequest(decodeResult: success, version: HTTP/1.1)
POST /session/3a654904348ba2483baf83f7a2b0921a/element/c54c9aa5-9f37-4973-b82d-32dc4765ead4/click HTTP/1.1
User-Agent: selenium/4.1.2 (java windows)
Content-Length: 50
Content-Type: application/json; charset=utf-8
host: localhost:62549
accept: */*

Response DefaultHttpResponse(decodeResult: success, version: HTTP/1.1)
HTTP/1.1 200 OK
Content-Type: application/json; charset=utf-8
cache-control: no-cache
content-length: 14

17:42:33.006 [AsyncHttpClient-1-3] DEBUG org.asynchttpclient.netty.channel.ChannelManager - Adding key: http://localhost:62549 for channel [id: 0xb5a2d368, L:/127.0.0.1:57512 - R:localhost/127.0.0.1:62549]
17:42:33.015 [Forwarding screenshot on session 3a654904348ba2483baf83f7a2b0921a to remote] DEBUG org.asynchttpclient.netty.request.NettyRequestSender - Using pooled Channel '[id: 0xb5a2d368, L:/127.0.0.1:57512 - R:localhost/127.0.0.1:62549]' for 'GET' to 'http://localhost:62549/session/3a654904348ba2483baf83f7a2b0921a/screenshot'
17:42:33.015 [Forwarding screenshot on session 3a654904348ba2483baf83f7a2b0921a to remote] DEBUG org.asynchttpclient.netty.request.NettyRequestSender - Using open Channel [id: 0xb5a2d368, L:/127.0.0.1:57512 - R:localhost/127.0.0.1:62549] for GET '/session/3a654904348ba2483baf83f7a2b0921a/screenshot'
17:42:33.114 [AsyncHttpClient-1-3] DEBUG org.asynchttpclient.netty.handler.HttpHandler - 

Request DefaultFullHttpRequest(decodeResult: success, version: HTTP/1.1, content: EmptyByteBufBE)
GET /session/3a654904348ba2483baf83f7a2b0921a/screenshot HTTP/1.1
User-Agent: selenium/4.1.2 (java windows)
Cache-Control: no-cache
Content-Type: application/json; charset=utf-8
host: localhost:62549
accept: */*

Response DefaultHttpResponse(decodeResult: success, version: HTTP/1.1)
HTTP/1.1 200 OK
Content-Type: application/json; charset=utf-8
cache-control: no-cache
content-length: 55356

17:42:33.115 [AsyncHttpClient-1-3] DEBUG org.asynchttpclient.netty.channel.ChannelManager - Adding key: http://localhost:62549 for channel [id: 0xb5a2d368, L:/127.0.0.1:57512 - R:localhost/127.0.0.1:62549]
17:42:33.118 [main] DEBUG net.serenitybdd.core.photography.Darkroom - Send negative for processing for target\site\serenity\ba5e98368b8b80bc67dec291e300f29f857b0a624580ce977aa7580a9f0871db.png
17:42:33.118 [main] DEBUG net.thucydides.core.steps.StepInterceptor - STEP DONE: clickMenuPatientButton
  &amp#27;[32mAnd &amp#27;[0m&amp#27;[32mI click menu patient&amp#27;[0m             &amp#27;[90m# starter.stepdefinitions.PatientSteps.iClickMenuPatient()&amp#27;[0m
17:42:33.137 [main] DEBUG net.thucydides.core.steps.StepInterceptor - STARTING STEP: PatientSteps.iClickDeletePatientButton - clickDeletePatientButton
17:42:33.140 [Forwarding findElement on session 3a654904348ba2483baf83f7a2b0921a to remote] DEBUG org.asynchttpclient.netty.request.NettyRequestSender - Using pooled Channel '[id: 0xb5a2d368, L:/127.0.0.1:57512 - R:localhost/127.0.0.1:62549]' for 'POST' to 'http://localhost:62549/session/3a654904348ba2483baf83f7a2b0921a/element'
17:42:33.140 [Forwarding findElement on session 3a654904348ba2483baf83f7a2b0921a to remote] DEBUG org.asynchttpclient.netty.request.NettyRequestSender - Using open Channel [id: 0xb5a2d368, L:/127.0.0.1:57512 - R:localhost/127.0.0.1:62549] for POST '/session/3a654904348ba2483baf83f7a2b0921a/element'
17:42:33.844 [AsyncHttpClient-1-3] DEBUG org.asynchttpclient.netty.handler.HttpHandler - 

Request DefaultHttpRequest(decodeResult: success, version: HTTP/1.1)
POST /session/3a654904348ba2483baf83f7a2b0921a/element HTTP/1.1
User-Agent: selenium/4.1.2 (java windows)
Content-Length: 91
Content-Type: application/json; charset=utf-8
host: localhost:62549
accept: */*

Response DefaultHttpResponse(decodeResult: success, version: HTTP/1.1)
HTTP/1.1 200 OK
Content-Type: application/json; charset=utf-8
cache-control: no-cache
content-length: 88

17:42:33.844 [AsyncHttpClient-1-3] DEBUG org.asynchttpclient.netty.channel.ChannelManager - Adding key: http://localhost:62549 for channel [id: 0xb5a2d368, L:/127.0.0.1:57512 - R:localhost/127.0.0.1:62549]
17:42:33.846 [Forwarding getElementTagName on session 3a654904348ba2483baf83f7a2b0921a to remote] DEBUG org.asynchttpclient.netty.request.NettyRequestSender - Using pooled Channel '[id: 0xb5a2d368, L:/127.0.0.1:57512 - R:localhost/127.0.0.1:62549]' for 'GET' to 'http://localhost:62549/session/3a654904348ba2483baf83f7a2b0921a/element/8009242a-9c57-4c7e-be3c-ec761b73861b/name'
17:42:33.846 [Forwarding getElementTagName on session 3a654904348ba2483baf83f7a2b0921a to remote] DEBUG org.asynchttpclient.netty.request.NettyRequestSender - Using open Channel [id: 0xb5a2d368, L:/127.0.0.1:57512 - R:localhost/127.0.0.1:62549] for GET '/session/3a654904348ba2483baf83f7a2b0921a/element/8009242a-9c57-4c7e-be3c-ec761b73861b/name'
17:42:33.852 [AsyncHttpClient-1-3] DEBUG org.asynchttpclient.netty.handler.HttpHandler - 

Request DefaultFullHttpRequest(decodeResult: success, version: HTTP/1.1, content: EmptyByteBufBE)
GET /session/3a654904348ba2483baf83f7a2b0921a/element/8009242a-9c57-4c7e-be3c-ec761b73861b/name HTTP/1.1
User-Agent: selenium/4.1.2 (java windows)
Cache-Control: no-cache
Content-Type: application/json; charset=utf-8
host: localhost:62549
accept: */*

Response DefaultHttpResponse(decodeResult: success, version: HTTP/1.1)
HTTP/1.1 200 OK
Content-Type: application/json; charset=utf-8
cache-control: no-cache
content-length: 18

17:42:33.852 [AsyncHttpClient-1-3] DEBUG org.asynchttpclient.netty.channel.ChannelManager - Adding key: http://localhost:62549 for channel [id: 0xb5a2d368, L:/127.0.0.1:57512 - R:localhost/127.0.0.1:62549]
17:42:33.853 [Forwarding getElementTagName on session 3a654904348ba2483baf83f7a2b0921a to remote] DEBUG org.asynchttpclient.netty.request.NettyRequestSender - Using pooled Channel '[id: 0xb5a2d368, L:/127.0.0.1:57512 - R:localhost/127.0.0.1:62549]' for 'GET' to 'http://localhost:62549/session/3a654904348ba2483baf83f7a2b0921a/element/8009242a-9c57-4c7e-be3c-ec761b73861b/name'
17:42:33.853 [Forwarding getElementTagName on session 3a654904348ba2483baf83f7a2b0921a to remote] DEBUG org.asynchttpclient.netty.request.NettyRequestSender - Using open Channel [id: 0xb5a2d368, L:/127.0.0.1:57512 - R:localhost/127.0.0.1:62549] for GET '/session/3a654904348ba2483baf83f7a2b0921a/element/8009242a-9c57-4c7e-be3c-ec761b73861b/name'
17:42:33.857 [AsyncHttpClient-1-3] DEBUG org.asynchttpclient.netty.handler.HttpHandler - 

Request DefaultFullHttpRequest(decodeResult: success, version: HTTP/1.1, content: EmptyByteBufBE)
GET /session/3a654904348ba2483baf83f7a2b0921a/element/8009242a-9c57-4c7e-be3c-ec761b73861b/name HTTP/1.1
User-Agent: selenium/4.1.2 (java windows)
Cache-Control: no-cache
Content-Type: application/json; charset=utf-8
host: localhost:62549
accept: */*

Response DefaultHttpResponse(decodeResult: success, version: HTTP/1.1)
HTTP/1.1 200 OK
Content-Type: application/json; charset=utf-8
cache-control: no-cache
content-length: 18

17:42:33.857 [AsyncHttpClient-1-3] DEBUG org.asynchttpclient.netty.channel.ChannelManager - Adding key: http://localhost:62549 for channel [id: 0xb5a2d368, L:/127.0.0.1:57512 - R:localhost/127.0.0.1:62549]
17:42:33.859 [Forwarding isElementEnabled on session 3a654904348ba2483baf83f7a2b0921a to remote] DEBUG org.asynchttpclient.netty.request.NettyRequestSender - Using pooled Channel '[id: 0xb5a2d368, L:/127.0.0.1:57512 - R:localhost/127.0.0.1:62549]' for 'GET' to 'http://localhost:62549/session/3a654904348ba2483baf83f7a2b0921a/element/8009242a-9c57-4c7e-be3c-ec761b73861b/enabled'
17:42:33.859 [Forwarding isElementEnabled on session 3a654904348ba2483baf83f7a2b0921a to remote] DEBUG org.asynchttpclient.netty.request.NettyRequestSender - Using open Channel [id: 0xb5a2d368, L:/127.0.0.1:57512 - R:localhost/127.0.0.1:62549] for GET '/session/3a654904348ba2483baf83f7a2b0921a/element/8009242a-9c57-4c7e-be3c-ec761b73861b/enabled'
17:42:33.868 [AsyncHttpClient-1-3] DEBUG org.asynchttpclient.netty.handler.HttpHandler - 

Request DefaultFullHttpRequest(decodeResult: success, version: HTTP/1.1, content: EmptyByteBufBE)
GET /session/3a654904348ba2483baf83f7a2b0921a/element/8009242a-9c57-4c7e-be3c-ec761b73861b/enabled HTTP/1.1
User-Agent: selenium/4.1.2 (java windows)
Cache-Control: no-cache
Content-Type: application/json; charset=utf-8
host: localhost:62549
accept: */*

Response DefaultHttpResponse(decodeResult: success, version: HTTP/1.1)
HTTP/1.1 200 OK
Content-Type: application/json; charset=utf-8
cache-control: no-cache
content-length: 14

17:42:33.869 [AsyncHttpClient-1-3] DEBUG org.asynchttpclient.netty.channel.ChannelManager - Adding key: http://localhost:62549 for channel [id: 0xb5a2d368, L:/127.0.0.1:57512 - R:localhost/127.0.0.1:62549]
17:42:33.870 [Forwarding isElementEnabled on session 3a654904348ba2483baf83f7a2b0921a to remote] DEBUG org.asynchttpclient.netty.request.NettyRequestSender - Using pooled Channel '[id: 0xb5a2d368, L:/127.0.0.1:57512 - R:localhost/127.0.0.1:62549]' for 'GET' to 'http://localhost:62549/session/3a654904348ba2483baf83f7a2b0921a/element/8009242a-9c57-4c7e-be3c-ec761b73861b/enabled'
17:42:33.870 [Forwarding isElementEnabled on session 3a654904348ba2483baf83f7a2b0921a to remote] DEBUG org.asynchttpclient.netty.request.NettyRequestSender - Using open Channel [id: 0xb5a2d368, L:/127.0.0.1:57512 - R:localhost/127.0.0.1:62549] for GET '/session/3a654904348ba2483baf83f7a2b0921a/element/8009242a-9c57-4c7e-be3c-ec761b73861b/enabled'
17:42:33.877 [AsyncHttpClient-1-3] DEBUG org.asynchttpclient.netty.handler.HttpHandler - 

Request DefaultFullHttpRequest(decodeResult: success, version: HTTP/1.1, content: EmptyByteBufBE)
GET /session/3a654904348ba2483baf83f7a2b0921a/element/8009242a-9c57-4c7e-be3c-ec761b73861b/enabled HTTP/1.1
User-Agent: selenium/4.1.2 (java windows)
Cache-Control: no-cache
Content-Type: application/json; charset=utf-8
host: localhost:62549
accept: */*

Response DefaultHttpResponse(decodeResult: success, version: HTTP/1.1)
HTTP/1.1 200 OK
Content-Type: application/json; charset=utf-8
cache-control: no-cache
content-length: 14

17:42:33.877 [AsyncHttpClient-1-3] DEBUG org.asynchttpclient.netty.channel.ChannelManager - Adding key: http://localhost:62549 for channel [id: 0xb5a2d368, L:/127.0.0.1:57512 - R:localhost/127.0.0.1:62549]
17:42:33.879 [Forwarding findElement on session 3a654904348ba2483baf83f7a2b0921a to remote] DEBUG org.asynchttpclient.netty.request.NettyRequestSender - Using pooled Channel '[id: 0xb5a2d368, L:/127.0.0.1:57512 - R:localhost/127.0.0.1:62549]' for 'POST' to 'http://localhost:62549/session/3a654904348ba2483baf83f7a2b0921a/element'
17:42:33.879 [Forwarding findElement on session 3a654904348ba2483baf83f7a2b0921a to remote] DEBUG org.asynchttpclient.netty.request.NettyRequestSender - Using open Channel [id: 0xb5a2d368, L:/127.0.0.1:57512 - R:localhost/127.0.0.1:62549] for POST '/session/3a654904348ba2483baf83f7a2b0921a/element'
17:42:33.888 [AsyncHttpClient-1-3] DEBUG org.asynchttpclient.netty.handler.HttpHandler - 

Request DefaultHttpRequest(decodeResult: success, version: HTTP/1.1)
POST /session/3a654904348ba2483baf83f7a2b0921a/element HTTP/1.1
User-Agent: selenium/4.1.2 (java windows)
Content-Length: 91
Content-Type: application/json; charset=utf-8
host: localhost:62549
accept: */*

Response DefaultHttpResponse(decodeResult: success, version: HTTP/1.1)
HTTP/1.1 200 OK
Content-Type: application/json; charset=utf-8
cache-control: no-cache
content-length: 88

17:42:33.888 [AsyncHttpClient-1-3] DEBUG org.asynchttpclient.netty.channel.ChannelManager - Adding key: http://localhost:62549 for channel [id: 0xb5a2d368, L:/127.0.0.1:57512 - R:localhost/127.0.0.1:62549]
17:42:33.889 [Forwarding clickElement on session 3a654904348ba2483baf83f7a2b0921a to remote] DEBUG org.asynchttpclient.netty.request.NettyRequestSender - Using pooled Channel '[id: 0xb5a2d368, L:/127.0.0.1:57512 - R:localhost/127.0.0.1:62549]' for 'POST' to 'http://localhost:62549/session/3a654904348ba2483baf83f7a2b0921a/element/8009242a-9c57-4c7e-be3c-ec761b73861b/click'
17:42:33.889 [Forwarding clickElement on session 3a654904348ba2483baf83f7a2b0921a to remote] DEBUG org.asynchttpclient.netty.request.NettyRequestSender - Using open Channel [id: 0xb5a2d368, L:/127.0.0.1:57512 - R:localhost/127.0.0.1:62549] for POST '/session/3a654904348ba2483baf83f7a2b0921a/element/8009242a-9c57-4c7e-be3c-ec761b73861b/click'
17:42:33.992 [AsyncHttpClient-1-3] DEBUG org.asynchttpclient.netty.handler.HttpHandler - 

Request DefaultHttpRequest(decodeResult: success, version: HTTP/1.1)
POST /session/3a654904348ba2483baf83f7a2b0921a/element/8009242a-9c57-4c7e-be3c-ec761b73861b/click HTTP/1.1
User-Agent: selenium/4.1.2 (java windows)
Content-Length: 50
Content-Type: application/json; charset=utf-8
host: localhost:62549
accept: */*

Response DefaultHttpResponse(decodeResult: success, version: HTTP/1.1)
HTTP/1.1 200 OK
Content-Type: application/json; charset=utf-8
cache-control: no-cache
content-length: 14

17:42:33.992 [AsyncHttpClient-1-3] DEBUG org.asynchttpclient.netty.channel.ChannelManager - Adding key: http://localhost:62549 for channel [id: 0xb5a2d368, L:/127.0.0.1:57512 - R:localhost/127.0.0.1:62549]
17:42:33.998 [Forwarding screenshot on session 3a654904348ba2483baf83f7a2b0921a to remote] DEBUG org.asynchttpclient.netty.request.NettyRequestSender - Using pooled Channel '[id: 0xb5a2d368, L:/127.0.0.1:57512 - R:localhost/127.0.0.1:62549]' for 'GET' to 'http://localhost:62549/session/3a654904348ba2483baf83f7a2b0921a/screenshot'
17:42:33.998 [Forwarding screenshot on session 3a654904348ba2483baf83f7a2b0921a to remote] DEBUG org.asynchttpclient.netty.request.NettyRequestSender - Using open Channel [id: 0xb5a2d368, L:/127.0.0.1:57512 - R:localhost/127.0.0.1:62549] for GET '/session/3a654904348ba2483baf83f7a2b0921a/screenshot'
17:42:34.001 [AsyncHttpClient-1-1] DEBUG org.asynchttpclient.netty.channel.DefaultChannelPool - Entry count for : http://localhost:57514 : 1
17:42:34.143 [AsyncHttpClient-1-3] DEBUG org.asynchttpclient.netty.handler.HttpHandler - 

Request DefaultFullHttpRequest(decodeResult: success, version: HTTP/1.1, content: EmptyByteBufBE)
GET /session/3a654904348ba2483baf83f7a2b0921a/screenshot HTTP/1.1
User-Agent: selenium/4.1.2 (java windows)
Cache-Control: no-cache
Content-Type: application/json; charset=utf-8
host: localhost:62549
accept: */*

Response DefaultHttpResponse(decodeResult: success, version: HTTP/1.1)
HTTP/1.1 200 OK
Content-Type: application/json; charset=utf-8
cache-control: no-cache
content-length: 91208

17:42:34.144 [AsyncHttpClient-1-3] DEBUG org.asynchttpclient.netty.channel.ChannelManager - Adding key: http://localhost:62549 for channel [id: 0xb5a2d368, L:/127.0.0.1:57512 - R:localhost/127.0.0.1:62549]
17:42:34.150 [main] DEBUG net.serenitybdd.core.photography.Darkroom - Send negative for processing for target\site\serenity\d1df25d38e60708367cdd35e898335381b06a616a9cb561c9c61e7f9da0ff321.png
17:42:34.150 [main] DEBUG net.thucydides.core.steps.StepInterceptor - STEP DONE: clickDeletePatientButton
  &amp#27;[32mWhen &amp#27;[0m&amp#27;[32mI click Delete Patient button&amp#27;[0m   &amp#27;[90m# starter.stepdefinitions.PatientSteps.iClickDeletePatientButton()&amp#27;[0m
17:42:34.150 [Darkroom Processing Line] DEBUG net.serenitybdd.core.photography.DarkroomProcessingLine - Processing screenshot image in /var/screenshots/screenshot-5924389376839402683
17:42:34.150 [Darkroom Processing Line] DEBUG net.serenitybdd.core.photography.DarkroomProcessingLine - Saving screenshot to target\site\serenity\d1df25d38e60708367cdd35e898335381b06a616a9cb561c9c61e7f9da0ff321.png
17:42:34.171 [main] DEBUG net.thucydides.core.steps.StepInterceptor - STARTING STEP: PatientSteps.iClickDeleteButton - clickDeleteButton
17:42:34.174 [Forwarding findElement on session 3a654904348ba2483baf83f7a2b0921a to remote] DEBUG org.asynchttpclient.netty.request.NettyRequestSender - Using pooled Channel '[id: 0xb5a2d368, L:/127.0.0.1:57512 - R:localhost/127.0.0.1:62549]' for 'POST' to 'http://localhost:62549/session/3a654904348ba2483baf83f7a2b0921a/element'
17:42:34.174 [Forwarding findElement on session 3a654904348ba2483baf83f7a2b0921a to remote] DEBUG org.asynchttpclient.netty.request.NettyRequestSender - Using open Channel [id: 0xb5a2d368, L:/127.0.0.1:57512 - R:localhost/127.0.0.1:62549] for POST '/session/3a654904348ba2483baf83f7a2b0921a/element'
17:42:34.193 [AsyncHttpClient-1-3] DEBUG org.asynchttpclient.netty.handler.HttpHandler - 

Request DefaultHttpRequest(decodeResult: success, version: HTTP/1.1)
POST /session/3a654904348ba2483baf83f7a2b0921a/element HTTP/1.1
User-Agent: selenium/4.1.2 (java windows)
Content-Length: 104
Content-Type: application/json; charset=utf-8
host: localhost:62549
accept: */*

Response DefaultHttpResponse(decodeResult: success, version: HTTP/1.1)
HTTP/1.1 200 OK
Content-Type: application/json; charset=utf-8
cache-control: no-cache
content-length: 88

17:42:34.193 [AsyncHttpClient-1-3] DEBUG org.asynchttpclient.netty.channel.ChannelManager - Adding key: http://localhost:62549 for channel [id: 0xb5a2d368, L:/127.0.0.1:57512 - R:localhost/127.0.0.1:62549]
17:42:34.196 [Forwarding getElementTagName on session 3a654904348ba2483baf83f7a2b0921a to remote] DEBUG org.asynchttpclient.netty.request.NettyRequestSender - Using pooled Channel '[id: 0xb5a2d368, L:/127.0.0.1:57512 - R:localhost/127.0.0.1:62549]' for 'GET' to 'http://localhost:62549/session/3a654904348ba2483baf83f7a2b0921a/element/5de29ab3-4d79-4010-a15f-50ea42d4c047/name'
17:42:34.196 [Forwarding getElementTagName on session 3a654904348ba2483baf83f7a2b0921a to remote] DEBUG org.asynchttpclient.netty.request.NettyRequestSender - Using open Channel [id: 0xb5a2d368, L:/127.0.0.1:57512 - R:localhost/127.0.0.1:62549] for GET '/session/3a654904348ba2483baf83f7a2b0921a/element/5de29ab3-4d79-4010-a15f-50ea42d4c047/name'
17:42:34.202 [AsyncHttpClient-1-3] DEBUG org.asynchttpclient.netty.handler.HttpHandler - 

Request DefaultFullHttpRequest(decodeResult: success, version: HTTP/1.1, content: EmptyByteBufBE)
GET /session/3a654904348ba2483baf83f7a2b0921a/element/5de29ab3-4d79-4010-a15f-50ea42d4c047/name HTTP/1.1
User-Agent: selenium/4.1.2 (java windows)
Cache-Control: no-cache
Content-Type: application/json; charset=utf-8
host: localhost:62549
accept: */*

Response DefaultHttpResponse(decodeResult: success, version: HTTP/1.1)
HTTP/1.1 200 OK
Content-Type: application/json; charset=utf-8
cache-control: no-cache
content-length: 18

17:42:34.202 [AsyncHttpClient-1-3] DEBUG org.asynchttpclient.netty.channel.ChannelManager - Adding key: http://localhost:62549 for channel [id: 0xb5a2d368, L:/127.0.0.1:57512 - R:localhost/127.0.0.1:62549]
17:42:34.204 [Forwarding getElementTagName on session 3a654904348ba2483baf83f7a2b0921a to remote] DEBUG org.asynchttpclient.netty.request.NettyRequestSender - Using pooled Channel '[id: 0xb5a2d368, L:/127.0.0.1:57512 - R:localhost/127.0.0.1:62549]' for 'GET' to 'http://localhost:62549/session/3a654904348ba2483baf83f7a2b0921a/element/5de29ab3-4d79-4010-a15f-50ea42d4c047/name'
17:42:34.204 [Forwarding getElementTagName on session 3a654904348ba2483baf83f7a2b0921a to remote] DEBUG org.asynchttpclient.netty.request.NettyRequestSender - Using open Channel [id: 0xb5a2d368, L:/127.0.0.1:57512 - R:localhost/127.0.0.1:62549] for GET '/session/3a654904348ba2483baf83f7a2b0921a/element/5de29ab3-4d79-4010-a15f-50ea42d4c047/name'
17:42:34.215 [AsyncHttpClient-1-3] DEBUG org.asynchttpclient.netty.handler.HttpHandler - 

Request DefaultFullHttpRequest(decodeResult: success, version: HTTP/1.1, content: EmptyByteBufBE)
GET /session/3a654904348ba2483baf83f7a2b0921a/element/5de29ab3-4d79-4010-a15f-50ea42d4c047/name HTTP/1.1
User-Agent: selenium/4.1.2 (java windows)
Cache-Control: no-cache
Content-Type: application/json; charset=utf-8
host: localhost:62549
accept: */*

Response DefaultHttpResponse(decodeResult: success, version: HTTP/1.1)
HTTP/1.1 200 OK
Content-Type: application/json; charset=utf-8
cache-control: no-cache
content-length: 18

17:42:34.215 [AsyncHttpClient-1-3] DEBUG org.asynchttpclient.netty.channel.ChannelManager - Adding key: http://localhost:62549 for channel [id: 0xb5a2d368, L:/127.0.0.1:57512 - R:localhost/127.0.0.1:62549]
17:42:34.218 [Forwarding isElementEnabled on session 3a654904348ba2483baf83f7a2b0921a to remote] DEBUG org.asynchttpclient.netty.request.NettyRequestSender - Using pooled Channel '[id: 0xb5a2d368, L:/127.0.0.1:57512 - R:localhost/127.0.0.1:62549]' for 'GET' to 'http://localhost:62549/session/3a654904348ba2483baf83f7a2b0921a/element/5de29ab3-4d79-4010-a15f-50ea42d4c047/enabled'
17:42:34.219 [Forwarding isElementEnabled on session 3a654904348ba2483baf83f7a2b0921a to remote] DEBUG org.asynchttpclient.netty.request.NettyRequestSender - Using open Channel [id: 0xb5a2d368, L:/127.0.0.1:57512 - R:localhost/127.0.0.1:62549] for GET '/session/3a654904348ba2483baf83f7a2b0921a/element/5de29ab3-4d79-4010-a15f-50ea42d4c047/enabled'
17:42:34.232 [AsyncHttpClient-1-3] DEBUG org.asynchttpclient.netty.handler.HttpHandler - 

Request DefaultFullHttpRequest(decodeResult: success, version: HTTP/1.1, content: EmptyByteBufBE)
GET /session/3a654904348ba2483baf83f7a2b0921a/element/5de29ab3-4d79-4010-a15f-50ea42d4c047/enabled HTTP/1.1
User-Agent: selenium/4.1.2 (java windows)
Cache-Control: no-cache
Content-Type: application/json; charset=utf-8
host: localhost:62549
accept: */*

Response DefaultHttpResponse(decodeResult: success, version: HTTP/1.1)
HTTP/1.1 200 OK
Content-Type: application/json; charset=utf-8
cache-control: no-cache
content-length: 14

17:42:34.232 [AsyncHttpClient-1-3] DEBUG org.asynchttpclient.netty.channel.ChannelManager - Adding key: http://localhost:62549 for channel [id: 0xb5a2d368, L:/127.0.0.1:57512 - R:localhost/127.0.0.1:62549]
17:42:34.234 [Forwarding isElementEnabled on session 3a654904348ba2483baf83f7a2b0921a to remote] DEBUG org.asynchttpclient.netty.request.NettyRequestSender - Using pooled Channel '[id: 0xb5a2d368, L:/127.0.0.1:57512 - R:localhost/127.0.0.1:62549]' for 'GET' to 'http://localhost:62549/session/3a654904348ba2483baf83f7a2b0921a/element/5de29ab3-4d79-4010-a15f-50ea42d4c047/enabled'
17:42:34.234 [Forwarding isElementEnabled on session 3a654904348ba2483baf83f7a2b0921a to remote] DEBUG org.asynchttpclient.netty.request.NettyRequestSender - Using open Channel [id: 0xb5a2d368, L:/127.0.0.1:57512 - R:localhost/127.0.0.1:62549] for GET '/session/3a654904348ba2483baf83f7a2b0921a/element/5de29ab3-4d79-4010-a15f-50ea42d4c047/enabled'
17:42:34.258 [AsyncHttpClient-1-3] DEBUG org.asynchttpclient.netty.handler.HttpHandler - 

Request DefaultFullHttpRequest(decodeResult: success, version: HTTP/1.1, content: EmptyByteBufBE)
GET /session/3a654904348ba2483baf83f7a2b0921a/element/5de29ab3-4d79-4010-a15f-50ea42d4c047/enabled HTTP/1.1
User-Agent: selenium/4.1.2 (java windows)
Cache-Control: no-cache
Content-Type: application/json; charset=utf-8
host: localhost:62549
accept: */*

Response DefaultHttpResponse(decodeResult: success, version: HTTP/1.1)
HTTP/1.1 200 OK
Content-Type: application/json; charset=utf-8
cache-control: no-cache
content-length: 14

17:42:34.258 [AsyncHttpClient-1-3] DEBUG org.asynchttpclient.netty.channel.ChannelManager - Adding key: http://localhost:62549 for channel [id: 0xb5a2d368, L:/127.0.0.1:57512 - R:localhost/127.0.0.1:62549]
17:42:34.260 [Forwarding findElement on session 3a654904348ba2483baf83f7a2b0921a to remote] DEBUG org.asynchttpclient.netty.request.NettyRequestSender - Using pooled Channel '[id: 0xb5a2d368, L:/127.0.0.1:57512 - R:localhost/127.0.0.1:62549]' for 'POST' to 'http://localhost:62549/session/3a654904348ba2483baf83f7a2b0921a/element'
17:42:34.260 [Forwarding findElement on session 3a654904348ba2483baf83f7a2b0921a to remote] DEBUG org.asynchttpclient.netty.request.NettyRequestSender - Using open Channel [id: 0xb5a2d368, L:/127.0.0.1:57512 - R:localhost/127.0.0.1:62549] for POST '/session/3a654904348ba2483baf83f7a2b0921a/element'
17:42:34.270 [AsyncHttpClient-1-3] DEBUG org.asynchttpclient.netty.handler.HttpHandler - 

Request DefaultHttpRequest(decodeResult: success, version: HTTP/1.1)
POST /session/3a654904348ba2483baf83f7a2b0921a/element HTTP/1.1
User-Agent: selenium/4.1.2 (java windows)
Content-Length: 104
Content-Type: application/json; charset=utf-8
host: localhost:62549
accept: */*

Response DefaultHttpResponse(decodeResult: success, version: HTTP/1.1)
HTTP/1.1 200 OK
Content-Type: application/json; charset=utf-8
cache-control: no-cache
content-length: 88

17:42:34.270 [AsyncHttpClient-1-3] DEBUG org.asynchttpclient.netty.channel.ChannelManager - Adding key: http://localhost:62549 for channel [id: 0xb5a2d368, L:/127.0.0.1:57512 - R:localhost/127.0.0.1:62549]
17:42:34.272 [Forwarding clickElement on session 3a654904348ba2483baf83f7a2b0921a to remote] DEBUG org.asynchttpclient.netty.request.NettyRequestSender - Using pooled Channel '[id: 0xb5a2d368, L:/127.0.0.1:57512 - R:localhost/127.0.0.1:62549]' for 'POST' to 'http://localhost:62549/session/3a654904348ba2483baf83f7a2b0921a/element/5de29ab3-4d79-4010-a15f-50ea42d4c047/click'
17:42:34.273 [Forwarding clickElement on session 3a654904348ba2483baf83f7a2b0921a to remote] DEBUG org.asynchttpclient.netty.request.NettyRequestSender - Using open Channel [id: 0xb5a2d368, L:/127.0.0.1:57512 - R:localhost/127.0.0.1:62549] for POST '/session/3a654904348ba2483baf83f7a2b0921a/element/5de29ab3-4d79-4010-a15f-50ea42d4c047/click'
17:42:34.343 [AsyncHttpClient-1-3] DEBUG org.asynchttpclient.netty.handler.HttpHandler - 

Request DefaultHttpRequest(decodeResult: success, version: HTTP/1.1)
POST /session/3a654904348ba2483baf83f7a2b0921a/element/5de29ab3-4d79-4010-a15f-50ea42d4c047/click HTTP/1.1
User-Agent: selenium/4.1.2 (java windows)
Content-Length: 50
Content-Type: application/json; charset=utf-8
host: localhost:62549
accept: */*

Response DefaultHttpResponse(decodeResult: success, version: HTTP/1.1)
HTTP/1.1 200 OK
Content-Type: application/json; charset=utf-8
cache-control: no-cache
content-length: 14

17:42:34.343 [AsyncHttpClient-1-3] DEBUG org.asynchttpclient.netty.channel.ChannelManager - Adding key: http://localhost:62549 for channel [id: 0xb5a2d368, L:/127.0.0.1:57512 - R:localhost/127.0.0.1:62549]
17:42:34.353 [Forwarding screenshot on session 3a654904348ba2483baf83f7a2b0921a to remote] DEBUG org.asynchttpclient.netty.request.NettyRequestSender - Using pooled Channel '[id: 0xb5a2d368, L:/127.0.0.1:57512 - R:localhost/127.0.0.1:62549]' for 'GET' to 'http://localhost:62549/session/3a654904348ba2483baf83f7a2b0921a/screenshot'
17:42:34.353 [Forwarding screenshot on session 3a654904348ba2483baf83f7a2b0921a to remote] DEBUG org.asynchttpclient.netty.request.NettyRequestSender - Using open Channel [id: 0xb5a2d368, L:/127.0.0.1:57512 - R:localhost/127.0.0.1:62549] for GET '/session/3a654904348ba2483baf83f7a2b0921a/screenshot'
17:42:34.522 [AsyncHttpClient-1-3] DEBUG org.asynchttpclient.netty.handler.HttpHandler - 

Request DefaultFullHttpRequest(decodeResult: success, version: HTTP/1.1, content: EmptyByteBufBE)
GET /session/3a654904348ba2483baf83f7a2b0921a/screenshot HTTP/1.1
User-Agent: selenium/4.1.2 (java windows)
Cache-Control: no-cache
Content-Type: application/json; charset=utf-8
host: localhost:62549
accept: */*

Response DefaultHttpResponse(decodeResult: success, version: HTTP/1.1)
HTTP/1.1 200 OK
Content-Type: application/json; charset=utf-8
cache-control: no-cache
content-length: 83552

17:42:34.523 [AsyncHttpClient-1-3] DEBUG org.asynchttpclient.netty.channel.ChannelManager - Adding key: http://localhost:62549 for channel [id: 0xb5a2d368, L:/127.0.0.1:57512 - R:localhost/127.0.0.1:62549]
17:42:34.529 [main] DEBUG net.serenitybdd.core.photography.Darkroom - Send negative for processing for target\site\serenity\3a65e5d46ad3ae9f5ef89417b2049ac5351f1bfd5cccb253b6e7f6914271bbb4.png
17:42:34.529 [main] DEBUG net.thucydides.core.steps.StepInterceptor - STEP DONE: clickDeleteButton
  &amp#27;[32mThen &amp#27;[0m&amp#27;[32mI click Delete button&amp#27;[0m           &amp#27;[90m# starter.stepdefinitions.PatientSteps.iClickDeleteButton()&amp#27;[0m
17:42:34.529 [Darkroom Processing Line] DEBUG net.serenitybdd.core.photography.DarkroomProcessingLine - Processing screenshot image in /var/screenshots/screenshot-8717790262780729172
17:42:34.529 [Darkroom Processing Line] DEBUG net.serenitybdd.core.photography.DarkroomProcessingLine - Saving screenshot to target\site\serenity\3a65e5d46ad3ae9f5ef89417b2049ac5351f1bfd5cccb253b6e7f6914271bbb4.png
17:42:34.537 [main] INFO  - 
  _____   ___   ___   _____     ___     _     ___   ___   ___   ___  
 |_   _| | __| / __| |_   _|   | _ \   /_\   / __| / __| | __| |   \ 
   | |   | _|  \__ \   | |     |  _/  / _ \  \__ \ \__ \ | _|  | |) |
   |_|   |___| |___/   |_|     |_|   /_/ \_\ |___/ |___/ |___| |___/ 

Delete Patient Data Scenario
----------------------------------------------------------------------
17:42:34.539 [AsyncHttpClient-1-5] DEBUG org.asynchttpclient.netty.handler.WebSocketHandler - Channel Closed: [id: 0x1d468716, L:/127.0.0.1:57522 ! R:localhost/127.0.0.1:57514] with attribute NettyResponseFuture{currentRetry=5,
	isDone=1,
	isCancelled=0,
	asyncHandler=org.asynchttpclient.ws.WebSocketUpgradeHandler@383ace26,
	nettyRequest=org.asynchttpclient.netty.request.NettyRequest@5bbbb818,
	future=java.util.concurrent.CompletableFuture@3570444a[Completed normally],
	uri=ws://localhost:57514/devtools/browser/79255493-bf73-422f-a771-f163c3918909,
	keepAlive=true,
	redirectCount=0,
	timeoutsHolder=null,
	inAuth=0,
	touch=1655548947959}
17:42:34.539 [AsyncHttpClient-1-5] DEBUG org.asynchttpclient.netty.channel.ChannelManager - Closing Channel [id: 0x1d468716, L:/127.0.0.1:57522 ! R:localhost/127.0.0.1:57514] 
17:42:34.539 [Driver Command Executor] DEBUG org.asynchttpclient.netty.request.NettyRequestSender - Using pooled Channel '[id: 0xb5a2d368, L:/127.0.0.1:57512 - R:localhost/127.0.0.1:62549]' for 'DELETE' to 'http://localhost:62549/session/3a654904348ba2483baf83f7a2b0921a'
17:42:34.539 [Driver Command Executor] DEBUG org.asynchttpclient.netty.request.NettyRequestSender - Using open Channel [id: 0xb5a2d368, L:/127.0.0.1:57512 - R:localhost/127.0.0.1:62549] for DELETE '/session/3a654904348ba2483baf83f7a2b0921a'
17:42:34.601 [AsyncHttpClient-1-4] DEBUG org.asynchttpclient.netty.handler.HttpHandler - Unexpected I/O exception on channel [id: 0x9a2c3973, L:/127.0.0.1:57521 - R:localhost/127.0.0.1:57514]
java.net.SocketException: Connection reset
	at java.base/sun.nio.ch.SocketChannelImpl.throwConnectionReset(SocketChannelImpl.java:367)
	at java.base/sun.nio.ch.SocketChannelImpl.read(SocketChannelImpl.java:398)
	at io.netty.buffer.PooledByteBuf.setBytes(PooledByteBuf.java:258)
	at io.netty.buffer.AbstractByteBuf.writeBytes(AbstractByteBuf.java:1132)
	at io.netty.channel.socket.nio.NioSocketChannel.doReadBytes(NioSocketChannel.java:350)
	at io.netty.channel.nio.AbstractNioByteChannel$NioByteUnsafe.read(AbstractNioByteChannel.java:151)
	at io.netty.channel.nio.NioEventLoop.processSelectedKey(NioEventLoop.java:722)
	at io.netty.channel.nio.NioEventLoop.processSelectedKeysOptimized(NioEventLoop.java:658)
	at io.netty.channel.nio.NioEventLoop.processSelectedKeys(NioEventLoop.java:584)
	at io.netty.channel.nio.NioEventLoop.run(NioEventLoop.java:496)
	at io.netty.util.concurrent.SingleThreadEventExecutor$4.run(SingleThreadEventExecutor.java:986)
	at io.netty.util.internal.ThreadExecutorMap$2.run(ThreadExecutorMap.java:74)
	at io.netty.util.concurrent.FastThreadLocalRunnable.run(FastThreadLocalRunnable.java:30)
	at java.base/java.lang.Thread.run(Thread.java:832)
17:42:34.601 [AsyncHttpClient-1-4] DEBUG org.asynchttpclient.netty.channel.ChannelManager - Closing Channel [id: 0x9a2c3973, L:/127.0.0.1:57521 - R:localhost/127.0.0.1:57514] 
17:42:34.602 [AsyncHttpClient-1-4] DEBUG org.asynchttpclient.netty.handler.HttpHandler - Channel Closed: [id: 0x9a2c3973, L:/127.0.0.1:57521 ! R:localhost/127.0.0.1:57514] with attribute DISCARD
17:42:34.645 [AsyncHttpClient-1-3] DEBUG org.asynchttpclient.netty.handler.HttpHandler - 

Request DefaultFullHttpRequest(decodeResult: success, version: HTTP/1.1, content: EmptyByteBufBE)
DELETE /session/3a654904348ba2483baf83f7a2b0921a HTTP/1.1
User-Agent: selenium/4.1.2 (java windows)
Content-Type: application/json; charset=utf-8
host: localhost:62549
accept: */*

Response DefaultHttpResponse(decodeResult: success, version: HTTP/1.1)
HTTP/1.1 200 OK
Content-Type: application/json; charset=utf-8
cache-control: no-cache
content-length: 14

17:42:34.646 [AsyncHttpClient-1-3] DEBUG org.asynchttpclient.netty.channel.ChannelManager - Adding key: http://localhost:62549 for channel [id: 0xb5a2d368, L:/127.0.0.1:57512 - R:localhost/127.0.0.1:62549]
17:42:34.801 [AsyncHttpClient-1-3] DEBUG org.asynchttpclient.netty.handler.HttpHandler - Channel Closed: [id: 0xb5a2d368, L:/127.0.0.1:57512 ! R:localhost/127.0.0.1:62549] with attribute DISCARD
17:42:35.101 [AsyncHttpClient-1-1] DEBUG org.asynchttpclient.netty.channel.DefaultChannelPool - Entry count for : http://localhost:57514 : 1
17:42:35.101 [AsyncHttpClient-1-1] DEBUG org.asynchttpclient.netty.channel.DefaultChannelPool - Entry count for : http://localhost:62549 : 1
17:42:35.101 [AsyncHttpClient-1-1] DEBUG org.asynchttpclient.netty.channel.DefaultChannelPool - Adding Candidate expired Channel [id: 0x9a2c3973, L:/127.0.0.1:57521 ! R:localhost/127.0.0.1:57514] isIdleTimeoutExpired=false isRemotelyClosed=true isTtlExpired=false
17:42:35.101 [AsyncHttpClient-1-1] DEBUG org.asynchttpclient.netty.channel.DefaultChannelPool - Closing Idle Channel [id: 0x9a2c3973, L:/127.0.0.1:57521 ! R:localhost/127.0.0.1:57514]
17:42:35.101 [AsyncHttpClient-1-1] DEBUG org.asynchttpclient.netty.channel.DefaultChannelPool - Adding Candidate expired Channel [id: 0xb5a2d368, L:/127.0.0.1:57512 ! R:localhost/127.0.0.1:62549] isIdleTimeoutExpired=false isRemotelyClosed=true isTtlExpired=false
17:42:35.101 [AsyncHttpClient-1-1] DEBUG org.asynchttpclient.netty.channel.DefaultChannelPool - Closing Idle Channel [id: 0xb5a2d368, L:/127.0.0.1:57512 ! R:localhost/127.0.0.1:62549]
17:42:35.101 [AsyncHttpClient-1-1] DEBUG org.asynchttpclient.netty.channel.DefaultChannelPool - Closed 2 connections out of 2 in 0 ms
]]></system-out>
    <system-err><![CDATA[Starting ChromeDriver 102.0.5005.61 (0e59bcc00cc4985ce39ad31c150065f159d95ad3-refs/branch-heads/5005@{#819}) on port 62549
Only local connections are allowed.
Please see https://chromedriver.chromium.org/security-considerations for suggestions on keeping ChromeDriver safe.
ChromeDriver was started successfully.
Jun 18, 2022 5:42:27 PM org.openqa.selenium.remote.ProtocolHandshake createSession
INFO: Detected dialect: W3C
Jun 18, 2022 5:42:27 PM org.openqa.selenium.devtools.CdpVersionFinder findNearestMatch
WARNING: Unable to find an exact match for CDP version 102, so returning the closest version found: a no-op implementation
Jun 18, 2022 5:42:27 PM org.openqa.selenium.devtools.CdpVersionFinder findNearestMatch
INFO: Unable to find CDP implementation matching 102.
Jun 18, 2022 5:42:27 PM org.openqa.selenium.chromium.ChromiumDriver lambda$new$3
WARNING: Unable to find version of CDP to use for . You may need to include a dependency on a specific version of the CDP using something similar to `org.seleniumhq.selenium:selenium-devtools-v86:4.1.2` where the version ("v86") matches the version of the chromium-based browser you're using and the version number of the artifact is the same as Selenium's.
]]></system-err>
  </testcase>
  <testcase name="Cancel Delete Patient Data Scenario" classname="Patient" time="9.779">
    <system-out><![CDATA[
@Patient
Scenario: Cancel Delete Patient Data Scenario &amp#27;[90m# src/test/resources/features/2.Patient.feature:42&amp#27;[0m
17:42:35.348 [main] INFO io.cucumber.core.plugin.SerenityReporter - Running feature from file:///E:/My%20Documents/File%20Difa/TI%20Semester%206%20Kampus%20Merdeka%20Alterra/Tugas/CAPSTONE%20Project/Capstone-Project-Website/src/test/resources/features/2.Patient.feature
17:42:35.354 [main] INFO  - 
  _____   ___   ___   _____     ___   _____     _     ___   _____   ___   ___  
 |_   _| | __| / __| |_   _|   / __| |_   _|   /_\   | _ \ |_   _| | __| |   \ 
   | |   | _|  \__ \   | |     \__ \   | |    / _ \  |   /   | |   | _|  | |) |
   |_|   |___| |___/   |_|     |___/   |_|   /_/ \_\ |_|_\   |_|   |___| |___/ 

Cancel Delete Patient Data Scenario(patient;cancel-delete-patient-data-scenario)
--------------------------------------------------------------------------------
17:42:35.377 [main] DEBUG net.thucydides.core.steps.StepInterceptor - STARTING STEP: PatientSteps.iAmAtTheDashboardPage - openUrl
17:42:35.378 [main] INFO net.serenitybdd.core.webdriver.driverproviders.ChromeDriverProvider - Using automatically driver download
17:42:35.561 [main] DEBUG io.github.bonigarcia.wdm.cache.ResolutionCache - Resolution chrome=102 in cache (valid until 18:14:23 18/06/2022 ICT)
17:42:35.565 [main] DEBUG io.github.bonigarcia.wdm.cache.ResolutionCache - Resolution chrome102=102.0.5005.61 in cache (valid until 17:29:52 19/06/2022 ICT)
17:42:35.566 [main] INFO io.github.bonigarcia.wdm.WebDriverManager - Using chromedriver 102.0.5005.61 (resolved driver for Chrome 102)
17:42:35.579 [main] DEBUG io.github.bonigarcia.wdm.WebDriverManager - Driver chromedriver 102.0.5005.61 found in cache
17:42:35.580 [main] INFO io.github.bonigarcia.wdm.WebDriverManager - Exporting webdriver.chrome.driver as C:\Users\USER\.cache\selenium\chromedriver\win32\102.0.5005.61\chromedriver.exe
17:42:35.735 [main] DEBUG net.serenitybdd.core.webdriver.driverproviders.ProvideNewDriver - Instantiating driver
17:42:35.735 [main] DEBUG net.serenitybdd.core.webdriver.driverproviders.ProvideNewDriver - Driver capabilities: Capabilities {acceptInsecureCerts: false, base.url: https://hospital-management..., browserName: chrome, chrome.driver: src/test/resources/webdrive..., driver: chrome, goog:chromeOptions: {args: [], extensions: []}}
17:42:36.280 [AsyncHttpClient-1-6] DEBUG org.asynchttpclient.netty.channel.NettyConnectListener - Using new Channel '[id: 0xc26773ab, L:/127.0.0.1:57543 - R:localhost/127.0.0.1:53571]' for 'POST' to '/session'
17:42:37.173 [AsyncHttpClient-1-6] DEBUG org.asynchttpclient.netty.handler.HttpHandler - 

Request DefaultHttpRequest(decodeResult: success, version: HTTP/1.1)
POST /session HTTP/1.1
User-Agent: selenium/4.1.2 (java windows)
Content-Length: 621
Content-Type: application/json; charset=utf-8
host: localhost:53571
accept: */*

Response DefaultHttpResponse(decodeResult: success, version: HTTP/1.1)
HTTP/1.1 200 OK
Content-Type: application/json; charset=utf-8
cache-control: no-cache
content-length: 788

17:42:37.173 [AsyncHttpClient-1-6] DEBUG org.asynchttpclient.netty.channel.ChannelManager - Adding key: http://localhost:53571 for channel [id: 0xc26773ab, L:/127.0.0.1:57543 - R:localhost/127.0.0.1:53571]
17:42:37.194 [AsyncHttpClient-1-7] DEBUG org.asynchttpclient.netty.channel.NettyConnectListener - Using new Channel '[id: 0xc5c86412, L:/127.0.0.1:57550 - R:localhost/127.0.0.1:57545]' for 'GET' to '/json/version'
17:42:37.196 [AsyncHttpClient-1-7] DEBUG org.asynchttpclient.netty.handler.HttpHandler - 

Request DefaultFullHttpRequest(decodeResult: success, version: HTTP/1.1, content: EmptyByteBufBE)
GET /json/version HTTP/1.1
User-Agent: selenium/4.1.2 (java windows)
host: localhost:57545
accept: */*

Response DefaultHttpResponse(decodeResult: success, version: HTTP/1.1)
HTTP/1.1 200 OK
Content-Type: application/json; charset=UTF-8
content-length: 427

17:42:37.196 [AsyncHttpClient-1-7] DEBUG org.asynchttpclient.netty.channel.ChannelManager - Adding key: http://localhost:57545 for channel [id: 0xc5c86412, L:/127.0.0.1:57550 - R:localhost/127.0.0.1:57545]
17:42:37.200 [AsyncHttpClient-1-8] DEBUG org.asynchttpclient.netty.channel.NettyConnectListener - Using new Channel '[id: 0xac966a3c, L:/127.0.0.1:57551 - R:localhost/127.0.0.1:57545]' for 'GET' to '/devtools/browser/9e440377-6a81-4e53-b713-1aa60aaf0f74'
17:42:37.202 [AsyncHttpClient-1-8] DEBUG org.asynchttpclient.netty.handler.WebSocketHandler - 

Request DefaultFullHttpRequest(decodeResult: success, version: HTTP/1.1, content: EmptyByteBufBE)
GET /devtools/browser/9e440377-6a81-4e53-b713-1aa60aaf0f74 HTTP/1.1
upgrade: websocket
connection: upgrade
sec-websocket-key: EKWA4D4pVV7Ec/RgJUiyAA==
sec-websocket-version: 13
origin: http://localhost:57545
host: localhost:57545
accept: */*
user-agent: AHC/2.1

Response DefaultHttpResponse(decodeResult: success, version: HTTP/1.1)
HTTP/1.1 101 WebSocket Protocol Handshake
Upgrade: WebSocket
Connection: Upgrade
Sec-WebSocket-Accept: Gws9CpHW8VM98ihhlFSirx0iCNM=

17:42:37.215 [Forwarding maximizeCurrentWindow on session 834aa601845a7b74e736d595b998709e to remote] DEBUG org.asynchttpclient.netty.request.NettyRequestSender - Using pooled Channel '[id: 0xc26773ab, L:/127.0.0.1:57543 - R:localhost/127.0.0.1:53571]' for 'POST' to 'http://localhost:53571/session/834aa601845a7b74e736d595b998709e/window/maximize'
17:42:37.215 [Forwarding maximizeCurrentWindow on session 834aa601845a7b74e736d595b998709e to remote] DEBUG org.asynchttpclient.netty.request.NettyRequestSender - Using open Channel [id: 0xc26773ab, L:/127.0.0.1:57543 - R:localhost/127.0.0.1:53571] for POST '/session/834aa601845a7b74e736d595b998709e/window/maximize'
17:42:37.300 [AsyncHttpClient-1-1] DEBUG org.asynchttpclient.netty.channel.DefaultChannelPool - Entry count for : http://localhost:57545 : 1
17:42:37.375 [AsyncHttpClient-1-6] DEBUG org.asynchttpclient.netty.handler.HttpHandler - 

Request DefaultHttpRequest(decodeResult: success, version: HTTP/1.1)
POST /session/834aa601845a7b74e736d595b998709e/window/maximize HTTP/1.1
User-Agent: selenium/4.1.2 (java windows)
Content-Length: 3
Content-Type: application/json; charset=utf-8
host: localhost:53571
accept: */*

Response DefaultHttpResponse(decodeResult: success, version: HTTP/1.1)
HTTP/1.1 200 OK
Content-Type: application/json; charset=utf-8
cache-control: no-cache
content-length: 51

17:42:37.376 [AsyncHttpClient-1-6] DEBUG org.asynchttpclient.netty.channel.ChannelManager - Adding key: http://localhost:53571 for channel [id: 0xc26773ab, L:/127.0.0.1:57543 - R:localhost/127.0.0.1:53571]
17:42:37.382 [Forwarding get on session 834aa601845a7b74e736d595b998709e to remote] DEBUG org.asynchttpclient.netty.request.NettyRequestSender - Using pooled Channel '[id: 0xc26773ab, L:/127.0.0.1:57543 - R:localhost/127.0.0.1:53571]' for 'POST' to 'http://localhost:53571/session/834aa601845a7b74e736d595b998709e/url'
17:42:37.382 [Forwarding get on session 834aa601845a7b74e736d595b998709e to remote] DEBUG org.asynchttpclient.netty.request.NettyRequestSender - Using open Channel [id: 0xc26773ab, L:/127.0.0.1:57543 - R:localhost/127.0.0.1:53571] for POST '/session/834aa601845a7b74e736d595b998709e/url'
17:42:38.400 [AsyncHttpClient-1-1] DEBUG org.asynchttpclient.netty.channel.DefaultChannelPool - Entry count for : http://localhost:57545 : 1
17:42:39.500 [AsyncHttpClient-1-1] DEBUG org.asynchttpclient.netty.channel.DefaultChannelPool - Entry count for : http://localhost:57545 : 1
17:42:40.602 [AsyncHttpClient-1-1] DEBUG org.asynchttpclient.netty.channel.DefaultChannelPool - Entry count for : http://localhost:57545 : 1
17:42:41.394 [AsyncHttpClient-1-6] DEBUG org.asynchttpclient.netty.handler.HttpHandler - 

Request DefaultHttpRequest(decodeResult: success, version: HTTP/1.1)
POST /session/834aa601845a7b74e736d595b998709e/url HTTP/1.1
User-Agent: selenium/4.1.2 (java windows)
Content-Length: 65
Content-Type: application/json; charset=utf-8
host: localhost:53571
accept: */*

Response DefaultHttpResponse(decodeResult: success, version: HTTP/1.1)
HTTP/1.1 200 OK
Content-Type: application/json; charset=utf-8
cache-control: no-cache
content-length: 14

17:42:41.395 [AsyncHttpClient-1-6] DEBUG org.asynchttpclient.netty.channel.ChannelManager - Adding key: http://localhost:53571 for channel [id: 0xc26773ab, L:/127.0.0.1:57543 - R:localhost/127.0.0.1:53571]
17:42:41.397 [Forwarding setTimeout on session 834aa601845a7b74e736d595b998709e to remote] DEBUG org.asynchttpclient.netty.request.NettyRequestSender - Using pooled Channel '[id: 0xc26773ab, L:/127.0.0.1:57543 - R:localhost/127.0.0.1:53571]' for 'POST' to 'http://localhost:53571/session/834aa601845a7b74e736d595b998709e/timeouts'
17:42:41.398 [Forwarding setTimeout on session 834aa601845a7b74e736d595b998709e to remote] DEBUG org.asynchttpclient.netty.request.NettyRequestSender - Using open Channel [id: 0xc26773ab, L:/127.0.0.1:57543 - R:localhost/127.0.0.1:53571] for POST '/session/834aa601845a7b74e736d595b998709e/timeouts'
17:42:41.399 [AsyncHttpClient-1-6] DEBUG org.asynchttpclient.netty.handler.HttpHandler - 

Request DefaultHttpRequest(decodeResult: success, version: HTTP/1.1)
POST /session/834aa601845a7b74e736d595b998709e/timeouts HTTP/1.1
User-Agent: selenium/4.1.2 (java windows)
Content-Length: 22
Content-Type: application/json; charset=utf-8
host: localhost:53571
accept: */*

Response DefaultHttpResponse(decodeResult: success, version: HTTP/1.1)
HTTP/1.1 200 OK
Content-Type: application/json; charset=utf-8
cache-control: no-cache
content-length: 14

17:42:41.399 [AsyncHttpClient-1-6] DEBUG org.asynchttpclient.netty.channel.ChannelManager - Adding key: http://localhost:53571 for channel [id: 0xc26773ab, L:/127.0.0.1:57543 - R:localhost/127.0.0.1:53571]
17:42:41.403 [Forwarding getCurrentUrl on session 834aa601845a7b74e736d595b998709e to remote] DEBUG org.asynchttpclient.netty.request.NettyRequestSender - Using pooled Channel '[id: 0xc26773ab, L:/127.0.0.1:57543 - R:localhost/127.0.0.1:53571]' for 'GET' to 'http://localhost:53571/session/834aa601845a7b74e736d595b998709e/url'
17:42:41.403 [Forwarding getCurrentUrl on session 834aa601845a7b74e736d595b998709e to remote] DEBUG org.asynchttpclient.netty.request.NettyRequestSender - Using open Channel [id: 0xc26773ab, L:/127.0.0.1:57543 - R:localhost/127.0.0.1:53571] for GET '/session/834aa601845a7b74e736d595b998709e/url'
17:42:41.410 [AsyncHttpClient-1-6] DEBUG org.asynchttpclient.netty.handler.HttpHandler - 

Request DefaultFullHttpRequest(decodeResult: success, version: HTTP/1.1, content: EmptyByteBufBE)
GET /session/834aa601845a7b74e736d595b998709e/url HTTP/1.1
User-Agent: selenium/4.1.2 (java windows)
Cache-Control: no-cache
Content-Type: application/json; charset=utf-8
host: localhost:53571
accept: */*

Response DefaultHttpResponse(decodeResult: success, version: HTTP/1.1)
HTTP/1.1 200 OK
Content-Type: application/json; charset=utf-8
cache-control: no-cache
content-length: 53

17:42:41.410 [AsyncHttpClient-1-6] DEBUG org.asynchttpclient.netty.channel.ChannelManager - Adding key: http://localhost:53571 for channel [id: 0xc26773ab, L:/127.0.0.1:57543 - R:localhost/127.0.0.1:53571]
17:42:41.414 [Forwarding getCurrentUrl on session 834aa601845a7b74e736d595b998709e to remote] DEBUG org.asynchttpclient.netty.request.NettyRequestSender - Using pooled Channel '[id: 0xc26773ab, L:/127.0.0.1:57543 - R:localhost/127.0.0.1:53571]' for 'GET' to 'http://localhost:53571/session/834aa601845a7b74e736d595b998709e/url'
17:42:41.414 [Forwarding getCurrentUrl on session 834aa601845a7b74e736d595b998709e to remote] DEBUG org.asynchttpclient.netty.request.NettyRequestSender - Using open Channel [id: 0xc26773ab, L:/127.0.0.1:57543 - R:localhost/127.0.0.1:53571] for GET '/session/834aa601845a7b74e736d595b998709e/url'
17:42:41.419 [AsyncHttpClient-1-6] DEBUG org.asynchttpclient.netty.handler.HttpHandler - 

Request DefaultFullHttpRequest(decodeResult: success, version: HTTP/1.1, content: EmptyByteBufBE)
GET /session/834aa601845a7b74e736d595b998709e/url HTTP/1.1
User-Agent: selenium/4.1.2 (java windows)
Cache-Control: no-cache
Content-Type: application/json; charset=utf-8
host: localhost:53571
accept: */*

Response DefaultHttpResponse(decodeResult: success, version: HTTP/1.1)
HTTP/1.1 200 OK
Content-Type: application/json; charset=utf-8
cache-control: no-cache
content-length: 53

17:42:41.419 [AsyncHttpClient-1-6] DEBUG org.asynchttpclient.netty.channel.ChannelManager - Adding key: http://localhost:53571 for channel [id: 0xc26773ab, L:/127.0.0.1:57543 - R:localhost/127.0.0.1:53571]
17:42:41.425 [Forwarding screenshot on session 834aa601845a7b74e736d595b998709e to remote] DEBUG org.asynchttpclient.netty.request.NettyRequestSender - Using pooled Channel '[id: 0xc26773ab, L:/127.0.0.1:57543 - R:localhost/127.0.0.1:53571]' for 'GET' to 'http://localhost:53571/session/834aa601845a7b74e736d595b998709e/screenshot'
17:42:41.425 [Forwarding screenshot on session 834aa601845a7b74e736d595b998709e to remote] DEBUG org.asynchttpclient.netty.request.NettyRequestSender - Using open Channel [id: 0xc26773ab, L:/127.0.0.1:57543 - R:localhost/127.0.0.1:53571] for GET '/session/834aa601845a7b74e736d595b998709e/screenshot'
17:42:41.679 [AsyncHttpClient-1-6] DEBUG org.asynchttpclient.netty.handler.HttpHandler - 

Request DefaultFullHttpRequest(decodeResult: success, version: HTTP/1.1, content: EmptyByteBufBE)
GET /session/834aa601845a7b74e736d595b998709e/screenshot HTTP/1.1
User-Agent: selenium/4.1.2 (java windows)
Cache-Control: no-cache
Content-Type: application/json; charset=utf-8
host: localhost:53571
accept: */*

Response DefaultHttpResponse(decodeResult: success, version: HTTP/1.1)
HTTP/1.1 200 OK
Content-Type: application/json; charset=utf-8
cache-control: no-cache
content-length: 351816

17:42:41.681 [AsyncHttpClient-1-6] DEBUG org.asynchttpclient.netty.channel.ChannelManager - Adding key: http://localhost:53571 for channel [id: 0xc26773ab, L:/127.0.0.1:57543 - R:localhost/127.0.0.1:53571]
17:42:41.701 [AsyncHttpClient-1-1] DEBUG org.asynchttpclient.netty.channel.DefaultChannelPool - Entry count for : http://localhost:53571 : 1
17:42:41.701 [AsyncHttpClient-1-1] DEBUG org.asynchttpclient.netty.channel.DefaultChannelPool - Entry count for : http://localhost:57545 : 1
17:42:41.709 [main] DEBUG net.serenitybdd.core.photography.Darkroom - Send negative for processing for target\site\serenity\20277f1d76f1b925628464fcd1ece5de77a814679d1be3fdcf836a7ddadfed60.png
17:42:41.709 [main] DEBUG net.thucydides.core.steps.StepInterceptor - STEP DONE: openUrl
17:42:41.719 [main] DEBUG net.thucydides.core.steps.StepInterceptor - STARTING STEP: PatientSteps.iAmAtTheDashboardPage - validateOnDashboardPage
17:42:41.722 [Forwarding findElement on session 834aa601845a7b74e736d595b998709e to remote] DEBUG org.asynchttpclient.netty.request.NettyRequestSender - Using pooled Channel '[id: 0xc26773ab, L:/127.0.0.1:57543 - R:localhost/127.0.0.1:53571]' for 'POST' to 'http://localhost:53571/session/834aa601845a7b74e736d595b998709e/element'
17:42:41.722 [Forwarding findElement on session 834aa601845a7b74e736d595b998709e to remote] DEBUG org.asynchttpclient.netty.request.NettyRequestSender - Using open Channel [id: 0xc26773ab, L:/127.0.0.1:57543 - R:localhost/127.0.0.1:53571] for POST '/session/834aa601845a7b74e736d595b998709e/element'
17:42:41.747 [AsyncHttpClient-1-6] DEBUG org.asynchttpclient.netty.handler.HttpHandler - 

Request DefaultHttpRequest(decodeResult: success, version: HTTP/1.1)
POST /session/834aa601845a7b74e736d595b998709e/element HTTP/1.1
User-Agent: selenium/4.1.2 (java windows)
Content-Length: 81
Content-Type: application/json; charset=utf-8
host: localhost:53571
accept: */*

Response DefaultHttpResponse(decodeResult: success, version: HTTP/1.1)
HTTP/1.1 200 OK
Content-Type: application/json; charset=utf-8
cache-control: no-cache
content-length: 88

17:42:41.747 [AsyncHttpClient-1-6] DEBUG org.asynchttpclient.netty.channel.ChannelManager - Adding key: http://localhost:53571 for channel [id: 0xc26773ab, L:/127.0.0.1:57543 - R:localhost/127.0.0.1:53571]
17:42:41.753 [Forwarding isElementDisplayed on session 834aa601845a7b74e736d595b998709e to remote] DEBUG org.asynchttpclient.netty.request.NettyRequestSender - Using pooled Channel '[id: 0xc26773ab, L:/127.0.0.1:57543 - R:localhost/127.0.0.1:53571]' for 'POST' to 'http://localhost:53571/session/834aa601845a7b74e736d595b998709e/execute/sync'
17:42:41.753 [Forwarding isElementDisplayed on session 834aa601845a7b74e736d595b998709e to remote] DEBUG org.asynchttpclient.netty.request.NettyRequestSender - Using open Channel [id: 0xc26773ab, L:/127.0.0.1:57543 - R:localhost/127.0.0.1:53571] for POST '/session/834aa601845a7b74e736d595b998709e/execute/sync'
17:42:41.788 [AsyncHttpClient-1-6] DEBUG org.asynchttpclient.netty.handler.HttpHandler - 

Request DefaultHttpRequest(decodeResult: success, version: HTTP/1.1)
POST /session/834aa601845a7b74e736d595b998709e/execute/sync HTTP/1.1
User-Agent: selenium/4.1.2 (java windows)
Content-Length: 48780
Content-Type: application/json; charset=utf-8
host: localhost:53571
accept: */*

Response DefaultHttpResponse(decodeResult: success, version: HTTP/1.1)
HTTP/1.1 200 OK
Content-Type: application/json; charset=utf-8
cache-control: no-cache
content-length: 14

17:42:41.788 [AsyncHttpClient-1-6] DEBUG org.asynchttpclient.netty.channel.ChannelManager - Adding key: http://localhost:53571 for channel [id: 0xc26773ab, L:/127.0.0.1:57543 - R:localhost/127.0.0.1:53571]
17:42:41.797 [Forwarding screenshot on session 834aa601845a7b74e736d595b998709e to remote] DEBUG org.asynchttpclient.netty.request.NettyRequestSender - Using pooled Channel '[id: 0xc26773ab, L:/127.0.0.1:57543 - R:localhost/127.0.0.1:53571]' for 'GET' to 'http://localhost:53571/session/834aa601845a7b74e736d595b998709e/screenshot'
17:42:41.797 [Forwarding screenshot on session 834aa601845a7b74e736d595b998709e to remote] DEBUG org.asynchttpclient.netty.request.NettyRequestSender - Using open Channel [id: 0xc26773ab, L:/127.0.0.1:57543 - R:localhost/127.0.0.1:53571] for GET '/session/834aa601845a7b74e736d595b998709e/screenshot'
17:42:42.069 [AsyncHttpClient-1-6] DEBUG org.asynchttpclient.netty.handler.HttpHandler - 

Request DefaultFullHttpRequest(decodeResult: success, version: HTTP/1.1, content: EmptyByteBufBE)
GET /session/834aa601845a7b74e736d595b998709e/screenshot HTTP/1.1
User-Agent: selenium/4.1.2 (java windows)
Cache-Control: no-cache
Content-Type: application/json; charset=utf-8
host: localhost:53571
accept: */*

Response DefaultHttpResponse(decodeResult: success, version: HTTP/1.1)
HTTP/1.1 200 OK
Content-Type: application/json; charset=utf-8
cache-control: no-cache
content-length: 351816

17:42:42.071 [AsyncHttpClient-1-6] DEBUG org.asynchttpclient.netty.channel.ChannelManager - Adding key: http://localhost:53571 for channel [id: 0xc26773ab, L:/127.0.0.1:57543 - R:localhost/127.0.0.1:53571]
17:42:42.095 [main] DEBUG net.serenitybdd.core.photography.Darkroom - Send negative for processing for target\site\serenity\20277f1d76f1b925628464fcd1ece5de77a814679d1be3fdcf836a7ddadfed60.png
17:42:42.095 [main] DEBUG net.thucydides.core.steps.StepInterceptor - STEP DONE: validateOnDashboardPage
  &amp#27;[32mGiven &amp#27;[0m&amp#27;[32mI am at the dashboard page&amp#27;[0m            &amp#27;[90m# starter.stepdefinitions.PatientSteps.iAmAtTheDashboardPage()&amp#27;[0m
17:42:42.119 [main] DEBUG net.thucydides.core.steps.StepInterceptor - STARTING STEP: PatientSteps.iClickMenuPatient - clickMenuPatientButton
17:42:42.123 [Forwarding findElement on session 834aa601845a7b74e736d595b998709e to remote] DEBUG org.asynchttpclient.netty.request.NettyRequestSender - Using pooled Channel '[id: 0xc26773ab, L:/127.0.0.1:57543 - R:localhost/127.0.0.1:53571]' for 'POST' to 'http://localhost:53571/session/834aa601845a7b74e736d595b998709e/element'
17:42:42.123 [Forwarding findElement on session 834aa601845a7b74e736d595b998709e to remote] DEBUG org.asynchttpclient.netty.request.NettyRequestSender - Using open Channel [id: 0xc26773ab, L:/127.0.0.1:57543 - R:localhost/127.0.0.1:53571] for POST '/session/834aa601845a7b74e736d595b998709e/element'
17:42:42.144 [AsyncHttpClient-1-6] DEBUG org.asynchttpclient.netty.handler.HttpHandler - 

Request DefaultHttpRequest(decodeResult: success, version: HTTP/1.1)
POST /session/834aa601845a7b74e736d595b998709e/element HTTP/1.1
User-Agent: selenium/4.1.2 (java windows)
Content-Length: 80
Content-Type: application/json; charset=utf-8
host: localhost:53571
accept: */*

Response DefaultHttpResponse(decodeResult: success, version: HTTP/1.1)
HTTP/1.1 200 OK
Content-Type: application/json; charset=utf-8
cache-control: no-cache
content-length: 88

17:42:42.144 [AsyncHttpClient-1-6] DEBUG org.asynchttpclient.netty.channel.ChannelManager - Adding key: http://localhost:53571 for channel [id: 0xc26773ab, L:/127.0.0.1:57543 - R:localhost/127.0.0.1:53571]
17:42:42.146 [Forwarding getElementTagName on session 834aa601845a7b74e736d595b998709e to remote] DEBUG org.asynchttpclient.netty.request.NettyRequestSender - Using pooled Channel '[id: 0xc26773ab, L:/127.0.0.1:57543 - R:localhost/127.0.0.1:53571]' for 'GET' to 'http://localhost:53571/session/834aa601845a7b74e736d595b998709e/element/446387e5-2db1-491d-afc0-660f20cdcbe4/name'
17:42:42.146 [Forwarding getElementTagName on session 834aa601845a7b74e736d595b998709e to remote] DEBUG org.asynchttpclient.netty.request.NettyRequestSender - Using open Channel [id: 0xc26773ab, L:/127.0.0.1:57543 - R:localhost/127.0.0.1:53571] for GET '/session/834aa601845a7b74e736d595b998709e/element/446387e5-2db1-491d-afc0-660f20cdcbe4/name'
17:42:42.152 [AsyncHttpClient-1-6] DEBUG org.asynchttpclient.netty.handler.HttpHandler - 

Request DefaultFullHttpRequest(decodeResult: success, version: HTTP/1.1, content: EmptyByteBufBE)
GET /session/834aa601845a7b74e736d595b998709e/element/446387e5-2db1-491d-afc0-660f20cdcbe4/name HTTP/1.1
User-Agent: selenium/4.1.2 (java windows)
Cache-Control: no-cache
Content-Type: application/json; charset=utf-8
host: localhost:53571
accept: */*

Response DefaultHttpResponse(decodeResult: success, version: HTTP/1.1)
HTTP/1.1 200 OK
Content-Type: application/json; charset=utf-8
cache-control: no-cache
content-length: 15

17:42:42.152 [AsyncHttpClient-1-6] DEBUG org.asynchttpclient.netty.channel.ChannelManager - Adding key: http://localhost:53571 for channel [id: 0xc26773ab, L:/127.0.0.1:57543 - R:localhost/127.0.0.1:53571]
17:42:42.154 [Forwarding getElementTagName on session 834aa601845a7b74e736d595b998709e to remote] DEBUG org.asynchttpclient.netty.request.NettyRequestSender - Using pooled Channel '[id: 0xc26773ab, L:/127.0.0.1:57543 - R:localhost/127.0.0.1:53571]' for 'GET' to 'http://localhost:53571/session/834aa601845a7b74e736d595b998709e/element/446387e5-2db1-491d-afc0-660f20cdcbe4/name'
17:42:42.154 [Forwarding getElementTagName on session 834aa601845a7b74e736d595b998709e to remote] DEBUG org.asynchttpclient.netty.request.NettyRequestSender - Using open Channel [id: 0xc26773ab, L:/127.0.0.1:57543 - R:localhost/127.0.0.1:53571] for GET '/session/834aa601845a7b74e736d595b998709e/element/446387e5-2db1-491d-afc0-660f20cdcbe4/name'
17:42:42.159 [AsyncHttpClient-1-6] DEBUG org.asynchttpclient.netty.handler.HttpHandler - 

Request DefaultFullHttpRequest(decodeResult: success, version: HTTP/1.1, content: EmptyByteBufBE)
GET /session/834aa601845a7b74e736d595b998709e/element/446387e5-2db1-491d-afc0-660f20cdcbe4/name HTTP/1.1
User-Agent: selenium/4.1.2 (java windows)
Cache-Control: no-cache
Content-Type: application/json; charset=utf-8
host: localhost:53571
accept: */*

Response DefaultHttpResponse(decodeResult: success, version: HTTP/1.1)
HTTP/1.1 200 OK
Content-Type: application/json; charset=utf-8
cache-control: no-cache
content-length: 15

17:42:42.159 [AsyncHttpClient-1-6] DEBUG org.asynchttpclient.netty.channel.ChannelManager - Adding key: http://localhost:53571 for channel [id: 0xc26773ab, L:/127.0.0.1:57543 - R:localhost/127.0.0.1:53571]
17:42:42.161 [Forwarding findElement on session 834aa601845a7b74e736d595b998709e to remote] DEBUG org.asynchttpclient.netty.request.NettyRequestSender - Using pooled Channel '[id: 0xc26773ab, L:/127.0.0.1:57543 - R:localhost/127.0.0.1:53571]' for 'POST' to 'http://localhost:53571/session/834aa601845a7b74e736d595b998709e/element'
17:42:42.161 [Forwarding findElement on session 834aa601845a7b74e736d595b998709e to remote] DEBUG org.asynchttpclient.netty.request.NettyRequestSender - Using open Channel [id: 0xc26773ab, L:/127.0.0.1:57543 - R:localhost/127.0.0.1:53571] for POST '/session/834aa601845a7b74e736d595b998709e/element'
17:42:42.172 [AsyncHttpClient-1-6] DEBUG org.asynchttpclient.netty.handler.HttpHandler - 

Request DefaultHttpRequest(decodeResult: success, version: HTTP/1.1)
POST /session/834aa601845a7b74e736d595b998709e/element HTTP/1.1
User-Agent: selenium/4.1.2 (java windows)
Content-Length: 80
Content-Type: application/json; charset=utf-8
host: localhost:53571
accept: */*

Response DefaultHttpResponse(decodeResult: success, version: HTTP/1.1)
HTTP/1.1 200 OK
Content-Type: application/json; charset=utf-8
cache-control: no-cache
content-length: 88

17:42:42.172 [AsyncHttpClient-1-6] DEBUG org.asynchttpclient.netty.channel.ChannelManager - Adding key: http://localhost:53571 for channel [id: 0xc26773ab, L:/127.0.0.1:57543 - R:localhost/127.0.0.1:53571]
17:42:42.174 [Forwarding clickElement on session 834aa601845a7b74e736d595b998709e to remote] DEBUG org.asynchttpclient.netty.request.NettyRequestSender - Using pooled Channel '[id: 0xc26773ab, L:/127.0.0.1:57543 - R:localhost/127.0.0.1:53571]' for 'POST' to 'http://localhost:53571/session/834aa601845a7b74e736d595b998709e/element/446387e5-2db1-491d-afc0-660f20cdcbe4/click'
17:42:42.174 [Forwarding clickElement on session 834aa601845a7b74e736d595b998709e to remote] DEBUG org.asynchttpclient.netty.request.NettyRequestSender - Using open Channel [id: 0xc26773ab, L:/127.0.0.1:57543 - R:localhost/127.0.0.1:53571] for POST '/session/834aa601845a7b74e736d595b998709e/element/446387e5-2db1-491d-afc0-660f20cdcbe4/click'
17:42:42.322 [AsyncHttpClient-1-6] DEBUG org.asynchttpclient.netty.handler.HttpHandler - 

Request DefaultHttpRequest(decodeResult: success, version: HTTP/1.1)
POST /session/834aa601845a7b74e736d595b998709e/element/446387e5-2db1-491d-afc0-660f20cdcbe4/click HTTP/1.1
User-Agent: selenium/4.1.2 (java windows)
Content-Length: 50
Content-Type: application/json; charset=utf-8
host: localhost:53571
accept: */*

Response DefaultHttpResponse(decodeResult: success, version: HTTP/1.1)
HTTP/1.1 200 OK
Content-Type: application/json; charset=utf-8
cache-control: no-cache
content-length: 14

17:42:42.322 [AsyncHttpClient-1-6] DEBUG org.asynchttpclient.netty.channel.ChannelManager - Adding key: http://localhost:53571 for channel [id: 0xc26773ab, L:/127.0.0.1:57543 - R:localhost/127.0.0.1:53571]
17:42:42.329 [Forwarding screenshot on session 834aa601845a7b74e736d595b998709e to remote] DEBUG org.asynchttpclient.netty.request.NettyRequestSender - Using pooled Channel '[id: 0xc26773ab, L:/127.0.0.1:57543 - R:localhost/127.0.0.1:53571]' for 'GET' to 'http://localhost:53571/session/834aa601845a7b74e736d595b998709e/screenshot'
17:42:42.329 [Forwarding screenshot on session 834aa601845a7b74e736d595b998709e to remote] DEBUG org.asynchttpclient.netty.request.NettyRequestSender - Using open Channel [id: 0xc26773ab, L:/127.0.0.1:57543 - R:localhost/127.0.0.1:53571] for GET '/session/834aa601845a7b74e736d595b998709e/screenshot'
17:42:42.443 [AsyncHttpClient-1-6] DEBUG org.asynchttpclient.netty.handler.HttpHandler - 

Request DefaultFullHttpRequest(decodeResult: success, version: HTTP/1.1, content: EmptyByteBufBE)
GET /session/834aa601845a7b74e736d595b998709e/screenshot HTTP/1.1
User-Agent: selenium/4.1.2 (java windows)
Cache-Control: no-cache
Content-Type: application/json; charset=utf-8
host: localhost:53571
accept: */*

Response DefaultHttpResponse(decodeResult: success, version: HTTP/1.1)
HTTP/1.1 200 OK
Content-Type: application/json; charset=utf-8
cache-control: no-cache
content-length: 55372

17:42:42.444 [AsyncHttpClient-1-6] DEBUG org.asynchttpclient.netty.channel.ChannelManager - Adding key: http://localhost:53571 for channel [id: 0xc26773ab, L:/127.0.0.1:57543 - R:localhost/127.0.0.1:53571]
17:42:42.447 [main] DEBUG net.serenitybdd.core.photography.Darkroom - Send negative for processing for target\site\serenity\c886102f421ef8e705409955539f8574c7e22dd5f158313ecdebe95b5d6560bd.png
17:42:42.447 [main] DEBUG net.thucydides.core.steps.StepInterceptor - STEP DONE: clickMenuPatientButton
  &amp#27;[32mAnd &amp#27;[0m&amp#27;[32mI click menu patient&amp#27;[0m                    &amp#27;[90m# starter.stepdefinitions.PatientSteps.iClickMenuPatient()&amp#27;[0m
17:42:42.463 [main] DEBUG net.thucydides.core.steps.StepInterceptor - STARTING STEP: PatientSteps.iClickTheDeletePatientButton - clickTheDeleteButton
17:42:42.465 [Forwarding findElement on session 834aa601845a7b74e736d595b998709e to remote] DEBUG org.asynchttpclient.netty.request.NettyRequestSender - Using pooled Channel '[id: 0xc26773ab, L:/127.0.0.1:57543 - R:localhost/127.0.0.1:53571]' for 'POST' to 'http://localhost:53571/session/834aa601845a7b74e736d595b998709e/element'
17:42:42.466 [Forwarding findElement on session 834aa601845a7b74e736d595b998709e to remote] DEBUG org.asynchttpclient.netty.request.NettyRequestSender - Using open Channel [id: 0xc26773ab, L:/127.0.0.1:57543 - R:localhost/127.0.0.1:53571] for POST '/session/834aa601845a7b74e736d595b998709e/element'
17:42:42.803 [AsyncHttpClient-1-1] DEBUG org.asynchttpclient.netty.channel.DefaultChannelPool - Entry count for : http://localhost:57545 : 1
17:42:43.587 [AsyncHttpClient-1-6] DEBUG org.asynchttpclient.netty.handler.HttpHandler - 

Request DefaultHttpRequest(decodeResult: success, version: HTTP/1.1)
POST /session/834aa601845a7b74e736d595b998709e/element HTTP/1.1
User-Agent: selenium/4.1.2 (java windows)
Content-Length: 91
Content-Type: application/json; charset=utf-8
host: localhost:53571
accept: */*

Response DefaultHttpResponse(decodeResult: success, version: HTTP/1.1)
HTTP/1.1 200 OK
Content-Type: application/json; charset=utf-8
cache-control: no-cache
content-length: 88

17:42:43.587 [AsyncHttpClient-1-6] DEBUG org.asynchttpclient.netty.channel.ChannelManager - Adding key: http://localhost:53571 for channel [id: 0xc26773ab, L:/127.0.0.1:57543 - R:localhost/127.0.0.1:53571]
17:42:43.590 [Forwarding getElementTagName on session 834aa601845a7b74e736d595b998709e to remote] DEBUG org.asynchttpclient.netty.request.NettyRequestSender - Using pooled Channel '[id: 0xc26773ab, L:/127.0.0.1:57543 - R:localhost/127.0.0.1:53571]' for 'GET' to 'http://localhost:53571/session/834aa601845a7b74e736d595b998709e/element/0eb60969-9422-491d-beb8-2fb897fa0e58/name'
17:42:43.590 [Forwarding getElementTagName on session 834aa601845a7b74e736d595b998709e to remote] DEBUG org.asynchttpclient.netty.request.NettyRequestSender - Using open Channel [id: 0xc26773ab, L:/127.0.0.1:57543 - R:localhost/127.0.0.1:53571] for GET '/session/834aa601845a7b74e736d595b998709e/element/0eb60969-9422-491d-beb8-2fb897fa0e58/name'
17:42:43.598 [AsyncHttpClient-1-6] DEBUG org.asynchttpclient.netty.handler.HttpHandler - 

Request DefaultFullHttpRequest(decodeResult: success, version: HTTP/1.1, content: EmptyByteBufBE)
GET /session/834aa601845a7b74e736d595b998709e/element/0eb60969-9422-491d-beb8-2fb897fa0e58/name HTTP/1.1
User-Agent: selenium/4.1.2 (java windows)
Cache-Control: no-cache
Content-Type: application/json; charset=utf-8
host: localhost:53571
accept: */*

Response DefaultHttpResponse(decodeResult: success, version: HTTP/1.1)
HTTP/1.1 200 OK
Content-Type: application/json; charset=utf-8
cache-control: no-cache
content-length: 18

17:42:43.598 [AsyncHttpClient-1-6] DEBUG org.asynchttpclient.netty.channel.ChannelManager - Adding key: http://localhost:53571 for channel [id: 0xc26773ab, L:/127.0.0.1:57543 - R:localhost/127.0.0.1:53571]
17:42:43.599 [Forwarding getElementTagName on session 834aa601845a7b74e736d595b998709e to remote] DEBUG org.asynchttpclient.netty.request.NettyRequestSender - Using pooled Channel '[id: 0xc26773ab, L:/127.0.0.1:57543 - R:localhost/127.0.0.1:53571]' for 'GET' to 'http://localhost:53571/session/834aa601845a7b74e736d595b998709e/element/0eb60969-9422-491d-beb8-2fb897fa0e58/name'
17:42:43.599 [Forwarding getElementTagName on session 834aa601845a7b74e736d595b998709e to remote] DEBUG org.asynchttpclient.netty.request.NettyRequestSender - Using open Channel [id: 0xc26773ab, L:/127.0.0.1:57543 - R:localhost/127.0.0.1:53571] for GET '/session/834aa601845a7b74e736d595b998709e/element/0eb60969-9422-491d-beb8-2fb897fa0e58/name'
17:42:43.604 [AsyncHttpClient-1-6] DEBUG org.asynchttpclient.netty.handler.HttpHandler - 

Request DefaultFullHttpRequest(decodeResult: success, version: HTTP/1.1, content: EmptyByteBufBE)
GET /session/834aa601845a7b74e736d595b998709e/element/0eb60969-9422-491d-beb8-2fb897fa0e58/name HTTP/1.1
User-Agent: selenium/4.1.2 (java windows)
Cache-Control: no-cache
Content-Type: application/json; charset=utf-8
host: localhost:53571
accept: */*

Response DefaultHttpResponse(decodeResult: success, version: HTTP/1.1)
HTTP/1.1 200 OK
Content-Type: application/json; charset=utf-8
cache-control: no-cache
content-length: 18

17:42:43.604 [AsyncHttpClient-1-6] DEBUG org.asynchttpclient.netty.channel.ChannelManager - Adding key: http://localhost:53571 for channel [id: 0xc26773ab, L:/127.0.0.1:57543 - R:localhost/127.0.0.1:53571]
17:42:43.606 [Forwarding isElementEnabled on session 834aa601845a7b74e736d595b998709e to remote] DEBUG org.asynchttpclient.netty.request.NettyRequestSender - Using pooled Channel '[id: 0xc26773ab, L:/127.0.0.1:57543 - R:localhost/127.0.0.1:53571]' for 'GET' to 'http://localhost:53571/session/834aa601845a7b74e736d595b998709e/element/0eb60969-9422-491d-beb8-2fb897fa0e58/enabled'
17:42:43.606 [Forwarding isElementEnabled on session 834aa601845a7b74e736d595b998709e to remote] DEBUG org.asynchttpclient.netty.request.NettyRequestSender - Using open Channel [id: 0xc26773ab, L:/127.0.0.1:57543 - R:localhost/127.0.0.1:53571] for GET '/session/834aa601845a7b74e736d595b998709e/element/0eb60969-9422-491d-beb8-2fb897fa0e58/enabled'
17:42:43.617 [AsyncHttpClient-1-6] DEBUG org.asynchttpclient.netty.handler.HttpHandler - 

Request DefaultFullHttpRequest(decodeResult: success, version: HTTP/1.1, content: EmptyByteBufBE)
GET /session/834aa601845a7b74e736d595b998709e/element/0eb60969-9422-491d-beb8-2fb897fa0e58/enabled HTTP/1.1
User-Agent: selenium/4.1.2 (java windows)
Cache-Control: no-cache
Content-Type: application/json; charset=utf-8
host: localhost:53571
accept: */*

Response DefaultHttpResponse(decodeResult: success, version: HTTP/1.1)
HTTP/1.1 200 OK
Content-Type: application/json; charset=utf-8
cache-control: no-cache
content-length: 14

17:42:43.617 [AsyncHttpClient-1-6] DEBUG org.asynchttpclient.netty.channel.ChannelManager - Adding key: http://localhost:53571 for channel [id: 0xc26773ab, L:/127.0.0.1:57543 - R:localhost/127.0.0.1:53571]
17:42:43.618 [Forwarding isElementEnabled on session 834aa601845a7b74e736d595b998709e to remote] DEBUG org.asynchttpclient.netty.request.NettyRequestSender - Using pooled Channel '[id: 0xc26773ab, L:/127.0.0.1:57543 - R:localhost/127.0.0.1:53571]' for 'GET' to 'http://localhost:53571/session/834aa601845a7b74e736d595b998709e/element/0eb60969-9422-491d-beb8-2fb897fa0e58/enabled'
17:42:43.618 [Forwarding isElementEnabled on session 834aa601845a7b74e736d595b998709e to remote] DEBUG org.asynchttpclient.netty.request.NettyRequestSender - Using open Channel [id: 0xc26773ab, L:/127.0.0.1:57543 - R:localhost/127.0.0.1:53571] for GET '/session/834aa601845a7b74e736d595b998709e/element/0eb60969-9422-491d-beb8-2fb897fa0e58/enabled'
17:42:43.626 [AsyncHttpClient-1-6] DEBUG org.asynchttpclient.netty.handler.HttpHandler - 

Request DefaultFullHttpRequest(decodeResult: success, version: HTTP/1.1, content: EmptyByteBufBE)
GET /session/834aa601845a7b74e736d595b998709e/element/0eb60969-9422-491d-beb8-2fb897fa0e58/enabled HTTP/1.1
User-Agent: selenium/4.1.2 (java windows)
Cache-Control: no-cache
Content-Type: application/json; charset=utf-8
host: localhost:53571
accept: */*

Response DefaultHttpResponse(decodeResult: success, version: HTTP/1.1)
HTTP/1.1 200 OK
Content-Type: application/json; charset=utf-8
cache-control: no-cache
content-length: 14

17:42:43.626 [AsyncHttpClient-1-6] DEBUG org.asynchttpclient.netty.channel.ChannelManager - Adding key: http://localhost:53571 for channel [id: 0xc26773ab, L:/127.0.0.1:57543 - R:localhost/127.0.0.1:53571]
17:42:43.628 [Forwarding findElement on session 834aa601845a7b74e736d595b998709e to remote] DEBUG org.asynchttpclient.netty.request.NettyRequestSender - Using pooled Channel '[id: 0xc26773ab, L:/127.0.0.1:57543 - R:localhost/127.0.0.1:53571]' for 'POST' to 'http://localhost:53571/session/834aa601845a7b74e736d595b998709e/element'
17:42:43.628 [Forwarding findElement on session 834aa601845a7b74e736d595b998709e to remote] DEBUG org.asynchttpclient.netty.request.NettyRequestSender - Using open Channel [id: 0xc26773ab, L:/127.0.0.1:57543 - R:localhost/127.0.0.1:53571] for POST '/session/834aa601845a7b74e736d595b998709e/element'
17:42:43.636 [AsyncHttpClient-1-6] DEBUG org.asynchttpclient.netty.handler.HttpHandler - 

Request DefaultHttpRequest(decodeResult: success, version: HTTP/1.1)
POST /session/834aa601845a7b74e736d595b998709e/element HTTP/1.1
User-Agent: selenium/4.1.2 (java windows)
Content-Length: 91
Content-Type: application/json; charset=utf-8
host: localhost:53571
accept: */*

Response DefaultHttpResponse(decodeResult: success, version: HTTP/1.1)
HTTP/1.1 200 OK
Content-Type: application/json; charset=utf-8
cache-control: no-cache
content-length: 88

17:42:43.636 [AsyncHttpClient-1-6] DEBUG org.asynchttpclient.netty.channel.ChannelManager - Adding key: http://localhost:53571 for channel [id: 0xc26773ab, L:/127.0.0.1:57543 - R:localhost/127.0.0.1:53571]
17:42:43.637 [Forwarding clickElement on session 834aa601845a7b74e736d595b998709e to remote] DEBUG org.asynchttpclient.netty.request.NettyRequestSender - Using pooled Channel '[id: 0xc26773ab, L:/127.0.0.1:57543 - R:localhost/127.0.0.1:53571]' for 'POST' to 'http://localhost:53571/session/834aa601845a7b74e736d595b998709e/element/0eb60969-9422-491d-beb8-2fb897fa0e58/click'
17:42:43.637 [Forwarding clickElement on session 834aa601845a7b74e736d595b998709e to remote] DEBUG org.asynchttpclient.netty.request.NettyRequestSender - Using open Channel [id: 0xc26773ab, L:/127.0.0.1:57543 - R:localhost/127.0.0.1:53571] for POST '/session/834aa601845a7b74e736d595b998709e/element/0eb60969-9422-491d-beb8-2fb897fa0e58/click'
17:42:43.751 [AsyncHttpClient-1-6] DEBUG org.asynchttpclient.netty.handler.HttpHandler - 

Request DefaultHttpRequest(decodeResult: success, version: HTTP/1.1)
POST /session/834aa601845a7b74e736d595b998709e/element/0eb60969-9422-491d-beb8-2fb897fa0e58/click HTTP/1.1
User-Agent: selenium/4.1.2 (java windows)
Content-Length: 50
Content-Type: application/json; charset=utf-8
host: localhost:53571
accept: */*

Response DefaultHttpResponse(decodeResult: success, version: HTTP/1.1)
HTTP/1.1 200 OK
Content-Type: application/json; charset=utf-8
cache-control: no-cache
content-length: 14

17:42:43.751 [AsyncHttpClient-1-6] DEBUG org.asynchttpclient.netty.channel.ChannelManager - Adding key: http://localhost:53571 for channel [id: 0xc26773ab, L:/127.0.0.1:57543 - R:localhost/127.0.0.1:53571]
17:42:43.762 [Forwarding screenshot on session 834aa601845a7b74e736d595b998709e to remote] DEBUG org.asynchttpclient.netty.request.NettyRequestSender - Using pooled Channel '[id: 0xc26773ab, L:/127.0.0.1:57543 - R:localhost/127.0.0.1:53571]' for 'GET' to 'http://localhost:53571/session/834aa601845a7b74e736d595b998709e/screenshot'
17:42:43.762 [Forwarding screenshot on session 834aa601845a7b74e736d595b998709e to remote] DEBUG org.asynchttpclient.netty.request.NettyRequestSender - Using open Channel [id: 0xc26773ab, L:/127.0.0.1:57543 - R:localhost/127.0.0.1:53571] for GET '/session/834aa601845a7b74e736d595b998709e/screenshot'
17:42:43.892 [AsyncHttpClient-1-6] DEBUG org.asynchttpclient.netty.handler.HttpHandler - 

Request DefaultFullHttpRequest(decodeResult: success, version: HTTP/1.1, content: EmptyByteBufBE)
GET /session/834aa601845a7b74e736d595b998709e/screenshot HTTP/1.1
User-Agent: selenium/4.1.2 (java windows)
Cache-Control: no-cache
Content-Type: application/json; charset=utf-8
host: localhost:53571
accept: */*

Response DefaultHttpResponse(decodeResult: success, version: HTTP/1.1)
HTTP/1.1 200 OK
Content-Type: application/json; charset=utf-8
cache-control: no-cache
content-length: 94596

17:42:43.893 [AsyncHttpClient-1-6] DEBUG org.asynchttpclient.netty.channel.ChannelManager - Adding key: http://localhost:53571 for channel [id: 0xc26773ab, L:/127.0.0.1:57543 - R:localhost/127.0.0.1:53571]
17:42:43.900 [main] DEBUG net.serenitybdd.core.photography.Darkroom - Send negative for processing for target\site\serenity\748e3d42802dcc775bff162a2bddd3dc89b77878490a91a1845e13b07de51be5.png
17:42:43.901 [AsyncHttpClient-1-1] DEBUG org.asynchttpclient.netty.channel.DefaultChannelPool - Entry count for : http://localhost:53571 : 1
17:42:43.901 [AsyncHttpClient-1-1] DEBUG org.asynchttpclient.netty.channel.DefaultChannelPool - Entry count for : http://localhost:57545 : 1
17:42:43.901 [Darkroom Processing Line] DEBUG net.serenitybdd.core.photography.DarkroomProcessingLine - Processing screenshot image in /var/screenshots/screenshot-12875432544207900561
17:42:43.901 [Darkroom Processing Line] DEBUG net.serenitybdd.core.photography.DarkroomProcessingLine - Saving screenshot to target\site\serenity\748e3d42802dcc775bff162a2bddd3dc89b77878490a91a1845e13b07de51be5.png
17:42:43.909 [main] DEBUG net.thucydides.core.steps.StepInterceptor - STEP DONE: clickTheDeleteButton
  &amp#27;[32mWhen &amp#27;[0m&amp#27;[32mI click the Delete Patient button&amp#27;[0m      &amp#27;[90m# starter.stepdefinitions.PatientSteps.iClickTheDeletePatientButton()&amp#27;[0m
17:42:43.935 [main] DEBUG net.thucydides.core.steps.StepInterceptor - STARTING STEP: PatientSteps.iClickCancelButton - clickCancelButton
17:42:43.940 [Forwarding findElement on session 834aa601845a7b74e736d595b998709e to remote] DEBUG org.asynchttpclient.netty.request.NettyRequestSender - Using pooled Channel '[id: 0xc26773ab, L:/127.0.0.1:57543 - R:localhost/127.0.0.1:53571]' for 'POST' to 'http://localhost:53571/session/834aa601845a7b74e736d595b998709e/element'
17:42:43.940 [Forwarding findElement on session 834aa601845a7b74e736d595b998709e to remote] DEBUG org.asynchttpclient.netty.request.NettyRequestSender - Using open Channel [id: 0xc26773ab, L:/127.0.0.1:57543 - R:localhost/127.0.0.1:53571] for POST '/session/834aa601845a7b74e736d595b998709e/element'
17:42:43.957 [AsyncHttpClient-1-6] DEBUG org.asynchttpclient.netty.handler.HttpHandler - 

Request DefaultHttpRequest(decodeResult: success, version: HTTP/1.1)
POST /session/834aa601845a7b74e736d595b998709e/element HTTP/1.1
User-Agent: selenium/4.1.2 (java windows)
Content-Length: 104
Content-Type: application/json; charset=utf-8
host: localhost:53571
accept: */*

Response DefaultHttpResponse(decodeResult: success, version: HTTP/1.1)
HTTP/1.1 200 OK
Content-Type: application/json; charset=utf-8
cache-control: no-cache
content-length: 88

17:42:43.957 [AsyncHttpClient-1-6] DEBUG org.asynchttpclient.netty.channel.ChannelManager - Adding key: http://localhost:53571 for channel [id: 0xc26773ab, L:/127.0.0.1:57543 - R:localhost/127.0.0.1:53571]
17:42:43.960 [Forwarding getElementTagName on session 834aa601845a7b74e736d595b998709e to remote] DEBUG org.asynchttpclient.netty.request.NettyRequestSender - Using pooled Channel '[id: 0xc26773ab, L:/127.0.0.1:57543 - R:localhost/127.0.0.1:53571]' for 'GET' to 'http://localhost:53571/session/834aa601845a7b74e736d595b998709e/element/77b9c003-90cd-4ee2-903a-52c71a843976/name'
17:42:43.960 [Forwarding getElementTagName on session 834aa601845a7b74e736d595b998709e to remote] DEBUG org.asynchttpclient.netty.request.NettyRequestSender - Using open Channel [id: 0xc26773ab, L:/127.0.0.1:57543 - R:localhost/127.0.0.1:53571] for GET '/session/834aa601845a7b74e736d595b998709e/element/77b9c003-90cd-4ee2-903a-52c71a843976/name'
17:42:43.969 [AsyncHttpClient-1-6] DEBUG org.asynchttpclient.netty.handler.HttpHandler - 

Request DefaultFullHttpRequest(decodeResult: success, version: HTTP/1.1, content: EmptyByteBufBE)
GET /session/834aa601845a7b74e736d595b998709e/element/77b9c003-90cd-4ee2-903a-52c71a843976/name HTTP/1.1
User-Agent: selenium/4.1.2 (java windows)
Cache-Control: no-cache
Content-Type: application/json; charset=utf-8
host: localhost:53571
accept: */*

Response DefaultHttpResponse(decodeResult: success, version: HTTP/1.1)
HTTP/1.1 200 OK
Content-Type: application/json; charset=utf-8
cache-control: no-cache
content-length: 18

17:42:43.969 [AsyncHttpClient-1-6] DEBUG org.asynchttpclient.netty.channel.ChannelManager - Adding key: http://localhost:53571 for channel [id: 0xc26773ab, L:/127.0.0.1:57543 - R:localhost/127.0.0.1:53571]
17:42:43.971 [Forwarding getElementTagName on session 834aa601845a7b74e736d595b998709e to remote] DEBUG org.asynchttpclient.netty.request.NettyRequestSender - Using pooled Channel '[id: 0xc26773ab, L:/127.0.0.1:57543 - R:localhost/127.0.0.1:53571]' for 'GET' to 'http://localhost:53571/session/834aa601845a7b74e736d595b998709e/element/77b9c003-90cd-4ee2-903a-52c71a843976/name'
17:42:43.971 [Forwarding getElementTagName on session 834aa601845a7b74e736d595b998709e to remote] DEBUG org.asynchttpclient.netty.request.NettyRequestSender - Using open Channel [id: 0xc26773ab, L:/127.0.0.1:57543 - R:localhost/127.0.0.1:53571] for GET '/session/834aa601845a7b74e736d595b998709e/element/77b9c003-90cd-4ee2-903a-52c71a843976/name'
17:42:43.976 [AsyncHttpClient-1-6] DEBUG org.asynchttpclient.netty.handler.HttpHandler - 

Request DefaultFullHttpRequest(decodeResult: success, version: HTTP/1.1, content: EmptyByteBufBE)
GET /session/834aa601845a7b74e736d595b998709e/element/77b9c003-90cd-4ee2-903a-52c71a843976/name HTTP/1.1
User-Agent: selenium/4.1.2 (java windows)
Cache-Control: no-cache
Content-Type: application/json; charset=utf-8
host: localhost:53571
accept: */*

Response DefaultHttpResponse(decodeResult: success, version: HTTP/1.1)
HTTP/1.1 200 OK
Content-Type: application/json; charset=utf-8
cache-control: no-cache
content-length: 18

17:42:43.976 [AsyncHttpClient-1-6] DEBUG org.asynchttpclient.netty.channel.ChannelManager - Adding key: http://localhost:53571 for channel [id: 0xc26773ab, L:/127.0.0.1:57543 - R:localhost/127.0.0.1:53571]
17:42:43.980 [Forwarding isElementEnabled on session 834aa601845a7b74e736d595b998709e to remote] DEBUG org.asynchttpclient.netty.request.NettyRequestSender - Using pooled Channel '[id: 0xc26773ab, L:/127.0.0.1:57543 - R:localhost/127.0.0.1:53571]' for 'GET' to 'http://localhost:53571/session/834aa601845a7b74e736d595b998709e/element/77b9c003-90cd-4ee2-903a-52c71a843976/enabled'
17:42:43.980 [Forwarding isElementEnabled on session 834aa601845a7b74e736d595b998709e to remote] DEBUG org.asynchttpclient.netty.request.NettyRequestSender - Using open Channel [id: 0xc26773ab, L:/127.0.0.1:57543 - R:localhost/127.0.0.1:53571] for GET '/session/834aa601845a7b74e736d595b998709e/element/77b9c003-90cd-4ee2-903a-52c71a843976/enabled'
17:42:43.998 [AsyncHttpClient-1-6] DEBUG org.asynchttpclient.netty.handler.HttpHandler - 

Request DefaultFullHttpRequest(decodeResult: success, version: HTTP/1.1, content: EmptyByteBufBE)
GET /session/834aa601845a7b74e736d595b998709e/element/77b9c003-90cd-4ee2-903a-52c71a843976/enabled HTTP/1.1
User-Agent: selenium/4.1.2 (java windows)
Cache-Control: no-cache
Content-Type: application/json; charset=utf-8
host: localhost:53571
accept: */*

Response DefaultHttpResponse(decodeResult: success, version: HTTP/1.1)
HTTP/1.1 200 OK
Content-Type: application/json; charset=utf-8
cache-control: no-cache
content-length: 14

17:42:43.998 [AsyncHttpClient-1-6] DEBUG org.asynchttpclient.netty.channel.ChannelManager - Adding key: http://localhost:53571 for channel [id: 0xc26773ab, L:/127.0.0.1:57543 - R:localhost/127.0.0.1:53571]
17:42:44.001 [Forwarding isElementEnabled on session 834aa601845a7b74e736d595b998709e to remote] DEBUG org.asynchttpclient.netty.request.NettyRequestSender - Using pooled Channel '[id: 0xc26773ab, L:/127.0.0.1:57543 - R:localhost/127.0.0.1:53571]' for 'GET' to 'http://localhost:53571/session/834aa601845a7b74e736d595b998709e/element/77b9c003-90cd-4ee2-903a-52c71a843976/enabled'
17:42:44.001 [Forwarding isElementEnabled on session 834aa601845a7b74e736d595b998709e to remote] DEBUG org.asynchttpclient.netty.request.NettyRequestSender - Using open Channel [id: 0xc26773ab, L:/127.0.0.1:57543 - R:localhost/127.0.0.1:53571] for GET '/session/834aa601845a7b74e736d595b998709e/element/77b9c003-90cd-4ee2-903a-52c71a843976/enabled'
17:42:44.010 [AsyncHttpClient-1-6] DEBUG org.asynchttpclient.netty.handler.HttpHandler - 

Request DefaultFullHttpRequest(decodeResult: success, version: HTTP/1.1, content: EmptyByteBufBE)
GET /session/834aa601845a7b74e736d595b998709e/element/77b9c003-90cd-4ee2-903a-52c71a843976/enabled HTTP/1.1
User-Agent: selenium/4.1.2 (java windows)
Cache-Control: no-cache
Content-Type: application/json; charset=utf-8
host: localhost:53571
accept: */*

Response DefaultHttpResponse(decodeResult: success, version: HTTP/1.1)
HTTP/1.1 200 OK
Content-Type: application/json; charset=utf-8
cache-control: no-cache
content-length: 14

17:42:44.011 [AsyncHttpClient-1-6] DEBUG org.asynchttpclient.netty.channel.ChannelManager - Adding key: http://localhost:53571 for channel [id: 0xc26773ab, L:/127.0.0.1:57543 - R:localhost/127.0.0.1:53571]
17:42:44.014 [Forwarding findElement on session 834aa601845a7b74e736d595b998709e to remote] DEBUG org.asynchttpclient.netty.request.NettyRequestSender - Using pooled Channel '[id: 0xc26773ab, L:/127.0.0.1:57543 - R:localhost/127.0.0.1:53571]' for 'POST' to 'http://localhost:53571/session/834aa601845a7b74e736d595b998709e/element'
17:42:44.014 [Forwarding findElement on session 834aa601845a7b74e736d595b998709e to remote] DEBUG org.asynchttpclient.netty.request.NettyRequestSender - Using open Channel [id: 0xc26773ab, L:/127.0.0.1:57543 - R:localhost/127.0.0.1:53571] for POST '/session/834aa601845a7b74e736d595b998709e/element'
17:42:44.025 [AsyncHttpClient-1-6] DEBUG org.asynchttpclient.netty.handler.HttpHandler - 

Request DefaultHttpRequest(decodeResult: success, version: HTTP/1.1)
POST /session/834aa601845a7b74e736d595b998709e/element HTTP/1.1
User-Agent: selenium/4.1.2 (java windows)
Content-Length: 104
Content-Type: application/json; charset=utf-8
host: localhost:53571
accept: */*

Response DefaultHttpResponse(decodeResult: success, version: HTTP/1.1)
HTTP/1.1 200 OK
Content-Type: application/json; charset=utf-8
cache-control: no-cache
content-length: 88

17:42:44.025 [AsyncHttpClient-1-6] DEBUG org.asynchttpclient.netty.channel.ChannelManager - Adding key: http://localhost:53571 for channel [id: 0xc26773ab, L:/127.0.0.1:57543 - R:localhost/127.0.0.1:53571]
17:42:44.027 [Forwarding clickElement on session 834aa601845a7b74e736d595b998709e to remote] DEBUG org.asynchttpclient.netty.request.NettyRequestSender - Using pooled Channel '[id: 0xc26773ab, L:/127.0.0.1:57543 - R:localhost/127.0.0.1:53571]' for 'POST' to 'http://localhost:53571/session/834aa601845a7b74e736d595b998709e/element/77b9c003-90cd-4ee2-903a-52c71a843976/click'
17:42:44.027 [Forwarding clickElement on session 834aa601845a7b74e736d595b998709e to remote] DEBUG org.asynchttpclient.netty.request.NettyRequestSender - Using open Channel [id: 0xc26773ab, L:/127.0.0.1:57543 - R:localhost/127.0.0.1:53571] for POST '/session/834aa601845a7b74e736d595b998709e/element/77b9c003-90cd-4ee2-903a-52c71a843976/click'
17:42:44.138 [AsyncHttpClient-1-6] DEBUG org.asynchttpclient.netty.handler.HttpHandler - 

Request DefaultHttpRequest(decodeResult: success, version: HTTP/1.1)
POST /session/834aa601845a7b74e736d595b998709e/element/77b9c003-90cd-4ee2-903a-52c71a843976/click HTTP/1.1
User-Agent: selenium/4.1.2 (java windows)
Content-Length: 50
Content-Type: application/json; charset=utf-8
host: localhost:53571
accept: */*

Response DefaultHttpResponse(decodeResult: success, version: HTTP/1.1)
HTTP/1.1 200 OK
Content-Type: application/json; charset=utf-8
cache-control: no-cache
content-length: 14

17:42:44.138 [AsyncHttpClient-1-6] DEBUG org.asynchttpclient.netty.channel.ChannelManager - Adding key: http://localhost:53571 for channel [id: 0xc26773ab, L:/127.0.0.1:57543 - R:localhost/127.0.0.1:53571]
17:42:44.146 [Forwarding screenshot on session 834aa601845a7b74e736d595b998709e to remote] DEBUG org.asynchttpclient.netty.request.NettyRequestSender - Using pooled Channel '[id: 0xc26773ab, L:/127.0.0.1:57543 - R:localhost/127.0.0.1:53571]' for 'GET' to 'http://localhost:53571/session/834aa601845a7b74e736d595b998709e/screenshot'
17:42:44.146 [Forwarding screenshot on session 834aa601845a7b74e736d595b998709e to remote] DEBUG org.asynchttpclient.netty.request.NettyRequestSender - Using open Channel [id: 0xc26773ab, L:/127.0.0.1:57543 - R:localhost/127.0.0.1:53571] for GET '/session/834aa601845a7b74e736d595b998709e/screenshot'
17:42:44.259 [AsyncHttpClient-1-6] DEBUG org.asynchttpclient.netty.handler.HttpHandler - 

Request DefaultFullHttpRequest(decodeResult: success, version: HTTP/1.1, content: EmptyByteBufBE)
GET /session/834aa601845a7b74e736d595b998709e/screenshot HTTP/1.1
User-Agent: selenium/4.1.2 (java windows)
Cache-Control: no-cache
Content-Type: application/json; charset=utf-8
host: localhost:53571
accept: */*

Response DefaultHttpResponse(decodeResult: success, version: HTTP/1.1)
HTTP/1.1 200 OK
Content-Type: application/json; charset=utf-8
cache-control: no-cache
content-length: 80824

17:42:44.259 [AsyncHttpClient-1-6] DEBUG org.asynchttpclient.netty.channel.ChannelManager - Adding key: http://localhost:53571 for channel [id: 0xc26773ab, L:/127.0.0.1:57543 - R:localhost/127.0.0.1:53571]
17:42:44.263 [main] DEBUG net.serenitybdd.core.photography.Darkroom - Send negative for processing for target\site\serenity\4f54254d974fcbb0db15f55fa84f822a8be4625f3811257cb799270a60fbd222.png
17:42:44.264 [main] DEBUG net.thucydides.core.steps.StepInterceptor - STEP DONE: clickCancelButton
  &amp#27;[32mThen &amp#27;[0m&amp#27;[32mI click Cancel button&amp#27;[0m                  &amp#27;[90m# starter.stepdefinitions.PatientSteps.iClickCancelButton()&amp#27;[0m
17:42:44.264 [Darkroom Processing Line] DEBUG net.serenitybdd.core.photography.DarkroomProcessingLine - Processing screenshot image in /var/screenshots/screenshot-5997463920256045766
17:42:44.264 [Darkroom Processing Line] DEBUG net.serenitybdd.core.photography.DarkroomProcessingLine - Saving screenshot to target\site\serenity\4f54254d974fcbb0db15f55fa84f822a8be4625f3811257cb799270a60fbd222.png
17:42:44.270 [main] INFO  - 
  _____   ___   ___   _____     ___     _     ___   ___   ___   ___  
 |_   _| | __| / __| |_   _|   | _ \   /_\   / __| / __| | __| |   \ 
   | |   | _|  \__ \   | |     |  _/  / _ \  \__ \ \__ \ | _|  | |) |
   |_|   |___| |___/   |_|     |_|   /_/ \_\ |___/ |___/ |___| |___/ 

Cancel Delete Patient Data Scenario
----------------------------------------------------------------------
17:42:44.271 [AsyncHttpClient-1-8] DEBUG org.asynchttpclient.netty.handler.WebSocketHandler - Channel Closed: [id: 0xac966a3c, L:/127.0.0.1:57551 ! R:localhost/127.0.0.1:57545] with attribute NettyResponseFuture{currentRetry=5,
	isDone=1,
	isCancelled=0,
	asyncHandler=org.asynchttpclient.ws.WebSocketUpgradeHandler@44c646db,
	nettyRequest=org.asynchttpclient.netty.request.NettyRequest@1a45f3db,
	future=java.util.concurrent.CompletableFuture@1353b3e1[Completed normally],
	uri=ws://localhost:57545/devtools/browser/9e440377-6a81-4e53-b713-1aa60aaf0f74,
	keepAlive=true,
	redirectCount=0,
	timeoutsHolder=null,
	inAuth=0,
	touch=1655548957202}
17:42:44.271 [Driver Command Executor] DEBUG org.asynchttpclient.netty.request.NettyRequestSender - Using pooled Channel '[id: 0xc26773ab, L:/127.0.0.1:57543 - R:localhost/127.0.0.1:53571]' for 'DELETE' to 'http://localhost:53571/session/834aa601845a7b74e736d595b998709e'
17:42:44.271 [AsyncHttpClient-1-8] DEBUG org.asynchttpclient.netty.channel.ChannelManager - Closing Channel [id: 0xac966a3c, L:/127.0.0.1:57551 ! R:localhost/127.0.0.1:57545] 
17:42:44.271 [Driver Command Executor] DEBUG org.asynchttpclient.netty.request.NettyRequestSender - Using open Channel [id: 0xc26773ab, L:/127.0.0.1:57543 - R:localhost/127.0.0.1:53571] for DELETE '/session/834aa601845a7b74e736d595b998709e'
17:42:44.469 [AsyncHttpClient-1-7] DEBUG org.asynchttpclient.netty.handler.HttpHandler - Unexpected I/O exception on channel [id: 0xc5c86412, L:/127.0.0.1:57550 - R:localhost/127.0.0.1:57545]
java.net.SocketException: Connection reset
	at java.base/sun.nio.ch.SocketChannelImpl.throwConnectionReset(SocketChannelImpl.java:367)
	at java.base/sun.nio.ch.SocketChannelImpl.read(SocketChannelImpl.java:398)
	at io.netty.buffer.PooledByteBuf.setBytes(PooledByteBuf.java:258)
	at io.netty.buffer.AbstractByteBuf.writeBytes(AbstractByteBuf.java:1132)
	at io.netty.channel.socket.nio.NioSocketChannel.doReadBytes(NioSocketChannel.java:350)
	at io.netty.channel.nio.AbstractNioByteChannel$NioByteUnsafe.read(AbstractNioByteChannel.java:151)
	at io.netty.channel.nio.NioEventLoop.processSelectedKey(NioEventLoop.java:722)
	at io.netty.channel.nio.NioEventLoop.processSelectedKeysOptimized(NioEventLoop.java:658)
	at io.netty.channel.nio.NioEventLoop.processSelectedKeys(NioEventLoop.java:584)
	at io.netty.channel.nio.NioEventLoop.run(NioEventLoop.java:496)
	at io.netty.util.concurrent.SingleThreadEventExecutor$4.run(SingleThreadEventExecutor.java:986)
	at io.netty.util.internal.ThreadExecutorMap$2.run(ThreadExecutorMap.java:74)
	at io.netty.util.concurrent.FastThreadLocalRunnable.run(FastThreadLocalRunnable.java:30)
	at java.base/java.lang.Thread.run(Thread.java:832)
17:42:44.469 [AsyncHttpClient-1-7] DEBUG org.asynchttpclient.netty.channel.ChannelManager - Closing Channel [id: 0xc5c86412, L:/127.0.0.1:57550 - R:localhost/127.0.0.1:57545] 
17:42:44.470 [AsyncHttpClient-1-7] DEBUG org.asynchttpclient.netty.handler.HttpHandler - Channel Closed: [id: 0xc5c86412, L:/127.0.0.1:57550 ! R:localhost/127.0.0.1:57545] with attribute DISCARD
17:42:44.494 [AsyncHttpClient-1-6] DEBUG org.asynchttpclient.netty.handler.HttpHandler - 

Request DefaultFullHttpRequest(decodeResult: success, version: HTTP/1.1, content: EmptyByteBufBE)
DELETE /session/834aa601845a7b74e736d595b998709e HTTP/1.1
User-Agent: selenium/4.1.2 (java windows)
Content-Type: application/json; charset=utf-8
host: localhost:53571
accept: */*

Response DefaultHttpResponse(decodeResult: success, version: HTTP/1.1)
HTTP/1.1 200 OK
Content-Type: application/json; charset=utf-8
cache-control: no-cache
content-length: 14

17:42:44.494 [AsyncHttpClient-1-6] DEBUG org.asynchttpclient.netty.channel.ChannelManager - Adding key: http://localhost:53571 for channel [id: 0xc26773ab, L:/127.0.0.1:57543 - R:localhost/127.0.0.1:53571]
17:42:44.582 [AsyncHttpClient-1-6] DEBUG org.asynchttpclient.netty.handler.HttpHandler - Channel Closed: [id: 0xc26773ab, L:/127.0.0.1:57543 ! R:localhost/127.0.0.1:53571] with attribute DISCARD
17:42:45.001 [AsyncHttpClient-1-1] DEBUG org.asynchttpclient.netty.channel.DefaultChannelPool - Entry count for : http://localhost:53571 : 1
17:42:45.001 [AsyncHttpClient-1-1] DEBUG org.asynchttpclient.netty.channel.DefaultChannelPool - Entry count for : http://localhost:57545 : 1
17:42:45.001 [AsyncHttpClient-1-1] DEBUG org.asynchttpclient.netty.channel.DefaultChannelPool - Adding Candidate expired Channel [id: 0xc26773ab, L:/127.0.0.1:57543 ! R:localhost/127.0.0.1:53571] isIdleTimeoutExpired=false isRemotelyClosed=true isTtlExpired=false
17:42:45.001 [AsyncHttpClient-1-1] DEBUG org.asynchttpclient.netty.channel.DefaultChannelPool - Closing Idle Channel [id: 0xc26773ab, L:/127.0.0.1:57543 ! R:localhost/127.0.0.1:53571]
17:42:45.001 [AsyncHttpClient-1-1] DEBUG org.asynchttpclient.netty.channel.DefaultChannelPool - Adding Candidate expired Channel [id: 0xc5c86412, L:/127.0.0.1:57550 ! R:localhost/127.0.0.1:57545] isIdleTimeoutExpired=false isRemotelyClosed=true isTtlExpired=false
17:42:45.001 [AsyncHttpClient-1-1] DEBUG org.asynchttpclient.netty.channel.DefaultChannelPool - Closing Idle Channel [id: 0xc5c86412, L:/127.0.0.1:57550 ! R:localhost/127.0.0.1:57545]
17:42:45.001 [AsyncHttpClient-1-1] DEBUG org.asynchttpclient.netty.channel.DefaultChannelPool - Closed 2 connections out of 2 in 0 ms
]]></system-out>
    <system-err><![CDATA[Starting ChromeDriver 102.0.5005.61 (0e59bcc00cc4985ce39ad31c150065f159d95ad3-refs/branch-heads/5005@{#819}) on port 53571
Only local connections are allowed.
Please see https://chromedriver.chromium.org/security-considerations for suggestions on keeping ChromeDriver safe.
ChromeDriver was started successfully.
Jun 18, 2022 5:42:37 PM org.openqa.selenium.remote.ProtocolHandshake createSession
INFO: Detected dialect: W3C
Jun 18, 2022 5:42:37 PM org.openqa.selenium.devtools.CdpVersionFinder findNearestMatch
WARNING: Unable to find an exact match for CDP version 102, so returning the closest version found: a no-op implementation
Jun 18, 2022 5:42:37 PM org.openqa.selenium.devtools.CdpVersionFinder findNearestMatch
INFO: Unable to find CDP implementation matching 102.
Jun 18, 2022 5:42:37 PM org.openqa.selenium.chromium.ChromiumDriver lambda$new$3
WARNING: Unable to find version of CDP to use for . You may need to include a dependency on a specific version of the CDP using something similar to `org.seleniumhq.selenium:selenium-devtools-v86:4.1.2` where the version ("v86") matches the version of the chromium-based browser you're using and the version number of the artifact is the same as Selenium's.
]]></system-err>
  </testcase>
  <testcase name="Search Patient Based on Patient Name Scenario" classname="Patient" time="8.729">
    <system-out><![CDATA[
@Patient @Search
Scenario: Search Patient Based on Patient Name Scenario &amp#27;[90m# src/test/resources/features/2.Patient.feature:49&amp#27;[0m
17:42:45.112 [main] INFO io.cucumber.core.plugin.SerenityReporter - Running feature from file:///E:/My%20Documents/File%20Difa/TI%20Semester%206%20Kampus%20Merdeka%20Alterra/Tugas/CAPSTONE%20Project/Capstone-Project-Website/src/test/resources/features/2.Patient.feature
17:42:45.114 [main] INFO  - 
  _____   ___   ___   _____     ___   _____     _     ___   _____   ___   ___  
 |_   _| | __| / __| |_   _|   / __| |_   _|   /_\   | _ \ |_   _| | __| |   \ 
   | |   | _|  \__ \   | |     \__ \   | |    / _ \  |   /   | |   | _|  | |) |
   |_|   |___| |___/   |_|     |___/   |_|   /_/ \_\ |_|_\   |_|   |___| |___/ 

Search Patient Based on Patient Name Scenario(patient;search-patient-based-on-patient-name-scenario)
--------------------------------------------------------------------------------
17:42:45.162 [main] DEBUG net.thucydides.core.steps.StepInterceptor - STARTING STEP: PatientSteps.iAmAtTheDashboardPage - openUrl
17:42:45.164 [main] INFO net.serenitybdd.core.webdriver.driverproviders.ChromeDriverProvider - Using automatically driver download
17:42:45.534 [main] DEBUG io.github.bonigarcia.wdm.cache.ResolutionCache - Resolution chrome=102 in cache (valid until 18:14:23 18/06/2022 ICT)
17:42:45.540 [main] DEBUG io.github.bonigarcia.wdm.cache.ResolutionCache - Resolution chrome102=102.0.5005.61 in cache (valid until 17:29:52 19/06/2022 ICT)
17:42:45.555 [main] INFO io.github.bonigarcia.wdm.WebDriverManager - Using chromedriver 102.0.5005.61 (resolved driver for Chrome 102)
17:42:45.583 [main] DEBUG io.github.bonigarcia.wdm.WebDriverManager - Driver chromedriver 102.0.5005.61 found in cache
17:42:45.584 [main] INFO io.github.bonigarcia.wdm.WebDriverManager - Exporting webdriver.chrome.driver as C:\Users\USER\.cache\selenium\chromedriver\win32\102.0.5005.61\chromedriver.exe
17:42:45.851 [main] DEBUG net.serenitybdd.core.webdriver.driverproviders.ProvideNewDriver - Instantiating driver
17:42:45.852 [main] DEBUG net.serenitybdd.core.webdriver.driverproviders.ProvideNewDriver - Driver capabilities: Capabilities {acceptInsecureCerts: false, base.url: https://hospital-management..., browserName: chrome, chrome.driver: src/test/resources/webdrive..., driver: chrome, goog:chromeOptions: {args: [], extensions: []}}
17:42:46.399 [AsyncHttpClient-1-9] DEBUG org.asynchttpclient.netty.channel.NettyConnectListener - Using new Channel '[id: 0x76fde26f, L:/127.0.0.1:57578 - R:localhost/127.0.0.1:62718]' for 'POST' to '/session'
17:42:47.947 [AsyncHttpClient-1-9] DEBUG org.asynchttpclient.netty.handler.HttpHandler - 

Request DefaultHttpRequest(decodeResult: success, version: HTTP/1.1)
POST /session HTTP/1.1
User-Agent: selenium/4.1.2 (java windows)
Content-Length: 621
Content-Type: application/json; charset=utf-8
host: localhost:62718
accept: */*

Response DefaultHttpResponse(decodeResult: success, version: HTTP/1.1)
HTTP/1.1 200 OK
Content-Type: application/json; charset=utf-8
cache-control: no-cache
content-length: 789

17:42:47.947 [AsyncHttpClient-1-9] DEBUG org.asynchttpclient.netty.channel.ChannelManager - Adding key: http://localhost:62718 for channel [id: 0x76fde26f, L:/127.0.0.1:57578 - R:localhost/127.0.0.1:62718]
17:42:47.984 [AsyncHttpClient-1-2] DEBUG org.asynchttpclient.netty.channel.NettyConnectListener - Using new Channel '[id: 0xadc323c0, L:/127.0.0.1:57586 - R:localhost/127.0.0.1:57579]' for 'GET' to '/json/version'
17:42:47.984 [AsyncHttpClient-1-2] DEBUG org.asynchttpclient.netty.handler.HttpHandler - 

Request DefaultFullHttpRequest(decodeResult: success, version: HTTP/1.1, content: EmptyByteBufBE)
GET /json/version HTTP/1.1
User-Agent: selenium/4.1.2 (java windows)
host: localhost:57579
accept: */*

Response DefaultHttpResponse(decodeResult: success, version: HTTP/1.1)
HTTP/1.1 200 OK
Content-Type: application/json; charset=UTF-8
content-length: 427

17:42:47.984 [AsyncHttpClient-1-2] DEBUG org.asynchttpclient.netty.channel.ChannelManager - Adding key: http://localhost:57579 for channel [id: 0xadc323c0, L:/127.0.0.1:57586 - R:localhost/127.0.0.1:57579]
17:42:47.989 [AsyncHttpClient-1-3] DEBUG org.asynchttpclient.netty.channel.NettyConnectListener - Using new Channel '[id: 0x0b76304d, L:/127.0.0.1:57587 - R:localhost/127.0.0.1:57579]' for 'GET' to '/devtools/browser/78ae73fe-5311-45fd-b257-54c3c4e4143d'
17:42:47.990 [AsyncHttpClient-1-3] DEBUG org.asynchttpclient.netty.handler.WebSocketHandler - 

Request DefaultFullHttpRequest(decodeResult: success, version: HTTP/1.1, content: EmptyByteBufBE)
GET /devtools/browser/78ae73fe-5311-45fd-b257-54c3c4e4143d HTTP/1.1
upgrade: websocket
connection: upgrade
sec-websocket-key: SZVL7lehhCg+O2ypPaUwkg==
sec-websocket-version: 13
origin: http://localhost:57579
host: localhost:57579
accept: */*
user-agent: AHC/2.1

Response DefaultHttpResponse(decodeResult: success, version: HTTP/1.1)
HTTP/1.1 101 WebSocket Protocol Handshake
Upgrade: WebSocket
Connection: Upgrade
Sec-WebSocket-Accept: zvSGdbMQI6zMiGLy59hvwm1JvG8=

17:42:47.996 [Forwarding maximizeCurrentWindow on session f6dab5d47c770095cbd7da84a3917158 to remote] DEBUG org.asynchttpclient.netty.request.NettyRequestSender - Using pooled Channel '[id: 0x76fde26f, L:/127.0.0.1:57578 - R:localhost/127.0.0.1:62718]' for 'POST' to 'http://localhost:62718/session/f6dab5d47c770095cbd7da84a3917158/window/maximize'
17:42:47.996 [Forwarding maximizeCurrentWindow on session f6dab5d47c770095cbd7da84a3917158 to remote] DEBUG org.asynchttpclient.netty.request.NettyRequestSender - Using open Channel [id: 0x76fde26f, L:/127.0.0.1:57578 - R:localhost/127.0.0.1:62718] for POST '/session/f6dab5d47c770095cbd7da84a3917158/window/maximize'
17:42:48.112 [AsyncHttpClient-1-9] DEBUG org.asynchttpclient.netty.handler.HttpHandler - 

Request DefaultHttpRequest(decodeResult: success, version: HTTP/1.1)
POST /session/f6dab5d47c770095cbd7da84a3917158/window/maximize HTTP/1.1
User-Agent: selenium/4.1.2 (java windows)
Content-Length: 3
Content-Type: application/json; charset=utf-8
host: localhost:62718
accept: */*

Response DefaultHttpResponse(decodeResult: success, version: HTTP/1.1)
HTTP/1.1 200 OK
Content-Type: application/json; charset=utf-8
cache-control: no-cache
content-length: 51

17:42:48.112 [AsyncHttpClient-1-9] DEBUG org.asynchttpclient.netty.channel.ChannelManager - Adding key: http://localhost:62718 for channel [id: 0x76fde26f, L:/127.0.0.1:57578 - R:localhost/127.0.0.1:62718]
17:42:48.113 [Forwarding get on session f6dab5d47c770095cbd7da84a3917158 to remote] DEBUG org.asynchttpclient.netty.request.NettyRequestSender - Using pooled Channel '[id: 0x76fde26f, L:/127.0.0.1:57578 - R:localhost/127.0.0.1:62718]' for 'POST' to 'http://localhost:62718/session/f6dab5d47c770095cbd7da84a3917158/url'
17:42:48.114 [Forwarding get on session f6dab5d47c770095cbd7da84a3917158 to remote] DEBUG org.asynchttpclient.netty.request.NettyRequestSender - Using open Channel [id: 0x76fde26f, L:/127.0.0.1:57578 - R:localhost/127.0.0.1:62718] for POST '/session/f6dab5d47c770095cbd7da84a3917158/url'
17:42:48.449 [AsyncHttpClient-1-1] DEBUG org.asynchttpclient.netty.channel.DefaultChannelPool - Entry count for : http://localhost:57579 : 1
17:42:49.501 [AsyncHttpClient-1-1] DEBUG org.asynchttpclient.netty.channel.DefaultChannelPool - Entry count for : http://localhost:57579 : 1
17:42:50.413 [AsyncHttpClient-1-9] DEBUG org.asynchttpclient.netty.handler.HttpHandler - 

Request DefaultHttpRequest(decodeResult: success, version: HTTP/1.1)
POST /session/f6dab5d47c770095cbd7da84a3917158/url HTTP/1.1
User-Agent: selenium/4.1.2 (java windows)
Content-Length: 65
Content-Type: application/json; charset=utf-8
host: localhost:62718
accept: */*

Response DefaultHttpResponse(decodeResult: success, version: HTTP/1.1)
HTTP/1.1 200 OK
Content-Type: application/json; charset=utf-8
cache-control: no-cache
content-length: 14

17:42:50.414 [AsyncHttpClient-1-9] DEBUG org.asynchttpclient.netty.channel.ChannelManager - Adding key: http://localhost:62718 for channel [id: 0x76fde26f, L:/127.0.0.1:57578 - R:localhost/127.0.0.1:62718]
17:42:50.415 [Forwarding setTimeout on session f6dab5d47c770095cbd7da84a3917158 to remote] DEBUG org.asynchttpclient.netty.request.NettyRequestSender - Using pooled Channel '[id: 0x76fde26f, L:/127.0.0.1:57578 - R:localhost/127.0.0.1:62718]' for 'POST' to 'http://localhost:62718/session/f6dab5d47c770095cbd7da84a3917158/timeouts'
17:42:50.415 [Forwarding setTimeout on session f6dab5d47c770095cbd7da84a3917158 to remote] DEBUG org.asynchttpclient.netty.request.NettyRequestSender - Using open Channel [id: 0x76fde26f, L:/127.0.0.1:57578 - R:localhost/127.0.0.1:62718] for POST '/session/f6dab5d47c770095cbd7da84a3917158/timeouts'
17:42:50.417 [AsyncHttpClient-1-9] DEBUG org.asynchttpclient.netty.handler.HttpHandler - 

Request DefaultHttpRequest(decodeResult: success, version: HTTP/1.1)
POST /session/f6dab5d47c770095cbd7da84a3917158/timeouts HTTP/1.1
User-Agent: selenium/4.1.2 (java windows)
Content-Length: 22
Content-Type: application/json; charset=utf-8
host: localhost:62718
accept: */*

Response DefaultHttpResponse(decodeResult: success, version: HTTP/1.1)
HTTP/1.1 200 OK
Content-Type: application/json; charset=utf-8
cache-control: no-cache
content-length: 14

17:42:50.417 [AsyncHttpClient-1-9] DEBUG org.asynchttpclient.netty.channel.ChannelManager - Adding key: http://localhost:62718 for channel [id: 0x76fde26f, L:/127.0.0.1:57578 - R:localhost/127.0.0.1:62718]
17:42:50.422 [Forwarding getCurrentUrl on session f6dab5d47c770095cbd7da84a3917158 to remote] DEBUG org.asynchttpclient.netty.request.NettyRequestSender - Using pooled Channel '[id: 0x76fde26f, L:/127.0.0.1:57578 - R:localhost/127.0.0.1:62718]' for 'GET' to 'http://localhost:62718/session/f6dab5d47c770095cbd7da84a3917158/url'
17:42:50.422 [Forwarding getCurrentUrl on session f6dab5d47c770095cbd7da84a3917158 to remote] DEBUG org.asynchttpclient.netty.request.NettyRequestSender - Using open Channel [id: 0x76fde26f, L:/127.0.0.1:57578 - R:localhost/127.0.0.1:62718] for GET '/session/f6dab5d47c770095cbd7da84a3917158/url'
17:42:50.560 [AsyncHttpClient-1-9] DEBUG org.asynchttpclient.netty.handler.HttpHandler - 

Request DefaultFullHttpRequest(decodeResult: success, version: HTTP/1.1, content: EmptyByteBufBE)
GET /session/f6dab5d47c770095cbd7da84a3917158/url HTTP/1.1
User-Agent: selenium/4.1.2 (java windows)
Cache-Control: no-cache
Content-Type: application/json; charset=utf-8
host: localhost:62718
accept: */*

Response DefaultHttpResponse(decodeResult: success, version: HTTP/1.1)
HTTP/1.1 200 OK
Content-Type: application/json; charset=utf-8
cache-control: no-cache
content-length: 53

17:42:50.560 [AsyncHttpClient-1-9] DEBUG org.asynchttpclient.netty.channel.ChannelManager - Adding key: http://localhost:62718 for channel [id: 0x76fde26f, L:/127.0.0.1:57578 - R:localhost/127.0.0.1:62718]
17:42:50.567 [Forwarding getCurrentUrl on session f6dab5d47c770095cbd7da84a3917158 to remote] DEBUG org.asynchttpclient.netty.request.NettyRequestSender - Using pooled Channel '[id: 0x76fde26f, L:/127.0.0.1:57578 - R:localhost/127.0.0.1:62718]' for 'GET' to 'http://localhost:62718/session/f6dab5d47c770095cbd7da84a3917158/url'
17:42:50.567 [Forwarding getCurrentUrl on session f6dab5d47c770095cbd7da84a3917158 to remote] DEBUG org.asynchttpclient.netty.request.NettyRequestSender - Using open Channel [id: 0x76fde26f, L:/127.0.0.1:57578 - R:localhost/127.0.0.1:62718] for GET '/session/f6dab5d47c770095cbd7da84a3917158/url'
17:42:50.620 [AsyncHttpClient-1-1] DEBUG org.asynchttpclient.netty.channel.DefaultChannelPool - Entry count for : http://localhost:57579 : 1
17:42:50.621 [AsyncHttpClient-1-9] DEBUG org.asynchttpclient.netty.handler.HttpHandler - 

Request DefaultFullHttpRequest(decodeResult: success, version: HTTP/1.1, content: EmptyByteBufBE)
GET /session/f6dab5d47c770095cbd7da84a3917158/url HTTP/1.1
User-Agent: selenium/4.1.2 (java windows)
Cache-Control: no-cache
Content-Type: application/json; charset=utf-8
host: localhost:62718
accept: */*

Response DefaultHttpResponse(decodeResult: success, version: HTTP/1.1)
HTTP/1.1 200 OK
Content-Type: application/json; charset=utf-8
cache-control: no-cache
content-length: 53

17:42:50.622 [AsyncHttpClient-1-9] DEBUG org.asynchttpclient.netty.channel.ChannelManager - Adding key: http://localhost:62718 for channel [id: 0x76fde26f, L:/127.0.0.1:57578 - R:localhost/127.0.0.1:62718]
17:42:50.632 [Forwarding screenshot on session f6dab5d47c770095cbd7da84a3917158 to remote] DEBUG org.asynchttpclient.netty.request.NettyRequestSender - Using pooled Channel '[id: 0x76fde26f, L:/127.0.0.1:57578 - R:localhost/127.0.0.1:62718]' for 'GET' to 'http://localhost:62718/session/f6dab5d47c770095cbd7da84a3917158/screenshot'
17:42:50.632 [Forwarding screenshot on session f6dab5d47c770095cbd7da84a3917158 to remote] DEBUG org.asynchttpclient.netty.request.NettyRequestSender - Using open Channel [id: 0x76fde26f, L:/127.0.0.1:57578 - R:localhost/127.0.0.1:62718] for GET '/session/f6dab5d47c770095cbd7da84a3917158/screenshot'
17:42:50.979 [AsyncHttpClient-1-9] DEBUG org.asynchttpclient.netty.handler.HttpHandler - 

Request DefaultFullHttpRequest(decodeResult: success, version: HTTP/1.1, content: EmptyByteBufBE)
GET /session/f6dab5d47c770095cbd7da84a3917158/screenshot HTTP/1.1
User-Agent: selenium/4.1.2 (java windows)
Cache-Control: no-cache
Content-Type: application/json; charset=utf-8
host: localhost:62718
accept: */*

Response DefaultHttpResponse(decodeResult: success, version: HTTP/1.1)
HTTP/1.1 200 OK
Content-Type: application/json; charset=utf-8
cache-control: no-cache
content-length: 335148

17:42:50.981 [AsyncHttpClient-1-9] DEBUG org.asynchttpclient.netty.channel.ChannelManager - Adding key: http://localhost:62718 for channel [id: 0x76fde26f, L:/127.0.0.1:57578 - R:localhost/127.0.0.1:62718]
17:42:51.008 [main] DEBUG net.serenitybdd.core.photography.Darkroom - Send negative for processing for target\site\serenity\9ee430146f7c05f3ebddd5b4f65709c2032a9e838cb2c7c0d45959f6cb443914.png
17:42:51.008 [main] DEBUG net.thucydides.core.steps.StepInterceptor - STEP DONE: openUrl
17:42:51.008 [Darkroom Processing Line] DEBUG net.serenitybdd.core.photography.DarkroomProcessingLine - Processing screenshot image in /var/screenshots/screenshot-4609830052424770929
17:42:51.008 [Darkroom Processing Line] DEBUG net.serenitybdd.core.photography.DarkroomProcessingLine - Saving screenshot to target\site\serenity\9ee430146f7c05f3ebddd5b4f65709c2032a9e838cb2c7c0d45959f6cb443914.png
17:42:51.020 [main] DEBUG net.thucydides.core.steps.StepInterceptor - STARTING STEP: PatientSteps.iAmAtTheDashboardPage - validateOnDashboardPage
17:42:51.024 [Forwarding findElement on session f6dab5d47c770095cbd7da84a3917158 to remote] DEBUG org.asynchttpclient.netty.request.NettyRequestSender - Using pooled Channel '[id: 0x76fde26f, L:/127.0.0.1:57578 - R:localhost/127.0.0.1:62718]' for 'POST' to 'http://localhost:62718/session/f6dab5d47c770095cbd7da84a3917158/element'
17:42:51.024 [Forwarding findElement on session f6dab5d47c770095cbd7da84a3917158 to remote] DEBUG org.asynchttpclient.netty.request.NettyRequestSender - Using open Channel [id: 0x76fde26f, L:/127.0.0.1:57578 - R:localhost/127.0.0.1:62718] for POST '/session/f6dab5d47c770095cbd7da84a3917158/element'
17:42:51.046 [AsyncHttpClient-1-9] DEBUG org.asynchttpclient.netty.handler.HttpHandler - 

Request DefaultHttpRequest(decodeResult: success, version: HTTP/1.1)
POST /session/f6dab5d47c770095cbd7da84a3917158/element HTTP/1.1
User-Agent: selenium/4.1.2 (java windows)
Content-Length: 81
Content-Type: application/json; charset=utf-8
host: localhost:62718
accept: */*

Response DefaultHttpResponse(decodeResult: success, version: HTTP/1.1)
HTTP/1.1 200 OK
Content-Type: application/json; charset=utf-8
cache-control: no-cache
content-length: 88

17:42:51.046 [AsyncHttpClient-1-9] DEBUG org.asynchttpclient.netty.channel.ChannelManager - Adding key: http://localhost:62718 for channel [id: 0x76fde26f, L:/127.0.0.1:57578 - R:localhost/127.0.0.1:62718]
17:42:51.052 [Forwarding isElementDisplayed on session f6dab5d47c770095cbd7da84a3917158 to remote] DEBUG org.asynchttpclient.netty.request.NettyRequestSender - Using pooled Channel '[id: 0x76fde26f, L:/127.0.0.1:57578 - R:localhost/127.0.0.1:62718]' for 'POST' to 'http://localhost:62718/session/f6dab5d47c770095cbd7da84a3917158/execute/sync'
17:42:51.052 [Forwarding isElementDisplayed on session f6dab5d47c770095cbd7da84a3917158 to remote] DEBUG org.asynchttpclient.netty.request.NettyRequestSender - Using open Channel [id: 0x76fde26f, L:/127.0.0.1:57578 - R:localhost/127.0.0.1:62718] for POST '/session/f6dab5d47c770095cbd7da84a3917158/execute/sync'
17:42:51.078 [AsyncHttpClient-1-9] DEBUG org.asynchttpclient.netty.handler.HttpHandler - 

Request DefaultHttpRequest(decodeResult: success, version: HTTP/1.1)
POST /session/f6dab5d47c770095cbd7da84a3917158/execute/sync HTTP/1.1
User-Agent: selenium/4.1.2 (java windows)
Content-Length: 48780
Content-Type: application/json; charset=utf-8
host: localhost:62718
accept: */*

Response DefaultHttpResponse(decodeResult: success, version: HTTP/1.1)
HTTP/1.1 200 OK
Content-Type: application/json; charset=utf-8
cache-control: no-cache
content-length: 14

17:42:51.078 [AsyncHttpClient-1-9] DEBUG org.asynchttpclient.netty.channel.ChannelManager - Adding key: http://localhost:62718 for channel [id: 0x76fde26f, L:/127.0.0.1:57578 - R:localhost/127.0.0.1:62718]
17:42:51.088 [Forwarding screenshot on session f6dab5d47c770095cbd7da84a3917158 to remote] DEBUG org.asynchttpclient.netty.request.NettyRequestSender - Using pooled Channel '[id: 0x76fde26f, L:/127.0.0.1:57578 - R:localhost/127.0.0.1:62718]' for 'GET' to 'http://localhost:62718/session/f6dab5d47c770095cbd7da84a3917158/screenshot'
17:42:51.088 [Forwarding screenshot on session f6dab5d47c770095cbd7da84a3917158 to remote] DEBUG org.asynchttpclient.netty.request.NettyRequestSender - Using open Channel [id: 0x76fde26f, L:/127.0.0.1:57578 - R:localhost/127.0.0.1:62718] for GET '/session/f6dab5d47c770095cbd7da84a3917158/screenshot'
17:42:51.401 [AsyncHttpClient-1-9] DEBUG org.asynchttpclient.netty.handler.HttpHandler - 

Request DefaultFullHttpRequest(decodeResult: success, version: HTTP/1.1, content: EmptyByteBufBE)
GET /session/f6dab5d47c770095cbd7da84a3917158/screenshot HTTP/1.1
User-Agent: selenium/4.1.2 (java windows)
Cache-Control: no-cache
Content-Type: application/json; charset=utf-8
host: localhost:62718
accept: */*

Response DefaultHttpResponse(decodeResult: success, version: HTTP/1.1)
HTTP/1.1 200 OK
Content-Type: application/json; charset=utf-8
cache-control: no-cache
content-length: 335148

17:42:51.403 [AsyncHttpClient-1-9] DEBUG org.asynchttpclient.netty.channel.ChannelManager - Adding key: http://localhost:62718 for channel [id: 0x76fde26f, L:/127.0.0.1:57578 - R:localhost/127.0.0.1:62718]
17:42:51.427 [main] DEBUG net.serenitybdd.core.photography.Darkroom - Send negative for processing for target\site\serenity\9ee430146f7c05f3ebddd5b4f65709c2032a9e838cb2c7c0d45959f6cb443914.png
17:42:51.427 [main] DEBUG net.thucydides.core.steps.StepInterceptor - STEP DONE: validateOnDashboardPage
  &amp#27;[32mGiven &amp#27;[0m&amp#27;[32mI am at the dashboard page&amp#27;[0m                      &amp#27;[90m# starter.stepdefinitions.PatientSteps.iAmAtTheDashboardPage()&amp#27;[0m
17:42:51.456 [main] DEBUG net.thucydides.core.steps.StepInterceptor - STARTING STEP: PatientSteps.iClickMenuPatient - clickMenuPatientButton
17:42:51.460 [Forwarding findElement on session f6dab5d47c770095cbd7da84a3917158 to remote] DEBUG org.asynchttpclient.netty.request.NettyRequestSender - Using pooled Channel '[id: 0x76fde26f, L:/127.0.0.1:57578 - R:localhost/127.0.0.1:62718]' for 'POST' to 'http://localhost:62718/session/f6dab5d47c770095cbd7da84a3917158/element'
17:42:51.460 [Forwarding findElement on session f6dab5d47c770095cbd7da84a3917158 to remote] DEBUG org.asynchttpclient.netty.request.NettyRequestSender - Using open Channel [id: 0x76fde26f, L:/127.0.0.1:57578 - R:localhost/127.0.0.1:62718] for POST '/session/f6dab5d47c770095cbd7da84a3917158/element'
17:42:51.482 [AsyncHttpClient-1-9] DEBUG org.asynchttpclient.netty.handler.HttpHandler - 

Request DefaultHttpRequest(decodeResult: success, version: HTTP/1.1)
POST /session/f6dab5d47c770095cbd7da84a3917158/element HTTP/1.1
User-Agent: selenium/4.1.2 (java windows)
Content-Length: 80
Content-Type: application/json; charset=utf-8
host: localhost:62718
accept: */*

Response DefaultHttpResponse(decodeResult: success, version: HTTP/1.1)
HTTP/1.1 200 OK
Content-Type: application/json; charset=utf-8
cache-control: no-cache
content-length: 88

17:42:51.482 [AsyncHttpClient-1-9] DEBUG org.asynchttpclient.netty.channel.ChannelManager - Adding key: http://localhost:62718 for channel [id: 0x76fde26f, L:/127.0.0.1:57578 - R:localhost/127.0.0.1:62718]
17:42:51.484 [Forwarding getElementTagName on session f6dab5d47c770095cbd7da84a3917158 to remote] DEBUG org.asynchttpclient.netty.request.NettyRequestSender - Using pooled Channel '[id: 0x76fde26f, L:/127.0.0.1:57578 - R:localhost/127.0.0.1:62718]' for 'GET' to 'http://localhost:62718/session/f6dab5d47c770095cbd7da84a3917158/element/f656e9d7-88ef-4e47-83a3-42ed137652e8/name'
17:42:51.484 [Forwarding getElementTagName on session f6dab5d47c770095cbd7da84a3917158 to remote] DEBUG org.asynchttpclient.netty.request.NettyRequestSender - Using open Channel [id: 0x76fde26f, L:/127.0.0.1:57578 - R:localhost/127.0.0.1:62718] for GET '/session/f6dab5d47c770095cbd7da84a3917158/element/f656e9d7-88ef-4e47-83a3-42ed137652e8/name'
17:42:51.491 [AsyncHttpClient-1-9] DEBUG org.asynchttpclient.netty.handler.HttpHandler - 

Request DefaultFullHttpRequest(decodeResult: success, version: HTTP/1.1, content: EmptyByteBufBE)
GET /session/f6dab5d47c770095cbd7da84a3917158/element/f656e9d7-88ef-4e47-83a3-42ed137652e8/name HTTP/1.1
User-Agent: selenium/4.1.2 (java windows)
Cache-Control: no-cache
Content-Type: application/json; charset=utf-8
host: localhost:62718
accept: */*

Response DefaultHttpResponse(decodeResult: success, version: HTTP/1.1)
HTTP/1.1 200 OK
Content-Type: application/json; charset=utf-8
cache-control: no-cache
content-length: 15

17:42:51.491 [AsyncHttpClient-1-9] DEBUG org.asynchttpclient.netty.channel.ChannelManager - Adding key: http://localhost:62718 for channel [id: 0x76fde26f, L:/127.0.0.1:57578 - R:localhost/127.0.0.1:62718]
17:42:51.492 [Forwarding getElementTagName on session f6dab5d47c770095cbd7da84a3917158 to remote] DEBUG org.asynchttpclient.netty.request.NettyRequestSender - Using pooled Channel '[id: 0x76fde26f, L:/127.0.0.1:57578 - R:localhost/127.0.0.1:62718]' for 'GET' to 'http://localhost:62718/session/f6dab5d47c770095cbd7da84a3917158/element/f656e9d7-88ef-4e47-83a3-42ed137652e8/name'
17:42:51.492 [Forwarding getElementTagName on session f6dab5d47c770095cbd7da84a3917158 to remote] DEBUG org.asynchttpclient.netty.request.NettyRequestSender - Using open Channel [id: 0x76fde26f, L:/127.0.0.1:57578 - R:localhost/127.0.0.1:62718] for GET '/session/f6dab5d47c770095cbd7da84a3917158/element/f656e9d7-88ef-4e47-83a3-42ed137652e8/name'
17:42:51.497 [AsyncHttpClient-1-9] DEBUG org.asynchttpclient.netty.handler.HttpHandler - 

Request DefaultFullHttpRequest(decodeResult: success, version: HTTP/1.1, content: EmptyByteBufBE)
GET /session/f6dab5d47c770095cbd7da84a3917158/element/f656e9d7-88ef-4e47-83a3-42ed137652e8/name HTTP/1.1
User-Agent: selenium/4.1.2 (java windows)
Cache-Control: no-cache
Content-Type: application/json; charset=utf-8
host: localhost:62718
accept: */*

Response DefaultHttpResponse(decodeResult: success, version: HTTP/1.1)
HTTP/1.1 200 OK
Content-Type: application/json; charset=utf-8
cache-control: no-cache
content-length: 15

17:42:51.498 [AsyncHttpClient-1-9] DEBUG org.asynchttpclient.netty.channel.ChannelManager - Adding key: http://localhost:62718 for channel [id: 0x76fde26f, L:/127.0.0.1:57578 - R:localhost/127.0.0.1:62718]
17:42:51.500 [Forwarding findElement on session f6dab5d47c770095cbd7da84a3917158 to remote] DEBUG org.asynchttpclient.netty.request.NettyRequestSender - Using pooled Channel '[id: 0x76fde26f, L:/127.0.0.1:57578 - R:localhost/127.0.0.1:62718]' for 'POST' to 'http://localhost:62718/session/f6dab5d47c770095cbd7da84a3917158/element'
17:42:51.500 [Forwarding findElement on session f6dab5d47c770095cbd7da84a3917158 to remote] DEBUG org.asynchttpclient.netty.request.NettyRequestSender - Using open Channel [id: 0x76fde26f, L:/127.0.0.1:57578 - R:localhost/127.0.0.1:62718] for POST '/session/f6dab5d47c770095cbd7da84a3917158/element'
17:42:51.512 [AsyncHttpClient-1-9] DEBUG org.asynchttpclient.netty.handler.HttpHandler - 

Request DefaultHttpRequest(decodeResult: success, version: HTTP/1.1)
POST /session/f6dab5d47c770095cbd7da84a3917158/element HTTP/1.1
User-Agent: selenium/4.1.2 (java windows)
Content-Length: 80
Content-Type: application/json; charset=utf-8
host: localhost:62718
accept: */*

Response DefaultHttpResponse(decodeResult: success, version: HTTP/1.1)
HTTP/1.1 200 OK
Content-Type: application/json; charset=utf-8
cache-control: no-cache
content-length: 88

17:42:51.512 [AsyncHttpClient-1-9] DEBUG org.asynchttpclient.netty.channel.ChannelManager - Adding key: http://localhost:62718 for channel [id: 0x76fde26f, L:/127.0.0.1:57578 - R:localhost/127.0.0.1:62718]
17:42:51.514 [Forwarding clickElement on session f6dab5d47c770095cbd7da84a3917158 to remote] DEBUG org.asynchttpclient.netty.request.NettyRequestSender - Using pooled Channel '[id: 0x76fde26f, L:/127.0.0.1:57578 - R:localhost/127.0.0.1:62718]' for 'POST' to 'http://localhost:62718/session/f6dab5d47c770095cbd7da84a3917158/element/f656e9d7-88ef-4e47-83a3-42ed137652e8/click'
17:42:51.514 [Forwarding clickElement on session f6dab5d47c770095cbd7da84a3917158 to remote] DEBUG org.asynchttpclient.netty.request.NettyRequestSender - Using open Channel [id: 0x76fde26f, L:/127.0.0.1:57578 - R:localhost/127.0.0.1:62718] for POST '/session/f6dab5d47c770095cbd7da84a3917158/element/f656e9d7-88ef-4e47-83a3-42ed137652e8/click'
17:42:51.708 [AsyncHttpClient-1-1] DEBUG org.asynchttpclient.netty.channel.DefaultChannelPool - Entry count for : http://localhost:57579 : 1
17:42:51.866 [AsyncHttpClient-1-9] DEBUG org.asynchttpclient.netty.handler.HttpHandler - 

Request DefaultHttpRequest(decodeResult: success, version: HTTP/1.1)
POST /session/f6dab5d47c770095cbd7da84a3917158/element/f656e9d7-88ef-4e47-83a3-42ed137652e8/click HTTP/1.1
User-Agent: selenium/4.1.2 (java windows)
Content-Length: 50
Content-Type: application/json; charset=utf-8
host: localhost:62718
accept: */*

Response DefaultHttpResponse(decodeResult: success, version: HTTP/1.1)
HTTP/1.1 200 OK
Content-Type: application/json; charset=utf-8
cache-control: no-cache
content-length: 14

17:42:51.866 [AsyncHttpClient-1-9] DEBUG org.asynchttpclient.netty.channel.ChannelManager - Adding key: http://localhost:62718 for channel [id: 0x76fde26f, L:/127.0.0.1:57578 - R:localhost/127.0.0.1:62718]
17:42:51.874 [Forwarding screenshot on session f6dab5d47c770095cbd7da84a3917158 to remote] DEBUG org.asynchttpclient.netty.request.NettyRequestSender - Using pooled Channel '[id: 0x76fde26f, L:/127.0.0.1:57578 - R:localhost/127.0.0.1:62718]' for 'GET' to 'http://localhost:62718/session/f6dab5d47c770095cbd7da84a3917158/screenshot'
17:42:51.874 [Forwarding screenshot on session f6dab5d47c770095cbd7da84a3917158 to remote] DEBUG org.asynchttpclient.netty.request.NettyRequestSender - Using open Channel [id: 0x76fde26f, L:/127.0.0.1:57578 - R:localhost/127.0.0.1:62718] for GET '/session/f6dab5d47c770095cbd7da84a3917158/screenshot'
17:42:51.988 [AsyncHttpClient-1-9] DEBUG org.asynchttpclient.netty.handler.HttpHandler - 

Request DefaultFullHttpRequest(decodeResult: success, version: HTTP/1.1, content: EmptyByteBufBE)
GET /session/f6dab5d47c770095cbd7da84a3917158/screenshot HTTP/1.1
User-Agent: selenium/4.1.2 (java windows)
Cache-Control: no-cache
Content-Type: application/json; charset=utf-8
host: localhost:62718
accept: */*

Response DefaultHttpResponse(decodeResult: success, version: HTTP/1.1)
HTTP/1.1 200 OK
Content-Type: application/json; charset=utf-8
cache-control: no-cache
content-length: 55356

17:42:51.988 [AsyncHttpClient-1-9] DEBUG org.asynchttpclient.netty.channel.ChannelManager - Adding key: http://localhost:62718 for channel [id: 0x76fde26f, L:/127.0.0.1:57578 - R:localhost/127.0.0.1:62718]
17:42:51.991 [main] DEBUG net.serenitybdd.core.photography.Darkroom - Send negative for processing for target\site\serenity\ba5e98368b8b80bc67dec291e300f29f857b0a624580ce977aa7580a9f0871db.png
17:42:51.992 [main] DEBUG net.thucydides.core.steps.StepInterceptor - STEP DONE: clickMenuPatientButton
  &amp#27;[32mAnd &amp#27;[0m&amp#27;[32mI click menu patient&amp#27;[0m                              &amp#27;[90m# starter.stepdefinitions.PatientSteps.iClickMenuPatient()&amp#27;[0m
17:42:52.008 [Forwarding findElement on session f6dab5d47c770095cbd7da84a3917158 to remote] DEBUG org.asynchttpclient.netty.request.NettyRequestSender - Using pooled Channel '[id: 0x76fde26f, L:/127.0.0.1:57578 - R:localhost/127.0.0.1:62718]' for 'POST' to 'http://localhost:62718/session/f6dab5d47c770095cbd7da84a3917158/element'
17:42:52.008 [Forwarding findElement on session f6dab5d47c770095cbd7da84a3917158 to remote] DEBUG org.asynchttpclient.netty.request.NettyRequestSender - Using open Channel [id: 0x76fde26f, L:/127.0.0.1:57578 - R:localhost/127.0.0.1:62718] for POST '/session/f6dab5d47c770095cbd7da84a3917158/element'
17:42:52.029 [AsyncHttpClient-1-9] DEBUG org.asynchttpclient.netty.handler.HttpHandler - 

Request DefaultHttpRequest(decodeResult: success, version: HTTP/1.1)
POST /session/f6dab5d47c770095cbd7da84a3917158/element HTTP/1.1
User-Agent: selenium/4.1.2 (java windows)
Content-Length: 160
Content-Type: application/json; charset=utf-8
host: localhost:62718
accept: */*

Response DefaultHttpResponse(decodeResult: success, version: HTTP/1.1)
HTTP/1.1 200 OK
Content-Type: application/json; charset=utf-8
cache-control: no-cache
content-length: 88

17:42:52.029 [AsyncHttpClient-1-9] DEBUG org.asynchttpclient.netty.channel.ChannelManager - Adding key: http://localhost:62718 for channel [id: 0x76fde26f, L:/127.0.0.1:57578 - R:localhost/127.0.0.1:62718]
17:42:52.031 [Forwarding clearElement on session f6dab5d47c770095cbd7da84a3917158 to remote] DEBUG org.asynchttpclient.netty.request.NettyRequestSender - Using pooled Channel '[id: 0x76fde26f, L:/127.0.0.1:57578 - R:localhost/127.0.0.1:62718]' for 'POST' to 'http://localhost:62718/session/f6dab5d47c770095cbd7da84a3917158/element/3eb11289-19e3-4f3a-b378-a0fd12a9acf7/clear'
17:42:52.031 [Forwarding clearElement on session f6dab5d47c770095cbd7da84a3917158 to remote] DEBUG org.asynchttpclient.netty.request.NettyRequestSender - Using open Channel [id: 0x76fde26f, L:/127.0.0.1:57578 - R:localhost/127.0.0.1:62718] for POST '/session/f6dab5d47c770095cbd7da84a3917158/element/3eb11289-19e3-4f3a-b378-a0fd12a9acf7/clear'
17:42:52.080 [AsyncHttpClient-1-9] DEBUG org.asynchttpclient.netty.handler.HttpHandler - 

Request DefaultHttpRequest(decodeResult: success, version: HTTP/1.1)
POST /session/f6dab5d47c770095cbd7da84a3917158/element/3eb11289-19e3-4f3a-b378-a0fd12a9acf7/clear HTTP/1.1
User-Agent: selenium/4.1.2 (java windows)
Content-Length: 50
Content-Type: application/json; charset=utf-8
host: localhost:62718
accept: */*

Response DefaultHttpResponse(decodeResult: success, version: HTTP/1.1)
HTTP/1.1 200 OK
Content-Type: application/json; charset=utf-8
cache-control: no-cache
content-length: 14

17:42:52.080 [AsyncHttpClient-1-9] DEBUG org.asynchttpclient.netty.channel.ChannelManager - Adding key: http://localhost:62718 for channel [id: 0x76fde26f, L:/127.0.0.1:57578 - R:localhost/127.0.0.1:62718]
17:42:52.082 [Forwarding sendKeysToElement on session f6dab5d47c770095cbd7da84a3917158 to remote] DEBUG org.asynchttpclient.netty.request.NettyRequestSender - Using pooled Channel '[id: 0x76fde26f, L:/127.0.0.1:57578 - R:localhost/127.0.0.1:62718]' for 'POST' to 'http://localhost:62718/session/f6dab5d47c770095cbd7da84a3917158/element/3eb11289-19e3-4f3a-b378-a0fd12a9acf7/value'
17:42:52.082 [Forwarding sendKeysToElement on session f6dab5d47c770095cbd7da84a3917158 to remote] DEBUG org.asynchttpclient.netty.request.NettyRequestSender - Using open Channel [id: 0x76fde26f, L:/127.0.0.1:57578 - R:localhost/127.0.0.1:62718] for POST '/session/f6dab5d47c770095cbd7da84a3917158/element/3eb11289-19e3-4f3a-b378-a0fd12a9acf7/value'
17:42:52.457 [AsyncHttpClient-1-9] DEBUG org.asynchttpclient.netty.handler.HttpHandler - 

Request DefaultHttpRequest(decodeResult: success, version: HTTP/1.1)
POST /session/f6dab5d47c770095cbd7da84a3917158/element/3eb11289-19e3-4f3a-b378-a0fd12a9acf7/value HTTP/1.1
User-Agent: selenium/4.1.2 (java windows)
Content-Length: 211
Content-Type: application/json; charset=utf-8
host: localhost:62718
accept: */*

Response DefaultHttpResponse(decodeResult: success, version: HTTP/1.1)
HTTP/1.1 200 OK
Content-Type: application/json; charset=utf-8
cache-control: no-cache
content-length: 14

17:42:52.457 [AsyncHttpClient-1-9] DEBUG org.asynchttpclient.netty.channel.ChannelManager - Adding key: http://localhost:62718 for channel [id: 0x76fde26f, L:/127.0.0.1:57578 - R:localhost/127.0.0.1:62718]
17:42:52.465 [Forwarding screenshot on session f6dab5d47c770095cbd7da84a3917158 to remote] DEBUG org.asynchttpclient.netty.request.NettyRequestSender - Using pooled Channel '[id: 0x76fde26f, L:/127.0.0.1:57578 - R:localhost/127.0.0.1:62718]' for 'GET' to 'http://localhost:62718/session/f6dab5d47c770095cbd7da84a3917158/screenshot'
17:42:52.466 [Forwarding screenshot on session f6dab5d47c770095cbd7da84a3917158 to remote] DEBUG org.asynchttpclient.netty.request.NettyRequestSender - Using open Channel [id: 0x76fde26f, L:/127.0.0.1:57578 - R:localhost/127.0.0.1:62718] for GET '/session/f6dab5d47c770095cbd7da84a3917158/screenshot'
17:42:52.582 [AsyncHttpClient-1-9] DEBUG org.asynchttpclient.netty.handler.HttpHandler - 

Request DefaultFullHttpRequest(decodeResult: success, version: HTTP/1.1, content: EmptyByteBufBE)
GET /session/f6dab5d47c770095cbd7da84a3917158/screenshot HTTP/1.1
User-Agent: selenium/4.1.2 (java windows)
Cache-Control: no-cache
Content-Type: application/json; charset=utf-8
host: localhost:62718
accept: */*

Response DefaultHttpResponse(decodeResult: success, version: HTTP/1.1)
HTTP/1.1 200 OK
Content-Type: application/json; charset=utf-8
cache-control: no-cache
content-length: 55640

17:42:52.582 [AsyncHttpClient-1-9] DEBUG org.asynchttpclient.netty.channel.ChannelManager - Adding key: http://localhost:62718 for channel [id: 0x76fde26f, L:/127.0.0.1:57578 - R:localhost/127.0.0.1:62718]
17:42:52.586 [main] DEBUG net.serenitybdd.core.photography.Darkroom - Send negative for processing for target\site\serenity\ad78a0fd2c43c09586287df4034bc770dd85e2ed5c0fe705975fd12605379b2a.png
17:42:52.586 [main] DEBUG net.thucydides.core.steps.StepInterceptor - STARTING STEP: PatientSteps.iInputPatientNameAndClickSearch - clickSearchButton
17:42:52.586 [Darkroom Processing Line] DEBUG net.serenitybdd.core.photography.DarkroomProcessingLine - Processing screenshot image in /var/screenshots/screenshot-16733315791409197543
17:42:52.586 [Darkroom Processing Line] DEBUG net.serenitybdd.core.photography.DarkroomProcessingLine - Saving screenshot to target\site\serenity\ad78a0fd2c43c09586287df4034bc770dd85e2ed5c0fe705975fd12605379b2a.png
17:42:52.589 [Forwarding findElement on session f6dab5d47c770095cbd7da84a3917158 to remote] DEBUG org.asynchttpclient.netty.request.NettyRequestSender - Using pooled Channel '[id: 0x76fde26f, L:/127.0.0.1:57578 - R:localhost/127.0.0.1:62718]' for 'POST' to 'http://localhost:62718/session/f6dab5d47c770095cbd7da84a3917158/element'
17:42:52.589 [Forwarding findElement on session f6dab5d47c770095cbd7da84a3917158 to remote] DEBUG org.asynchttpclient.netty.request.NettyRequestSender - Using open Channel [id: 0x76fde26f, L:/127.0.0.1:57578 - R:localhost/127.0.0.1:62718] for POST '/session/f6dab5d47c770095cbd7da84a3917158/element'
17:42:52.604 [AsyncHttpClient-1-9] DEBUG org.asynchttpclient.netty.handler.HttpHandler - 

Request DefaultHttpRequest(decodeResult: success, version: HTTP/1.1)
POST /session/f6dab5d47c770095cbd7da84a3917158/element HTTP/1.1
User-Agent: selenium/4.1.2 (java windows)
Content-Length: 161
Content-Type: application/json; charset=utf-8
host: localhost:62718
accept: */*

Response DefaultHttpResponse(decodeResult: success, version: HTTP/1.1)
HTTP/1.1 200 OK
Content-Type: application/json; charset=utf-8
cache-control: no-cache
content-length: 88

17:42:52.604 [AsyncHttpClient-1-9] DEBUG org.asynchttpclient.netty.channel.ChannelManager - Adding key: http://localhost:62718 for channel [id: 0x76fde26f, L:/127.0.0.1:57578 - R:localhost/127.0.0.1:62718]
17:42:52.605 [Forwarding getElementTagName on session f6dab5d47c770095cbd7da84a3917158 to remote] DEBUG org.asynchttpclient.netty.request.NettyRequestSender - Using pooled Channel '[id: 0x76fde26f, L:/127.0.0.1:57578 - R:localhost/127.0.0.1:62718]' for 'GET' to 'http://localhost:62718/session/f6dab5d47c770095cbd7da84a3917158/element/f05f9060-d885-411b-8e24-69cecb4a9e8a/name'
17:42:52.605 [Forwarding getElementTagName on session f6dab5d47c770095cbd7da84a3917158 to remote] DEBUG org.asynchttpclient.netty.request.NettyRequestSender - Using open Channel [id: 0x76fde26f, L:/127.0.0.1:57578 - R:localhost/127.0.0.1:62718] for GET '/session/f6dab5d47c770095cbd7da84a3917158/element/f05f9060-d885-411b-8e24-69cecb4a9e8a/name'
17:42:52.610 [AsyncHttpClient-1-9] DEBUG org.asynchttpclient.netty.handler.HttpHandler - 

Request DefaultFullHttpRequest(decodeResult: success, version: HTTP/1.1, content: EmptyByteBufBE)
GET /session/f6dab5d47c770095cbd7da84a3917158/element/f05f9060-d885-411b-8e24-69cecb4a9e8a/name HTTP/1.1
User-Agent: selenium/4.1.2 (java windows)
Cache-Control: no-cache
Content-Type: application/json; charset=utf-8
host: localhost:62718
accept: */*

Response DefaultHttpResponse(decodeResult: success, version: HTTP/1.1)
HTTP/1.1 200 OK
Content-Type: application/json; charset=utf-8
cache-control: no-cache
content-length: 18

17:42:52.610 [AsyncHttpClient-1-9] DEBUG org.asynchttpclient.netty.channel.ChannelManager - Adding key: http://localhost:62718 for channel [id: 0x76fde26f, L:/127.0.0.1:57578 - R:localhost/127.0.0.1:62718]
17:42:52.611 [Forwarding getElementTagName on session f6dab5d47c770095cbd7da84a3917158 to remote] DEBUG org.asynchttpclient.netty.request.NettyRequestSender - Using pooled Channel '[id: 0x76fde26f, L:/127.0.0.1:57578 - R:localhost/127.0.0.1:62718]' for 'GET' to 'http://localhost:62718/session/f6dab5d47c770095cbd7da84a3917158/element/f05f9060-d885-411b-8e24-69cecb4a9e8a/name'
17:42:52.611 [Forwarding getElementTagName on session f6dab5d47c770095cbd7da84a3917158 to remote] DEBUG org.asynchttpclient.netty.request.NettyRequestSender - Using open Channel [id: 0x76fde26f, L:/127.0.0.1:57578 - R:localhost/127.0.0.1:62718] for GET '/session/f6dab5d47c770095cbd7da84a3917158/element/f05f9060-d885-411b-8e24-69cecb4a9e8a/name'
17:42:52.616 [AsyncHttpClient-1-9] DEBUG org.asynchttpclient.netty.handler.HttpHandler - 

Request DefaultFullHttpRequest(decodeResult: success, version: HTTP/1.1, content: EmptyByteBufBE)
GET /session/f6dab5d47c770095cbd7da84a3917158/element/f05f9060-d885-411b-8e24-69cecb4a9e8a/name HTTP/1.1
User-Agent: selenium/4.1.2 (java windows)
Cache-Control: no-cache
Content-Type: application/json; charset=utf-8
host: localhost:62718
accept: */*

Response DefaultHttpResponse(decodeResult: success, version: HTTP/1.1)
HTTP/1.1 200 OK
Content-Type: application/json; charset=utf-8
cache-control: no-cache
content-length: 18

17:42:52.616 [AsyncHttpClient-1-9] DEBUG org.asynchttpclient.netty.channel.ChannelManager - Adding key: http://localhost:62718 for channel [id: 0x76fde26f, L:/127.0.0.1:57578 - R:localhost/127.0.0.1:62718]
17:42:52.618 [Forwarding isElementEnabled on session f6dab5d47c770095cbd7da84a3917158 to remote] DEBUG org.asynchttpclient.netty.request.NettyRequestSender - Using pooled Channel '[id: 0x76fde26f, L:/127.0.0.1:57578 - R:localhost/127.0.0.1:62718]' for 'GET' to 'http://localhost:62718/session/f6dab5d47c770095cbd7da84a3917158/element/f05f9060-d885-411b-8e24-69cecb4a9e8a/enabled'
17:42:52.618 [Forwarding isElementEnabled on session f6dab5d47c770095cbd7da84a3917158 to remote] DEBUG org.asynchttpclient.netty.request.NettyRequestSender - Using open Channel [id: 0x76fde26f, L:/127.0.0.1:57578 - R:localhost/127.0.0.1:62718] for GET '/session/f6dab5d47c770095cbd7da84a3917158/element/f05f9060-d885-411b-8e24-69cecb4a9e8a/enabled'
17:42:52.628 [AsyncHttpClient-1-9] DEBUG org.asynchttpclient.netty.handler.HttpHandler - 

Request DefaultFullHttpRequest(decodeResult: success, version: HTTP/1.1, content: EmptyByteBufBE)
GET /session/f6dab5d47c770095cbd7da84a3917158/element/f05f9060-d885-411b-8e24-69cecb4a9e8a/enabled HTTP/1.1
User-Agent: selenium/4.1.2 (java windows)
Cache-Control: no-cache
Content-Type: application/json; charset=utf-8
host: localhost:62718
accept: */*

Response DefaultHttpResponse(decodeResult: success, version: HTTP/1.1)
HTTP/1.1 200 OK
Content-Type: application/json; charset=utf-8
cache-control: no-cache
content-length: 14

17:42:52.628 [AsyncHttpClient-1-9] DEBUG org.asynchttpclient.netty.channel.ChannelManager - Adding key: http://localhost:62718 for channel [id: 0x76fde26f, L:/127.0.0.1:57578 - R:localhost/127.0.0.1:62718]
17:42:52.629 [Forwarding isElementEnabled on session f6dab5d47c770095cbd7da84a3917158 to remote] DEBUG org.asynchttpclient.netty.request.NettyRequestSender - Using pooled Channel '[id: 0x76fde26f, L:/127.0.0.1:57578 - R:localhost/127.0.0.1:62718]' for 'GET' to 'http://localhost:62718/session/f6dab5d47c770095cbd7da84a3917158/element/f05f9060-d885-411b-8e24-69cecb4a9e8a/enabled'
17:42:52.629 [Forwarding isElementEnabled on session f6dab5d47c770095cbd7da84a3917158 to remote] DEBUG org.asynchttpclient.netty.request.NettyRequestSender - Using open Channel [id: 0x76fde26f, L:/127.0.0.1:57578 - R:localhost/127.0.0.1:62718] for GET '/session/f6dab5d47c770095cbd7da84a3917158/element/f05f9060-d885-411b-8e24-69cecb4a9e8a/enabled'
17:42:52.636 [AsyncHttpClient-1-9] DEBUG org.asynchttpclient.netty.handler.HttpHandler - 

Request DefaultFullHttpRequest(decodeResult: success, version: HTTP/1.1, content: EmptyByteBufBE)
GET /session/f6dab5d47c770095cbd7da84a3917158/element/f05f9060-d885-411b-8e24-69cecb4a9e8a/enabled HTTP/1.1
User-Agent: selenium/4.1.2 (java windows)
Cache-Control: no-cache
Content-Type: application/json; charset=utf-8
host: localhost:62718
accept: */*

Response DefaultHttpResponse(decodeResult: success, version: HTTP/1.1)
HTTP/1.1 200 OK
Content-Type: application/json; charset=utf-8
cache-control: no-cache
content-length: 14

17:42:52.636 [AsyncHttpClient-1-9] DEBUG org.asynchttpclient.netty.channel.ChannelManager - Adding key: http://localhost:62718 for channel [id: 0x76fde26f, L:/127.0.0.1:57578 - R:localhost/127.0.0.1:62718]
17:42:52.638 [Forwarding findElement on session f6dab5d47c770095cbd7da84a3917158 to remote] DEBUG org.asynchttpclient.netty.request.NettyRequestSender - Using pooled Channel '[id: 0x76fde26f, L:/127.0.0.1:57578 - R:localhost/127.0.0.1:62718]' for 'POST' to 'http://localhost:62718/session/f6dab5d47c770095cbd7da84a3917158/element'
17:42:52.638 [Forwarding findElement on session f6dab5d47c770095cbd7da84a3917158 to remote] DEBUG org.asynchttpclient.netty.request.NettyRequestSender - Using open Channel [id: 0x76fde26f, L:/127.0.0.1:57578 - R:localhost/127.0.0.1:62718] for POST '/session/f6dab5d47c770095cbd7da84a3917158/element'
17:42:52.647 [AsyncHttpClient-1-9] DEBUG org.asynchttpclient.netty.handler.HttpHandler - 

Request DefaultHttpRequest(decodeResult: success, version: HTTP/1.1)
POST /session/f6dab5d47c770095cbd7da84a3917158/element HTTP/1.1
User-Agent: selenium/4.1.2 (java windows)
Content-Length: 161
Content-Type: application/json; charset=utf-8
host: localhost:62718
accept: */*

Response DefaultHttpResponse(decodeResult: success, version: HTTP/1.1)
HTTP/1.1 200 OK
Content-Type: application/json; charset=utf-8
cache-control: no-cache
content-length: 88

17:42:52.647 [AsyncHttpClient-1-9] DEBUG org.asynchttpclient.netty.channel.ChannelManager - Adding key: http://localhost:62718 for channel [id: 0x76fde26f, L:/127.0.0.1:57578 - R:localhost/127.0.0.1:62718]
17:42:52.648 [Forwarding clickElement on session f6dab5d47c770095cbd7da84a3917158 to remote] DEBUG org.asynchttpclient.netty.request.NettyRequestSender - Using pooled Channel '[id: 0x76fde26f, L:/127.0.0.1:57578 - R:localhost/127.0.0.1:62718]' for 'POST' to 'http://localhost:62718/session/f6dab5d47c770095cbd7da84a3917158/element/f05f9060-d885-411b-8e24-69cecb4a9e8a/click'
17:42:52.649 [Forwarding clickElement on session f6dab5d47c770095cbd7da84a3917158 to remote] DEBUG org.asynchttpclient.netty.request.NettyRequestSender - Using open Channel [id: 0x76fde26f, L:/127.0.0.1:57578 - R:localhost/127.0.0.1:62718] for POST '/session/f6dab5d47c770095cbd7da84a3917158/element/f05f9060-d885-411b-8e24-69cecb4a9e8a/click'
17:42:52.707 [AsyncHttpClient-1-9] DEBUG org.asynchttpclient.netty.handler.HttpHandler - 

Request DefaultHttpRequest(decodeResult: success, version: HTTP/1.1)
POST /session/f6dab5d47c770095cbd7da84a3917158/element/f05f9060-d885-411b-8e24-69cecb4a9e8a/click HTTP/1.1
User-Agent: selenium/4.1.2 (java windows)
Content-Length: 50
Content-Type: application/json; charset=utf-8
host: localhost:62718
accept: */*

Response DefaultHttpResponse(decodeResult: success, version: HTTP/1.1)
HTTP/1.1 200 OK
Content-Type: application/json; charset=utf-8
cache-control: no-cache
content-length: 14

17:42:52.707 [AsyncHttpClient-1-9] DEBUG org.asynchttpclient.netty.channel.ChannelManager - Adding key: http://localhost:62718 for channel [id: 0x76fde26f, L:/127.0.0.1:57578 - R:localhost/127.0.0.1:62718]
17:42:52.719 [Forwarding screenshot on session f6dab5d47c770095cbd7da84a3917158 to remote] DEBUG org.asynchttpclient.netty.request.NettyRequestSender - Using pooled Channel '[id: 0x76fde26f, L:/127.0.0.1:57578 - R:localhost/127.0.0.1:62718]' for 'GET' to 'http://localhost:62718/session/f6dab5d47c770095cbd7da84a3917158/screenshot'
17:42:52.719 [Forwarding screenshot on session f6dab5d47c770095cbd7da84a3917158 to remote] DEBUG org.asynchttpclient.netty.request.NettyRequestSender - Using open Channel [id: 0x76fde26f, L:/127.0.0.1:57578 - R:localhost/127.0.0.1:62718] for GET '/session/f6dab5d47c770095cbd7da84a3917158/screenshot'
17:42:52.801 [AsyncHttpClient-1-1] DEBUG org.asynchttpclient.netty.channel.DefaultChannelPool - Entry count for : http://localhost:57579 : 1
17:42:52.896 [AsyncHttpClient-1-9] DEBUG org.asynchttpclient.netty.handler.HttpHandler - 

Request DefaultFullHttpRequest(decodeResult: success, version: HTTP/1.1, content: EmptyByteBufBE)
GET /session/f6dab5d47c770095cbd7da84a3917158/screenshot HTTP/1.1
User-Agent: selenium/4.1.2 (java windows)
Cache-Control: no-cache
Content-Type: application/json; charset=utf-8
host: localhost:62718
accept: */*

Response DefaultHttpResponse(decodeResult: success, version: HTTP/1.1)
HTTP/1.1 200 OK
Content-Type: application/json; charset=utf-8
cache-control: no-cache
content-length: 60388

17:42:52.896 [AsyncHttpClient-1-9] DEBUG org.asynchttpclient.netty.channel.ChannelManager - Adding key: http://localhost:62718 for channel [id: 0x76fde26f, L:/127.0.0.1:57578 - R:localhost/127.0.0.1:62718]
17:42:52.903 [main] DEBUG net.serenitybdd.core.photography.Darkroom - Send negative for processing for target\site\serenity\4c75438812462af41713478fd987e61c3a44cae104674b4aceb32b227569f925.png
17:42:52.903 [main] DEBUG net.thucydides.core.steps.StepInterceptor - STEP DONE: clickSearchButton
  &amp#27;[32mWhen &amp#27;[0m&amp#27;[32mI input patient name and click search&amp#27;[0m            &amp#27;[90m# starter.stepdefinitions.PatientSteps.iInputPatientNameAndClickSearch()&amp#27;[0m
17:42:52.904 [Darkroom Processing Line] DEBUG net.serenitybdd.core.photography.DarkroomProcessingLine - Processing screenshot image in /var/screenshots/screenshot-16667141584902676313
17:42:52.904 [Darkroom Processing Line] DEBUG net.serenitybdd.core.photography.DarkroomProcessingLine - Saving screenshot to target\site\serenity\4c75438812462af41713478fd987e61c3a44cae104674b4aceb32b227569f925.png
17:42:52.926 [Forwarding findElement on session f6dab5d47c770095cbd7da84a3917158 to remote] DEBUG org.asynchttpclient.netty.request.NettyRequestSender - Using pooled Channel '[id: 0x76fde26f, L:/127.0.0.1:57578 - R:localhost/127.0.0.1:62718]' for 'POST' to 'http://localhost:62718/session/f6dab5d47c770095cbd7da84a3917158/element'
17:42:52.926 [Forwarding findElement on session f6dab5d47c770095cbd7da84a3917158 to remote] DEBUG org.asynchttpclient.netty.request.NettyRequestSender - Using open Channel [id: 0x76fde26f, L:/127.0.0.1:57578 - R:localhost/127.0.0.1:62718] for POST '/session/f6dab5d47c770095cbd7da84a3917158/element'
17:42:52.950 [AsyncHttpClient-1-9] DEBUG org.asynchttpclient.netty.handler.HttpHandler - 

Request DefaultHttpRequest(decodeResult: success, version: HTTP/1.1)
POST /session/f6dab5d47c770095cbd7da84a3917158/element HTTP/1.1
User-Agent: selenium/4.1.2 (java windows)
Content-Length: 85
Content-Type: application/json; charset=utf-8
host: localhost:62718
accept: */*

Response DefaultHttpResponse(decodeResult: success, version: HTTP/1.1)
HTTP/1.1 200 OK
Content-Type: application/json; charset=utf-8
cache-control: no-cache
content-length: 88

17:42:52.950 [AsyncHttpClient-1-9] DEBUG org.asynchttpclient.netty.channel.ChannelManager - Adding key: http://localhost:62718 for channel [id: 0x76fde26f, L:/127.0.0.1:57578 - R:localhost/127.0.0.1:62718]
17:42:52.955 [Forwarding isElementDisplayed on session f6dab5d47c770095cbd7da84a3917158 to remote] DEBUG org.asynchttpclient.netty.request.NettyRequestSender - Using pooled Channel '[id: 0x76fde26f, L:/127.0.0.1:57578 - R:localhost/127.0.0.1:62718]' for 'POST' to 'http://localhost:62718/session/f6dab5d47c770095cbd7da84a3917158/execute/sync'
17:42:52.955 [Forwarding isElementDisplayed on session f6dab5d47c770095cbd7da84a3917158 to remote] DEBUG org.asynchttpclient.netty.request.NettyRequestSender - Using open Channel [id: 0x76fde26f, L:/127.0.0.1:57578 - R:localhost/127.0.0.1:62718] for POST '/session/f6dab5d47c770095cbd7da84a3917158/execute/sync'
17:42:52.974 [AsyncHttpClient-1-9] DEBUG org.asynchttpclient.netty.handler.HttpHandler - 

Request DefaultHttpRequest(decodeResult: success, version: HTTP/1.1)
POST /session/f6dab5d47c770095cbd7da84a3917158/execute/sync HTTP/1.1
User-Agent: selenium/4.1.2 (java windows)
Content-Length: 48780
Content-Type: application/json; charset=utf-8
host: localhost:62718
accept: */*

Response DefaultHttpResponse(decodeResult: success, version: HTTP/1.1)
HTTP/1.1 200 OK
Content-Type: application/json; charset=utf-8
cache-control: no-cache
content-length: 14

17:42:52.974 [AsyncHttpClient-1-9] DEBUG org.asynchttpclient.netty.channel.ChannelManager - Adding key: http://localhost:62718 for channel [id: 0x76fde26f, L:/127.0.0.1:57578 - R:localhost/127.0.0.1:62718]
  &amp#27;[32mThen &amp#27;[0m&amp#27;[32mI validate search by patient name&amp#27;[0m                &amp#27;[90m# starter.stepdefinitions.PatientSteps.iValidateSearchByPatientName()&amp#27;[0m
17:42:52.979 [Forwarding screenshot on session f6dab5d47c770095cbd7da84a3917158 to remote] DEBUG org.asynchttpclient.netty.request.NettyRequestSender - Using pooled Channel '[id: 0x76fde26f, L:/127.0.0.1:57578 - R:localhost/127.0.0.1:62718]' for 'GET' to 'http://localhost:62718/session/f6dab5d47c770095cbd7da84a3917158/screenshot'
17:42:52.979 [Forwarding screenshot on session f6dab5d47c770095cbd7da84a3917158 to remote] DEBUG org.asynchttpclient.netty.request.NettyRequestSender - Using open Channel [id: 0x76fde26f, L:/127.0.0.1:57578 - R:localhost/127.0.0.1:62718] for GET '/session/f6dab5d47c770095cbd7da84a3917158/screenshot'
17:42:53.092 [AsyncHttpClient-1-9] DEBUG org.asynchttpclient.netty.handler.HttpHandler - 

Request DefaultFullHttpRequest(decodeResult: success, version: HTTP/1.1, content: EmptyByteBufBE)
GET /session/f6dab5d47c770095cbd7da84a3917158/screenshot HTTP/1.1
User-Agent: selenium/4.1.2 (java windows)
Cache-Control: no-cache
Content-Type: application/json; charset=utf-8
host: localhost:62718
accept: */*

Response DefaultHttpResponse(decodeResult: success, version: HTTP/1.1)
HTTP/1.1 200 OK
Content-Type: application/json; charset=utf-8
cache-control: no-cache
content-length: 89708

17:42:53.092 [AsyncHttpClient-1-9] DEBUG org.asynchttpclient.netty.channel.ChannelManager - Adding key: http://localhost:62718 for channel [id: 0x76fde26f, L:/127.0.0.1:57578 - R:localhost/127.0.0.1:62718]
17:42:53.104 [main] DEBUG net.serenitybdd.core.photography.Darkroom - Send negative for processing for target\site\serenity\f5cc4294933a70cd053e7cb6e35fcb1ff292bb66d6609006027f11545c314b7e.png
17:42:53.106 [Darkroom Processing Line] DEBUG net.serenitybdd.core.photography.DarkroomProcessingLine - Processing screenshot image in /var/screenshots/screenshot-1897673688776849263
17:42:53.106 [Darkroom Processing Line] DEBUG net.serenitybdd.core.photography.DarkroomProcessingLine - Saving screenshot to target\site\serenity\f5cc4294933a70cd053e7cb6e35fcb1ff292bb66d6609006027f11545c314b7e.png
17:42:53.106 [main] INFO  - 
  _____   ___   ___   _____     ___     _     ___   ___   ___   ___  
 |_   _| | __| / __| |_   _|   | _ \   /_\   / __| / __| | __| |   \ 
   | |   | _|  \__ \   | |     |  _/  / _ \  \__ \ \__ \ | _|  | |) |
   |_|   |___| |___/   |_|     |_|   /_/ \_\ |___/ |___/ |___| |___/ 

Search Patient Based on Patient Name Scenario
----------------------------------------------------------------------
17:42:53.110 [AsyncHttpClient-1-3] DEBUG org.asynchttpclient.netty.handler.WebSocketHandler - Channel Closed: [id: 0x0b76304d, L:/127.0.0.1:57587 ! R:localhost/127.0.0.1:57579] with attribute NettyResponseFuture{currentRetry=5,
	isDone=1,
	isCancelled=0,
	asyncHandler=org.asynchttpclient.ws.WebSocketUpgradeHandler@4cc4722,
	nettyRequest=org.asynchttpclient.netty.request.NettyRequest@2a31c86,
	future=java.util.concurrent.CompletableFuture@39e52bce[Completed normally],
	uri=ws://localhost:57579/devtools/browser/78ae73fe-5311-45fd-b257-54c3c4e4143d,
	keepAlive=true,
	redirectCount=0,
	timeoutsHolder=null,
	inAuth=0,
	touch=1655548967990}
17:42:53.110 [AsyncHttpClient-1-3] DEBUG org.asynchttpclient.netty.channel.ChannelManager - Closing Channel [id: 0x0b76304d, L:/127.0.0.1:57587 ! R:localhost/127.0.0.1:57579] 
17:42:53.111 [Driver Command Executor] DEBUG org.asynchttpclient.netty.request.NettyRequestSender - Using pooled Channel '[id: 0x76fde26f, L:/127.0.0.1:57578 - R:localhost/127.0.0.1:62718]' for 'DELETE' to 'http://localhost:62718/session/f6dab5d47c770095cbd7da84a3917158'
17:42:53.112 [Driver Command Executor] DEBUG org.asynchttpclient.netty.request.NettyRequestSender - Using open Channel [id: 0x76fde26f, L:/127.0.0.1:57578 - R:localhost/127.0.0.1:62718] for DELETE '/session/f6dab5d47c770095cbd7da84a3917158'
17:42:53.142 [AsyncHttpClient-1-2] DEBUG org.asynchttpclient.netty.handler.HttpHandler - Unexpected I/O exception on channel [id: 0xadc323c0, L:/127.0.0.1:57586 - R:localhost/127.0.0.1:57579]
java.net.SocketException: Connection reset
	at java.base/sun.nio.ch.SocketChannelImpl.throwConnectionReset(SocketChannelImpl.java:367)
	at java.base/sun.nio.ch.SocketChannelImpl.read(SocketChannelImpl.java:398)
	at io.netty.buffer.PooledByteBuf.setBytes(PooledByteBuf.java:258)
	at io.netty.buffer.AbstractByteBuf.writeBytes(AbstractByteBuf.java:1132)
	at io.netty.channel.socket.nio.NioSocketChannel.doReadBytes(NioSocketChannel.java:350)
	at io.netty.channel.nio.AbstractNioByteChannel$NioByteUnsafe.read(AbstractNioByteChannel.java:151)
	at io.netty.channel.nio.NioEventLoop.processSelectedKey(NioEventLoop.java:722)
	at io.netty.channel.nio.NioEventLoop.processSelectedKeysOptimized(NioEventLoop.java:658)
	at io.netty.channel.nio.NioEventLoop.processSelectedKeys(NioEventLoop.java:584)
	at io.netty.channel.nio.NioEventLoop.run(NioEventLoop.java:496)
	at io.netty.util.concurrent.SingleThreadEventExecutor$4.run(SingleThreadEventExecutor.java:986)
	at io.netty.util.internal.ThreadExecutorMap$2.run(ThreadExecutorMap.java:74)
	at io.netty.util.concurrent.FastThreadLocalRunnable.run(FastThreadLocalRunnable.java:30)
	at java.base/java.lang.Thread.run(Thread.java:832)
17:42:53.142 [AsyncHttpClient-1-2] DEBUG org.asynchttpclient.netty.channel.ChannelManager - Closing Channel [id: 0xadc323c0, L:/127.0.0.1:57586 - R:localhost/127.0.0.1:57579] 
17:42:53.142 [AsyncHttpClient-1-2] DEBUG org.asynchttpclient.netty.handler.HttpHandler - Channel Closed: [id: 0xadc323c0, L:/127.0.0.1:57586 ! R:localhost/127.0.0.1:57579] with attribute DISCARD
17:42:53.168 [AsyncHttpClient-1-9] DEBUG org.asynchttpclient.netty.handler.HttpHandler - 

Request DefaultFullHttpRequest(decodeResult: success, version: HTTP/1.1, content: EmptyByteBufBE)
DELETE /session/f6dab5d47c770095cbd7da84a3917158 HTTP/1.1
User-Agent: selenium/4.1.2 (java windows)
Content-Type: application/json; charset=utf-8
host: localhost:62718
accept: */*

Response DefaultHttpResponse(decodeResult: success, version: HTTP/1.1)
HTTP/1.1 200 OK
Content-Type: application/json; charset=utf-8
cache-control: no-cache
content-length: 14

17:42:53.168 [AsyncHttpClient-1-9] DEBUG org.asynchttpclient.netty.channel.ChannelManager - Adding key: http://localhost:62718 for channel [id: 0x76fde26f, L:/127.0.0.1:57578 - R:localhost/127.0.0.1:62718]
17:42:53.311 [AsyncHttpClient-1-9] DEBUG org.asynchttpclient.netty.handler.HttpHandler - Channel Closed: [id: 0x76fde26f, L:/127.0.0.1:57578 ! R:localhost/127.0.0.1:62718] with attribute DISCARD
]]></system-out>
    <system-err><![CDATA[Starting ChromeDriver 102.0.5005.61 (0e59bcc00cc4985ce39ad31c150065f159d95ad3-refs/branch-heads/5005@{#819}) on port 62718
Only local connections are allowed.
Please see https://chromedriver.chromium.org/security-considerations for suggestions on keeping ChromeDriver safe.
ChromeDriver was started successfully.
Jun 18, 2022 5:42:47 PM org.openqa.selenium.remote.ProtocolHandshake createSession
INFO: Detected dialect: W3C
Jun 18, 2022 5:42:47 PM org.openqa.selenium.devtools.CdpVersionFinder findNearestMatch
WARNING: Unable to find an exact match for CDP version 102, so returning the closest version found: a no-op implementation
Jun 18, 2022 5:42:47 PM org.openqa.selenium.devtools.CdpVersionFinder findNearestMatch
INFO: Unable to find CDP implementation matching 102.
Jun 18, 2022 5:42:47 PM org.openqa.selenium.chromium.ChromiumDriver lambda$new$3
WARNING: Unable to find version of CDP to use for . You may need to include a dependency on a specific version of the CDP using something similar to `org.seleniumhq.selenium:selenium-devtools-v86:4.1.2` where the version ("v86") matches the version of the chromium-based browser you're using and the version number of the artifact is the same as Selenium's.
]]></system-err>
  </testcase>
  <testcase name="Search Patient Based on Patient Date of Birth Scenario" classname="Patient" time="7.904">
    <system-out><![CDATA[
@Patient
Scenario: Search Patient Based on Patient Date of Birth Scenario &amp#27;[90m# src/test/resources/features/2.Patient.feature:55&amp#27;[0m
17:42:53.853 [main] INFO io.cucumber.core.plugin.SerenityReporter - Running feature from file:///E:/My%20Documents/File%20Difa/TI%20Semester%206%20Kampus%20Merdeka%20Alterra/Tugas/CAPSTONE%20Project/Capstone-Project-Website/src/test/resources/features/2.Patient.feature
17:42:53.858 [main] INFO  - 
  _____   ___   ___   _____     ___   _____     _     ___   _____   ___   ___  
 |_   _| | __| / __| |_   _|   / __| |_   _|   /_\   | _ \ |_   _| | __| |   \ 
   | |   | _|  \__ \   | |     \__ \   | |    / _ \  |   /   | |   | _|  | |) |
   |_|   |___| |___/   |_|     |___/   |_|   /_/ \_\ |_|_\   |_|   |___| |___/ 

Search Patient Based on Patient Date of Birth Scenario(patient;search-patient-based-on-patient-date-of-birth-scenario)
--------------------------------------------------------------------------------
17:42:53.899 [main] DEBUG net.thucydides.core.steps.StepInterceptor - STARTING STEP: PatientSteps.iAmAtTheDashboardPage - openUrl
17:42:53.900 [main] INFO net.serenitybdd.core.webdriver.driverproviders.ChromeDriverProvider - Using automatically driver download
17:42:53.902 [AsyncHttpClient-1-1] DEBUG org.asynchttpclient.netty.channel.DefaultChannelPool - Entry count for : http://localhost:57579 : 1
17:42:53.902 [AsyncHttpClient-1-1] DEBUG org.asynchttpclient.netty.channel.DefaultChannelPool - Entry count for : http://localhost:62718 : 1
17:42:53.902 [AsyncHttpClient-1-1] DEBUG org.asynchttpclient.netty.channel.DefaultChannelPool - Adding Candidate expired Channel [id: 0xadc323c0, L:/127.0.0.1:57586 ! R:localhost/127.0.0.1:57579] isIdleTimeoutExpired=false isRemotelyClosed=true isTtlExpired=false
17:42:53.902 [AsyncHttpClient-1-1] DEBUG org.asynchttpclient.netty.channel.DefaultChannelPool - Closing Idle Channel [id: 0xadc323c0, L:/127.0.0.1:57586 ! R:localhost/127.0.0.1:57579]
17:42:53.902 [AsyncHttpClient-1-1] DEBUG org.asynchttpclient.netty.channel.DefaultChannelPool - Adding Candidate expired Channel [id: 0x76fde26f, L:/127.0.0.1:57578 ! R:localhost/127.0.0.1:62718] isIdleTimeoutExpired=false isRemotelyClosed=true isTtlExpired=false
17:42:53.902 [AsyncHttpClient-1-1] DEBUG org.asynchttpclient.netty.channel.DefaultChannelPool - Closing Idle Channel [id: 0x76fde26f, L:/127.0.0.1:57578 ! R:localhost/127.0.0.1:62718]
17:42:53.902 [AsyncHttpClient-1-1] DEBUG org.asynchttpclient.netty.channel.DefaultChannelPool - Closed 2 connections out of 2 in 0 ms
17:42:54.072 [main] DEBUG io.github.bonigarcia.wdm.cache.ResolutionCache - Resolution chrome=102 in cache (valid until 18:14:23 18/06/2022 ICT)
17:42:54.076 [main] DEBUG io.github.bonigarcia.wdm.cache.ResolutionCache - Resolution chrome102=102.0.5005.61 in cache (valid until 17:29:52 19/06/2022 ICT)
17:42:54.077 [main] INFO io.github.bonigarcia.wdm.WebDriverManager - Using chromedriver 102.0.5005.61 (resolved driver for Chrome 102)
17:42:54.087 [main] DEBUG io.github.bonigarcia.wdm.WebDriverManager - Driver chromedriver 102.0.5005.61 found in cache
17:42:54.088 [main] INFO io.github.bonigarcia.wdm.WebDriverManager - Exporting webdriver.chrome.driver as C:\Users\USER\.cache\selenium\chromedriver\win32\102.0.5005.61\chromedriver.exe
17:42:54.254 [main] DEBUG net.serenitybdd.core.webdriver.driverproviders.ProvideNewDriver - Instantiating driver
17:42:54.254 [main] DEBUG net.serenitybdd.core.webdriver.driverproviders.ProvideNewDriver - Driver capabilities: Capabilities {acceptInsecureCerts: false, base.url: https://hospital-management..., browserName: chrome, chrome.driver: src/test/resources/webdrive..., driver: chrome, goog:chromeOptions: {args: [], extensions: []}}
17:42:54.794 [AsyncHttpClient-1-4] DEBUG org.asynchttpclient.netty.channel.NettyConnectListener - Using new Channel '[id: 0x8f1d83e2, L:/127.0.0.1:57609 - R:localhost/127.0.0.1:63367]' for 'POST' to '/session'
17:42:55.628 [AsyncHttpClient-1-4] DEBUG org.asynchttpclient.netty.handler.HttpHandler - 

Request DefaultHttpRequest(decodeResult: success, version: HTTP/1.1)
POST /session HTTP/1.1
User-Agent: selenium/4.1.2 (java windows)
Content-Length: 621
Content-Type: application/json; charset=utf-8
host: localhost:63367
accept: */*

Response DefaultHttpResponse(decodeResult: success, version: HTTP/1.1)
HTTP/1.1 200 OK
Content-Type: application/json; charset=utf-8
cache-control: no-cache
content-length: 786

17:42:55.628 [AsyncHttpClient-1-4] DEBUG org.asynchttpclient.netty.channel.ChannelManager - Adding key: http://localhost:63367 for channel [id: 0x8f1d83e2, L:/127.0.0.1:57609 - R:localhost/127.0.0.1:63367]
17:42:55.641 [AsyncHttpClient-1-5] DEBUG org.asynchttpclient.netty.channel.NettyConnectListener - Using new Channel '[id: 0x56ea7aec, L:/127.0.0.1:57616 - R:localhost/127.0.0.1:57610]' for 'GET' to '/json/version'
17:42:55.642 [AsyncHttpClient-1-5] DEBUG org.asynchttpclient.netty.handler.HttpHandler - 

Request DefaultFullHttpRequest(decodeResult: success, version: HTTP/1.1, content: EmptyByteBufBE)
GET /json/version HTTP/1.1
User-Agent: selenium/4.1.2 (java windows)
host: localhost:57610
accept: */*

Response DefaultHttpResponse(decodeResult: success, version: HTTP/1.1)
HTTP/1.1 200 OK
Content-Type: application/json; charset=UTF-8
content-length: 427

17:42:55.643 [AsyncHttpClient-1-5] DEBUG org.asynchttpclient.netty.channel.ChannelManager - Adding key: http://localhost:57610 for channel [id: 0x56ea7aec, L:/127.0.0.1:57616 - R:localhost/127.0.0.1:57610]
17:42:55.655 [AsyncHttpClient-1-6] DEBUG org.asynchttpclient.netty.channel.NettyConnectListener - Using new Channel '[id: 0x9c49b1a4, L:/127.0.0.1:57617 - R:localhost/127.0.0.1:57610]' for 'GET' to '/devtools/browser/97f7cf0b-3013-4921-bbbb-dd6ddf1a7002'
17:42:55.656 [AsyncHttpClient-1-6] DEBUG org.asynchttpclient.netty.handler.WebSocketHandler - 

Request DefaultFullHttpRequest(decodeResult: success, version: HTTP/1.1, content: EmptyByteBufBE)
GET /devtools/browser/97f7cf0b-3013-4921-bbbb-dd6ddf1a7002 HTTP/1.1
upgrade: websocket
connection: upgrade
sec-websocket-key: fdZSeBqj+T24TN/ras7q+w==
sec-websocket-version: 13
origin: http://localhost:57610
host: localhost:57610
accept: */*
user-agent: AHC/2.1

Response DefaultHttpResponse(decodeResult: success, version: HTTP/1.1)
HTTP/1.1 101 WebSocket Protocol Handshake
Upgrade: WebSocket
Connection: Upgrade
Sec-WebSocket-Accept: l/AGyaK7z9w7L59BmOC6lGwhak0=

17:42:55.660 [Forwarding maximizeCurrentWindow on session 5d4f58e6616e7ec2df5f17e6a06ba77b to remote] DEBUG org.asynchttpclient.netty.request.NettyRequestSender - Using pooled Channel '[id: 0x8f1d83e2, L:/127.0.0.1:57609 - R:localhost/127.0.0.1:63367]' for 'POST' to 'http://localhost:63367/session/5d4f58e6616e7ec2df5f17e6a06ba77b/window/maximize'
17:42:55.660 [Forwarding maximizeCurrentWindow on session 5d4f58e6616e7ec2df5f17e6a06ba77b to remote] DEBUG org.asynchttpclient.netty.request.NettyRequestSender - Using open Channel [id: 0x8f1d83e2, L:/127.0.0.1:57609 - R:localhost/127.0.0.1:63367] for POST '/session/5d4f58e6616e7ec2df5f17e6a06ba77b/window/maximize'
17:42:55.776 [AsyncHttpClient-1-4] DEBUG org.asynchttpclient.netty.handler.HttpHandler - 

Request DefaultHttpRequest(decodeResult: success, version: HTTP/1.1)
POST /session/5d4f58e6616e7ec2df5f17e6a06ba77b/window/maximize HTTP/1.1
User-Agent: selenium/4.1.2 (java windows)
Content-Length: 3
Content-Type: application/json; charset=utf-8
host: localhost:63367
accept: */*

Response DefaultHttpResponse(decodeResult: success, version: HTTP/1.1)
HTTP/1.1 200 OK
Content-Type: application/json; charset=utf-8
cache-control: no-cache
content-length: 51

17:42:55.776 [AsyncHttpClient-1-4] DEBUG org.asynchttpclient.netty.channel.ChannelManager - Adding key: http://localhost:63367 for channel [id: 0x8f1d83e2, L:/127.0.0.1:57609 - R:localhost/127.0.0.1:63367]
17:42:55.778 [Forwarding get on session 5d4f58e6616e7ec2df5f17e6a06ba77b to remote] DEBUG org.asynchttpclient.netty.request.NettyRequestSender - Using pooled Channel '[id: 0x8f1d83e2, L:/127.0.0.1:57609 - R:localhost/127.0.0.1:63367]' for 'POST' to 'http://localhost:63367/session/5d4f58e6616e7ec2df5f17e6a06ba77b/url'
17:42:55.778 [Forwarding get on session 5d4f58e6616e7ec2df5f17e6a06ba77b to remote] DEBUG org.asynchttpclient.netty.request.NettyRequestSender - Using open Channel [id: 0x8f1d83e2, L:/127.0.0.1:57609 - R:localhost/127.0.0.1:63367] for POST '/session/5d4f58e6616e7ec2df5f17e6a06ba77b/url'
17:42:56.101 [AsyncHttpClient-1-1] DEBUG org.asynchttpclient.netty.channel.DefaultChannelPool - Entry count for : http://localhost:57610 : 1
17:42:57.303 [AsyncHttpClient-1-1] DEBUG org.asynchttpclient.netty.channel.DefaultChannelPool - Entry count for : http://localhost:57610 : 1
17:42:58.400 [AsyncHttpClient-1-1] DEBUG org.asynchttpclient.netty.channel.DefaultChannelPool - Entry count for : http://localhost:57610 : 1
17:42:58.935 [AsyncHttpClient-1-4] DEBUG org.asynchttpclient.netty.handler.HttpHandler - 

Request DefaultHttpRequest(decodeResult: success, version: HTTP/1.1)
POST /session/5d4f58e6616e7ec2df5f17e6a06ba77b/url HTTP/1.1
User-Agent: selenium/4.1.2 (java windows)
Content-Length: 65
Content-Type: application/json; charset=utf-8
host: localhost:63367
accept: */*

Response DefaultHttpResponse(decodeResult: success, version: HTTP/1.1)
HTTP/1.1 200 OK
Content-Type: application/json; charset=utf-8
cache-control: no-cache
content-length: 14

17:42:58.935 [AsyncHttpClient-1-4] DEBUG org.asynchttpclient.netty.channel.ChannelManager - Adding key: http://localhost:63367 for channel [id: 0x8f1d83e2, L:/127.0.0.1:57609 - R:localhost/127.0.0.1:63367]
17:42:58.938 [Forwarding setTimeout on session 5d4f58e6616e7ec2df5f17e6a06ba77b to remote] DEBUG org.asynchttpclient.netty.request.NettyRequestSender - Using pooled Channel '[id: 0x8f1d83e2, L:/127.0.0.1:57609 - R:localhost/127.0.0.1:63367]' for 'POST' to 'http://localhost:63367/session/5d4f58e6616e7ec2df5f17e6a06ba77b/timeouts'
17:42:58.939 [Forwarding setTimeout on session 5d4f58e6616e7ec2df5f17e6a06ba77b to remote] DEBUG org.asynchttpclient.netty.request.NettyRequestSender - Using open Channel [id: 0x8f1d83e2, L:/127.0.0.1:57609 - R:localhost/127.0.0.1:63367] for POST '/session/5d4f58e6616e7ec2df5f17e6a06ba77b/timeouts'
17:42:58.941 [AsyncHttpClient-1-4] DEBUG org.asynchttpclient.netty.handler.HttpHandler - 

Request DefaultHttpRequest(decodeResult: success, version: HTTP/1.1)
POST /session/5d4f58e6616e7ec2df5f17e6a06ba77b/timeouts HTTP/1.1
User-Agent: selenium/4.1.2 (java windows)
Content-Length: 22
Content-Type: application/json; charset=utf-8
host: localhost:63367
accept: */*

Response DefaultHttpResponse(decodeResult: success, version: HTTP/1.1)
HTTP/1.1 200 OK
Content-Type: application/json; charset=utf-8
cache-control: no-cache
content-length: 14

17:42:58.941 [AsyncHttpClient-1-4] DEBUG org.asynchttpclient.netty.channel.ChannelManager - Adding key: http://localhost:63367 for channel [id: 0x8f1d83e2, L:/127.0.0.1:57609 - R:localhost/127.0.0.1:63367]
17:42:58.946 [Forwarding getCurrentUrl on session 5d4f58e6616e7ec2df5f17e6a06ba77b to remote] DEBUG org.asynchttpclient.netty.request.NettyRequestSender - Using pooled Channel '[id: 0x8f1d83e2, L:/127.0.0.1:57609 - R:localhost/127.0.0.1:63367]' for 'GET' to 'http://localhost:63367/session/5d4f58e6616e7ec2df5f17e6a06ba77b/url'
17:42:58.946 [Forwarding getCurrentUrl on session 5d4f58e6616e7ec2df5f17e6a06ba77b to remote] DEBUG org.asynchttpclient.netty.request.NettyRequestSender - Using open Channel [id: 0x8f1d83e2, L:/127.0.0.1:57609 - R:localhost/127.0.0.1:63367] for GET '/session/5d4f58e6616e7ec2df5f17e6a06ba77b/url'
17:42:58.975 [AsyncHttpClient-1-4] DEBUG org.asynchttpclient.netty.handler.HttpHandler - 

Request DefaultFullHttpRequest(decodeResult: success, version: HTTP/1.1, content: EmptyByteBufBE)
GET /session/5d4f58e6616e7ec2df5f17e6a06ba77b/url HTTP/1.1
User-Agent: selenium/4.1.2 (java windows)
Cache-Control: no-cache
Content-Type: application/json; charset=utf-8
host: localhost:63367
accept: */*

Response DefaultHttpResponse(decodeResult: success, version: HTTP/1.1)
HTTP/1.1 200 OK
Content-Type: application/json; charset=utf-8
cache-control: no-cache
content-length: 53

17:42:58.975 [AsyncHttpClient-1-4] DEBUG org.asynchttpclient.netty.channel.ChannelManager - Adding key: http://localhost:63367 for channel [id: 0x8f1d83e2, L:/127.0.0.1:57609 - R:localhost/127.0.0.1:63367]
17:42:58.980 [Forwarding getCurrentUrl on session 5d4f58e6616e7ec2df5f17e6a06ba77b to remote] DEBUG org.asynchttpclient.netty.request.NettyRequestSender - Using pooled Channel '[id: 0x8f1d83e2, L:/127.0.0.1:57609 - R:localhost/127.0.0.1:63367]' for 'GET' to 'http://localhost:63367/session/5d4f58e6616e7ec2df5f17e6a06ba77b/url'
17:42:58.980 [Forwarding getCurrentUrl on session 5d4f58e6616e7ec2df5f17e6a06ba77b to remote] DEBUG org.asynchttpclient.netty.request.NettyRequestSender - Using open Channel [id: 0x8f1d83e2, L:/127.0.0.1:57609 - R:localhost/127.0.0.1:63367] for GET '/session/5d4f58e6616e7ec2df5f17e6a06ba77b/url'
17:42:58.989 [AsyncHttpClient-1-4] DEBUG org.asynchttpclient.netty.handler.HttpHandler - 

Request DefaultFullHttpRequest(decodeResult: success, version: HTTP/1.1, content: EmptyByteBufBE)
GET /session/5d4f58e6616e7ec2df5f17e6a06ba77b/url HTTP/1.1
User-Agent: selenium/4.1.2 (java windows)
Cache-Control: no-cache
Content-Type: application/json; charset=utf-8
host: localhost:63367
accept: */*

Response DefaultHttpResponse(decodeResult: success, version: HTTP/1.1)
HTTP/1.1 200 OK
Content-Type: application/json; charset=utf-8
cache-control: no-cache
content-length: 53

17:42:58.989 [AsyncHttpClient-1-4] DEBUG org.asynchttpclient.netty.channel.ChannelManager - Adding key: http://localhost:63367 for channel [id: 0x8f1d83e2, L:/127.0.0.1:57609 - R:localhost/127.0.0.1:63367]
17:42:58.999 [Forwarding screenshot on session 5d4f58e6616e7ec2df5f17e6a06ba77b to remote] DEBUG org.asynchttpclient.netty.request.NettyRequestSender - Using pooled Channel '[id: 0x8f1d83e2, L:/127.0.0.1:57609 - R:localhost/127.0.0.1:63367]' for 'GET' to 'http://localhost:63367/session/5d4f58e6616e7ec2df5f17e6a06ba77b/screenshot'
17:42:58.999 [Forwarding screenshot on session 5d4f58e6616e7ec2df5f17e6a06ba77b to remote] DEBUG org.asynchttpclient.netty.request.NettyRequestSender - Using open Channel [id: 0x8f1d83e2, L:/127.0.0.1:57609 - R:localhost/127.0.0.1:63367] for GET '/session/5d4f58e6616e7ec2df5f17e6a06ba77b/screenshot'
17:42:59.261 [AsyncHttpClient-1-4] DEBUG org.asynchttpclient.netty.handler.HttpHandler - 

Request DefaultFullHttpRequest(decodeResult: success, version: HTTP/1.1, content: EmptyByteBufBE)
GET /session/5d4f58e6616e7ec2df5f17e6a06ba77b/screenshot HTTP/1.1
User-Agent: selenium/4.1.2 (java windows)
Cache-Control: no-cache
Content-Type: application/json; charset=utf-8
host: localhost:63367
accept: */*

Response DefaultHttpResponse(decodeResult: success, version: HTTP/1.1)
HTTP/1.1 200 OK
Content-Type: application/json; charset=utf-8
cache-control: no-cache
content-length: 198888

17:42:59.263 [AsyncHttpClient-1-4] DEBUG org.asynchttpclient.netty.channel.ChannelManager - Adding key: http://localhost:63367 for channel [id: 0x8f1d83e2, L:/127.0.0.1:57609 - R:localhost/127.0.0.1:63367]
17:42:59.272 [main] DEBUG net.serenitybdd.core.photography.Darkroom - Send negative for processing for target\site\serenity\4753d361d3a4d5c5dc2f18ddba81ccf4dafa9a1d39df3e27f1a3ea8a18a21424.png
17:42:59.272 [main] DEBUG net.thucydides.core.steps.StepInterceptor - STEP DONE: openUrl
17:42:59.279 [main] DEBUG net.thucydides.core.steps.StepInterceptor - STARTING STEP: PatientSteps.iAmAtTheDashboardPage - validateOnDashboardPage
17:42:59.281 [Forwarding findElement on session 5d4f58e6616e7ec2df5f17e6a06ba77b to remote] DEBUG org.asynchttpclient.netty.request.NettyRequestSender - Using pooled Channel '[id: 0x8f1d83e2, L:/127.0.0.1:57609 - R:localhost/127.0.0.1:63367]' for 'POST' to 'http://localhost:63367/session/5d4f58e6616e7ec2df5f17e6a06ba77b/element'
17:42:59.281 [Forwarding findElement on session 5d4f58e6616e7ec2df5f17e6a06ba77b to remote] DEBUG org.asynchttpclient.netty.request.NettyRequestSender - Using open Channel [id: 0x8f1d83e2, L:/127.0.0.1:57609 - R:localhost/127.0.0.1:63367] for POST '/session/5d4f58e6616e7ec2df5f17e6a06ba77b/element'
17:42:59.295 [AsyncHttpClient-1-4] DEBUG org.asynchttpclient.netty.handler.HttpHandler - 

Request DefaultHttpRequest(decodeResult: success, version: HTTP/1.1)
POST /session/5d4f58e6616e7ec2df5f17e6a06ba77b/element HTTP/1.1
User-Agent: selenium/4.1.2 (java windows)
Content-Length: 81
Content-Type: application/json; charset=utf-8
host: localhost:63367
accept: */*

Response DefaultHttpResponse(decodeResult: success, version: HTTP/1.1)
HTTP/1.1 200 OK
Content-Type: application/json; charset=utf-8
cache-control: no-cache
content-length: 88

17:42:59.296 [AsyncHttpClient-1-4] DEBUG org.asynchttpclient.netty.channel.ChannelManager - Adding key: http://localhost:63367 for channel [id: 0x8f1d83e2, L:/127.0.0.1:57609 - R:localhost/127.0.0.1:63367]
17:42:59.299 [Forwarding isElementDisplayed on session 5d4f58e6616e7ec2df5f17e6a06ba77b to remote] DEBUG org.asynchttpclient.netty.request.NettyRequestSender - Using pooled Channel '[id: 0x8f1d83e2, L:/127.0.0.1:57609 - R:localhost/127.0.0.1:63367]' for 'POST' to 'http://localhost:63367/session/5d4f58e6616e7ec2df5f17e6a06ba77b/execute/sync'
17:42:59.299 [Forwarding isElementDisplayed on session 5d4f58e6616e7ec2df5f17e6a06ba77b to remote] DEBUG org.asynchttpclient.netty.request.NettyRequestSender - Using open Channel [id: 0x8f1d83e2, L:/127.0.0.1:57609 - R:localhost/127.0.0.1:63367] for POST '/session/5d4f58e6616e7ec2df5f17e6a06ba77b/execute/sync'
17:42:59.318 [AsyncHttpClient-1-4] DEBUG org.asynchttpclient.netty.handler.HttpHandler - 

Request DefaultHttpRequest(decodeResult: success, version: HTTP/1.1)
POST /session/5d4f58e6616e7ec2df5f17e6a06ba77b/execute/sync HTTP/1.1
User-Agent: selenium/4.1.2 (java windows)
Content-Length: 48780
Content-Type: application/json; charset=utf-8
host: localhost:63367
accept: */*

Response DefaultHttpResponse(decodeResult: success, version: HTTP/1.1)
HTTP/1.1 200 OK
Content-Type: application/json; charset=utf-8
cache-control: no-cache
content-length: 14

17:42:59.319 [AsyncHttpClient-1-4] DEBUG org.asynchttpclient.netty.channel.ChannelManager - Adding key: http://localhost:63367 for channel [id: 0x8f1d83e2, L:/127.0.0.1:57609 - R:localhost/127.0.0.1:63367]
17:42:59.324 [Forwarding screenshot on session 5d4f58e6616e7ec2df5f17e6a06ba77b to remote] DEBUG org.asynchttpclient.netty.request.NettyRequestSender - Using pooled Channel '[id: 0x8f1d83e2, L:/127.0.0.1:57609 - R:localhost/127.0.0.1:63367]' for 'GET' to 'http://localhost:63367/session/5d4f58e6616e7ec2df5f17e6a06ba77b/screenshot'
17:42:59.324 [Forwarding screenshot on session 5d4f58e6616e7ec2df5f17e6a06ba77b to remote] DEBUG org.asynchttpclient.netty.request.NettyRequestSender - Using open Channel [id: 0x8f1d83e2, L:/127.0.0.1:57609 - R:localhost/127.0.0.1:63367] for GET '/session/5d4f58e6616e7ec2df5f17e6a06ba77b/screenshot'
17:42:59.496 [AsyncHttpClient-1-4] DEBUG org.asynchttpclient.netty.handler.HttpHandler - 

Request DefaultFullHttpRequest(decodeResult: success, version: HTTP/1.1, content: EmptyByteBufBE)
GET /session/5d4f58e6616e7ec2df5f17e6a06ba77b/screenshot HTTP/1.1
User-Agent: selenium/4.1.2 (java windows)
Cache-Control: no-cache
Content-Type: application/json; charset=utf-8
host: localhost:63367
accept: */*

Response DefaultHttpResponse(decodeResult: success, version: HTTP/1.1)
HTTP/1.1 200 OK
Content-Type: application/json; charset=utf-8
cache-control: no-cache
content-length: 198888

17:42:59.496 [AsyncHttpClient-1-4] DEBUG org.asynchttpclient.netty.channel.ChannelManager - Adding key: http://localhost:63367 for channel [id: 0x8f1d83e2, L:/127.0.0.1:57609 - R:localhost/127.0.0.1:63367]
17:42:59.501 [AsyncHttpClient-1-1] DEBUG org.asynchttpclient.netty.channel.DefaultChannelPool - Entry count for : http://localhost:57610 : 1
17:42:59.501 [AsyncHttpClient-1-1] DEBUG org.asynchttpclient.netty.channel.DefaultChannelPool - Entry count for : http://localhost:63367 : 1
17:42:59.506 [main] DEBUG net.serenitybdd.core.photography.Darkroom - Send negative for processing for target\site\serenity\4753d361d3a4d5c5dc2f18ddba81ccf4dafa9a1d39df3e27f1a3ea8a18a21424.png
17:42:59.506 [main] DEBUG net.thucydides.core.steps.StepInterceptor - STEP DONE: validateOnDashboardPage
  &amp#27;[32mGiven &amp#27;[0m&amp#27;[32mI am at the dashboard page&amp#27;[0m                               &amp#27;[90m# starter.stepdefinitions.PatientSteps.iAmAtTheDashboardPage()&amp#27;[0m
17:42:59.525 [main] DEBUG net.thucydides.core.steps.StepInterceptor - STARTING STEP: PatientSteps.iClickMenuPatient - clickMenuPatientButton
17:42:59.529 [Forwarding findElement on session 5d4f58e6616e7ec2df5f17e6a06ba77b to remote] DEBUG org.asynchttpclient.netty.request.NettyRequestSender - Using pooled Channel '[id: 0x8f1d83e2, L:/127.0.0.1:57609 - R:localhost/127.0.0.1:63367]' for 'POST' to 'http://localhost:63367/session/5d4f58e6616e7ec2df5f17e6a06ba77b/element'
17:42:59.529 [Forwarding findElement on session 5d4f58e6616e7ec2df5f17e6a06ba77b to remote] DEBUG org.asynchttpclient.netty.request.NettyRequestSender - Using open Channel [id: 0x8f1d83e2, L:/127.0.0.1:57609 - R:localhost/127.0.0.1:63367] for POST '/session/5d4f58e6616e7ec2df5f17e6a06ba77b/element'
17:42:59.545 [AsyncHttpClient-1-4] DEBUG org.asynchttpclient.netty.handler.HttpHandler - 

Request DefaultHttpRequest(decodeResult: success, version: HTTP/1.1)
POST /session/5d4f58e6616e7ec2df5f17e6a06ba77b/element HTTP/1.1
User-Agent: selenium/4.1.2 (java windows)
Content-Length: 80
Content-Type: application/json; charset=utf-8
host: localhost:63367
accept: */*

Response DefaultHttpResponse(decodeResult: success, version: HTTP/1.1)
HTTP/1.1 200 OK
Content-Type: application/json; charset=utf-8
cache-control: no-cache
content-length: 88

17:42:59.545 [AsyncHttpClient-1-4] DEBUG org.asynchttpclient.netty.channel.ChannelManager - Adding key: http://localhost:63367 for channel [id: 0x8f1d83e2, L:/127.0.0.1:57609 - R:localhost/127.0.0.1:63367]
17:42:59.547 [Forwarding getElementTagName on session 5d4f58e6616e7ec2df5f17e6a06ba77b to remote] DEBUG org.asynchttpclient.netty.request.NettyRequestSender - Using pooled Channel '[id: 0x8f1d83e2, L:/127.0.0.1:57609 - R:localhost/127.0.0.1:63367]' for 'GET' to 'http://localhost:63367/session/5d4f58e6616e7ec2df5f17e6a06ba77b/element/96d67f1b-0553-4a8e-9595-eeefdf68f7c7/name'
17:42:59.547 [Forwarding getElementTagName on session 5d4f58e6616e7ec2df5f17e6a06ba77b to remote] DEBUG org.asynchttpclient.netty.request.NettyRequestSender - Using open Channel [id: 0x8f1d83e2, L:/127.0.0.1:57609 - R:localhost/127.0.0.1:63367] for GET '/session/5d4f58e6616e7ec2df5f17e6a06ba77b/element/96d67f1b-0553-4a8e-9595-eeefdf68f7c7/name'
17:42:59.552 [AsyncHttpClient-1-4] DEBUG org.asynchttpclient.netty.handler.HttpHandler - 

Request DefaultFullHttpRequest(decodeResult: success, version: HTTP/1.1, content: EmptyByteBufBE)
GET /session/5d4f58e6616e7ec2df5f17e6a06ba77b/element/96d67f1b-0553-4a8e-9595-eeefdf68f7c7/name HTTP/1.1
User-Agent: selenium/4.1.2 (java windows)
Cache-Control: no-cache
Content-Type: application/json; charset=utf-8
host: localhost:63367
accept: */*

Response DefaultHttpResponse(decodeResult: success, version: HTTP/1.1)
HTTP/1.1 200 OK
Content-Type: application/json; charset=utf-8
cache-control: no-cache
content-length: 15

17:42:59.552 [AsyncHttpClient-1-4] DEBUG org.asynchttpclient.netty.channel.ChannelManager - Adding key: http://localhost:63367 for channel [id: 0x8f1d83e2, L:/127.0.0.1:57609 - R:localhost/127.0.0.1:63367]
17:42:59.553 [Forwarding getElementTagName on session 5d4f58e6616e7ec2df5f17e6a06ba77b to remote] DEBUG org.asynchttpclient.netty.request.NettyRequestSender - Using pooled Channel '[id: 0x8f1d83e2, L:/127.0.0.1:57609 - R:localhost/127.0.0.1:63367]' for 'GET' to 'http://localhost:63367/session/5d4f58e6616e7ec2df5f17e6a06ba77b/element/96d67f1b-0553-4a8e-9595-eeefdf68f7c7/name'
17:42:59.553 [Forwarding getElementTagName on session 5d4f58e6616e7ec2df5f17e6a06ba77b to remote] DEBUG org.asynchttpclient.netty.request.NettyRequestSender - Using open Channel [id: 0x8f1d83e2, L:/127.0.0.1:57609 - R:localhost/127.0.0.1:63367] for GET '/session/5d4f58e6616e7ec2df5f17e6a06ba77b/element/96d67f1b-0553-4a8e-9595-eeefdf68f7c7/name'
17:42:59.557 [AsyncHttpClient-1-4] DEBUG org.asynchttpclient.netty.handler.HttpHandler - 

Request DefaultFullHttpRequest(decodeResult: success, version: HTTP/1.1, content: EmptyByteBufBE)
GET /session/5d4f58e6616e7ec2df5f17e6a06ba77b/element/96d67f1b-0553-4a8e-9595-eeefdf68f7c7/name HTTP/1.1
User-Agent: selenium/4.1.2 (java windows)
Cache-Control: no-cache
Content-Type: application/json; charset=utf-8
host: localhost:63367
accept: */*

Response DefaultHttpResponse(decodeResult: success, version: HTTP/1.1)
HTTP/1.1 200 OK
Content-Type: application/json; charset=utf-8
cache-control: no-cache
content-length: 15

17:42:59.557 [AsyncHttpClient-1-4] DEBUG org.asynchttpclient.netty.channel.ChannelManager - Adding key: http://localhost:63367 for channel [id: 0x8f1d83e2, L:/127.0.0.1:57609 - R:localhost/127.0.0.1:63367]
17:42:59.559 [Forwarding findElement on session 5d4f58e6616e7ec2df5f17e6a06ba77b to remote] DEBUG org.asynchttpclient.netty.request.NettyRequestSender - Using pooled Channel '[id: 0x8f1d83e2, L:/127.0.0.1:57609 - R:localhost/127.0.0.1:63367]' for 'POST' to 'http://localhost:63367/session/5d4f58e6616e7ec2df5f17e6a06ba77b/element'
17:42:59.559 [Forwarding findElement on session 5d4f58e6616e7ec2df5f17e6a06ba77b to remote] DEBUG org.asynchttpclient.netty.request.NettyRequestSender - Using open Channel [id: 0x8f1d83e2, L:/127.0.0.1:57609 - R:localhost/127.0.0.1:63367] for POST '/session/5d4f58e6616e7ec2df5f17e6a06ba77b/element'
17:42:59.568 [AsyncHttpClient-1-4] DEBUG org.asynchttpclient.netty.handler.HttpHandler - 

Request DefaultHttpRequest(decodeResult: success, version: HTTP/1.1)
POST /session/5d4f58e6616e7ec2df5f17e6a06ba77b/element HTTP/1.1
User-Agent: selenium/4.1.2 (java windows)
Content-Length: 80
Content-Type: application/json; charset=utf-8
host: localhost:63367
accept: */*

Response DefaultHttpResponse(decodeResult: success, version: HTTP/1.1)
HTTP/1.1 200 OK
Content-Type: application/json; charset=utf-8
cache-control: no-cache
content-length: 88

17:42:59.568 [AsyncHttpClient-1-4] DEBUG org.asynchttpclient.netty.channel.ChannelManager - Adding key: http://localhost:63367 for channel [id: 0x8f1d83e2, L:/127.0.0.1:57609 - R:localhost/127.0.0.1:63367]
17:42:59.569 [Forwarding clickElement on session 5d4f58e6616e7ec2df5f17e6a06ba77b to remote] DEBUG org.asynchttpclient.netty.request.NettyRequestSender - Using pooled Channel '[id: 0x8f1d83e2, L:/127.0.0.1:57609 - R:localhost/127.0.0.1:63367]' for 'POST' to 'http://localhost:63367/session/5d4f58e6616e7ec2df5f17e6a06ba77b/element/96d67f1b-0553-4a8e-9595-eeefdf68f7c7/click'
17:42:59.569 [Forwarding clickElement on session 5d4f58e6616e7ec2df5f17e6a06ba77b to remote] DEBUG org.asynchttpclient.netty.request.NettyRequestSender - Using open Channel [id: 0x8f1d83e2, L:/127.0.0.1:57609 - R:localhost/127.0.0.1:63367] for POST '/session/5d4f58e6616e7ec2df5f17e6a06ba77b/element/96d67f1b-0553-4a8e-9595-eeefdf68f7c7/click'
17:42:59.732 [AsyncHttpClient-1-4] DEBUG org.asynchttpclient.netty.handler.HttpHandler - 

Request DefaultHttpRequest(decodeResult: success, version: HTTP/1.1)
POST /session/5d4f58e6616e7ec2df5f17e6a06ba77b/element/96d67f1b-0553-4a8e-9595-eeefdf68f7c7/click HTTP/1.1
User-Agent: selenium/4.1.2 (java windows)
Content-Length: 50
Content-Type: application/json; charset=utf-8
host: localhost:63367
accept: */*

Response DefaultHttpResponse(decodeResult: success, version: HTTP/1.1)
HTTP/1.1 200 OK
Content-Type: application/json; charset=utf-8
cache-control: no-cache
content-length: 14

17:42:59.732 [AsyncHttpClient-1-4] DEBUG org.asynchttpclient.netty.channel.ChannelManager - Adding key: http://localhost:63367 for channel [id: 0x8f1d83e2, L:/127.0.0.1:57609 - R:localhost/127.0.0.1:63367]
17:42:59.743 [Forwarding screenshot on session 5d4f58e6616e7ec2df5f17e6a06ba77b to remote] DEBUG org.asynchttpclient.netty.request.NettyRequestSender - Using pooled Channel '[id: 0x8f1d83e2, L:/127.0.0.1:57609 - R:localhost/127.0.0.1:63367]' for 'GET' to 'http://localhost:63367/session/5d4f58e6616e7ec2df5f17e6a06ba77b/screenshot'
17:42:59.743 [Forwarding screenshot on session 5d4f58e6616e7ec2df5f17e6a06ba77b to remote] DEBUG org.asynchttpclient.netty.request.NettyRequestSender - Using open Channel [id: 0x8f1d83e2, L:/127.0.0.1:57609 - R:localhost/127.0.0.1:63367] for GET '/session/5d4f58e6616e7ec2df5f17e6a06ba77b/screenshot'
17:42:59.866 [AsyncHttpClient-1-4] DEBUG org.asynchttpclient.netty.handler.HttpHandler - 

Request DefaultFullHttpRequest(decodeResult: success, version: HTTP/1.1, content: EmptyByteBufBE)
GET /session/5d4f58e6616e7ec2df5f17e6a06ba77b/screenshot HTTP/1.1
User-Agent: selenium/4.1.2 (java windows)
Cache-Control: no-cache
Content-Type: application/json; charset=utf-8
host: localhost:63367
accept: */*

Response DefaultHttpResponse(decodeResult: success, version: HTTP/1.1)
HTTP/1.1 200 OK
Content-Type: application/json; charset=utf-8
cache-control: no-cache
content-length: 37108

17:42:59.867 [AsyncHttpClient-1-4] DEBUG org.asynchttpclient.netty.channel.ChannelManager - Adding key: http://localhost:63367 for channel [id: 0x8f1d83e2, L:/127.0.0.1:57609 - R:localhost/127.0.0.1:63367]
17:42:59.871 [main] DEBUG net.serenitybdd.core.photography.Darkroom - Send negative for processing for target\site\serenity\191892a91731ac9195bdb99cdcc5e2b48dec5b3983076e7a0bc1cdda6d18b5fb.png
17:42:59.872 [main] DEBUG net.thucydides.core.steps.StepInterceptor - STEP DONE: clickMenuPatientButton
  &amp#27;[32mAnd &amp#27;[0m&amp#27;[32mI click menu patient&amp#27;[0m                                       &amp#27;[90m# starter.stepdefinitions.PatientSteps.iClickMenuPatient()&amp#27;[0m
17:42:59.902 [Forwarding findElement on session 5d4f58e6616e7ec2df5f17e6a06ba77b to remote] DEBUG org.asynchttpclient.netty.request.NettyRequestSender - Using pooled Channel '[id: 0x8f1d83e2, L:/127.0.0.1:57609 - R:localhost/127.0.0.1:63367]' for 'POST' to 'http://localhost:63367/session/5d4f58e6616e7ec2df5f17e6a06ba77b/element'
17:42:59.902 [Forwarding findElement on session 5d4f58e6616e7ec2df5f17e6a06ba77b to remote] DEBUG org.asynchttpclient.netty.request.NettyRequestSender - Using open Channel [id: 0x8f1d83e2, L:/127.0.0.1:57609 - R:localhost/127.0.0.1:63367] for POST '/session/5d4f58e6616e7ec2df5f17e6a06ba77b/element'
17:42:59.921 [AsyncHttpClient-1-4] DEBUG org.asynchttpclient.netty.handler.HttpHandler - 

Request DefaultHttpRequest(decodeResult: success, version: HTTP/1.1)
POST /session/5d4f58e6616e7ec2df5f17e6a06ba77b/element HTTP/1.1
User-Agent: selenium/4.1.2 (java windows)
Content-Length: 160
Content-Type: application/json; charset=utf-8
host: localhost:63367
accept: */*

Response DefaultHttpResponse(decodeResult: success, version: HTTP/1.1)
HTTP/1.1 200 OK
Content-Type: application/json; charset=utf-8
cache-control: no-cache
content-length: 88

17:42:59.922 [AsyncHttpClient-1-4] DEBUG org.asynchttpclient.netty.channel.ChannelManager - Adding key: http://localhost:63367 for channel [id: 0x8f1d83e2, L:/127.0.0.1:57609 - R:localhost/127.0.0.1:63367]
17:42:59.923 [Forwarding clearElement on session 5d4f58e6616e7ec2df5f17e6a06ba77b to remote] DEBUG org.asynchttpclient.netty.request.NettyRequestSender - Using pooled Channel '[id: 0x8f1d83e2, L:/127.0.0.1:57609 - R:localhost/127.0.0.1:63367]' for 'POST' to 'http://localhost:63367/session/5d4f58e6616e7ec2df5f17e6a06ba77b/element/2d302dce-1091-49b1-9165-0d8940b57ac4/clear'
17:42:59.923 [Forwarding clearElement on session 5d4f58e6616e7ec2df5f17e6a06ba77b to remote] DEBUG org.asynchttpclient.netty.request.NettyRequestSender - Using open Channel [id: 0x8f1d83e2, L:/127.0.0.1:57609 - R:localhost/127.0.0.1:63367] for POST '/session/5d4f58e6616e7ec2df5f17e6a06ba77b/element/2d302dce-1091-49b1-9165-0d8940b57ac4/clear'
17:42:59.976 [AsyncHttpClient-1-4] DEBUG org.asynchttpclient.netty.handler.HttpHandler - 

Request DefaultHttpRequest(decodeResult: success, version: HTTP/1.1)
POST /session/5d4f58e6616e7ec2df5f17e6a06ba77b/element/2d302dce-1091-49b1-9165-0d8940b57ac4/clear HTTP/1.1
User-Agent: selenium/4.1.2 (java windows)
Content-Length: 50
Content-Type: application/json; charset=utf-8
host: localhost:63367
accept: */*

Response DefaultHttpResponse(decodeResult: success, version: HTTP/1.1)
HTTP/1.1 200 OK
Content-Type: application/json; charset=utf-8
cache-control: no-cache
content-length: 14

17:42:59.976 [AsyncHttpClient-1-4] DEBUG org.asynchttpclient.netty.channel.ChannelManager - Adding key: http://localhost:63367 for channel [id: 0x8f1d83e2, L:/127.0.0.1:57609 - R:localhost/127.0.0.1:63367]
17:42:59.979 [Forwarding sendKeysToElement on session 5d4f58e6616e7ec2df5f17e6a06ba77b to remote] DEBUG org.asynchttpclient.netty.request.NettyRequestSender - Using pooled Channel '[id: 0x8f1d83e2, L:/127.0.0.1:57609 - R:localhost/127.0.0.1:63367]' for 'POST' to 'http://localhost:63367/session/5d4f58e6616e7ec2df5f17e6a06ba77b/element/2d302dce-1091-49b1-9165-0d8940b57ac4/value'
17:42:59.979 [Forwarding sendKeysToElement on session 5d4f58e6616e7ec2df5f17e6a06ba77b to remote] DEBUG org.asynchttpclient.netty.request.NettyRequestSender - Using open Channel [id: 0x8f1d83e2, L:/127.0.0.1:57609 - R:localhost/127.0.0.1:63367] for POST '/session/5d4f58e6616e7ec2df5f17e6a06ba77b/element/2d302dce-1091-49b1-9165-0d8940b57ac4/value'
17:43:00.310 [AsyncHttpClient-1-4] DEBUG org.asynchttpclient.netty.handler.HttpHandler - 

Request DefaultHttpRequest(decodeResult: success, version: HTTP/1.1)
POST /session/5d4f58e6616e7ec2df5f17e6a06ba77b/element/2d302dce-1091-49b1-9165-0d8940b57ac4/value HTTP/1.1
User-Agent: selenium/4.1.2 (java windows)
Content-Length: 181
Content-Type: application/json; charset=utf-8
host: localhost:63367
accept: */*

Response DefaultHttpResponse(decodeResult: success, version: HTTP/1.1)
HTTP/1.1 200 OK
Content-Type: application/json; charset=utf-8
cache-control: no-cache
content-length: 14

17:43:00.310 [AsyncHttpClient-1-4] DEBUG org.asynchttpclient.netty.channel.ChannelManager - Adding key: http://localhost:63367 for channel [id: 0x8f1d83e2, L:/127.0.0.1:57609 - R:localhost/127.0.0.1:63367]
17:43:00.323 [Forwarding screenshot on session 5d4f58e6616e7ec2df5f17e6a06ba77b to remote] DEBUG org.asynchttpclient.netty.request.NettyRequestSender - Using pooled Channel '[id: 0x8f1d83e2, L:/127.0.0.1:57609 - R:localhost/127.0.0.1:63367]' for 'GET' to 'http://localhost:63367/session/5d4f58e6616e7ec2df5f17e6a06ba77b/screenshot'
17:43:00.323 [Forwarding screenshot on session 5d4f58e6616e7ec2df5f17e6a06ba77b to remote] DEBUG org.asynchttpclient.netty.request.NettyRequestSender - Using open Channel [id: 0x8f1d83e2, L:/127.0.0.1:57609 - R:localhost/127.0.0.1:63367] for GET '/session/5d4f58e6616e7ec2df5f17e6a06ba77b/screenshot'
17:43:00.435 [AsyncHttpClient-1-4] DEBUG org.asynchttpclient.netty.handler.HttpHandler - 

Request DefaultFullHttpRequest(decodeResult: success, version: HTTP/1.1, content: EmptyByteBufBE)
GET /session/5d4f58e6616e7ec2df5f17e6a06ba77b/screenshot HTTP/1.1
User-Agent: selenium/4.1.2 (java windows)
Cache-Control: no-cache
Content-Type: application/json; charset=utf-8
host: localhost:63367
accept: */*

Response DefaultHttpResponse(decodeResult: success, version: HTTP/1.1)
HTTP/1.1 200 OK
Content-Type: application/json; charset=utf-8
cache-control: no-cache
content-length: 55440

17:43:00.435 [AsyncHttpClient-1-4] DEBUG org.asynchttpclient.netty.channel.ChannelManager - Adding key: http://localhost:63367 for channel [id: 0x8f1d83e2, L:/127.0.0.1:57609 - R:localhost/127.0.0.1:63367]
17:43:00.438 [main] DEBUG net.serenitybdd.core.photography.Darkroom - Send negative for processing for target\site\serenity\ee5b77a806d32a820a00fb921376920765770e3e0e3a9884364fad38015112cc.png
17:43:00.439 [main] DEBUG net.thucydides.core.steps.StepInterceptor - STARTING STEP: PatientSteps.iInputPatientDateOfBirthAndClickSearch - clickSearchButton
17:43:00.439 [Darkroom Processing Line] DEBUG net.serenitybdd.core.photography.DarkroomProcessingLine - Processing screenshot image in /var/screenshots/screenshot-13282936192214797127
17:43:00.439 [Darkroom Processing Line] DEBUG net.serenitybdd.core.photography.DarkroomProcessingLine - Saving screenshot to target\site\serenity\ee5b77a806d32a820a00fb921376920765770e3e0e3a9884364fad38015112cc.png
17:43:00.443 [Forwarding findElement on session 5d4f58e6616e7ec2df5f17e6a06ba77b to remote] DEBUG org.asynchttpclient.netty.request.NettyRequestSender - Using pooled Channel '[id: 0x8f1d83e2, L:/127.0.0.1:57609 - R:localhost/127.0.0.1:63367]' for 'POST' to 'http://localhost:63367/session/5d4f58e6616e7ec2df5f17e6a06ba77b/element'
17:43:00.443 [Forwarding findElement on session 5d4f58e6616e7ec2df5f17e6a06ba77b to remote] DEBUG org.asynchttpclient.netty.request.NettyRequestSender - Using open Channel [id: 0x8f1d83e2, L:/127.0.0.1:57609 - R:localhost/127.0.0.1:63367] for POST '/session/5d4f58e6616e7ec2df5f17e6a06ba77b/element'
17:43:00.457 [AsyncHttpClient-1-4] DEBUG org.asynchttpclient.netty.handler.HttpHandler - 

Request DefaultHttpRequest(decodeResult: success, version: HTTP/1.1)
POST /session/5d4f58e6616e7ec2df5f17e6a06ba77b/element HTTP/1.1
User-Agent: selenium/4.1.2 (java windows)
Content-Length: 161
Content-Type: application/json; charset=utf-8
host: localhost:63367
accept: */*

Response DefaultHttpResponse(decodeResult: success, version: HTTP/1.1)
HTTP/1.1 200 OK
Content-Type: application/json; charset=utf-8
cache-control: no-cache
content-length: 88

17:43:00.457 [AsyncHttpClient-1-4] DEBUG org.asynchttpclient.netty.channel.ChannelManager - Adding key: http://localhost:63367 for channel [id: 0x8f1d83e2, L:/127.0.0.1:57609 - R:localhost/127.0.0.1:63367]
17:43:00.459 [Forwarding getElementTagName on session 5d4f58e6616e7ec2df5f17e6a06ba77b to remote] DEBUG org.asynchttpclient.netty.request.NettyRequestSender - Using pooled Channel '[id: 0x8f1d83e2, L:/127.0.0.1:57609 - R:localhost/127.0.0.1:63367]' for 'GET' to 'http://localhost:63367/session/5d4f58e6616e7ec2df5f17e6a06ba77b/element/37d79e31-fe06-428d-908d-b6d349f35bbf/name'
17:43:00.459 [Forwarding getElementTagName on session 5d4f58e6616e7ec2df5f17e6a06ba77b to remote] DEBUG org.asynchttpclient.netty.request.NettyRequestSender - Using open Channel [id: 0x8f1d83e2, L:/127.0.0.1:57609 - R:localhost/127.0.0.1:63367] for GET '/session/5d4f58e6616e7ec2df5f17e6a06ba77b/element/37d79e31-fe06-428d-908d-b6d349f35bbf/name'
17:43:00.464 [AsyncHttpClient-1-4] DEBUG org.asynchttpclient.netty.handler.HttpHandler - 

Request DefaultFullHttpRequest(decodeResult: success, version: HTTP/1.1, content: EmptyByteBufBE)
GET /session/5d4f58e6616e7ec2df5f17e6a06ba77b/element/37d79e31-fe06-428d-908d-b6d349f35bbf/name HTTP/1.1
User-Agent: selenium/4.1.2 (java windows)
Cache-Control: no-cache
Content-Type: application/json; charset=utf-8
host: localhost:63367
accept: */*

Response DefaultHttpResponse(decodeResult: success, version: HTTP/1.1)
HTTP/1.1 200 OK
Content-Type: application/json; charset=utf-8
cache-control: no-cache
content-length: 18

17:43:00.464 [AsyncHttpClient-1-4] DEBUG org.asynchttpclient.netty.channel.ChannelManager - Adding key: http://localhost:63367 for channel [id: 0x8f1d83e2, L:/127.0.0.1:57609 - R:localhost/127.0.0.1:63367]
17:43:00.466 [Forwarding getElementTagName on session 5d4f58e6616e7ec2df5f17e6a06ba77b to remote] DEBUG org.asynchttpclient.netty.request.NettyRequestSender - Using pooled Channel '[id: 0x8f1d83e2, L:/127.0.0.1:57609 - R:localhost/127.0.0.1:63367]' for 'GET' to 'http://localhost:63367/session/5d4f58e6616e7ec2df5f17e6a06ba77b/element/37d79e31-fe06-428d-908d-b6d349f35bbf/name'
17:43:00.466 [Forwarding getElementTagName on session 5d4f58e6616e7ec2df5f17e6a06ba77b to remote] DEBUG org.asynchttpclient.netty.request.NettyRequestSender - Using open Channel [id: 0x8f1d83e2, L:/127.0.0.1:57609 - R:localhost/127.0.0.1:63367] for GET '/session/5d4f58e6616e7ec2df5f17e6a06ba77b/element/37d79e31-fe06-428d-908d-b6d349f35bbf/name'
17:43:00.470 [AsyncHttpClient-1-4] DEBUG org.asynchttpclient.netty.handler.HttpHandler - 

Request DefaultFullHttpRequest(decodeResult: success, version: HTTP/1.1, content: EmptyByteBufBE)
GET /session/5d4f58e6616e7ec2df5f17e6a06ba77b/element/37d79e31-fe06-428d-908d-b6d349f35bbf/name HTTP/1.1
User-Agent: selenium/4.1.2 (java windows)
Cache-Control: no-cache
Content-Type: application/json; charset=utf-8
host: localhost:63367
accept: */*

Response DefaultHttpResponse(decodeResult: success, version: HTTP/1.1)
HTTP/1.1 200 OK
Content-Type: application/json; charset=utf-8
cache-control: no-cache
content-length: 18

17:43:00.470 [AsyncHttpClient-1-4] DEBUG org.asynchttpclient.netty.channel.ChannelManager - Adding key: http://localhost:63367 for channel [id: 0x8f1d83e2, L:/127.0.0.1:57609 - R:localhost/127.0.0.1:63367]
17:43:00.472 [Forwarding isElementEnabled on session 5d4f58e6616e7ec2df5f17e6a06ba77b to remote] DEBUG org.asynchttpclient.netty.request.NettyRequestSender - Using pooled Channel '[id: 0x8f1d83e2, L:/127.0.0.1:57609 - R:localhost/127.0.0.1:63367]' for 'GET' to 'http://localhost:63367/session/5d4f58e6616e7ec2df5f17e6a06ba77b/element/37d79e31-fe06-428d-908d-b6d349f35bbf/enabled'
17:43:00.472 [Forwarding isElementEnabled on session 5d4f58e6616e7ec2df5f17e6a06ba77b to remote] DEBUG org.asynchttpclient.netty.request.NettyRequestSender - Using open Channel [id: 0x8f1d83e2, L:/127.0.0.1:57609 - R:localhost/127.0.0.1:63367] for GET '/session/5d4f58e6616e7ec2df5f17e6a06ba77b/element/37d79e31-fe06-428d-908d-b6d349f35bbf/enabled'
17:43:00.483 [AsyncHttpClient-1-4] DEBUG org.asynchttpclient.netty.handler.HttpHandler - 

Request DefaultFullHttpRequest(decodeResult: success, version: HTTP/1.1, content: EmptyByteBufBE)
GET /session/5d4f58e6616e7ec2df5f17e6a06ba77b/element/37d79e31-fe06-428d-908d-b6d349f35bbf/enabled HTTP/1.1
User-Agent: selenium/4.1.2 (java windows)
Cache-Control: no-cache
Content-Type: application/json; charset=utf-8
host: localhost:63367
accept: */*

Response DefaultHttpResponse(decodeResult: success, version: HTTP/1.1)
HTTP/1.1 200 OK
Content-Type: application/json; charset=utf-8
cache-control: no-cache
content-length: 14

17:43:00.483 [AsyncHttpClient-1-4] DEBUG org.asynchttpclient.netty.channel.ChannelManager - Adding key: http://localhost:63367 for channel [id: 0x8f1d83e2, L:/127.0.0.1:57609 - R:localhost/127.0.0.1:63367]
17:43:00.484 [Forwarding isElementEnabled on session 5d4f58e6616e7ec2df5f17e6a06ba77b to remote] DEBUG org.asynchttpclient.netty.request.NettyRequestSender - Using pooled Channel '[id: 0x8f1d83e2, L:/127.0.0.1:57609 - R:localhost/127.0.0.1:63367]' for 'GET' to 'http://localhost:63367/session/5d4f58e6616e7ec2df5f17e6a06ba77b/element/37d79e31-fe06-428d-908d-b6d349f35bbf/enabled'
17:43:00.485 [Forwarding isElementEnabled on session 5d4f58e6616e7ec2df5f17e6a06ba77b to remote] DEBUG org.asynchttpclient.netty.request.NettyRequestSender - Using open Channel [id: 0x8f1d83e2, L:/127.0.0.1:57609 - R:localhost/127.0.0.1:63367] for GET '/session/5d4f58e6616e7ec2df5f17e6a06ba77b/element/37d79e31-fe06-428d-908d-b6d349f35bbf/enabled'
17:43:00.493 [AsyncHttpClient-1-4] DEBUG org.asynchttpclient.netty.handler.HttpHandler - 

Request DefaultFullHttpRequest(decodeResult: success, version: HTTP/1.1, content: EmptyByteBufBE)
GET /session/5d4f58e6616e7ec2df5f17e6a06ba77b/element/37d79e31-fe06-428d-908d-b6d349f35bbf/enabled HTTP/1.1
User-Agent: selenium/4.1.2 (java windows)
Cache-Control: no-cache
Content-Type: application/json; charset=utf-8
host: localhost:63367
accept: */*

Response DefaultHttpResponse(decodeResult: success, version: HTTP/1.1)
HTTP/1.1 200 OK
Content-Type: application/json; charset=utf-8
cache-control: no-cache
content-length: 14

17:43:00.493 [AsyncHttpClient-1-4] DEBUG org.asynchttpclient.netty.channel.ChannelManager - Adding key: http://localhost:63367 for channel [id: 0x8f1d83e2, L:/127.0.0.1:57609 - R:localhost/127.0.0.1:63367]
17:43:00.495 [Forwarding findElement on session 5d4f58e6616e7ec2df5f17e6a06ba77b to remote] DEBUG org.asynchttpclient.netty.request.NettyRequestSender - Using pooled Channel '[id: 0x8f1d83e2, L:/127.0.0.1:57609 - R:localhost/127.0.0.1:63367]' for 'POST' to 'http://localhost:63367/session/5d4f58e6616e7ec2df5f17e6a06ba77b/element'
17:43:00.495 [Forwarding findElement on session 5d4f58e6616e7ec2df5f17e6a06ba77b to remote] DEBUG org.asynchttpclient.netty.request.NettyRequestSender - Using open Channel [id: 0x8f1d83e2, L:/127.0.0.1:57609 - R:localhost/127.0.0.1:63367] for POST '/session/5d4f58e6616e7ec2df5f17e6a06ba77b/element'
17:43:00.506 [AsyncHttpClient-1-4] DEBUG org.asynchttpclient.netty.handler.HttpHandler - 

Request DefaultHttpRequest(decodeResult: success, version: HTTP/1.1)
POST /session/5d4f58e6616e7ec2df5f17e6a06ba77b/element HTTP/1.1
User-Agent: selenium/4.1.2 (java windows)
Content-Length: 161
Content-Type: application/json; charset=utf-8
host: localhost:63367
accept: */*

Response DefaultHttpResponse(decodeResult: success, version: HTTP/1.1)
HTTP/1.1 200 OK
Content-Type: application/json; charset=utf-8
cache-control: no-cache
content-length: 88

17:43:00.506 [AsyncHttpClient-1-4] DEBUG org.asynchttpclient.netty.channel.ChannelManager - Adding key: http://localhost:63367 for channel [id: 0x8f1d83e2, L:/127.0.0.1:57609 - R:localhost/127.0.0.1:63367]
17:43:00.507 [Forwarding clickElement on session 5d4f58e6616e7ec2df5f17e6a06ba77b to remote] DEBUG org.asynchttpclient.netty.request.NettyRequestSender - Using pooled Channel '[id: 0x8f1d83e2, L:/127.0.0.1:57609 - R:localhost/127.0.0.1:63367]' for 'POST' to 'http://localhost:63367/session/5d4f58e6616e7ec2df5f17e6a06ba77b/element/37d79e31-fe06-428d-908d-b6d349f35bbf/click'
17:43:00.507 [Forwarding clickElement on session 5d4f58e6616e7ec2df5f17e6a06ba77b to remote] DEBUG org.asynchttpclient.netty.request.NettyRequestSender - Using open Channel [id: 0x8f1d83e2, L:/127.0.0.1:57609 - R:localhost/127.0.0.1:63367] for POST '/session/5d4f58e6616e7ec2df5f17e6a06ba77b/element/37d79e31-fe06-428d-908d-b6d349f35bbf/click'
17:43:00.559 [AsyncHttpClient-1-4] DEBUG org.asynchttpclient.netty.handler.HttpHandler - 

Request DefaultHttpRequest(decodeResult: success, version: HTTP/1.1)
POST /session/5d4f58e6616e7ec2df5f17e6a06ba77b/element/37d79e31-fe06-428d-908d-b6d349f35bbf/click HTTP/1.1
User-Agent: selenium/4.1.2 (java windows)
Content-Length: 50
Content-Type: application/json; charset=utf-8
host: localhost:63367
accept: */*

Response DefaultHttpResponse(decodeResult: success, version: HTTP/1.1)
HTTP/1.1 200 OK
Content-Type: application/json; charset=utf-8
cache-control: no-cache
content-length: 14

17:43:00.559 [AsyncHttpClient-1-4] DEBUG org.asynchttpclient.netty.channel.ChannelManager - Adding key: http://localhost:63367 for channel [id: 0x8f1d83e2, L:/127.0.0.1:57609 - R:localhost/127.0.0.1:63367]
17:43:00.565 [Forwarding screenshot on session 5d4f58e6616e7ec2df5f17e6a06ba77b to remote] DEBUG org.asynchttpclient.netty.request.NettyRequestSender - Using pooled Channel '[id: 0x8f1d83e2, L:/127.0.0.1:57609 - R:localhost/127.0.0.1:63367]' for 'GET' to 'http://localhost:63367/session/5d4f58e6616e7ec2df5f17e6a06ba77b/screenshot'
17:43:00.565 [Forwarding screenshot on session 5d4f58e6616e7ec2df5f17e6a06ba77b to remote] DEBUG org.asynchttpclient.netty.request.NettyRequestSender - Using open Channel [id: 0x8f1d83e2, L:/127.0.0.1:57609 - R:localhost/127.0.0.1:63367] for GET '/session/5d4f58e6616e7ec2df5f17e6a06ba77b/screenshot'
17:43:00.600 [AsyncHttpClient-1-1] DEBUG org.asynchttpclient.netty.channel.DefaultChannelPool - Entry count for : http://localhost:57610 : 1
17:43:00.686 [AsyncHttpClient-1-4] DEBUG org.asynchttpclient.netty.handler.HttpHandler - 

Request DefaultFullHttpRequest(decodeResult: success, version: HTTP/1.1, content: EmptyByteBufBE)
GET /session/5d4f58e6616e7ec2df5f17e6a06ba77b/screenshot HTTP/1.1
User-Agent: selenium/4.1.2 (java windows)
Cache-Control: no-cache
Content-Type: application/json; charset=utf-8
host: localhost:63367
accept: */*

Response DefaultHttpResponse(decodeResult: success, version: HTTP/1.1)
HTTP/1.1 200 OK
Content-Type: application/json; charset=utf-8
cache-control: no-cache
content-length: 60080

17:43:00.686 [AsyncHttpClient-1-4] DEBUG org.asynchttpclient.netty.channel.ChannelManager - Adding key: http://localhost:63367 for channel [id: 0x8f1d83e2, L:/127.0.0.1:57609 - R:localhost/127.0.0.1:63367]
17:43:00.690 [main] DEBUG net.serenitybdd.core.photography.Darkroom - Send negative for processing for target\site\serenity\782f598f09a86bd14f92c8ed112848c11ff8ba88dcfc19b539abb0f9f34a9b29.png
17:43:00.690 [main] DEBUG net.thucydides.core.steps.StepInterceptor - STEP DONE: clickSearchButton
  &amp#27;[32mWhen &amp#27;[0m&amp#27;[32mI input patient date of birth and click search&amp#27;[0m            &amp#27;[90m# starter.stepdefinitions.PatientSteps.iInputPatientDateOfBirthAndClickSearch()&amp#27;[0m
17:43:00.690 [Darkroom Processing Line] DEBUG net.serenitybdd.core.photography.DarkroomProcessingLine - Processing screenshot image in /var/screenshots/screenshot-9438900205269164531
17:43:00.690 [Darkroom Processing Line] DEBUG net.serenitybdd.core.photography.DarkroomProcessingLine - Saving screenshot to target\site\serenity\782f598f09a86bd14f92c8ed112848c11ff8ba88dcfc19b539abb0f9f34a9b29.png
17:43:00.706 [Forwarding findElement on session 5d4f58e6616e7ec2df5f17e6a06ba77b to remote] DEBUG org.asynchttpclient.netty.request.NettyRequestSender - Using pooled Channel '[id: 0x8f1d83e2, L:/127.0.0.1:57609 - R:localhost/127.0.0.1:63367]' for 'POST' to 'http://localhost:63367/session/5d4f58e6616e7ec2df5f17e6a06ba77b/element'
17:43:00.707 [Forwarding findElement on session 5d4f58e6616e7ec2df5f17e6a06ba77b to remote] DEBUG org.asynchttpclient.netty.request.NettyRequestSender - Using open Channel [id: 0x8f1d83e2, L:/127.0.0.1:57609 - R:localhost/127.0.0.1:63367] for POST '/session/5d4f58e6616e7ec2df5f17e6a06ba77b/element'
17:43:00.823 [AsyncHttpClient-1-4] DEBUG org.asynchttpclient.netty.handler.HttpHandler - 

Request DefaultHttpRequest(decodeResult: success, version: HTTP/1.1)
POST /session/5d4f58e6616e7ec2df5f17e6a06ba77b/element HTTP/1.1
User-Agent: selenium/4.1.2 (java windows)
Content-Length: 76
Content-Type: application/json; charset=utf-8
host: localhost:63367
accept: */*

Response DefaultHttpResponse(decodeResult: success, version: HTTP/1.1)
HTTP/1.1 200 OK
Content-Type: application/json; charset=utf-8
cache-control: no-cache
content-length: 88

17:43:00.824 [AsyncHttpClient-1-4] DEBUG org.asynchttpclient.netty.channel.ChannelManager - Adding key: http://localhost:63367 for channel [id: 0x8f1d83e2, L:/127.0.0.1:57609 - R:localhost/127.0.0.1:63367]
17:43:00.844 [Forwarding isElementDisplayed on session 5d4f58e6616e7ec2df5f17e6a06ba77b to remote] DEBUG org.asynchttpclient.netty.request.NettyRequestSender - Using pooled Channel '[id: 0x8f1d83e2, L:/127.0.0.1:57609 - R:localhost/127.0.0.1:63367]' for 'POST' to 'http://localhost:63367/session/5d4f58e6616e7ec2df5f17e6a06ba77b/execute/sync'
17:43:00.844 [Forwarding isElementDisplayed on session 5d4f58e6616e7ec2df5f17e6a06ba77b to remote] DEBUG org.asynchttpclient.netty.request.NettyRequestSender - Using open Channel [id: 0x8f1d83e2, L:/127.0.0.1:57609 - R:localhost/127.0.0.1:63367] for POST '/session/5d4f58e6616e7ec2df5f17e6a06ba77b/execute/sync'
17:43:00.876 [AsyncHttpClient-1-4] DEBUG org.asynchttpclient.netty.handler.HttpHandler - 

Request DefaultHttpRequest(decodeResult: success, version: HTTP/1.1)
POST /session/5d4f58e6616e7ec2df5f17e6a06ba77b/execute/sync HTTP/1.1
User-Agent: selenium/4.1.2 (java windows)
Content-Length: 48780
Content-Type: application/json; charset=utf-8
host: localhost:63367
accept: */*

Response DefaultHttpResponse(decodeResult: success, version: HTTP/1.1)
HTTP/1.1 200 OK
Content-Type: application/json; charset=utf-8
cache-control: no-cache
content-length: 14

17:43:00.877 [AsyncHttpClient-1-4] DEBUG org.asynchttpclient.netty.channel.ChannelManager - Adding key: http://localhost:63367 for channel [id: 0x8f1d83e2, L:/127.0.0.1:57609 - R:localhost/127.0.0.1:63367]
  &amp#27;[32mThen &amp#27;[0m&amp#27;[32mI validate search by patient date of birth&amp#27;[0m                &amp#27;[90m# starter.stepdefinitions.PatientSteps.iValidateSearchByPatientDateOfBirth()&amp#27;[0m
17:43:00.885 [Forwarding screenshot on session 5d4f58e6616e7ec2df5f17e6a06ba77b to remote] DEBUG org.asynchttpclient.netty.request.NettyRequestSender - Using pooled Channel '[id: 0x8f1d83e2, L:/127.0.0.1:57609 - R:localhost/127.0.0.1:63367]' for 'GET' to 'http://localhost:63367/session/5d4f58e6616e7ec2df5f17e6a06ba77b/screenshot'
17:43:00.885 [Forwarding screenshot on session 5d4f58e6616e7ec2df5f17e6a06ba77b to remote] DEBUG org.asynchttpclient.netty.request.NettyRequestSender - Using open Channel [id: 0x8f1d83e2, L:/127.0.0.1:57609 - R:localhost/127.0.0.1:63367] for GET '/session/5d4f58e6616e7ec2df5f17e6a06ba77b/screenshot'
17:43:00.993 [AsyncHttpClient-1-4] DEBUG org.asynchttpclient.netty.handler.HttpHandler - 

Request DefaultFullHttpRequest(decodeResult: success, version: HTTP/1.1, content: EmptyByteBufBE)
GET /session/5d4f58e6616e7ec2df5f17e6a06ba77b/screenshot HTTP/1.1
User-Agent: selenium/4.1.2 (java windows)
Cache-Control: no-cache
Content-Type: application/json; charset=utf-8
host: localhost:63367
accept: */*

Response DefaultHttpResponse(decodeResult: success, version: HTTP/1.1)
HTTP/1.1 200 OK
Content-Type: application/json; charset=utf-8
cache-control: no-cache
content-length: 89232

17:43:00.994 [AsyncHttpClient-1-4] DEBUG org.asynchttpclient.netty.channel.ChannelManager - Adding key: http://localhost:63367 for channel [id: 0x8f1d83e2, L:/127.0.0.1:57609 - R:localhost/127.0.0.1:63367]
17:43:00.998 [main] DEBUG net.serenitybdd.core.photography.Darkroom - Send negative for processing for target\site\serenity\b12003788723153b6201946c09fa99ec47bdac62dfa6c080728ba1c2699aba2f.png
17:43:00.999 [Darkroom Processing Line] DEBUG net.serenitybdd.core.photography.DarkroomProcessingLine - Processing screenshot image in /var/screenshots/screenshot-5614224252551575707
17:43:00.999 [Darkroom Processing Line] DEBUG net.serenitybdd.core.photography.DarkroomProcessingLine - Saving screenshot to target\site\serenity\b12003788723153b6201946c09fa99ec47bdac62dfa6c080728ba1c2699aba2f.png
17:43:00.999 [main] INFO  - 
  _____   ___   ___   _____     ___     _     ___   ___   ___   ___  
 |_   _| | __| / __| |_   _|   | _ \   /_\   / __| / __| | __| |   \ 
   | |   | _|  \__ \   | |     |  _/  / _ \  \__ \ \__ \ | _|  | |) |
   |_|   |___| |___/   |_|     |_|   /_/ \_\ |___/ |___/ |___| |___/ 

Search Patient Based on Patient Date of Birth Scenario
----------------------------------------------------------------------
17:43:01.001 [AsyncHttpClient-1-6] DEBUG org.asynchttpclient.netty.handler.WebSocketHandler - Channel Closed: [id: 0x9c49b1a4, L:/127.0.0.1:57617 ! R:localhost/127.0.0.1:57610] with attribute NettyResponseFuture{currentRetry=5,
	isDone=1,
	isCancelled=0,
	asyncHandler=org.asynchttpclient.ws.WebSocketUpgradeHandler@6e5f0099,
	nettyRequest=org.asynchttpclient.netty.request.NettyRequest@3ec4b13a,
	future=java.util.concurrent.CompletableFuture@bbc07a6[Completed normally],
	uri=ws://localhost:57610/devtools/browser/97f7cf0b-3013-4921-bbbb-dd6ddf1a7002,
	keepAlive=true,
	redirectCount=0,
	timeoutsHolder=null,
	inAuth=0,
	touch=1655548975656}
17:43:01.001 [AsyncHttpClient-1-6] DEBUG org.asynchttpclient.netty.channel.ChannelManager - Closing Channel [id: 0x9c49b1a4, L:/127.0.0.1:57617 ! R:localhost/127.0.0.1:57610] 
17:43:01.001 [Driver Command Executor] DEBUG org.asynchttpclient.netty.request.NettyRequestSender - Using pooled Channel '[id: 0x8f1d83e2, L:/127.0.0.1:57609 - R:localhost/127.0.0.1:63367]' for 'DELETE' to 'http://localhost:63367/session/5d4f58e6616e7ec2df5f17e6a06ba77b'
17:43:01.001 [Driver Command Executor] DEBUG org.asynchttpclient.netty.request.NettyRequestSender - Using open Channel [id: 0x8f1d83e2, L:/127.0.0.1:57609 - R:localhost/127.0.0.1:63367] for DELETE '/session/5d4f58e6616e7ec2df5f17e6a06ba77b'
17:43:01.028 [AsyncHttpClient-1-5] DEBUG org.asynchttpclient.netty.handler.HttpHandler - Unexpected I/O exception on channel [id: 0x56ea7aec, L:/127.0.0.1:57616 - R:localhost/127.0.0.1:57610]
java.net.SocketException: Connection reset
	at java.base/sun.nio.ch.SocketChannelImpl.throwConnectionReset(SocketChannelImpl.java:367)
	at java.base/sun.nio.ch.SocketChannelImpl.read(SocketChannelImpl.java:398)
	at io.netty.buffer.PooledByteBuf.setBytes(PooledByteBuf.java:258)
	at io.netty.buffer.AbstractByteBuf.writeBytes(AbstractByteBuf.java:1132)
	at io.netty.channel.socket.nio.NioSocketChannel.doReadBytes(NioSocketChannel.java:350)
	at io.netty.channel.nio.AbstractNioByteChannel$NioByteUnsafe.read(AbstractNioByteChannel.java:151)
	at io.netty.channel.nio.NioEventLoop.processSelectedKey(NioEventLoop.java:722)
	at io.netty.channel.nio.NioEventLoop.processSelectedKeysOptimized(NioEventLoop.java:658)
	at io.netty.channel.nio.NioEventLoop.processSelectedKeys(NioEventLoop.java:584)
	at io.netty.channel.nio.NioEventLoop.run(NioEventLoop.java:496)
	at io.netty.util.concurrent.SingleThreadEventExecutor$4.run(SingleThreadEventExecutor.java:986)
	at io.netty.util.internal.ThreadExecutorMap$2.run(ThreadExecutorMap.java:74)
	at io.netty.util.concurrent.FastThreadLocalRunnable.run(FastThreadLocalRunnable.java:30)
	at java.base/java.lang.Thread.run(Thread.java:832)
17:43:01.028 [AsyncHttpClient-1-5] DEBUG org.asynchttpclient.netty.channel.ChannelManager - Closing Channel [id: 0x56ea7aec, L:/127.0.0.1:57616 - R:localhost/127.0.0.1:57610] 
17:43:01.028 [AsyncHttpClient-1-5] DEBUG org.asynchttpclient.netty.handler.HttpHandler - Channel Closed: [id: 0x56ea7aec, L:/127.0.0.1:57616 ! R:localhost/127.0.0.1:57610] with attribute DISCARD
17:43:01.049 [AsyncHttpClient-1-4] DEBUG org.asynchttpclient.netty.handler.HttpHandler - 

Request DefaultFullHttpRequest(decodeResult: success, version: HTTP/1.1, content: EmptyByteBufBE)
DELETE /session/5d4f58e6616e7ec2df5f17e6a06ba77b HTTP/1.1
User-Agent: selenium/4.1.2 (java windows)
Content-Type: application/json; charset=utf-8
host: localhost:63367
accept: */*

Response DefaultHttpResponse(decodeResult: success, version: HTTP/1.1)
HTTP/1.1 200 OK
Content-Type: application/json; charset=utf-8
cache-control: no-cache
content-length: 14

17:43:01.050 [AsyncHttpClient-1-4] DEBUG org.asynchttpclient.netty.channel.ChannelManager - Adding key: http://localhost:63367 for channel [id: 0x8f1d83e2, L:/127.0.0.1:57609 - R:localhost/127.0.0.1:63367]
17:43:01.195 [AsyncHttpClient-1-4] DEBUG org.asynchttpclient.netty.handler.HttpHandler - Channel Closed: [id: 0x8f1d83e2, L:/127.0.0.1:57609 ! R:localhost/127.0.0.1:63367] with attribute DISCARD
17:43:01.702 [AsyncHttpClient-1-1] DEBUG org.asynchttpclient.netty.channel.DefaultChannelPool - Entry count for : http://localhost:57610 : 1
17:43:01.702 [AsyncHttpClient-1-1] DEBUG org.asynchttpclient.netty.channel.DefaultChannelPool - Entry count for : http://localhost:63367 : 1
17:43:01.702 [AsyncHttpClient-1-1] DEBUG org.asynchttpclient.netty.channel.DefaultChannelPool - Adding Candidate expired Channel [id: 0x56ea7aec, L:/127.0.0.1:57616 ! R:localhost/127.0.0.1:57610] isIdleTimeoutExpired=false isRemotelyClosed=true isTtlExpired=false
17:43:01.702 [AsyncHttpClient-1-1] DEBUG org.asynchttpclient.netty.channel.DefaultChannelPool - Closing Idle Channel [id: 0x56ea7aec, L:/127.0.0.1:57616 ! R:localhost/127.0.0.1:57610]
17:43:01.702 [AsyncHttpClient-1-1] DEBUG org.asynchttpclient.netty.channel.DefaultChannelPool - Adding Candidate expired Channel [id: 0x8f1d83e2, L:/127.0.0.1:57609 ! R:localhost/127.0.0.1:63367] isIdleTimeoutExpired=false isRemotelyClosed=true isTtlExpired=false
17:43:01.702 [AsyncHttpClient-1-1] DEBUG org.asynchttpclient.netty.channel.DefaultChannelPool - Closing Idle Channel [id: 0x8f1d83e2, L:/127.0.0.1:57609 ! R:localhost/127.0.0.1:63367]
17:43:01.702 [AsyncHttpClient-1-1] DEBUG org.asynchttpclient.netty.channel.DefaultChannelPool - Closed 2 connections out of 2 in 0 ms
]]></system-out>
    <system-err><![CDATA[Starting ChromeDriver 102.0.5005.61 (0e59bcc00cc4985ce39ad31c150065f159d95ad3-refs/branch-heads/5005@{#819}) on port 63367
Only local connections are allowed.
Please see https://chromedriver.chromium.org/security-considerations for suggestions on keeping ChromeDriver safe.
ChromeDriver was started successfully.
Jun 18, 2022 5:42:55 PM org.openqa.selenium.remote.ProtocolHandshake createSession
INFO: Detected dialect: W3C
Jun 18, 2022 5:42:55 PM org.openqa.selenium.devtools.CdpVersionFinder findNearestMatch
WARNING: Unable to find an exact match for CDP version 102, so returning the closest version found: a no-op implementation
Jun 18, 2022 5:42:55 PM org.openqa.selenium.devtools.CdpVersionFinder findNearestMatch
INFO: Unable to find CDP implementation matching 102.
Jun 18, 2022 5:42:55 PM org.openqa.selenium.chromium.ChromiumDriver lambda$new$3
WARNING: Unable to find version of CDP to use for . You may need to include a dependency on a specific version of the CDP using something similar to `org.seleniumhq.selenium:selenium-devtools-v86:4.1.2` where the version ("v86") matches the version of the chromium-based browser you're using and the version number of the artifact is the same as Selenium's.
]]></system-err>
  </testcase>
  <testcase name="Search Patient Based on Patient Gender Scenario" classname="Patient" time="8.771">
    <system-out><![CDATA[
@Patient
Scenario: Search Patient Based on Patient Gender Scenario &amp#27;[90m# src/test/resources/features/2.Patient.feature:61&amp#27;[0m
17:43:01.759 [main] INFO io.cucumber.core.plugin.SerenityReporter - Running feature from file:///E:/My%20Documents/File%20Difa/TI%20Semester%206%20Kampus%20Merdeka%20Alterra/Tugas/CAPSTONE%20Project/Capstone-Project-Website/src/test/resources/features/2.Patient.feature
17:43:01.762 [main] INFO  - 
  _____   ___   ___   _____     ___   _____     _     ___   _____   ___   ___  
 |_   _| | __| / __| |_   _|   / __| |_   _|   /_\   | _ \ |_   _| | __| |   \ 
   | |   | _|  \__ \   | |     \__ \   | |    / _ \  |   /   | |   | _|  | |) |
   |_|   |___| |___/   |_|     |___/   |_|   /_/ \_\ |_|_\   |_|   |___| |___/ 

Search Patient Based on Patient Gender Scenario(patient;search-patient-based-on-patient-gender-scenario)
--------------------------------------------------------------------------------
17:43:01.790 [main] DEBUG net.thucydides.core.steps.StepInterceptor - STARTING STEP: PatientSteps.iAmAtTheDashboardPage - openUrl
17:43:01.795 [main] INFO net.serenitybdd.core.webdriver.driverproviders.ChromeDriverProvider - Using automatically driver download
17:43:01.956 [main] DEBUG io.github.bonigarcia.wdm.cache.ResolutionCache - Resolution chrome=102 in cache (valid until 18:14:23 18/06/2022 ICT)
17:43:02.007 [main] DEBUG io.github.bonigarcia.wdm.cache.ResolutionCache - Resolution chrome102=102.0.5005.61 in cache (valid until 17:29:52 19/06/2022 ICT)
17:43:02.011 [main] INFO io.github.bonigarcia.wdm.WebDriverManager - Using chromedriver 102.0.5005.61 (resolved driver for Chrome 102)
17:43:02.031 [main] DEBUG io.github.bonigarcia.wdm.WebDriverManager - Driver chromedriver 102.0.5005.61 found in cache
17:43:02.031 [main] INFO io.github.bonigarcia.wdm.WebDriverManager - Exporting webdriver.chrome.driver as C:\Users\USER\.cache\selenium\chromedriver\win32\102.0.5005.61\chromedriver.exe
17:43:02.184 [main] DEBUG net.serenitybdd.core.webdriver.driverproviders.ProvideNewDriver - Instantiating driver
17:43:02.184 [main] DEBUG net.serenitybdd.core.webdriver.driverproviders.ProvideNewDriver - Driver capabilities: Capabilities {acceptInsecureCerts: false, base.url: https://hospital-management..., browserName: chrome, chrome.driver: src/test/resources/webdrive..., driver: chrome, goog:chromeOptions: {args: [], extensions: []}}
17:43:02.718 [AsyncHttpClient-1-7] DEBUG org.asynchttpclient.netty.channel.NettyConnectListener - Using new Channel '[id: 0x91b89852, L:/127.0.0.1:57640 - R:localhost/127.0.0.1:65372]' for 'POST' to '/session'
17:43:03.728 [AsyncHttpClient-1-7] DEBUG org.asynchttpclient.netty.handler.HttpHandler - 

Request DefaultHttpRequest(decodeResult: success, version: HTTP/1.1)
POST /session HTTP/1.1
User-Agent: selenium/4.1.2 (java windows)
Content-Length: 621
Content-Type: application/json; charset=utf-8
host: localhost:65372
accept: */*

Response DefaultHttpResponse(decodeResult: success, version: HTTP/1.1)
HTTP/1.1 200 OK
Content-Type: application/json; charset=utf-8
cache-control: no-cache
content-length: 788

17:43:03.728 [AsyncHttpClient-1-7] DEBUG org.asynchttpclient.netty.channel.ChannelManager - Adding key: http://localhost:65372 for channel [id: 0x91b89852, L:/127.0.0.1:57640 - R:localhost/127.0.0.1:65372]
17:43:03.804 [AsyncHttpClient-1-8] DEBUG org.asynchttpclient.netty.channel.NettyConnectListener - Using new Channel '[id: 0x43476b28, L:/127.0.0.1:57646 - R:localhost/127.0.0.1:57641]' for 'GET' to '/json/version'
17:43:03.805 [AsyncHttpClient-1-8] DEBUG org.asynchttpclient.netty.handler.HttpHandler - 

Request DefaultFullHttpRequest(decodeResult: success, version: HTTP/1.1, content: EmptyByteBufBE)
GET /json/version HTTP/1.1
User-Agent: selenium/4.1.2 (java windows)
host: localhost:57641
accept: */*

Response DefaultHttpResponse(decodeResult: success, version: HTTP/1.1)
HTTP/1.1 200 OK
Content-Type: application/json; charset=UTF-8
content-length: 427

17:43:03.805 [AsyncHttpClient-1-8] DEBUG org.asynchttpclient.netty.channel.ChannelManager - Adding key: http://localhost:57641 for channel [id: 0x43476b28, L:/127.0.0.1:57646 - R:localhost/127.0.0.1:57641]
17:43:03.808 [AsyncHttpClient-1-9] DEBUG org.asynchttpclient.netty.channel.NettyConnectListener - Using new Channel '[id: 0x89b822f8, L:/127.0.0.1:57647 - R:localhost/127.0.0.1:57641]' for 'GET' to '/devtools/browser/88dae943-7a62-4061-bf4a-636278ba98ae'
17:43:03.808 [AsyncHttpClient-1-9] DEBUG org.asynchttpclient.netty.handler.WebSocketHandler - 

Request DefaultFullHttpRequest(decodeResult: success, version: HTTP/1.1, content: EmptyByteBufBE)
GET /devtools/browser/88dae943-7a62-4061-bf4a-636278ba98ae HTTP/1.1
upgrade: websocket
connection: upgrade
sec-websocket-key: LMAJ1lW15lxHmjrKs1rOBg==
sec-websocket-version: 13
origin: http://localhost:57641
host: localhost:57641
accept: */*
user-agent: AHC/2.1

Response DefaultHttpResponse(decodeResult: success, version: HTTP/1.1)
HTTP/1.1 101 WebSocket Protocol Handshake
Upgrade: WebSocket
Connection: Upgrade
Sec-WebSocket-Accept: Qp8nLv4+WG1lOSrQi4O6Bbc8RHY=

17:43:03.815 [Forwarding maximizeCurrentWindow on session 3fbde72bdfa9acd8dafa0d97c6eb481d to remote] DEBUG org.asynchttpclient.netty.request.NettyRequestSender - Using pooled Channel '[id: 0x91b89852, L:/127.0.0.1:57640 - R:localhost/127.0.0.1:65372]' for 'POST' to 'http://localhost:65372/session/3fbde72bdfa9acd8dafa0d97c6eb481d/window/maximize'
17:43:03.815 [Forwarding maximizeCurrentWindow on session 3fbde72bdfa9acd8dafa0d97c6eb481d to remote] DEBUG org.asynchttpclient.netty.request.NettyRequestSender - Using open Channel [id: 0x91b89852, L:/127.0.0.1:57640 - R:localhost/127.0.0.1:65372] for POST '/session/3fbde72bdfa9acd8dafa0d97c6eb481d/window/maximize'
17:43:03.901 [AsyncHttpClient-1-1] DEBUG org.asynchttpclient.netty.channel.DefaultChannelPool - Entry count for : http://localhost:57641 : 1
17:43:03.930 [AsyncHttpClient-1-7] DEBUG org.asynchttpclient.netty.handler.HttpHandler - 

Request DefaultHttpRequest(decodeResult: success, version: HTTP/1.1)
POST /session/3fbde72bdfa9acd8dafa0d97c6eb481d/window/maximize HTTP/1.1
User-Agent: selenium/4.1.2 (java windows)
Content-Length: 3
Content-Type: application/json; charset=utf-8
host: localhost:65372
accept: */*

Response DefaultHttpResponse(decodeResult: success, version: HTTP/1.1)
HTTP/1.1 200 OK
Content-Type: application/json; charset=utf-8
cache-control: no-cache
content-length: 51

17:43:03.931 [AsyncHttpClient-1-7] DEBUG org.asynchttpclient.netty.channel.ChannelManager - Adding key: http://localhost:65372 for channel [id: 0x91b89852, L:/127.0.0.1:57640 - R:localhost/127.0.0.1:65372]
17:43:03.932 [Forwarding get on session 3fbde72bdfa9acd8dafa0d97c6eb481d to remote] DEBUG org.asynchttpclient.netty.request.NettyRequestSender - Using pooled Channel '[id: 0x91b89852, L:/127.0.0.1:57640 - R:localhost/127.0.0.1:65372]' for 'POST' to 'http://localhost:65372/session/3fbde72bdfa9acd8dafa0d97c6eb481d/url'
17:43:03.932 [Forwarding get on session 3fbde72bdfa9acd8dafa0d97c6eb481d to remote] DEBUG org.asynchttpclient.netty.request.NettyRequestSender - Using open Channel [id: 0x91b89852, L:/127.0.0.1:57640 - R:localhost/127.0.0.1:65372] for POST '/session/3fbde72bdfa9acd8dafa0d97c6eb481d/url'
17:43:05.000 [AsyncHttpClient-1-1] DEBUG org.asynchttpclient.netty.channel.DefaultChannelPool - Entry count for : http://localhost:57641 : 1
17:43:06.101 [AsyncHttpClient-1-1] DEBUG org.asynchttpclient.netty.channel.DefaultChannelPool - Entry count for : http://localhost:57641 : 1
17:43:07.201 [AsyncHttpClient-1-1] DEBUG org.asynchttpclient.netty.channel.DefaultChannelPool - Entry count for : http://localhost:57641 : 1
17:43:07.676 [AsyncHttpClient-1-7] DEBUG org.asynchttpclient.netty.handler.HttpHandler - 

Request DefaultHttpRequest(decodeResult: success, version: HTTP/1.1)
POST /session/3fbde72bdfa9acd8dafa0d97c6eb481d/url HTTP/1.1
User-Agent: selenium/4.1.2 (java windows)
Content-Length: 65
Content-Type: application/json; charset=utf-8
host: localhost:65372
accept: */*

Response DefaultHttpResponse(decodeResult: success, version: HTTP/1.1)
HTTP/1.1 200 OK
Content-Type: application/json; charset=utf-8
cache-control: no-cache
content-length: 14

17:43:07.676 [AsyncHttpClient-1-7] DEBUG org.asynchttpclient.netty.channel.ChannelManager - Adding key: http://localhost:65372 for channel [id: 0x91b89852, L:/127.0.0.1:57640 - R:localhost/127.0.0.1:65372]
17:43:07.678 [Forwarding setTimeout on session 3fbde72bdfa9acd8dafa0d97c6eb481d to remote] DEBUG org.asynchttpclient.netty.request.NettyRequestSender - Using pooled Channel '[id: 0x91b89852, L:/127.0.0.1:57640 - R:localhost/127.0.0.1:65372]' for 'POST' to 'http://localhost:65372/session/3fbde72bdfa9acd8dafa0d97c6eb481d/timeouts'
17:43:07.678 [Forwarding setTimeout on session 3fbde72bdfa9acd8dafa0d97c6eb481d to remote] DEBUG org.asynchttpclient.netty.request.NettyRequestSender - Using open Channel [id: 0x91b89852, L:/127.0.0.1:57640 - R:localhost/127.0.0.1:65372] for POST '/session/3fbde72bdfa9acd8dafa0d97c6eb481d/timeouts'
17:43:07.680 [AsyncHttpClient-1-7] DEBUG org.asynchttpclient.netty.handler.HttpHandler - 

Request DefaultHttpRequest(decodeResult: success, version: HTTP/1.1)
POST /session/3fbde72bdfa9acd8dafa0d97c6eb481d/timeouts HTTP/1.1
User-Agent: selenium/4.1.2 (java windows)
Content-Length: 22
Content-Type: application/json; charset=utf-8
host: localhost:65372
accept: */*

Response DefaultHttpResponse(decodeResult: success, version: HTTP/1.1)
HTTP/1.1 200 OK
Content-Type: application/json; charset=utf-8
cache-control: no-cache
content-length: 14

17:43:07.680 [AsyncHttpClient-1-7] DEBUG org.asynchttpclient.netty.channel.ChannelManager - Adding key: http://localhost:65372 for channel [id: 0x91b89852, L:/127.0.0.1:57640 - R:localhost/127.0.0.1:65372]
17:43:07.685 [Forwarding getCurrentUrl on session 3fbde72bdfa9acd8dafa0d97c6eb481d to remote] DEBUG org.asynchttpclient.netty.request.NettyRequestSender - Using pooled Channel '[id: 0x91b89852, L:/127.0.0.1:57640 - R:localhost/127.0.0.1:65372]' for 'GET' to 'http://localhost:65372/session/3fbde72bdfa9acd8dafa0d97c6eb481d/url'
17:43:07.685 [Forwarding getCurrentUrl on session 3fbde72bdfa9acd8dafa0d97c6eb481d to remote] DEBUG org.asynchttpclient.netty.request.NettyRequestSender - Using open Channel [id: 0x91b89852, L:/127.0.0.1:57640 - R:localhost/127.0.0.1:65372] for GET '/session/3fbde72bdfa9acd8dafa0d97c6eb481d/url'
17:43:07.693 [AsyncHttpClient-1-7] DEBUG org.asynchttpclient.netty.handler.HttpHandler - 

Request DefaultFullHttpRequest(decodeResult: success, version: HTTP/1.1, content: EmptyByteBufBE)
GET /session/3fbde72bdfa9acd8dafa0d97c6eb481d/url HTTP/1.1
User-Agent: selenium/4.1.2 (java windows)
Cache-Control: no-cache
Content-Type: application/json; charset=utf-8
host: localhost:65372
accept: */*

Response DefaultHttpResponse(decodeResult: success, version: HTTP/1.1)
HTTP/1.1 200 OK
Content-Type: application/json; charset=utf-8
cache-control: no-cache
content-length: 53

17:43:07.693 [AsyncHttpClient-1-7] DEBUG org.asynchttpclient.netty.channel.ChannelManager - Adding key: http://localhost:65372 for channel [id: 0x91b89852, L:/127.0.0.1:57640 - R:localhost/127.0.0.1:65372]
17:43:07.703 [Forwarding getCurrentUrl on session 3fbde72bdfa9acd8dafa0d97c6eb481d to remote] DEBUG org.asynchttpclient.netty.request.NettyRequestSender - Using pooled Channel '[id: 0x91b89852, L:/127.0.0.1:57640 - R:localhost/127.0.0.1:65372]' for 'GET' to 'http://localhost:65372/session/3fbde72bdfa9acd8dafa0d97c6eb481d/url'
17:43:07.703 [Forwarding getCurrentUrl on session 3fbde72bdfa9acd8dafa0d97c6eb481d to remote] DEBUG org.asynchttpclient.netty.request.NettyRequestSender - Using open Channel [id: 0x91b89852, L:/127.0.0.1:57640 - R:localhost/127.0.0.1:65372] for GET '/session/3fbde72bdfa9acd8dafa0d97c6eb481d/url'
17:43:07.710 [AsyncHttpClient-1-7] DEBUG org.asynchttpclient.netty.handler.HttpHandler - 

Request DefaultFullHttpRequest(decodeResult: success, version: HTTP/1.1, content: EmptyByteBufBE)
GET /session/3fbde72bdfa9acd8dafa0d97c6eb481d/url HTTP/1.1
User-Agent: selenium/4.1.2 (java windows)
Cache-Control: no-cache
Content-Type: application/json; charset=utf-8
host: localhost:65372
accept: */*

Response DefaultHttpResponse(decodeResult: success, version: HTTP/1.1)
HTTP/1.1 200 OK
Content-Type: application/json; charset=utf-8
cache-control: no-cache
content-length: 53

17:43:07.711 [AsyncHttpClient-1-7] DEBUG org.asynchttpclient.netty.channel.ChannelManager - Adding key: http://localhost:65372 for channel [id: 0x91b89852, L:/127.0.0.1:57640 - R:localhost/127.0.0.1:65372]
17:43:07.722 [Forwarding screenshot on session 3fbde72bdfa9acd8dafa0d97c6eb481d to remote] DEBUG org.asynchttpclient.netty.request.NettyRequestSender - Using pooled Channel '[id: 0x91b89852, L:/127.0.0.1:57640 - R:localhost/127.0.0.1:65372]' for 'GET' to 'http://localhost:65372/session/3fbde72bdfa9acd8dafa0d97c6eb481d/screenshot'
17:43:07.722 [Forwarding screenshot on session 3fbde72bdfa9acd8dafa0d97c6eb481d to remote] DEBUG org.asynchttpclient.netty.request.NettyRequestSender - Using open Channel [id: 0x91b89852, L:/127.0.0.1:57640 - R:localhost/127.0.0.1:65372] for GET '/session/3fbde72bdfa9acd8dafa0d97c6eb481d/screenshot'
17:43:08.006 [AsyncHttpClient-1-7] DEBUG org.asynchttpclient.netty.handler.HttpHandler - 

Request DefaultFullHttpRequest(decodeResult: success, version: HTTP/1.1, content: EmptyByteBufBE)
GET /session/3fbde72bdfa9acd8dafa0d97c6eb481d/screenshot HTTP/1.1
User-Agent: selenium/4.1.2 (java windows)
Cache-Control: no-cache
Content-Type: application/json; charset=utf-8
host: localhost:65372
accept: */*

Response DefaultHttpResponse(decodeResult: success, version: HTTP/1.1)
HTTP/1.1 200 OK
Content-Type: application/json; charset=utf-8
cache-control: no-cache
content-length: 382596

17:43:08.008 [AsyncHttpClient-1-7] DEBUG org.asynchttpclient.netty.channel.ChannelManager - Adding key: http://localhost:65372 for channel [id: 0x91b89852, L:/127.0.0.1:57640 - R:localhost/127.0.0.1:65372]
17:43:08.046 [main] DEBUG net.serenitybdd.core.photography.Darkroom - Send negative for processing for target\site\serenity\ed15a54c91c342d96a850276df7b559f4526b370fc93040e3c407a48a170f368.png
17:43:08.047 [main] DEBUG net.thucydides.core.steps.StepInterceptor - STEP DONE: openUrl
17:43:08.055 [main] DEBUG net.thucydides.core.steps.StepInterceptor - STARTING STEP: PatientSteps.iAmAtTheDashboardPage - validateOnDashboardPage
17:43:08.058 [Forwarding findElement on session 3fbde72bdfa9acd8dafa0d97c6eb481d to remote] DEBUG org.asynchttpclient.netty.request.NettyRequestSender - Using pooled Channel '[id: 0x91b89852, L:/127.0.0.1:57640 - R:localhost/127.0.0.1:65372]' for 'POST' to 'http://localhost:65372/session/3fbde72bdfa9acd8dafa0d97c6eb481d/element'
17:43:08.058 [Forwarding findElement on session 3fbde72bdfa9acd8dafa0d97c6eb481d to remote] DEBUG org.asynchttpclient.netty.request.NettyRequestSender - Using open Channel [id: 0x91b89852, L:/127.0.0.1:57640 - R:localhost/127.0.0.1:65372] for POST '/session/3fbde72bdfa9acd8dafa0d97c6eb481d/element'
17:43:08.074 [AsyncHttpClient-1-7] DEBUG org.asynchttpclient.netty.handler.HttpHandler - 

Request DefaultHttpRequest(decodeResult: success, version: HTTP/1.1)
POST /session/3fbde72bdfa9acd8dafa0d97c6eb481d/element HTTP/1.1
User-Agent: selenium/4.1.2 (java windows)
Content-Length: 81
Content-Type: application/json; charset=utf-8
host: localhost:65372
accept: */*

Response DefaultHttpResponse(decodeResult: success, version: HTTP/1.1)
HTTP/1.1 200 OK
Content-Type: application/json; charset=utf-8
cache-control: no-cache
content-length: 88

17:43:08.075 [AsyncHttpClient-1-7] DEBUG org.asynchttpclient.netty.channel.ChannelManager - Adding key: http://localhost:65372 for channel [id: 0x91b89852, L:/127.0.0.1:57640 - R:localhost/127.0.0.1:65372]
17:43:08.078 [Forwarding isElementDisplayed on session 3fbde72bdfa9acd8dafa0d97c6eb481d to remote] DEBUG org.asynchttpclient.netty.request.NettyRequestSender - Using pooled Channel '[id: 0x91b89852, L:/127.0.0.1:57640 - R:localhost/127.0.0.1:65372]' for 'POST' to 'http://localhost:65372/session/3fbde72bdfa9acd8dafa0d97c6eb481d/execute/sync'
17:43:08.078 [Forwarding isElementDisplayed on session 3fbde72bdfa9acd8dafa0d97c6eb481d to remote] DEBUG org.asynchttpclient.netty.request.NettyRequestSender - Using open Channel [id: 0x91b89852, L:/127.0.0.1:57640 - R:localhost/127.0.0.1:65372] for POST '/session/3fbde72bdfa9acd8dafa0d97c6eb481d/execute/sync'
17:43:08.098 [AsyncHttpClient-1-7] DEBUG org.asynchttpclient.netty.handler.HttpHandler - 

Request DefaultHttpRequest(decodeResult: success, version: HTTP/1.1)
POST /session/3fbde72bdfa9acd8dafa0d97c6eb481d/execute/sync HTTP/1.1
User-Agent: selenium/4.1.2 (java windows)
Content-Length: 48780
Content-Type: application/json; charset=utf-8
host: localhost:65372
accept: */*

Response DefaultHttpResponse(decodeResult: success, version: HTTP/1.1)
HTTP/1.1 200 OK
Content-Type: application/json; charset=utf-8
cache-control: no-cache
content-length: 14

17:43:08.098 [AsyncHttpClient-1-7] DEBUG org.asynchttpclient.netty.channel.ChannelManager - Adding key: http://localhost:65372 for channel [id: 0x91b89852, L:/127.0.0.1:57640 - R:localhost/127.0.0.1:65372]
17:43:08.105 [Forwarding screenshot on session 3fbde72bdfa9acd8dafa0d97c6eb481d to remote] DEBUG org.asynchttpclient.netty.request.NettyRequestSender - Using pooled Channel '[id: 0x91b89852, L:/127.0.0.1:57640 - R:localhost/127.0.0.1:65372]' for 'GET' to 'http://localhost:65372/session/3fbde72bdfa9acd8dafa0d97c6eb481d/screenshot'
17:43:08.105 [Forwarding screenshot on session 3fbde72bdfa9acd8dafa0d97c6eb481d to remote] DEBUG org.asynchttpclient.netty.request.NettyRequestSender - Using open Channel [id: 0x91b89852, L:/127.0.0.1:57640 - R:localhost/127.0.0.1:65372] for GET '/session/3fbde72bdfa9acd8dafa0d97c6eb481d/screenshot'
17:43:08.301 [AsyncHttpClient-1-1] DEBUG org.asynchttpclient.netty.channel.DefaultChannelPool - Entry count for : http://localhost:57641 : 1
17:43:08.429 [AsyncHttpClient-1-7] DEBUG org.asynchttpclient.netty.handler.HttpHandler - 

Request DefaultFullHttpRequest(decodeResult: success, version: HTTP/1.1, content: EmptyByteBufBE)
GET /session/3fbde72bdfa9acd8dafa0d97c6eb481d/screenshot HTTP/1.1
User-Agent: selenium/4.1.2 (java windows)
Cache-Control: no-cache
Content-Type: application/json; charset=utf-8
host: localhost:65372
accept: */*

Response DefaultHttpResponse(decodeResult: success, version: HTTP/1.1)
HTTP/1.1 200 OK
Content-Type: application/json; charset=utf-8
cache-control: no-cache
content-length: 382596

17:43:08.431 [AsyncHttpClient-1-7] DEBUG org.asynchttpclient.netty.channel.ChannelManager - Adding key: http://localhost:65372 for channel [id: 0x91b89852, L:/127.0.0.1:57640 - R:localhost/127.0.0.1:65372]
17:43:08.458 [main] DEBUG net.serenitybdd.core.photography.Darkroom - Send negative for processing for target\site\serenity\ed15a54c91c342d96a850276df7b559f4526b370fc93040e3c407a48a170f368.png
17:43:08.459 [main] DEBUG net.thucydides.core.steps.StepInterceptor - STEP DONE: validateOnDashboardPage
  &amp#27;[32mGiven &amp#27;[0m&amp#27;[32mI am at the dashboard page&amp#27;[0m                        &amp#27;[90m# starter.stepdefinitions.PatientSteps.iAmAtTheDashboardPage()&amp#27;[0m
17:43:08.477 [main] DEBUG net.thucydides.core.steps.StepInterceptor - STARTING STEP: PatientSteps.iClickMenuPatient - clickMenuPatientButton
17:43:08.482 [Forwarding findElement on session 3fbde72bdfa9acd8dafa0d97c6eb481d to remote] DEBUG org.asynchttpclient.netty.request.NettyRequestSender - Using pooled Channel '[id: 0x91b89852, L:/127.0.0.1:57640 - R:localhost/127.0.0.1:65372]' for 'POST' to 'http://localhost:65372/session/3fbde72bdfa9acd8dafa0d97c6eb481d/element'
17:43:08.482 [Forwarding findElement on session 3fbde72bdfa9acd8dafa0d97c6eb481d to remote] DEBUG org.asynchttpclient.netty.request.NettyRequestSender - Using open Channel [id: 0x91b89852, L:/127.0.0.1:57640 - R:localhost/127.0.0.1:65372] for POST '/session/3fbde72bdfa9acd8dafa0d97c6eb481d/element'
17:43:08.504 [AsyncHttpClient-1-7] DEBUG org.asynchttpclient.netty.handler.HttpHandler - 

Request DefaultHttpRequest(decodeResult: success, version: HTTP/1.1)
POST /session/3fbde72bdfa9acd8dafa0d97c6eb481d/element HTTP/1.1
User-Agent: selenium/4.1.2 (java windows)
Content-Length: 80
Content-Type: application/json; charset=utf-8
host: localhost:65372
accept: */*

Response DefaultHttpResponse(decodeResult: success, version: HTTP/1.1)
HTTP/1.1 200 OK
Content-Type: application/json; charset=utf-8
cache-control: no-cache
content-length: 88

17:43:08.504 [AsyncHttpClient-1-7] DEBUG org.asynchttpclient.netty.channel.ChannelManager - Adding key: http://localhost:65372 for channel [id: 0x91b89852, L:/127.0.0.1:57640 - R:localhost/127.0.0.1:65372]
17:43:08.506 [Forwarding getElementTagName on session 3fbde72bdfa9acd8dafa0d97c6eb481d to remote] DEBUG org.asynchttpclient.netty.request.NettyRequestSender - Using pooled Channel '[id: 0x91b89852, L:/127.0.0.1:57640 - R:localhost/127.0.0.1:65372]' for 'GET' to 'http://localhost:65372/session/3fbde72bdfa9acd8dafa0d97c6eb481d/element/b8c48356-5918-4671-8d2c-9b9f505b2cae/name'
17:43:08.506 [Forwarding getElementTagName on session 3fbde72bdfa9acd8dafa0d97c6eb481d to remote] DEBUG org.asynchttpclient.netty.request.NettyRequestSender - Using open Channel [id: 0x91b89852, L:/127.0.0.1:57640 - R:localhost/127.0.0.1:65372] for GET '/session/3fbde72bdfa9acd8dafa0d97c6eb481d/element/b8c48356-5918-4671-8d2c-9b9f505b2cae/name'
17:43:08.510 [AsyncHttpClient-1-7] DEBUG org.asynchttpclient.netty.handler.HttpHandler - 

Request DefaultFullHttpRequest(decodeResult: success, version: HTTP/1.1, content: EmptyByteBufBE)
GET /session/3fbde72bdfa9acd8dafa0d97c6eb481d/element/b8c48356-5918-4671-8d2c-9b9f505b2cae/name HTTP/1.1
User-Agent: selenium/4.1.2 (java windows)
Cache-Control: no-cache
Content-Type: application/json; charset=utf-8
host: localhost:65372
accept: */*

Response DefaultHttpResponse(decodeResult: success, version: HTTP/1.1)
HTTP/1.1 200 OK
Content-Type: application/json; charset=utf-8
cache-control: no-cache
content-length: 15

17:43:08.511 [AsyncHttpClient-1-7] DEBUG org.asynchttpclient.netty.channel.ChannelManager - Adding key: http://localhost:65372 for channel [id: 0x91b89852, L:/127.0.0.1:57640 - R:localhost/127.0.0.1:65372]
17:43:08.512 [Forwarding getElementTagName on session 3fbde72bdfa9acd8dafa0d97c6eb481d to remote] DEBUG org.asynchttpclient.netty.request.NettyRequestSender - Using pooled Channel '[id: 0x91b89852, L:/127.0.0.1:57640 - R:localhost/127.0.0.1:65372]' for 'GET' to 'http://localhost:65372/session/3fbde72bdfa9acd8dafa0d97c6eb481d/element/b8c48356-5918-4671-8d2c-9b9f505b2cae/name'
17:43:08.512 [Forwarding getElementTagName on session 3fbde72bdfa9acd8dafa0d97c6eb481d to remote] DEBUG org.asynchttpclient.netty.request.NettyRequestSender - Using open Channel [id: 0x91b89852, L:/127.0.0.1:57640 - R:localhost/127.0.0.1:65372] for GET '/session/3fbde72bdfa9acd8dafa0d97c6eb481d/element/b8c48356-5918-4671-8d2c-9b9f505b2cae/name'
17:43:08.516 [AsyncHttpClient-1-7] DEBUG org.asynchttpclient.netty.handler.HttpHandler - 

Request DefaultFullHttpRequest(decodeResult: success, version: HTTP/1.1, content: EmptyByteBufBE)
GET /session/3fbde72bdfa9acd8dafa0d97c6eb481d/element/b8c48356-5918-4671-8d2c-9b9f505b2cae/name HTTP/1.1
User-Agent: selenium/4.1.2 (java windows)
Cache-Control: no-cache
Content-Type: application/json; charset=utf-8
host: localhost:65372
accept: */*

Response DefaultHttpResponse(decodeResult: success, version: HTTP/1.1)
HTTP/1.1 200 OK
Content-Type: application/json; charset=utf-8
cache-control: no-cache
content-length: 15

17:43:08.516 [AsyncHttpClient-1-7] DEBUG org.asynchttpclient.netty.channel.ChannelManager - Adding key: http://localhost:65372 for channel [id: 0x91b89852, L:/127.0.0.1:57640 - R:localhost/127.0.0.1:65372]
17:43:08.518 [Forwarding findElement on session 3fbde72bdfa9acd8dafa0d97c6eb481d to remote] DEBUG org.asynchttpclient.netty.request.NettyRequestSender - Using pooled Channel '[id: 0x91b89852, L:/127.0.0.1:57640 - R:localhost/127.0.0.1:65372]' for 'POST' to 'http://localhost:65372/session/3fbde72bdfa9acd8dafa0d97c6eb481d/element'
17:43:08.518 [Forwarding findElement on session 3fbde72bdfa9acd8dafa0d97c6eb481d to remote] DEBUG org.asynchttpclient.netty.request.NettyRequestSender - Using open Channel [id: 0x91b89852, L:/127.0.0.1:57640 - R:localhost/127.0.0.1:65372] for POST '/session/3fbde72bdfa9acd8dafa0d97c6eb481d/element'
17:43:08.529 [AsyncHttpClient-1-7] DEBUG org.asynchttpclient.netty.handler.HttpHandler - 

Request DefaultHttpRequest(decodeResult: success, version: HTTP/1.1)
POST /session/3fbde72bdfa9acd8dafa0d97c6eb481d/element HTTP/1.1
User-Agent: selenium/4.1.2 (java windows)
Content-Length: 80
Content-Type: application/json; charset=utf-8
host: localhost:65372
accept: */*

Response DefaultHttpResponse(decodeResult: success, version: HTTP/1.1)
HTTP/1.1 200 OK
Content-Type: application/json; charset=utf-8
cache-control: no-cache
content-length: 88

17:43:08.529 [AsyncHttpClient-1-7] DEBUG org.asynchttpclient.netty.channel.ChannelManager - Adding key: http://localhost:65372 for channel [id: 0x91b89852, L:/127.0.0.1:57640 - R:localhost/127.0.0.1:65372]
17:43:08.530 [Forwarding clickElement on session 3fbde72bdfa9acd8dafa0d97c6eb481d to remote] DEBUG org.asynchttpclient.netty.request.NettyRequestSender - Using pooled Channel '[id: 0x91b89852, L:/127.0.0.1:57640 - R:localhost/127.0.0.1:65372]' for 'POST' to 'http://localhost:65372/session/3fbde72bdfa9acd8dafa0d97c6eb481d/element/b8c48356-5918-4671-8d2c-9b9f505b2cae/click'
17:43:08.530 [Forwarding clickElement on session 3fbde72bdfa9acd8dafa0d97c6eb481d to remote] DEBUG org.asynchttpclient.netty.request.NettyRequestSender - Using open Channel [id: 0x91b89852, L:/127.0.0.1:57640 - R:localhost/127.0.0.1:65372] for POST '/session/3fbde72bdfa9acd8dafa0d97c6eb481d/element/b8c48356-5918-4671-8d2c-9b9f505b2cae/click'
17:43:08.707 [AsyncHttpClient-1-7] DEBUG org.asynchttpclient.netty.handler.HttpHandler - 

Request DefaultHttpRequest(decodeResult: success, version: HTTP/1.1)
POST /session/3fbde72bdfa9acd8dafa0d97c6eb481d/element/b8c48356-5918-4671-8d2c-9b9f505b2cae/click HTTP/1.1
User-Agent: selenium/4.1.2 (java windows)
Content-Length: 50
Content-Type: application/json; charset=utf-8
host: localhost:65372
accept: */*

Response DefaultHttpResponse(decodeResult: success, version: HTTP/1.1)
HTTP/1.1 200 OK
Content-Type: application/json; charset=utf-8
cache-control: no-cache
content-length: 14

17:43:08.707 [AsyncHttpClient-1-7] DEBUG org.asynchttpclient.netty.channel.ChannelManager - Adding key: http://localhost:65372 for channel [id: 0x91b89852, L:/127.0.0.1:57640 - R:localhost/127.0.0.1:65372]
17:43:08.717 [Forwarding screenshot on session 3fbde72bdfa9acd8dafa0d97c6eb481d to remote] DEBUG org.asynchttpclient.netty.request.NettyRequestSender - Using pooled Channel '[id: 0x91b89852, L:/127.0.0.1:57640 - R:localhost/127.0.0.1:65372]' for 'GET' to 'http://localhost:65372/session/3fbde72bdfa9acd8dafa0d97c6eb481d/screenshot'
17:43:08.717 [Forwarding screenshot on session 3fbde72bdfa9acd8dafa0d97c6eb481d to remote] DEBUG org.asynchttpclient.netty.request.NettyRequestSender - Using open Channel [id: 0x91b89852, L:/127.0.0.1:57640 - R:localhost/127.0.0.1:65372] for GET '/session/3fbde72bdfa9acd8dafa0d97c6eb481d/screenshot'
17:43:08.828 [AsyncHttpClient-1-7] DEBUG org.asynchttpclient.netty.handler.HttpHandler - 

Request DefaultFullHttpRequest(decodeResult: success, version: HTTP/1.1, content: EmptyByteBufBE)
GET /session/3fbde72bdfa9acd8dafa0d97c6eb481d/screenshot HTTP/1.1
User-Agent: selenium/4.1.2 (java windows)
Cache-Control: no-cache
Content-Type: application/json; charset=utf-8
host: localhost:65372
accept: */*

Response DefaultHttpResponse(decodeResult: success, version: HTTP/1.1)
HTTP/1.1 200 OK
Content-Type: application/json; charset=utf-8
cache-control: no-cache
content-length: 55356

17:43:08.828 [AsyncHttpClient-1-7] DEBUG org.asynchttpclient.netty.channel.ChannelManager - Adding key: http://localhost:65372 for channel [id: 0x91b89852, L:/127.0.0.1:57640 - R:localhost/127.0.0.1:65372]
17:43:08.837 [main] DEBUG net.serenitybdd.core.photography.Darkroom - Send negative for processing for target\site\serenity\ba5e98368b8b80bc67dec291e300f29f857b0a624580ce977aa7580a9f0871db.png
17:43:08.837 [main] DEBUG net.thucydides.core.steps.StepInterceptor - STEP DONE: clickMenuPatientButton
  &amp#27;[32mAnd &amp#27;[0m&amp#27;[32mI click menu patient&amp#27;[0m                                &amp#27;[90m# starter.stepdefinitions.PatientSteps.iClickMenuPatient()&amp#27;[0m
17:43:08.855 [Forwarding findElement on session 3fbde72bdfa9acd8dafa0d97c6eb481d to remote] DEBUG org.asynchttpclient.netty.request.NettyRequestSender - Using pooled Channel '[id: 0x91b89852, L:/127.0.0.1:57640 - R:localhost/127.0.0.1:65372]' for 'POST' to 'http://localhost:65372/session/3fbde72bdfa9acd8dafa0d97c6eb481d/element'
17:43:08.855 [Forwarding findElement on session 3fbde72bdfa9acd8dafa0d97c6eb481d to remote] DEBUG org.asynchttpclient.netty.request.NettyRequestSender - Using open Channel [id: 0x91b89852, L:/127.0.0.1:57640 - R:localhost/127.0.0.1:65372] for POST '/session/3fbde72bdfa9acd8dafa0d97c6eb481d/element'
17:43:08.868 [AsyncHttpClient-1-7] DEBUG org.asynchttpclient.netty.handler.HttpHandler - 

Request DefaultHttpRequest(decodeResult: success, version: HTTP/1.1)
POST /session/3fbde72bdfa9acd8dafa0d97c6eb481d/element HTTP/1.1
User-Agent: selenium/4.1.2 (java windows)
Content-Length: 160
Content-Type: application/json; charset=utf-8
host: localhost:65372
accept: */*

Response DefaultHttpResponse(decodeResult: success, version: HTTP/1.1)
HTTP/1.1 200 OK
Content-Type: application/json; charset=utf-8
cache-control: no-cache
content-length: 88

17:43:08.869 [AsyncHttpClient-1-7] DEBUG org.asynchttpclient.netty.channel.ChannelManager - Adding key: http://localhost:65372 for channel [id: 0x91b89852, L:/127.0.0.1:57640 - R:localhost/127.0.0.1:65372]
17:43:08.870 [Forwarding clearElement on session 3fbde72bdfa9acd8dafa0d97c6eb481d to remote] DEBUG org.asynchttpclient.netty.request.NettyRequestSender - Using pooled Channel '[id: 0x91b89852, L:/127.0.0.1:57640 - R:localhost/127.0.0.1:65372]' for 'POST' to 'http://localhost:65372/session/3fbde72bdfa9acd8dafa0d97c6eb481d/element/a36c0644-80a1-47ea-a05e-4d6ef885b985/clear'
17:43:08.870 [Forwarding clearElement on session 3fbde72bdfa9acd8dafa0d97c6eb481d to remote] DEBUG org.asynchttpclient.netty.request.NettyRequestSender - Using open Channel [id: 0x91b89852, L:/127.0.0.1:57640 - R:localhost/127.0.0.1:65372] for POST '/session/3fbde72bdfa9acd8dafa0d97c6eb481d/element/a36c0644-80a1-47ea-a05e-4d6ef885b985/clear'
17:43:08.917 [AsyncHttpClient-1-7] DEBUG org.asynchttpclient.netty.handler.HttpHandler - 

Request DefaultHttpRequest(decodeResult: success, version: HTTP/1.1)
POST /session/3fbde72bdfa9acd8dafa0d97c6eb481d/element/a36c0644-80a1-47ea-a05e-4d6ef885b985/clear HTTP/1.1
User-Agent: selenium/4.1.2 (java windows)
Content-Length: 50
Content-Type: application/json; charset=utf-8
host: localhost:65372
accept: */*

Response DefaultHttpResponse(decodeResult: success, version: HTTP/1.1)
HTTP/1.1 200 OK
Content-Type: application/json; charset=utf-8
cache-control: no-cache
content-length: 14

17:43:08.917 [AsyncHttpClient-1-7] DEBUG org.asynchttpclient.netty.channel.ChannelManager - Adding key: http://localhost:65372 for channel [id: 0x91b89852, L:/127.0.0.1:57640 - R:localhost/127.0.0.1:65372]
17:43:08.919 [Forwarding sendKeysToElement on session 3fbde72bdfa9acd8dafa0d97c6eb481d to remote] DEBUG org.asynchttpclient.netty.request.NettyRequestSender - Using pooled Channel '[id: 0x91b89852, L:/127.0.0.1:57640 - R:localhost/127.0.0.1:65372]' for 'POST' to 'http://localhost:65372/session/3fbde72bdfa9acd8dafa0d97c6eb481d/element/a36c0644-80a1-47ea-a05e-4d6ef885b985/value'
17:43:08.919 [Forwarding sendKeysToElement on session 3fbde72bdfa9acd8dafa0d97c6eb481d to remote] DEBUG org.asynchttpclient.netty.request.NettyRequestSender - Using open Channel [id: 0x91b89852, L:/127.0.0.1:57640 - R:localhost/127.0.0.1:65372] for POST '/session/3fbde72bdfa9acd8dafa0d97c6eb481d/element/a36c0644-80a1-47ea-a05e-4d6ef885b985/value'
17:43:09.154 [AsyncHttpClient-1-7] DEBUG org.asynchttpclient.netty.handler.HttpHandler - 

Request DefaultHttpRequest(decodeResult: success, version: HTTP/1.1)
POST /session/3fbde72bdfa9acd8dafa0d97c6eb481d/element/a36c0644-80a1-47ea-a05e-4d6ef885b985/value HTTP/1.1
User-Agent: selenium/4.1.2 (java windows)
Content-Length: 141
Content-Type: application/json; charset=utf-8
host: localhost:65372
accept: */*

Response DefaultHttpResponse(decodeResult: success, version: HTTP/1.1)
HTTP/1.1 200 OK
Content-Type: application/json; charset=utf-8
cache-control: no-cache
content-length: 14

17:43:09.154 [AsyncHttpClient-1-7] DEBUG org.asynchttpclient.netty.channel.ChannelManager - Adding key: http://localhost:65372 for channel [id: 0x91b89852, L:/127.0.0.1:57640 - R:localhost/127.0.0.1:65372]
17:43:09.161 [Forwarding screenshot on session 3fbde72bdfa9acd8dafa0d97c6eb481d to remote] DEBUG org.asynchttpclient.netty.request.NettyRequestSender - Using pooled Channel '[id: 0x91b89852, L:/127.0.0.1:57640 - R:localhost/127.0.0.1:65372]' for 'GET' to 'http://localhost:65372/session/3fbde72bdfa9acd8dafa0d97c6eb481d/screenshot'
17:43:09.162 [Forwarding screenshot on session 3fbde72bdfa9acd8dafa0d97c6eb481d to remote] DEBUG org.asynchttpclient.netty.request.NettyRequestSender - Using open Channel [id: 0x91b89852, L:/127.0.0.1:57640 - R:localhost/127.0.0.1:65372] for GET '/session/3fbde72bdfa9acd8dafa0d97c6eb481d/screenshot'
17:43:09.272 [AsyncHttpClient-1-7] DEBUG org.asynchttpclient.netty.handler.HttpHandler - 

Request DefaultFullHttpRequest(decodeResult: success, version: HTTP/1.1, content: EmptyByteBufBE)
GET /session/3fbde72bdfa9acd8dafa0d97c6eb481d/screenshot HTTP/1.1
User-Agent: selenium/4.1.2 (java windows)
Cache-Control: no-cache
Content-Type: application/json; charset=utf-8
host: localhost:65372
accept: */*

Response DefaultHttpResponse(decodeResult: success, version: HTTP/1.1)
HTTP/1.1 200 OK
Content-Type: application/json; charset=utf-8
cache-control: no-cache
content-length: 65772

17:43:09.273 [AsyncHttpClient-1-7] DEBUG org.asynchttpclient.netty.channel.ChannelManager - Adding key: http://localhost:65372 for channel [id: 0x91b89852, L:/127.0.0.1:57640 - R:localhost/127.0.0.1:65372]
17:43:09.276 [main] DEBUG net.serenitybdd.core.photography.Darkroom - Send negative for processing for target\site\serenity\5e177866cc206dc2294212444a2e83ef97f41186867f5159c6de1e181c4f6ff4.png
17:43:09.277 [main] DEBUG net.thucydides.core.steps.StepInterceptor - STARTING STEP: PatientSteps.iInputPatientGenderAndClickSearch - clickSearchButton
17:43:09.277 [Darkroom Processing Line] DEBUG net.serenitybdd.core.photography.DarkroomProcessingLine - Processing screenshot image in /var/screenshots/screenshot-11012585766215864475
17:43:09.277 [Darkroom Processing Line] DEBUG net.serenitybdd.core.photography.DarkroomProcessingLine - Saving screenshot to target\site\serenity\5e177866cc206dc2294212444a2e83ef97f41186867f5159c6de1e181c4f6ff4.png
17:43:09.281 [Forwarding findElement on session 3fbde72bdfa9acd8dafa0d97c6eb481d to remote] DEBUG org.asynchttpclient.netty.request.NettyRequestSender - Using pooled Channel '[id: 0x91b89852, L:/127.0.0.1:57640 - R:localhost/127.0.0.1:65372]' for 'POST' to 'http://localhost:65372/session/3fbde72bdfa9acd8dafa0d97c6eb481d/element'
17:43:09.281 [Forwarding findElement on session 3fbde72bdfa9acd8dafa0d97c6eb481d to remote] DEBUG org.asynchttpclient.netty.request.NettyRequestSender - Using open Channel [id: 0x91b89852, L:/127.0.0.1:57640 - R:localhost/127.0.0.1:65372] for POST '/session/3fbde72bdfa9acd8dafa0d97c6eb481d/element'
17:43:09.343 [AsyncHttpClient-1-7] DEBUG org.asynchttpclient.netty.handler.HttpHandler - 

Request DefaultHttpRequest(decodeResult: success, version: HTTP/1.1)
POST /session/3fbde72bdfa9acd8dafa0d97c6eb481d/element HTTP/1.1
User-Agent: selenium/4.1.2 (java windows)
Content-Length: 161
Content-Type: application/json; charset=utf-8
host: localhost:65372
accept: */*

Response DefaultHttpResponse(decodeResult: success, version: HTTP/1.1)
HTTP/1.1 200 OK
Content-Type: application/json; charset=utf-8
cache-control: no-cache
content-length: 88

17:43:09.343 [AsyncHttpClient-1-7] DEBUG org.asynchttpclient.netty.channel.ChannelManager - Adding key: http://localhost:65372 for channel [id: 0x91b89852, L:/127.0.0.1:57640 - R:localhost/127.0.0.1:65372]
17:43:09.344 [Forwarding getElementTagName on session 3fbde72bdfa9acd8dafa0d97c6eb481d to remote] DEBUG org.asynchttpclient.netty.request.NettyRequestSender - Using pooled Channel '[id: 0x91b89852, L:/127.0.0.1:57640 - R:localhost/127.0.0.1:65372]' for 'GET' to 'http://localhost:65372/session/3fbde72bdfa9acd8dafa0d97c6eb481d/element/a79b5641-1e1d-41a9-81e6-fd1bb7b3180e/name'
17:43:09.345 [Forwarding getElementTagName on session 3fbde72bdfa9acd8dafa0d97c6eb481d to remote] DEBUG org.asynchttpclient.netty.request.NettyRequestSender - Using open Channel [id: 0x91b89852, L:/127.0.0.1:57640 - R:localhost/127.0.0.1:65372] for GET '/session/3fbde72bdfa9acd8dafa0d97c6eb481d/element/a79b5641-1e1d-41a9-81e6-fd1bb7b3180e/name'
17:43:09.350 [AsyncHttpClient-1-7] DEBUG org.asynchttpclient.netty.handler.HttpHandler - 

Request DefaultFullHttpRequest(decodeResult: success, version: HTTP/1.1, content: EmptyByteBufBE)
GET /session/3fbde72bdfa9acd8dafa0d97c6eb481d/element/a79b5641-1e1d-41a9-81e6-fd1bb7b3180e/name HTTP/1.1
User-Agent: selenium/4.1.2 (java windows)
Cache-Control: no-cache
Content-Type: application/json; charset=utf-8
host: localhost:65372
accept: */*

Response DefaultHttpResponse(decodeResult: success, version: HTTP/1.1)
HTTP/1.1 200 OK
Content-Type: application/json; charset=utf-8
cache-control: no-cache
content-length: 18

17:43:09.350 [AsyncHttpClient-1-7] DEBUG org.asynchttpclient.netty.channel.ChannelManager - Adding key: http://localhost:65372 for channel [id: 0x91b89852, L:/127.0.0.1:57640 - R:localhost/127.0.0.1:65372]
17:43:09.352 [Forwarding getElementTagName on session 3fbde72bdfa9acd8dafa0d97c6eb481d to remote] DEBUG org.asynchttpclient.netty.request.NettyRequestSender - Using pooled Channel '[id: 0x91b89852, L:/127.0.0.1:57640 - R:localhost/127.0.0.1:65372]' for 'GET' to 'http://localhost:65372/session/3fbde72bdfa9acd8dafa0d97c6eb481d/element/a79b5641-1e1d-41a9-81e6-fd1bb7b3180e/name'
17:43:09.352 [Forwarding getElementTagName on session 3fbde72bdfa9acd8dafa0d97c6eb481d to remote] DEBUG org.asynchttpclient.netty.request.NettyRequestSender - Using open Channel [id: 0x91b89852, L:/127.0.0.1:57640 - R:localhost/127.0.0.1:65372] for GET '/session/3fbde72bdfa9acd8dafa0d97c6eb481d/element/a79b5641-1e1d-41a9-81e6-fd1bb7b3180e/name'
17:43:09.356 [AsyncHttpClient-1-7] DEBUG org.asynchttpclient.netty.handler.HttpHandler - 

Request DefaultFullHttpRequest(decodeResult: success, version: HTTP/1.1, content: EmptyByteBufBE)
GET /session/3fbde72bdfa9acd8dafa0d97c6eb481d/element/a79b5641-1e1d-41a9-81e6-fd1bb7b3180e/name HTTP/1.1
User-Agent: selenium/4.1.2 (java windows)
Cache-Control: no-cache
Content-Type: application/json; charset=utf-8
host: localhost:65372
accept: */*

Response DefaultHttpResponse(decodeResult: success, version: HTTP/1.1)
HTTP/1.1 200 OK
Content-Type: application/json; charset=utf-8
cache-control: no-cache
content-length: 18

17:43:09.356 [AsyncHttpClient-1-7] DEBUG org.asynchttpclient.netty.channel.ChannelManager - Adding key: http://localhost:65372 for channel [id: 0x91b89852, L:/127.0.0.1:57640 - R:localhost/127.0.0.1:65372]
17:43:09.358 [Forwarding isElementEnabled on session 3fbde72bdfa9acd8dafa0d97c6eb481d to remote] DEBUG org.asynchttpclient.netty.request.NettyRequestSender - Using pooled Channel '[id: 0x91b89852, L:/127.0.0.1:57640 - R:localhost/127.0.0.1:65372]' for 'GET' to 'http://localhost:65372/session/3fbde72bdfa9acd8dafa0d97c6eb481d/element/a79b5641-1e1d-41a9-81e6-fd1bb7b3180e/enabled'
17:43:09.358 [Forwarding isElementEnabled on session 3fbde72bdfa9acd8dafa0d97c6eb481d to remote] DEBUG org.asynchttpclient.netty.request.NettyRequestSender - Using open Channel [id: 0x91b89852, L:/127.0.0.1:57640 - R:localhost/127.0.0.1:65372] for GET '/session/3fbde72bdfa9acd8dafa0d97c6eb481d/element/a79b5641-1e1d-41a9-81e6-fd1bb7b3180e/enabled'
17:43:09.368 [AsyncHttpClient-1-7] DEBUG org.asynchttpclient.netty.handler.HttpHandler - 

Request DefaultFullHttpRequest(decodeResult: success, version: HTTP/1.1, content: EmptyByteBufBE)
GET /session/3fbde72bdfa9acd8dafa0d97c6eb481d/element/a79b5641-1e1d-41a9-81e6-fd1bb7b3180e/enabled HTTP/1.1
User-Agent: selenium/4.1.2 (java windows)
Cache-Control: no-cache
Content-Type: application/json; charset=utf-8
host: localhost:65372
accept: */*

Response DefaultHttpResponse(decodeResult: success, version: HTTP/1.1)
HTTP/1.1 200 OK
Content-Type: application/json; charset=utf-8
cache-control: no-cache
content-length: 14

17:43:09.368 [AsyncHttpClient-1-7] DEBUG org.asynchttpclient.netty.channel.ChannelManager - Adding key: http://localhost:65372 for channel [id: 0x91b89852, L:/127.0.0.1:57640 - R:localhost/127.0.0.1:65372]
17:43:09.369 [Forwarding isElementEnabled on session 3fbde72bdfa9acd8dafa0d97c6eb481d to remote] DEBUG org.asynchttpclient.netty.request.NettyRequestSender - Using pooled Channel '[id: 0x91b89852, L:/127.0.0.1:57640 - R:localhost/127.0.0.1:65372]' for 'GET' to 'http://localhost:65372/session/3fbde72bdfa9acd8dafa0d97c6eb481d/element/a79b5641-1e1d-41a9-81e6-fd1bb7b3180e/enabled'
17:43:09.369 [Forwarding isElementEnabled on session 3fbde72bdfa9acd8dafa0d97c6eb481d to remote] DEBUG org.asynchttpclient.netty.request.NettyRequestSender - Using open Channel [id: 0x91b89852, L:/127.0.0.1:57640 - R:localhost/127.0.0.1:65372] for GET '/session/3fbde72bdfa9acd8dafa0d97c6eb481d/element/a79b5641-1e1d-41a9-81e6-fd1bb7b3180e/enabled'
17:43:09.375 [AsyncHttpClient-1-7] DEBUG org.asynchttpclient.netty.handler.HttpHandler - 

Request DefaultFullHttpRequest(decodeResult: success, version: HTTP/1.1, content: EmptyByteBufBE)
GET /session/3fbde72bdfa9acd8dafa0d97c6eb481d/element/a79b5641-1e1d-41a9-81e6-fd1bb7b3180e/enabled HTTP/1.1
User-Agent: selenium/4.1.2 (java windows)
Cache-Control: no-cache
Content-Type: application/json; charset=utf-8
host: localhost:65372
accept: */*

Response DefaultHttpResponse(decodeResult: success, version: HTTP/1.1)
HTTP/1.1 200 OK
Content-Type: application/json; charset=utf-8
cache-control: no-cache
content-length: 14

17:43:09.375 [AsyncHttpClient-1-7] DEBUG org.asynchttpclient.netty.channel.ChannelManager - Adding key: http://localhost:65372 for channel [id: 0x91b89852, L:/127.0.0.1:57640 - R:localhost/127.0.0.1:65372]
17:43:09.377 [Forwarding findElement on session 3fbde72bdfa9acd8dafa0d97c6eb481d to remote] DEBUG org.asynchttpclient.netty.request.NettyRequestSender - Using pooled Channel '[id: 0x91b89852, L:/127.0.0.1:57640 - R:localhost/127.0.0.1:65372]' for 'POST' to 'http://localhost:65372/session/3fbde72bdfa9acd8dafa0d97c6eb481d/element'
17:43:09.377 [Forwarding findElement on session 3fbde72bdfa9acd8dafa0d97c6eb481d to remote] DEBUG org.asynchttpclient.netty.request.NettyRequestSender - Using open Channel [id: 0x91b89852, L:/127.0.0.1:57640 - R:localhost/127.0.0.1:65372] for POST '/session/3fbde72bdfa9acd8dafa0d97c6eb481d/element'
17:43:09.385 [AsyncHttpClient-1-7] DEBUG org.asynchttpclient.netty.handler.HttpHandler - 

Request DefaultHttpRequest(decodeResult: success, version: HTTP/1.1)
POST /session/3fbde72bdfa9acd8dafa0d97c6eb481d/element HTTP/1.1
User-Agent: selenium/4.1.2 (java windows)
Content-Length: 161
Content-Type: application/json; charset=utf-8
host: localhost:65372
accept: */*

Response DefaultHttpResponse(decodeResult: success, version: HTTP/1.1)
HTTP/1.1 200 OK
Content-Type: application/json; charset=utf-8
cache-control: no-cache
content-length: 88

17:43:09.385 [AsyncHttpClient-1-7] DEBUG org.asynchttpclient.netty.channel.ChannelManager - Adding key: http://localhost:65372 for channel [id: 0x91b89852, L:/127.0.0.1:57640 - R:localhost/127.0.0.1:65372]
17:43:09.386 [Forwarding clickElement on session 3fbde72bdfa9acd8dafa0d97c6eb481d to remote] DEBUG org.asynchttpclient.netty.request.NettyRequestSender - Using pooled Channel '[id: 0x91b89852, L:/127.0.0.1:57640 - R:localhost/127.0.0.1:65372]' for 'POST' to 'http://localhost:65372/session/3fbde72bdfa9acd8dafa0d97c6eb481d/element/a79b5641-1e1d-41a9-81e6-fd1bb7b3180e/click'
17:43:09.386 [Forwarding clickElement on session 3fbde72bdfa9acd8dafa0d97c6eb481d to remote] DEBUG org.asynchttpclient.netty.request.NettyRequestSender - Using open Channel [id: 0x91b89852, L:/127.0.0.1:57640 - R:localhost/127.0.0.1:65372] for POST '/session/3fbde72bdfa9acd8dafa0d97c6eb481d/element/a79b5641-1e1d-41a9-81e6-fd1bb7b3180e/click'
17:43:09.401 [AsyncHttpClient-1-1] DEBUG org.asynchttpclient.netty.channel.DefaultChannelPool - Entry count for : http://localhost:57641 : 1
17:43:09.445 [AsyncHttpClient-1-7] DEBUG org.asynchttpclient.netty.handler.HttpHandler - 

Request DefaultHttpRequest(decodeResult: success, version: HTTP/1.1)
POST /session/3fbde72bdfa9acd8dafa0d97c6eb481d/element/a79b5641-1e1d-41a9-81e6-fd1bb7b3180e/click HTTP/1.1
User-Agent: selenium/4.1.2 (java windows)
Content-Length: 50
Content-Type: application/json; charset=utf-8
host: localhost:65372
accept: */*

Response DefaultHttpResponse(decodeResult: success, version: HTTP/1.1)
HTTP/1.1 200 OK
Content-Type: application/json; charset=utf-8
cache-control: no-cache
content-length: 14

17:43:09.445 [AsyncHttpClient-1-7] DEBUG org.asynchttpclient.netty.channel.ChannelManager - Adding key: http://localhost:65372 for channel [id: 0x91b89852, L:/127.0.0.1:57640 - R:localhost/127.0.0.1:65372]
17:43:09.455 [Forwarding screenshot on session 3fbde72bdfa9acd8dafa0d97c6eb481d to remote] DEBUG org.asynchttpclient.netty.request.NettyRequestSender - Using pooled Channel '[id: 0x91b89852, L:/127.0.0.1:57640 - R:localhost/127.0.0.1:65372]' for 'GET' to 'http://localhost:65372/session/3fbde72bdfa9acd8dafa0d97c6eb481d/screenshot'
17:43:09.455 [Forwarding screenshot on session 3fbde72bdfa9acd8dafa0d97c6eb481d to remote] DEBUG org.asynchttpclient.netty.request.NettyRequestSender - Using open Channel [id: 0x91b89852, L:/127.0.0.1:57640 - R:localhost/127.0.0.1:65372] for GET '/session/3fbde72bdfa9acd8dafa0d97c6eb481d/screenshot'
17:43:09.581 [AsyncHttpClient-1-7] DEBUG org.asynchttpclient.netty.handler.HttpHandler - 

Request DefaultFullHttpRequest(decodeResult: success, version: HTTP/1.1, content: EmptyByteBufBE)
GET /session/3fbde72bdfa9acd8dafa0d97c6eb481d/screenshot HTTP/1.1
User-Agent: selenium/4.1.2 (java windows)
Cache-Control: no-cache
Content-Type: application/json; charset=utf-8
host: localhost:65372
accept: */*

Response DefaultHttpResponse(decodeResult: success, version: HTTP/1.1)
HTTP/1.1 200 OK
Content-Type: application/json; charset=utf-8
cache-control: no-cache
content-length: 87948

17:43:09.581 [AsyncHttpClient-1-7] DEBUG org.asynchttpclient.netty.channel.ChannelManager - Adding key: http://localhost:65372 for channel [id: 0x91b89852, L:/127.0.0.1:57640 - R:localhost/127.0.0.1:65372]
17:43:09.587 [main] DEBUG net.serenitybdd.core.photography.Darkroom - Send negative for processing for target\site\serenity\39ff914ed77414de55f577e453aa776b2ba4452b2a142b1641d45de0adef7134.png
17:43:09.588 [main] DEBUG net.thucydides.core.steps.StepInterceptor - STEP DONE: clickSearchButton
  &amp#27;[32mWhen &amp#27;[0m&amp#27;[32mI input patient gender and click search&amp#27;[0m            &amp#27;[90m# starter.stepdefinitions.PatientSteps.iInputPatientGenderAndClickSearch()&amp#27;[0m
17:43:09.588 [Darkroom Processing Line] DEBUG net.serenitybdd.core.photography.DarkroomProcessingLine - Processing screenshot image in /var/screenshots/screenshot-17456693934789509991
17:43:09.588 [Darkroom Processing Line] DEBUG net.serenitybdd.core.photography.DarkroomProcessingLine - Saving screenshot to target\site\serenity\39ff914ed77414de55f577e453aa776b2ba4452b2a142b1641d45de0adef7134.png
17:43:09.600 [Forwarding findElement on session 3fbde72bdfa9acd8dafa0d97c6eb481d to remote] DEBUG org.asynchttpclient.netty.request.NettyRequestSender - Using pooled Channel '[id: 0x91b89852, L:/127.0.0.1:57640 - R:localhost/127.0.0.1:65372]' for 'POST' to 'http://localhost:65372/session/3fbde72bdfa9acd8dafa0d97c6eb481d/element'
17:43:09.600 [Forwarding findElement on session 3fbde72bdfa9acd8dafa0d97c6eb481d to remote] DEBUG org.asynchttpclient.netty.request.NettyRequestSender - Using open Channel [id: 0x91b89852, L:/127.0.0.1:57640 - R:localhost/127.0.0.1:65372] for POST '/session/3fbde72bdfa9acd8dafa0d97c6eb481d/element'
17:43:09.616 [AsyncHttpClient-1-7] DEBUG org.asynchttpclient.netty.handler.HttpHandler - 

Request DefaultHttpRequest(decodeResult: success, version: HTTP/1.1)
POST /session/3fbde72bdfa9acd8dafa0d97c6eb481d/element HTTP/1.1
User-Agent: selenium/4.1.2 (java windows)
Content-Length: 76
Content-Type: application/json; charset=utf-8
host: localhost:65372
accept: */*

Response DefaultHttpResponse(decodeResult: success, version: HTTP/1.1)
HTTP/1.1 200 OK
Content-Type: application/json; charset=utf-8
cache-control: no-cache
content-length: 88

17:43:09.616 [AsyncHttpClient-1-7] DEBUG org.asynchttpclient.netty.channel.ChannelManager - Adding key: http://localhost:65372 for channel [id: 0x91b89852, L:/127.0.0.1:57640 - R:localhost/127.0.0.1:65372]
17:43:09.620 [Forwarding isElementDisplayed on session 3fbde72bdfa9acd8dafa0d97c6eb481d to remote] DEBUG org.asynchttpclient.netty.request.NettyRequestSender - Using pooled Channel '[id: 0x91b89852, L:/127.0.0.1:57640 - R:localhost/127.0.0.1:65372]' for 'POST' to 'http://localhost:65372/session/3fbde72bdfa9acd8dafa0d97c6eb481d/execute/sync'
17:43:09.620 [Forwarding isElementDisplayed on session 3fbde72bdfa9acd8dafa0d97c6eb481d to remote] DEBUG org.asynchttpclient.netty.request.NettyRequestSender - Using open Channel [id: 0x91b89852, L:/127.0.0.1:57640 - R:localhost/127.0.0.1:65372] for POST '/session/3fbde72bdfa9acd8dafa0d97c6eb481d/execute/sync'
17:43:09.639 [AsyncHttpClient-1-7] DEBUG org.asynchttpclient.netty.handler.HttpHandler - 

Request DefaultHttpRequest(decodeResult: success, version: HTTP/1.1)
POST /session/3fbde72bdfa9acd8dafa0d97c6eb481d/execute/sync HTTP/1.1
User-Agent: selenium/4.1.2 (java windows)
Content-Length: 48780
Content-Type: application/json; charset=utf-8
host: localhost:65372
accept: */*

Response DefaultHttpResponse(decodeResult: success, version: HTTP/1.1)
HTTP/1.1 200 OK
Content-Type: application/json; charset=utf-8
cache-control: no-cache
content-length: 14

17:43:09.639 [AsyncHttpClient-1-7] DEBUG org.asynchttpclient.netty.channel.ChannelManager - Adding key: http://localhost:65372 for channel [id: 0x91b89852, L:/127.0.0.1:57640 - R:localhost/127.0.0.1:65372]
  &amp#27;[32mThen &amp#27;[0m&amp#27;[32mI validate search by patient gender&amp#27;[0m                &amp#27;[90m# starter.stepdefinitions.PatientSteps.iValidateSearchByPatientGender()&amp#27;[0m
17:43:09.643 [Forwarding screenshot on session 3fbde72bdfa9acd8dafa0d97c6eb481d to remote] DEBUG org.asynchttpclient.netty.request.NettyRequestSender - Using pooled Channel '[id: 0x91b89852, L:/127.0.0.1:57640 - R:localhost/127.0.0.1:65372]' for 'GET' to 'http://localhost:65372/session/3fbde72bdfa9acd8dafa0d97c6eb481d/screenshot'
17:43:09.644 [Forwarding screenshot on session 3fbde72bdfa9acd8dafa0d97c6eb481d to remote] DEBUG org.asynchttpclient.netty.request.NettyRequestSender - Using open Channel [id: 0x91b89852, L:/127.0.0.1:57640 - R:localhost/127.0.0.1:65372] for GET '/session/3fbde72bdfa9acd8dafa0d97c6eb481d/screenshot'
17:43:09.795 [AsyncHttpClient-1-7] DEBUG org.asynchttpclient.netty.handler.HttpHandler - 

Request DefaultFullHttpRequest(decodeResult: success, version: HTTP/1.1, content: EmptyByteBufBE)
GET /session/3fbde72bdfa9acd8dafa0d97c6eb481d/screenshot HTTP/1.1
User-Agent: selenium/4.1.2 (java windows)
Cache-Control: no-cache
Content-Type: application/json; charset=utf-8
host: localhost:65372
accept: */*

Response DefaultHttpResponse(decodeResult: success, version: HTTP/1.1)
HTTP/1.1 200 OK
Content-Type: application/json; charset=utf-8
cache-control: no-cache
content-length: 88780

17:43:09.795 [AsyncHttpClient-1-7] DEBUG org.asynchttpclient.netty.channel.ChannelManager - Adding key: http://localhost:65372 for channel [id: 0x91b89852, L:/127.0.0.1:57640 - R:localhost/127.0.0.1:65372]
17:43:09.801 [main] DEBUG net.serenitybdd.core.photography.Darkroom - Send negative for processing for target\site\serenity\a0084eb765a6be6081b23e82ed199d869e111f26096b18d0d615c54a32f135c9.png
17:43:09.802 [Darkroom Processing Line] DEBUG net.serenitybdd.core.photography.DarkroomProcessingLine - Processing screenshot image in /var/screenshots/screenshot-5801410868986557555
17:43:09.802 [Darkroom Processing Line] DEBUG net.serenitybdd.core.photography.DarkroomProcessingLine - Saving screenshot to target\site\serenity\a0084eb765a6be6081b23e82ed199d869e111f26096b18d0d615c54a32f135c9.png
17:43:09.803 [main] INFO  - 
  _____   ___   ___   _____     ___     _     ___   ___   ___   ___  
 |_   _| | __| / __| |_   _|   | _ \   /_\   / __| / __| | __| |   \ 
   | |   | _|  \__ \   | |     |  _/  / _ \  \__ \ \__ \ | _|  | |) |
   |_|   |___| |___/   |_|     |_|   /_/ \_\ |___/ |___/ |___| |___/ 

Search Patient Based on Patient Gender Scenario
----------------------------------------------------------------------
17:43:09.805 [AsyncHttpClient-1-9] DEBUG org.asynchttpclient.netty.handler.WebSocketHandler - Channel Closed: [id: 0x89b822f8, L:/127.0.0.1:57647 ! R:localhost/127.0.0.1:57641] with attribute NettyResponseFuture{currentRetry=5,
	isDone=1,
	isCancelled=0,
	asyncHandler=org.asynchttpclient.ws.WebSocketUpgradeHandler@7c0050d0,
	nettyRequest=org.asynchttpclient.netty.request.NettyRequest@6542f0a0,
	future=java.util.concurrent.CompletableFuture@6a8e104e[Completed normally],
	uri=ws://localhost:57641/devtools/browser/88dae943-7a62-4061-bf4a-636278ba98ae,
	keepAlive=true,
	redirectCount=0,
	timeoutsHolder=null,
	inAuth=0,
	touch=1655548983809}
17:43:09.805 [AsyncHttpClient-1-9] DEBUG org.asynchttpclient.netty.channel.ChannelManager - Closing Channel [id: 0x89b822f8, L:/127.0.0.1:57647 ! R:localhost/127.0.0.1:57641] 
17:43:09.805 [Driver Command Executor] DEBUG org.asynchttpclient.netty.request.NettyRequestSender - Using pooled Channel '[id: 0x91b89852, L:/127.0.0.1:57640 - R:localhost/127.0.0.1:65372]' for 'DELETE' to 'http://localhost:65372/session/3fbde72bdfa9acd8dafa0d97c6eb481d'
17:43:09.805 [Driver Command Executor] DEBUG org.asynchttpclient.netty.request.NettyRequestSender - Using open Channel [id: 0x91b89852, L:/127.0.0.1:57640 - R:localhost/127.0.0.1:65372] for DELETE '/session/3fbde72bdfa9acd8dafa0d97c6eb481d'
17:43:09.823 [AsyncHttpClient-1-8] DEBUG org.asynchttpclient.netty.handler.HttpHandler - Unexpected I/O exception on channel [id: 0x43476b28, L:/127.0.0.1:57646 - R:localhost/127.0.0.1:57641]
java.net.SocketException: Connection reset
	at java.base/sun.nio.ch.SocketChannelImpl.throwConnectionReset(SocketChannelImpl.java:367)
	at java.base/sun.nio.ch.SocketChannelImpl.read(SocketChannelImpl.java:398)
	at io.netty.buffer.PooledByteBuf.setBytes(PooledByteBuf.java:258)
	at io.netty.buffer.AbstractByteBuf.writeBytes(AbstractByteBuf.java:1132)
	at io.netty.channel.socket.nio.NioSocketChannel.doReadBytes(NioSocketChannel.java:350)
	at io.netty.channel.nio.AbstractNioByteChannel$NioByteUnsafe.read(AbstractNioByteChannel.java:151)
	at io.netty.channel.nio.NioEventLoop.processSelectedKey(NioEventLoop.java:722)
	at io.netty.channel.nio.NioEventLoop.processSelectedKeysOptimized(NioEventLoop.java:658)
	at io.netty.channel.nio.NioEventLoop.processSelectedKeys(NioEventLoop.java:584)
	at io.netty.channel.nio.NioEventLoop.run(NioEventLoop.java:496)
	at io.netty.util.concurrent.SingleThreadEventExecutor$4.run(SingleThreadEventExecutor.java:986)
	at io.netty.util.internal.ThreadExecutorMap$2.run(ThreadExecutorMap.java:74)
	at io.netty.util.concurrent.FastThreadLocalRunnable.run(FastThreadLocalRunnable.java:30)
	at java.base/java.lang.Thread.run(Thread.java:832)
17:43:09.823 [AsyncHttpClient-1-8] DEBUG org.asynchttpclient.netty.channel.ChannelManager - Closing Channel [id: 0x43476b28, L:/127.0.0.1:57646 - R:localhost/127.0.0.1:57641] 
17:43:09.823 [AsyncHttpClient-1-8] DEBUG org.asynchttpclient.netty.handler.HttpHandler - Channel Closed: [id: 0x43476b28, L:/127.0.0.1:57646 ! R:localhost/127.0.0.1:57641] with attribute DISCARD
17:43:09.836 [AsyncHttpClient-1-7] DEBUG org.asynchttpclient.netty.handler.HttpHandler - 

Request DefaultFullHttpRequest(decodeResult: success, version: HTTP/1.1, content: EmptyByteBufBE)
DELETE /session/3fbde72bdfa9acd8dafa0d97c6eb481d HTTP/1.1
User-Agent: selenium/4.1.2 (java windows)
Content-Type: application/json; charset=utf-8
host: localhost:65372
accept: */*

Response DefaultHttpResponse(decodeResult: success, version: HTTP/1.1)
HTTP/1.1 200 OK
Content-Type: application/json; charset=utf-8
cache-control: no-cache
content-length: 14

17:43:09.837 [AsyncHttpClient-1-7] DEBUG org.asynchttpclient.netty.channel.ChannelManager - Adding key: http://localhost:65372 for channel [id: 0x91b89852, L:/127.0.0.1:57640 - R:localhost/127.0.0.1:65372]
17:43:09.987 [AsyncHttpClient-1-7] DEBUG org.asynchttpclient.netty.handler.HttpHandler - Channel Closed: [id: 0x91b89852, L:/127.0.0.1:57640 ! R:localhost/127.0.0.1:65372] with attribute DISCARD
17:43:10.501 [AsyncHttpClient-1-1] DEBUG org.asynchttpclient.netty.channel.DefaultChannelPool - Entry count for : http://localhost:57641 : 1
17:43:10.501 [AsyncHttpClient-1-1] DEBUG org.asynchttpclient.netty.channel.DefaultChannelPool - Entry count for : http://localhost:65372 : 1
17:43:10.501 [AsyncHttpClient-1-1] DEBUG org.asynchttpclient.netty.channel.DefaultChannelPool - Adding Candidate expired Channel [id: 0x43476b28, L:/127.0.0.1:57646 ! R:localhost/127.0.0.1:57641] isIdleTimeoutExpired=false isRemotelyClosed=true isTtlExpired=false
17:43:10.501 [AsyncHttpClient-1-1] DEBUG org.asynchttpclient.netty.channel.DefaultChannelPool - Closing Idle Channel [id: 0x43476b28, L:/127.0.0.1:57646 ! R:localhost/127.0.0.1:57641]
17:43:10.501 [AsyncHttpClient-1-1] DEBUG org.asynchttpclient.netty.channel.DefaultChannelPool - Adding Candidate expired Channel [id: 0x91b89852, L:/127.0.0.1:57640 ! R:localhost/127.0.0.1:65372] isIdleTimeoutExpired=false isRemotelyClosed=true isTtlExpired=false
17:43:10.501 [AsyncHttpClient-1-1] DEBUG org.asynchttpclient.netty.channel.DefaultChannelPool - Closing Idle Channel [id: 0x91b89852, L:/127.0.0.1:57640 ! R:localhost/127.0.0.1:65372]
17:43:10.501 [AsyncHttpClient-1-1] DEBUG org.asynchttpclient.netty.channel.DefaultChannelPool - Closed 2 connections out of 2 in 0 ms
]]></system-out>
    <system-err><![CDATA[Starting ChromeDriver 102.0.5005.61 (0e59bcc00cc4985ce39ad31c150065f159d95ad3-refs/branch-heads/5005@{#819}) on port 65372
Only local connections are allowed.
Please see https://chromedriver.chromium.org/security-considerations for suggestions on keeping ChromeDriver safe.
ChromeDriver was started successfully.
Jun 18, 2022 5:43:03 PM org.openqa.selenium.remote.ProtocolHandshake createSession
INFO: Detected dialect: W3C
Jun 18, 2022 5:43:03 PM org.openqa.selenium.devtools.CdpVersionFinder findNearestMatch
WARNING: Unable to find an exact match for CDP version 102, so returning the closest version found: a no-op implementation
Jun 18, 2022 5:43:03 PM org.openqa.selenium.devtools.CdpVersionFinder findNearestMatch
INFO: Unable to find CDP implementation matching 102.
Jun 18, 2022 5:43:03 PM org.openqa.selenium.chromium.ChromiumDriver lambda$new$3
WARNING: Unable to find version of CDP to use for . You may need to include a dependency on a specific version of the CDP using something similar to `org.seleniumhq.selenium:selenium-devtools-v86:4.1.2` where the version ("v86") matches the version of the chromium-based browser you're using and the version number of the artifact is the same as Selenium's.
]]></system-err>
  </testcase>
  <testcase name="Search Patient Based on Patient Blood Type Scenario" classname="Patient" time="8.275">
    <system-out><![CDATA[
@Patient
Scenario: Search Patient Based on Patient Blood Type Scenario &amp#27;[90m# src/test/resources/features/2.Patient.feature:67&amp#27;[0m
17:43:10.525 [main] INFO io.cucumber.core.plugin.SerenityReporter - Running feature from file:///E:/My%20Documents/File%20Difa/TI%20Semester%206%20Kampus%20Merdeka%20Alterra/Tugas/CAPSTONE%20Project/Capstone-Project-Website/src/test/resources/features/2.Patient.feature
17:43:10.527 [main] INFO  - 
  _____   ___   ___   _____     ___   _____     _     ___   _____   ___   ___  
 |_   _| | __| / __| |_   _|   / __| |_   _|   /_\   | _ \ |_   _| | __| |   \ 
   | |   | _|  \__ \   | |     \__ \   | |    / _ \  |   /   | |   | _|  | |) |
   |_|   |___| |___/   |_|     |___/   |_|   /_/ \_\ |_|_\   |_|   |___| |___/ 

Search Patient Based on Patient Blood Type Scenario(patient;search-patient-based-on-patient-blood-type-scenario)
--------------------------------------------------------------------------------
17:43:10.549 [main] DEBUG net.thucydides.core.steps.StepInterceptor - STARTING STEP: PatientSteps.iAmAtTheDashboardPage - openUrl
17:43:10.568 [main] INFO net.serenitybdd.core.webdriver.driverproviders.ChromeDriverProvider - Using automatically driver download
17:43:10.748 [main] DEBUG io.github.bonigarcia.wdm.cache.ResolutionCache - Resolution chrome=102 in cache (valid until 18:14:23 18/06/2022 ICT)
17:43:10.751 [main] DEBUG io.github.bonigarcia.wdm.cache.ResolutionCache - Resolution chrome102=102.0.5005.61 in cache (valid until 17:29:52 19/06/2022 ICT)
17:43:10.753 [main] INFO io.github.bonigarcia.wdm.WebDriverManager - Using chromedriver 102.0.5005.61 (resolved driver for Chrome 102)
17:43:10.762 [main] DEBUG io.github.bonigarcia.wdm.WebDriverManager - Driver chromedriver 102.0.5005.61 found in cache
17:43:10.763 [main] INFO io.github.bonigarcia.wdm.WebDriverManager - Exporting webdriver.chrome.driver as C:\Users\USER\.cache\selenium\chromedriver\win32\102.0.5005.61\chromedriver.exe
17:43:10.925 [main] DEBUG net.serenitybdd.core.webdriver.driverproviders.ProvideNewDriver - Instantiating driver
17:43:10.925 [main] DEBUG net.serenitybdd.core.webdriver.driverproviders.ProvideNewDriver - Driver capabilities: Capabilities {acceptInsecureCerts: false, base.url: https://hospital-management..., browserName: chrome, chrome.driver: src/test/resources/webdrive..., driver: chrome, goog:chromeOptions: {args: [], extensions: []}}
17:43:11.455 [AsyncHttpClient-1-2] DEBUG org.asynchttpclient.netty.channel.NettyConnectListener - Using new Channel '[id: 0x1d1f418f, L:/127.0.0.1:57668 - R:localhost/127.0.0.1:63546]' for 'POST' to '/session'
17:43:12.184 [AsyncHttpClient-1-2] DEBUG org.asynchttpclient.netty.handler.HttpHandler - 

Request DefaultHttpRequest(decodeResult: success, version: HTTP/1.1)
POST /session HTTP/1.1
User-Agent: selenium/4.1.2 (java windows)
Content-Length: 621
Content-Type: application/json; charset=utf-8
host: localhost:63546
accept: */*

Response DefaultHttpResponse(decodeResult: success, version: HTTP/1.1)
HTTP/1.1 200 OK
Content-Type: application/json; charset=utf-8
cache-control: no-cache
content-length: 788

17:43:12.184 [AsyncHttpClient-1-2] DEBUG org.asynchttpclient.netty.channel.ChannelManager - Adding key: http://localhost:63546 for channel [id: 0x1d1f418f, L:/127.0.0.1:57668 - R:localhost/127.0.0.1:63546]
17:43:12.191 [AsyncHttpClient-1-3] DEBUG org.asynchttpclient.netty.channel.NettyConnectListener - Using new Channel '[id: 0x8489f9cd, L:/127.0.0.1:57675 - R:localhost/127.0.0.1:57670]' for 'GET' to '/json/version'
17:43:12.193 [AsyncHttpClient-1-3] DEBUG org.asynchttpclient.netty.handler.HttpHandler - 

Request DefaultFullHttpRequest(decodeResult: success, version: HTTP/1.1, content: EmptyByteBufBE)
GET /json/version HTTP/1.1
User-Agent: selenium/4.1.2 (java windows)
host: localhost:57670
accept: */*

Response DefaultHttpResponse(decodeResult: success, version: HTTP/1.1)
HTTP/1.1 200 OK
Content-Type: application/json; charset=UTF-8
content-length: 427

17:43:12.193 [AsyncHttpClient-1-3] DEBUG org.asynchttpclient.netty.channel.ChannelManager - Adding key: http://localhost:57670 for channel [id: 0x8489f9cd, L:/127.0.0.1:57675 - R:localhost/127.0.0.1:57670]
17:43:12.199 [AsyncHttpClient-1-4] DEBUG org.asynchttpclient.netty.channel.NettyConnectListener - Using new Channel '[id: 0x00a61868, L:/127.0.0.1:57676 - R:localhost/127.0.0.1:57670]' for 'GET' to '/devtools/browser/d3de4600-ba21-4b94-a6e1-994c8d422518'
17:43:12.200 [AsyncHttpClient-1-4] DEBUG org.asynchttpclient.netty.handler.WebSocketHandler - 

Request DefaultFullHttpRequest(decodeResult: success, version: HTTP/1.1, content: EmptyByteBufBE)
GET /devtools/browser/d3de4600-ba21-4b94-a6e1-994c8d422518 HTTP/1.1
upgrade: websocket
connection: upgrade
sec-websocket-key: rOsSb0oAF/+lBQoXJZgHCQ==
sec-websocket-version: 13
origin: http://localhost:57670
host: localhost:57670
accept: */*
user-agent: AHC/2.1

Response DefaultHttpResponse(decodeResult: success, version: HTTP/1.1)
HTTP/1.1 101 WebSocket Protocol Handshake
Upgrade: WebSocket
Connection: Upgrade
Sec-WebSocket-Accept: MXxlYdUdVJ7BQdXvtyRJq2Ak09A=

17:43:12.207 [Forwarding maximizeCurrentWindow on session f7b093034ab23a00fdfdec04b7f9129b to remote] DEBUG org.asynchttpclient.netty.request.NettyRequestSender - Using pooled Channel '[id: 0x1d1f418f, L:/127.0.0.1:57668 - R:localhost/127.0.0.1:63546]' for 'POST' to 'http://localhost:63546/session/f7b093034ab23a00fdfdec04b7f9129b/window/maximize'
17:43:12.207 [Forwarding maximizeCurrentWindow on session f7b093034ab23a00fdfdec04b7f9129b to remote] DEBUG org.asynchttpclient.netty.request.NettyRequestSender - Using open Channel [id: 0x1d1f418f, L:/127.0.0.1:57668 - R:localhost/127.0.0.1:63546] for POST '/session/f7b093034ab23a00fdfdec04b7f9129b/window/maximize'
17:43:12.323 [AsyncHttpClient-1-2] DEBUG org.asynchttpclient.netty.handler.HttpHandler - 

Request DefaultHttpRequest(decodeResult: success, version: HTTP/1.1)
POST /session/f7b093034ab23a00fdfdec04b7f9129b/window/maximize HTTP/1.1
User-Agent: selenium/4.1.2 (java windows)
Content-Length: 3
Content-Type: application/json; charset=utf-8
host: localhost:63546
accept: */*

Response DefaultHttpResponse(decodeResult: success, version: HTTP/1.1)
HTTP/1.1 200 OK
Content-Type: application/json; charset=utf-8
cache-control: no-cache
content-length: 51

17:43:12.323 [AsyncHttpClient-1-2] DEBUG org.asynchttpclient.netty.channel.ChannelManager - Adding key: http://localhost:63546 for channel [id: 0x1d1f418f, L:/127.0.0.1:57668 - R:localhost/127.0.0.1:63546]
17:43:12.325 [Forwarding get on session f7b093034ab23a00fdfdec04b7f9129b to remote] DEBUG org.asynchttpclient.netty.request.NettyRequestSender - Using pooled Channel '[id: 0x1d1f418f, L:/127.0.0.1:57668 - R:localhost/127.0.0.1:63546]' for 'POST' to 'http://localhost:63546/session/f7b093034ab23a00fdfdec04b7f9129b/url'
17:43:12.325 [Forwarding get on session f7b093034ab23a00fdfdec04b7f9129b to remote] DEBUG org.asynchttpclient.netty.request.NettyRequestSender - Using open Channel [id: 0x1d1f418f, L:/127.0.0.1:57668 - R:localhost/127.0.0.1:63546] for POST '/session/f7b093034ab23a00fdfdec04b7f9129b/url'
17:43:12.701 [AsyncHttpClient-1-1] DEBUG org.asynchttpclient.netty.channel.DefaultChannelPool - Entry count for : http://localhost:57670 : 1
17:43:13.800 [AsyncHttpClient-1-1] DEBUG org.asynchttpclient.netty.channel.DefaultChannelPool - Entry count for : http://localhost:57670 : 1
17:43:14.902 [AsyncHttpClient-1-1] DEBUG org.asynchttpclient.netty.channel.DefaultChannelPool - Entry count for : http://localhost:57670 : 1
17:43:15.879 [AsyncHttpClient-1-2] DEBUG org.asynchttpclient.netty.handler.HttpHandler - 

Request DefaultHttpRequest(decodeResult: success, version: HTTP/1.1)
POST /session/f7b093034ab23a00fdfdec04b7f9129b/url HTTP/1.1
User-Agent: selenium/4.1.2 (java windows)
Content-Length: 65
Content-Type: application/json; charset=utf-8
host: localhost:63546
accept: */*

Response DefaultHttpResponse(decodeResult: success, version: HTTP/1.1)
HTTP/1.1 200 OK
Content-Type: application/json; charset=utf-8
cache-control: no-cache
content-length: 14

17:43:15.879 [AsyncHttpClient-1-2] DEBUG org.asynchttpclient.netty.channel.ChannelManager - Adding key: http://localhost:63546 for channel [id: 0x1d1f418f, L:/127.0.0.1:57668 - R:localhost/127.0.0.1:63546]
17:43:15.881 [Forwarding setTimeout on session f7b093034ab23a00fdfdec04b7f9129b to remote] DEBUG org.asynchttpclient.netty.request.NettyRequestSender - Using pooled Channel '[id: 0x1d1f418f, L:/127.0.0.1:57668 - R:localhost/127.0.0.1:63546]' for 'POST' to 'http://localhost:63546/session/f7b093034ab23a00fdfdec04b7f9129b/timeouts'
17:43:15.881 [Forwarding setTimeout on session f7b093034ab23a00fdfdec04b7f9129b to remote] DEBUG org.asynchttpclient.netty.request.NettyRequestSender - Using open Channel [id: 0x1d1f418f, L:/127.0.0.1:57668 - R:localhost/127.0.0.1:63546] for POST '/session/f7b093034ab23a00fdfdec04b7f9129b/timeouts'
17:43:15.883 [AsyncHttpClient-1-2] DEBUG org.asynchttpclient.netty.handler.HttpHandler - 

Request DefaultHttpRequest(decodeResult: success, version: HTTP/1.1)
POST /session/f7b093034ab23a00fdfdec04b7f9129b/timeouts HTTP/1.1
User-Agent: selenium/4.1.2 (java windows)
Content-Length: 22
Content-Type: application/json; charset=utf-8
host: localhost:63546
accept: */*

Response DefaultHttpResponse(decodeResult: success, version: HTTP/1.1)
HTTP/1.1 200 OK
Content-Type: application/json; charset=utf-8
cache-control: no-cache
content-length: 14

17:43:15.883 [AsyncHttpClient-1-2] DEBUG org.asynchttpclient.netty.channel.ChannelManager - Adding key: http://localhost:63546 for channel [id: 0x1d1f418f, L:/127.0.0.1:57668 - R:localhost/127.0.0.1:63546]
17:43:15.888 [Forwarding getCurrentUrl on session f7b093034ab23a00fdfdec04b7f9129b to remote] DEBUG org.asynchttpclient.netty.request.NettyRequestSender - Using pooled Channel '[id: 0x1d1f418f, L:/127.0.0.1:57668 - R:localhost/127.0.0.1:63546]' for 'GET' to 'http://localhost:63546/session/f7b093034ab23a00fdfdec04b7f9129b/url'
17:43:15.888 [Forwarding getCurrentUrl on session f7b093034ab23a00fdfdec04b7f9129b to remote] DEBUG org.asynchttpclient.netty.request.NettyRequestSender - Using open Channel [id: 0x1d1f418f, L:/127.0.0.1:57668 - R:localhost/127.0.0.1:63546] for GET '/session/f7b093034ab23a00fdfdec04b7f9129b/url'
17:43:15.896 [AsyncHttpClient-1-2] DEBUG org.asynchttpclient.netty.handler.HttpHandler - 

Request DefaultFullHttpRequest(decodeResult: success, version: HTTP/1.1, content: EmptyByteBufBE)
GET /session/f7b093034ab23a00fdfdec04b7f9129b/url HTTP/1.1
User-Agent: selenium/4.1.2 (java windows)
Cache-Control: no-cache
Content-Type: application/json; charset=utf-8
host: localhost:63546
accept: */*

Response DefaultHttpResponse(decodeResult: success, version: HTTP/1.1)
HTTP/1.1 200 OK
Content-Type: application/json; charset=utf-8
cache-control: no-cache
content-length: 53

17:43:15.896 [AsyncHttpClient-1-2] DEBUG org.asynchttpclient.netty.channel.ChannelManager - Adding key: http://localhost:63546 for channel [id: 0x1d1f418f, L:/127.0.0.1:57668 - R:localhost/127.0.0.1:63546]
17:43:15.903 [Forwarding getCurrentUrl on session f7b093034ab23a00fdfdec04b7f9129b to remote] DEBUG org.asynchttpclient.netty.request.NettyRequestSender - Using pooled Channel '[id: 0x1d1f418f, L:/127.0.0.1:57668 - R:localhost/127.0.0.1:63546]' for 'GET' to 'http://localhost:63546/session/f7b093034ab23a00fdfdec04b7f9129b/url'
17:43:15.903 [Forwarding getCurrentUrl on session f7b093034ab23a00fdfdec04b7f9129b to remote] DEBUG org.asynchttpclient.netty.request.NettyRequestSender - Using open Channel [id: 0x1d1f418f, L:/127.0.0.1:57668 - R:localhost/127.0.0.1:63546] for GET '/session/f7b093034ab23a00fdfdec04b7f9129b/url'
17:43:15.907 [AsyncHttpClient-1-2] DEBUG org.asynchttpclient.netty.handler.HttpHandler - 

Request DefaultFullHttpRequest(decodeResult: success, version: HTTP/1.1, content: EmptyByteBufBE)
GET /session/f7b093034ab23a00fdfdec04b7f9129b/url HTTP/1.1
User-Agent: selenium/4.1.2 (java windows)
Cache-Control: no-cache
Content-Type: application/json; charset=utf-8
host: localhost:63546
accept: */*

Response DefaultHttpResponse(decodeResult: success, version: HTTP/1.1)
HTTP/1.1 200 OK
Content-Type: application/json; charset=utf-8
cache-control: no-cache
content-length: 53

17:43:15.907 [AsyncHttpClient-1-2] DEBUG org.asynchttpclient.netty.channel.ChannelManager - Adding key: http://localhost:63546 for channel [id: 0x1d1f418f, L:/127.0.0.1:57668 - R:localhost/127.0.0.1:63546]
17:43:15.918 [Forwarding screenshot on session f7b093034ab23a00fdfdec04b7f9129b to remote] DEBUG org.asynchttpclient.netty.request.NettyRequestSender - Using pooled Channel '[id: 0x1d1f418f, L:/127.0.0.1:57668 - R:localhost/127.0.0.1:63546]' for 'GET' to 'http://localhost:63546/session/f7b093034ab23a00fdfdec04b7f9129b/screenshot'
17:43:15.918 [Forwarding screenshot on session f7b093034ab23a00fdfdec04b7f9129b to remote] DEBUG org.asynchttpclient.netty.request.NettyRequestSender - Using open Channel [id: 0x1d1f418f, L:/127.0.0.1:57668 - R:localhost/127.0.0.1:63546] for GET '/session/f7b093034ab23a00fdfdec04b7f9129b/screenshot'
17:43:16.000 [AsyncHttpClient-1-1] DEBUG org.asynchttpclient.netty.channel.DefaultChannelPool - Entry count for : http://localhost:57670 : 1
17:43:16.243 [AsyncHttpClient-1-2] DEBUG org.asynchttpclient.netty.handler.HttpHandler - 

Request DefaultFullHttpRequest(decodeResult: success, version: HTTP/1.1, content: EmptyByteBufBE)
GET /session/f7b093034ab23a00fdfdec04b7f9129b/screenshot HTTP/1.1
User-Agent: selenium/4.1.2 (java windows)
Cache-Control: no-cache
Content-Type: application/json; charset=utf-8
host: localhost:63546
accept: */*

Response DefaultHttpResponse(decodeResult: success, version: HTTP/1.1)
HTTP/1.1 200 OK
Content-Type: application/json; charset=utf-8
cache-control: no-cache
content-length: 382596

17:43:16.246 [AsyncHttpClient-1-2] DEBUG org.asynchttpclient.netty.channel.ChannelManager - Adding key: http://localhost:63546 for channel [id: 0x1d1f418f, L:/127.0.0.1:57668 - R:localhost/127.0.0.1:63546]
17:43:16.279 [main] DEBUG net.serenitybdd.core.photography.Darkroom - Send negative for processing for target\site\serenity\ed15a54c91c342d96a850276df7b559f4526b370fc93040e3c407a48a170f368.png
17:43:16.280 [main] DEBUG net.thucydides.core.steps.StepInterceptor - STEP DONE: openUrl
17:43:16.313 [main] DEBUG net.thucydides.core.steps.StepInterceptor - STARTING STEP: PatientSteps.iAmAtTheDashboardPage - validateOnDashboardPage
17:43:16.331 [Forwarding findElement on session f7b093034ab23a00fdfdec04b7f9129b to remote] DEBUG org.asynchttpclient.netty.request.NettyRequestSender - Using pooled Channel '[id: 0x1d1f418f, L:/127.0.0.1:57668 - R:localhost/127.0.0.1:63546]' for 'POST' to 'http://localhost:63546/session/f7b093034ab23a00fdfdec04b7f9129b/element'
17:43:16.331 [Forwarding findElement on session f7b093034ab23a00fdfdec04b7f9129b to remote] DEBUG org.asynchttpclient.netty.request.NettyRequestSender - Using open Channel [id: 0x1d1f418f, L:/127.0.0.1:57668 - R:localhost/127.0.0.1:63546] for POST '/session/f7b093034ab23a00fdfdec04b7f9129b/element'
17:43:16.353 [AsyncHttpClient-1-2] DEBUG org.asynchttpclient.netty.handler.HttpHandler - 

Request DefaultHttpRequest(decodeResult: success, version: HTTP/1.1)
POST /session/f7b093034ab23a00fdfdec04b7f9129b/element HTTP/1.1
User-Agent: selenium/4.1.2 (java windows)
Content-Length: 81
Content-Type: application/json; charset=utf-8
host: localhost:63546
accept: */*

Response DefaultHttpResponse(decodeResult: success, version: HTTP/1.1)
HTTP/1.1 200 OK
Content-Type: application/json; charset=utf-8
cache-control: no-cache
content-length: 88

17:43:16.354 [AsyncHttpClient-1-2] DEBUG org.asynchttpclient.netty.channel.ChannelManager - Adding key: http://localhost:63546 for channel [id: 0x1d1f418f, L:/127.0.0.1:57668 - R:localhost/127.0.0.1:63546]
17:43:16.359 [Forwarding isElementDisplayed on session f7b093034ab23a00fdfdec04b7f9129b to remote] DEBUG org.asynchttpclient.netty.request.NettyRequestSender - Using pooled Channel '[id: 0x1d1f418f, L:/127.0.0.1:57668 - R:localhost/127.0.0.1:63546]' for 'POST' to 'http://localhost:63546/session/f7b093034ab23a00fdfdec04b7f9129b/execute/sync'
17:43:16.359 [Forwarding isElementDisplayed on session f7b093034ab23a00fdfdec04b7f9129b to remote] DEBUG org.asynchttpclient.netty.request.NettyRequestSender - Using open Channel [id: 0x1d1f418f, L:/127.0.0.1:57668 - R:localhost/127.0.0.1:63546] for POST '/session/f7b093034ab23a00fdfdec04b7f9129b/execute/sync'
17:43:16.390 [AsyncHttpClient-1-2] DEBUG org.asynchttpclient.netty.handler.HttpHandler - 

Request DefaultHttpRequest(decodeResult: success, version: HTTP/1.1)
POST /session/f7b093034ab23a00fdfdec04b7f9129b/execute/sync HTTP/1.1
User-Agent: selenium/4.1.2 (java windows)
Content-Length: 48780
Content-Type: application/json; charset=utf-8
host: localhost:63546
accept: */*

Response DefaultHttpResponse(decodeResult: success, version: HTTP/1.1)
HTTP/1.1 200 OK
Content-Type: application/json; charset=utf-8
cache-control: no-cache
content-length: 14

17:43:16.390 [AsyncHttpClient-1-2] DEBUG org.asynchttpclient.netty.channel.ChannelManager - Adding key: http://localhost:63546 for channel [id: 0x1d1f418f, L:/127.0.0.1:57668 - R:localhost/127.0.0.1:63546]
17:43:16.394 [Forwarding screenshot on session f7b093034ab23a00fdfdec04b7f9129b to remote] DEBUG org.asynchttpclient.netty.request.NettyRequestSender - Using pooled Channel '[id: 0x1d1f418f, L:/127.0.0.1:57668 - R:localhost/127.0.0.1:63546]' for 'GET' to 'http://localhost:63546/session/f7b093034ab23a00fdfdec04b7f9129b/screenshot'
17:43:16.394 [Forwarding screenshot on session f7b093034ab23a00fdfdec04b7f9129b to remote] DEBUG org.asynchttpclient.netty.request.NettyRequestSender - Using open Channel [id: 0x1d1f418f, L:/127.0.0.1:57668 - R:localhost/127.0.0.1:63546] for GET '/session/f7b093034ab23a00fdfdec04b7f9129b/screenshot'
17:43:16.650 [AsyncHttpClient-1-2] DEBUG org.asynchttpclient.netty.handler.HttpHandler - 

Request DefaultFullHttpRequest(decodeResult: success, version: HTTP/1.1, content: EmptyByteBufBE)
GET /session/f7b093034ab23a00fdfdec04b7f9129b/screenshot HTTP/1.1
User-Agent: selenium/4.1.2 (java windows)
Cache-Control: no-cache
Content-Type: application/json; charset=utf-8
host: localhost:63546
accept: */*

Response DefaultHttpResponse(decodeResult: success, version: HTTP/1.1)
HTTP/1.1 200 OK
Content-Type: application/json; charset=utf-8
cache-control: no-cache
content-length: 382596

17:43:16.652 [AsyncHttpClient-1-2] DEBUG org.asynchttpclient.netty.channel.ChannelManager - Adding key: http://localhost:63546 for channel [id: 0x1d1f418f, L:/127.0.0.1:57668 - R:localhost/127.0.0.1:63546]
17:43:16.676 [main] DEBUG net.serenitybdd.core.photography.Darkroom - Send negative for processing for target\site\serenity\ed15a54c91c342d96a850276df7b559f4526b370fc93040e3c407a48a170f368.png
17:43:16.676 [main] DEBUG net.thucydides.core.steps.StepInterceptor - STEP DONE: validateOnDashboardPage
  &amp#27;[32mGiven &amp#27;[0m&amp#27;[32mI am at the dashboard page&amp#27;[0m                            &amp#27;[90m# starter.stepdefinitions.PatientSteps.iAmAtTheDashboardPage()&amp#27;[0m
17:43:16.694 [main] DEBUG net.thucydides.core.steps.StepInterceptor - STARTING STEP: PatientSteps.iClickMenuPatient - clickMenuPatientButton
17:43:16.698 [Forwarding findElement on session f7b093034ab23a00fdfdec04b7f9129b to remote] DEBUG org.asynchttpclient.netty.request.NettyRequestSender - Using pooled Channel '[id: 0x1d1f418f, L:/127.0.0.1:57668 - R:localhost/127.0.0.1:63546]' for 'POST' to 'http://localhost:63546/session/f7b093034ab23a00fdfdec04b7f9129b/element'
17:43:16.698 [Forwarding findElement on session f7b093034ab23a00fdfdec04b7f9129b to remote] DEBUG org.asynchttpclient.netty.request.NettyRequestSender - Using open Channel [id: 0x1d1f418f, L:/127.0.0.1:57668 - R:localhost/127.0.0.1:63546] for POST '/session/f7b093034ab23a00fdfdec04b7f9129b/element'
17:43:16.717 [AsyncHttpClient-1-2] DEBUG org.asynchttpclient.netty.handler.HttpHandler - 

Request DefaultHttpRequest(decodeResult: success, version: HTTP/1.1)
POST /session/f7b093034ab23a00fdfdec04b7f9129b/element HTTP/1.1
User-Agent: selenium/4.1.2 (java windows)
Content-Length: 80
Content-Type: application/json; charset=utf-8
host: localhost:63546
accept: */*

Response DefaultHttpResponse(decodeResult: success, version: HTTP/1.1)
HTTP/1.1 200 OK
Content-Type: application/json; charset=utf-8
cache-control: no-cache
content-length: 88

17:43:16.718 [AsyncHttpClient-1-2] DEBUG org.asynchttpclient.netty.channel.ChannelManager - Adding key: http://localhost:63546 for channel [id: 0x1d1f418f, L:/127.0.0.1:57668 - R:localhost/127.0.0.1:63546]
17:43:16.719 [Forwarding getElementTagName on session f7b093034ab23a00fdfdec04b7f9129b to remote] DEBUG org.asynchttpclient.netty.request.NettyRequestSender - Using pooled Channel '[id: 0x1d1f418f, L:/127.0.0.1:57668 - R:localhost/127.0.0.1:63546]' for 'GET' to 'http://localhost:63546/session/f7b093034ab23a00fdfdec04b7f9129b/element/4353b852-cd0a-4e68-a3b0-329c9eaa1f6c/name'
17:43:16.719 [Forwarding getElementTagName on session f7b093034ab23a00fdfdec04b7f9129b to remote] DEBUG org.asynchttpclient.netty.request.NettyRequestSender - Using open Channel [id: 0x1d1f418f, L:/127.0.0.1:57668 - R:localhost/127.0.0.1:63546] for GET '/session/f7b093034ab23a00fdfdec04b7f9129b/element/4353b852-cd0a-4e68-a3b0-329c9eaa1f6c/name'
17:43:16.725 [AsyncHttpClient-1-2] DEBUG org.asynchttpclient.netty.handler.HttpHandler - 

Request DefaultFullHttpRequest(decodeResult: success, version: HTTP/1.1, content: EmptyByteBufBE)
GET /session/f7b093034ab23a00fdfdec04b7f9129b/element/4353b852-cd0a-4e68-a3b0-329c9eaa1f6c/name HTTP/1.1
User-Agent: selenium/4.1.2 (java windows)
Cache-Control: no-cache
Content-Type: application/json; charset=utf-8
host: localhost:63546
accept: */*

Response DefaultHttpResponse(decodeResult: success, version: HTTP/1.1)
HTTP/1.1 200 OK
Content-Type: application/json; charset=utf-8
cache-control: no-cache
content-length: 15

17:43:16.726 [AsyncHttpClient-1-2] DEBUG org.asynchttpclient.netty.channel.ChannelManager - Adding key: http://localhost:63546 for channel [id: 0x1d1f418f, L:/127.0.0.1:57668 - R:localhost/127.0.0.1:63546]
17:43:16.727 [Forwarding getElementTagName on session f7b093034ab23a00fdfdec04b7f9129b to remote] DEBUG org.asynchttpclient.netty.request.NettyRequestSender - Using pooled Channel '[id: 0x1d1f418f, L:/127.0.0.1:57668 - R:localhost/127.0.0.1:63546]' for 'GET' to 'http://localhost:63546/session/f7b093034ab23a00fdfdec04b7f9129b/element/4353b852-cd0a-4e68-a3b0-329c9eaa1f6c/name'
17:43:16.727 [Forwarding getElementTagName on session f7b093034ab23a00fdfdec04b7f9129b to remote] DEBUG org.asynchttpclient.netty.request.NettyRequestSender - Using open Channel [id: 0x1d1f418f, L:/127.0.0.1:57668 - R:localhost/127.0.0.1:63546] for GET '/session/f7b093034ab23a00fdfdec04b7f9129b/element/4353b852-cd0a-4e68-a3b0-329c9eaa1f6c/name'
17:43:16.732 [AsyncHttpClient-1-2] DEBUG org.asynchttpclient.netty.handler.HttpHandler - 

Request DefaultFullHttpRequest(decodeResult: success, version: HTTP/1.1, content: EmptyByteBufBE)
GET /session/f7b093034ab23a00fdfdec04b7f9129b/element/4353b852-cd0a-4e68-a3b0-329c9eaa1f6c/name HTTP/1.1
User-Agent: selenium/4.1.2 (java windows)
Cache-Control: no-cache
Content-Type: application/json; charset=utf-8
host: localhost:63546
accept: */*

Response DefaultHttpResponse(decodeResult: success, version: HTTP/1.1)
HTTP/1.1 200 OK
Content-Type: application/json; charset=utf-8
cache-control: no-cache
content-length: 15

17:43:16.732 [AsyncHttpClient-1-2] DEBUG org.asynchttpclient.netty.channel.ChannelManager - Adding key: http://localhost:63546 for channel [id: 0x1d1f418f, L:/127.0.0.1:57668 - R:localhost/127.0.0.1:63546]
17:43:16.735 [Forwarding findElement on session f7b093034ab23a00fdfdec04b7f9129b to remote] DEBUG org.asynchttpclient.netty.request.NettyRequestSender - Using pooled Channel '[id: 0x1d1f418f, L:/127.0.0.1:57668 - R:localhost/127.0.0.1:63546]' for 'POST' to 'http://localhost:63546/session/f7b093034ab23a00fdfdec04b7f9129b/element'
17:43:16.735 [Forwarding findElement on session f7b093034ab23a00fdfdec04b7f9129b to remote] DEBUG org.asynchttpclient.netty.request.NettyRequestSender - Using open Channel [id: 0x1d1f418f, L:/127.0.0.1:57668 - R:localhost/127.0.0.1:63546] for POST '/session/f7b093034ab23a00fdfdec04b7f9129b/element'
17:43:16.749 [AsyncHttpClient-1-2] DEBUG org.asynchttpclient.netty.handler.HttpHandler - 

Request DefaultHttpRequest(decodeResult: success, version: HTTP/1.1)
POST /session/f7b093034ab23a00fdfdec04b7f9129b/element HTTP/1.1
User-Agent: selenium/4.1.2 (java windows)
Content-Length: 80
Content-Type: application/json; charset=utf-8
host: localhost:63546
accept: */*

Response DefaultHttpResponse(decodeResult: success, version: HTTP/1.1)
HTTP/1.1 200 OK
Content-Type: application/json; charset=utf-8
cache-control: no-cache
content-length: 88

17:43:16.749 [AsyncHttpClient-1-2] DEBUG org.asynchttpclient.netty.channel.ChannelManager - Adding key: http://localhost:63546 for channel [id: 0x1d1f418f, L:/127.0.0.1:57668 - R:localhost/127.0.0.1:63546]
17:43:16.750 [Forwarding clickElement on session f7b093034ab23a00fdfdec04b7f9129b to remote] DEBUG org.asynchttpclient.netty.request.NettyRequestSender - Using pooled Channel '[id: 0x1d1f418f, L:/127.0.0.1:57668 - R:localhost/127.0.0.1:63546]' for 'POST' to 'http://localhost:63546/session/f7b093034ab23a00fdfdec04b7f9129b/element/4353b852-cd0a-4e68-a3b0-329c9eaa1f6c/click'
17:43:16.750 [Forwarding clickElement on session f7b093034ab23a00fdfdec04b7f9129b to remote] DEBUG org.asynchttpclient.netty.request.NettyRequestSender - Using open Channel [id: 0x1d1f418f, L:/127.0.0.1:57668 - R:localhost/127.0.0.1:63546] for POST '/session/f7b093034ab23a00fdfdec04b7f9129b/element/4353b852-cd0a-4e68-a3b0-329c9eaa1f6c/click'
17:43:17.098 [AsyncHttpClient-1-2] DEBUG org.asynchttpclient.netty.handler.HttpHandler - 

Request DefaultHttpRequest(decodeResult: success, version: HTTP/1.1)
POST /session/f7b093034ab23a00fdfdec04b7f9129b/element/4353b852-cd0a-4e68-a3b0-329c9eaa1f6c/click HTTP/1.1
User-Agent: selenium/4.1.2 (java windows)
Content-Length: 50
Content-Type: application/json; charset=utf-8
host: localhost:63546
accept: */*

Response DefaultHttpResponse(decodeResult: success, version: HTTP/1.1)
HTTP/1.1 200 OK
Content-Type: application/json; charset=utf-8
cache-control: no-cache
content-length: 14

17:43:17.098 [AsyncHttpClient-1-2] DEBUG org.asynchttpclient.netty.channel.ChannelManager - Adding key: http://localhost:63546 for channel [id: 0x1d1f418f, L:/127.0.0.1:57668 - R:localhost/127.0.0.1:63546]
17:43:17.101 [AsyncHttpClient-1-1] DEBUG org.asynchttpclient.netty.channel.DefaultChannelPool - Entry count for : http://localhost:57670 : 1
17:43:17.101 [AsyncHttpClient-1-1] DEBUG org.asynchttpclient.netty.channel.DefaultChannelPool - Entry count for : http://localhost:63546 : 1
17:43:17.104 [Forwarding screenshot on session f7b093034ab23a00fdfdec04b7f9129b to remote] DEBUG org.asynchttpclient.netty.request.NettyRequestSender - Using pooled Channel '[id: 0x1d1f418f, L:/127.0.0.1:57668 - R:localhost/127.0.0.1:63546]' for 'GET' to 'http://localhost:63546/session/f7b093034ab23a00fdfdec04b7f9129b/screenshot'
17:43:17.104 [Forwarding screenshot on session f7b093034ab23a00fdfdec04b7f9129b to remote] DEBUG org.asynchttpclient.netty.request.NettyRequestSender - Using open Channel [id: 0x1d1f418f, L:/127.0.0.1:57668 - R:localhost/127.0.0.1:63546] for GET '/session/f7b093034ab23a00fdfdec04b7f9129b/screenshot'
17:43:17.209 [AsyncHttpClient-1-2] DEBUG org.asynchttpclient.netty.handler.HttpHandler - 

Request DefaultFullHttpRequest(decodeResult: success, version: HTTP/1.1, content: EmptyByteBufBE)
GET /session/f7b093034ab23a00fdfdec04b7f9129b/screenshot HTTP/1.1
User-Agent: selenium/4.1.2 (java windows)
Cache-Control: no-cache
Content-Type: application/json; charset=utf-8
host: localhost:63546
accept: */*

Response DefaultHttpResponse(decodeResult: success, version: HTTP/1.1)
HTTP/1.1 200 OK
Content-Type: application/json; charset=utf-8
cache-control: no-cache
content-length: 55356

17:43:17.209 [AsyncHttpClient-1-2] DEBUG org.asynchttpclient.netty.channel.ChannelManager - Adding key: http://localhost:63546 for channel [id: 0x1d1f418f, L:/127.0.0.1:57668 - R:localhost/127.0.0.1:63546]
17:43:17.212 [main] DEBUG net.serenitybdd.core.photography.Darkroom - Send negative for processing for target\site\serenity\ba5e98368b8b80bc67dec291e300f29f857b0a624580ce977aa7580a9f0871db.png
17:43:17.212 [main] DEBUG net.thucydides.core.steps.StepInterceptor - STEP DONE: clickMenuPatientButton
  &amp#27;[32mAnd &amp#27;[0m&amp#27;[32mI click menu patient&amp#27;[0m                                    &amp#27;[90m# starter.stepdefinitions.PatientSteps.iClickMenuPatient()&amp#27;[0m
17:43:17.224 [Forwarding findElement on session f7b093034ab23a00fdfdec04b7f9129b to remote] DEBUG org.asynchttpclient.netty.request.NettyRequestSender - Using pooled Channel '[id: 0x1d1f418f, L:/127.0.0.1:57668 - R:localhost/127.0.0.1:63546]' for 'POST' to 'http://localhost:63546/session/f7b093034ab23a00fdfdec04b7f9129b/element'
17:43:17.224 [Forwarding findElement on session f7b093034ab23a00fdfdec04b7f9129b to remote] DEBUG org.asynchttpclient.netty.request.NettyRequestSender - Using open Channel [id: 0x1d1f418f, L:/127.0.0.1:57668 - R:localhost/127.0.0.1:63546] for POST '/session/f7b093034ab23a00fdfdec04b7f9129b/element'
17:43:17.241 [AsyncHttpClient-1-2] DEBUG org.asynchttpclient.netty.handler.HttpHandler - 

Request DefaultHttpRequest(decodeResult: success, version: HTTP/1.1)
POST /session/f7b093034ab23a00fdfdec04b7f9129b/element HTTP/1.1
User-Agent: selenium/4.1.2 (java windows)
Content-Length: 160
Content-Type: application/json; charset=utf-8
host: localhost:63546
accept: */*

Response DefaultHttpResponse(decodeResult: success, version: HTTP/1.1)
HTTP/1.1 200 OK
Content-Type: application/json; charset=utf-8
cache-control: no-cache
content-length: 88

17:43:17.241 [AsyncHttpClient-1-2] DEBUG org.asynchttpclient.netty.channel.ChannelManager - Adding key: http://localhost:63546 for channel [id: 0x1d1f418f, L:/127.0.0.1:57668 - R:localhost/127.0.0.1:63546]
17:43:17.242 [Forwarding clearElement on session f7b093034ab23a00fdfdec04b7f9129b to remote] DEBUG org.asynchttpclient.netty.request.NettyRequestSender - Using pooled Channel '[id: 0x1d1f418f, L:/127.0.0.1:57668 - R:localhost/127.0.0.1:63546]' for 'POST' to 'http://localhost:63546/session/f7b093034ab23a00fdfdec04b7f9129b/element/bb017964-d88d-4cc4-9f33-1dbc4591f0c9/clear'
17:43:17.242 [Forwarding clearElement on session f7b093034ab23a00fdfdec04b7f9129b to remote] DEBUG org.asynchttpclient.netty.request.NettyRequestSender - Using open Channel [id: 0x1d1f418f, L:/127.0.0.1:57668 - R:localhost/127.0.0.1:63546] for POST '/session/f7b093034ab23a00fdfdec04b7f9129b/element/bb017964-d88d-4cc4-9f33-1dbc4591f0c9/clear'
17:43:17.286 [AsyncHttpClient-1-2] DEBUG org.asynchttpclient.netty.handler.HttpHandler - 

Request DefaultHttpRequest(decodeResult: success, version: HTTP/1.1)
POST /session/f7b093034ab23a00fdfdec04b7f9129b/element/bb017964-d88d-4cc4-9f33-1dbc4591f0c9/clear HTTP/1.1
User-Agent: selenium/4.1.2 (java windows)
Content-Length: 50
Content-Type: application/json; charset=utf-8
host: localhost:63546
accept: */*

Response DefaultHttpResponse(decodeResult: success, version: HTTP/1.1)
HTTP/1.1 200 OK
Content-Type: application/json; charset=utf-8
cache-control: no-cache
content-length: 14

17:43:17.286 [AsyncHttpClient-1-2] DEBUG org.asynchttpclient.netty.channel.ChannelManager - Adding key: http://localhost:63546 for channel [id: 0x1d1f418f, L:/127.0.0.1:57668 - R:localhost/127.0.0.1:63546]
17:43:17.287 [Forwarding sendKeysToElement on session f7b093034ab23a00fdfdec04b7f9129b to remote] DEBUG org.asynchttpclient.netty.request.NettyRequestSender - Using pooled Channel '[id: 0x1d1f418f, L:/127.0.0.1:57668 - R:localhost/127.0.0.1:63546]' for 'POST' to 'http://localhost:63546/session/f7b093034ab23a00fdfdec04b7f9129b/element/bb017964-d88d-4cc4-9f33-1dbc4591f0c9/value'
17:43:17.288 [Forwarding sendKeysToElement on session f7b093034ab23a00fdfdec04b7f9129b to remote] DEBUG org.asynchttpclient.netty.request.NettyRequestSender - Using open Channel [id: 0x1d1f418f, L:/127.0.0.1:57668 - R:localhost/127.0.0.1:63546] for POST '/session/f7b093034ab23a00fdfdec04b7f9129b/element/bb017964-d88d-4cc4-9f33-1dbc4591f0c9/value'
17:43:17.421 [AsyncHttpClient-1-2] DEBUG org.asynchttpclient.netty.handler.HttpHandler - 

Request DefaultHttpRequest(decodeResult: success, version: HTTP/1.1)
POST /session/f7b093034ab23a00fdfdec04b7f9129b/element/bb017964-d88d-4cc4-9f33-1dbc4591f0c9/value HTTP/1.1
User-Agent: selenium/4.1.2 (java windows)
Content-Length: 101
Content-Type: application/json; charset=utf-8
host: localhost:63546
accept: */*

Response DefaultHttpResponse(decodeResult: success, version: HTTP/1.1)
HTTP/1.1 200 OK
Content-Type: application/json; charset=utf-8
cache-control: no-cache
content-length: 14

17:43:17.422 [AsyncHttpClient-1-2] DEBUG org.asynchttpclient.netty.channel.ChannelManager - Adding key: http://localhost:63546 for channel [id: 0x1d1f418f, L:/127.0.0.1:57668 - R:localhost/127.0.0.1:63546]
17:43:17.433 [Forwarding screenshot on session f7b093034ab23a00fdfdec04b7f9129b to remote] DEBUG org.asynchttpclient.netty.request.NettyRequestSender - Using pooled Channel '[id: 0x1d1f418f, L:/127.0.0.1:57668 - R:localhost/127.0.0.1:63546]' for 'GET' to 'http://localhost:63546/session/f7b093034ab23a00fdfdec04b7f9129b/screenshot'
17:43:17.433 [Forwarding screenshot on session f7b093034ab23a00fdfdec04b7f9129b to remote] DEBUG org.asynchttpclient.netty.request.NettyRequestSender - Using open Channel [id: 0x1d1f418f, L:/127.0.0.1:57668 - R:localhost/127.0.0.1:63546] for GET '/session/f7b093034ab23a00fdfdec04b7f9129b/screenshot'
17:43:17.532 [AsyncHttpClient-1-2] DEBUG org.asynchttpclient.netty.handler.HttpHandler - 

Request DefaultFullHttpRequest(decodeResult: success, version: HTTP/1.1, content: EmptyByteBufBE)
GET /session/f7b093034ab23a00fdfdec04b7f9129b/screenshot HTTP/1.1
User-Agent: selenium/4.1.2 (java windows)
Cache-Control: no-cache
Content-Type: application/json; charset=utf-8
host: localhost:63546
accept: */*

Response DefaultHttpResponse(decodeResult: success, version: HTTP/1.1)
HTTP/1.1 200 OK
Content-Type: application/json; charset=utf-8
cache-control: no-cache
content-length: 65500

17:43:17.532 [AsyncHttpClient-1-2] DEBUG org.asynchttpclient.netty.channel.ChannelManager - Adding key: http://localhost:63546 for channel [id: 0x1d1f418f, L:/127.0.0.1:57668 - R:localhost/127.0.0.1:63546]
17:43:17.536 [main] DEBUG net.serenitybdd.core.photography.Darkroom - Send negative for processing for target\site\serenity\7b660e040435c5cdfaf00592fa94951f1b44e2342fc793a97565183a8f6b46de.png
17:43:17.536 [main] DEBUG net.thucydides.core.steps.StepInterceptor - STARTING STEP: PatientSteps.iInputPatientBloodTypeAndClickSearch - clickSearchButton
17:43:17.536 [Darkroom Processing Line] DEBUG net.serenitybdd.core.photography.DarkroomProcessingLine - Processing screenshot image in /var/screenshots/screenshot-11112333409174985093
17:43:17.536 [Darkroom Processing Line] DEBUG net.serenitybdd.core.photography.DarkroomProcessingLine - Saving screenshot to target\site\serenity\7b660e040435c5cdfaf00592fa94951f1b44e2342fc793a97565183a8f6b46de.png
17:43:17.540 [Forwarding findElement on session f7b093034ab23a00fdfdec04b7f9129b to remote] DEBUG org.asynchttpclient.netty.request.NettyRequestSender - Using pooled Channel '[id: 0x1d1f418f, L:/127.0.0.1:57668 - R:localhost/127.0.0.1:63546]' for 'POST' to 'http://localhost:63546/session/f7b093034ab23a00fdfdec04b7f9129b/element'
17:43:17.540 [Forwarding findElement on session f7b093034ab23a00fdfdec04b7f9129b to remote] DEBUG org.asynchttpclient.netty.request.NettyRequestSender - Using open Channel [id: 0x1d1f418f, L:/127.0.0.1:57668 - R:localhost/127.0.0.1:63546] for POST '/session/f7b093034ab23a00fdfdec04b7f9129b/element'
17:43:17.557 [AsyncHttpClient-1-2] DEBUG org.asynchttpclient.netty.handler.HttpHandler - 

Request DefaultHttpRequest(decodeResult: success, version: HTTP/1.1)
POST /session/f7b093034ab23a00fdfdec04b7f9129b/element HTTP/1.1
User-Agent: selenium/4.1.2 (java windows)
Content-Length: 161
Content-Type: application/json; charset=utf-8
host: localhost:63546
accept: */*

Response DefaultHttpResponse(decodeResult: success, version: HTTP/1.1)
HTTP/1.1 200 OK
Content-Type: application/json; charset=utf-8
cache-control: no-cache
content-length: 88

17:43:17.557 [AsyncHttpClient-1-2] DEBUG org.asynchttpclient.netty.channel.ChannelManager - Adding key: http://localhost:63546 for channel [id: 0x1d1f418f, L:/127.0.0.1:57668 - R:localhost/127.0.0.1:63546]
17:43:17.558 [Forwarding getElementTagName on session f7b093034ab23a00fdfdec04b7f9129b to remote] DEBUG org.asynchttpclient.netty.request.NettyRequestSender - Using pooled Channel '[id: 0x1d1f418f, L:/127.0.0.1:57668 - R:localhost/127.0.0.1:63546]' for 'GET' to 'http://localhost:63546/session/f7b093034ab23a00fdfdec04b7f9129b/element/3bb74ef5-f388-41b9-914e-ff0d7403adac/name'
17:43:17.558 [Forwarding getElementTagName on session f7b093034ab23a00fdfdec04b7f9129b to remote] DEBUG org.asynchttpclient.netty.request.NettyRequestSender - Using open Channel [id: 0x1d1f418f, L:/127.0.0.1:57668 - R:localhost/127.0.0.1:63546] for GET '/session/f7b093034ab23a00fdfdec04b7f9129b/element/3bb74ef5-f388-41b9-914e-ff0d7403adac/name'
17:43:17.563 [AsyncHttpClient-1-2] DEBUG org.asynchttpclient.netty.handler.HttpHandler - 

Request DefaultFullHttpRequest(decodeResult: success, version: HTTP/1.1, content: EmptyByteBufBE)
GET /session/f7b093034ab23a00fdfdec04b7f9129b/element/3bb74ef5-f388-41b9-914e-ff0d7403adac/name HTTP/1.1
User-Agent: selenium/4.1.2 (java windows)
Cache-Control: no-cache
Content-Type: application/json; charset=utf-8
host: localhost:63546
accept: */*

Response DefaultHttpResponse(decodeResult: success, version: HTTP/1.1)
HTTP/1.1 200 OK
Content-Type: application/json; charset=utf-8
cache-control: no-cache
content-length: 18

17:43:17.563 [AsyncHttpClient-1-2] DEBUG org.asynchttpclient.netty.channel.ChannelManager - Adding key: http://localhost:63546 for channel [id: 0x1d1f418f, L:/127.0.0.1:57668 - R:localhost/127.0.0.1:63546]
17:43:17.565 [Forwarding getElementTagName on session f7b093034ab23a00fdfdec04b7f9129b to remote] DEBUG org.asynchttpclient.netty.request.NettyRequestSender - Using pooled Channel '[id: 0x1d1f418f, L:/127.0.0.1:57668 - R:localhost/127.0.0.1:63546]' for 'GET' to 'http://localhost:63546/session/f7b093034ab23a00fdfdec04b7f9129b/element/3bb74ef5-f388-41b9-914e-ff0d7403adac/name'
17:43:17.565 [Forwarding getElementTagName on session f7b093034ab23a00fdfdec04b7f9129b to remote] DEBUG org.asynchttpclient.netty.request.NettyRequestSender - Using open Channel [id: 0x1d1f418f, L:/127.0.0.1:57668 - R:localhost/127.0.0.1:63546] for GET '/session/f7b093034ab23a00fdfdec04b7f9129b/element/3bb74ef5-f388-41b9-914e-ff0d7403adac/name'
17:43:17.569 [AsyncHttpClient-1-2] DEBUG org.asynchttpclient.netty.handler.HttpHandler - 

Request DefaultFullHttpRequest(decodeResult: success, version: HTTP/1.1, content: EmptyByteBufBE)
GET /session/f7b093034ab23a00fdfdec04b7f9129b/element/3bb74ef5-f388-41b9-914e-ff0d7403adac/name HTTP/1.1
User-Agent: selenium/4.1.2 (java windows)
Cache-Control: no-cache
Content-Type: application/json; charset=utf-8
host: localhost:63546
accept: */*

Response DefaultHttpResponse(decodeResult: success, version: HTTP/1.1)
HTTP/1.1 200 OK
Content-Type: application/json; charset=utf-8
cache-control: no-cache
content-length: 18

17:43:17.569 [AsyncHttpClient-1-2] DEBUG org.asynchttpclient.netty.channel.ChannelManager - Adding key: http://localhost:63546 for channel [id: 0x1d1f418f, L:/127.0.0.1:57668 - R:localhost/127.0.0.1:63546]
17:43:17.571 [Forwarding isElementEnabled on session f7b093034ab23a00fdfdec04b7f9129b to remote] DEBUG org.asynchttpclient.netty.request.NettyRequestSender - Using pooled Channel '[id: 0x1d1f418f, L:/127.0.0.1:57668 - R:localhost/127.0.0.1:63546]' for 'GET' to 'http://localhost:63546/session/f7b093034ab23a00fdfdec04b7f9129b/element/3bb74ef5-f388-41b9-914e-ff0d7403adac/enabled'
17:43:17.571 [Forwarding isElementEnabled on session f7b093034ab23a00fdfdec04b7f9129b to remote] DEBUG org.asynchttpclient.netty.request.NettyRequestSender - Using open Channel [id: 0x1d1f418f, L:/127.0.0.1:57668 - R:localhost/127.0.0.1:63546] for GET '/session/f7b093034ab23a00fdfdec04b7f9129b/element/3bb74ef5-f388-41b9-914e-ff0d7403adac/enabled'
17:43:17.580 [AsyncHttpClient-1-2] DEBUG org.asynchttpclient.netty.handler.HttpHandler - 

Request DefaultFullHttpRequest(decodeResult: success, version: HTTP/1.1, content: EmptyByteBufBE)
GET /session/f7b093034ab23a00fdfdec04b7f9129b/element/3bb74ef5-f388-41b9-914e-ff0d7403adac/enabled HTTP/1.1
User-Agent: selenium/4.1.2 (java windows)
Cache-Control: no-cache
Content-Type: application/json; charset=utf-8
host: localhost:63546
accept: */*

Response DefaultHttpResponse(decodeResult: success, version: HTTP/1.1)
HTTP/1.1 200 OK
Content-Type: application/json; charset=utf-8
cache-control: no-cache
content-length: 14

17:43:17.580 [AsyncHttpClient-1-2] DEBUG org.asynchttpclient.netty.channel.ChannelManager - Adding key: http://localhost:63546 for channel [id: 0x1d1f418f, L:/127.0.0.1:57668 - R:localhost/127.0.0.1:63546]
17:43:17.582 [Forwarding isElementEnabled on session f7b093034ab23a00fdfdec04b7f9129b to remote] DEBUG org.asynchttpclient.netty.request.NettyRequestSender - Using pooled Channel '[id: 0x1d1f418f, L:/127.0.0.1:57668 - R:localhost/127.0.0.1:63546]' for 'GET' to 'http://localhost:63546/session/f7b093034ab23a00fdfdec04b7f9129b/element/3bb74ef5-f388-41b9-914e-ff0d7403adac/enabled'
17:43:17.582 [Forwarding isElementEnabled on session f7b093034ab23a00fdfdec04b7f9129b to remote] DEBUG org.asynchttpclient.netty.request.NettyRequestSender - Using open Channel [id: 0x1d1f418f, L:/127.0.0.1:57668 - R:localhost/127.0.0.1:63546] for GET '/session/f7b093034ab23a00fdfdec04b7f9129b/element/3bb74ef5-f388-41b9-914e-ff0d7403adac/enabled'
17:43:17.588 [AsyncHttpClient-1-2] DEBUG org.asynchttpclient.netty.handler.HttpHandler - 

Request DefaultFullHttpRequest(decodeResult: success, version: HTTP/1.1, content: EmptyByteBufBE)
GET /session/f7b093034ab23a00fdfdec04b7f9129b/element/3bb74ef5-f388-41b9-914e-ff0d7403adac/enabled HTTP/1.1
User-Agent: selenium/4.1.2 (java windows)
Cache-Control: no-cache
Content-Type: application/json; charset=utf-8
host: localhost:63546
accept: */*

Response DefaultHttpResponse(decodeResult: success, version: HTTP/1.1)
HTTP/1.1 200 OK
Content-Type: application/json; charset=utf-8
cache-control: no-cache
content-length: 14

17:43:17.588 [AsyncHttpClient-1-2] DEBUG org.asynchttpclient.netty.channel.ChannelManager - Adding key: http://localhost:63546 for channel [id: 0x1d1f418f, L:/127.0.0.1:57668 - R:localhost/127.0.0.1:63546]
17:43:17.590 [Forwarding findElement on session f7b093034ab23a00fdfdec04b7f9129b to remote] DEBUG org.asynchttpclient.netty.request.NettyRequestSender - Using pooled Channel '[id: 0x1d1f418f, L:/127.0.0.1:57668 - R:localhost/127.0.0.1:63546]' for 'POST' to 'http://localhost:63546/session/f7b093034ab23a00fdfdec04b7f9129b/element'
17:43:17.590 [Forwarding findElement on session f7b093034ab23a00fdfdec04b7f9129b to remote] DEBUG org.asynchttpclient.netty.request.NettyRequestSender - Using open Channel [id: 0x1d1f418f, L:/127.0.0.1:57668 - R:localhost/127.0.0.1:63546] for POST '/session/f7b093034ab23a00fdfdec04b7f9129b/element'
17:43:17.598 [AsyncHttpClient-1-2] DEBUG org.asynchttpclient.netty.handler.HttpHandler - 

Request DefaultHttpRequest(decodeResult: success, version: HTTP/1.1)
POST /session/f7b093034ab23a00fdfdec04b7f9129b/element HTTP/1.1
User-Agent: selenium/4.1.2 (java windows)
Content-Length: 161
Content-Type: application/json; charset=utf-8
host: localhost:63546
accept: */*

Response DefaultHttpResponse(decodeResult: success, version: HTTP/1.1)
HTTP/1.1 200 OK
Content-Type: application/json; charset=utf-8
cache-control: no-cache
content-length: 88

17:43:17.599 [AsyncHttpClient-1-2] DEBUG org.asynchttpclient.netty.channel.ChannelManager - Adding key: http://localhost:63546 for channel [id: 0x1d1f418f, L:/127.0.0.1:57668 - R:localhost/127.0.0.1:63546]
17:43:17.600 [Forwarding clickElement on session f7b093034ab23a00fdfdec04b7f9129b to remote] DEBUG org.asynchttpclient.netty.request.NettyRequestSender - Using pooled Channel '[id: 0x1d1f418f, L:/127.0.0.1:57668 - R:localhost/127.0.0.1:63546]' for 'POST' to 'http://localhost:63546/session/f7b093034ab23a00fdfdec04b7f9129b/element/3bb74ef5-f388-41b9-914e-ff0d7403adac/click'
17:43:17.600 [Forwarding clickElement on session f7b093034ab23a00fdfdec04b7f9129b to remote] DEBUG org.asynchttpclient.netty.request.NettyRequestSender - Using open Channel [id: 0x1d1f418f, L:/127.0.0.1:57668 - R:localhost/127.0.0.1:63546] for POST '/session/f7b093034ab23a00fdfdec04b7f9129b/element/3bb74ef5-f388-41b9-914e-ff0d7403adac/click'
17:43:17.732 [AsyncHttpClient-1-2] DEBUG org.asynchttpclient.netty.handler.HttpHandler - 

Request DefaultHttpRequest(decodeResult: success, version: HTTP/1.1)
POST /session/f7b093034ab23a00fdfdec04b7f9129b/element/3bb74ef5-f388-41b9-914e-ff0d7403adac/click HTTP/1.1
User-Agent: selenium/4.1.2 (java windows)
Content-Length: 50
Content-Type: application/json; charset=utf-8
host: localhost:63546
accept: */*

Response DefaultHttpResponse(decodeResult: success, version: HTTP/1.1)
HTTP/1.1 200 OK
Content-Type: application/json; charset=utf-8
cache-control: no-cache
content-length: 14

17:43:17.732 [AsyncHttpClient-1-2] DEBUG org.asynchttpclient.netty.channel.ChannelManager - Adding key: http://localhost:63546 for channel [id: 0x1d1f418f, L:/127.0.0.1:57668 - R:localhost/127.0.0.1:63546]
17:43:17.744 [Forwarding screenshot on session f7b093034ab23a00fdfdec04b7f9129b to remote] DEBUG org.asynchttpclient.netty.request.NettyRequestSender - Using pooled Channel '[id: 0x1d1f418f, L:/127.0.0.1:57668 - R:localhost/127.0.0.1:63546]' for 'GET' to 'http://localhost:63546/session/f7b093034ab23a00fdfdec04b7f9129b/screenshot'
17:43:17.744 [Forwarding screenshot on session f7b093034ab23a00fdfdec04b7f9129b to remote] DEBUG org.asynchttpclient.netty.request.NettyRequestSender - Using open Channel [id: 0x1d1f418f, L:/127.0.0.1:57668 - R:localhost/127.0.0.1:63546] for GET '/session/f7b093034ab23a00fdfdec04b7f9129b/screenshot'
17:43:17.868 [AsyncHttpClient-1-2] DEBUG org.asynchttpclient.netty.handler.HttpHandler - 

Request DefaultFullHttpRequest(decodeResult: success, version: HTTP/1.1, content: EmptyByteBufBE)
GET /session/f7b093034ab23a00fdfdec04b7f9129b/screenshot HTTP/1.1
User-Agent: selenium/4.1.2 (java windows)
Cache-Control: no-cache
Content-Type: application/json; charset=utf-8
host: localhost:63546
accept: */*

Response DefaultHttpResponse(decodeResult: success, version: HTTP/1.1)
HTTP/1.1 200 OK
Content-Type: application/json; charset=utf-8
cache-control: no-cache
content-length: 87860

17:43:17.868 [AsyncHttpClient-1-2] DEBUG org.asynchttpclient.netty.channel.ChannelManager - Adding key: http://localhost:63546 for channel [id: 0x1d1f418f, L:/127.0.0.1:57668 - R:localhost/127.0.0.1:63546]
17:43:17.873 [main] DEBUG net.serenitybdd.core.photography.Darkroom - Send negative for processing for target\site\serenity\cddc8e109984004191643e4b340535af578dcb695ce34d41a0ea76cad65cc4d2.png
17:43:17.873 [main] DEBUG net.thucydides.core.steps.StepInterceptor - STEP DONE: clickSearchButton
  &amp#27;[32mWhen &amp#27;[0m&amp#27;[32mI input patient blood type and click search&amp#27;[0m            &amp#27;[90m# starter.stepdefinitions.PatientSteps.iInputPatientBloodTypeAndClickSearch()&amp#27;[0m
17:43:17.873 [Darkroom Processing Line] DEBUG net.serenitybdd.core.photography.DarkroomProcessingLine - Processing screenshot image in /var/screenshots/screenshot-15420881591836441928
17:43:17.873 [Darkroom Processing Line] DEBUG net.serenitybdd.core.photography.DarkroomProcessingLine - Saving screenshot to target\site\serenity\cddc8e109984004191643e4b340535af578dcb695ce34d41a0ea76cad65cc4d2.png
17:43:17.885 [Forwarding findElement on session f7b093034ab23a00fdfdec04b7f9129b to remote] DEBUG org.asynchttpclient.netty.request.NettyRequestSender - Using pooled Channel '[id: 0x1d1f418f, L:/127.0.0.1:57668 - R:localhost/127.0.0.1:63546]' for 'POST' to 'http://localhost:63546/session/f7b093034ab23a00fdfdec04b7f9129b/element'
17:43:17.885 [Forwarding findElement on session f7b093034ab23a00fdfdec04b7f9129b to remote] DEBUG org.asynchttpclient.netty.request.NettyRequestSender - Using open Channel [id: 0x1d1f418f, L:/127.0.0.1:57668 - R:localhost/127.0.0.1:63546] for POST '/session/f7b093034ab23a00fdfdec04b7f9129b/element'
17:43:17.901 [AsyncHttpClient-1-2] DEBUG org.asynchttpclient.netty.handler.HttpHandler - 

Request DefaultHttpRequest(decodeResult: success, version: HTTP/1.1)
POST /session/f7b093034ab23a00fdfdec04b7f9129b/element HTTP/1.1
User-Agent: selenium/4.1.2 (java windows)
Content-Length: 74
Content-Type: application/json; charset=utf-8
host: localhost:63546
accept: */*

Response DefaultHttpResponse(decodeResult: success, version: HTTP/1.1)
HTTP/1.1 200 OK
Content-Type: application/json; charset=utf-8
cache-control: no-cache
content-length: 88

17:43:17.901 [AsyncHttpClient-1-2] DEBUG org.asynchttpclient.netty.channel.ChannelManager - Adding key: http://localhost:63546 for channel [id: 0x1d1f418f, L:/127.0.0.1:57668 - R:localhost/127.0.0.1:63546]
17:43:17.930 [Forwarding isElementDisplayed on session f7b093034ab23a00fdfdec04b7f9129b to remote] DEBUG org.asynchttpclient.netty.request.NettyRequestSender - Using pooled Channel '[id: 0x1d1f418f, L:/127.0.0.1:57668 - R:localhost/127.0.0.1:63546]' for 'POST' to 'http://localhost:63546/session/f7b093034ab23a00fdfdec04b7f9129b/execute/sync'
17:43:17.930 [Forwarding isElementDisplayed on session f7b093034ab23a00fdfdec04b7f9129b to remote] DEBUG org.asynchttpclient.netty.request.NettyRequestSender - Using open Channel [id: 0x1d1f418f, L:/127.0.0.1:57668 - R:localhost/127.0.0.1:63546] for POST '/session/f7b093034ab23a00fdfdec04b7f9129b/execute/sync'
17:43:17.951 [AsyncHttpClient-1-2] DEBUG org.asynchttpclient.netty.handler.HttpHandler - 

Request DefaultHttpRequest(decodeResult: success, version: HTTP/1.1)
POST /session/f7b093034ab23a00fdfdec04b7f9129b/execute/sync HTTP/1.1
User-Agent: selenium/4.1.2 (java windows)
Content-Length: 48780
Content-Type: application/json; charset=utf-8
host: localhost:63546
accept: */*

Response DefaultHttpResponse(decodeResult: success, version: HTTP/1.1)
HTTP/1.1 200 OK
Content-Type: application/json; charset=utf-8
cache-control: no-cache
content-length: 14

17:43:17.951 [AsyncHttpClient-1-2] DEBUG org.asynchttpclient.netty.channel.ChannelManager - Adding key: http://localhost:63546 for channel [id: 0x1d1f418f, L:/127.0.0.1:57668 - R:localhost/127.0.0.1:63546]
  &amp#27;[32mThen &amp#27;[0m&amp#27;[32mI validate search by patient blood type&amp#27;[0m                &amp#27;[90m# starter.stepdefinitions.PatientSteps.iValidateSearchByPatientBloodType()&amp#27;[0m
17:43:17.956 [Forwarding screenshot on session f7b093034ab23a00fdfdec04b7f9129b to remote] DEBUG org.asynchttpclient.netty.request.NettyRequestSender - Using pooled Channel '[id: 0x1d1f418f, L:/127.0.0.1:57668 - R:localhost/127.0.0.1:63546]' for 'GET' to 'http://localhost:63546/session/f7b093034ab23a00fdfdec04b7f9129b/screenshot'
17:43:17.956 [Forwarding screenshot on session f7b093034ab23a00fdfdec04b7f9129b to remote] DEBUG org.asynchttpclient.netty.request.NettyRequestSender - Using open Channel [id: 0x1d1f418f, L:/127.0.0.1:57668 - R:localhost/127.0.0.1:63546] for GET '/session/f7b093034ab23a00fdfdec04b7f9129b/screenshot'
17:43:18.073 [AsyncHttpClient-1-2] DEBUG org.asynchttpclient.netty.handler.HttpHandler - 

Request DefaultFullHttpRequest(decodeResult: success, version: HTTP/1.1, content: EmptyByteBufBE)
GET /session/f7b093034ab23a00fdfdec04b7f9129b/screenshot HTTP/1.1
User-Agent: selenium/4.1.2 (java windows)
Cache-Control: no-cache
Content-Type: application/json; charset=utf-8
host: localhost:63546
accept: */*

Response DefaultHttpResponse(decodeResult: success, version: HTTP/1.1)
HTTP/1.1 200 OK
Content-Type: application/json; charset=utf-8
cache-control: no-cache
content-length: 88340

17:43:18.073 [AsyncHttpClient-1-2] DEBUG org.asynchttpclient.netty.channel.ChannelManager - Adding key: http://localhost:63546 for channel [id: 0x1d1f418f, L:/127.0.0.1:57668 - R:localhost/127.0.0.1:63546]
17:43:18.078 [main] DEBUG net.serenitybdd.core.photography.Darkroom - Send negative for processing for target\site\serenity\ac9eb4a0397fed50cc35708b7d19246bbc3feedcb6c2cfeabace62cb291643ce.png
17:43:18.078 [Darkroom Processing Line] DEBUG net.serenitybdd.core.photography.DarkroomProcessingLine - Processing screenshot image in /var/screenshots/screenshot-11636105730747183270
17:43:18.078 [Darkroom Processing Line] DEBUG net.serenitybdd.core.photography.DarkroomProcessingLine - Saving screenshot to target\site\serenity\ac9eb4a0397fed50cc35708b7d19246bbc3feedcb6c2cfeabace62cb291643ce.png
17:43:18.079 [main] INFO  - 
  _____   ___   ___   _____     ___     _     ___   ___   ___   ___  
 |_   _| | __| / __| |_   _|   | _ \   /_\   / __| / __| | __| |   \ 
   | |   | _|  \__ \   | |     |  _/  / _ \  \__ \ \__ \ | _|  | |) |
   |_|   |___| |___/   |_|     |_|   /_/ \_\ |___/ |___/ |___| |___/ 

Search Patient Based on Patient Blood Type Scenario
----------------------------------------------------------------------
17:43:18.081 [AsyncHttpClient-1-4] DEBUG org.asynchttpclient.netty.handler.WebSocketHandler - Channel Closed: [id: 0x00a61868, L:/127.0.0.1:57676 ! R:localhost/127.0.0.1:57670] with attribute NettyResponseFuture{currentRetry=5,
	isDone=1,
	isCancelled=0,
	asyncHandler=org.asynchttpclient.ws.WebSocketUpgradeHandler@13ee4b6a,
	nettyRequest=org.asynchttpclient.netty.request.NettyRequest@1d7e6f8f,
	future=java.util.concurrent.CompletableFuture@35bea930[Completed normally],
	uri=ws://localhost:57670/devtools/browser/d3de4600-ba21-4b94-a6e1-994c8d422518,
	keepAlive=true,
	redirectCount=0,
	timeoutsHolder=null,
	inAuth=0,
	touch=1655548992201}
17:43:18.081 [AsyncHttpClient-1-4] DEBUG org.asynchttpclient.netty.channel.ChannelManager - Closing Channel [id: 0x00a61868, L:/127.0.0.1:57676 ! R:localhost/127.0.0.1:57670] 
17:43:18.081 [Driver Command Executor] DEBUG org.asynchttpclient.netty.request.NettyRequestSender - Using pooled Channel '[id: 0x1d1f418f, L:/127.0.0.1:57668 - R:localhost/127.0.0.1:63546]' for 'DELETE' to 'http://localhost:63546/session/f7b093034ab23a00fdfdec04b7f9129b'
17:43:18.081 [Driver Command Executor] DEBUG org.asynchttpclient.netty.request.NettyRequestSender - Using open Channel [id: 0x1d1f418f, L:/127.0.0.1:57668 - R:localhost/127.0.0.1:63546] for DELETE '/session/f7b093034ab23a00fdfdec04b7f9129b'
17:43:18.106 [AsyncHttpClient-1-3] DEBUG org.asynchttpclient.netty.handler.HttpHandler - Unexpected I/O exception on channel [id: 0x8489f9cd, L:/127.0.0.1:57675 - R:localhost/127.0.0.1:57670]
java.net.SocketException: Connection reset
	at java.base/sun.nio.ch.SocketChannelImpl.throwConnectionReset(SocketChannelImpl.java:367)
	at java.base/sun.nio.ch.SocketChannelImpl.read(SocketChannelImpl.java:398)
	at io.netty.buffer.PooledByteBuf.setBytes(PooledByteBuf.java:258)
	at io.netty.buffer.AbstractByteBuf.writeBytes(AbstractByteBuf.java:1132)
	at io.netty.channel.socket.nio.NioSocketChannel.doReadBytes(NioSocketChannel.java:350)
	at io.netty.channel.nio.AbstractNioByteChannel$NioByteUnsafe.read(AbstractNioByteChannel.java:151)
	at io.netty.channel.nio.NioEventLoop.processSelectedKey(NioEventLoop.java:722)
	at io.netty.channel.nio.NioEventLoop.processSelectedKeysOptimized(NioEventLoop.java:658)
	at io.netty.channel.nio.NioEventLoop.processSelectedKeys(NioEventLoop.java:584)
	at io.netty.channel.nio.NioEventLoop.run(NioEventLoop.java:496)
	at io.netty.util.concurrent.SingleThreadEventExecutor$4.run(SingleThreadEventExecutor.java:986)
	at io.netty.util.internal.ThreadExecutorMap$2.run(ThreadExecutorMap.java:74)
	at io.netty.util.concurrent.FastThreadLocalRunnable.run(FastThreadLocalRunnable.java:30)
	at java.base/java.lang.Thread.run(Thread.java:832)
17:43:18.106 [AsyncHttpClient-1-3] DEBUG org.asynchttpclient.netty.channel.ChannelManager - Closing Channel [id: 0x8489f9cd, L:/127.0.0.1:57675 - R:localhost/127.0.0.1:57670] 
17:43:18.107 [AsyncHttpClient-1-3] DEBUG org.asynchttpclient.netty.handler.HttpHandler - Channel Closed: [id: 0x8489f9cd, L:/127.0.0.1:57675 ! R:localhost/127.0.0.1:57670] with attribute DISCARD
17:43:18.122 [AsyncHttpClient-1-2] DEBUG org.asynchttpclient.netty.handler.HttpHandler - 

Request DefaultFullHttpRequest(decodeResult: success, version: HTTP/1.1, content: EmptyByteBufBE)
DELETE /session/f7b093034ab23a00fdfdec04b7f9129b HTTP/1.1
User-Agent: selenium/4.1.2 (java windows)
Content-Type: application/json; charset=utf-8
host: localhost:63546
accept: */*

Response DefaultHttpResponse(decodeResult: success, version: HTTP/1.1)
HTTP/1.1 200 OK
Content-Type: application/json; charset=utf-8
cache-control: no-cache
content-length: 14

17:43:18.122 [AsyncHttpClient-1-2] DEBUG org.asynchttpclient.netty.channel.ChannelManager - Adding key: http://localhost:63546 for channel [id: 0x1d1f418f, L:/127.0.0.1:57668 - R:localhost/127.0.0.1:63546]
17:43:18.205 [AsyncHttpClient-1-1] DEBUG org.asynchttpclient.netty.channel.DefaultChannelPool - Entry count for : http://localhost:57670 : 1
17:43:18.205 [AsyncHttpClient-1-1] DEBUG org.asynchttpclient.netty.channel.DefaultChannelPool - Entry count for : http://localhost:63546 : 1
17:43:18.205 [AsyncHttpClient-1-1] DEBUG org.asynchttpclient.netty.channel.DefaultChannelPool - Adding Candidate expired Channel [id: 0x8489f9cd, L:/127.0.0.1:57675 ! R:localhost/127.0.0.1:57670] isIdleTimeoutExpired=false isRemotelyClosed=true isTtlExpired=false
17:43:18.205 [AsyncHttpClient-1-1] DEBUG org.asynchttpclient.netty.channel.DefaultChannelPool - Closing Idle Channel [id: 0x8489f9cd, L:/127.0.0.1:57675 ! R:localhost/127.0.0.1:57670]
17:43:18.205 [AsyncHttpClient-1-1] DEBUG org.asynchttpclient.netty.channel.DefaultChannelPool - Closed 1 connections out of 2 in 0 ms
17:43:18.272 [AsyncHttpClient-1-2] DEBUG org.asynchttpclient.netty.handler.HttpHandler - Channel Closed: [id: 0x1d1f418f, L:/127.0.0.1:57668 ! R:localhost/127.0.0.1:63546] with attribute DISCARD
]]></system-out>
    <system-err><![CDATA[Starting ChromeDriver 102.0.5005.61 (0e59bcc00cc4985ce39ad31c150065f159d95ad3-refs/branch-heads/5005@{#819}) on port 63546
Only local connections are allowed.
Please see https://chromedriver.chromium.org/security-considerations for suggestions on keeping ChromeDriver safe.
ChromeDriver was started successfully.
Jun 18, 2022 5:43:12 PM org.openqa.selenium.remote.ProtocolHandshake createSession
INFO: Detected dialect: W3C
Jun 18, 2022 5:43:12 PM org.openqa.selenium.devtools.CdpVersionFinder findNearestMatch
WARNING: Unable to find an exact match for CDP version 102, so returning the closest version found: a no-op implementation
Jun 18, 2022 5:43:12 PM org.openqa.selenium.devtools.CdpVersionFinder findNearestMatch
INFO: Unable to find CDP implementation matching 102.
Jun 18, 2022 5:43:12 PM org.openqa.selenium.chromium.ChromiumDriver lambda$new$3
WARNING: Unable to find version of CDP to use for . You may need to include a dependency on a specific version of the CDP using something similar to `org.seleniumhq.selenium:selenium-devtools-v86:4.1.2` where the version ("v86") matches the version of the chromium-based browser you're using and the version number of the artifact is the same as Selenium's.
]]></system-err>
  </testcase>
  <testcase name="Create New Doctor Scenario" classname="Doctor" time="13.699">
    <system-out><![CDATA[17:43:18.787 [main] INFO io.cucumber.core.plugin.SerenityReporter - Running feature from file:///E:/My%20Documents/File%20Difa/TI%20Semester%206%20Kampus%20Merdeka%20Alterra/Tugas/CAPSTONE%20Project/Capstone-Project-Website/src/test/resources/features/3.Doctor.feature
17:43:18.791 [main] DEBUG net.thucydides.core.steps.StepEventBus - Test suite started for story net.thucydides.core.model.Story@bff63723
17:43:18.792 [main] INFO  - Test Suite Started: Doctor

@Doctor @CreateDoctor
Scenario: Create New Doctor Scenario             &amp#27;[90m# src/test/resources/features/3.Doctor.feature:8&amp#27;[0m
17:43:18.808 [main] INFO io.cucumber.core.plugin.SerenityReporter - Running feature from file:///E:/My%20Documents/File%20Difa/TI%20Semester%206%20Kampus%20Merdeka%20Alterra/Tugas/CAPSTONE%20Project/Capstone-Project-Website/src/test/resources/features/3.Doctor.feature
17:43:18.811 [main] INFO  - 
  _____   ___   ___   _____     ___   _____     _     ___   _____   ___   ___  
 |_   _| | __| / __| |_   _|   / __| |_   _|   /_\   | _ \ |_   _| | __| |   \ 
   | |   | _|  \__ \   | |     \__ \   | |    / _ \  |   /   | |   | _|  | |) |
   |_|   |___| |___/   |_|     |___/   |_|   /_/ \_\ |_|_\   |_|   |___| |___/ 

Create New Doctor Scenario(doctor;create-new-doctor-scenario)
--------------------------------------------------------------------------------
17:43:19.319 [AsyncHttpClient-1-1] DEBUG org.asynchttpclient.netty.channel.DefaultChannelPool - Entry count for : http://localhost:63546 : 1
17:43:19.320 [AsyncHttpClient-1-1] DEBUG org.asynchttpclient.netty.channel.DefaultChannelPool - Adding Candidate expired Channel [id: 0x1d1f418f, L:/127.0.0.1:57668 ! R:localhost/127.0.0.1:63546] isIdleTimeoutExpired=false isRemotelyClosed=true isTtlExpired=false
17:43:19.320 [AsyncHttpClient-1-1] DEBUG org.asynchttpclient.netty.channel.DefaultChannelPool - Closing Idle Channel [id: 0x1d1f418f, L:/127.0.0.1:57668 ! R:localhost/127.0.0.1:63546]
17:43:19.320 [AsyncHttpClient-1-1] DEBUG org.asynchttpclient.netty.channel.DefaultChannelPool - Closed 1 connections out of 1 in 1 ms
17:43:19.646 [main] DEBUG net.thucydides.core.steps.StepInterceptor - STARTING STEP: DoctorSteps.iAmAtTheDashboardPage - openUrl
17:43:19.658 [main] INFO net.serenitybdd.core.webdriver.driverproviders.ChromeDriverProvider - Using automatically driver download
17:43:20.054 [main] DEBUG io.github.bonigarcia.wdm.cache.ResolutionCache - Resolution chrome=102 in cache (valid until 18:14:23 18/06/2022 ICT)
17:43:20.070 [main] DEBUG io.github.bonigarcia.wdm.cache.ResolutionCache - Resolution chrome102=102.0.5005.61 in cache (valid until 17:29:52 19/06/2022 ICT)
17:43:20.072 [main] INFO io.github.bonigarcia.wdm.WebDriverManager - Using chromedriver 102.0.5005.61 (resolved driver for Chrome 102)
17:43:20.139 [main] DEBUG io.github.bonigarcia.wdm.WebDriverManager - Driver chromedriver 102.0.5005.61 found in cache
17:43:20.140 [main] INFO io.github.bonigarcia.wdm.WebDriverManager - Exporting webdriver.chrome.driver as C:\Users\USER\.cache\selenium\chromedriver\win32\102.0.5005.61\chromedriver.exe
17:43:20.558 [main] DEBUG net.serenitybdd.core.webdriver.driverproviders.ProvideNewDriver - Instantiating driver
17:43:20.558 [main] DEBUG net.serenitybdd.core.webdriver.driverproviders.ProvideNewDriver - Driver capabilities: Capabilities {acceptInsecureCerts: false, base.url: https://hospital-management..., browserName: chrome, chrome.driver: src/test/resources/webdrive..., driver: chrome, goog:chromeOptions: {args: [], extensions: []}}
17:43:21.139 [AsyncHttpClient-1-5] DEBUG org.asynchttpclient.netty.channel.NettyConnectListener - Using new Channel '[id: 0x998ebb01, L:/127.0.0.1:57698 - R:localhost/127.0.0.1:63499]' for 'POST' to '/session'
17:43:22.155 [AsyncHttpClient-1-5] DEBUG org.asynchttpclient.netty.handler.HttpHandler - 

Request DefaultHttpRequest(decodeResult: success, version: HTTP/1.1)
POST /session HTTP/1.1
User-Agent: selenium/4.1.2 (java windows)
Content-Length: 621
Content-Type: application/json; charset=utf-8
host: localhost:63499
accept: */*

Response DefaultHttpResponse(decodeResult: success, version: HTTP/1.1)
HTTP/1.1 200 OK
Content-Type: application/json; charset=utf-8
cache-control: no-cache
content-length: 789

17:43:22.155 [AsyncHttpClient-1-5] DEBUG org.asynchttpclient.netty.channel.ChannelManager - Adding key: http://localhost:63499 for channel [id: 0x998ebb01, L:/127.0.0.1:57698 - R:localhost/127.0.0.1:63499]
17:43:22.183 [AsyncHttpClient-1-6] DEBUG org.asynchttpclient.netty.channel.NettyConnectListener - Using new Channel '[id: 0xafb9c9fe, L:/127.0.0.1:57705 - R:localhost/127.0.0.1:57700]' for 'GET' to '/json/version'
17:43:22.184 [AsyncHttpClient-1-6] DEBUG org.asynchttpclient.netty.handler.HttpHandler - 

Request DefaultFullHttpRequest(decodeResult: success, version: HTTP/1.1, content: EmptyByteBufBE)
GET /json/version HTTP/1.1
User-Agent: selenium/4.1.2 (java windows)
host: localhost:57700
accept: */*

Response DefaultHttpResponse(decodeResult: success, version: HTTP/1.1)
HTTP/1.1 200 OK
Content-Type: application/json; charset=UTF-8
content-length: 427

17:43:22.184 [AsyncHttpClient-1-6] DEBUG org.asynchttpclient.netty.channel.ChannelManager - Adding key: http://localhost:57700 for channel [id: 0xafb9c9fe, L:/127.0.0.1:57705 - R:localhost/127.0.0.1:57700]
17:43:22.199 [AsyncHttpClient-1-7] DEBUG org.asynchttpclient.netty.channel.NettyConnectListener - Using new Channel '[id: 0x05cd9570, L:/127.0.0.1:57706 - R:localhost/127.0.0.1:57700]' for 'GET' to '/devtools/browser/48554ec0-11fa-42b7-b05e-ba8e02cb29c9'
17:43:22.200 [AsyncHttpClient-1-7] DEBUG org.asynchttpclient.netty.handler.WebSocketHandler - 

Request DefaultFullHttpRequest(decodeResult: success, version: HTTP/1.1, content: EmptyByteBufBE)
GET /devtools/browser/48554ec0-11fa-42b7-b05e-ba8e02cb29c9 HTTP/1.1
upgrade: websocket
connection: upgrade
sec-websocket-key: mEp19haUo++10zUb2W/tkQ==
sec-websocket-version: 13
origin: http://localhost:57700
host: localhost:57700
accept: */*
user-agent: AHC/2.1

Response DefaultHttpResponse(decodeResult: success, version: HTTP/1.1)
HTTP/1.1 101 WebSocket Protocol Handshake
Upgrade: WebSocket
Connection: Upgrade
Sec-WebSocket-Accept: J+sGfU+lulzzOl1FuXL34NCAWY8=

17:43:22.207 [Forwarding maximizeCurrentWindow on session b811fc7ba3c0cfedaeec486f854b9731 to remote] DEBUG org.asynchttpclient.netty.request.NettyRequestSender - Using pooled Channel '[id: 0x998ebb01, L:/127.0.0.1:57698 - R:localhost/127.0.0.1:63499]' for 'POST' to 'http://localhost:63499/session/b811fc7ba3c0cfedaeec486f854b9731/window/maximize'
17:43:22.207 [Forwarding maximizeCurrentWindow on session b811fc7ba3c0cfedaeec486f854b9731 to remote] DEBUG org.asynchttpclient.netty.request.NettyRequestSender - Using open Channel [id: 0x998ebb01, L:/127.0.0.1:57698 - R:localhost/127.0.0.1:63499] for POST '/session/b811fc7ba3c0cfedaeec486f854b9731/window/maximize'
17:43:22.325 [AsyncHttpClient-1-5] DEBUG org.asynchttpclient.netty.handler.HttpHandler - 

Request DefaultHttpRequest(decodeResult: success, version: HTTP/1.1)
POST /session/b811fc7ba3c0cfedaeec486f854b9731/window/maximize HTTP/1.1
User-Agent: selenium/4.1.2 (java windows)
Content-Length: 3
Content-Type: application/json; charset=utf-8
host: localhost:63499
accept: */*

Response DefaultHttpResponse(decodeResult: success, version: HTTP/1.1)
HTTP/1.1 200 OK
Content-Type: application/json; charset=utf-8
cache-control: no-cache
content-length: 51

17:43:22.325 [AsyncHttpClient-1-5] DEBUG org.asynchttpclient.netty.channel.ChannelManager - Adding key: http://localhost:63499 for channel [id: 0x998ebb01, L:/127.0.0.1:57698 - R:localhost/127.0.0.1:63499]
17:43:22.327 [Forwarding get on session b811fc7ba3c0cfedaeec486f854b9731 to remote] DEBUG org.asynchttpclient.netty.request.NettyRequestSender - Using pooled Channel '[id: 0x998ebb01, L:/127.0.0.1:57698 - R:localhost/127.0.0.1:63499]' for 'POST' to 'http://localhost:63499/session/b811fc7ba3c0cfedaeec486f854b9731/url'
17:43:22.327 [Forwarding get on session b811fc7ba3c0cfedaeec486f854b9731 to remote] DEBUG org.asynchttpclient.netty.request.NettyRequestSender - Using open Channel [id: 0x998ebb01, L:/127.0.0.1:57698 - R:localhost/127.0.0.1:63499] for POST '/session/b811fc7ba3c0cfedaeec486f854b9731/url'
17:43:22.600 [AsyncHttpClient-1-1] DEBUG org.asynchttpclient.netty.channel.DefaultChannelPool - Entry count for : http://localhost:57700 : 1
17:43:23.700 [AsyncHttpClient-1-1] DEBUG org.asynchttpclient.netty.channel.DefaultChannelPool - Entry count for : http://localhost:57700 : 1
17:43:24.801 [AsyncHttpClient-1-1] DEBUG org.asynchttpclient.netty.channel.DefaultChannelPool - Entry count for : http://localhost:57700 : 1
17:43:25.477 [AsyncHttpClient-1-5] DEBUG org.asynchttpclient.netty.handler.HttpHandler - 

Request DefaultHttpRequest(decodeResult: success, version: HTTP/1.1)
POST /session/b811fc7ba3c0cfedaeec486f854b9731/url HTTP/1.1
User-Agent: selenium/4.1.2 (java windows)
Content-Length: 65
Content-Type: application/json; charset=utf-8
host: localhost:63499
accept: */*

Response DefaultHttpResponse(decodeResult: success, version: HTTP/1.1)
HTTP/1.1 200 OK
Content-Type: application/json; charset=utf-8
cache-control: no-cache
content-length: 14

17:43:25.477 [AsyncHttpClient-1-5] DEBUG org.asynchttpclient.netty.channel.ChannelManager - Adding key: http://localhost:63499 for channel [id: 0x998ebb01, L:/127.0.0.1:57698 - R:localhost/127.0.0.1:63499]
17:43:25.479 [Forwarding setTimeout on session b811fc7ba3c0cfedaeec486f854b9731 to remote] DEBUG org.asynchttpclient.netty.request.NettyRequestSender - Using pooled Channel '[id: 0x998ebb01, L:/127.0.0.1:57698 - R:localhost/127.0.0.1:63499]' for 'POST' to 'http://localhost:63499/session/b811fc7ba3c0cfedaeec486f854b9731/timeouts'
17:43:25.479 [Forwarding setTimeout on session b811fc7ba3c0cfedaeec486f854b9731 to remote] DEBUG org.asynchttpclient.netty.request.NettyRequestSender - Using open Channel [id: 0x998ebb01, L:/127.0.0.1:57698 - R:localhost/127.0.0.1:63499] for POST '/session/b811fc7ba3c0cfedaeec486f854b9731/timeouts'
17:43:25.480 [AsyncHttpClient-1-5] DEBUG org.asynchttpclient.netty.handler.HttpHandler - 

Request DefaultHttpRequest(decodeResult: success, version: HTTP/1.1)
POST /session/b811fc7ba3c0cfedaeec486f854b9731/timeouts HTTP/1.1
User-Agent: selenium/4.1.2 (java windows)
Content-Length: 22
Content-Type: application/json; charset=utf-8
host: localhost:63499
accept: */*

Response DefaultHttpResponse(decodeResult: success, version: HTTP/1.1)
HTTP/1.1 200 OK
Content-Type: application/json; charset=utf-8
cache-control: no-cache
content-length: 14

17:43:25.480 [AsyncHttpClient-1-5] DEBUG org.asynchttpclient.netty.channel.ChannelManager - Adding key: http://localhost:63499 for channel [id: 0x998ebb01, L:/127.0.0.1:57698 - R:localhost/127.0.0.1:63499]
17:43:25.486 [Forwarding getCurrentUrl on session b811fc7ba3c0cfedaeec486f854b9731 to remote] DEBUG org.asynchttpclient.netty.request.NettyRequestSender - Using pooled Channel '[id: 0x998ebb01, L:/127.0.0.1:57698 - R:localhost/127.0.0.1:63499]' for 'GET' to 'http://localhost:63499/session/b811fc7ba3c0cfedaeec486f854b9731/url'
17:43:25.486 [Forwarding getCurrentUrl on session b811fc7ba3c0cfedaeec486f854b9731 to remote] DEBUG org.asynchttpclient.netty.request.NettyRequestSender - Using open Channel [id: 0x998ebb01, L:/127.0.0.1:57698 - R:localhost/127.0.0.1:63499] for GET '/session/b811fc7ba3c0cfedaeec486f854b9731/url'
17:43:25.537 [AsyncHttpClient-1-5] DEBUG org.asynchttpclient.netty.handler.HttpHandler - 

Request DefaultFullHttpRequest(decodeResult: success, version: HTTP/1.1, content: EmptyByteBufBE)
GET /session/b811fc7ba3c0cfedaeec486f854b9731/url HTTP/1.1
User-Agent: selenium/4.1.2 (java windows)
Cache-Control: no-cache
Content-Type: application/json; charset=utf-8
host: localhost:63499
accept: */*

Response DefaultHttpResponse(decodeResult: success, version: HTTP/1.1)
HTTP/1.1 200 OK
Content-Type: application/json; charset=utf-8
cache-control: no-cache
content-length: 53

17:43:25.537 [AsyncHttpClient-1-5] DEBUG org.asynchttpclient.netty.channel.ChannelManager - Adding key: http://localhost:63499 for channel [id: 0x998ebb01, L:/127.0.0.1:57698 - R:localhost/127.0.0.1:63499]
17:43:25.547 [Forwarding getCurrentUrl on session b811fc7ba3c0cfedaeec486f854b9731 to remote] DEBUG org.asynchttpclient.netty.request.NettyRequestSender - Using pooled Channel '[id: 0x998ebb01, L:/127.0.0.1:57698 - R:localhost/127.0.0.1:63499]' for 'GET' to 'http://localhost:63499/session/b811fc7ba3c0cfedaeec486f854b9731/url'
17:43:25.550 [Forwarding getCurrentUrl on session b811fc7ba3c0cfedaeec486f854b9731 to remote] DEBUG org.asynchttpclient.netty.request.NettyRequestSender - Using open Channel [id: 0x998ebb01, L:/127.0.0.1:57698 - R:localhost/127.0.0.1:63499] for GET '/session/b811fc7ba3c0cfedaeec486f854b9731/url'
17:43:25.586 [AsyncHttpClient-1-5] DEBUG org.asynchttpclient.netty.handler.HttpHandler - 

Request DefaultFullHttpRequest(decodeResult: success, version: HTTP/1.1, content: EmptyByteBufBE)
GET /session/b811fc7ba3c0cfedaeec486f854b9731/url HTTP/1.1
User-Agent: selenium/4.1.2 (java windows)
Cache-Control: no-cache
Content-Type: application/json; charset=utf-8
host: localhost:63499
accept: */*

Response DefaultHttpResponse(decodeResult: success, version: HTTP/1.1)
HTTP/1.1 200 OK
Content-Type: application/json; charset=utf-8
cache-control: no-cache
content-length: 53

17:43:25.586 [AsyncHttpClient-1-5] DEBUG org.asynchttpclient.netty.channel.ChannelManager - Adding key: http://localhost:63499 for channel [id: 0x998ebb01, L:/127.0.0.1:57698 - R:localhost/127.0.0.1:63499]
17:43:25.602 [main] DEBUG net.serenitybdd.core.photography.Darkroom - Opening darkroom
17:43:25.603 [Forwarding screenshot on session b811fc7ba3c0cfedaeec486f854b9731 to remote] DEBUG org.asynchttpclient.netty.request.NettyRequestSender - Using pooled Channel '[id: 0x998ebb01, L:/127.0.0.1:57698 - R:localhost/127.0.0.1:63499]' for 'GET' to 'http://localhost:63499/session/b811fc7ba3c0cfedaeec486f854b9731/screenshot'
17:43:25.603 [Forwarding screenshot on session b811fc7ba3c0cfedaeec486f854b9731 to remote] DEBUG org.asynchttpclient.netty.request.NettyRequestSender - Using open Channel [id: 0x998ebb01, L:/127.0.0.1:57698 - R:localhost/127.0.0.1:63499] for GET '/session/b811fc7ba3c0cfedaeec486f854b9731/screenshot'
17:43:25.626 [Darkroom Processing Line] DEBUG net.serenitybdd.core.photography.DarkroomProcessingLine - Darkroom processing line starting up
17:43:25.862 [AsyncHttpClient-1-5] DEBUG org.asynchttpclient.netty.handler.HttpHandler - 

Request DefaultFullHttpRequest(decodeResult: success, version: HTTP/1.1, content: EmptyByteBufBE)
GET /session/b811fc7ba3c0cfedaeec486f854b9731/screenshot HTTP/1.1
User-Agent: selenium/4.1.2 (java windows)
Cache-Control: no-cache
Content-Type: application/json; charset=utf-8
host: localhost:63499
accept: */*

Response DefaultHttpResponse(decodeResult: success, version: HTTP/1.1)
HTTP/1.1 200 OK
Content-Type: application/json; charset=utf-8
cache-control: no-cache
content-length: 167936

17:43:25.863 [AsyncHttpClient-1-5] DEBUG org.asynchttpclient.netty.channel.ChannelManager - Adding key: http://localhost:63499 for channel [id: 0x998ebb01, L:/127.0.0.1:57698 - R:localhost/127.0.0.1:63499]
17:43:25.875 [main] DEBUG net.serenitybdd.core.photography.Darkroom - Send negative for processing for target\site\serenity\06e8c817c573e56dda50ce8fc2ee81295f07cb57ca3d6508af4ec96765fc4389.png
17:43:25.875 [main] DEBUG net.thucydides.core.steps.StepInterceptor - STEP DONE: openUrl
17:43:25.875 [Darkroom Processing Line] DEBUG net.serenitybdd.core.photography.DarkroomProcessingLine - Processing screenshot image in /var/screenshots/screenshot-17758573480508628588
17:43:25.875 [Darkroom Processing Line] DEBUG net.serenitybdd.core.photography.DarkroomProcessingLine - Saving screenshot to target\site\serenity\06e8c817c573e56dda50ce8fc2ee81295f07cb57ca3d6508af4ec96765fc4389.png
17:43:25.886 [main] DEBUG net.thucydides.core.steps.StepInterceptor - STARTING STEP: DoctorSteps.iAmAtTheDashboardPage - validateOnDashboardPage
17:43:25.890 [Forwarding findElement on session b811fc7ba3c0cfedaeec486f854b9731 to remote] DEBUG org.asynchttpclient.netty.request.NettyRequestSender - Using pooled Channel '[id: 0x998ebb01, L:/127.0.0.1:57698 - R:localhost/127.0.0.1:63499]' for 'POST' to 'http://localhost:63499/session/b811fc7ba3c0cfedaeec486f854b9731/element'
17:43:25.890 [Forwarding findElement on session b811fc7ba3c0cfedaeec486f854b9731 to remote] DEBUG org.asynchttpclient.netty.request.NettyRequestSender - Using open Channel [id: 0x998ebb01, L:/127.0.0.1:57698 - R:localhost/127.0.0.1:63499] for POST '/session/b811fc7ba3c0cfedaeec486f854b9731/element'
17:43:25.901 [AsyncHttpClient-1-1] DEBUG org.asynchttpclient.netty.channel.DefaultChannelPool - Entry count for : http://localhost:57700 : 1
17:43:25.913 [AsyncHttpClient-1-5] DEBUG org.asynchttpclient.netty.handler.HttpHandler - 

Request DefaultHttpRequest(decodeResult: success, version: HTTP/1.1)
POST /session/b811fc7ba3c0cfedaeec486f854b9731/element HTTP/1.1
User-Agent: selenium/4.1.2 (java windows)
Content-Length: 81
Content-Type: application/json; charset=utf-8
host: localhost:63499
accept: */*

Response DefaultHttpResponse(decodeResult: success, version: HTTP/1.1)
HTTP/1.1 200 OK
Content-Type: application/json; charset=utf-8
cache-control: no-cache
content-length: 88

17:43:25.913 [AsyncHttpClient-1-5] DEBUG org.asynchttpclient.netty.channel.ChannelManager - Adding key: http://localhost:63499 for channel [id: 0x998ebb01, L:/127.0.0.1:57698 - R:localhost/127.0.0.1:63499]
17:43:25.918 [Forwarding isElementDisplayed on session b811fc7ba3c0cfedaeec486f854b9731 to remote] DEBUG org.asynchttpclient.netty.request.NettyRequestSender - Using pooled Channel '[id: 0x998ebb01, L:/127.0.0.1:57698 - R:localhost/127.0.0.1:63499]' for 'POST' to 'http://localhost:63499/session/b811fc7ba3c0cfedaeec486f854b9731/execute/sync'
17:43:25.918 [Forwarding isElementDisplayed on session b811fc7ba3c0cfedaeec486f854b9731 to remote] DEBUG org.asynchttpclient.netty.request.NettyRequestSender - Using open Channel [id: 0x998ebb01, L:/127.0.0.1:57698 - R:localhost/127.0.0.1:63499] for POST '/session/b811fc7ba3c0cfedaeec486f854b9731/execute/sync'
17:43:25.946 [AsyncHttpClient-1-5] DEBUG org.asynchttpclient.netty.handler.HttpHandler - 

Request DefaultHttpRequest(decodeResult: success, version: HTTP/1.1)
POST /session/b811fc7ba3c0cfedaeec486f854b9731/execute/sync HTTP/1.1
User-Agent: selenium/4.1.2 (java windows)
Content-Length: 48780
Content-Type: application/json; charset=utf-8
host: localhost:63499
accept: */*

Response DefaultHttpResponse(decodeResult: success, version: HTTP/1.1)
HTTP/1.1 200 OK
Content-Type: application/json; charset=utf-8
cache-control: no-cache
content-length: 14

17:43:25.946 [AsyncHttpClient-1-5] DEBUG org.asynchttpclient.netty.channel.ChannelManager - Adding key: http://localhost:63499 for channel [id: 0x998ebb01, L:/127.0.0.1:57698 - R:localhost/127.0.0.1:63499]
17:43:25.956 [Forwarding screenshot on session b811fc7ba3c0cfedaeec486f854b9731 to remote] DEBUG org.asynchttpclient.netty.request.NettyRequestSender - Using pooled Channel '[id: 0x998ebb01, L:/127.0.0.1:57698 - R:localhost/127.0.0.1:63499]' for 'GET' to 'http://localhost:63499/session/b811fc7ba3c0cfedaeec486f854b9731/screenshot'
17:43:25.956 [Forwarding screenshot on session b811fc7ba3c0cfedaeec486f854b9731 to remote] DEBUG org.asynchttpclient.netty.request.NettyRequestSender - Using open Channel [id: 0x998ebb01, L:/127.0.0.1:57698 - R:localhost/127.0.0.1:63499] for GET '/session/b811fc7ba3c0cfedaeec486f854b9731/screenshot'
17:43:26.179 [AsyncHttpClient-1-5] DEBUG org.asynchttpclient.netty.handler.HttpHandler - 

Request DefaultFullHttpRequest(decodeResult: success, version: HTTP/1.1, content: EmptyByteBufBE)
GET /session/b811fc7ba3c0cfedaeec486f854b9731/screenshot HTTP/1.1
User-Agent: selenium/4.1.2 (java windows)
Cache-Control: no-cache
Content-Type: application/json; charset=utf-8
host: localhost:63499
accept: */*

Response DefaultHttpResponse(decodeResult: success, version: HTTP/1.1)
HTTP/1.1 200 OK
Content-Type: application/json; charset=utf-8
cache-control: no-cache
content-length: 167936

17:43:26.180 [AsyncHttpClient-1-5] DEBUG org.asynchttpclient.netty.channel.ChannelManager - Adding key: http://localhost:63499 for channel [id: 0x998ebb01, L:/127.0.0.1:57698 - R:localhost/127.0.0.1:63499]
17:43:26.191 [main] DEBUG net.serenitybdd.core.photography.Darkroom - Send negative for processing for target\site\serenity\06e8c817c573e56dda50ce8fc2ee81295f07cb57ca3d6508af4ec96765fc4389.png
17:43:26.191 [main] DEBUG net.thucydides.core.steps.StepInterceptor - STEP DONE: validateOnDashboardPage
  &amp#27;[32mGiven &amp#27;[0m&amp#27;[32mI'am at the dashboard page&amp#27;[0m               &amp#27;[90m# starter.stepdefinitions.DoctorSteps.iAmAtTheDashboardPage()&amp#27;[0m
17:43:26.217 [main] DEBUG net.thucydides.core.steps.StepInterceptor - STARTING STEP: DoctorSteps.iClickMenuDoctor - clickMenuDoctorButton
17:43:26.222 [Forwarding findElement on session b811fc7ba3c0cfedaeec486f854b9731 to remote] DEBUG org.asynchttpclient.netty.request.NettyRequestSender - Using pooled Channel '[id: 0x998ebb01, L:/127.0.0.1:57698 - R:localhost/127.0.0.1:63499]' for 'POST' to 'http://localhost:63499/session/b811fc7ba3c0cfedaeec486f854b9731/element'
17:43:26.222 [Forwarding findElement on session b811fc7ba3c0cfedaeec486f854b9731 to remote] DEBUG org.asynchttpclient.netty.request.NettyRequestSender - Using open Channel [id: 0x998ebb01, L:/127.0.0.1:57698 - R:localhost/127.0.0.1:63499] for POST '/session/b811fc7ba3c0cfedaeec486f854b9731/element'
17:43:26.242 [AsyncHttpClient-1-5] DEBUG org.asynchttpclient.netty.handler.HttpHandler - 

Request DefaultHttpRequest(decodeResult: success, version: HTTP/1.1)
POST /session/b811fc7ba3c0cfedaeec486f854b9731/element HTTP/1.1
User-Agent: selenium/4.1.2 (java windows)
Content-Length: 79
Content-Type: application/json; charset=utf-8
host: localhost:63499
accept: */*

Response DefaultHttpResponse(decodeResult: success, version: HTTP/1.1)
HTTP/1.1 200 OK
Content-Type: application/json; charset=utf-8
cache-control: no-cache
content-length: 88

17:43:26.243 [AsyncHttpClient-1-5] DEBUG org.asynchttpclient.netty.channel.ChannelManager - Adding key: http://localhost:63499 for channel [id: 0x998ebb01, L:/127.0.0.1:57698 - R:localhost/127.0.0.1:63499]
17:43:26.244 [Forwarding getElementTagName on session b811fc7ba3c0cfedaeec486f854b9731 to remote] DEBUG org.asynchttpclient.netty.request.NettyRequestSender - Using pooled Channel '[id: 0x998ebb01, L:/127.0.0.1:57698 - R:localhost/127.0.0.1:63499]' for 'GET' to 'http://localhost:63499/session/b811fc7ba3c0cfedaeec486f854b9731/element/06468267-8b89-45f4-a454-3ae480d2f04f/name'
17:43:26.244 [Forwarding getElementTagName on session b811fc7ba3c0cfedaeec486f854b9731 to remote] DEBUG org.asynchttpclient.netty.request.NettyRequestSender - Using open Channel [id: 0x998ebb01, L:/127.0.0.1:57698 - R:localhost/127.0.0.1:63499] for GET '/session/b811fc7ba3c0cfedaeec486f854b9731/element/06468267-8b89-45f4-a454-3ae480d2f04f/name'
17:43:26.252 [AsyncHttpClient-1-5] DEBUG org.asynchttpclient.netty.handler.HttpHandler - 

Request DefaultFullHttpRequest(decodeResult: success, version: HTTP/1.1, content: EmptyByteBufBE)
GET /session/b811fc7ba3c0cfedaeec486f854b9731/element/06468267-8b89-45f4-a454-3ae480d2f04f/name HTTP/1.1
User-Agent: selenium/4.1.2 (java windows)
Cache-Control: no-cache
Content-Type: application/json; charset=utf-8
host: localhost:63499
accept: */*

Response DefaultHttpResponse(decodeResult: success, version: HTTP/1.1)
HTTP/1.1 200 OK
Content-Type: application/json; charset=utf-8
cache-control: no-cache
content-length: 15

17:43:26.252 [AsyncHttpClient-1-5] DEBUG org.asynchttpclient.netty.channel.ChannelManager - Adding key: http://localhost:63499 for channel [id: 0x998ebb01, L:/127.0.0.1:57698 - R:localhost/127.0.0.1:63499]
17:43:26.253 [Forwarding getElementTagName on session b811fc7ba3c0cfedaeec486f854b9731 to remote] DEBUG org.asynchttpclient.netty.request.NettyRequestSender - Using pooled Channel '[id: 0x998ebb01, L:/127.0.0.1:57698 - R:localhost/127.0.0.1:63499]' for 'GET' to 'http://localhost:63499/session/b811fc7ba3c0cfedaeec486f854b9731/element/06468267-8b89-45f4-a454-3ae480d2f04f/name'
17:43:26.254 [Forwarding getElementTagName on session b811fc7ba3c0cfedaeec486f854b9731 to remote] DEBUG org.asynchttpclient.netty.request.NettyRequestSender - Using open Channel [id: 0x998ebb01, L:/127.0.0.1:57698 - R:localhost/127.0.0.1:63499] for GET '/session/b811fc7ba3c0cfedaeec486f854b9731/element/06468267-8b89-45f4-a454-3ae480d2f04f/name'
17:43:26.259 [AsyncHttpClient-1-5] DEBUG org.asynchttpclient.netty.handler.HttpHandler - 

Request DefaultFullHttpRequest(decodeResult: success, version: HTTP/1.1, content: EmptyByteBufBE)
GET /session/b811fc7ba3c0cfedaeec486f854b9731/element/06468267-8b89-45f4-a454-3ae480d2f04f/name HTTP/1.1
User-Agent: selenium/4.1.2 (java windows)
Cache-Control: no-cache
Content-Type: application/json; charset=utf-8
host: localhost:63499
accept: */*

Response DefaultHttpResponse(decodeResult: success, version: HTTP/1.1)
HTTP/1.1 200 OK
Content-Type: application/json; charset=utf-8
cache-control: no-cache
content-length: 15

17:43:26.259 [AsyncHttpClient-1-5] DEBUG org.asynchttpclient.netty.channel.ChannelManager - Adding key: http://localhost:63499 for channel [id: 0x998ebb01, L:/127.0.0.1:57698 - R:localhost/127.0.0.1:63499]
17:43:26.261 [Forwarding findElement on session b811fc7ba3c0cfedaeec486f854b9731 to remote] DEBUG org.asynchttpclient.netty.request.NettyRequestSender - Using pooled Channel '[id: 0x998ebb01, L:/127.0.0.1:57698 - R:localhost/127.0.0.1:63499]' for 'POST' to 'http://localhost:63499/session/b811fc7ba3c0cfedaeec486f854b9731/element'
17:43:26.261 [Forwarding findElement on session b811fc7ba3c0cfedaeec486f854b9731 to remote] DEBUG org.asynchttpclient.netty.request.NettyRequestSender - Using open Channel [id: 0x998ebb01, L:/127.0.0.1:57698 - R:localhost/127.0.0.1:63499] for POST '/session/b811fc7ba3c0cfedaeec486f854b9731/element'
17:43:26.273 [AsyncHttpClient-1-5] DEBUG org.asynchttpclient.netty.handler.HttpHandler - 

Request DefaultHttpRequest(decodeResult: success, version: HTTP/1.1)
POST /session/b811fc7ba3c0cfedaeec486f854b9731/element HTTP/1.1
User-Agent: selenium/4.1.2 (java windows)
Content-Length: 79
Content-Type: application/json; charset=utf-8
host: localhost:63499
accept: */*

Response DefaultHttpResponse(decodeResult: success, version: HTTP/1.1)
HTTP/1.1 200 OK
Content-Type: application/json; charset=utf-8
cache-control: no-cache
content-length: 88

17:43:26.273 [AsyncHttpClient-1-5] DEBUG org.asynchttpclient.netty.channel.ChannelManager - Adding key: http://localhost:63499 for channel [id: 0x998ebb01, L:/127.0.0.1:57698 - R:localhost/127.0.0.1:63499]
17:43:26.274 [Forwarding clickElement on session b811fc7ba3c0cfedaeec486f854b9731 to remote] DEBUG org.asynchttpclient.netty.request.NettyRequestSender - Using pooled Channel '[id: 0x998ebb01, L:/127.0.0.1:57698 - R:localhost/127.0.0.1:63499]' for 'POST' to 'http://localhost:63499/session/b811fc7ba3c0cfedaeec486f854b9731/element/06468267-8b89-45f4-a454-3ae480d2f04f/click'
17:43:26.274 [Forwarding clickElement on session b811fc7ba3c0cfedaeec486f854b9731 to remote] DEBUG org.asynchttpclient.netty.request.NettyRequestSender - Using open Channel [id: 0x998ebb01, L:/127.0.0.1:57698 - R:localhost/127.0.0.1:63499] for POST '/session/b811fc7ba3c0cfedaeec486f854b9731/element/06468267-8b89-45f4-a454-3ae480d2f04f/click'
17:43:26.566 [AsyncHttpClient-1-5] DEBUG org.asynchttpclient.netty.handler.HttpHandler - 

Request DefaultHttpRequest(decodeResult: success, version: HTTP/1.1)
POST /session/b811fc7ba3c0cfedaeec486f854b9731/element/06468267-8b89-45f4-a454-3ae480d2f04f/click HTTP/1.1
User-Agent: selenium/4.1.2 (java windows)
Content-Length: 50
Content-Type: application/json; charset=utf-8
host: localhost:63499
accept: */*

Response DefaultHttpResponse(decodeResult: success, version: HTTP/1.1)
HTTP/1.1 200 OK
Content-Type: application/json; charset=utf-8
cache-control: no-cache
content-length: 14

17:43:26.566 [AsyncHttpClient-1-5] DEBUG org.asynchttpclient.netty.channel.ChannelManager - Adding key: http://localhost:63499 for channel [id: 0x998ebb01, L:/127.0.0.1:57698 - R:localhost/127.0.0.1:63499]
17:43:26.579 [Forwarding screenshot on session b811fc7ba3c0cfedaeec486f854b9731 to remote] DEBUG org.asynchttpclient.netty.request.NettyRequestSender - Using pooled Channel '[id: 0x998ebb01, L:/127.0.0.1:57698 - R:localhost/127.0.0.1:63499]' for 'GET' to 'http://localhost:63499/session/b811fc7ba3c0cfedaeec486f854b9731/screenshot'
17:43:26.579 [Forwarding screenshot on session b811fc7ba3c0cfedaeec486f854b9731 to remote] DEBUG org.asynchttpclient.netty.request.NettyRequestSender - Using open Channel [id: 0x998ebb01, L:/127.0.0.1:57698 - R:localhost/127.0.0.1:63499] for GET '/session/b811fc7ba3c0cfedaeec486f854b9731/screenshot'
17:43:26.765 [AsyncHttpClient-1-5] DEBUG org.asynchttpclient.netty.handler.HttpHandler - 

Request DefaultFullHttpRequest(decodeResult: success, version: HTTP/1.1, content: EmptyByteBufBE)
GET /session/b811fc7ba3c0cfedaeec486f854b9731/screenshot HTTP/1.1
User-Agent: selenium/4.1.2 (java windows)
Cache-Control: no-cache
Content-Type: application/json; charset=utf-8
host: localhost:63499
accept: */*

Response DefaultHttpResponse(decodeResult: success, version: HTTP/1.1)
HTTP/1.1 200 OK
Content-Type: application/json; charset=utf-8
cache-control: no-cache
content-length: 56220

17:43:26.765 [AsyncHttpClient-1-5] DEBUG org.asynchttpclient.netty.channel.ChannelManager - Adding key: http://localhost:63499 for channel [id: 0x998ebb01, L:/127.0.0.1:57698 - R:localhost/127.0.0.1:63499]
17:43:26.780 [main] DEBUG net.serenitybdd.core.photography.Darkroom - Send negative for processing for target\site\serenity\e96c9948737515d0c89357803325f09880c3d9c307b9aad70c44569ee25b79f9.png
17:43:26.780 [main] DEBUG net.thucydides.core.steps.StepInterceptor - STEP DONE: clickMenuDoctorButton
17:43:26.780 [Darkroom Processing Line] DEBUG net.serenitybdd.core.photography.DarkroomProcessingLine - Processing screenshot image in /var/screenshots/screenshot-5197850361434321792
17:43:26.780 [Darkroom Processing Line] DEBUG net.serenitybdd.core.photography.DarkroomProcessingLine - Saving screenshot to target\site\serenity\e96c9948737515d0c89357803325f09880c3d9c307b9aad70c44569ee25b79f9.png
  &amp#27;[32mAnd &amp#27;[0m&amp#27;[32mI click menu doctor&amp#27;[0m                        &amp#27;[90m# starter.stepdefinitions.DoctorSteps.iClickMenuDoctor()&amp#27;[0m
17:43:26.805 [main] DEBUG net.thucydides.core.steps.StepInterceptor - STARTING STEP: DoctorSteps.iClickAddNewDoctor - clickAddNewDoctorButton
17:43:26.815 [Forwarding findElement on session b811fc7ba3c0cfedaeec486f854b9731 to remote] DEBUG org.asynchttpclient.netty.request.NettyRequestSender - Using pooled Channel '[id: 0x998ebb01, L:/127.0.0.1:57698 - R:localhost/127.0.0.1:63499]' for 'POST' to 'http://localhost:63499/session/b811fc7ba3c0cfedaeec486f854b9731/element'
17:43:26.815 [Forwarding findElement on session b811fc7ba3c0cfedaeec486f854b9731 to remote] DEBUG org.asynchttpclient.netty.request.NettyRequestSender - Using open Channel [id: 0x998ebb01, L:/127.0.0.1:57698 - R:localhost/127.0.0.1:63499] for POST '/session/b811fc7ba3c0cfedaeec486f854b9731/element'
17:43:26.837 [AsyncHttpClient-1-5] DEBUG org.asynchttpclient.netty.handler.HttpHandler - 

Request DefaultHttpRequest(decodeResult: success, version: HTTP/1.1)
POST /session/b811fc7ba3c0cfedaeec486f854b9731/element HTTP/1.1
User-Agent: selenium/4.1.2 (java windows)
Content-Length: 149
Content-Type: application/json; charset=utf-8
host: localhost:63499
accept: */*

Response DefaultHttpResponse(decodeResult: success, version: HTTP/1.1)
HTTP/1.1 200 OK
Content-Type: application/json; charset=utf-8
cache-control: no-cache
content-length: 88

17:43:26.837 [AsyncHttpClient-1-5] DEBUG org.asynchttpclient.netty.channel.ChannelManager - Adding key: http://localhost:63499 for channel [id: 0x998ebb01, L:/127.0.0.1:57698 - R:localhost/127.0.0.1:63499]
17:43:26.839 [Forwarding getElementTagName on session b811fc7ba3c0cfedaeec486f854b9731 to remote] DEBUG org.asynchttpclient.netty.request.NettyRequestSender - Using pooled Channel '[id: 0x998ebb01, L:/127.0.0.1:57698 - R:localhost/127.0.0.1:63499]' for 'GET' to 'http://localhost:63499/session/b811fc7ba3c0cfedaeec486f854b9731/element/17af42fc-7de6-4296-a40e-ab8459b9dd8d/name'
17:43:26.839 [Forwarding getElementTagName on session b811fc7ba3c0cfedaeec486f854b9731 to remote] DEBUG org.asynchttpclient.netty.request.NettyRequestSender - Using open Channel [id: 0x998ebb01, L:/127.0.0.1:57698 - R:localhost/127.0.0.1:63499] for GET '/session/b811fc7ba3c0cfedaeec486f854b9731/element/17af42fc-7de6-4296-a40e-ab8459b9dd8d/name'
17:43:26.848 [AsyncHttpClient-1-5] DEBUG org.asynchttpclient.netty.handler.HttpHandler - 

Request DefaultFullHttpRequest(decodeResult: success, version: HTTP/1.1, content: EmptyByteBufBE)
GET /session/b811fc7ba3c0cfedaeec486f854b9731/element/17af42fc-7de6-4296-a40e-ab8459b9dd8d/name HTTP/1.1
User-Agent: selenium/4.1.2 (java windows)
Cache-Control: no-cache
Content-Type: application/json; charset=utf-8
host: localhost:63499
accept: */*

Response DefaultHttpResponse(decodeResult: success, version: HTTP/1.1)
HTTP/1.1 200 OK
Content-Type: application/json; charset=utf-8
cache-control: no-cache
content-length: 18

17:43:26.849 [AsyncHttpClient-1-5] DEBUG org.asynchttpclient.netty.channel.ChannelManager - Adding key: http://localhost:63499 for channel [id: 0x998ebb01, L:/127.0.0.1:57698 - R:localhost/127.0.0.1:63499]
17:43:26.850 [Forwarding getElementTagName on session b811fc7ba3c0cfedaeec486f854b9731 to remote] DEBUG org.asynchttpclient.netty.request.NettyRequestSender - Using pooled Channel '[id: 0x998ebb01, L:/127.0.0.1:57698 - R:localhost/127.0.0.1:63499]' for 'GET' to 'http://localhost:63499/session/b811fc7ba3c0cfedaeec486f854b9731/element/17af42fc-7de6-4296-a40e-ab8459b9dd8d/name'
17:43:26.850 [Forwarding getElementTagName on session b811fc7ba3c0cfedaeec486f854b9731 to remote] DEBUG org.asynchttpclient.netty.request.NettyRequestSender - Using open Channel [id: 0x998ebb01, L:/127.0.0.1:57698 - R:localhost/127.0.0.1:63499] for GET '/session/b811fc7ba3c0cfedaeec486f854b9731/element/17af42fc-7de6-4296-a40e-ab8459b9dd8d/name'
17:43:26.856 [AsyncHttpClient-1-5] DEBUG org.asynchttpclient.netty.handler.HttpHandler - 

Request DefaultFullHttpRequest(decodeResult: success, version: HTTP/1.1, content: EmptyByteBufBE)
GET /session/b811fc7ba3c0cfedaeec486f854b9731/element/17af42fc-7de6-4296-a40e-ab8459b9dd8d/name HTTP/1.1
User-Agent: selenium/4.1.2 (java windows)
Cache-Control: no-cache
Content-Type: application/json; charset=utf-8
host: localhost:63499
accept: */*

Response DefaultHttpResponse(decodeResult: success, version: HTTP/1.1)
HTTP/1.1 200 OK
Content-Type: application/json; charset=utf-8
cache-control: no-cache
content-length: 18

17:43:26.856 [AsyncHttpClient-1-5] DEBUG org.asynchttpclient.netty.channel.ChannelManager - Adding key: http://localhost:63499 for channel [id: 0x998ebb01, L:/127.0.0.1:57698 - R:localhost/127.0.0.1:63499]
17:43:26.859 [Forwarding isElementEnabled on session b811fc7ba3c0cfedaeec486f854b9731 to remote] DEBUG org.asynchttpclient.netty.request.NettyRequestSender - Using pooled Channel '[id: 0x998ebb01, L:/127.0.0.1:57698 - R:localhost/127.0.0.1:63499]' for 'GET' to 'http://localhost:63499/session/b811fc7ba3c0cfedaeec486f854b9731/element/17af42fc-7de6-4296-a40e-ab8459b9dd8d/enabled'
17:43:26.859 [Forwarding isElementEnabled on session b811fc7ba3c0cfedaeec486f854b9731 to remote] DEBUG org.asynchttpclient.netty.request.NettyRequestSender - Using open Channel [id: 0x998ebb01, L:/127.0.0.1:57698 - R:localhost/127.0.0.1:63499] for GET '/session/b811fc7ba3c0cfedaeec486f854b9731/element/17af42fc-7de6-4296-a40e-ab8459b9dd8d/enabled'
17:43:26.879 [AsyncHttpClient-1-5] DEBUG org.asynchttpclient.netty.handler.HttpHandler - 

Request DefaultFullHttpRequest(decodeResult: success, version: HTTP/1.1, content: EmptyByteBufBE)
GET /session/b811fc7ba3c0cfedaeec486f854b9731/element/17af42fc-7de6-4296-a40e-ab8459b9dd8d/enabled HTTP/1.1
User-Agent: selenium/4.1.2 (java windows)
Cache-Control: no-cache
Content-Type: application/json; charset=utf-8
host: localhost:63499
accept: */*

Response DefaultHttpResponse(decodeResult: success, version: HTTP/1.1)
HTTP/1.1 200 OK
Content-Type: application/json; charset=utf-8
cache-control: no-cache
content-length: 14

17:43:26.879 [AsyncHttpClient-1-5] DEBUG org.asynchttpclient.netty.channel.ChannelManager - Adding key: http://localhost:63499 for channel [id: 0x998ebb01, L:/127.0.0.1:57698 - R:localhost/127.0.0.1:63499]
17:43:26.880 [Forwarding isElementEnabled on session b811fc7ba3c0cfedaeec486f854b9731 to remote] DEBUG org.asynchttpclient.netty.request.NettyRequestSender - Using pooled Channel '[id: 0x998ebb01, L:/127.0.0.1:57698 - R:localhost/127.0.0.1:63499]' for 'GET' to 'http://localhost:63499/session/b811fc7ba3c0cfedaeec486f854b9731/element/17af42fc-7de6-4296-a40e-ab8459b9dd8d/enabled'
17:43:26.880 [Forwarding isElementEnabled on session b811fc7ba3c0cfedaeec486f854b9731 to remote] DEBUG org.asynchttpclient.netty.request.NettyRequestSender - Using open Channel [id: 0x998ebb01, L:/127.0.0.1:57698 - R:localhost/127.0.0.1:63499] for GET '/session/b811fc7ba3c0cfedaeec486f854b9731/element/17af42fc-7de6-4296-a40e-ab8459b9dd8d/enabled'
17:43:26.889 [AsyncHttpClient-1-5] DEBUG org.asynchttpclient.netty.handler.HttpHandler - 

Request DefaultFullHttpRequest(decodeResult: success, version: HTTP/1.1, content: EmptyByteBufBE)
GET /session/b811fc7ba3c0cfedaeec486f854b9731/element/17af42fc-7de6-4296-a40e-ab8459b9dd8d/enabled HTTP/1.1
User-Agent: selenium/4.1.2 (java windows)
Cache-Control: no-cache
Content-Type: application/json; charset=utf-8
host: localhost:63499
accept: */*

Response DefaultHttpResponse(decodeResult: success, version: HTTP/1.1)
HTTP/1.1 200 OK
Content-Type: application/json; charset=utf-8
cache-control: no-cache
content-length: 14

17:43:26.889 [AsyncHttpClient-1-5] DEBUG org.asynchttpclient.netty.channel.ChannelManager - Adding key: http://localhost:63499 for channel [id: 0x998ebb01, L:/127.0.0.1:57698 - R:localhost/127.0.0.1:63499]
17:43:26.892 [Forwarding findElement on session b811fc7ba3c0cfedaeec486f854b9731 to remote] DEBUG org.asynchttpclient.netty.request.NettyRequestSender - Using pooled Channel '[id: 0x998ebb01, L:/127.0.0.1:57698 - R:localhost/127.0.0.1:63499]' for 'POST' to 'http://localhost:63499/session/b811fc7ba3c0cfedaeec486f854b9731/element'
17:43:26.892 [Forwarding findElement on session b811fc7ba3c0cfedaeec486f854b9731 to remote] DEBUG org.asynchttpclient.netty.request.NettyRequestSender - Using open Channel [id: 0x998ebb01, L:/127.0.0.1:57698 - R:localhost/127.0.0.1:63499] for POST '/session/b811fc7ba3c0cfedaeec486f854b9731/element'
17:43:26.904 [AsyncHttpClient-1-5] DEBUG org.asynchttpclient.netty.handler.HttpHandler - 

Request DefaultHttpRequest(decodeResult: success, version: HTTP/1.1)
POST /session/b811fc7ba3c0cfedaeec486f854b9731/element HTTP/1.1
User-Agent: selenium/4.1.2 (java windows)
Content-Length: 149
Content-Type: application/json; charset=utf-8
host: localhost:63499
accept: */*

Response DefaultHttpResponse(decodeResult: success, version: HTTP/1.1)
HTTP/1.1 200 OK
Content-Type: application/json; charset=utf-8
cache-control: no-cache
content-length: 88

17:43:26.904 [AsyncHttpClient-1-5] DEBUG org.asynchttpclient.netty.channel.ChannelManager - Adding key: http://localhost:63499 for channel [id: 0x998ebb01, L:/127.0.0.1:57698 - R:localhost/127.0.0.1:63499]
17:43:26.905 [Forwarding clickElement on session b811fc7ba3c0cfedaeec486f854b9731 to remote] DEBUG org.asynchttpclient.netty.request.NettyRequestSender - Using pooled Channel '[id: 0x998ebb01, L:/127.0.0.1:57698 - R:localhost/127.0.0.1:63499]' for 'POST' to 'http://localhost:63499/session/b811fc7ba3c0cfedaeec486f854b9731/element/17af42fc-7de6-4296-a40e-ab8459b9dd8d/click'
17:43:26.905 [Forwarding clickElement on session b811fc7ba3c0cfedaeec486f854b9731 to remote] DEBUG org.asynchttpclient.netty.request.NettyRequestSender - Using open Channel [id: 0x998ebb01, L:/127.0.0.1:57698 - R:localhost/127.0.0.1:63499] for POST '/session/b811fc7ba3c0cfedaeec486f854b9731/element/17af42fc-7de6-4296-a40e-ab8459b9dd8d/click'
17:43:27.007 [AsyncHttpClient-1-1] DEBUG org.asynchttpclient.netty.channel.DefaultChannelPool - Entry count for : http://localhost:57700 : 1
17:43:27.118 [AsyncHttpClient-1-5] DEBUG org.asynchttpclient.netty.handler.HttpHandler - 

Request DefaultHttpRequest(decodeResult: success, version: HTTP/1.1)
POST /session/b811fc7ba3c0cfedaeec486f854b9731/element/17af42fc-7de6-4296-a40e-ab8459b9dd8d/click HTTP/1.1
User-Agent: selenium/4.1.2 (java windows)
Content-Length: 50
Content-Type: application/json; charset=utf-8
host: localhost:63499
accept: */*

Response DefaultHttpResponse(decodeResult: success, version: HTTP/1.1)
HTTP/1.1 200 OK
Content-Type: application/json; charset=utf-8
cache-control: no-cache
content-length: 14

17:43:27.119 [AsyncHttpClient-1-5] DEBUG org.asynchttpclient.netty.channel.ChannelManager - Adding key: http://localhost:63499 for channel [id: 0x998ebb01, L:/127.0.0.1:57698 - R:localhost/127.0.0.1:63499]
17:43:27.134 [Forwarding screenshot on session b811fc7ba3c0cfedaeec486f854b9731 to remote] DEBUG org.asynchttpclient.netty.request.NettyRequestSender - Using pooled Channel '[id: 0x998ebb01, L:/127.0.0.1:57698 - R:localhost/127.0.0.1:63499]' for 'GET' to 'http://localhost:63499/session/b811fc7ba3c0cfedaeec486f854b9731/screenshot'
17:43:27.134 [Forwarding screenshot on session b811fc7ba3c0cfedaeec486f854b9731 to remote] DEBUG org.asynchttpclient.netty.request.NettyRequestSender - Using open Channel [id: 0x998ebb01, L:/127.0.0.1:57698 - R:localhost/127.0.0.1:63499] for GET '/session/b811fc7ba3c0cfedaeec486f854b9731/screenshot'
17:43:27.439 [AsyncHttpClient-1-5] DEBUG org.asynchttpclient.netty.handler.HttpHandler - 

Request DefaultFullHttpRequest(decodeResult: success, version: HTTP/1.1, content: EmptyByteBufBE)
GET /session/b811fc7ba3c0cfedaeec486f854b9731/screenshot HTTP/1.1
User-Agent: selenium/4.1.2 (java windows)
Cache-Control: no-cache
Content-Type: application/json; charset=utf-8
host: localhost:63499
accept: */*

Response DefaultHttpResponse(decodeResult: success, version: HTTP/1.1)
HTTP/1.1 200 OK
Content-Type: application/json; charset=utf-8
cache-control: no-cache
content-length: 71608

17:43:27.440 [AsyncHttpClient-1-5] DEBUG org.asynchttpclient.netty.channel.ChannelManager - Adding key: http://localhost:63499 for channel [id: 0x998ebb01, L:/127.0.0.1:57698 - R:localhost/127.0.0.1:63499]
17:43:27.448 [main] DEBUG net.serenitybdd.core.photography.Darkroom - Send negative for processing for target\site\serenity\4c0da006d677636bcf42dcc404eb317b21614da3b5b22be5e836abca90c1ee52.png
17:43:27.448 [main] DEBUG net.thucydides.core.steps.StepInterceptor - STEP DONE: clickAddNewDoctorButton
  &amp#27;[32mWhen &amp#27;[0m&amp#27;[32mI click Add New Doctor&amp#27;[0m                    &amp#27;[90m# starter.stepdefinitions.DoctorSteps.iClickAddNewDoctor()&amp#27;[0m
17:43:27.448 [Darkroom Processing Line] DEBUG net.serenitybdd.core.photography.DarkroomProcessingLine - Processing screenshot image in /var/screenshots/screenshot-7222758391606005202
17:43:27.448 [Darkroom Processing Line] DEBUG net.serenitybdd.core.photography.DarkroomProcessingLine - Saving screenshot to target\site\serenity\4c0da006d677636bcf42dcc404eb317b21614da3b5b22be5e836abca90c1ee52.png
17:43:27.487 [main] DEBUG net.thucydides.core.steps.StepInterceptor - STARTING STEP: DoctorSteps.iInputValidDataDoctorAndClickSubmit - inputDoctorName
17:43:27.500 [Forwarding findElement on session b811fc7ba3c0cfedaeec486f854b9731 to remote] DEBUG org.asynchttpclient.netty.request.NettyRequestSender - Using pooled Channel '[id: 0x998ebb01, L:/127.0.0.1:57698 - R:localhost/127.0.0.1:63499]' for 'POST' to 'http://localhost:63499/session/b811fc7ba3c0cfedaeec486f854b9731/element'
17:43:27.500 [Forwarding findElement on session b811fc7ba3c0cfedaeec486f854b9731 to remote] DEBUG org.asynchttpclient.netty.request.NettyRequestSender - Using open Channel [id: 0x998ebb01, L:/127.0.0.1:57698 - R:localhost/127.0.0.1:63499] for POST '/session/b811fc7ba3c0cfedaeec486f854b9731/element'
17:43:27.544 [AsyncHttpClient-1-5] DEBUG org.asynchttpclient.netty.handler.HttpHandler - 

Request DefaultHttpRequest(decodeResult: success, version: HTTP/1.1)
POST /session/b811fc7ba3c0cfedaeec486f854b9731/element HTTP/1.1
User-Agent: selenium/4.1.2 (java windows)
Content-Length: 139
Content-Type: application/json; charset=utf-8
host: localhost:63499
accept: */*

Response DefaultHttpResponse(decodeResult: success, version: HTTP/1.1)
HTTP/1.1 200 OK
Content-Type: application/json; charset=utf-8
cache-control: no-cache
content-length: 88

17:43:27.545 [AsyncHttpClient-1-5] DEBUG org.asynchttpclient.netty.channel.ChannelManager - Adding key: http://localhost:63499 for channel [id: 0x998ebb01, L:/127.0.0.1:57698 - R:localhost/127.0.0.1:63499]
17:43:27.546 [Forwarding clearElement on session b811fc7ba3c0cfedaeec486f854b9731 to remote] DEBUG org.asynchttpclient.netty.request.NettyRequestSender - Using pooled Channel '[id: 0x998ebb01, L:/127.0.0.1:57698 - R:localhost/127.0.0.1:63499]' for 'POST' to 'http://localhost:63499/session/b811fc7ba3c0cfedaeec486f854b9731/element/69093df0-4006-45df-a5be-096b91393e4f/clear'
17:43:27.546 [Forwarding clearElement on session b811fc7ba3c0cfedaeec486f854b9731 to remote] DEBUG org.asynchttpclient.netty.request.NettyRequestSender - Using open Channel [id: 0x998ebb01, L:/127.0.0.1:57698 - R:localhost/127.0.0.1:63499] for POST '/session/b811fc7ba3c0cfedaeec486f854b9731/element/69093df0-4006-45df-a5be-096b91393e4f/clear'
17:43:27.611 [AsyncHttpClient-1-5] DEBUG org.asynchttpclient.netty.handler.HttpHandler - 

Request DefaultHttpRequest(decodeResult: success, version: HTTP/1.1)
POST /session/b811fc7ba3c0cfedaeec486f854b9731/element/69093df0-4006-45df-a5be-096b91393e4f/clear HTTP/1.1
User-Agent: selenium/4.1.2 (java windows)
Content-Length: 50
Content-Type: application/json; charset=utf-8
host: localhost:63499
accept: */*

Response DefaultHttpResponse(decodeResult: success, version: HTTP/1.1)
HTTP/1.1 200 OK
Content-Type: application/json; charset=utf-8
cache-control: no-cache
content-length: 14

17:43:27.611 [AsyncHttpClient-1-5] DEBUG org.asynchttpclient.netty.channel.ChannelManager - Adding key: http://localhost:63499 for channel [id: 0x998ebb01, L:/127.0.0.1:57698 - R:localhost/127.0.0.1:63499]
17:43:27.614 [Forwarding sendKeysToElement on session b811fc7ba3c0cfedaeec486f854b9731 to remote] DEBUG org.asynchttpclient.netty.request.NettyRequestSender - Using pooled Channel '[id: 0x998ebb01, L:/127.0.0.1:57698 - R:localhost/127.0.0.1:63499]' for 'POST' to 'http://localhost:63499/session/b811fc7ba3c0cfedaeec486f854b9731/element/69093df0-4006-45df-a5be-096b91393e4f/value'
17:43:27.615 [Forwarding sendKeysToElement on session b811fc7ba3c0cfedaeec486f854b9731 to remote] DEBUG org.asynchttpclient.netty.request.NettyRequestSender - Using open Channel [id: 0x998ebb01, L:/127.0.0.1:57698 - R:localhost/127.0.0.1:63499] for POST '/session/b811fc7ba3c0cfedaeec486f854b9731/element/69093df0-4006-45df-a5be-096b91393e4f/value'
17:43:28.063 [AsyncHttpClient-1-5] DEBUG org.asynchttpclient.netty.handler.HttpHandler - 

Request DefaultHttpRequest(decodeResult: success, version: HTTP/1.1)
POST /session/b811fc7ba3c0cfedaeec486f854b9731/element/69093df0-4006-45df-a5be-096b91393e4f/value HTTP/1.1
User-Agent: selenium/4.1.2 (java windows)
Content-Length: 221
Content-Type: application/json; charset=utf-8
host: localhost:63499
accept: */*

Response DefaultHttpResponse(decodeResult: success, version: HTTP/1.1)
HTTP/1.1 200 OK
Content-Type: application/json; charset=utf-8
cache-control: no-cache
content-length: 14

17:43:28.063 [AsyncHttpClient-1-5] DEBUG org.asynchttpclient.netty.channel.ChannelManager - Adding key: http://localhost:63499 for channel [id: 0x998ebb01, L:/127.0.0.1:57698 - R:localhost/127.0.0.1:63499]
17:43:28.077 [Forwarding screenshot on session b811fc7ba3c0cfedaeec486f854b9731 to remote] DEBUG org.asynchttpclient.netty.request.NettyRequestSender - Using pooled Channel '[id: 0x998ebb01, L:/127.0.0.1:57698 - R:localhost/127.0.0.1:63499]' for 'GET' to 'http://localhost:63499/session/b811fc7ba3c0cfedaeec486f854b9731/screenshot'
17:43:28.077 [Forwarding screenshot on session b811fc7ba3c0cfedaeec486f854b9731 to remote] DEBUG org.asynchttpclient.netty.request.NettyRequestSender - Using open Channel [id: 0x998ebb01, L:/127.0.0.1:57698 - R:localhost/127.0.0.1:63499] for GET '/session/b811fc7ba3c0cfedaeec486f854b9731/screenshot'
17:43:28.101 [AsyncHttpClient-1-1] DEBUG org.asynchttpclient.netty.channel.DefaultChannelPool - Entry count for : http://localhost:57700 : 1
17:43:28.221 [AsyncHttpClient-1-5] DEBUG org.asynchttpclient.netty.handler.HttpHandler - 

Request DefaultFullHttpRequest(decodeResult: success, version: HTTP/1.1, content: EmptyByteBufBE)
GET /session/b811fc7ba3c0cfedaeec486f854b9731/screenshot HTTP/1.1
User-Agent: selenium/4.1.2 (java windows)
Cache-Control: no-cache
Content-Type: application/json; charset=utf-8
host: localhost:63499
accept: */*

Response DefaultHttpResponse(decodeResult: success, version: HTTP/1.1)
HTTP/1.1 200 OK
Content-Type: application/json; charset=utf-8
cache-control: no-cache
content-length: 86348

17:43:28.222 [AsyncHttpClient-1-5] DEBUG org.asynchttpclient.netty.channel.ChannelManager - Adding key: http://localhost:63499 for channel [id: 0x998ebb01, L:/127.0.0.1:57698 - R:localhost/127.0.0.1:63499]
17:43:28.228 [main] DEBUG net.serenitybdd.core.photography.Darkroom - Send negative for processing for target\site\serenity\bf85cf495d84c1239e05fc4ba0791f437616321a0f83913c62cdc8bbca677b32.png
17:43:28.228 [main] DEBUG net.thucydides.core.steps.StepInterceptor - STEP DONE: inputDoctorName
17:43:28.228 [Darkroom Processing Line] DEBUG net.serenitybdd.core.photography.DarkroomProcessingLine - Processing screenshot image in /var/screenshots/screenshot-7285742544058161230
17:43:28.228 [Darkroom Processing Line] DEBUG net.serenitybdd.core.photography.DarkroomProcessingLine - Saving screenshot to target\site\serenity\bf85cf495d84c1239e05fc4ba0791f437616321a0f83913c62cdc8bbca677b32.png
17:43:28.237 [main] DEBUG net.thucydides.core.steps.StepInterceptor - STARTING STEP: DoctorSteps.iInputValidDataDoctorAndClickSubmit - inputDoctorNID
17:43:28.241 [Forwarding findElement on session b811fc7ba3c0cfedaeec486f854b9731 to remote] DEBUG org.asynchttpclient.netty.request.NettyRequestSender - Using pooled Channel '[id: 0x998ebb01, L:/127.0.0.1:57698 - R:localhost/127.0.0.1:63499]' for 'POST' to 'http://localhost:63499/session/b811fc7ba3c0cfedaeec486f854b9731/element'
17:43:28.241 [Forwarding findElement on session b811fc7ba3c0cfedaeec486f854b9731 to remote] DEBUG org.asynchttpclient.netty.request.NettyRequestSender - Using open Channel [id: 0x998ebb01, L:/127.0.0.1:57698 - R:localhost/127.0.0.1:63499] for POST '/session/b811fc7ba3c0cfedaeec486f854b9731/element'
17:43:28.261 [AsyncHttpClient-1-5] DEBUG org.asynchttpclient.netty.handler.HttpHandler - 

Request DefaultHttpRequest(decodeResult: success, version: HTTP/1.1)
POST /session/b811fc7ba3c0cfedaeec486f854b9731/element HTTP/1.1
User-Agent: selenium/4.1.2 (java windows)
Content-Length: 139
Content-Type: application/json; charset=utf-8
host: localhost:63499
accept: */*

Response DefaultHttpResponse(decodeResult: success, version: HTTP/1.1)
HTTP/1.1 200 OK
Content-Type: application/json; charset=utf-8
cache-control: no-cache
content-length: 88

17:43:28.261 [AsyncHttpClient-1-5] DEBUG org.asynchttpclient.netty.channel.ChannelManager - Adding key: http://localhost:63499 for channel [id: 0x998ebb01, L:/127.0.0.1:57698 - R:localhost/127.0.0.1:63499]
17:43:28.263 [Forwarding clearElement on session b811fc7ba3c0cfedaeec486f854b9731 to remote] DEBUG org.asynchttpclient.netty.request.NettyRequestSender - Using pooled Channel '[id: 0x998ebb01, L:/127.0.0.1:57698 - R:localhost/127.0.0.1:63499]' for 'POST' to 'http://localhost:63499/session/b811fc7ba3c0cfedaeec486f854b9731/element/68a5233f-32cc-42e2-958d-7aa1a0a55685/clear'
17:43:28.263 [Forwarding clearElement on session b811fc7ba3c0cfedaeec486f854b9731 to remote] DEBUG org.asynchttpclient.netty.request.NettyRequestSender - Using open Channel [id: 0x998ebb01, L:/127.0.0.1:57698 - R:localhost/127.0.0.1:63499] for POST '/session/b811fc7ba3c0cfedaeec486f854b9731/element/68a5233f-32cc-42e2-958d-7aa1a0a55685/clear'
17:43:28.330 [AsyncHttpClient-1-5] DEBUG org.asynchttpclient.netty.handler.HttpHandler - 

Request DefaultHttpRequest(decodeResult: success, version: HTTP/1.1)
POST /session/b811fc7ba3c0cfedaeec486f854b9731/element/68a5233f-32cc-42e2-958d-7aa1a0a55685/clear HTTP/1.1
User-Agent: selenium/4.1.2 (java windows)
Content-Length: 50
Content-Type: application/json; charset=utf-8
host: localhost:63499
accept: */*

Response DefaultHttpResponse(decodeResult: success, version: HTTP/1.1)
HTTP/1.1 200 OK
Content-Type: application/json; charset=utf-8
cache-control: no-cache
content-length: 14

17:43:28.330 [AsyncHttpClient-1-5] DEBUG org.asynchttpclient.netty.channel.ChannelManager - Adding key: http://localhost:63499 for channel [id: 0x998ebb01, L:/127.0.0.1:57698 - R:localhost/127.0.0.1:63499]
17:43:28.332 [Forwarding sendKeysToElement on session b811fc7ba3c0cfedaeec486f854b9731 to remote] DEBUG org.asynchttpclient.netty.request.NettyRequestSender - Using pooled Channel '[id: 0x998ebb01, L:/127.0.0.1:57698 - R:localhost/127.0.0.1:63499]' for 'POST' to 'http://localhost:63499/session/b811fc7ba3c0cfedaeec486f854b9731/element/68a5233f-32cc-42e2-958d-7aa1a0a55685/value'
17:43:28.333 [Forwarding sendKeysToElement on session b811fc7ba3c0cfedaeec486f854b9731 to remote] DEBUG org.asynchttpclient.netty.request.NettyRequestSender - Using open Channel [id: 0x998ebb01, L:/127.0.0.1:57698 - R:localhost/127.0.0.1:63499] for POST '/session/b811fc7ba3c0cfedaeec486f854b9731/element/68a5233f-32cc-42e2-958d-7aa1a0a55685/value'
17:43:28.440 [AsyncHttpClient-1-5] DEBUG org.asynchttpclient.netty.handler.HttpHandler - 

Request DefaultHttpRequest(decodeResult: success, version: HTTP/1.1)
POST /session/b811fc7ba3c0cfedaeec486f854b9731/element/68a5233f-32cc-42e2-958d-7aa1a0a55685/value HTTP/1.1
User-Agent: selenium/4.1.2 (java windows)
Content-Length: 101
Content-Type: application/json; charset=utf-8
host: localhost:63499
accept: */*

Response DefaultHttpResponse(decodeResult: success, version: HTTP/1.1)
HTTP/1.1 200 OK
Content-Type: application/json; charset=utf-8
cache-control: no-cache
content-length: 14

17:43:28.452 [AsyncHttpClient-1-5] DEBUG org.asynchttpclient.netty.channel.ChannelManager - Adding key: http://localhost:63499 for channel [id: 0x998ebb01, L:/127.0.0.1:57698 - R:localhost/127.0.0.1:63499]
17:43:28.462 [Forwarding screenshot on session b811fc7ba3c0cfedaeec486f854b9731 to remote] DEBUG org.asynchttpclient.netty.request.NettyRequestSender - Using pooled Channel '[id: 0x998ebb01, L:/127.0.0.1:57698 - R:localhost/127.0.0.1:63499]' for 'GET' to 'http://localhost:63499/session/b811fc7ba3c0cfedaeec486f854b9731/screenshot'
17:43:28.462 [Forwarding screenshot on session b811fc7ba3c0cfedaeec486f854b9731 to remote] DEBUG org.asynchttpclient.netty.request.NettyRequestSender - Using open Channel [id: 0x998ebb01, L:/127.0.0.1:57698 - R:localhost/127.0.0.1:63499] for GET '/session/b811fc7ba3c0cfedaeec486f854b9731/screenshot'
17:43:28.608 [AsyncHttpClient-1-5] DEBUG org.asynchttpclient.netty.handler.HttpHandler - 

Request DefaultFullHttpRequest(decodeResult: success, version: HTTP/1.1, content: EmptyByteBufBE)
GET /session/b811fc7ba3c0cfedaeec486f854b9731/screenshot HTTP/1.1
User-Agent: selenium/4.1.2 (java windows)
Cache-Control: no-cache
Content-Type: application/json; charset=utf-8
host: localhost:63499
accept: */*

Response DefaultHttpResponse(decodeResult: success, version: HTTP/1.1)
HTTP/1.1 200 OK
Content-Type: application/json; charset=utf-8
cache-control: no-cache
content-length: 87140

17:43:28.609 [AsyncHttpClient-1-5] DEBUG org.asynchttpclient.netty.channel.ChannelManager - Adding key: http://localhost:63499 for channel [id: 0x998ebb01, L:/127.0.0.1:57698 - R:localhost/127.0.0.1:63499]
17:43:28.615 [main] DEBUG net.serenitybdd.core.photography.Darkroom - Send negative for processing for target\site\serenity\aaca26d7659c354aef5ba1de0513e0a53fbb5d0e8669e1f8fde0205e3eb9f2ef.png
17:43:28.615 [main] DEBUG net.thucydides.core.steps.StepInterceptor - STEP DONE: inputDoctorNID
17:43:28.616 [Darkroom Processing Line] DEBUG net.serenitybdd.core.photography.DarkroomProcessingLine - Processing screenshot image in /var/screenshots/screenshot-14579610242333548387
17:43:28.616 [Darkroom Processing Line] DEBUG net.serenitybdd.core.photography.DarkroomProcessingLine - Saving screenshot to target\site\serenity\aaca26d7659c354aef5ba1de0513e0a53fbb5d0e8669e1f8fde0205e3eb9f2ef.png
17:43:28.627 [main] DEBUG net.thucydides.core.steps.StepInterceptor - STARTING STEP: DoctorSteps.iInputValidDataDoctorAndClickSubmit - clickDoctorDepartmentDropdown
17:43:28.632 [Forwarding findElement on session b811fc7ba3c0cfedaeec486f854b9731 to remote] DEBUG org.asynchttpclient.netty.request.NettyRequestSender - Using pooled Channel '[id: 0x998ebb01, L:/127.0.0.1:57698 - R:localhost/127.0.0.1:63499]' for 'POST' to 'http://localhost:63499/session/b811fc7ba3c0cfedaeec486f854b9731/element'
17:43:28.633 [Forwarding findElement on session b811fc7ba3c0cfedaeec486f854b9731 to remote] DEBUG org.asynchttpclient.netty.request.NettyRequestSender - Using open Channel [id: 0x998ebb01, L:/127.0.0.1:57698 - R:localhost/127.0.0.1:63499] for POST '/session/b811fc7ba3c0cfedaeec486f854b9731/element'
17:43:28.653 [AsyncHttpClient-1-5] DEBUG org.asynchttpclient.netty.handler.HttpHandler - 

Request DefaultHttpRequest(decodeResult: success, version: HTTP/1.1)
POST /session/b811fc7ba3c0cfedaeec486f854b9731/element HTTP/1.1
User-Agent: selenium/4.1.2 (java windows)
Content-Length: 82
Content-Type: application/json; charset=utf-8
host: localhost:63499
accept: */*

Response DefaultHttpResponse(decodeResult: success, version: HTTP/1.1)
HTTP/1.1 200 OK
Content-Type: application/json; charset=utf-8
cache-control: no-cache
content-length: 88

17:43:28.653 [AsyncHttpClient-1-5] DEBUG org.asynchttpclient.netty.channel.ChannelManager - Adding key: http://localhost:63499 for channel [id: 0x998ebb01, L:/127.0.0.1:57698 - R:localhost/127.0.0.1:63499]
17:43:28.655 [Forwarding getElementTagName on session b811fc7ba3c0cfedaeec486f854b9731 to remote] DEBUG org.asynchttpclient.netty.request.NettyRequestSender - Using pooled Channel '[id: 0x998ebb01, L:/127.0.0.1:57698 - R:localhost/127.0.0.1:63499]' for 'GET' to 'http://localhost:63499/session/b811fc7ba3c0cfedaeec486f854b9731/element/1f9f22cc-c700-40bb-9017-8d98ce495154/name'
17:43:28.655 [Forwarding getElementTagName on session b811fc7ba3c0cfedaeec486f854b9731 to remote] DEBUG org.asynchttpclient.netty.request.NettyRequestSender - Using open Channel [id: 0x998ebb01, L:/127.0.0.1:57698 - R:localhost/127.0.0.1:63499] for GET '/session/b811fc7ba3c0cfedaeec486f854b9731/element/1f9f22cc-c700-40bb-9017-8d98ce495154/name'
17:43:28.662 [AsyncHttpClient-1-5] DEBUG org.asynchttpclient.netty.handler.HttpHandler - 

Request DefaultFullHttpRequest(decodeResult: success, version: HTTP/1.1, content: EmptyByteBufBE)
GET /session/b811fc7ba3c0cfedaeec486f854b9731/element/1f9f22cc-c700-40bb-9017-8d98ce495154/name HTTP/1.1
User-Agent: selenium/4.1.2 (java windows)
Cache-Control: no-cache
Content-Type: application/json; charset=utf-8
host: localhost:63499
accept: */*

Response DefaultHttpResponse(decodeResult: success, version: HTTP/1.1)
HTTP/1.1 200 OK
Content-Type: application/json; charset=utf-8
cache-control: no-cache
content-length: 15

17:43:28.662 [AsyncHttpClient-1-5] DEBUG org.asynchttpclient.netty.channel.ChannelManager - Adding key: http://localhost:63499 for channel [id: 0x998ebb01, L:/127.0.0.1:57698 - R:localhost/127.0.0.1:63499]
17:43:28.664 [Forwarding getElementTagName on session b811fc7ba3c0cfedaeec486f854b9731 to remote] DEBUG org.asynchttpclient.netty.request.NettyRequestSender - Using pooled Channel '[id: 0x998ebb01, L:/127.0.0.1:57698 - R:localhost/127.0.0.1:63499]' for 'GET' to 'http://localhost:63499/session/b811fc7ba3c0cfedaeec486f854b9731/element/1f9f22cc-c700-40bb-9017-8d98ce495154/name'
17:43:28.664 [Forwarding getElementTagName on session b811fc7ba3c0cfedaeec486f854b9731 to remote] DEBUG org.asynchttpclient.netty.request.NettyRequestSender - Using open Channel [id: 0x998ebb01, L:/127.0.0.1:57698 - R:localhost/127.0.0.1:63499] for GET '/session/b811fc7ba3c0cfedaeec486f854b9731/element/1f9f22cc-c700-40bb-9017-8d98ce495154/name'
17:43:28.669 [AsyncHttpClient-1-5] DEBUG org.asynchttpclient.netty.handler.HttpHandler - 

Request DefaultFullHttpRequest(decodeResult: success, version: HTTP/1.1, content: EmptyByteBufBE)
GET /session/b811fc7ba3c0cfedaeec486f854b9731/element/1f9f22cc-c700-40bb-9017-8d98ce495154/name HTTP/1.1
User-Agent: selenium/4.1.2 (java windows)
Cache-Control: no-cache
Content-Type: application/json; charset=utf-8
host: localhost:63499
accept: */*

Response DefaultHttpResponse(decodeResult: success, version: HTTP/1.1)
HTTP/1.1 200 OK
Content-Type: application/json; charset=utf-8
cache-control: no-cache
content-length: 15

17:43:28.669 [AsyncHttpClient-1-5] DEBUG org.asynchttpclient.netty.channel.ChannelManager - Adding key: http://localhost:63499 for channel [id: 0x998ebb01, L:/127.0.0.1:57698 - R:localhost/127.0.0.1:63499]
17:43:28.671 [Forwarding findElement on session b811fc7ba3c0cfedaeec486f854b9731 to remote] DEBUG org.asynchttpclient.netty.request.NettyRequestSender - Using pooled Channel '[id: 0x998ebb01, L:/127.0.0.1:57698 - R:localhost/127.0.0.1:63499]' for 'POST' to 'http://localhost:63499/session/b811fc7ba3c0cfedaeec486f854b9731/element'
17:43:28.671 [Forwarding findElement on session b811fc7ba3c0cfedaeec486f854b9731 to remote] DEBUG org.asynchttpclient.netty.request.NettyRequestSender - Using open Channel [id: 0x998ebb01, L:/127.0.0.1:57698 - R:localhost/127.0.0.1:63499] for POST '/session/b811fc7ba3c0cfedaeec486f854b9731/element'
17:43:28.682 [AsyncHttpClient-1-5] DEBUG org.asynchttpclient.netty.handler.HttpHandler - 

Request DefaultHttpRequest(decodeResult: success, version: HTTP/1.1)
POST /session/b811fc7ba3c0cfedaeec486f854b9731/element HTTP/1.1
User-Agent: selenium/4.1.2 (java windows)
Content-Length: 82
Content-Type: application/json; charset=utf-8
host: localhost:63499
accept: */*

Response DefaultHttpResponse(decodeResult: success, version: HTTP/1.1)
HTTP/1.1 200 OK
Content-Type: application/json; charset=utf-8
cache-control: no-cache
content-length: 88

17:43:28.682 [AsyncHttpClient-1-5] DEBUG org.asynchttpclient.netty.channel.ChannelManager - Adding key: http://localhost:63499 for channel [id: 0x998ebb01, L:/127.0.0.1:57698 - R:localhost/127.0.0.1:63499]
17:43:28.684 [Forwarding clickElement on session b811fc7ba3c0cfedaeec486f854b9731 to remote] DEBUG org.asynchttpclient.netty.request.NettyRequestSender - Using pooled Channel '[id: 0x998ebb01, L:/127.0.0.1:57698 - R:localhost/127.0.0.1:63499]' for 'POST' to 'http://localhost:63499/session/b811fc7ba3c0cfedaeec486f854b9731/element/1f9f22cc-c700-40bb-9017-8d98ce495154/click'
17:43:28.684 [Forwarding clickElement on session b811fc7ba3c0cfedaeec486f854b9731 to remote] DEBUG org.asynchttpclient.netty.request.NettyRequestSender - Using open Channel [id: 0x998ebb01, L:/127.0.0.1:57698 - R:localhost/127.0.0.1:63499] for POST '/session/b811fc7ba3c0cfedaeec486f854b9731/element/1f9f22cc-c700-40bb-9017-8d98ce495154/click'
17:43:28.820 [AsyncHttpClient-1-5] DEBUG org.asynchttpclient.netty.handler.HttpHandler - 

Request DefaultHttpRequest(decodeResult: success, version: HTTP/1.1)
POST /session/b811fc7ba3c0cfedaeec486f854b9731/element/1f9f22cc-c700-40bb-9017-8d98ce495154/click HTTP/1.1
User-Agent: selenium/4.1.2 (java windows)
Content-Length: 50
Content-Type: application/json; charset=utf-8
host: localhost:63499
accept: */*

Response DefaultHttpResponse(decodeResult: success, version: HTTP/1.1)
HTTP/1.1 200 OK
Content-Type: application/json; charset=utf-8
cache-control: no-cache
content-length: 14

17:43:28.820 [AsyncHttpClient-1-5] DEBUG org.asynchttpclient.netty.channel.ChannelManager - Adding key: http://localhost:63499 for channel [id: 0x998ebb01, L:/127.0.0.1:57698 - R:localhost/127.0.0.1:63499]
17:43:28.832 [Forwarding screenshot on session b811fc7ba3c0cfedaeec486f854b9731 to remote] DEBUG org.asynchttpclient.netty.request.NettyRequestSender - Using pooled Channel '[id: 0x998ebb01, L:/127.0.0.1:57698 - R:localhost/127.0.0.1:63499]' for 'GET' to 'http://localhost:63499/session/b811fc7ba3c0cfedaeec486f854b9731/screenshot'
17:43:28.832 [Forwarding screenshot on session b811fc7ba3c0cfedaeec486f854b9731 to remote] DEBUG org.asynchttpclient.netty.request.NettyRequestSender - Using open Channel [id: 0x998ebb01, L:/127.0.0.1:57698 - R:localhost/127.0.0.1:63499] for GET '/session/b811fc7ba3c0cfedaeec486f854b9731/screenshot'
17:43:29.000 [AsyncHttpClient-1-5] DEBUG org.asynchttpclient.netty.handler.HttpHandler - 

Request DefaultFullHttpRequest(decodeResult: success, version: HTTP/1.1, content: EmptyByteBufBE)
GET /session/b811fc7ba3c0cfedaeec486f854b9731/screenshot HTTP/1.1
User-Agent: selenium/4.1.2 (java windows)
Cache-Control: no-cache
Content-Type: application/json; charset=utf-8
host: localhost:63499
accept: */*

Response DefaultHttpResponse(decodeResult: success, version: HTTP/1.1)
HTTP/1.1 200 OK
Content-Type: application/json; charset=utf-8
cache-control: no-cache
content-length: 97696

17:43:29.001 [AsyncHttpClient-1-5] DEBUG org.asynchttpclient.netty.channel.ChannelManager - Adding key: http://localhost:63499 for channel [id: 0x998ebb01, L:/127.0.0.1:57698 - R:localhost/127.0.0.1:63499]
17:43:29.007 [main] DEBUG net.serenitybdd.core.photography.Darkroom - Send negative for processing for target\site\serenity\d77f3d20d10128c1a5b593701488a568f871913379873cb0167142557e8d58b2.png
17:43:29.008 [main] DEBUG net.thucydides.core.steps.StepInterceptor - STEP DONE: clickDoctorDepartmentDropdown
17:43:29.008 [Darkroom Processing Line] DEBUG net.serenitybdd.core.photography.DarkroomProcessingLine - Processing screenshot image in /var/screenshots/screenshot-13795729880897799540
17:43:29.008 [Darkroom Processing Line] DEBUG net.serenitybdd.core.photography.DarkroomProcessingLine - Saving screenshot to target\site\serenity\d77f3d20d10128c1a5b593701488a568f871913379873cb0167142557e8d58b2.png
17:43:29.020 [main] DEBUG net.thucydides.core.steps.StepInterceptor - STARTING STEP: DoctorSteps.iInputValidDataDoctorAndClickSubmit - clickDoctorDepartmentOption
17:43:29.025 [Forwarding findElement on session b811fc7ba3c0cfedaeec486f854b9731 to remote] DEBUG org.asynchttpclient.netty.request.NettyRequestSender - Using pooled Channel '[id: 0x998ebb01, L:/127.0.0.1:57698 - R:localhost/127.0.0.1:63499]' for 'POST' to 'http://localhost:63499/session/b811fc7ba3c0cfedaeec486f854b9731/element'
17:43:29.025 [Forwarding findElement on session b811fc7ba3c0cfedaeec486f854b9731 to remote] DEBUG org.asynchttpclient.netty.request.NettyRequestSender - Using open Channel [id: 0x998ebb01, L:/127.0.0.1:57698 - R:localhost/127.0.0.1:63499] for POST '/session/b811fc7ba3c0cfedaeec486f854b9731/element'
17:43:29.046 [AsyncHttpClient-1-5] DEBUG org.asynchttpclient.netty.handler.HttpHandler - 

Request DefaultHttpRequest(decodeResult: success, version: HTTP/1.1)
POST /session/b811fc7ba3c0cfedaeec486f854b9731/element HTTP/1.1
User-Agent: selenium/4.1.2 (java windows)
Content-Length: 119
Content-Type: application/json; charset=utf-8
host: localhost:63499
accept: */*

Response DefaultHttpResponse(decodeResult: success, version: HTTP/1.1)
HTTP/1.1 200 OK
Content-Type: application/json; charset=utf-8
cache-control: no-cache
content-length: 88

17:43:29.046 [AsyncHttpClient-1-5] DEBUG org.asynchttpclient.netty.channel.ChannelManager - Adding key: http://localhost:63499 for channel [id: 0x998ebb01, L:/127.0.0.1:57698 - R:localhost/127.0.0.1:63499]
17:43:29.048 [Forwarding getElementTagName on session b811fc7ba3c0cfedaeec486f854b9731 to remote] DEBUG org.asynchttpclient.netty.request.NettyRequestSender - Using pooled Channel '[id: 0x998ebb01, L:/127.0.0.1:57698 - R:localhost/127.0.0.1:63499]' for 'GET' to 'http://localhost:63499/session/b811fc7ba3c0cfedaeec486f854b9731/element/61b882cc-080f-4e6f-9894-d1b62e7809f6/name'
17:43:29.048 [Forwarding getElementTagName on session b811fc7ba3c0cfedaeec486f854b9731 to remote] DEBUG org.asynchttpclient.netty.request.NettyRequestSender - Using open Channel [id: 0x998ebb01, L:/127.0.0.1:57698 - R:localhost/127.0.0.1:63499] for GET '/session/b811fc7ba3c0cfedaeec486f854b9731/element/61b882cc-080f-4e6f-9894-d1b62e7809f6/name'
17:43:29.055 [AsyncHttpClient-1-5] DEBUG org.asynchttpclient.netty.handler.HttpHandler - 

Request DefaultFullHttpRequest(decodeResult: success, version: HTTP/1.1, content: EmptyByteBufBE)
GET /session/b811fc7ba3c0cfedaeec486f854b9731/element/61b882cc-080f-4e6f-9894-d1b62e7809f6/name HTTP/1.1
User-Agent: selenium/4.1.2 (java windows)
Cache-Control: no-cache
Content-Type: application/json; charset=utf-8
host: localhost:63499
accept: */*

Response DefaultHttpResponse(decodeResult: success, version: HTTP/1.1)
HTTP/1.1 200 OK
Content-Type: application/json; charset=utf-8
cache-control: no-cache
content-length: 14

17:43:29.055 [AsyncHttpClient-1-5] DEBUG org.asynchttpclient.netty.channel.ChannelManager - Adding key: http://localhost:63499 for channel [id: 0x998ebb01, L:/127.0.0.1:57698 - R:localhost/127.0.0.1:63499]
17:43:29.057 [Forwarding getElementTagName on session b811fc7ba3c0cfedaeec486f854b9731 to remote] DEBUG org.asynchttpclient.netty.request.NettyRequestSender - Using pooled Channel '[id: 0x998ebb01, L:/127.0.0.1:57698 - R:localhost/127.0.0.1:63499]' for 'GET' to 'http://localhost:63499/session/b811fc7ba3c0cfedaeec486f854b9731/element/61b882cc-080f-4e6f-9894-d1b62e7809f6/name'
17:43:29.057 [Forwarding getElementTagName on session b811fc7ba3c0cfedaeec486f854b9731 to remote] DEBUG org.asynchttpclient.netty.request.NettyRequestSender - Using open Channel [id: 0x998ebb01, L:/127.0.0.1:57698 - R:localhost/127.0.0.1:63499] for GET '/session/b811fc7ba3c0cfedaeec486f854b9731/element/61b882cc-080f-4e6f-9894-d1b62e7809f6/name'
17:43:29.062 [AsyncHttpClient-1-5] DEBUG org.asynchttpclient.netty.handler.HttpHandler - 

Request DefaultFullHttpRequest(decodeResult: success, version: HTTP/1.1, content: EmptyByteBufBE)
GET /session/b811fc7ba3c0cfedaeec486f854b9731/element/61b882cc-080f-4e6f-9894-d1b62e7809f6/name HTTP/1.1
User-Agent: selenium/4.1.2 (java windows)
Cache-Control: no-cache
Content-Type: application/json; charset=utf-8
host: localhost:63499
accept: */*

Response DefaultHttpResponse(decodeResult: success, version: HTTP/1.1)
HTTP/1.1 200 OK
Content-Type: application/json; charset=utf-8
cache-control: no-cache
content-length: 14

17:43:29.062 [AsyncHttpClient-1-5] DEBUG org.asynchttpclient.netty.channel.ChannelManager - Adding key: http://localhost:63499 for channel [id: 0x998ebb01, L:/127.0.0.1:57698 - R:localhost/127.0.0.1:63499]
17:43:29.064 [Forwarding findElement on session b811fc7ba3c0cfedaeec486f854b9731 to remote] DEBUG org.asynchttpclient.netty.request.NettyRequestSender - Using pooled Channel '[id: 0x998ebb01, L:/127.0.0.1:57698 - R:localhost/127.0.0.1:63499]' for 'POST' to 'http://localhost:63499/session/b811fc7ba3c0cfedaeec486f854b9731/element'
17:43:29.064 [Forwarding findElement on session b811fc7ba3c0cfedaeec486f854b9731 to remote] DEBUG org.asynchttpclient.netty.request.NettyRequestSender - Using open Channel [id: 0x998ebb01, L:/127.0.0.1:57698 - R:localhost/127.0.0.1:63499] for POST '/session/b811fc7ba3c0cfedaeec486f854b9731/element'
17:43:29.075 [AsyncHttpClient-1-5] DEBUG org.asynchttpclient.netty.handler.HttpHandler - 

Request DefaultHttpRequest(decodeResult: success, version: HTTP/1.1)
POST /session/b811fc7ba3c0cfedaeec486f854b9731/element HTTP/1.1
User-Agent: selenium/4.1.2 (java windows)
Content-Length: 119
Content-Type: application/json; charset=utf-8
host: localhost:63499
accept: */*

Response DefaultHttpResponse(decodeResult: success, version: HTTP/1.1)
HTTP/1.1 200 OK
Content-Type: application/json; charset=utf-8
cache-control: no-cache
content-length: 88

17:43:29.075 [AsyncHttpClient-1-5] DEBUG org.asynchttpclient.netty.channel.ChannelManager - Adding key: http://localhost:63499 for channel [id: 0x998ebb01, L:/127.0.0.1:57698 - R:localhost/127.0.0.1:63499]
17:43:29.077 [Forwarding clickElement on session b811fc7ba3c0cfedaeec486f854b9731 to remote] DEBUG org.asynchttpclient.netty.request.NettyRequestSender - Using pooled Channel '[id: 0x998ebb01, L:/127.0.0.1:57698 - R:localhost/127.0.0.1:63499]' for 'POST' to 'http://localhost:63499/session/b811fc7ba3c0cfedaeec486f854b9731/element/61b882cc-080f-4e6f-9894-d1b62e7809f6/click'
17:43:29.077 [Forwarding clickElement on session b811fc7ba3c0cfedaeec486f854b9731 to remote] DEBUG org.asynchttpclient.netty.request.NettyRequestSender - Using open Channel [id: 0x998ebb01, L:/127.0.0.1:57698 - R:localhost/127.0.0.1:63499] for POST '/session/b811fc7ba3c0cfedaeec486f854b9731/element/61b882cc-080f-4e6f-9894-d1b62e7809f6/click'
17:43:29.191 [AsyncHttpClient-1-5] DEBUG org.asynchttpclient.netty.handler.HttpHandler - 

Request DefaultHttpRequest(decodeResult: success, version: HTTP/1.1)
POST /session/b811fc7ba3c0cfedaeec486f854b9731/element/61b882cc-080f-4e6f-9894-d1b62e7809f6/click HTTP/1.1
User-Agent: selenium/4.1.2 (java windows)
Content-Length: 50
Content-Type: application/json; charset=utf-8
host: localhost:63499
accept: */*

Response DefaultHttpResponse(decodeResult: success, version: HTTP/1.1)
HTTP/1.1 200 OK
Content-Type: application/json; charset=utf-8
cache-control: no-cache
content-length: 14

17:43:29.191 [AsyncHttpClient-1-5] DEBUG org.asynchttpclient.netty.channel.ChannelManager - Adding key: http://localhost:63499 for channel [id: 0x998ebb01, L:/127.0.0.1:57698 - R:localhost/127.0.0.1:63499]
17:43:29.203 [Forwarding screenshot on session b811fc7ba3c0cfedaeec486f854b9731 to remote] DEBUG org.asynchttpclient.netty.request.NettyRequestSender - Using pooled Channel '[id: 0x998ebb01, L:/127.0.0.1:57698 - R:localhost/127.0.0.1:63499]' for 'GET' to 'http://localhost:63499/session/b811fc7ba3c0cfedaeec486f854b9731/screenshot'
17:43:29.203 [Forwarding screenshot on session b811fc7ba3c0cfedaeec486f854b9731 to remote] DEBUG org.asynchttpclient.netty.request.NettyRequestSender - Using open Channel [id: 0x998ebb01, L:/127.0.0.1:57698 - R:localhost/127.0.0.1:63499] for GET '/session/b811fc7ba3c0cfedaeec486f854b9731/screenshot'
17:43:29.204 [AsyncHttpClient-1-1] DEBUG org.asynchttpclient.netty.channel.DefaultChannelPool - Entry count for : http://localhost:57700 : 1
17:43:29.373 [AsyncHttpClient-1-5] DEBUG org.asynchttpclient.netty.handler.HttpHandler - 

Request DefaultFullHttpRequest(decodeResult: success, version: HTTP/1.1, content: EmptyByteBufBE)
GET /session/b811fc7ba3c0cfedaeec486f854b9731/screenshot HTTP/1.1
User-Agent: selenium/4.1.2 (java windows)
Cache-Control: no-cache
Content-Type: application/json; charset=utf-8
host: localhost:63499
accept: */*

Response DefaultHttpResponse(decodeResult: success, version: HTTP/1.1)
HTTP/1.1 200 OK
Content-Type: application/json; charset=utf-8
cache-control: no-cache
content-length: 105472

17:43:29.374 [AsyncHttpClient-1-5] DEBUG org.asynchttpclient.netty.channel.ChannelManager - Adding key: http://localhost:63499 for channel [id: 0x998ebb01, L:/127.0.0.1:57698 - R:localhost/127.0.0.1:63499]
17:43:29.381 [main] DEBUG net.serenitybdd.core.photography.Darkroom - Send negative for processing for target\site\serenity\71f83e102e130e3daddfd15706168f279a874068c762d6575224a8b80a0f3163.png
17:43:29.381 [main] DEBUG net.thucydides.core.steps.StepInterceptor - STEP DONE: clickDoctorDepartmentOption
17:43:29.381 [Darkroom Processing Line] DEBUG net.serenitybdd.core.photography.DarkroomProcessingLine - Processing screenshot image in /var/screenshots/screenshot-13949333279429604755
17:43:29.381 [Darkroom Processing Line] DEBUG net.serenitybdd.core.photography.DarkroomProcessingLine - Saving screenshot to target\site\serenity\71f83e102e130e3daddfd15706168f279a874068c762d6575224a8b80a0f3163.png
17:43:29.392 [main] DEBUG net.thucydides.core.steps.StepInterceptor - STARTING STEP: DoctorSteps.iInputValidDataDoctorAndClickSubmit - inputDoctorEmail
17:43:29.396 [Forwarding findElement on session b811fc7ba3c0cfedaeec486f854b9731 to remote] DEBUG org.asynchttpclient.netty.request.NettyRequestSender - Using pooled Channel '[id: 0x998ebb01, L:/127.0.0.1:57698 - R:localhost/127.0.0.1:63499]' for 'POST' to 'http://localhost:63499/session/b811fc7ba3c0cfedaeec486f854b9731/element'
17:43:29.396 [Forwarding findElement on session b811fc7ba3c0cfedaeec486f854b9731 to remote] DEBUG org.asynchttpclient.netty.request.NettyRequestSender - Using open Channel [id: 0x998ebb01, L:/127.0.0.1:57698 - R:localhost/127.0.0.1:63499] for POST '/session/b811fc7ba3c0cfedaeec486f854b9731/element'
17:43:29.418 [AsyncHttpClient-1-5] DEBUG org.asynchttpclient.netty.handler.HttpHandler - 

Request DefaultHttpRequest(decodeResult: success, version: HTTP/1.1)
POST /session/b811fc7ba3c0cfedaeec486f854b9731/element HTTP/1.1
User-Agent: selenium/4.1.2 (java windows)
Content-Length: 139
Content-Type: application/json; charset=utf-8
host: localhost:63499
accept: */*

Response DefaultHttpResponse(decodeResult: success, version: HTTP/1.1)
HTTP/1.1 200 OK
Content-Type: application/json; charset=utf-8
cache-control: no-cache
content-length: 88

17:43:29.418 [AsyncHttpClient-1-5] DEBUG org.asynchttpclient.netty.channel.ChannelManager - Adding key: http://localhost:63499 for channel [id: 0x998ebb01, L:/127.0.0.1:57698 - R:localhost/127.0.0.1:63499]
17:43:29.420 [Forwarding clearElement on session b811fc7ba3c0cfedaeec486f854b9731 to remote] DEBUG org.asynchttpclient.netty.request.NettyRequestSender - Using pooled Channel '[id: 0x998ebb01, L:/127.0.0.1:57698 - R:localhost/127.0.0.1:63499]' for 'POST' to 'http://localhost:63499/session/b811fc7ba3c0cfedaeec486f854b9731/element/fbac09bb-7ec1-4c59-a4cd-b1476312f96b/clear'
17:43:29.420 [Forwarding clearElement on session b811fc7ba3c0cfedaeec486f854b9731 to remote] DEBUG org.asynchttpclient.netty.request.NettyRequestSender - Using open Channel [id: 0x998ebb01, L:/127.0.0.1:57698 - R:localhost/127.0.0.1:63499] for POST '/session/b811fc7ba3c0cfedaeec486f854b9731/element/fbac09bb-7ec1-4c59-a4cd-b1476312f96b/clear'
17:43:29.480 [AsyncHttpClient-1-5] DEBUG org.asynchttpclient.netty.handler.HttpHandler - 

Request DefaultHttpRequest(decodeResult: success, version: HTTP/1.1)
POST /session/b811fc7ba3c0cfedaeec486f854b9731/element/fbac09bb-7ec1-4c59-a4cd-b1476312f96b/clear HTTP/1.1
User-Agent: selenium/4.1.2 (java windows)
Content-Length: 50
Content-Type: application/json; charset=utf-8
host: localhost:63499
accept: */*

Response DefaultHttpResponse(decodeResult: success, version: HTTP/1.1)
HTTP/1.1 200 OK
Content-Type: application/json; charset=utf-8
cache-control: no-cache
content-length: 14

17:43:29.480 [AsyncHttpClient-1-5] DEBUG org.asynchttpclient.netty.channel.ChannelManager - Adding key: http://localhost:63499 for channel [id: 0x998ebb01, L:/127.0.0.1:57698 - R:localhost/127.0.0.1:63499]
17:43:29.482 [Forwarding sendKeysToElement on session b811fc7ba3c0cfedaeec486f854b9731 to remote] DEBUG org.asynchttpclient.netty.request.NettyRequestSender - Using pooled Channel '[id: 0x998ebb01, L:/127.0.0.1:57698 - R:localhost/127.0.0.1:63499]' for 'POST' to 'http://localhost:63499/session/b811fc7ba3c0cfedaeec486f854b9731/element/fbac09bb-7ec1-4c59-a4cd-b1476312f96b/value'
17:43:29.483 [Forwarding sendKeysToElement on session b811fc7ba3c0cfedaeec486f854b9731 to remote] DEBUG org.asynchttpclient.netty.request.NettyRequestSender - Using open Channel [id: 0x998ebb01, L:/127.0.0.1:57698 - R:localhost/127.0.0.1:63499] for POST '/session/b811fc7ba3c0cfedaeec486f854b9731/element/fbac09bb-7ec1-4c59-a4cd-b1476312f96b/value'
17:43:29.887 [AsyncHttpClient-1-5] DEBUG org.asynchttpclient.netty.handler.HttpHandler - 

Request DefaultHttpRequest(decodeResult: success, version: HTTP/1.1)
POST /session/b811fc7ba3c0cfedaeec486f854b9731/element/fbac09bb-7ec1-4c59-a4cd-b1476312f96b/value HTTP/1.1
User-Agent: selenium/4.1.2 (java windows)
Content-Length: 271
Content-Type: application/json; charset=utf-8
host: localhost:63499
accept: */*

Response DefaultHttpResponse(decodeResult: success, version: HTTP/1.1)
HTTP/1.1 200 OK
Content-Type: application/json; charset=utf-8
cache-control: no-cache
content-length: 14

17:43:29.887 [AsyncHttpClient-1-5] DEBUG org.asynchttpclient.netty.channel.ChannelManager - Adding key: http://localhost:63499 for channel [id: 0x998ebb01, L:/127.0.0.1:57698 - R:localhost/127.0.0.1:63499]
17:43:29.899 [Forwarding screenshot on session b811fc7ba3c0cfedaeec486f854b9731 to remote] DEBUG org.asynchttpclient.netty.request.NettyRequestSender - Using pooled Channel '[id: 0x998ebb01, L:/127.0.0.1:57698 - R:localhost/127.0.0.1:63499]' for 'GET' to 'http://localhost:63499/session/b811fc7ba3c0cfedaeec486f854b9731/screenshot'
17:43:29.899 [Forwarding screenshot on session b811fc7ba3c0cfedaeec486f854b9731 to remote] DEBUG org.asynchttpclient.netty.request.NettyRequestSender - Using open Channel [id: 0x998ebb01, L:/127.0.0.1:57698 - R:localhost/127.0.0.1:63499] for GET '/session/b811fc7ba3c0cfedaeec486f854b9731/screenshot'
17:43:30.026 [AsyncHttpClient-1-5] DEBUG org.asynchttpclient.netty.handler.HttpHandler - 

Request DefaultFullHttpRequest(decodeResult: success, version: HTTP/1.1, content: EmptyByteBufBE)
GET /session/b811fc7ba3c0cfedaeec486f854b9731/screenshot HTTP/1.1
User-Agent: selenium/4.1.2 (java windows)
Cache-Control: no-cache
Content-Type: application/json; charset=utf-8
host: localhost:63499
accept: */*

Response DefaultHttpResponse(decodeResult: success, version: HTTP/1.1)
HTTP/1.1 200 OK
Content-Type: application/json; charset=utf-8
cache-control: no-cache
content-length: 91296

17:43:30.026 [AsyncHttpClient-1-5] DEBUG org.asynchttpclient.netty.channel.ChannelManager - Adding key: http://localhost:63499 for channel [id: 0x998ebb01, L:/127.0.0.1:57698 - R:localhost/127.0.0.1:63499]
17:43:30.031 [main] DEBUG net.serenitybdd.core.photography.Darkroom - Send negative for processing for target\site\serenity\af3ee616aaeb021c35057172a4b9077cc88ce4f3fa033b626dffe05828e3cb4e.png
17:43:30.031 [main] DEBUG net.thucydides.core.steps.StepInterceptor - STEP DONE: inputDoctorEmail
17:43:30.031 [Darkroom Processing Line] DEBUG net.serenitybdd.core.photography.DarkroomProcessingLine - Processing screenshot image in /var/screenshots/screenshot-17511354675209713289
17:43:30.031 [Darkroom Processing Line] DEBUG net.serenitybdd.core.photography.DarkroomProcessingLine - Saving screenshot to target\site\serenity\af3ee616aaeb021c35057172a4b9077cc88ce4f3fa033b626dffe05828e3cb4e.png
17:43:30.037 [main] DEBUG net.thucydides.core.steps.StepInterceptor - STARTING STEP: DoctorSteps.iInputValidDataDoctorAndClickSubmit - inputDoctorPassword
17:43:30.040 [Forwarding findElement on session b811fc7ba3c0cfedaeec486f854b9731 to remote] DEBUG org.asynchttpclient.netty.request.NettyRequestSender - Using pooled Channel '[id: 0x998ebb01, L:/127.0.0.1:57698 - R:localhost/127.0.0.1:63499]' for 'POST' to 'http://localhost:63499/session/b811fc7ba3c0cfedaeec486f854b9731/element'
17:43:30.040 [Forwarding findElement on session b811fc7ba3c0cfedaeec486f854b9731 to remote] DEBUG org.asynchttpclient.netty.request.NettyRequestSender - Using open Channel [id: 0x998ebb01, L:/127.0.0.1:57698 - R:localhost/127.0.0.1:63499] for POST '/session/b811fc7ba3c0cfedaeec486f854b9731/element'
17:43:30.055 [AsyncHttpClient-1-5] DEBUG org.asynchttpclient.netty.handler.HttpHandler - 

Request DefaultHttpRequest(decodeResult: success, version: HTTP/1.1)
POST /session/b811fc7ba3c0cfedaeec486f854b9731/element HTTP/1.1
User-Agent: selenium/4.1.2 (java windows)
Content-Length: 139
Content-Type: application/json; charset=utf-8
host: localhost:63499
accept: */*

Response DefaultHttpResponse(decodeResult: success, version: HTTP/1.1)
HTTP/1.1 200 OK
Content-Type: application/json; charset=utf-8
cache-control: no-cache
content-length: 88

17:43:30.055 [AsyncHttpClient-1-5] DEBUG org.asynchttpclient.netty.channel.ChannelManager - Adding key: http://localhost:63499 for channel [id: 0x998ebb01, L:/127.0.0.1:57698 - R:localhost/127.0.0.1:63499]
17:43:30.056 [Forwarding clearElement on session b811fc7ba3c0cfedaeec486f854b9731 to remote] DEBUG org.asynchttpclient.netty.request.NettyRequestSender - Using pooled Channel '[id: 0x998ebb01, L:/127.0.0.1:57698 - R:localhost/127.0.0.1:63499]' for 'POST' to 'http://localhost:63499/session/b811fc7ba3c0cfedaeec486f854b9731/element/6cd23e6b-8a59-4f76-8e57-d51744ddb667/clear'
17:43:30.056 [Forwarding clearElement on session b811fc7ba3c0cfedaeec486f854b9731 to remote] DEBUG org.asynchttpclient.netty.request.NettyRequestSender - Using open Channel [id: 0x998ebb01, L:/127.0.0.1:57698 - R:localhost/127.0.0.1:63499] for POST '/session/b811fc7ba3c0cfedaeec486f854b9731/element/6cd23e6b-8a59-4f76-8e57-d51744ddb667/clear'
17:43:30.096 [AsyncHttpClient-1-5] DEBUG org.asynchttpclient.netty.handler.HttpHandler - 

Request DefaultHttpRequest(decodeResult: success, version: HTTP/1.1)
POST /session/b811fc7ba3c0cfedaeec486f854b9731/element/6cd23e6b-8a59-4f76-8e57-d51744ddb667/clear HTTP/1.1
User-Agent: selenium/4.1.2 (java windows)
Content-Length: 50
Content-Type: application/json; charset=utf-8
host: localhost:63499
accept: */*

Response DefaultHttpResponse(decodeResult: success, version: HTTP/1.1)
HTTP/1.1 200 OK
Content-Type: application/json; charset=utf-8
cache-control: no-cache
content-length: 14

17:43:30.096 [AsyncHttpClient-1-5] DEBUG org.asynchttpclient.netty.channel.ChannelManager - Adding key: http://localhost:63499 for channel [id: 0x998ebb01, L:/127.0.0.1:57698 - R:localhost/127.0.0.1:63499]
17:43:30.097 [Forwarding sendKeysToElement on session b811fc7ba3c0cfedaeec486f854b9731 to remote] DEBUG org.asynchttpclient.netty.request.NettyRequestSender - Using pooled Channel '[id: 0x998ebb01, L:/127.0.0.1:57698 - R:localhost/127.0.0.1:63499]' for 'POST' to 'http://localhost:63499/session/b811fc7ba3c0cfedaeec486f854b9731/element/6cd23e6b-8a59-4f76-8e57-d51744ddb667/value'
17:43:30.097 [Forwarding sendKeysToElement on session b811fc7ba3c0cfedaeec486f854b9731 to remote] DEBUG org.asynchttpclient.netty.request.NettyRequestSender - Using open Channel [id: 0x998ebb01, L:/127.0.0.1:57698 - R:localhost/127.0.0.1:63499] for POST '/session/b811fc7ba3c0cfedaeec486f854b9731/element/6cd23e6b-8a59-4f76-8e57-d51744ddb667/value'
17:43:30.300 [AsyncHttpClient-1-1] DEBUG org.asynchttpclient.netty.channel.DefaultChannelPool - Entry count for : http://localhost:57700 : 1
17:43:30.351 [AsyncHttpClient-1-5] DEBUG org.asynchttpclient.netty.handler.HttpHandler - 

Request DefaultHttpRequest(decodeResult: success, version: HTTP/1.1)
POST /session/b811fc7ba3c0cfedaeec486f854b9731/element/6cd23e6b-8a59-4f76-8e57-d51744ddb667/value HTTP/1.1
User-Agent: selenium/4.1.2 (java windows)
Content-Length: 221
Content-Type: application/json; charset=utf-8
host: localhost:63499
accept: */*

Response DefaultHttpResponse(decodeResult: success, version: HTTP/1.1)
HTTP/1.1 200 OK
Content-Type: application/json; charset=utf-8
cache-control: no-cache
content-length: 14

17:43:30.352 [AsyncHttpClient-1-5] DEBUG org.asynchttpclient.netty.channel.ChannelManager - Adding key: http://localhost:63499 for channel [id: 0x998ebb01, L:/127.0.0.1:57698 - R:localhost/127.0.0.1:63499]
17:43:30.358 [Forwarding screenshot on session b811fc7ba3c0cfedaeec486f854b9731 to remote] DEBUG org.asynchttpclient.netty.request.NettyRequestSender - Using pooled Channel '[id: 0x998ebb01, L:/127.0.0.1:57698 - R:localhost/127.0.0.1:63499]' for 'GET' to 'http://localhost:63499/session/b811fc7ba3c0cfedaeec486f854b9731/screenshot'
17:43:30.358 [Forwarding screenshot on session b811fc7ba3c0cfedaeec486f854b9731 to remote] DEBUG org.asynchttpclient.netty.request.NettyRequestSender - Using open Channel [id: 0x998ebb01, L:/127.0.0.1:57698 - R:localhost/127.0.0.1:63499] for GET '/session/b811fc7ba3c0cfedaeec486f854b9731/screenshot'
17:43:30.478 [AsyncHttpClient-1-5] DEBUG org.asynchttpclient.netty.handler.HttpHandler - 

Request DefaultFullHttpRequest(decodeResult: success, version: HTTP/1.1, content: EmptyByteBufBE)
GET /session/b811fc7ba3c0cfedaeec486f854b9731/screenshot HTTP/1.1
User-Agent: selenium/4.1.2 (java windows)
Cache-Control: no-cache
Content-Type: application/json; charset=utf-8
host: localhost:63499
accept: */*

Response DefaultHttpResponse(decodeResult: success, version: HTTP/1.1)
HTTP/1.1 200 OK
Content-Type: application/json; charset=utf-8
cache-control: no-cache
content-length: 89392

17:43:30.479 [AsyncHttpClient-1-5] DEBUG org.asynchttpclient.netty.channel.ChannelManager - Adding key: http://localhost:63499 for channel [id: 0x998ebb01, L:/127.0.0.1:57698 - R:localhost/127.0.0.1:63499]
17:43:30.483 [main] DEBUG net.serenitybdd.core.photography.Darkroom - Send negative for processing for target\site\serenity\0420b78621a3d797f34d785a2ccfdb56e525f892a893636baefaf0376cbd7f8d.png
17:43:30.483 [main] DEBUG net.thucydides.core.steps.StepInterceptor - STEP DONE: inputDoctorPassword
17:43:30.484 [Darkroom Processing Line] DEBUG net.serenitybdd.core.photography.DarkroomProcessingLine - Processing screenshot image in /var/screenshots/screenshot-13024238684154893412
17:43:30.484 [Darkroom Processing Line] DEBUG net.serenitybdd.core.photography.DarkroomProcessingLine - Saving screenshot to target\site\serenity\0420b78621a3d797f34d785a2ccfdb56e525f892a893636baefaf0376cbd7f8d.png
17:43:30.490 [main] DEBUG net.thucydides.core.steps.StepInterceptor - STARTING STEP: DoctorSteps.iInputValidDataDoctorAndClickSubmit - inputDoctorPhoneNumber
17:43:30.492 [Forwarding findElement on session b811fc7ba3c0cfedaeec486f854b9731 to remote] DEBUG org.asynchttpclient.netty.request.NettyRequestSender - Using pooled Channel '[id: 0x998ebb01, L:/127.0.0.1:57698 - R:localhost/127.0.0.1:63499]' for 'POST' to 'http://localhost:63499/session/b811fc7ba3c0cfedaeec486f854b9731/element'
17:43:30.492 [Forwarding findElement on session b811fc7ba3c0cfedaeec486f854b9731 to remote] DEBUG org.asynchttpclient.netty.request.NettyRequestSender - Using open Channel [id: 0x998ebb01, L:/127.0.0.1:57698 - R:localhost/127.0.0.1:63499] for POST '/session/b811fc7ba3c0cfedaeec486f854b9731/element'
17:43:30.507 [AsyncHttpClient-1-5] DEBUG org.asynchttpclient.netty.handler.HttpHandler - 

Request DefaultHttpRequest(decodeResult: success, version: HTTP/1.1)
POST /session/b811fc7ba3c0cfedaeec486f854b9731/element HTTP/1.1
User-Agent: selenium/4.1.2 (java windows)
Content-Length: 139
Content-Type: application/json; charset=utf-8
host: localhost:63499
accept: */*

Response DefaultHttpResponse(decodeResult: success, version: HTTP/1.1)
HTTP/1.1 200 OK
Content-Type: application/json; charset=utf-8
cache-control: no-cache
content-length: 88

17:43:30.507 [AsyncHttpClient-1-5] DEBUG org.asynchttpclient.netty.channel.ChannelManager - Adding key: http://localhost:63499 for channel [id: 0x998ebb01, L:/127.0.0.1:57698 - R:localhost/127.0.0.1:63499]
17:43:30.508 [Forwarding clearElement on session b811fc7ba3c0cfedaeec486f854b9731 to remote] DEBUG org.asynchttpclient.netty.request.NettyRequestSender - Using pooled Channel '[id: 0x998ebb01, L:/127.0.0.1:57698 - R:localhost/127.0.0.1:63499]' for 'POST' to 'http://localhost:63499/session/b811fc7ba3c0cfedaeec486f854b9731/element/9feee8db-91ab-434f-a510-9221ca87a8f7/clear'
17:43:30.508 [Forwarding clearElement on session b811fc7ba3c0cfedaeec486f854b9731 to remote] DEBUG org.asynchttpclient.netty.request.NettyRequestSender - Using open Channel [id: 0x998ebb01, L:/127.0.0.1:57698 - R:localhost/127.0.0.1:63499] for POST '/session/b811fc7ba3c0cfedaeec486f854b9731/element/9feee8db-91ab-434f-a510-9221ca87a8f7/clear'
17:43:30.548 [AsyncHttpClient-1-5] DEBUG org.asynchttpclient.netty.handler.HttpHandler - 

Request DefaultHttpRequest(decodeResult: success, version: HTTP/1.1)
POST /session/b811fc7ba3c0cfedaeec486f854b9731/element/9feee8db-91ab-434f-a510-9221ca87a8f7/clear HTTP/1.1
User-Agent: selenium/4.1.2 (java windows)
Content-Length: 50
Content-Type: application/json; charset=utf-8
host: localhost:63499
accept: */*

Response DefaultHttpResponse(decodeResult: success, version: HTTP/1.1)
HTTP/1.1 200 OK
Content-Type: application/json; charset=utf-8
cache-control: no-cache
content-length: 14

17:43:30.548 [AsyncHttpClient-1-5] DEBUG org.asynchttpclient.netty.channel.ChannelManager - Adding key: http://localhost:63499 for channel [id: 0x998ebb01, L:/127.0.0.1:57698 - R:localhost/127.0.0.1:63499]
17:43:30.549 [Forwarding sendKeysToElement on session b811fc7ba3c0cfedaeec486f854b9731 to remote] DEBUG org.asynchttpclient.netty.request.NettyRequestSender - Using pooled Channel '[id: 0x998ebb01, L:/127.0.0.1:57698 - R:localhost/127.0.0.1:63499]' for 'POST' to 'http://localhost:63499/session/b811fc7ba3c0cfedaeec486f854b9731/element/9feee8db-91ab-434f-a510-9221ca87a8f7/value'
17:43:30.549 [Forwarding sendKeysToElement on session b811fc7ba3c0cfedaeec486f854b9731 to remote] DEBUG org.asynchttpclient.netty.request.NettyRequestSender - Using open Channel [id: 0x998ebb01, L:/127.0.0.1:57698 - R:localhost/127.0.0.1:63499] for POST '/session/b811fc7ba3c0cfedaeec486f854b9731/element/9feee8db-91ab-434f-a510-9221ca87a8f7/value'
17:43:30.718 [AsyncHttpClient-1-5] DEBUG org.asynchttpclient.netty.handler.HttpHandler - 

Request DefaultHttpRequest(decodeResult: success, version: HTTP/1.1)
POST /session/b811fc7ba3c0cfedaeec486f854b9731/element/9feee8db-91ab-434f-a510-9221ca87a8f7/value HTTP/1.1
User-Agent: selenium/4.1.2 (java windows)
Content-Length: 181
Content-Type: application/json; charset=utf-8
host: localhost:63499
accept: */*

Response DefaultHttpResponse(decodeResult: success, version: HTTP/1.1)
HTTP/1.1 200 OK
Content-Type: application/json; charset=utf-8
cache-control: no-cache
content-length: 14

17:43:30.718 [AsyncHttpClient-1-5] DEBUG org.asynchttpclient.netty.channel.ChannelManager - Adding key: http://localhost:63499 for channel [id: 0x998ebb01, L:/127.0.0.1:57698 - R:localhost/127.0.0.1:63499]
17:43:30.729 [Forwarding screenshot on session b811fc7ba3c0cfedaeec486f854b9731 to remote] DEBUG org.asynchttpclient.netty.request.NettyRequestSender - Using pooled Channel '[id: 0x998ebb01, L:/127.0.0.1:57698 - R:localhost/127.0.0.1:63499]' for 'GET' to 'http://localhost:63499/session/b811fc7ba3c0cfedaeec486f854b9731/screenshot'
17:43:30.729 [Forwarding screenshot on session b811fc7ba3c0cfedaeec486f854b9731 to remote] DEBUG org.asynchttpclient.netty.request.NettyRequestSender - Using open Channel [id: 0x998ebb01, L:/127.0.0.1:57698 - R:localhost/127.0.0.1:63499] for GET '/session/b811fc7ba3c0cfedaeec486f854b9731/screenshot'
17:43:30.880 [AsyncHttpClient-1-5] DEBUG org.asynchttpclient.netty.handler.HttpHandler - 

Request DefaultFullHttpRequest(decodeResult: success, version: HTTP/1.1, content: EmptyByteBufBE)
GET /session/b811fc7ba3c0cfedaeec486f854b9731/screenshot HTTP/1.1
User-Agent: selenium/4.1.2 (java windows)
Cache-Control: no-cache
Content-Type: application/json; charset=utf-8
host: localhost:63499
accept: */*

Response DefaultHttpResponse(decodeResult: success, version: HTTP/1.1)
HTTP/1.1 200 OK
Content-Type: application/json; charset=utf-8
cache-control: no-cache
content-length: 91432

17:43:30.880 [AsyncHttpClient-1-5] DEBUG org.asynchttpclient.netty.channel.ChannelManager - Adding key: http://localhost:63499 for channel [id: 0x998ebb01, L:/127.0.0.1:57698 - R:localhost/127.0.0.1:63499]
17:43:30.886 [main] DEBUG net.serenitybdd.core.photography.Darkroom - Send negative for processing for target\site\serenity\d5fdf354cd76e51153466d5a5beb130a758c1add36bdbeabd1a98a33899afd68.png
17:43:30.886 [main] DEBUG net.thucydides.core.steps.StepInterceptor - STEP DONE: inputDoctorPhoneNumber
17:43:30.886 [Darkroom Processing Line] DEBUG net.serenitybdd.core.photography.DarkroomProcessingLine - Processing screenshot image in /var/screenshots/screenshot-6256556913662206764
17:43:30.886 [Darkroom Processing Line] DEBUG net.serenitybdd.core.photography.DarkroomProcessingLine - Saving screenshot to target\site\serenity\d5fdf354cd76e51153466d5a5beb130a758c1add36bdbeabd1a98a33899afd68.png
17:43:30.894 [main] DEBUG net.thucydides.core.steps.StepInterceptor - STARTING STEP: DoctorSteps.iInputValidDataDoctorAndClickSubmit - clickSubmitButton
17:43:30.898 [Forwarding findElement on session b811fc7ba3c0cfedaeec486f854b9731 to remote] DEBUG org.asynchttpclient.netty.request.NettyRequestSender - Using pooled Channel '[id: 0x998ebb01, L:/127.0.0.1:57698 - R:localhost/127.0.0.1:63499]' for 'POST' to 'http://localhost:63499/session/b811fc7ba3c0cfedaeec486f854b9731/element'
17:43:30.898 [Forwarding findElement on session b811fc7ba3c0cfedaeec486f854b9731 to remote] DEBUG org.asynchttpclient.netty.request.NettyRequestSender - Using open Channel [id: 0x998ebb01, L:/127.0.0.1:57698 - R:localhost/127.0.0.1:63499] for POST '/session/b811fc7ba3c0cfedaeec486f854b9731/element'
17:43:30.913 [AsyncHttpClient-1-5] DEBUG org.asynchttpclient.netty.handler.HttpHandler - 

Request DefaultHttpRequest(decodeResult: success, version: HTTP/1.1)
POST /session/b811fc7ba3c0cfedaeec486f854b9731/element HTTP/1.1
User-Agent: selenium/4.1.2 (java windows)
Content-Length: 116
Content-Type: application/json; charset=utf-8
host: localhost:63499
accept: */*

Response DefaultHttpResponse(decodeResult: success, version: HTTP/1.1)
HTTP/1.1 200 OK
Content-Type: application/json; charset=utf-8
cache-control: no-cache
content-length: 88

17:43:30.913 [AsyncHttpClient-1-5] DEBUG org.asynchttpclient.netty.channel.ChannelManager - Adding key: http://localhost:63499 for channel [id: 0x998ebb01, L:/127.0.0.1:57698 - R:localhost/127.0.0.1:63499]
17:43:30.914 [Forwarding getElementTagName on session b811fc7ba3c0cfedaeec486f854b9731 to remote] DEBUG org.asynchttpclient.netty.request.NettyRequestSender - Using pooled Channel '[id: 0x998ebb01, L:/127.0.0.1:57698 - R:localhost/127.0.0.1:63499]' for 'GET' to 'http://localhost:63499/session/b811fc7ba3c0cfedaeec486f854b9731/element/dae6433a-92c9-4990-912b-bc25ef176335/name'
17:43:30.914 [Forwarding getElementTagName on session b811fc7ba3c0cfedaeec486f854b9731 to remote] DEBUG org.asynchttpclient.netty.request.NettyRequestSender - Using open Channel [id: 0x998ebb01, L:/127.0.0.1:57698 - R:localhost/127.0.0.1:63499] for GET '/session/b811fc7ba3c0cfedaeec486f854b9731/element/dae6433a-92c9-4990-912b-bc25ef176335/name'
17:43:30.920 [AsyncHttpClient-1-5] DEBUG org.asynchttpclient.netty.handler.HttpHandler - 

Request DefaultFullHttpRequest(decodeResult: success, version: HTTP/1.1, content: EmptyByteBufBE)
GET /session/b811fc7ba3c0cfedaeec486f854b9731/element/dae6433a-92c9-4990-912b-bc25ef176335/name HTTP/1.1
User-Agent: selenium/4.1.2 (java windows)
Cache-Control: no-cache
Content-Type: application/json; charset=utf-8
host: localhost:63499
accept: */*

Response DefaultHttpResponse(decodeResult: success, version: HTTP/1.1)
HTTP/1.1 200 OK
Content-Type: application/json; charset=utf-8
cache-control: no-cache
content-length: 18

17:43:30.920 [AsyncHttpClient-1-5] DEBUG org.asynchttpclient.netty.channel.ChannelManager - Adding key: http://localhost:63499 for channel [id: 0x998ebb01, L:/127.0.0.1:57698 - R:localhost/127.0.0.1:63499]
17:43:30.922 [Forwarding getElementTagName on session b811fc7ba3c0cfedaeec486f854b9731 to remote] DEBUG org.asynchttpclient.netty.request.NettyRequestSender - Using pooled Channel '[id: 0x998ebb01, L:/127.0.0.1:57698 - R:localhost/127.0.0.1:63499]' for 'GET' to 'http://localhost:63499/session/b811fc7ba3c0cfedaeec486f854b9731/element/dae6433a-92c9-4990-912b-bc25ef176335/name'
17:43:30.922 [Forwarding getElementTagName on session b811fc7ba3c0cfedaeec486f854b9731 to remote] DEBUG org.asynchttpclient.netty.request.NettyRequestSender - Using open Channel [id: 0x998ebb01, L:/127.0.0.1:57698 - R:localhost/127.0.0.1:63499] for GET '/session/b811fc7ba3c0cfedaeec486f854b9731/element/dae6433a-92c9-4990-912b-bc25ef176335/name'
17:43:30.925 [AsyncHttpClient-1-5] DEBUG org.asynchttpclient.netty.handler.HttpHandler - 

Request DefaultFullHttpRequest(decodeResult: success, version: HTTP/1.1, content: EmptyByteBufBE)
GET /session/b811fc7ba3c0cfedaeec486f854b9731/element/dae6433a-92c9-4990-912b-bc25ef176335/name HTTP/1.1
User-Agent: selenium/4.1.2 (java windows)
Cache-Control: no-cache
Content-Type: application/json; charset=utf-8
host: localhost:63499
accept: */*

Response DefaultHttpResponse(decodeResult: success, version: HTTP/1.1)
HTTP/1.1 200 OK
Content-Type: application/json; charset=utf-8
cache-control: no-cache
content-length: 18

17:43:30.925 [AsyncHttpClient-1-5] DEBUG org.asynchttpclient.netty.channel.ChannelManager - Adding key: http://localhost:63499 for channel [id: 0x998ebb01, L:/127.0.0.1:57698 - R:localhost/127.0.0.1:63499]
17:43:30.927 [Forwarding isElementEnabled on session b811fc7ba3c0cfedaeec486f854b9731 to remote] DEBUG org.asynchttpclient.netty.request.NettyRequestSender - Using pooled Channel '[id: 0x998ebb01, L:/127.0.0.1:57698 - R:localhost/127.0.0.1:63499]' for 'GET' to 'http://localhost:63499/session/b811fc7ba3c0cfedaeec486f854b9731/element/dae6433a-92c9-4990-912b-bc25ef176335/enabled'
17:43:30.927 [Forwarding isElementEnabled on session b811fc7ba3c0cfedaeec486f854b9731 to remote] DEBUG org.asynchttpclient.netty.request.NettyRequestSender - Using open Channel [id: 0x998ebb01, L:/127.0.0.1:57698 - R:localhost/127.0.0.1:63499] for GET '/session/b811fc7ba3c0cfedaeec486f854b9731/element/dae6433a-92c9-4990-912b-bc25ef176335/enabled'
17:43:30.938 [AsyncHttpClient-1-5] DEBUG org.asynchttpclient.netty.handler.HttpHandler - 

Request DefaultFullHttpRequest(decodeResult: success, version: HTTP/1.1, content: EmptyByteBufBE)
GET /session/b811fc7ba3c0cfedaeec486f854b9731/element/dae6433a-92c9-4990-912b-bc25ef176335/enabled HTTP/1.1
User-Agent: selenium/4.1.2 (java windows)
Cache-Control: no-cache
Content-Type: application/json; charset=utf-8
host: localhost:63499
accept: */*

Response DefaultHttpResponse(decodeResult: success, version: HTTP/1.1)
HTTP/1.1 200 OK
Content-Type: application/json; charset=utf-8
cache-control: no-cache
content-length: 14

17:43:30.938 [AsyncHttpClient-1-5] DEBUG org.asynchttpclient.netty.channel.ChannelManager - Adding key: http://localhost:63499 for channel [id: 0x998ebb01, L:/127.0.0.1:57698 - R:localhost/127.0.0.1:63499]
17:43:30.939 [Forwarding isElementEnabled on session b811fc7ba3c0cfedaeec486f854b9731 to remote] DEBUG org.asynchttpclient.netty.request.NettyRequestSender - Using pooled Channel '[id: 0x998ebb01, L:/127.0.0.1:57698 - R:localhost/127.0.0.1:63499]' for 'GET' to 'http://localhost:63499/session/b811fc7ba3c0cfedaeec486f854b9731/element/dae6433a-92c9-4990-912b-bc25ef176335/enabled'
17:43:30.939 [Forwarding isElementEnabled on session b811fc7ba3c0cfedaeec486f854b9731 to remote] DEBUG org.asynchttpclient.netty.request.NettyRequestSender - Using open Channel [id: 0x998ebb01, L:/127.0.0.1:57698 - R:localhost/127.0.0.1:63499] for GET '/session/b811fc7ba3c0cfedaeec486f854b9731/element/dae6433a-92c9-4990-912b-bc25ef176335/enabled'
17:43:30.945 [AsyncHttpClient-1-5] DEBUG org.asynchttpclient.netty.handler.HttpHandler - 

Request DefaultFullHttpRequest(decodeResult: success, version: HTTP/1.1, content: EmptyByteBufBE)
GET /session/b811fc7ba3c0cfedaeec486f854b9731/element/dae6433a-92c9-4990-912b-bc25ef176335/enabled HTTP/1.1
User-Agent: selenium/4.1.2 (java windows)
Cache-Control: no-cache
Content-Type: application/json; charset=utf-8
host: localhost:63499
accept: */*

Response DefaultHttpResponse(decodeResult: success, version: HTTP/1.1)
HTTP/1.1 200 OK
Content-Type: application/json; charset=utf-8
cache-control: no-cache
content-length: 14

17:43:30.945 [AsyncHttpClient-1-5] DEBUG org.asynchttpclient.netty.channel.ChannelManager - Adding key: http://localhost:63499 for channel [id: 0x998ebb01, L:/127.0.0.1:57698 - R:localhost/127.0.0.1:63499]
17:43:30.947 [Forwarding findElement on session b811fc7ba3c0cfedaeec486f854b9731 to remote] DEBUG org.asynchttpclient.netty.request.NettyRequestSender - Using pooled Channel '[id: 0x998ebb01, L:/127.0.0.1:57698 - R:localhost/127.0.0.1:63499]' for 'POST' to 'http://localhost:63499/session/b811fc7ba3c0cfedaeec486f854b9731/element'
17:43:30.947 [Forwarding findElement on session b811fc7ba3c0cfedaeec486f854b9731 to remote] DEBUG org.asynchttpclient.netty.request.NettyRequestSender - Using open Channel [id: 0x998ebb01, L:/127.0.0.1:57698 - R:localhost/127.0.0.1:63499] for POST '/session/b811fc7ba3c0cfedaeec486f854b9731/element'
17:43:30.954 [AsyncHttpClient-1-5] DEBUG org.asynchttpclient.netty.handler.HttpHandler - 

Request DefaultHttpRequest(decodeResult: success, version: HTTP/1.1)
POST /session/b811fc7ba3c0cfedaeec486f854b9731/element HTTP/1.1
User-Agent: selenium/4.1.2 (java windows)
Content-Length: 116
Content-Type: application/json; charset=utf-8
host: localhost:63499
accept: */*

Response DefaultHttpResponse(decodeResult: success, version: HTTP/1.1)
HTTP/1.1 200 OK
Content-Type: application/json; charset=utf-8
cache-control: no-cache
content-length: 88

17:43:30.955 [AsyncHttpClient-1-5] DEBUG org.asynchttpclient.netty.channel.ChannelManager - Adding key: http://localhost:63499 for channel [id: 0x998ebb01, L:/127.0.0.1:57698 - R:localhost/127.0.0.1:63499]
17:43:30.955 [Forwarding clickElement on session b811fc7ba3c0cfedaeec486f854b9731 to remote] DEBUG org.asynchttpclient.netty.request.NettyRequestSender - Using pooled Channel '[id: 0x998ebb01, L:/127.0.0.1:57698 - R:localhost/127.0.0.1:63499]' for 'POST' to 'http://localhost:63499/session/b811fc7ba3c0cfedaeec486f854b9731/element/dae6433a-92c9-4990-912b-bc25ef176335/click'
17:43:30.955 [Forwarding clickElement on session b811fc7ba3c0cfedaeec486f854b9731 to remote] DEBUG org.asynchttpclient.netty.request.NettyRequestSender - Using open Channel [id: 0x998ebb01, L:/127.0.0.1:57698 - R:localhost/127.0.0.1:63499] for POST '/session/b811fc7ba3c0cfedaeec486f854b9731/element/dae6433a-92c9-4990-912b-bc25ef176335/click'
17:43:31.036 [AsyncHttpClient-1-5] DEBUG org.asynchttpclient.netty.handler.HttpHandler - 

Request DefaultHttpRequest(decodeResult: success, version: HTTP/1.1)
POST /session/b811fc7ba3c0cfedaeec486f854b9731/element/dae6433a-92c9-4990-912b-bc25ef176335/click HTTP/1.1
User-Agent: selenium/4.1.2 (java windows)
Content-Length: 50
Content-Type: application/json; charset=utf-8
host: localhost:63499
accept: */*

Response DefaultHttpResponse(decodeResult: success, version: HTTP/1.1)
HTTP/1.1 200 OK
Content-Type: application/json; charset=utf-8
cache-control: no-cache
content-length: 14

17:43:31.036 [AsyncHttpClient-1-5] DEBUG org.asynchttpclient.netty.channel.ChannelManager - Adding key: http://localhost:63499 for channel [id: 0x998ebb01, L:/127.0.0.1:57698 - R:localhost/127.0.0.1:63499]
17:43:31.043 [Forwarding screenshot on session b811fc7ba3c0cfedaeec486f854b9731 to remote] DEBUG org.asynchttpclient.netty.request.NettyRequestSender - Using pooled Channel '[id: 0x998ebb01, L:/127.0.0.1:57698 - R:localhost/127.0.0.1:63499]' for 'GET' to 'http://localhost:63499/session/b811fc7ba3c0cfedaeec486f854b9731/screenshot'
17:43:31.043 [Forwarding screenshot on session b811fc7ba3c0cfedaeec486f854b9731 to remote] DEBUG org.asynchttpclient.netty.request.NettyRequestSender - Using open Channel [id: 0x998ebb01, L:/127.0.0.1:57698 - R:localhost/127.0.0.1:63499] for GET '/session/b811fc7ba3c0cfedaeec486f854b9731/screenshot'
17:43:31.176 [AsyncHttpClient-1-5] DEBUG org.asynchttpclient.netty.handler.HttpHandler - 

Request DefaultFullHttpRequest(decodeResult: success, version: HTTP/1.1, content: EmptyByteBufBE)
GET /session/b811fc7ba3c0cfedaeec486f854b9731/screenshot HTTP/1.1
User-Agent: selenium/4.1.2 (java windows)
Cache-Control: no-cache
Content-Type: application/json; charset=utf-8
host: localhost:63499
accept: */*

Response DefaultHttpResponse(decodeResult: success, version: HTTP/1.1)
HTTP/1.1 200 OK
Content-Type: application/json; charset=utf-8
cache-control: no-cache
content-length: 91316

17:43:31.177 [AsyncHttpClient-1-5] DEBUG org.asynchttpclient.netty.channel.ChannelManager - Adding key: http://localhost:63499 for channel [id: 0x998ebb01, L:/127.0.0.1:57698 - R:localhost/127.0.0.1:63499]
17:43:31.182 [main] DEBUG net.serenitybdd.core.photography.Darkroom - Send negative for processing for target\site\serenity\aafc99e1c413fe7d257ec5f93bb7daac4d842f6c69cf0a2718b3bc08279a6237.png
17:43:31.182 [main] DEBUG net.thucydides.core.steps.StepInterceptor - STEP DONE: clickSubmitButton
  &amp#27;[32mAnd &amp#27;[0m&amp#27;[32mI input valid data doctor and click submit&amp#27;[0m &amp#27;[90m# starter.stepdefinitions.DoctorSteps.iInputValidDataDoctorAndClickSubmit()&amp#27;[0m
17:43:31.182 [Darkroom Processing Line] DEBUG net.serenitybdd.core.photography.DarkroomProcessingLine - Processing screenshot image in /var/screenshots/screenshot-14967900980304730665
17:43:31.182 [Darkroom Processing Line] DEBUG net.serenitybdd.core.photography.DarkroomProcessingLine - Saving screenshot to target\site\serenity\aafc99e1c413fe7d257ec5f93bb7daac4d842f6c69cf0a2718b3bc08279a6237.png
17:43:31.200 [main] DEBUG net.thucydides.core.steps.StepInterceptor - STARTING STEP: DoctorSteps.iGetNewDoctorHasBeenAddedResult - newDoctorAdded
17:43:31.202 [Forwarding findElement on session b811fc7ba3c0cfedaeec486f854b9731 to remote] DEBUG org.asynchttpclient.netty.request.NettyRequestSender - Using pooled Channel '[id: 0x998ebb01, L:/127.0.0.1:57698 - R:localhost/127.0.0.1:63499]' for 'POST' to 'http://localhost:63499/session/b811fc7ba3c0cfedaeec486f854b9731/element'
17:43:31.202 [Forwarding findElement on session b811fc7ba3c0cfedaeec486f854b9731 to remote] DEBUG org.asynchttpclient.netty.request.NettyRequestSender - Using open Channel [id: 0x998ebb01, L:/127.0.0.1:57698 - R:localhost/127.0.0.1:63499] for POST '/session/b811fc7ba3c0cfedaeec486f854b9731/element'
17:43:31.388 [AsyncHttpClient-1-5] DEBUG org.asynchttpclient.netty.handler.HttpHandler - 

Request DefaultHttpRequest(decodeResult: success, version: HTTP/1.1)
POST /session/b811fc7ba3c0cfedaeec486f854b9731/element HTTP/1.1
User-Agent: selenium/4.1.2 (java windows)
Content-Length: 74
Content-Type: application/json; charset=utf-8
host: localhost:63499
accept: */*

Response DefaultHttpResponse(decodeResult: success, version: HTTP/1.1)
HTTP/1.1 200 OK
Content-Type: application/json; charset=utf-8
cache-control: no-cache
content-length: 88

17:43:31.388 [AsyncHttpClient-1-5] DEBUG org.asynchttpclient.netty.channel.ChannelManager - Adding key: http://localhost:63499 for channel [id: 0x998ebb01, L:/127.0.0.1:57698 - R:localhost/127.0.0.1:63499]
17:43:31.393 [Forwarding isElementDisplayed on session b811fc7ba3c0cfedaeec486f854b9731 to remote] DEBUG org.asynchttpclient.netty.request.NettyRequestSender - Using pooled Channel '[id: 0x998ebb01, L:/127.0.0.1:57698 - R:localhost/127.0.0.1:63499]' for 'POST' to 'http://localhost:63499/session/b811fc7ba3c0cfedaeec486f854b9731/execute/sync'
17:43:31.393 [Forwarding isElementDisplayed on session b811fc7ba3c0cfedaeec486f854b9731 to remote] DEBUG org.asynchttpclient.netty.request.NettyRequestSender - Using open Channel [id: 0x998ebb01, L:/127.0.0.1:57698 - R:localhost/127.0.0.1:63499] for POST '/session/b811fc7ba3c0cfedaeec486f854b9731/execute/sync'
17:43:31.405 [AsyncHttpClient-1-1] DEBUG org.asynchttpclient.netty.channel.DefaultChannelPool - Entry count for : http://localhost:57700 : 1
17:43:31.420 [AsyncHttpClient-1-5] DEBUG org.asynchttpclient.netty.handler.HttpHandler - 

Request DefaultHttpRequest(decodeResult: success, version: HTTP/1.1)
POST /session/b811fc7ba3c0cfedaeec486f854b9731/execute/sync HTTP/1.1
User-Agent: selenium/4.1.2 (java windows)
Content-Length: 48780
Content-Type: application/json; charset=utf-8
host: localhost:63499
accept: */*

Response DefaultHttpResponse(decodeResult: success, version: HTTP/1.1)
HTTP/1.1 200 OK
Content-Type: application/json; charset=utf-8
cache-control: no-cache
content-length: 14

17:43:31.420 [AsyncHttpClient-1-5] DEBUG org.asynchttpclient.netty.channel.ChannelManager - Adding key: http://localhost:63499 for channel [id: 0x998ebb01, L:/127.0.0.1:57698 - R:localhost/127.0.0.1:63499]
17:43:31.425 [Forwarding screenshot on session b811fc7ba3c0cfedaeec486f854b9731 to remote] DEBUG org.asynchttpclient.netty.request.NettyRequestSender - Using pooled Channel '[id: 0x998ebb01, L:/127.0.0.1:57698 - R:localhost/127.0.0.1:63499]' for 'GET' to 'http://localhost:63499/session/b811fc7ba3c0cfedaeec486f854b9731/screenshot'
17:43:31.425 [Forwarding screenshot on session b811fc7ba3c0cfedaeec486f854b9731 to remote] DEBUG org.asynchttpclient.netty.request.NettyRequestSender - Using open Channel [id: 0x998ebb01, L:/127.0.0.1:57698 - R:localhost/127.0.0.1:63499] for GET '/session/b811fc7ba3c0cfedaeec486f854b9731/screenshot'
17:43:31.608 [AsyncHttpClient-1-5] DEBUG org.asynchttpclient.netty.handler.HttpHandler - 

Request DefaultFullHttpRequest(decodeResult: success, version: HTTP/1.1, content: EmptyByteBufBE)
GET /session/b811fc7ba3c0cfedaeec486f854b9731/screenshot HTTP/1.1
User-Agent: selenium/4.1.2 (java windows)
Cache-Control: no-cache
Content-Type: application/json; charset=utf-8
host: localhost:63499
accept: */*

Response DefaultHttpResponse(decodeResult: success, version: HTTP/1.1)
HTTP/1.1 200 OK
Content-Type: application/json; charset=utf-8
cache-control: no-cache
content-length: 111100

17:43:31.609 [AsyncHttpClient-1-5] DEBUG org.asynchttpclient.netty.channel.ChannelManager - Adding key: http://localhost:63499 for channel [id: 0x998ebb01, L:/127.0.0.1:57698 - R:localhost/127.0.0.1:63499]
17:43:31.619 [main] DEBUG net.serenitybdd.core.photography.Darkroom - Send negative for processing for target\site\serenity\938e70ab934e89ccc2c490f17f793bf1d440ef2048d9fa378cd57ef370ed12e0.png
17:43:31.619 [main] DEBUG net.thucydides.core.steps.StepInterceptor - STEP DONE: newDoctorAdded
  &amp#27;[32mThen &amp#27;[0m&amp#27;[32mI get New Doctor has been added result&amp#27;[0m    &amp#27;[90m# starter.stepdefinitions.DoctorSteps.iGetNewDoctorHasBeenAddedResult()&amp#27;[0m
17:43:31.619 [Darkroom Processing Line] DEBUG net.serenitybdd.core.photography.DarkroomProcessingLine - Processing screenshot image in /var/screenshots/screenshot-15219337265495664600
17:43:31.619 [Darkroom Processing Line] DEBUG net.serenitybdd.core.photography.DarkroomProcessingLine - Saving screenshot to target\site\serenity\938e70ab934e89ccc2c490f17f793bf1d440ef2048d9fa378cd57ef370ed12e0.png
17:43:31.629 [main] INFO  - 
  _____   ___   ___   _____     ___     _     ___   ___   ___   ___  
 |_   _| | __| / __| |_   _|   | _ \   /_\   / __| / __| | __| |   \ 
   | |   | _|  \__ \   | |     |  _/  / _ \  \__ \ \__ \ | _|  | |) |
   |_|   |___| |___/   |_|     |_|   /_/ \_\ |___/ |___/ |___| |___/ 

Create New Doctor Scenario
----------------------------------------------------------------------
17:43:31.631 [AsyncHttpClient-1-7] DEBUG org.asynchttpclient.netty.handler.WebSocketHandler - Channel Closed: [id: 0x05cd9570, L:/127.0.0.1:57706 ! R:localhost/127.0.0.1:57700] with attribute NettyResponseFuture{currentRetry=5,
	isDone=1,
	isCancelled=0,
	asyncHandler=org.asynchttpclient.ws.WebSocketUpgradeHandler@5ce981ac,
	nettyRequest=org.asynchttpclient.netty.request.NettyRequest@2b1779b8,
	future=java.util.concurrent.CompletableFuture@6ff9592e[Completed normally],
	uri=ws://localhost:57700/devtools/browser/48554ec0-11fa-42b7-b05e-ba8e02cb29c9,
	keepAlive=true,
	redirectCount=0,
	timeoutsHolder=null,
	inAuth=0,
	touch=1655549002200}
17:43:31.632 [AsyncHttpClient-1-7] DEBUG org.asynchttpclient.netty.channel.ChannelManager - Closing Channel [id: 0x05cd9570, L:/127.0.0.1:57706 ! R:localhost/127.0.0.1:57700] 
17:43:31.634 [Driver Command Executor] DEBUG org.asynchttpclient.netty.request.NettyRequestSender - Using pooled Channel '[id: 0x998ebb01, L:/127.0.0.1:57698 - R:localhost/127.0.0.1:63499]' for 'DELETE' to 'http://localhost:63499/session/b811fc7ba3c0cfedaeec486f854b9731'
17:43:31.634 [Driver Command Executor] DEBUG org.asynchttpclient.netty.request.NettyRequestSender - Using open Channel [id: 0x998ebb01, L:/127.0.0.1:57698 - R:localhost/127.0.0.1:63499] for DELETE '/session/b811fc7ba3c0cfedaeec486f854b9731'
17:43:31.700 [AsyncHttpClient-1-6] DEBUG org.asynchttpclient.netty.handler.HttpHandler - Unexpected I/O exception on channel [id: 0xafb9c9fe, L:/127.0.0.1:57705 - R:localhost/127.0.0.1:57700]
java.net.SocketException: Connection reset
	at java.base/sun.nio.ch.SocketChannelImpl.throwConnectionReset(SocketChannelImpl.java:367)
	at java.base/sun.nio.ch.SocketChannelImpl.read(SocketChannelImpl.java:398)
	at io.netty.buffer.PooledByteBuf.setBytes(PooledByteBuf.java:258)
	at io.netty.buffer.AbstractByteBuf.writeBytes(AbstractByteBuf.java:1132)
	at io.netty.channel.socket.nio.NioSocketChannel.doReadBytes(NioSocketChannel.java:350)
	at io.netty.channel.nio.AbstractNioByteChannel$NioByteUnsafe.read(AbstractNioByteChannel.java:151)
	at io.netty.channel.nio.NioEventLoop.processSelectedKey(NioEventLoop.java:722)
	at io.netty.channel.nio.NioEventLoop.processSelectedKeysOptimized(NioEventLoop.java:658)
	at io.netty.channel.nio.NioEventLoop.processSelectedKeys(NioEventLoop.java:584)
	at io.netty.channel.nio.NioEventLoop.run(NioEventLoop.java:496)
	at io.netty.util.concurrent.SingleThreadEventExecutor$4.run(SingleThreadEventExecutor.java:986)
	at io.netty.util.internal.ThreadExecutorMap$2.run(ThreadExecutorMap.java:74)
	at io.netty.util.concurrent.FastThreadLocalRunnable.run(FastThreadLocalRunnable.java:30)
	at java.base/java.lang.Thread.run(Thread.java:832)
17:43:31.701 [AsyncHttpClient-1-6] DEBUG org.asynchttpclient.netty.channel.ChannelManager - Closing Channel [id: 0xafb9c9fe, L:/127.0.0.1:57705 - R:localhost/127.0.0.1:57700] 
17:43:31.708 [AsyncHttpClient-1-6] DEBUG org.asynchttpclient.netty.handler.HttpHandler - Channel Closed: [id: 0xafb9c9fe, L:/127.0.0.1:57705 ! R:localhost/127.0.0.1:57700] with attribute DISCARD
17:43:31.737 [AsyncHttpClient-1-5] DEBUG org.asynchttpclient.netty.handler.HttpHandler - 

Request DefaultFullHttpRequest(decodeResult: success, version: HTTP/1.1, content: EmptyByteBufBE)
DELETE /session/b811fc7ba3c0cfedaeec486f854b9731 HTTP/1.1
User-Agent: selenium/4.1.2 (java windows)
Content-Type: application/json; charset=utf-8
host: localhost:63499
accept: */*

Response DefaultHttpResponse(decodeResult: success, version: HTTP/1.1)
HTTP/1.1 200 OK
Content-Type: application/json; charset=utf-8
cache-control: no-cache
content-length: 14

17:43:31.737 [AsyncHttpClient-1-5] DEBUG org.asynchttpclient.netty.channel.ChannelManager - Adding key: http://localhost:63499 for channel [id: 0x998ebb01, L:/127.0.0.1:57698 - R:localhost/127.0.0.1:63499]
17:43:31.977 [AsyncHttpClient-1-5] DEBUG org.asynchttpclient.netty.handler.HttpHandler - Channel Closed: [id: 0x998ebb01, L:/127.0.0.1:57698 ! R:localhost/127.0.0.1:63499] with attribute DISCARD
]]></system-out>
    <system-err><![CDATA[Starting ChromeDriver 102.0.5005.61 (0e59bcc00cc4985ce39ad31c150065f159d95ad3-refs/branch-heads/5005@{#819}) on port 63499
Only local connections are allowed.
Please see https://chromedriver.chromium.org/security-considerations for suggestions on keeping ChromeDriver safe.
ChromeDriver was started successfully.
Jun 18, 2022 5:43:22 PM org.openqa.selenium.remote.ProtocolHandshake createSession
INFO: Detected dialect: W3C
Jun 18, 2022 5:43:22 PM org.openqa.selenium.devtools.CdpVersionFinder findNearestMatch
WARNING: Unable to find an exact match for CDP version 102, so returning the closest version found: a no-op implementation
Jun 18, 2022 5:43:22 PM org.openqa.selenium.devtools.CdpVersionFinder findNearestMatch
INFO: Unable to find CDP implementation matching 102.
Jun 18, 2022 5:43:22 PM org.openqa.selenium.chromium.ChromiumDriver lambda$new$3
WARNING: Unable to find version of CDP to use for . You may need to include a dependency on a specific version of the CDP using something similar to `org.seleniumhq.selenium:selenium-devtools-v86:4.1.2` where the version ("v86") matches the version of the chromium-based browser you're using and the version number of the artifact is the same as Selenium's.
]]></system-err>
  </testcase>
  <testcase name="Cancel Create New Doctor Scenario" classname="Doctor" time="9.099">
    <system-out><![CDATA[17:43:32.507 [AsyncHttpClient-1-1] DEBUG org.asynchttpclient.netty.channel.DefaultChannelPool - Entry count for : http://localhost:63499 : 1
17:43:32.507 [AsyncHttpClient-1-1] DEBUG org.asynchttpclient.netty.channel.DefaultChannelPool - Entry count for : http://localhost:57700 : 1
17:43:32.507 [AsyncHttpClient-1-1] DEBUG org.asynchttpclient.netty.channel.DefaultChannelPool - Adding Candidate expired Channel [id: 0x998ebb01, L:/127.0.0.1:57698 ! R:localhost/127.0.0.1:63499] isIdleTimeoutExpired=false isRemotelyClosed=true isTtlExpired=false
17:43:32.507 [AsyncHttpClient-1-1] DEBUG org.asynchttpclient.netty.channel.DefaultChannelPool - Closing Idle Channel [id: 0x998ebb01, L:/127.0.0.1:57698 ! R:localhost/127.0.0.1:63499]
17:43:32.508 [AsyncHttpClient-1-1] DEBUG org.asynchttpclient.netty.channel.DefaultChannelPool - Adding Candidate expired Channel [id: 0xafb9c9fe, L:/127.0.0.1:57705 ! R:localhost/127.0.0.1:57700] isIdleTimeoutExpired=false isRemotelyClosed=true isTtlExpired=false

17:43:32.508 [AsyncHttpClient-1-1] DEBUG org.asynchttpclient.netty.channel.DefaultChannelPool - Closing Idle Channel [id: 0xafb9c9fe, L:/127.0.0.1:57705 ! R:localhost/127.0.0.1:57700]
17:43:32.508 [AsyncHttpClient-1-1] DEBUG org.asynchttpclient.netty.channel.DefaultChannelPool - Closed 2 connections out of 2 in 1 ms
@Doctor @CancelCreateDoctor
Scenario: Cancel Create New Doctor Scenario &amp#27;[90m# src/test/resources/features/3.Doctor.feature:16&amp#27;[0m
17:43:32.510 [main] INFO io.cucumber.core.plugin.SerenityReporter - Running feature from file:///E:/My%20Documents/File%20Difa/TI%20Semester%206%20Kampus%20Merdeka%20Alterra/Tugas/CAPSTONE%20Project/Capstone-Project-Website/src/test/resources/features/3.Doctor.feature
17:43:32.512 [main] INFO  - 
  _____   ___   ___   _____     ___   _____     _     ___   _____   ___   ___  
 |_   _| | __| / __| |_   _|   / __| |_   _|   /_\   | _ \ |_   _| | __| |   \ 
   | |   | _|  \__ \   | |     \__ \   | |    / _ \  |   /   | |   | _|  | |) |
   |_|   |___| |___/   |_|     |___/   |_|   /_/ \_\ |_|_\   |_|   |___| |___/ 

Cancel Create New Doctor Scenario(doctor;cancel-create-new-doctor-scenario)
--------------------------------------------------------------------------------
17:43:32.543 [main] DEBUG net.thucydides.core.steps.StepInterceptor - STARTING STEP: DoctorSteps.iAmAtTheDashboardPage - openUrl
17:43:32.545 [main] INFO net.serenitybdd.core.webdriver.driverproviders.ChromeDriverProvider - Using automatically driver download
17:43:32.808 [main] DEBUG io.github.bonigarcia.wdm.cache.ResolutionCache - Resolution chrome=102 in cache (valid until 18:14:23 18/06/2022 ICT)
17:43:32.815 [main] DEBUG io.github.bonigarcia.wdm.cache.ResolutionCache - Resolution chrome102=102.0.5005.61 in cache (valid until 17:29:52 19/06/2022 ICT)
17:43:32.817 [main] INFO io.github.bonigarcia.wdm.WebDriverManager - Using chromedriver 102.0.5005.61 (resolved driver for Chrome 102)
17:43:32.832 [main] DEBUG io.github.bonigarcia.wdm.WebDriverManager - Driver chromedriver 102.0.5005.61 found in cache
17:43:32.832 [main] INFO io.github.bonigarcia.wdm.WebDriverManager - Exporting webdriver.chrome.driver as C:\Users\USER\.cache\selenium\chromedriver\win32\102.0.5005.61\chromedriver.exe
17:43:33.096 [main] DEBUG net.serenitybdd.core.webdriver.driverproviders.ProvideNewDriver - Instantiating driver
17:43:33.096 [main] DEBUG net.serenitybdd.core.webdriver.driverproviders.ProvideNewDriver - Driver capabilities: Capabilities {acceptInsecureCerts: false, base.url: https://hospital-management..., browserName: chrome, chrome.driver: src/test/resources/webdrive..., driver: chrome, goog:chromeOptions: {args: [], extensions: []}}
17:43:33.646 [AsyncHttpClient-1-8] DEBUG org.asynchttpclient.netty.channel.NettyConnectListener - Using new Channel '[id: 0x21a75c38, L:/127.0.0.1:57734 - R:localhost/127.0.0.1:60878]' for 'POST' to '/session'
17:43:35.316 [AsyncHttpClient-1-8] DEBUG org.asynchttpclient.netty.handler.HttpHandler - 

Request DefaultHttpRequest(decodeResult: success, version: HTTP/1.1)
POST /session HTTP/1.1
User-Agent: selenium/4.1.2 (java windows)
Content-Length: 621
Content-Type: application/json; charset=utf-8
host: localhost:60878
accept: */*

Response DefaultHttpResponse(decodeResult: success, version: HTTP/1.1)
HTTP/1.1 200 OK
Content-Type: application/json; charset=utf-8
cache-control: no-cache
content-length: 789

17:43:35.322 [AsyncHttpClient-1-8] DEBUG org.asynchttpclient.netty.channel.ChannelManager - Adding key: http://localhost:60878 for channel [id: 0x21a75c38, L:/127.0.0.1:57734 - R:localhost/127.0.0.1:60878]
17:43:35.329 [AsyncHttpClient-1-9] DEBUG org.asynchttpclient.netty.channel.NettyConnectListener - Using new Channel '[id: 0x2a5a5689, L:/127.0.0.1:57742 - R:localhost/127.0.0.1:57735]' for 'GET' to '/json/version'
17:43:35.331 [AsyncHttpClient-1-9] DEBUG org.asynchttpclient.netty.handler.HttpHandler - 

Request DefaultFullHttpRequest(decodeResult: success, version: HTTP/1.1, content: EmptyByteBufBE)
GET /json/version HTTP/1.1
User-Agent: selenium/4.1.2 (java windows)
host: localhost:57735
accept: */*

Response DefaultHttpResponse(decodeResult: success, version: HTTP/1.1)
HTTP/1.1 200 OK
Content-Type: application/json; charset=UTF-8
content-length: 427

17:43:35.331 [AsyncHttpClient-1-9] DEBUG org.asynchttpclient.netty.channel.ChannelManager - Adding key: http://localhost:57735 for channel [id: 0x2a5a5689, L:/127.0.0.1:57742 - R:localhost/127.0.0.1:57735]
17:43:35.339 [AsyncHttpClient-1-2] DEBUG org.asynchttpclient.netty.channel.NettyConnectListener - Using new Channel '[id: 0x6eb5fa31, L:/127.0.0.1:57743 - R:localhost/127.0.0.1:57735]' for 'GET' to '/devtools/browser/8e5e7aae-4929-4da6-b210-5e268c1e7a7e'
17:43:35.340 [AsyncHttpClient-1-2] DEBUG org.asynchttpclient.netty.handler.WebSocketHandler - 

Request DefaultFullHttpRequest(decodeResult: success, version: HTTP/1.1, content: EmptyByteBufBE)
GET /devtools/browser/8e5e7aae-4929-4da6-b210-5e268c1e7a7e HTTP/1.1
upgrade: websocket
connection: upgrade
sec-websocket-key: 14DjxHLaa50je9F05AH79A==
sec-websocket-version: 13
origin: http://localhost:57735
host: localhost:57735
accept: */*
user-agent: AHC/2.1

Response DefaultHttpResponse(decodeResult: success, version: HTTP/1.1)
HTTP/1.1 101 WebSocket Protocol Handshake
Upgrade: WebSocket
Connection: Upgrade
Sec-WebSocket-Accept: GIs0U2EnvRp/aowMkviPVUlKWz8=

17:43:35.351 [Forwarding maximizeCurrentWindow on session 338fd2d2d6803e17e6dcf873948075e1 to remote] DEBUG org.asynchttpclient.netty.request.NettyRequestSender - Using pooled Channel '[id: 0x21a75c38, L:/127.0.0.1:57734 - R:localhost/127.0.0.1:60878]' for 'POST' to 'http://localhost:60878/session/338fd2d2d6803e17e6dcf873948075e1/window/maximize'
17:43:35.351 [Forwarding maximizeCurrentWindow on session 338fd2d2d6803e17e6dcf873948075e1 to remote] DEBUG org.asynchttpclient.netty.request.NettyRequestSender - Using open Channel [id: 0x21a75c38, L:/127.0.0.1:57734 - R:localhost/127.0.0.1:60878] for POST '/session/338fd2d2d6803e17e6dcf873948075e1/window/maximize'
17:43:35.577 [AsyncHttpClient-1-8] DEBUG org.asynchttpclient.netty.handler.HttpHandler - 

Request DefaultHttpRequest(decodeResult: success, version: HTTP/1.1)
POST /session/338fd2d2d6803e17e6dcf873948075e1/window/maximize HTTP/1.1
User-Agent: selenium/4.1.2 (java windows)
Content-Length: 3
Content-Type: application/json; charset=utf-8
host: localhost:60878
accept: */*

Response DefaultHttpResponse(decodeResult: success, version: HTTP/1.1)
HTTP/1.1 200 OK
Content-Type: application/json; charset=utf-8
cache-control: no-cache
content-length: 51

17:43:35.577 [AsyncHttpClient-1-8] DEBUG org.asynchttpclient.netty.channel.ChannelManager - Adding key: http://localhost:60878 for channel [id: 0x21a75c38, L:/127.0.0.1:57734 - R:localhost/127.0.0.1:60878]
17:43:35.580 [Forwarding get on session 338fd2d2d6803e17e6dcf873948075e1 to remote] DEBUG org.asynchttpclient.netty.request.NettyRequestSender - Using pooled Channel '[id: 0x21a75c38, L:/127.0.0.1:57734 - R:localhost/127.0.0.1:60878]' for 'POST' to 'http://localhost:60878/session/338fd2d2d6803e17e6dcf873948075e1/url'
17:43:35.580 [Forwarding get on session 338fd2d2d6803e17e6dcf873948075e1 to remote] DEBUG org.asynchttpclient.netty.request.NettyRequestSender - Using open Channel [id: 0x21a75c38, L:/127.0.0.1:57734 - R:localhost/127.0.0.1:60878] for POST '/session/338fd2d2d6803e17e6dcf873948075e1/url'
17:43:35.802 [AsyncHttpClient-1-1] DEBUG org.asynchttpclient.netty.channel.DefaultChannelPool - Entry count for : http://localhost:57735 : 1
17:43:36.901 [AsyncHttpClient-1-1] DEBUG org.asynchttpclient.netty.channel.DefaultChannelPool - Entry count for : http://localhost:57735 : 1
17:43:38.002 [AsyncHttpClient-1-1] DEBUG org.asynchttpclient.netty.channel.DefaultChannelPool - Entry count for : http://localhost:57735 : 1
17:43:38.023 [AsyncHttpClient-1-8] DEBUG org.asynchttpclient.netty.handler.HttpHandler - 

Request DefaultHttpRequest(decodeResult: success, version: HTTP/1.1)
POST /session/338fd2d2d6803e17e6dcf873948075e1/url HTTP/1.1
User-Agent: selenium/4.1.2 (java windows)
Content-Length: 65
Content-Type: application/json; charset=utf-8
host: localhost:60878
accept: */*

Response DefaultHttpResponse(decodeResult: success, version: HTTP/1.1)
HTTP/1.1 200 OK
Content-Type: application/json; charset=utf-8
cache-control: no-cache
content-length: 14

17:43:38.023 [AsyncHttpClient-1-8] DEBUG org.asynchttpclient.netty.channel.ChannelManager - Adding key: http://localhost:60878 for channel [id: 0x21a75c38, L:/127.0.0.1:57734 - R:localhost/127.0.0.1:60878]
17:43:38.025 [Forwarding setTimeout on session 338fd2d2d6803e17e6dcf873948075e1 to remote] DEBUG org.asynchttpclient.netty.request.NettyRequestSender - Using pooled Channel '[id: 0x21a75c38, L:/127.0.0.1:57734 - R:localhost/127.0.0.1:60878]' for 'POST' to 'http://localhost:60878/session/338fd2d2d6803e17e6dcf873948075e1/timeouts'
17:43:38.025 [Forwarding setTimeout on session 338fd2d2d6803e17e6dcf873948075e1 to remote] DEBUG org.asynchttpclient.netty.request.NettyRequestSender - Using open Channel [id: 0x21a75c38, L:/127.0.0.1:57734 - R:localhost/127.0.0.1:60878] for POST '/session/338fd2d2d6803e17e6dcf873948075e1/timeouts'
17:43:38.029 [AsyncHttpClient-1-8] DEBUG org.asynchttpclient.netty.handler.HttpHandler - 

Request DefaultHttpRequest(decodeResult: success, version: HTTP/1.1)
POST /session/338fd2d2d6803e17e6dcf873948075e1/timeouts HTTP/1.1
User-Agent: selenium/4.1.2 (java windows)
Content-Length: 22
Content-Type: application/json; charset=utf-8
host: localhost:60878
accept: */*

Response DefaultHttpResponse(decodeResult: success, version: HTTP/1.1)
HTTP/1.1 200 OK
Content-Type: application/json; charset=utf-8
cache-control: no-cache
content-length: 14

17:43:38.030 [AsyncHttpClient-1-8] DEBUG org.asynchttpclient.netty.channel.ChannelManager - Adding key: http://localhost:60878 for channel [id: 0x21a75c38, L:/127.0.0.1:57734 - R:localhost/127.0.0.1:60878]
17:43:38.035 [Forwarding getCurrentUrl on session 338fd2d2d6803e17e6dcf873948075e1 to remote] DEBUG org.asynchttpclient.netty.request.NettyRequestSender - Using pooled Channel '[id: 0x21a75c38, L:/127.0.0.1:57734 - R:localhost/127.0.0.1:60878]' for 'GET' to 'http://localhost:60878/session/338fd2d2d6803e17e6dcf873948075e1/url'
17:43:38.035 [Forwarding getCurrentUrl on session 338fd2d2d6803e17e6dcf873948075e1 to remote] DEBUG org.asynchttpclient.netty.request.NettyRequestSender - Using open Channel [id: 0x21a75c38, L:/127.0.0.1:57734 - R:localhost/127.0.0.1:60878] for GET '/session/338fd2d2d6803e17e6dcf873948075e1/url'
17:43:38.138 [AsyncHttpClient-1-8] DEBUG org.asynchttpclient.netty.handler.HttpHandler - 

Request DefaultFullHttpRequest(decodeResult: success, version: HTTP/1.1, content: EmptyByteBufBE)
GET /session/338fd2d2d6803e17e6dcf873948075e1/url HTTP/1.1
User-Agent: selenium/4.1.2 (java windows)
Cache-Control: no-cache
Content-Type: application/json; charset=utf-8
host: localhost:60878
accept: */*

Response DefaultHttpResponse(decodeResult: success, version: HTTP/1.1)
HTTP/1.1 200 OK
Content-Type: application/json; charset=utf-8
cache-control: no-cache
content-length: 53

17:43:38.138 [AsyncHttpClient-1-8] DEBUG org.asynchttpclient.netty.channel.ChannelManager - Adding key: http://localhost:60878 for channel [id: 0x21a75c38, L:/127.0.0.1:57734 - R:localhost/127.0.0.1:60878]
17:43:38.143 [Forwarding getCurrentUrl on session 338fd2d2d6803e17e6dcf873948075e1 to remote] DEBUG org.asynchttpclient.netty.request.NettyRequestSender - Using pooled Channel '[id: 0x21a75c38, L:/127.0.0.1:57734 - R:localhost/127.0.0.1:60878]' for 'GET' to 'http://localhost:60878/session/338fd2d2d6803e17e6dcf873948075e1/url'
17:43:38.143 [Forwarding getCurrentUrl on session 338fd2d2d6803e17e6dcf873948075e1 to remote] DEBUG org.asynchttpclient.netty.request.NettyRequestSender - Using open Channel [id: 0x21a75c38, L:/127.0.0.1:57734 - R:localhost/127.0.0.1:60878] for GET '/session/338fd2d2d6803e17e6dcf873948075e1/url'
17:43:38.147 [AsyncHttpClient-1-8] DEBUG org.asynchttpclient.netty.handler.HttpHandler - 

Request DefaultFullHttpRequest(decodeResult: success, version: HTTP/1.1, content: EmptyByteBufBE)
GET /session/338fd2d2d6803e17e6dcf873948075e1/url HTTP/1.1
User-Agent: selenium/4.1.2 (java windows)
Cache-Control: no-cache
Content-Type: application/json; charset=utf-8
host: localhost:60878
accept: */*

Response DefaultHttpResponse(decodeResult: success, version: HTTP/1.1)
HTTP/1.1 200 OK
Content-Type: application/json; charset=utf-8
cache-control: no-cache
content-length: 53

17:43:38.148 [AsyncHttpClient-1-8] DEBUG org.asynchttpclient.netty.channel.ChannelManager - Adding key: http://localhost:60878 for channel [id: 0x21a75c38, L:/127.0.0.1:57734 - R:localhost/127.0.0.1:60878]
17:43:38.157 [Forwarding screenshot on session 338fd2d2d6803e17e6dcf873948075e1 to remote] DEBUG org.asynchttpclient.netty.request.NettyRequestSender - Using pooled Channel '[id: 0x21a75c38, L:/127.0.0.1:57734 - R:localhost/127.0.0.1:60878]' for 'GET' to 'http://localhost:60878/session/338fd2d2d6803e17e6dcf873948075e1/screenshot'
17:43:38.157 [Forwarding screenshot on session 338fd2d2d6803e17e6dcf873948075e1 to remote] DEBUG org.asynchttpclient.netty.request.NettyRequestSender - Using open Channel [id: 0x21a75c38, L:/127.0.0.1:57734 - R:localhost/127.0.0.1:60878] for GET '/session/338fd2d2d6803e17e6dcf873948075e1/screenshot'
17:43:38.509 [AsyncHttpClient-1-8] DEBUG org.asynchttpclient.netty.handler.HttpHandler - 

Request DefaultFullHttpRequest(decodeResult: success, version: HTTP/1.1, content: EmptyByteBufBE)
GET /session/338fd2d2d6803e17e6dcf873948075e1/screenshot HTTP/1.1
User-Agent: selenium/4.1.2 (java windows)
Cache-Control: no-cache
Content-Type: application/json; charset=utf-8
host: localhost:60878
accept: */*

Response DefaultHttpResponse(decodeResult: success, version: HTTP/1.1)
HTTP/1.1 200 OK
Content-Type: application/json; charset=utf-8
cache-control: no-cache
content-length: 312560

17:43:38.512 [AsyncHttpClient-1-8] DEBUG org.asynchttpclient.netty.channel.ChannelManager - Adding key: http://localhost:60878 for channel [id: 0x21a75c38, L:/127.0.0.1:57734 - R:localhost/127.0.0.1:60878]
17:43:38.544 [main] DEBUG net.serenitybdd.core.photography.Darkroom - Send negative for processing for target\site\serenity\e0c5e84207325a43cd3ecce9dfeb84335ea726cc8626592e2202371bcb2d6f92.png
17:43:38.544 [main] DEBUG net.thucydides.core.steps.StepInterceptor - STEP DONE: openUrl
17:43:38.545 [Darkroom Processing Line] DEBUG net.serenitybdd.core.photography.DarkroomProcessingLine - Processing screenshot image in /var/screenshots/screenshot-12062072982973851295
17:43:38.545 [Darkroom Processing Line] DEBUG net.serenitybdd.core.photography.DarkroomProcessingLine - Saving screenshot to target\site\serenity\e0c5e84207325a43cd3ecce9dfeb84335ea726cc8626592e2202371bcb2d6f92.png
17:43:38.554 [main] DEBUG net.thucydides.core.steps.StepInterceptor - STARTING STEP: DoctorSteps.iAmAtTheDashboardPage - validateOnDashboardPage
17:43:38.557 [Forwarding findElement on session 338fd2d2d6803e17e6dcf873948075e1 to remote] DEBUG org.asynchttpclient.netty.request.NettyRequestSender - Using pooled Channel '[id: 0x21a75c38, L:/127.0.0.1:57734 - R:localhost/127.0.0.1:60878]' for 'POST' to 'http://localhost:60878/session/338fd2d2d6803e17e6dcf873948075e1/element'
17:43:38.557 [Forwarding findElement on session 338fd2d2d6803e17e6dcf873948075e1 to remote] DEBUG org.asynchttpclient.netty.request.NettyRequestSender - Using open Channel [id: 0x21a75c38, L:/127.0.0.1:57734 - R:localhost/127.0.0.1:60878] for POST '/session/338fd2d2d6803e17e6dcf873948075e1/element'
17:43:38.584 [AsyncHttpClient-1-8] DEBUG org.asynchttpclient.netty.handler.HttpHandler - 

Request DefaultHttpRequest(decodeResult: success, version: HTTP/1.1)
POST /session/338fd2d2d6803e17e6dcf873948075e1/element HTTP/1.1
User-Agent: selenium/4.1.2 (java windows)
Content-Length: 81
Content-Type: application/json; charset=utf-8
host: localhost:60878
accept: */*

Response DefaultHttpResponse(decodeResult: success, version: HTTP/1.1)
HTTP/1.1 200 OK
Content-Type: application/json; charset=utf-8
cache-control: no-cache
content-length: 88

17:43:38.584 [AsyncHttpClient-1-8] DEBUG org.asynchttpclient.netty.channel.ChannelManager - Adding key: http://localhost:60878 for channel [id: 0x21a75c38, L:/127.0.0.1:57734 - R:localhost/127.0.0.1:60878]
17:43:38.590 [Forwarding isElementDisplayed on session 338fd2d2d6803e17e6dcf873948075e1 to remote] DEBUG org.asynchttpclient.netty.request.NettyRequestSender - Using pooled Channel '[id: 0x21a75c38, L:/127.0.0.1:57734 - R:localhost/127.0.0.1:60878]' for 'POST' to 'http://localhost:60878/session/338fd2d2d6803e17e6dcf873948075e1/execute/sync'
17:43:38.590 [Forwarding isElementDisplayed on session 338fd2d2d6803e17e6dcf873948075e1 to remote] DEBUG org.asynchttpclient.netty.request.NettyRequestSender - Using open Channel [id: 0x21a75c38, L:/127.0.0.1:57734 - R:localhost/127.0.0.1:60878] for POST '/session/338fd2d2d6803e17e6dcf873948075e1/execute/sync'
17:43:38.622 [AsyncHttpClient-1-8] DEBUG org.asynchttpclient.netty.handler.HttpHandler - 

Request DefaultHttpRequest(decodeResult: success, version: HTTP/1.1)
POST /session/338fd2d2d6803e17e6dcf873948075e1/execute/sync HTTP/1.1
User-Agent: selenium/4.1.2 (java windows)
Content-Length: 48780
Content-Type: application/json; charset=utf-8
host: localhost:60878
accept: */*

Response DefaultHttpResponse(decodeResult: success, version: HTTP/1.1)
HTTP/1.1 200 OK
Content-Type: application/json; charset=utf-8
cache-control: no-cache
content-length: 14

17:43:38.622 [AsyncHttpClient-1-8] DEBUG org.asynchttpclient.netty.channel.ChannelManager - Adding key: http://localhost:60878 for channel [id: 0x21a75c38, L:/127.0.0.1:57734 - R:localhost/127.0.0.1:60878]
17:43:38.631 [Forwarding screenshot on session 338fd2d2d6803e17e6dcf873948075e1 to remote] DEBUG org.asynchttpclient.netty.request.NettyRequestSender - Using pooled Channel '[id: 0x21a75c38, L:/127.0.0.1:57734 - R:localhost/127.0.0.1:60878]' for 'GET' to 'http://localhost:60878/session/338fd2d2d6803e17e6dcf873948075e1/screenshot'
17:43:38.631 [Forwarding screenshot on session 338fd2d2d6803e17e6dcf873948075e1 to remote] DEBUG org.asynchttpclient.netty.request.NettyRequestSender - Using open Channel [id: 0x21a75c38, L:/127.0.0.1:57734 - R:localhost/127.0.0.1:60878] for GET '/session/338fd2d2d6803e17e6dcf873948075e1/screenshot'
17:43:39.091 [AsyncHttpClient-1-8] DEBUG org.asynchttpclient.netty.handler.HttpHandler - 

Request DefaultFullHttpRequest(decodeResult: success, version: HTTP/1.1, content: EmptyByteBufBE)
GET /session/338fd2d2d6803e17e6dcf873948075e1/screenshot HTTP/1.1
User-Agent: selenium/4.1.2 (java windows)
Cache-Control: no-cache
Content-Type: application/json; charset=utf-8
host: localhost:60878
accept: */*

Response DefaultHttpResponse(decodeResult: success, version: HTTP/1.1)
HTTP/1.1 200 OK
Content-Type: application/json; charset=utf-8
cache-control: no-cache
content-length: 312560

17:43:39.094 [AsyncHttpClient-1-8] DEBUG org.asynchttpclient.netty.channel.ChannelManager - Adding key: http://localhost:60878 for channel [id: 0x21a75c38, L:/127.0.0.1:57734 - R:localhost/127.0.0.1:60878]
17:43:39.105 [AsyncHttpClient-1-1] DEBUG org.asynchttpclient.netty.channel.DefaultChannelPool - Entry count for : http://localhost:57735 : 1
17:43:39.105 [AsyncHttpClient-1-1] DEBUG org.asynchttpclient.netty.channel.DefaultChannelPool - Entry count for : http://localhost:60878 : 1
17:43:39.124 [main] DEBUG net.serenitybdd.core.photography.Darkroom - Send negative for processing for target\site\serenity\e0c5e84207325a43cd3ecce9dfeb84335ea726cc8626592e2202371bcb2d6f92.png
17:43:39.125 [main] DEBUG net.thucydides.core.steps.StepInterceptor - STEP DONE: validateOnDashboardPage
  &amp#27;[32mGiven &amp#27;[0m&amp#27;[32mI'am at the dashboard page&amp#27;[0m          &amp#27;[90m# starter.stepdefinitions.DoctorSteps.iAmAtTheDashboardPage()&amp#27;[0m
17:43:39.151 [main] DEBUG net.thucydides.core.steps.StepInterceptor - STARTING STEP: DoctorSteps.iClickMenuDoctor - clickMenuDoctorButton
17:43:39.155 [Forwarding findElement on session 338fd2d2d6803e17e6dcf873948075e1 to remote] DEBUG org.asynchttpclient.netty.request.NettyRequestSender - Using pooled Channel '[id: 0x21a75c38, L:/127.0.0.1:57734 - R:localhost/127.0.0.1:60878]' for 'POST' to 'http://localhost:60878/session/338fd2d2d6803e17e6dcf873948075e1/element'
17:43:39.155 [Forwarding findElement on session 338fd2d2d6803e17e6dcf873948075e1 to remote] DEBUG org.asynchttpclient.netty.request.NettyRequestSender - Using open Channel [id: 0x21a75c38, L:/127.0.0.1:57734 - R:localhost/127.0.0.1:60878] for POST '/session/338fd2d2d6803e17e6dcf873948075e1/element'
17:43:39.276 [AsyncHttpClient-1-8] DEBUG org.asynchttpclient.netty.handler.HttpHandler - 

Request DefaultHttpRequest(decodeResult: success, version: HTTP/1.1)
POST /session/338fd2d2d6803e17e6dcf873948075e1/element HTTP/1.1
User-Agent: selenium/4.1.2 (java windows)
Content-Length: 79
Content-Type: application/json; charset=utf-8
host: localhost:60878
accept: */*

Response DefaultHttpResponse(decodeResult: success, version: HTTP/1.1)
HTTP/1.1 200 OK
Content-Type: application/json; charset=utf-8
cache-control: no-cache
content-length: 88

17:43:39.276 [AsyncHttpClient-1-8] DEBUG org.asynchttpclient.netty.channel.ChannelManager - Adding key: http://localhost:60878 for channel [id: 0x21a75c38, L:/127.0.0.1:57734 - R:localhost/127.0.0.1:60878]
17:43:39.278 [Forwarding getElementTagName on session 338fd2d2d6803e17e6dcf873948075e1 to remote] DEBUG org.asynchttpclient.netty.request.NettyRequestSender - Using pooled Channel '[id: 0x21a75c38, L:/127.0.0.1:57734 - R:localhost/127.0.0.1:60878]' for 'GET' to 'http://localhost:60878/session/338fd2d2d6803e17e6dcf873948075e1/element/1373b904-d09d-4715-b623-92a1f64aa31b/name'
17:43:39.278 [Forwarding getElementTagName on session 338fd2d2d6803e17e6dcf873948075e1 to remote] DEBUG org.asynchttpclient.netty.request.NettyRequestSender - Using open Channel [id: 0x21a75c38, L:/127.0.0.1:57734 - R:localhost/127.0.0.1:60878] for GET '/session/338fd2d2d6803e17e6dcf873948075e1/element/1373b904-d09d-4715-b623-92a1f64aa31b/name'
17:43:39.284 [AsyncHttpClient-1-8] DEBUG org.asynchttpclient.netty.handler.HttpHandler - 

Request DefaultFullHttpRequest(decodeResult: success, version: HTTP/1.1, content: EmptyByteBufBE)
GET /session/338fd2d2d6803e17e6dcf873948075e1/element/1373b904-d09d-4715-b623-92a1f64aa31b/name HTTP/1.1
User-Agent: selenium/4.1.2 (java windows)
Cache-Control: no-cache
Content-Type: application/json; charset=utf-8
host: localhost:60878
accept: */*

Response DefaultHttpResponse(decodeResult: success, version: HTTP/1.1)
HTTP/1.1 200 OK
Content-Type: application/json; charset=utf-8
cache-control: no-cache
content-length: 15

17:43:39.284 [AsyncHttpClient-1-8] DEBUG org.asynchttpclient.netty.channel.ChannelManager - Adding key: http://localhost:60878 for channel [id: 0x21a75c38, L:/127.0.0.1:57734 - R:localhost/127.0.0.1:60878]
17:43:39.286 [Forwarding getElementTagName on session 338fd2d2d6803e17e6dcf873948075e1 to remote] DEBUG org.asynchttpclient.netty.request.NettyRequestSender - Using pooled Channel '[id: 0x21a75c38, L:/127.0.0.1:57734 - R:localhost/127.0.0.1:60878]' for 'GET' to 'http://localhost:60878/session/338fd2d2d6803e17e6dcf873948075e1/element/1373b904-d09d-4715-b623-92a1f64aa31b/name'
17:43:39.286 [Forwarding getElementTagName on session 338fd2d2d6803e17e6dcf873948075e1 to remote] DEBUG org.asynchttpclient.netty.request.NettyRequestSender - Using open Channel [id: 0x21a75c38, L:/127.0.0.1:57734 - R:localhost/127.0.0.1:60878] for GET '/session/338fd2d2d6803e17e6dcf873948075e1/element/1373b904-d09d-4715-b623-92a1f64aa31b/name'
17:43:39.292 [AsyncHttpClient-1-8] DEBUG org.asynchttpclient.netty.handler.HttpHandler - 

Request DefaultFullHttpRequest(decodeResult: success, version: HTTP/1.1, content: EmptyByteBufBE)
GET /session/338fd2d2d6803e17e6dcf873948075e1/element/1373b904-d09d-4715-b623-92a1f64aa31b/name HTTP/1.1
User-Agent: selenium/4.1.2 (java windows)
Cache-Control: no-cache
Content-Type: application/json; charset=utf-8
host: localhost:60878
accept: */*

Response DefaultHttpResponse(decodeResult: success, version: HTTP/1.1)
HTTP/1.1 200 OK
Content-Type: application/json; charset=utf-8
cache-control: no-cache
content-length: 15

17:43:39.292 [AsyncHttpClient-1-8] DEBUG org.asynchttpclient.netty.channel.ChannelManager - Adding key: http://localhost:60878 for channel [id: 0x21a75c38, L:/127.0.0.1:57734 - R:localhost/127.0.0.1:60878]
17:43:39.295 [Forwarding findElement on session 338fd2d2d6803e17e6dcf873948075e1 to remote] DEBUG org.asynchttpclient.netty.request.NettyRequestSender - Using pooled Channel '[id: 0x21a75c38, L:/127.0.0.1:57734 - R:localhost/127.0.0.1:60878]' for 'POST' to 'http://localhost:60878/session/338fd2d2d6803e17e6dcf873948075e1/element'
17:43:39.295 [Forwarding findElement on session 338fd2d2d6803e17e6dcf873948075e1 to remote] DEBUG org.asynchttpclient.netty.request.NettyRequestSender - Using open Channel [id: 0x21a75c38, L:/127.0.0.1:57734 - R:localhost/127.0.0.1:60878] for POST '/session/338fd2d2d6803e17e6dcf873948075e1/element'
17:43:39.317 [AsyncHttpClient-1-8] DEBUG org.asynchttpclient.netty.handler.HttpHandler - 

Request DefaultHttpRequest(decodeResult: success, version: HTTP/1.1)
POST /session/338fd2d2d6803e17e6dcf873948075e1/element HTTP/1.1
User-Agent: selenium/4.1.2 (java windows)
Content-Length: 79
Content-Type: application/json; charset=utf-8
host: localhost:60878
accept: */*

Response DefaultHttpResponse(decodeResult: success, version: HTTP/1.1)
HTTP/1.1 200 OK
Content-Type: application/json; charset=utf-8
cache-control: no-cache
content-length: 88

17:43:39.317 [AsyncHttpClient-1-8] DEBUG org.asynchttpclient.netty.channel.ChannelManager - Adding key: http://localhost:60878 for channel [id: 0x21a75c38, L:/127.0.0.1:57734 - R:localhost/127.0.0.1:60878]
17:43:39.318 [Forwarding clickElement on session 338fd2d2d6803e17e6dcf873948075e1 to remote] DEBUG org.asynchttpclient.netty.request.NettyRequestSender - Using pooled Channel '[id: 0x21a75c38, L:/127.0.0.1:57734 - R:localhost/127.0.0.1:60878]' for 'POST' to 'http://localhost:60878/session/338fd2d2d6803e17e6dcf873948075e1/element/1373b904-d09d-4715-b623-92a1f64aa31b/click'
17:43:39.318 [Forwarding clickElement on session 338fd2d2d6803e17e6dcf873948075e1 to remote] DEBUG org.asynchttpclient.netty.request.NettyRequestSender - Using open Channel [id: 0x21a75c38, L:/127.0.0.1:57734 - R:localhost/127.0.0.1:60878] for POST '/session/338fd2d2d6803e17e6dcf873948075e1/element/1373b904-d09d-4715-b623-92a1f64aa31b/click'
17:43:39.583 [AsyncHttpClient-1-8] DEBUG org.asynchttpclient.netty.handler.HttpHandler - 

Request DefaultHttpRequest(decodeResult: success, version: HTTP/1.1)
POST /session/338fd2d2d6803e17e6dcf873948075e1/element/1373b904-d09d-4715-b623-92a1f64aa31b/click HTTP/1.1
User-Agent: selenium/4.1.2 (java windows)
Content-Length: 50
Content-Type: application/json; charset=utf-8
host: localhost:60878
accept: */*

Response DefaultHttpResponse(decodeResult: success, version: HTTP/1.1)
HTTP/1.1 200 OK
Content-Type: application/json; charset=utf-8
cache-control: no-cache
content-length: 14

17:43:39.583 [AsyncHttpClient-1-8] DEBUG org.asynchttpclient.netty.channel.ChannelManager - Adding key: http://localhost:60878 for channel [id: 0x21a75c38, L:/127.0.0.1:57734 - R:localhost/127.0.0.1:60878]
17:43:39.595 [Forwarding screenshot on session 338fd2d2d6803e17e6dcf873948075e1 to remote] DEBUG org.asynchttpclient.netty.request.NettyRequestSender - Using pooled Channel '[id: 0x21a75c38, L:/127.0.0.1:57734 - R:localhost/127.0.0.1:60878]' for 'GET' to 'http://localhost:60878/session/338fd2d2d6803e17e6dcf873948075e1/screenshot'
17:43:39.595 [Forwarding screenshot on session 338fd2d2d6803e17e6dcf873948075e1 to remote] DEBUG org.asynchttpclient.netty.request.NettyRequestSender - Using open Channel [id: 0x21a75c38, L:/127.0.0.1:57734 - R:localhost/127.0.0.1:60878] for GET '/session/338fd2d2d6803e17e6dcf873948075e1/screenshot'
17:43:39.739 [AsyncHttpClient-1-8] DEBUG org.asynchttpclient.netty.handler.HttpHandler - 

Request DefaultFullHttpRequest(decodeResult: success, version: HTTP/1.1, content: EmptyByteBufBE)
GET /session/338fd2d2d6803e17e6dcf873948075e1/screenshot HTTP/1.1
User-Agent: selenium/4.1.2 (java windows)
Cache-Control: no-cache
Content-Type: application/json; charset=utf-8
host: localhost:60878
accept: */*

Response DefaultHttpResponse(decodeResult: success, version: HTTP/1.1)
HTTP/1.1 200 OK
Content-Type: application/json; charset=utf-8
cache-control: no-cache
content-length: 56216

17:43:39.740 [AsyncHttpClient-1-8] DEBUG org.asynchttpclient.netty.channel.ChannelManager - Adding key: http://localhost:60878 for channel [id: 0x21a75c38, L:/127.0.0.1:57734 - R:localhost/127.0.0.1:60878]
17:43:39.745 [main] DEBUG net.serenitybdd.core.photography.Darkroom - Send negative for processing for target\site\serenity\93bcc9a7e51fe36df2bb0ee95da8b9e15460ad67a465a8def437a77fe40a1b48.png
17:43:39.746 [Darkroom Processing Line] DEBUG net.serenitybdd.core.photography.DarkroomProcessingLine - Processing screenshot image in /var/screenshots/screenshot-9005578164168199795
17:43:39.746 [Darkroom Processing Line] DEBUG net.serenitybdd.core.photography.DarkroomProcessingLine - Saving screenshot to target\site\serenity\93bcc9a7e51fe36df2bb0ee95da8b9e15460ad67a465a8def437a77fe40a1b48.png
17:43:39.755 [main] DEBUG net.thucydides.core.steps.StepInterceptor - STEP DONE: clickMenuDoctorButton
  &amp#27;[32mAnd &amp#27;[0m&amp#27;[32mI click menu doctor&amp#27;[0m                   &amp#27;[90m# starter.stepdefinitions.DoctorSteps.iClickMenuDoctor()&amp#27;[0m
17:43:39.782 [main] DEBUG net.thucydides.core.steps.StepInterceptor - STARTING STEP: DoctorSteps.iClickAddNewDoctor - clickAddNewDoctorButton
17:43:39.788 [Forwarding findElement on session 338fd2d2d6803e17e6dcf873948075e1 to remote] DEBUG org.asynchttpclient.netty.request.NettyRequestSender - Using pooled Channel '[id: 0x21a75c38, L:/127.0.0.1:57734 - R:localhost/127.0.0.1:60878]' for 'POST' to 'http://localhost:60878/session/338fd2d2d6803e17e6dcf873948075e1/element'
17:43:39.789 [Forwarding findElement on session 338fd2d2d6803e17e6dcf873948075e1 to remote] DEBUG org.asynchttpclient.netty.request.NettyRequestSender - Using open Channel [id: 0x21a75c38, L:/127.0.0.1:57734 - R:localhost/127.0.0.1:60878] for POST '/session/338fd2d2d6803e17e6dcf873948075e1/element'
17:43:39.818 [AsyncHttpClient-1-8] DEBUG org.asynchttpclient.netty.handler.HttpHandler - 

Request DefaultHttpRequest(decodeResult: success, version: HTTP/1.1)
POST /session/338fd2d2d6803e17e6dcf873948075e1/element HTTP/1.1
User-Agent: selenium/4.1.2 (java windows)
Content-Length: 149
Content-Type: application/json; charset=utf-8
host: localhost:60878
accept: */*

Response DefaultHttpResponse(decodeResult: success, version: HTTP/1.1)
HTTP/1.1 200 OK
Content-Type: application/json; charset=utf-8
cache-control: no-cache
content-length: 88

17:43:39.818 [AsyncHttpClient-1-8] DEBUG org.asynchttpclient.netty.channel.ChannelManager - Adding key: http://localhost:60878 for channel [id: 0x21a75c38, L:/127.0.0.1:57734 - R:localhost/127.0.0.1:60878]
17:43:39.819 [Forwarding getElementTagName on session 338fd2d2d6803e17e6dcf873948075e1 to remote] DEBUG org.asynchttpclient.netty.request.NettyRequestSender - Using pooled Channel '[id: 0x21a75c38, L:/127.0.0.1:57734 - R:localhost/127.0.0.1:60878]' for 'GET' to 'http://localhost:60878/session/338fd2d2d6803e17e6dcf873948075e1/element/cacd565a-6e81-4677-83f8-3114de35d9e0/name'
17:43:39.819 [Forwarding getElementTagName on session 338fd2d2d6803e17e6dcf873948075e1 to remote] DEBUG org.asynchttpclient.netty.request.NettyRequestSender - Using open Channel [id: 0x21a75c38, L:/127.0.0.1:57734 - R:localhost/127.0.0.1:60878] for GET '/session/338fd2d2d6803e17e6dcf873948075e1/element/cacd565a-6e81-4677-83f8-3114de35d9e0/name'
17:43:39.826 [AsyncHttpClient-1-8] DEBUG org.asynchttpclient.netty.handler.HttpHandler - 

Request DefaultFullHttpRequest(decodeResult: success, version: HTTP/1.1, content: EmptyByteBufBE)
GET /session/338fd2d2d6803e17e6dcf873948075e1/element/cacd565a-6e81-4677-83f8-3114de35d9e0/name HTTP/1.1
User-Agent: selenium/4.1.2 (java windows)
Cache-Control: no-cache
Content-Type: application/json; charset=utf-8
host: localhost:60878
accept: */*

Response DefaultHttpResponse(decodeResult: success, version: HTTP/1.1)
HTTP/1.1 200 OK
Content-Type: application/json; charset=utf-8
cache-control: no-cache
content-length: 18

17:43:39.826 [AsyncHttpClient-1-8] DEBUG org.asynchttpclient.netty.channel.ChannelManager - Adding key: http://localhost:60878 for channel [id: 0x21a75c38, L:/127.0.0.1:57734 - R:localhost/127.0.0.1:60878]
17:43:39.828 [Forwarding getElementTagName on session 338fd2d2d6803e17e6dcf873948075e1 to remote] DEBUG org.asynchttpclient.netty.request.NettyRequestSender - Using pooled Channel '[id: 0x21a75c38, L:/127.0.0.1:57734 - R:localhost/127.0.0.1:60878]' for 'GET' to 'http://localhost:60878/session/338fd2d2d6803e17e6dcf873948075e1/element/cacd565a-6e81-4677-83f8-3114de35d9e0/name'
17:43:39.828 [Forwarding getElementTagName on session 338fd2d2d6803e17e6dcf873948075e1 to remote] DEBUG org.asynchttpclient.netty.request.NettyRequestSender - Using open Channel [id: 0x21a75c38, L:/127.0.0.1:57734 - R:localhost/127.0.0.1:60878] for GET '/session/338fd2d2d6803e17e6dcf873948075e1/element/cacd565a-6e81-4677-83f8-3114de35d9e0/name'
17:43:39.833 [AsyncHttpClient-1-8] DEBUG org.asynchttpclient.netty.handler.HttpHandler - 

Request DefaultFullHttpRequest(decodeResult: success, version: HTTP/1.1, content: EmptyByteBufBE)
GET /session/338fd2d2d6803e17e6dcf873948075e1/element/cacd565a-6e81-4677-83f8-3114de35d9e0/name HTTP/1.1
User-Agent: selenium/4.1.2 (java windows)
Cache-Control: no-cache
Content-Type: application/json; charset=utf-8
host: localhost:60878
accept: */*

Response DefaultHttpResponse(decodeResult: success, version: HTTP/1.1)
HTTP/1.1 200 OK
Content-Type: application/json; charset=utf-8
cache-control: no-cache
content-length: 18

17:43:39.833 [AsyncHttpClient-1-8] DEBUG org.asynchttpclient.netty.channel.ChannelManager - Adding key: http://localhost:60878 for channel [id: 0x21a75c38, L:/127.0.0.1:57734 - R:localhost/127.0.0.1:60878]
17:43:39.836 [Forwarding isElementEnabled on session 338fd2d2d6803e17e6dcf873948075e1 to remote] DEBUG org.asynchttpclient.netty.request.NettyRequestSender - Using pooled Channel '[id: 0x21a75c38, L:/127.0.0.1:57734 - R:localhost/127.0.0.1:60878]' for 'GET' to 'http://localhost:60878/session/338fd2d2d6803e17e6dcf873948075e1/element/cacd565a-6e81-4677-83f8-3114de35d9e0/enabled'
17:43:39.836 [Forwarding isElementEnabled on session 338fd2d2d6803e17e6dcf873948075e1 to remote] DEBUG org.asynchttpclient.netty.request.NettyRequestSender - Using open Channel [id: 0x21a75c38, L:/127.0.0.1:57734 - R:localhost/127.0.0.1:60878] for GET '/session/338fd2d2d6803e17e6dcf873948075e1/element/cacd565a-6e81-4677-83f8-3114de35d9e0/enabled'
17:43:39.851 [AsyncHttpClient-1-8] DEBUG org.asynchttpclient.netty.handler.HttpHandler - 

Request DefaultFullHttpRequest(decodeResult: success, version: HTTP/1.1, content: EmptyByteBufBE)
GET /session/338fd2d2d6803e17e6dcf873948075e1/element/cacd565a-6e81-4677-83f8-3114de35d9e0/enabled HTTP/1.1
User-Agent: selenium/4.1.2 (java windows)
Cache-Control: no-cache
Content-Type: application/json; charset=utf-8
host: localhost:60878
accept: */*

Response DefaultHttpResponse(decodeResult: success, version: HTTP/1.1)
HTTP/1.1 200 OK
Content-Type: application/json; charset=utf-8
cache-control: no-cache
content-length: 14

17:43:39.851 [AsyncHttpClient-1-8] DEBUG org.asynchttpclient.netty.channel.ChannelManager - Adding key: http://localhost:60878 for channel [id: 0x21a75c38, L:/127.0.0.1:57734 - R:localhost/127.0.0.1:60878]
17:43:39.853 [Forwarding isElementEnabled on session 338fd2d2d6803e17e6dcf873948075e1 to remote] DEBUG org.asynchttpclient.netty.request.NettyRequestSender - Using pooled Channel '[id: 0x21a75c38, L:/127.0.0.1:57734 - R:localhost/127.0.0.1:60878]' for 'GET' to 'http://localhost:60878/session/338fd2d2d6803e17e6dcf873948075e1/element/cacd565a-6e81-4677-83f8-3114de35d9e0/enabled'
17:43:39.853 [Forwarding isElementEnabled on session 338fd2d2d6803e17e6dcf873948075e1 to remote] DEBUG org.asynchttpclient.netty.request.NettyRequestSender - Using open Channel [id: 0x21a75c38, L:/127.0.0.1:57734 - R:localhost/127.0.0.1:60878] for GET '/session/338fd2d2d6803e17e6dcf873948075e1/element/cacd565a-6e81-4677-83f8-3114de35d9e0/enabled'
17:43:39.862 [AsyncHttpClient-1-8] DEBUG org.asynchttpclient.netty.handler.HttpHandler - 

Request DefaultFullHttpRequest(decodeResult: success, version: HTTP/1.1, content: EmptyByteBufBE)
GET /session/338fd2d2d6803e17e6dcf873948075e1/element/cacd565a-6e81-4677-83f8-3114de35d9e0/enabled HTTP/1.1
User-Agent: selenium/4.1.2 (java windows)
Cache-Control: no-cache
Content-Type: application/json; charset=utf-8
host: localhost:60878
accept: */*

Response DefaultHttpResponse(decodeResult: success, version: HTTP/1.1)
HTTP/1.1 200 OK
Content-Type: application/json; charset=utf-8
cache-control: no-cache
content-length: 14

17:43:39.863 [AsyncHttpClient-1-8] DEBUG org.asynchttpclient.netty.channel.ChannelManager - Adding key: http://localhost:60878 for channel [id: 0x21a75c38, L:/127.0.0.1:57734 - R:localhost/127.0.0.1:60878]
17:43:39.865 [Forwarding findElement on session 338fd2d2d6803e17e6dcf873948075e1 to remote] DEBUG org.asynchttpclient.netty.request.NettyRequestSender - Using pooled Channel '[id: 0x21a75c38, L:/127.0.0.1:57734 - R:localhost/127.0.0.1:60878]' for 'POST' to 'http://localhost:60878/session/338fd2d2d6803e17e6dcf873948075e1/element'
17:43:39.865 [Forwarding findElement on session 338fd2d2d6803e17e6dcf873948075e1 to remote] DEBUG org.asynchttpclient.netty.request.NettyRequestSender - Using open Channel [id: 0x21a75c38, L:/127.0.0.1:57734 - R:localhost/127.0.0.1:60878] for POST '/session/338fd2d2d6803e17e6dcf873948075e1/element'
17:43:39.877 [AsyncHttpClient-1-8] DEBUG org.asynchttpclient.netty.handler.HttpHandler - 

Request DefaultHttpRequest(decodeResult: success, version: HTTP/1.1)
POST /session/338fd2d2d6803e17e6dcf873948075e1/element HTTP/1.1
User-Agent: selenium/4.1.2 (java windows)
Content-Length: 149
Content-Type: application/json; charset=utf-8
host: localhost:60878
accept: */*

Response DefaultHttpResponse(decodeResult: success, version: HTTP/1.1)
HTTP/1.1 200 OK
Content-Type: application/json; charset=utf-8
cache-control: no-cache
content-length: 88

17:43:39.877 [AsyncHttpClient-1-8] DEBUG org.asynchttpclient.netty.channel.ChannelManager - Adding key: http://localhost:60878 for channel [id: 0x21a75c38, L:/127.0.0.1:57734 - R:localhost/127.0.0.1:60878]
17:43:39.879 [Forwarding clickElement on session 338fd2d2d6803e17e6dcf873948075e1 to remote] DEBUG org.asynchttpclient.netty.request.NettyRequestSender - Using pooled Channel '[id: 0x21a75c38, L:/127.0.0.1:57734 - R:localhost/127.0.0.1:60878]' for 'POST' to 'http://localhost:60878/session/338fd2d2d6803e17e6dcf873948075e1/element/cacd565a-6e81-4677-83f8-3114de35d9e0/click'
17:43:39.879 [Forwarding clickElement on session 338fd2d2d6803e17e6dcf873948075e1 to remote] DEBUG org.asynchttpclient.netty.request.NettyRequestSender - Using open Channel [id: 0x21a75c38, L:/127.0.0.1:57734 - R:localhost/127.0.0.1:60878] for POST '/session/338fd2d2d6803e17e6dcf873948075e1/element/cacd565a-6e81-4677-83f8-3114de35d9e0/click'
17:43:40.070 [AsyncHttpClient-1-8] DEBUG org.asynchttpclient.netty.handler.HttpHandler - 

Request DefaultHttpRequest(decodeResult: success, version: HTTP/1.1)
POST /session/338fd2d2d6803e17e6dcf873948075e1/element/cacd565a-6e81-4677-83f8-3114de35d9e0/click HTTP/1.1
User-Agent: selenium/4.1.2 (java windows)
Content-Length: 50
Content-Type: application/json; charset=utf-8
host: localhost:60878
accept: */*

Response DefaultHttpResponse(decodeResult: success, version: HTTP/1.1)
HTTP/1.1 200 OK
Content-Type: application/json; charset=utf-8
cache-control: no-cache
content-length: 14

17:43:40.070 [AsyncHttpClient-1-8] DEBUG org.asynchttpclient.netty.channel.ChannelManager - Adding key: http://localhost:60878 for channel [id: 0x21a75c38, L:/127.0.0.1:57734 - R:localhost/127.0.0.1:60878]
17:43:40.080 [Forwarding screenshot on session 338fd2d2d6803e17e6dcf873948075e1 to remote] DEBUG org.asynchttpclient.netty.request.NettyRequestSender - Using pooled Channel '[id: 0x21a75c38, L:/127.0.0.1:57734 - R:localhost/127.0.0.1:60878]' for 'GET' to 'http://localhost:60878/session/338fd2d2d6803e17e6dcf873948075e1/screenshot'
17:43:40.080 [Forwarding screenshot on session 338fd2d2d6803e17e6dcf873948075e1 to remote] DEBUG org.asynchttpclient.netty.request.NettyRequestSender - Using open Channel [id: 0x21a75c38, L:/127.0.0.1:57734 - R:localhost/127.0.0.1:60878] for GET '/session/338fd2d2d6803e17e6dcf873948075e1/screenshot'
17:43:40.201 [AsyncHttpClient-1-1] DEBUG org.asynchttpclient.netty.channel.DefaultChannelPool - Entry count for : http://localhost:57735 : 1
17:43:40.403 [AsyncHttpClient-1-8] DEBUG org.asynchttpclient.netty.handler.HttpHandler - 

Request DefaultFullHttpRequest(decodeResult: success, version: HTTP/1.1, content: EmptyByteBufBE)
GET /session/338fd2d2d6803e17e6dcf873948075e1/screenshot HTTP/1.1
User-Agent: selenium/4.1.2 (java windows)
Cache-Control: no-cache
Content-Type: application/json; charset=utf-8
host: localhost:60878
accept: */*

Response DefaultHttpResponse(decodeResult: success, version: HTTP/1.1)
HTTP/1.1 200 OK
Content-Type: application/json; charset=utf-8
cache-control: no-cache
content-length: 91828

17:43:40.404 [AsyncHttpClient-1-8] DEBUG org.asynchttpclient.netty.channel.ChannelManager - Adding key: http://localhost:60878 for channel [id: 0x21a75c38, L:/127.0.0.1:57734 - R:localhost/127.0.0.1:60878]
17:43:40.411 [main] DEBUG net.serenitybdd.core.photography.Darkroom - Send negative for processing for target\site\serenity\da913ac675f634ec4277d6a481473a6b1156bd0ab62635c051b83fad911b7022.png
17:43:40.412 [main] DEBUG net.thucydides.core.steps.StepInterceptor - STEP DONE: clickAddNewDoctorButton
  &amp#27;[32mWhen &amp#27;[0m&amp#27;[32mI click Add New Doctor&amp#27;[0m               &amp#27;[90m# starter.stepdefinitions.DoctorSteps.iClickAddNewDoctor()&amp#27;[0m
17:43:40.412 [Darkroom Processing Line] DEBUG net.serenitybdd.core.photography.DarkroomProcessingLine - Processing screenshot image in /var/screenshots/screenshot-16724330373343388294
17:43:40.413 [Darkroom Processing Line] DEBUG net.serenitybdd.core.photography.DarkroomProcessingLine - Saving screenshot to target\site\serenity\da913ac675f634ec4277d6a481473a6b1156bd0ab62635c051b83fad911b7022.png
17:43:40.431 [main] DEBUG net.thucydides.core.steps.StepInterceptor - STARTING STEP: DoctorSteps.iClickNewDoctorFormXButton - clickNewDoctorXButton
17:43:40.434 [Forwarding findElement on session 338fd2d2d6803e17e6dcf873948075e1 to remote] DEBUG org.asynchttpclient.netty.request.NettyRequestSender - Using pooled Channel '[id: 0x21a75c38, L:/127.0.0.1:57734 - R:localhost/127.0.0.1:60878]' for 'POST' to 'http://localhost:60878/session/338fd2d2d6803e17e6dcf873948075e1/element'
17:43:40.435 [Forwarding findElement on session 338fd2d2d6803e17e6dcf873948075e1 to remote] DEBUG org.asynchttpclient.netty.request.NettyRequestSender - Using open Channel [id: 0x21a75c38, L:/127.0.0.1:57734 - R:localhost/127.0.0.1:60878] for POST '/session/338fd2d2d6803e17e6dcf873948075e1/element'
17:43:40.452 [AsyncHttpClient-1-8] DEBUG org.asynchttpclient.netty.handler.HttpHandler - 

Request DefaultHttpRequest(decodeResult: success, version: HTTP/1.1)
POST /session/338fd2d2d6803e17e6dcf873948075e1/element HTTP/1.1
User-Agent: selenium/4.1.2 (java windows)
Content-Length: 104
Content-Type: application/json; charset=utf-8
host: localhost:60878
accept: */*

Response DefaultHttpResponse(decodeResult: success, version: HTTP/1.1)
HTTP/1.1 200 OK
Content-Type: application/json; charset=utf-8
cache-control: no-cache
content-length: 88

17:43:40.453 [AsyncHttpClient-1-8] DEBUG org.asynchttpclient.netty.channel.ChannelManager - Adding key: http://localhost:60878 for channel [id: 0x21a75c38, L:/127.0.0.1:57734 - R:localhost/127.0.0.1:60878]
17:43:40.454 [Forwarding getElementTagName on session 338fd2d2d6803e17e6dcf873948075e1 to remote] DEBUG org.asynchttpclient.netty.request.NettyRequestSender - Using pooled Channel '[id: 0x21a75c38, L:/127.0.0.1:57734 - R:localhost/127.0.0.1:60878]' for 'GET' to 'http://localhost:60878/session/338fd2d2d6803e17e6dcf873948075e1/element/228f0bf7-9319-4e82-b4de-95b1527be5ba/name'
17:43:40.454 [Forwarding getElementTagName on session 338fd2d2d6803e17e6dcf873948075e1 to remote] DEBUG org.asynchttpclient.netty.request.NettyRequestSender - Using open Channel [id: 0x21a75c38, L:/127.0.0.1:57734 - R:localhost/127.0.0.1:60878] for GET '/session/338fd2d2d6803e17e6dcf873948075e1/element/228f0bf7-9319-4e82-b4de-95b1527be5ba/name'
17:43:40.459 [AsyncHttpClient-1-8] DEBUG org.asynchttpclient.netty.handler.HttpHandler - 

Request DefaultFullHttpRequest(decodeResult: success, version: HTTP/1.1, content: EmptyByteBufBE)
GET /session/338fd2d2d6803e17e6dcf873948075e1/element/228f0bf7-9319-4e82-b4de-95b1527be5ba/name HTTP/1.1
User-Agent: selenium/4.1.2 (java windows)
Cache-Control: no-cache
Content-Type: application/json; charset=utf-8
host: localhost:60878
accept: */*

Response DefaultHttpResponse(decodeResult: success, version: HTTP/1.1)
HTTP/1.1 200 OK
Content-Type: application/json; charset=utf-8
cache-control: no-cache
content-length: 18

17:43:40.460 [AsyncHttpClient-1-8] DEBUG org.asynchttpclient.netty.channel.ChannelManager - Adding key: http://localhost:60878 for channel [id: 0x21a75c38, L:/127.0.0.1:57734 - R:localhost/127.0.0.1:60878]
17:43:40.461 [Forwarding getElementTagName on session 338fd2d2d6803e17e6dcf873948075e1 to remote] DEBUG org.asynchttpclient.netty.request.NettyRequestSender - Using pooled Channel '[id: 0x21a75c38, L:/127.0.0.1:57734 - R:localhost/127.0.0.1:60878]' for 'GET' to 'http://localhost:60878/session/338fd2d2d6803e17e6dcf873948075e1/element/228f0bf7-9319-4e82-b4de-95b1527be5ba/name'
17:43:40.461 [Forwarding getElementTagName on session 338fd2d2d6803e17e6dcf873948075e1 to remote] DEBUG org.asynchttpclient.netty.request.NettyRequestSender - Using open Channel [id: 0x21a75c38, L:/127.0.0.1:57734 - R:localhost/127.0.0.1:60878] for GET '/session/338fd2d2d6803e17e6dcf873948075e1/element/228f0bf7-9319-4e82-b4de-95b1527be5ba/name'
17:43:40.465 [AsyncHttpClient-1-8] DEBUG org.asynchttpclient.netty.handler.HttpHandler - 

Request DefaultFullHttpRequest(decodeResult: success, version: HTTP/1.1, content: EmptyByteBufBE)
GET /session/338fd2d2d6803e17e6dcf873948075e1/element/228f0bf7-9319-4e82-b4de-95b1527be5ba/name HTTP/1.1
User-Agent: selenium/4.1.2 (java windows)
Cache-Control: no-cache
Content-Type: application/json; charset=utf-8
host: localhost:60878
accept: */*

Response DefaultHttpResponse(decodeResult: success, version: HTTP/1.1)
HTTP/1.1 200 OK
Content-Type: application/json; charset=utf-8
cache-control: no-cache
content-length: 18

17:43:40.466 [AsyncHttpClient-1-8] DEBUG org.asynchttpclient.netty.channel.ChannelManager - Adding key: http://localhost:60878 for channel [id: 0x21a75c38, L:/127.0.0.1:57734 - R:localhost/127.0.0.1:60878]
17:43:40.470 [Forwarding isElementEnabled on session 338fd2d2d6803e17e6dcf873948075e1 to remote] DEBUG org.asynchttpclient.netty.request.NettyRequestSender - Using pooled Channel '[id: 0x21a75c38, L:/127.0.0.1:57734 - R:localhost/127.0.0.1:60878]' for 'GET' to 'http://localhost:60878/session/338fd2d2d6803e17e6dcf873948075e1/element/228f0bf7-9319-4e82-b4de-95b1527be5ba/enabled'
17:43:40.470 [Forwarding isElementEnabled on session 338fd2d2d6803e17e6dcf873948075e1 to remote] DEBUG org.asynchttpclient.netty.request.NettyRequestSender - Using open Channel [id: 0x21a75c38, L:/127.0.0.1:57734 - R:localhost/127.0.0.1:60878] for GET '/session/338fd2d2d6803e17e6dcf873948075e1/element/228f0bf7-9319-4e82-b4de-95b1527be5ba/enabled'
17:43:40.484 [AsyncHttpClient-1-8] DEBUG org.asynchttpclient.netty.handler.HttpHandler - 

Request DefaultFullHttpRequest(decodeResult: success, version: HTTP/1.1, content: EmptyByteBufBE)
GET /session/338fd2d2d6803e17e6dcf873948075e1/element/228f0bf7-9319-4e82-b4de-95b1527be5ba/enabled HTTP/1.1
User-Agent: selenium/4.1.2 (java windows)
Cache-Control: no-cache
Content-Type: application/json; charset=utf-8
host: localhost:60878
accept: */*

Response DefaultHttpResponse(decodeResult: success, version: HTTP/1.1)
HTTP/1.1 200 OK
Content-Type: application/json; charset=utf-8
cache-control: no-cache
content-length: 14

17:43:40.485 [AsyncHttpClient-1-8] DEBUG org.asynchttpclient.netty.channel.ChannelManager - Adding key: http://localhost:60878 for channel [id: 0x21a75c38, L:/127.0.0.1:57734 - R:localhost/127.0.0.1:60878]
17:43:40.486 [Forwarding isElementEnabled on session 338fd2d2d6803e17e6dcf873948075e1 to remote] DEBUG org.asynchttpclient.netty.request.NettyRequestSender - Using pooled Channel '[id: 0x21a75c38, L:/127.0.0.1:57734 - R:localhost/127.0.0.1:60878]' for 'GET' to 'http://localhost:60878/session/338fd2d2d6803e17e6dcf873948075e1/element/228f0bf7-9319-4e82-b4de-95b1527be5ba/enabled'
17:43:40.486 [Forwarding isElementEnabled on session 338fd2d2d6803e17e6dcf873948075e1 to remote] DEBUG org.asynchttpclient.netty.request.NettyRequestSender - Using open Channel [id: 0x21a75c38, L:/127.0.0.1:57734 - R:localhost/127.0.0.1:60878] for GET '/session/338fd2d2d6803e17e6dcf873948075e1/element/228f0bf7-9319-4e82-b4de-95b1527be5ba/enabled'
17:43:40.508 [AsyncHttpClient-1-8] DEBUG org.asynchttpclient.netty.handler.HttpHandler - 

Request DefaultFullHttpRequest(decodeResult: success, version: HTTP/1.1, content: EmptyByteBufBE)
GET /session/338fd2d2d6803e17e6dcf873948075e1/element/228f0bf7-9319-4e82-b4de-95b1527be5ba/enabled HTTP/1.1
User-Agent: selenium/4.1.2 (java windows)
Cache-Control: no-cache
Content-Type: application/json; charset=utf-8
host: localhost:60878
accept: */*

Response DefaultHttpResponse(decodeResult: success, version: HTTP/1.1)
HTTP/1.1 200 OK
Content-Type: application/json; charset=utf-8
cache-control: no-cache
content-length: 14

17:43:40.508 [AsyncHttpClient-1-8] DEBUG org.asynchttpclient.netty.channel.ChannelManager - Adding key: http://localhost:60878 for channel [id: 0x21a75c38, L:/127.0.0.1:57734 - R:localhost/127.0.0.1:60878]
17:43:40.514 [Forwarding findElement on session 338fd2d2d6803e17e6dcf873948075e1 to remote] DEBUG org.asynchttpclient.netty.request.NettyRequestSender - Using pooled Channel '[id: 0x21a75c38, L:/127.0.0.1:57734 - R:localhost/127.0.0.1:60878]' for 'POST' to 'http://localhost:60878/session/338fd2d2d6803e17e6dcf873948075e1/element'
17:43:40.514 [Forwarding findElement on session 338fd2d2d6803e17e6dcf873948075e1 to remote] DEBUG org.asynchttpclient.netty.request.NettyRequestSender - Using open Channel [id: 0x21a75c38, L:/127.0.0.1:57734 - R:localhost/127.0.0.1:60878] for POST '/session/338fd2d2d6803e17e6dcf873948075e1/element'
17:43:40.532 [AsyncHttpClient-1-8] DEBUG org.asynchttpclient.netty.handler.HttpHandler - 

Request DefaultHttpRequest(decodeResult: success, version: HTTP/1.1)
POST /session/338fd2d2d6803e17e6dcf873948075e1/element HTTP/1.1
User-Agent: selenium/4.1.2 (java windows)
Content-Length: 104
Content-Type: application/json; charset=utf-8
host: localhost:60878
accept: */*

Response DefaultHttpResponse(decodeResult: success, version: HTTP/1.1)
HTTP/1.1 200 OK
Content-Type: application/json; charset=utf-8
cache-control: no-cache
content-length: 88

17:43:40.532 [AsyncHttpClient-1-8] DEBUG org.asynchttpclient.netty.channel.ChannelManager - Adding key: http://localhost:60878 for channel [id: 0x21a75c38, L:/127.0.0.1:57734 - R:localhost/127.0.0.1:60878]
17:43:40.533 [Forwarding clickElement on session 338fd2d2d6803e17e6dcf873948075e1 to remote] DEBUG org.asynchttpclient.netty.request.NettyRequestSender - Using pooled Channel '[id: 0x21a75c38, L:/127.0.0.1:57734 - R:localhost/127.0.0.1:60878]' for 'POST' to 'http://localhost:60878/session/338fd2d2d6803e17e6dcf873948075e1/element/228f0bf7-9319-4e82-b4de-95b1527be5ba/click'
17:43:40.534 [Forwarding clickElement on session 338fd2d2d6803e17e6dcf873948075e1 to remote] DEBUG org.asynchttpclient.netty.request.NettyRequestSender - Using open Channel [id: 0x21a75c38, L:/127.0.0.1:57734 - R:localhost/127.0.0.1:60878] for POST '/session/338fd2d2d6803e17e6dcf873948075e1/element/228f0bf7-9319-4e82-b4de-95b1527be5ba/click'
17:43:40.676 [AsyncHttpClient-1-8] DEBUG org.asynchttpclient.netty.handler.HttpHandler - 

Request DefaultHttpRequest(decodeResult: success, version: HTTP/1.1)
POST /session/338fd2d2d6803e17e6dcf873948075e1/element/228f0bf7-9319-4e82-b4de-95b1527be5ba/click HTTP/1.1
User-Agent: selenium/4.1.2 (java windows)
Content-Length: 50
Content-Type: application/json; charset=utf-8
host: localhost:60878
accept: */*

Response DefaultHttpResponse(decodeResult: success, version: HTTP/1.1)
HTTP/1.1 200 OK
Content-Type: application/json; charset=utf-8
cache-control: no-cache
content-length: 14

17:43:40.677 [AsyncHttpClient-1-8] DEBUG org.asynchttpclient.netty.channel.ChannelManager - Adding key: http://localhost:60878 for channel [id: 0x21a75c38, L:/127.0.0.1:57734 - R:localhost/127.0.0.1:60878]
17:43:40.689 [Forwarding screenshot on session 338fd2d2d6803e17e6dcf873948075e1 to remote] DEBUG org.asynchttpclient.netty.request.NettyRequestSender - Using pooled Channel '[id: 0x21a75c38, L:/127.0.0.1:57734 - R:localhost/127.0.0.1:60878]' for 'GET' to 'http://localhost:60878/session/338fd2d2d6803e17e6dcf873948075e1/screenshot'
17:43:40.689 [Forwarding screenshot on session 338fd2d2d6803e17e6dcf873948075e1 to remote] DEBUG org.asynchttpclient.netty.request.NettyRequestSender - Using open Channel [id: 0x21a75c38, L:/127.0.0.1:57734 - R:localhost/127.0.0.1:60878] for GET '/session/338fd2d2d6803e17e6dcf873948075e1/screenshot'
17:43:40.865 [AsyncHttpClient-1-8] DEBUG org.asynchttpclient.netty.handler.HttpHandler - 

Request DefaultFullHttpRequest(decodeResult: success, version: HTTP/1.1, content: EmptyByteBufBE)
GET /session/338fd2d2d6803e17e6dcf873948075e1/screenshot HTTP/1.1
User-Agent: selenium/4.1.2 (java windows)
Cache-Control: no-cache
Content-Type: application/json; charset=utf-8
host: localhost:60878
accept: */*

Response DefaultHttpResponse(decodeResult: success, version: HTTP/1.1)
HTTP/1.1 200 OK
Content-Type: application/json; charset=utf-8
cache-control: no-cache
content-length: 111808

17:43:40.866 [AsyncHttpClient-1-8] DEBUG org.asynchttpclient.netty.channel.ChannelManager - Adding key: http://localhost:60878 for channel [id: 0x21a75c38, L:/127.0.0.1:57734 - R:localhost/127.0.0.1:60878]
17:43:40.874 [main] DEBUG net.serenitybdd.core.photography.Darkroom - Send negative for processing for target\site\serenity\1537896afbf6148fdb7f455141c2e046d2ae91b4cba91bdae2d2ddeafd14e155.png
17:43:40.874 [main] DEBUG net.thucydides.core.steps.StepInterceptor - STEP DONE: clickNewDoctorXButton
  &amp#27;[32mThen &amp#27;[0m&amp#27;[32mI click new doctor form x button&amp#27;[0m     &amp#27;[90m# starter.stepdefinitions.DoctorSteps.iClickNewDoctorFormXButton()&amp#27;[0m
17:43:40.875 [Darkroom Processing Line] DEBUG net.serenitybdd.core.photography.DarkroomProcessingLine - Processing screenshot image in /var/screenshots/screenshot-16841085336963472801
17:43:40.875 [Darkroom Processing Line] DEBUG net.serenitybdd.core.photography.DarkroomProcessingLine - Saving screenshot to target\site\serenity\1537896afbf6148fdb7f455141c2e046d2ae91b4cba91bdae2d2ddeafd14e155.png
17:43:40.885 [main] INFO  - 
  _____   ___   ___   _____     ___     _     ___   ___   ___   ___  
 |_   _| | __| / __| |_   _|   | _ \   /_\   / __| / __| | __| |   \ 
   | |   | _|  \__ \   | |     |  _/  / _ \  \__ \ \__ \ | _|  | |) |
   |_|   |___| |___/   |_|     |_|   /_/ \_\ |___/ |___/ |___| |___/ 

Cancel Create New Doctor Scenario
----------------------------------------------------------------------
17:43:40.888 [AsyncHttpClient-1-2] DEBUG org.asynchttpclient.netty.handler.WebSocketHandler - Channel Closed: [id: 0x6eb5fa31, L:/127.0.0.1:57743 ! R:localhost/127.0.0.1:57735] with attribute NettyResponseFuture{currentRetry=5,
	isDone=1,
	isCancelled=0,
	asyncHandler=org.asynchttpclient.ws.WebSocketUpgradeHandler@1838bc87,
	nettyRequest=org.asynchttpclient.netty.request.NettyRequest@6cb89c0d,
	future=java.util.concurrent.CompletableFuture@447efad4[Completed normally],
	uri=ws://localhost:57735/devtools/browser/8e5e7aae-4929-4da6-b210-5e268c1e7a7e,
	keepAlive=true,
	redirectCount=0,
	timeoutsHolder=null,
	inAuth=0,
	touch=1655549015340}
17:43:40.889 [AsyncHttpClient-1-2] DEBUG org.asynchttpclient.netty.channel.ChannelManager - Closing Channel [id: 0x6eb5fa31, L:/127.0.0.1:57743 ! R:localhost/127.0.0.1:57735] 
17:43:40.890 [Driver Command Executor] DEBUG org.asynchttpclient.netty.request.NettyRequestSender - Using pooled Channel '[id: 0x21a75c38, L:/127.0.0.1:57734 - R:localhost/127.0.0.1:60878]' for 'DELETE' to 'http://localhost:60878/session/338fd2d2d6803e17e6dcf873948075e1'
17:43:40.890 [Driver Command Executor] DEBUG org.asynchttpclient.netty.request.NettyRequestSender - Using open Channel [id: 0x21a75c38, L:/127.0.0.1:57734 - R:localhost/127.0.0.1:60878] for DELETE '/session/338fd2d2d6803e17e6dcf873948075e1'
17:43:40.919 [AsyncHttpClient-1-9] DEBUG org.asynchttpclient.netty.handler.HttpHandler - Unexpected I/O exception on channel [id: 0x2a5a5689, L:/127.0.0.1:57742 - R:localhost/127.0.0.1:57735]
java.net.SocketException: Connection reset
	at java.base/sun.nio.ch.SocketChannelImpl.throwConnectionReset(SocketChannelImpl.java:367)
	at java.base/sun.nio.ch.SocketChannelImpl.read(SocketChannelImpl.java:398)
	at io.netty.buffer.PooledByteBuf.setBytes(PooledByteBuf.java:258)
	at io.netty.buffer.AbstractByteBuf.writeBytes(AbstractByteBuf.java:1132)
	at io.netty.channel.socket.nio.NioSocketChannel.doReadBytes(NioSocketChannel.java:350)
	at io.netty.channel.nio.AbstractNioByteChannel$NioByteUnsafe.read(AbstractNioByteChannel.java:151)
	at io.netty.channel.nio.NioEventLoop.processSelectedKey(NioEventLoop.java:722)
	at io.netty.channel.nio.NioEventLoop.processSelectedKeysOptimized(NioEventLoop.java:658)
	at io.netty.channel.nio.NioEventLoop.processSelectedKeys(NioEventLoop.java:584)
	at io.netty.channel.nio.NioEventLoop.run(NioEventLoop.java:496)
	at io.netty.util.concurrent.SingleThreadEventExecutor$4.run(SingleThreadEventExecutor.java:986)
	at io.netty.util.internal.ThreadExecutorMap$2.run(ThreadExecutorMap.java:74)
	at io.netty.util.concurrent.FastThreadLocalRunnable.run(FastThreadLocalRunnable.java:30)
	at java.base/java.lang.Thread.run(Thread.java:832)
17:43:40.920 [AsyncHttpClient-1-9] DEBUG org.asynchttpclient.netty.channel.ChannelManager - Closing Channel [id: 0x2a5a5689, L:/127.0.0.1:57742 - R:localhost/127.0.0.1:57735] 
17:43:40.920 [AsyncHttpClient-1-9] DEBUG org.asynchttpclient.netty.handler.HttpHandler - Channel Closed: [id: 0x2a5a5689, L:/127.0.0.1:57742 ! R:localhost/127.0.0.1:57735] with attribute DISCARD
17:43:40.942 [AsyncHttpClient-1-8] DEBUG org.asynchttpclient.netty.handler.HttpHandler - 

Request DefaultFullHttpRequest(decodeResult: success, version: HTTP/1.1, content: EmptyByteBufBE)
DELETE /session/338fd2d2d6803e17e6dcf873948075e1 HTTP/1.1
User-Agent: selenium/4.1.2 (java windows)
Content-Type: application/json; charset=utf-8
host: localhost:60878
accept: */*

Response DefaultHttpResponse(decodeResult: success, version: HTTP/1.1)
HTTP/1.1 200 OK
Content-Type: application/json; charset=utf-8
cache-control: no-cache
content-length: 14

17:43:40.942 [AsyncHttpClient-1-8] DEBUG org.asynchttpclient.netty.channel.ChannelManager - Adding key: http://localhost:60878 for channel [id: 0x21a75c38, L:/127.0.0.1:57734 - R:localhost/127.0.0.1:60878]
17:43:41.077 [AsyncHttpClient-1-8] DEBUG org.asynchttpclient.netty.handler.HttpHandler - Channel Closed: [id: 0x21a75c38, L:/127.0.0.1:57734 ! R:localhost/127.0.0.1:60878] with attribute DISCARD
17:43:41.301 [AsyncHttpClient-1-1] DEBUG org.asynchttpclient.netty.channel.DefaultChannelPool - Entry count for : http://localhost:57735 : 1
17:43:41.301 [AsyncHttpClient-1-1] DEBUG org.asynchttpclient.netty.channel.DefaultChannelPool - Entry count for : http://localhost:60878 : 1
17:43:41.301 [AsyncHttpClient-1-1] DEBUG org.asynchttpclient.netty.channel.DefaultChannelPool - Adding Candidate expired Channel [id: 0x2a5a5689, L:/127.0.0.1:57742 ! R:localhost/127.0.0.1:57735] isIdleTimeoutExpired=false isRemotelyClosed=true isTtlExpired=false
17:43:41.301 [AsyncHttpClient-1-1] DEBUG org.asynchttpclient.netty.channel.DefaultChannelPool - Closing Idle Channel [id: 0x2a5a5689, L:/127.0.0.1:57742 ! R:localhost/127.0.0.1:57735]
17:43:41.301 [AsyncHttpClient-1-1] DEBUG org.asynchttpclient.netty.channel.DefaultChannelPool - Adding Candidate expired Channel [id: 0x21a75c38, L:/127.0.0.1:57734 ! R:localhost/127.0.0.1:60878] isIdleTimeoutExpired=false isRemotelyClosed=true isTtlExpired=false
17:43:41.301 [AsyncHttpClient-1-1] DEBUG org.asynchttpclient.netty.channel.DefaultChannelPool - Closing Idle Channel [id: 0x21a75c38, L:/127.0.0.1:57734 ! R:localhost/127.0.0.1:60878]
17:43:41.307 [AsyncHttpClient-1-1] DEBUG org.asynchttpclient.netty.channel.DefaultChannelPool - Closed 2 connections out of 2 in 6 ms
]]></system-out>
    <system-err><![CDATA[Starting ChromeDriver 102.0.5005.61 (0e59bcc00cc4985ce39ad31c150065f159d95ad3-refs/branch-heads/5005@{#819}) on port 60878
Only local connections are allowed.
Please see https://chromedriver.chromium.org/security-considerations for suggestions on keeping ChromeDriver safe.
ChromeDriver was started successfully.
Jun 18, 2022 5:43:35 PM org.openqa.selenium.remote.ProtocolHandshake createSession
INFO: Detected dialect: W3C
Jun 18, 2022 5:43:35 PM org.openqa.selenium.devtools.CdpVersionFinder findNearestMatch
WARNING: Unable to find an exact match for CDP version 102, so returning the closest version found: a no-op implementation
Jun 18, 2022 5:43:35 PM org.openqa.selenium.devtools.CdpVersionFinder findNearestMatch
INFO: Unable to find CDP implementation matching 102.
Jun 18, 2022 5:43:35 PM org.openqa.selenium.chromium.ChromiumDriver lambda$new$3
WARNING: Unable to find version of CDP to use for . You may need to include a dependency on a specific version of the CDP using something similar to `org.seleniumhq.selenium:selenium-devtools-v86:4.1.2` where the version ("v86") matches the version of the chromium-based browser you're using and the version number of the artifact is the same as Selenium's.
]]></system-err>
  </testcase>
  <testcase name="Edit Doctor Data Scenario" classname="Doctor" time="13.431">
    <system-out><![CDATA[
@Doctor @EditDoctor
Scenario: Edit Doctor Data Scenario            &amp#27;[90m# src/test/resources/features/3.Doctor.feature:23&amp#27;[0m
17:43:41.600 [main] INFO io.cucumber.core.plugin.SerenityReporter - Running feature from file:///E:/My%20Documents/File%20Difa/TI%20Semester%206%20Kampus%20Merdeka%20Alterra/Tugas/CAPSTONE%20Project/Capstone-Project-Website/src/test/resources/features/3.Doctor.feature
17:43:41.602 [main] INFO  - 
  _____   ___   ___   _____     ___   _____     _     ___   _____   ___   ___  
 |_   _| | __| / __| |_   _|   / __| |_   _|   /_\   | _ \ |_   _| | __| |   \ 
   | |   | _|  \__ \   | |     \__ \   | |    / _ \  |   /   | |   | _|  | |) |
   |_|   |___| |___/   |_|     |___/   |_|   /_/ \_\ |_|_\   |_|   |___| |___/ 

Edit Doctor Data Scenario(doctor;edit-doctor-data-scenario)
--------------------------------------------------------------------------------
17:43:41.620 [main] DEBUG net.thucydides.core.steps.StepInterceptor - STARTING STEP: DoctorSteps.iAmAtTheDashboardPage - openUrl
17:43:41.622 [main] INFO net.serenitybdd.core.webdriver.driverproviders.ChromeDriverProvider - Using automatically driver download
17:43:41.953 [main] DEBUG io.github.bonigarcia.wdm.cache.ResolutionCache - Resolution chrome=102 in cache (valid until 18:14:23 18/06/2022 ICT)
17:43:41.959 [main] DEBUG io.github.bonigarcia.wdm.cache.ResolutionCache - Resolution chrome102=102.0.5005.61 in cache (valid until 17:29:52 19/06/2022 ICT)
17:43:41.962 [main] INFO io.github.bonigarcia.wdm.WebDriverManager - Using chromedriver 102.0.5005.61 (resolved driver for Chrome 102)
17:43:41.991 [main] DEBUG io.github.bonigarcia.wdm.WebDriverManager - Driver chromedriver 102.0.5005.61 found in cache
17:43:41.992 [main] INFO io.github.bonigarcia.wdm.WebDriverManager - Exporting webdriver.chrome.driver as C:\Users\USER\.cache\selenium\chromedriver\win32\102.0.5005.61\chromedriver.exe
17:43:42.373 [main] DEBUG net.serenitybdd.core.webdriver.driverproviders.ProvideNewDriver - Instantiating driver
17:43:42.373 [main] DEBUG net.serenitybdd.core.webdriver.driverproviders.ProvideNewDriver - Driver capabilities: Capabilities {acceptInsecureCerts: false, base.url: https://hospital-management..., browserName: chrome, chrome.driver: src/test/resources/webdrive..., driver: chrome, goog:chromeOptions: {args: [], extensions: []}}
17:43:42.911 [AsyncHttpClient-1-3] DEBUG org.asynchttpclient.netty.channel.NettyConnectListener - Using new Channel '[id: 0x8ee2ed3f, L:/127.0.0.1:57764 - R:localhost/127.0.0.1:58268]' for 'POST' to '/session'
17:43:44.168 [AsyncHttpClient-1-3] DEBUG org.asynchttpclient.netty.handler.HttpHandler - 

Request DefaultHttpRequest(decodeResult: success, version: HTTP/1.1)
POST /session HTTP/1.1
User-Agent: selenium/4.1.2 (java windows)
Content-Length: 621
Content-Type: application/json; charset=utf-8
host: localhost:58268
accept: */*

Response DefaultHttpResponse(decodeResult: success, version: HTTP/1.1)
HTTP/1.1 200 OK
Content-Type: application/json; charset=utf-8
cache-control: no-cache
content-length: 788

17:43:44.168 [AsyncHttpClient-1-3] DEBUG org.asynchttpclient.netty.channel.ChannelManager - Adding key: http://localhost:58268 for channel [id: 0x8ee2ed3f, L:/127.0.0.1:57764 - R:localhost/127.0.0.1:58268]
17:43:44.180 [AsyncHttpClient-1-4] DEBUG org.asynchttpclient.netty.channel.NettyConnectListener - Using new Channel '[id: 0x77af9abe, L:/127.0.0.1:57771 - R:localhost/127.0.0.1:57766]' for 'GET' to '/json/version'
17:43:44.181 [AsyncHttpClient-1-4] DEBUG org.asynchttpclient.netty.handler.HttpHandler - 

Request DefaultFullHttpRequest(decodeResult: success, version: HTTP/1.1, content: EmptyByteBufBE)
GET /json/version HTTP/1.1
User-Agent: selenium/4.1.2 (java windows)
host: localhost:57766
accept: */*

Response DefaultHttpResponse(decodeResult: success, version: HTTP/1.1)
HTTP/1.1 200 OK
Content-Type: application/json; charset=UTF-8
content-length: 427

17:43:44.181 [AsyncHttpClient-1-4] DEBUG org.asynchttpclient.netty.channel.ChannelManager - Adding key: http://localhost:57766 for channel [id: 0x77af9abe, L:/127.0.0.1:57771 - R:localhost/127.0.0.1:57766]
17:43:44.184 [AsyncHttpClient-1-5] DEBUG org.asynchttpclient.netty.channel.NettyConnectListener - Using new Channel '[id: 0x79ca06ab, L:/127.0.0.1:57772 - R:localhost/127.0.0.1:57766]' for 'GET' to '/devtools/browser/e4d46c24-d36f-49bc-8adc-eff79e8757f9'
17:43:44.185 [AsyncHttpClient-1-5] DEBUG org.asynchttpclient.netty.handler.WebSocketHandler - 

Request DefaultFullHttpRequest(decodeResult: success, version: HTTP/1.1, content: EmptyByteBufBE)
GET /devtools/browser/e4d46c24-d36f-49bc-8adc-eff79e8757f9 HTTP/1.1
upgrade: websocket
connection: upgrade
sec-websocket-key: xO0ZJoqfBGXY7icUBQWdmw==
sec-websocket-version: 13
origin: http://localhost:57766
host: localhost:57766
accept: */*
user-agent: AHC/2.1

Response DefaultHttpResponse(decodeResult: success, version: HTTP/1.1)
HTTP/1.1 101 WebSocket Protocol Handshake
Upgrade: WebSocket
Connection: Upgrade
Sec-WebSocket-Accept: w1tqbLbgQnEij6WJVtF/3Qt8T9s=

17:43:44.191 [Forwarding maximizeCurrentWindow on session 93ba892ecb085b60d0d62d55282f0aa7 to remote] DEBUG org.asynchttpclient.netty.request.NettyRequestSender - Using pooled Channel '[id: 0x8ee2ed3f, L:/127.0.0.1:57764 - R:localhost/127.0.0.1:58268]' for 'POST' to 'http://localhost:58268/session/93ba892ecb085b60d0d62d55282f0aa7/window/maximize'
17:43:44.191 [Forwarding maximizeCurrentWindow on session 93ba892ecb085b60d0d62d55282f0aa7 to remote] DEBUG org.asynchttpclient.netty.request.NettyRequestSender - Using open Channel [id: 0x8ee2ed3f, L:/127.0.0.1:57764 - R:localhost/127.0.0.1:58268] for POST '/session/93ba892ecb085b60d0d62d55282f0aa7/window/maximize'
17:43:44.312 [AsyncHttpClient-1-3] DEBUG org.asynchttpclient.netty.handler.HttpHandler - 

Request DefaultHttpRequest(decodeResult: success, version: HTTP/1.1)
POST /session/93ba892ecb085b60d0d62d55282f0aa7/window/maximize HTTP/1.1
User-Agent: selenium/4.1.2 (java windows)
Content-Length: 3
Content-Type: application/json; charset=utf-8
host: localhost:58268
accept: */*

Response DefaultHttpResponse(decodeResult: success, version: HTTP/1.1)
HTTP/1.1 200 OK
Content-Type: application/json; charset=utf-8
cache-control: no-cache
content-length: 51

17:43:44.312 [AsyncHttpClient-1-3] DEBUG org.asynchttpclient.netty.channel.ChannelManager - Adding key: http://localhost:58268 for channel [id: 0x8ee2ed3f, L:/127.0.0.1:57764 - R:localhost/127.0.0.1:58268]
17:43:44.314 [Forwarding get on session 93ba892ecb085b60d0d62d55282f0aa7 to remote] DEBUG org.asynchttpclient.netty.request.NettyRequestSender - Using pooled Channel '[id: 0x8ee2ed3f, L:/127.0.0.1:57764 - R:localhost/127.0.0.1:58268]' for 'POST' to 'http://localhost:58268/session/93ba892ecb085b60d0d62d55282f0aa7/url'
17:43:44.314 [Forwarding get on session 93ba892ecb085b60d0d62d55282f0aa7 to remote] DEBUG org.asynchttpclient.netty.request.NettyRequestSender - Using open Channel [id: 0x8ee2ed3f, L:/127.0.0.1:57764 - R:localhost/127.0.0.1:58268] for POST '/session/93ba892ecb085b60d0d62d55282f0aa7/url'
17:43:44.602 [AsyncHttpClient-1-1] DEBUG org.asynchttpclient.netty.channel.DefaultChannelPool - Entry count for : http://localhost:57766 : 1
17:43:45.701 [AsyncHttpClient-1-1] DEBUG org.asynchttpclient.netty.channel.DefaultChannelPool - Entry count for : http://localhost:57766 : 1
17:43:46.803 [AsyncHttpClient-1-1] DEBUG org.asynchttpclient.netty.channel.DefaultChannelPool - Entry count for : http://localhost:57766 : 1
17:43:47.901 [AsyncHttpClient-1-1] DEBUG org.asynchttpclient.netty.channel.DefaultChannelPool - Entry count for : http://localhost:57766 : 1
17:43:48.028 [AsyncHttpClient-1-3] DEBUG org.asynchttpclient.netty.handler.HttpHandler - 

Request DefaultHttpRequest(decodeResult: success, version: HTTP/1.1)
POST /session/93ba892ecb085b60d0d62d55282f0aa7/url HTTP/1.1
User-Agent: selenium/4.1.2 (java windows)
Content-Length: 65
Content-Type: application/json; charset=utf-8
host: localhost:58268
accept: */*

Response DefaultHttpResponse(decodeResult: success, version: HTTP/1.1)
HTTP/1.1 200 OK
Content-Type: application/json; charset=utf-8
cache-control: no-cache
content-length: 14

17:43:48.028 [AsyncHttpClient-1-3] DEBUG org.asynchttpclient.netty.channel.ChannelManager - Adding key: http://localhost:58268 for channel [id: 0x8ee2ed3f, L:/127.0.0.1:57764 - R:localhost/127.0.0.1:58268]
17:43:48.030 [Forwarding setTimeout on session 93ba892ecb085b60d0d62d55282f0aa7 to remote] DEBUG org.asynchttpclient.netty.request.NettyRequestSender - Using pooled Channel '[id: 0x8ee2ed3f, L:/127.0.0.1:57764 - R:localhost/127.0.0.1:58268]' for 'POST' to 'http://localhost:58268/session/93ba892ecb085b60d0d62d55282f0aa7/timeouts'
17:43:48.030 [Forwarding setTimeout on session 93ba892ecb085b60d0d62d55282f0aa7 to remote] DEBUG org.asynchttpclient.netty.request.NettyRequestSender - Using open Channel [id: 0x8ee2ed3f, L:/127.0.0.1:57764 - R:localhost/127.0.0.1:58268] for POST '/session/93ba892ecb085b60d0d62d55282f0aa7/timeouts'
17:43:48.031 [AsyncHttpClient-1-3] DEBUG org.asynchttpclient.netty.handler.HttpHandler - 

Request DefaultHttpRequest(decodeResult: success, version: HTTP/1.1)
POST /session/93ba892ecb085b60d0d62d55282f0aa7/timeouts HTTP/1.1
User-Agent: selenium/4.1.2 (java windows)
Content-Length: 22
Content-Type: application/json; charset=utf-8
host: localhost:58268
accept: */*

Response DefaultHttpResponse(decodeResult: success, version: HTTP/1.1)
HTTP/1.1 200 OK
Content-Type: application/json; charset=utf-8
cache-control: no-cache
content-length: 14

17:43:48.031 [AsyncHttpClient-1-3] DEBUG org.asynchttpclient.netty.channel.ChannelManager - Adding key: http://localhost:58268 for channel [id: 0x8ee2ed3f, L:/127.0.0.1:57764 - R:localhost/127.0.0.1:58268]
17:43:48.036 [Forwarding getCurrentUrl on session 93ba892ecb085b60d0d62d55282f0aa7 to remote] DEBUG org.asynchttpclient.netty.request.NettyRequestSender - Using pooled Channel '[id: 0x8ee2ed3f, L:/127.0.0.1:57764 - R:localhost/127.0.0.1:58268]' for 'GET' to 'http://localhost:58268/session/93ba892ecb085b60d0d62d55282f0aa7/url'
17:43:48.036 [Forwarding getCurrentUrl on session 93ba892ecb085b60d0d62d55282f0aa7 to remote] DEBUG org.asynchttpclient.netty.request.NettyRequestSender - Using open Channel [id: 0x8ee2ed3f, L:/127.0.0.1:57764 - R:localhost/127.0.0.1:58268] for GET '/session/93ba892ecb085b60d0d62d55282f0aa7/url'
17:43:48.042 [AsyncHttpClient-1-3] DEBUG org.asynchttpclient.netty.handler.HttpHandler - 

Request DefaultFullHttpRequest(decodeResult: success, version: HTTP/1.1, content: EmptyByteBufBE)
GET /session/93ba892ecb085b60d0d62d55282f0aa7/url HTTP/1.1
User-Agent: selenium/4.1.2 (java windows)
Cache-Control: no-cache
Content-Type: application/json; charset=utf-8
host: localhost:58268
accept: */*

Response DefaultHttpResponse(decodeResult: success, version: HTTP/1.1)
HTTP/1.1 200 OK
Content-Type: application/json; charset=utf-8
cache-control: no-cache
content-length: 53

17:43:48.042 [AsyncHttpClient-1-3] DEBUG org.asynchttpclient.netty.channel.ChannelManager - Adding key: http://localhost:58268 for channel [id: 0x8ee2ed3f, L:/127.0.0.1:57764 - R:localhost/127.0.0.1:58268]
17:43:48.049 [Forwarding getCurrentUrl on session 93ba892ecb085b60d0d62d55282f0aa7 to remote] DEBUG org.asynchttpclient.netty.request.NettyRequestSender - Using pooled Channel '[id: 0x8ee2ed3f, L:/127.0.0.1:57764 - R:localhost/127.0.0.1:58268]' for 'GET' to 'http://localhost:58268/session/93ba892ecb085b60d0d62d55282f0aa7/url'
17:43:48.049 [Forwarding getCurrentUrl on session 93ba892ecb085b60d0d62d55282f0aa7 to remote] DEBUG org.asynchttpclient.netty.request.NettyRequestSender - Using open Channel [id: 0x8ee2ed3f, L:/127.0.0.1:57764 - R:localhost/127.0.0.1:58268] for GET '/session/93ba892ecb085b60d0d62d55282f0aa7/url'
17:43:48.053 [AsyncHttpClient-1-3] DEBUG org.asynchttpclient.netty.handler.HttpHandler - 

Request DefaultFullHttpRequest(decodeResult: success, version: HTTP/1.1, content: EmptyByteBufBE)
GET /session/93ba892ecb085b60d0d62d55282f0aa7/url HTTP/1.1
User-Agent: selenium/4.1.2 (java windows)
Cache-Control: no-cache
Content-Type: application/json; charset=utf-8
host: localhost:58268
accept: */*

Response DefaultHttpResponse(decodeResult: success, version: HTTP/1.1)
HTTP/1.1 200 OK
Content-Type: application/json; charset=utf-8
cache-control: no-cache
content-length: 53

17:43:48.053 [AsyncHttpClient-1-3] DEBUG org.asynchttpclient.netty.channel.ChannelManager - Adding key: http://localhost:58268 for channel [id: 0x8ee2ed3f, L:/127.0.0.1:57764 - R:localhost/127.0.0.1:58268]
17:43:48.058 [Forwarding screenshot on session 93ba892ecb085b60d0d62d55282f0aa7 to remote] DEBUG org.asynchttpclient.netty.request.NettyRequestSender - Using pooled Channel '[id: 0x8ee2ed3f, L:/127.0.0.1:57764 - R:localhost/127.0.0.1:58268]' for 'GET' to 'http://localhost:58268/session/93ba892ecb085b60d0d62d55282f0aa7/screenshot'
17:43:48.058 [Forwarding screenshot on session 93ba892ecb085b60d0d62d55282f0aa7 to remote] DEBUG org.asynchttpclient.netty.request.NettyRequestSender - Using open Channel [id: 0x8ee2ed3f, L:/127.0.0.1:57764 - R:localhost/127.0.0.1:58268] for GET '/session/93ba892ecb085b60d0d62d55282f0aa7/screenshot'
17:43:48.307 [AsyncHttpClient-1-3] DEBUG org.asynchttpclient.netty.handler.HttpHandler - 

Request DefaultFullHttpRequest(decodeResult: success, version: HTTP/1.1, content: EmptyByteBufBE)
GET /session/93ba892ecb085b60d0d62d55282f0aa7/screenshot HTTP/1.1
User-Agent: selenium/4.1.2 (java windows)
Cache-Control: no-cache
Content-Type: application/json; charset=utf-8
host: localhost:58268
accept: */*

Response DefaultHttpResponse(decodeResult: success, version: HTTP/1.1)
HTTP/1.1 200 OK
Content-Type: application/json; charset=utf-8
cache-control: no-cache
content-length: 382596

17:43:48.310 [AsyncHttpClient-1-3] DEBUG org.asynchttpclient.netty.channel.ChannelManager - Adding key: http://localhost:58268 for channel [id: 0x8ee2ed3f, L:/127.0.0.1:57764 - R:localhost/127.0.0.1:58268]
17:43:48.336 [main] DEBUG net.serenitybdd.core.photography.Darkroom - Send negative for processing for target\site\serenity\ed15a54c91c342d96a850276df7b559f4526b370fc93040e3c407a48a170f368.png
17:43:48.336 [main] DEBUG net.thucydides.core.steps.StepInterceptor - STEP DONE: openUrl
17:43:48.347 [main] DEBUG net.thucydides.core.steps.StepInterceptor - STARTING STEP: DoctorSteps.iAmAtTheDashboardPage - validateOnDashboardPage
17:43:48.351 [Forwarding findElement on session 93ba892ecb085b60d0d62d55282f0aa7 to remote] DEBUG org.asynchttpclient.netty.request.NettyRequestSender - Using pooled Channel '[id: 0x8ee2ed3f, L:/127.0.0.1:57764 - R:localhost/127.0.0.1:58268]' for 'POST' to 'http://localhost:58268/session/93ba892ecb085b60d0d62d55282f0aa7/element'
17:43:48.351 [Forwarding findElement on session 93ba892ecb085b60d0d62d55282f0aa7 to remote] DEBUG org.asynchttpclient.netty.request.NettyRequestSender - Using open Channel [id: 0x8ee2ed3f, L:/127.0.0.1:57764 - R:localhost/127.0.0.1:58268] for POST '/session/93ba892ecb085b60d0d62d55282f0aa7/element'
17:43:48.549 [AsyncHttpClient-1-3] DEBUG org.asynchttpclient.netty.handler.HttpHandler - 

Request DefaultHttpRequest(decodeResult: success, version: HTTP/1.1)
POST /session/93ba892ecb085b60d0d62d55282f0aa7/element HTTP/1.1
User-Agent: selenium/4.1.2 (java windows)
Content-Length: 81
Content-Type: application/json; charset=utf-8
host: localhost:58268
accept: */*

Response DefaultHttpResponse(decodeResult: success, version: HTTP/1.1)
HTTP/1.1 200 OK
Content-Type: application/json; charset=utf-8
cache-control: no-cache
content-length: 88

17:43:48.550 [AsyncHttpClient-1-3] DEBUG org.asynchttpclient.netty.channel.ChannelManager - Adding key: http://localhost:58268 for channel [id: 0x8ee2ed3f, L:/127.0.0.1:57764 - R:localhost/127.0.0.1:58268]
17:43:48.554 [Forwarding isElementDisplayed on session 93ba892ecb085b60d0d62d55282f0aa7 to remote] DEBUG org.asynchttpclient.netty.request.NettyRequestSender - Using pooled Channel '[id: 0x8ee2ed3f, L:/127.0.0.1:57764 - R:localhost/127.0.0.1:58268]' for 'POST' to 'http://localhost:58268/session/93ba892ecb085b60d0d62d55282f0aa7/execute/sync'
17:43:48.554 [Forwarding isElementDisplayed on session 93ba892ecb085b60d0d62d55282f0aa7 to remote] DEBUG org.asynchttpclient.netty.request.NettyRequestSender - Using open Channel [id: 0x8ee2ed3f, L:/127.0.0.1:57764 - R:localhost/127.0.0.1:58268] for POST '/session/93ba892ecb085b60d0d62d55282f0aa7/execute/sync'
17:43:48.574 [AsyncHttpClient-1-3] DEBUG org.asynchttpclient.netty.handler.HttpHandler - 

Request DefaultHttpRequest(decodeResult: success, version: HTTP/1.1)
POST /session/93ba892ecb085b60d0d62d55282f0aa7/execute/sync HTTP/1.1
User-Agent: selenium/4.1.2 (java windows)
Content-Length: 48780
Content-Type: application/json; charset=utf-8
host: localhost:58268
accept: */*

Response DefaultHttpResponse(decodeResult: success, version: HTTP/1.1)
HTTP/1.1 200 OK
Content-Type: application/json; charset=utf-8
cache-control: no-cache
content-length: 14

17:43:48.574 [AsyncHttpClient-1-3] DEBUG org.asynchttpclient.netty.channel.ChannelManager - Adding key: http://localhost:58268 for channel [id: 0x8ee2ed3f, L:/127.0.0.1:57764 - R:localhost/127.0.0.1:58268]
17:43:48.581 [Forwarding screenshot on session 93ba892ecb085b60d0d62d55282f0aa7 to remote] DEBUG org.asynchttpclient.netty.request.NettyRequestSender - Using pooled Channel '[id: 0x8ee2ed3f, L:/127.0.0.1:57764 - R:localhost/127.0.0.1:58268]' for 'GET' to 'http://localhost:58268/session/93ba892ecb085b60d0d62d55282f0aa7/screenshot'
17:43:48.581 [Forwarding screenshot on session 93ba892ecb085b60d0d62d55282f0aa7 to remote] DEBUG org.asynchttpclient.netty.request.NettyRequestSender - Using open Channel [id: 0x8ee2ed3f, L:/127.0.0.1:57764 - R:localhost/127.0.0.1:58268] for GET '/session/93ba892ecb085b60d0d62d55282f0aa7/screenshot'
17:43:48.857 [AsyncHttpClient-1-3] DEBUG org.asynchttpclient.netty.handler.HttpHandler - 

Request DefaultFullHttpRequest(decodeResult: success, version: HTTP/1.1, content: EmptyByteBufBE)
GET /session/93ba892ecb085b60d0d62d55282f0aa7/screenshot HTTP/1.1
User-Agent: selenium/4.1.2 (java windows)
Cache-Control: no-cache
Content-Type: application/json; charset=utf-8
host: localhost:58268
accept: */*

Response DefaultHttpResponse(decodeResult: success, version: HTTP/1.1)
HTTP/1.1 200 OK
Content-Type: application/json; charset=utf-8
cache-control: no-cache
content-length: 351816

17:43:48.859 [AsyncHttpClient-1-3] DEBUG org.asynchttpclient.netty.channel.ChannelManager - Adding key: http://localhost:58268 for channel [id: 0x8ee2ed3f, L:/127.0.0.1:57764 - R:localhost/127.0.0.1:58268]
17:43:48.880 [main] DEBUG net.serenitybdd.core.photography.Darkroom - Send negative for processing for target\site\serenity\20277f1d76f1b925628464fcd1ece5de77a814679d1be3fdcf836a7ddadfed60.png
17:43:48.881 [main] DEBUG net.thucydides.core.steps.StepInterceptor - STEP DONE: validateOnDashboardPage
  &amp#27;[32mGiven &amp#27;[0m&amp#27;[32mI'am at the dashboard page&amp#27;[0m             &amp#27;[90m# starter.stepdefinitions.DoctorSteps.iAmAtTheDashboardPage()&amp#27;[0m
17:43:48.899 [main] DEBUG net.thucydides.core.steps.StepInterceptor - STARTING STEP: DoctorSteps.iClickMenuDoctor - clickMenuDoctorButton
17:43:48.904 [Forwarding findElement on session 93ba892ecb085b60d0d62d55282f0aa7 to remote] DEBUG org.asynchttpclient.netty.request.NettyRequestSender - Using pooled Channel '[id: 0x8ee2ed3f, L:/127.0.0.1:57764 - R:localhost/127.0.0.1:58268]' for 'POST' to 'http://localhost:58268/session/93ba892ecb085b60d0d62d55282f0aa7/element'
17:43:48.904 [Forwarding findElement on session 93ba892ecb085b60d0d62d55282f0aa7 to remote] DEBUG org.asynchttpclient.netty.request.NettyRequestSender - Using open Channel [id: 0x8ee2ed3f, L:/127.0.0.1:57764 - R:localhost/127.0.0.1:58268] for POST '/session/93ba892ecb085b60d0d62d55282f0aa7/element'
17:43:48.920 [AsyncHttpClient-1-3] DEBUG org.asynchttpclient.netty.handler.HttpHandler - 

Request DefaultHttpRequest(decodeResult: success, version: HTTP/1.1)
POST /session/93ba892ecb085b60d0d62d55282f0aa7/element HTTP/1.1
User-Agent: selenium/4.1.2 (java windows)
Content-Length: 79
Content-Type: application/json; charset=utf-8
host: localhost:58268
accept: */*

Response DefaultHttpResponse(decodeResult: success, version: HTTP/1.1)
HTTP/1.1 200 OK
Content-Type: application/json; charset=utf-8
cache-control: no-cache
content-length: 88

17:43:48.920 [AsyncHttpClient-1-3] DEBUG org.asynchttpclient.netty.channel.ChannelManager - Adding key: http://localhost:58268 for channel [id: 0x8ee2ed3f, L:/127.0.0.1:57764 - R:localhost/127.0.0.1:58268]
17:43:48.921 [Forwarding getElementTagName on session 93ba892ecb085b60d0d62d55282f0aa7 to remote] DEBUG org.asynchttpclient.netty.request.NettyRequestSender - Using pooled Channel '[id: 0x8ee2ed3f, L:/127.0.0.1:57764 - R:localhost/127.0.0.1:58268]' for 'GET' to 'http://localhost:58268/session/93ba892ecb085b60d0d62d55282f0aa7/element/ac7a1677-35c4-412a-8d90-d0b4818dd3e8/name'
17:43:48.921 [Forwarding getElementTagName on session 93ba892ecb085b60d0d62d55282f0aa7 to remote] DEBUG org.asynchttpclient.netty.request.NettyRequestSender - Using open Channel [id: 0x8ee2ed3f, L:/127.0.0.1:57764 - R:localhost/127.0.0.1:58268] for GET '/session/93ba892ecb085b60d0d62d55282f0aa7/element/ac7a1677-35c4-412a-8d90-d0b4818dd3e8/name'
17:43:48.927 [AsyncHttpClient-1-3] DEBUG org.asynchttpclient.netty.handler.HttpHandler - 

Request DefaultFullHttpRequest(decodeResult: success, version: HTTP/1.1, content: EmptyByteBufBE)
GET /session/93ba892ecb085b60d0d62d55282f0aa7/element/ac7a1677-35c4-412a-8d90-d0b4818dd3e8/name HTTP/1.1
User-Agent: selenium/4.1.2 (java windows)
Cache-Control: no-cache
Content-Type: application/json; charset=utf-8
host: localhost:58268
accept: */*

Response DefaultHttpResponse(decodeResult: success, version: HTTP/1.1)
HTTP/1.1 200 OK
Content-Type: application/json; charset=utf-8
cache-control: no-cache
content-length: 15

17:43:48.927 [AsyncHttpClient-1-3] DEBUG org.asynchttpclient.netty.channel.ChannelManager - Adding key: http://localhost:58268 for channel [id: 0x8ee2ed3f, L:/127.0.0.1:57764 - R:localhost/127.0.0.1:58268]
17:43:48.928 [Forwarding getElementTagName on session 93ba892ecb085b60d0d62d55282f0aa7 to remote] DEBUG org.asynchttpclient.netty.request.NettyRequestSender - Using pooled Channel '[id: 0x8ee2ed3f, L:/127.0.0.1:57764 - R:localhost/127.0.0.1:58268]' for 'GET' to 'http://localhost:58268/session/93ba892ecb085b60d0d62d55282f0aa7/element/ac7a1677-35c4-412a-8d90-d0b4818dd3e8/name'
17:43:48.928 [Forwarding getElementTagName on session 93ba892ecb085b60d0d62d55282f0aa7 to remote] DEBUG org.asynchttpclient.netty.request.NettyRequestSender - Using open Channel [id: 0x8ee2ed3f, L:/127.0.0.1:57764 - R:localhost/127.0.0.1:58268] for GET '/session/93ba892ecb085b60d0d62d55282f0aa7/element/ac7a1677-35c4-412a-8d90-d0b4818dd3e8/name'
17:43:48.932 [AsyncHttpClient-1-3] DEBUG org.asynchttpclient.netty.handler.HttpHandler - 

Request DefaultFullHttpRequest(decodeResult: success, version: HTTP/1.1, content: EmptyByteBufBE)
GET /session/93ba892ecb085b60d0d62d55282f0aa7/element/ac7a1677-35c4-412a-8d90-d0b4818dd3e8/name HTTP/1.1
User-Agent: selenium/4.1.2 (java windows)
Cache-Control: no-cache
Content-Type: application/json; charset=utf-8
host: localhost:58268
accept: */*

Response DefaultHttpResponse(decodeResult: success, version: HTTP/1.1)
HTTP/1.1 200 OK
Content-Type: application/json; charset=utf-8
cache-control: no-cache
content-length: 15

17:43:48.932 [AsyncHttpClient-1-3] DEBUG org.asynchttpclient.netty.channel.ChannelManager - Adding key: http://localhost:58268 for channel [id: 0x8ee2ed3f, L:/127.0.0.1:57764 - R:localhost/127.0.0.1:58268]
17:43:48.934 [Forwarding findElement on session 93ba892ecb085b60d0d62d55282f0aa7 to remote] DEBUG org.asynchttpclient.netty.request.NettyRequestSender - Using pooled Channel '[id: 0x8ee2ed3f, L:/127.0.0.1:57764 - R:localhost/127.0.0.1:58268]' for 'POST' to 'http://localhost:58268/session/93ba892ecb085b60d0d62d55282f0aa7/element'
17:43:48.934 [Forwarding findElement on session 93ba892ecb085b60d0d62d55282f0aa7 to remote] DEBUG org.asynchttpclient.netty.request.NettyRequestSender - Using open Channel [id: 0x8ee2ed3f, L:/127.0.0.1:57764 - R:localhost/127.0.0.1:58268] for POST '/session/93ba892ecb085b60d0d62d55282f0aa7/element'
17:43:48.943 [AsyncHttpClient-1-3] DEBUG org.asynchttpclient.netty.handler.HttpHandler - 

Request DefaultHttpRequest(decodeResult: success, version: HTTP/1.1)
POST /session/93ba892ecb085b60d0d62d55282f0aa7/element HTTP/1.1
User-Agent: selenium/4.1.2 (java windows)
Content-Length: 79
Content-Type: application/json; charset=utf-8
host: localhost:58268
accept: */*

Response DefaultHttpResponse(decodeResult: success, version: HTTP/1.1)
HTTP/1.1 200 OK
Content-Type: application/json; charset=utf-8
cache-control: no-cache
content-length: 88

17:43:48.943 [AsyncHttpClient-1-3] DEBUG org.asynchttpclient.netty.channel.ChannelManager - Adding key: http://localhost:58268 for channel [id: 0x8ee2ed3f, L:/127.0.0.1:57764 - R:localhost/127.0.0.1:58268]
17:43:48.945 [Forwarding clickElement on session 93ba892ecb085b60d0d62d55282f0aa7 to remote] DEBUG org.asynchttpclient.netty.request.NettyRequestSender - Using pooled Channel '[id: 0x8ee2ed3f, L:/127.0.0.1:57764 - R:localhost/127.0.0.1:58268]' for 'POST' to 'http://localhost:58268/session/93ba892ecb085b60d0d62d55282f0aa7/element/ac7a1677-35c4-412a-8d90-d0b4818dd3e8/click'
17:43:48.945 [Forwarding clickElement on session 93ba892ecb085b60d0d62d55282f0aa7 to remote] DEBUG org.asynchttpclient.netty.request.NettyRequestSender - Using open Channel [id: 0x8ee2ed3f, L:/127.0.0.1:57764 - R:localhost/127.0.0.1:58268] for POST '/session/93ba892ecb085b60d0d62d55282f0aa7/element/ac7a1677-35c4-412a-8d90-d0b4818dd3e8/click'
17:43:49.001 [AsyncHttpClient-1-1] DEBUG org.asynchttpclient.netty.channel.DefaultChannelPool - Entry count for : http://localhost:57766 : 1
17:43:49.127 [AsyncHttpClient-1-3] DEBUG org.asynchttpclient.netty.handler.HttpHandler - 

Request DefaultHttpRequest(decodeResult: success, version: HTTP/1.1)
POST /session/93ba892ecb085b60d0d62d55282f0aa7/element/ac7a1677-35c4-412a-8d90-d0b4818dd3e8/click HTTP/1.1
User-Agent: selenium/4.1.2 (java windows)
Content-Length: 50
Content-Type: application/json; charset=utf-8
host: localhost:58268
accept: */*

Response DefaultHttpResponse(decodeResult: success, version: HTTP/1.1)
HTTP/1.1 200 OK
Content-Type: application/json; charset=utf-8
cache-control: no-cache
content-length: 14

17:43:49.127 [AsyncHttpClient-1-3] DEBUG org.asynchttpclient.netty.channel.ChannelManager - Adding key: http://localhost:58268 for channel [id: 0x8ee2ed3f, L:/127.0.0.1:57764 - R:localhost/127.0.0.1:58268]
17:43:49.134 [Forwarding screenshot on session 93ba892ecb085b60d0d62d55282f0aa7 to remote] DEBUG org.asynchttpclient.netty.request.NettyRequestSender - Using pooled Channel '[id: 0x8ee2ed3f, L:/127.0.0.1:57764 - R:localhost/127.0.0.1:58268]' for 'GET' to 'http://localhost:58268/session/93ba892ecb085b60d0d62d55282f0aa7/screenshot'
17:43:49.134 [Forwarding screenshot on session 93ba892ecb085b60d0d62d55282f0aa7 to remote] DEBUG org.asynchttpclient.netty.request.NettyRequestSender - Using open Channel [id: 0x8ee2ed3f, L:/127.0.0.1:57764 - R:localhost/127.0.0.1:58268] for GET '/session/93ba892ecb085b60d0d62d55282f0aa7/screenshot'
17:43:49.239 [AsyncHttpClient-1-3] DEBUG org.asynchttpclient.netty.handler.HttpHandler - 

Request DefaultFullHttpRequest(decodeResult: success, version: HTTP/1.1, content: EmptyByteBufBE)
GET /session/93ba892ecb085b60d0d62d55282f0aa7/screenshot HTTP/1.1
User-Agent: selenium/4.1.2 (java windows)
Cache-Control: no-cache
Content-Type: application/json; charset=utf-8
host: localhost:58268
accept: */*

Response DefaultHttpResponse(decodeResult: success, version: HTTP/1.1)
HTTP/1.1 200 OK
Content-Type: application/json; charset=utf-8
cache-control: no-cache
content-length: 56192

17:43:49.239 [AsyncHttpClient-1-3] DEBUG org.asynchttpclient.netty.channel.ChannelManager - Adding key: http://localhost:58268 for channel [id: 0x8ee2ed3f, L:/127.0.0.1:57764 - R:localhost/127.0.0.1:58268]
17:43:49.242 [main] DEBUG net.serenitybdd.core.photography.Darkroom - Send negative for processing for target\site\serenity\d631e005c1ab8c2ae9496eb0000819a309562887f5f0fc5c3b73065dfab87bed.png
17:43:49.242 [main] DEBUG net.thucydides.core.steps.StepInterceptor - STEP DONE: clickMenuDoctorButton
  &amp#27;[32mAnd &amp#27;[0m&amp#27;[32mI click menu doctor&amp#27;[0m                      &amp#27;[90m# starter.stepdefinitions.DoctorSteps.iClickMenuDoctor()&amp#27;[0m
17:43:49.242 [Darkroom Processing Line] DEBUG net.serenitybdd.core.photography.DarkroomProcessingLine - Processing screenshot image in /var/screenshots/screenshot-9929585055204259218
17:43:49.243 [Darkroom Processing Line] DEBUG net.serenitybdd.core.photography.DarkroomProcessingLine - Saving screenshot to target\site\serenity\d631e005c1ab8c2ae9496eb0000819a309562887f5f0fc5c3b73065dfab87bed.png
17:43:49.260 [main] DEBUG net.thucydides.core.steps.StepInterceptor - STARTING STEP: DoctorSteps.iClickEditDoctorButton - clickEditDoctorButton
17:43:49.263 [Forwarding findElement on session 93ba892ecb085b60d0d62d55282f0aa7 to remote] DEBUG org.asynchttpclient.netty.request.NettyRequestSender - Using pooled Channel '[id: 0x8ee2ed3f, L:/127.0.0.1:57764 - R:localhost/127.0.0.1:58268]' for 'POST' to 'http://localhost:58268/session/93ba892ecb085b60d0d62d55282f0aa7/element'
17:43:49.263 [Forwarding findElement on session 93ba892ecb085b60d0d62d55282f0aa7 to remote] DEBUG org.asynchttpclient.netty.request.NettyRequestSender - Using open Channel [id: 0x8ee2ed3f, L:/127.0.0.1:57764 - R:localhost/127.0.0.1:58268] for POST '/session/93ba892ecb085b60d0d62d55282f0aa7/element'
17:43:50.101 [AsyncHttpClient-1-1] DEBUG org.asynchttpclient.netty.channel.DefaultChannelPool - Entry count for : http://localhost:57766 : 1
17:43:50.818 [AsyncHttpClient-1-3] DEBUG org.asynchttpclient.netty.handler.HttpHandler - 

Request DefaultHttpRequest(decodeResult: success, version: HTTP/1.1)
POST /session/93ba892ecb085b60d0d62d55282f0aa7/element HTTP/1.1
User-Agent: selenium/4.1.2 (java windows)
Content-Length: 91
Content-Type: application/json; charset=utf-8
host: localhost:58268
accept: */*

Response DefaultHttpResponse(decodeResult: success, version: HTTP/1.1)
HTTP/1.1 200 OK
Content-Type: application/json; charset=utf-8
cache-control: no-cache
content-length: 88

17:43:50.818 [AsyncHttpClient-1-3] DEBUG org.asynchttpclient.netty.channel.ChannelManager - Adding key: http://localhost:58268 for channel [id: 0x8ee2ed3f, L:/127.0.0.1:57764 - R:localhost/127.0.0.1:58268]
17:43:50.820 [Forwarding getElementTagName on session 93ba892ecb085b60d0d62d55282f0aa7 to remote] DEBUG org.asynchttpclient.netty.request.NettyRequestSender - Using pooled Channel '[id: 0x8ee2ed3f, L:/127.0.0.1:57764 - R:localhost/127.0.0.1:58268]' for 'GET' to 'http://localhost:58268/session/93ba892ecb085b60d0d62d55282f0aa7/element/09342598-6a6f-4fa0-bc7e-679f61a367f3/name'
17:43:50.820 [Forwarding getElementTagName on session 93ba892ecb085b60d0d62d55282f0aa7 to remote] DEBUG org.asynchttpclient.netty.request.NettyRequestSender - Using open Channel [id: 0x8ee2ed3f, L:/127.0.0.1:57764 - R:localhost/127.0.0.1:58268] for GET '/session/93ba892ecb085b60d0d62d55282f0aa7/element/09342598-6a6f-4fa0-bc7e-679f61a367f3/name'
17:43:50.827 [AsyncHttpClient-1-3] DEBUG org.asynchttpclient.netty.handler.HttpHandler - 

Request DefaultFullHttpRequest(decodeResult: success, version: HTTP/1.1, content: EmptyByteBufBE)
GET /session/93ba892ecb085b60d0d62d55282f0aa7/element/09342598-6a6f-4fa0-bc7e-679f61a367f3/name HTTP/1.1
User-Agent: selenium/4.1.2 (java windows)
Cache-Control: no-cache
Content-Type: application/json; charset=utf-8
host: localhost:58268
accept: */*

Response DefaultHttpResponse(decodeResult: success, version: HTTP/1.1)
HTTP/1.1 200 OK
Content-Type: application/json; charset=utf-8
cache-control: no-cache
content-length: 18

17:43:50.827 [AsyncHttpClient-1-3] DEBUG org.asynchttpclient.netty.channel.ChannelManager - Adding key: http://localhost:58268 for channel [id: 0x8ee2ed3f, L:/127.0.0.1:57764 - R:localhost/127.0.0.1:58268]
17:43:50.829 [Forwarding getElementTagName on session 93ba892ecb085b60d0d62d55282f0aa7 to remote] DEBUG org.asynchttpclient.netty.request.NettyRequestSender - Using pooled Channel '[id: 0x8ee2ed3f, L:/127.0.0.1:57764 - R:localhost/127.0.0.1:58268]' for 'GET' to 'http://localhost:58268/session/93ba892ecb085b60d0d62d55282f0aa7/element/09342598-6a6f-4fa0-bc7e-679f61a367f3/name'
17:43:50.830 [Forwarding getElementTagName on session 93ba892ecb085b60d0d62d55282f0aa7 to remote] DEBUG org.asynchttpclient.netty.request.NettyRequestSender - Using open Channel [id: 0x8ee2ed3f, L:/127.0.0.1:57764 - R:localhost/127.0.0.1:58268] for GET '/session/93ba892ecb085b60d0d62d55282f0aa7/element/09342598-6a6f-4fa0-bc7e-679f61a367f3/name'
17:43:50.834 [AsyncHttpClient-1-3] DEBUG org.asynchttpclient.netty.handler.HttpHandler - 

Request DefaultFullHttpRequest(decodeResult: success, version: HTTP/1.1, content: EmptyByteBufBE)
GET /session/93ba892ecb085b60d0d62d55282f0aa7/element/09342598-6a6f-4fa0-bc7e-679f61a367f3/name HTTP/1.1
User-Agent: selenium/4.1.2 (java windows)
Cache-Control: no-cache
Content-Type: application/json; charset=utf-8
host: localhost:58268
accept: */*

Response DefaultHttpResponse(decodeResult: success, version: HTTP/1.1)
HTTP/1.1 200 OK
Content-Type: application/json; charset=utf-8
cache-control: no-cache
content-length: 18

17:43:50.834 [AsyncHttpClient-1-3] DEBUG org.asynchttpclient.netty.channel.ChannelManager - Adding key: http://localhost:58268 for channel [id: 0x8ee2ed3f, L:/127.0.0.1:57764 - R:localhost/127.0.0.1:58268]
17:43:50.836 [Forwarding isElementEnabled on session 93ba892ecb085b60d0d62d55282f0aa7 to remote] DEBUG org.asynchttpclient.netty.request.NettyRequestSender - Using pooled Channel '[id: 0x8ee2ed3f, L:/127.0.0.1:57764 - R:localhost/127.0.0.1:58268]' for 'GET' to 'http://localhost:58268/session/93ba892ecb085b60d0d62d55282f0aa7/element/09342598-6a6f-4fa0-bc7e-679f61a367f3/enabled'
17:43:50.836 [Forwarding isElementEnabled on session 93ba892ecb085b60d0d62d55282f0aa7 to remote] DEBUG org.asynchttpclient.netty.request.NettyRequestSender - Using open Channel [id: 0x8ee2ed3f, L:/127.0.0.1:57764 - R:localhost/127.0.0.1:58268] for GET '/session/93ba892ecb085b60d0d62d55282f0aa7/element/09342598-6a6f-4fa0-bc7e-679f61a367f3/enabled'
17:43:50.846 [AsyncHttpClient-1-3] DEBUG org.asynchttpclient.netty.handler.HttpHandler - 

Request DefaultFullHttpRequest(decodeResult: success, version: HTTP/1.1, content: EmptyByteBufBE)
GET /session/93ba892ecb085b60d0d62d55282f0aa7/element/09342598-6a6f-4fa0-bc7e-679f61a367f3/enabled HTTP/1.1
User-Agent: selenium/4.1.2 (java windows)
Cache-Control: no-cache
Content-Type: application/json; charset=utf-8
host: localhost:58268
accept: */*

Response DefaultHttpResponse(decodeResult: success, version: HTTP/1.1)
HTTP/1.1 200 OK
Content-Type: application/json; charset=utf-8
cache-control: no-cache
content-length: 14

17:43:50.846 [AsyncHttpClient-1-3] DEBUG org.asynchttpclient.netty.channel.ChannelManager - Adding key: http://localhost:58268 for channel [id: 0x8ee2ed3f, L:/127.0.0.1:57764 - R:localhost/127.0.0.1:58268]
17:43:50.847 [Forwarding isElementEnabled on session 93ba892ecb085b60d0d62d55282f0aa7 to remote] DEBUG org.asynchttpclient.netty.request.NettyRequestSender - Using pooled Channel '[id: 0x8ee2ed3f, L:/127.0.0.1:57764 - R:localhost/127.0.0.1:58268]' for 'GET' to 'http://localhost:58268/session/93ba892ecb085b60d0d62d55282f0aa7/element/09342598-6a6f-4fa0-bc7e-679f61a367f3/enabled'
17:43:50.847 [Forwarding isElementEnabled on session 93ba892ecb085b60d0d62d55282f0aa7 to remote] DEBUG org.asynchttpclient.netty.request.NettyRequestSender - Using open Channel [id: 0x8ee2ed3f, L:/127.0.0.1:57764 - R:localhost/127.0.0.1:58268] for GET '/session/93ba892ecb085b60d0d62d55282f0aa7/element/09342598-6a6f-4fa0-bc7e-679f61a367f3/enabled'
17:43:50.853 [AsyncHttpClient-1-3] DEBUG org.asynchttpclient.netty.handler.HttpHandler - 

Request DefaultFullHttpRequest(decodeResult: success, version: HTTP/1.1, content: EmptyByteBufBE)
GET /session/93ba892ecb085b60d0d62d55282f0aa7/element/09342598-6a6f-4fa0-bc7e-679f61a367f3/enabled HTTP/1.1
User-Agent: selenium/4.1.2 (java windows)
Cache-Control: no-cache
Content-Type: application/json; charset=utf-8
host: localhost:58268
accept: */*

Response DefaultHttpResponse(decodeResult: success, version: HTTP/1.1)
HTTP/1.1 200 OK
Content-Type: application/json; charset=utf-8
cache-control: no-cache
content-length: 14

17:43:50.853 [AsyncHttpClient-1-3] DEBUG org.asynchttpclient.netty.channel.ChannelManager - Adding key: http://localhost:58268 for channel [id: 0x8ee2ed3f, L:/127.0.0.1:57764 - R:localhost/127.0.0.1:58268]
17:43:50.855 [Forwarding findElement on session 93ba892ecb085b60d0d62d55282f0aa7 to remote] DEBUG org.asynchttpclient.netty.request.NettyRequestSender - Using pooled Channel '[id: 0x8ee2ed3f, L:/127.0.0.1:57764 - R:localhost/127.0.0.1:58268]' for 'POST' to 'http://localhost:58268/session/93ba892ecb085b60d0d62d55282f0aa7/element'
17:43:50.855 [Forwarding findElement on session 93ba892ecb085b60d0d62d55282f0aa7 to remote] DEBUG org.asynchttpclient.netty.request.NettyRequestSender - Using open Channel [id: 0x8ee2ed3f, L:/127.0.0.1:57764 - R:localhost/127.0.0.1:58268] for POST '/session/93ba892ecb085b60d0d62d55282f0aa7/element'
17:43:50.864 [AsyncHttpClient-1-3] DEBUG org.asynchttpclient.netty.handler.HttpHandler - 

Request DefaultHttpRequest(decodeResult: success, version: HTTP/1.1)
POST /session/93ba892ecb085b60d0d62d55282f0aa7/element HTTP/1.1
User-Agent: selenium/4.1.2 (java windows)
Content-Length: 91
Content-Type: application/json; charset=utf-8
host: localhost:58268
accept: */*

Response DefaultHttpResponse(decodeResult: success, version: HTTP/1.1)
HTTP/1.1 200 OK
Content-Type: application/json; charset=utf-8
cache-control: no-cache
content-length: 88

17:43:50.864 [AsyncHttpClient-1-3] DEBUG org.asynchttpclient.netty.channel.ChannelManager - Adding key: http://localhost:58268 for channel [id: 0x8ee2ed3f, L:/127.0.0.1:57764 - R:localhost/127.0.0.1:58268]
17:43:50.865 [Forwarding clickElement on session 93ba892ecb085b60d0d62d55282f0aa7 to remote] DEBUG org.asynchttpclient.netty.request.NettyRequestSender - Using pooled Channel '[id: 0x8ee2ed3f, L:/127.0.0.1:57764 - R:localhost/127.0.0.1:58268]' for 'POST' to 'http://localhost:58268/session/93ba892ecb085b60d0d62d55282f0aa7/element/09342598-6a6f-4fa0-bc7e-679f61a367f3/click'
17:43:50.865 [Forwarding clickElement on session 93ba892ecb085b60d0d62d55282f0aa7 to remote] DEBUG org.asynchttpclient.netty.request.NettyRequestSender - Using open Channel [id: 0x8ee2ed3f, L:/127.0.0.1:57764 - R:localhost/127.0.0.1:58268] for POST '/session/93ba892ecb085b60d0d62d55282f0aa7/element/09342598-6a6f-4fa0-bc7e-679f61a367f3/click'
17:43:51.010 [AsyncHttpClient-1-3] DEBUG org.asynchttpclient.netty.handler.HttpHandler - 

Request DefaultHttpRequest(decodeResult: success, version: HTTP/1.1)
POST /session/93ba892ecb085b60d0d62d55282f0aa7/element/09342598-6a6f-4fa0-bc7e-679f61a367f3/click HTTP/1.1
User-Agent: selenium/4.1.2 (java windows)
Content-Length: 50
Content-Type: application/json; charset=utf-8
host: localhost:58268
accept: */*

Response DefaultHttpResponse(decodeResult: success, version: HTTP/1.1)
HTTP/1.1 200 OK
Content-Type: application/json; charset=utf-8
cache-control: no-cache
content-length: 14

17:43:51.010 [AsyncHttpClient-1-3] DEBUG org.asynchttpclient.netty.channel.ChannelManager - Adding key: http://localhost:58268 for channel [id: 0x8ee2ed3f, L:/127.0.0.1:57764 - R:localhost/127.0.0.1:58268]
17:43:51.021 [Forwarding screenshot on session 93ba892ecb085b60d0d62d55282f0aa7 to remote] DEBUG org.asynchttpclient.netty.request.NettyRequestSender - Using pooled Channel '[id: 0x8ee2ed3f, L:/127.0.0.1:57764 - R:localhost/127.0.0.1:58268]' for 'GET' to 'http://localhost:58268/session/93ba892ecb085b60d0d62d55282f0aa7/screenshot'
17:43:51.021 [Forwarding screenshot on session 93ba892ecb085b60d0d62d55282f0aa7 to remote] DEBUG org.asynchttpclient.netty.request.NettyRequestSender - Using open Channel [id: 0x8ee2ed3f, L:/127.0.0.1:57764 - R:localhost/127.0.0.1:58268] for GET '/session/93ba892ecb085b60d0d62d55282f0aa7/screenshot'
17:43:51.188 [AsyncHttpClient-1-3] DEBUG org.asynchttpclient.netty.handler.HttpHandler - 

Request DefaultFullHttpRequest(decodeResult: success, version: HTTP/1.1, content: EmptyByteBufBE)
GET /session/93ba892ecb085b60d0d62d55282f0aa7/screenshot HTTP/1.1
User-Agent: selenium/4.1.2 (java windows)
Cache-Control: no-cache
Content-Type: application/json; charset=utf-8
host: localhost:58268
accept: */*

Response DefaultHttpResponse(decodeResult: success, version: HTTP/1.1)
HTTP/1.1 200 OK
Content-Type: application/json; charset=utf-8
cache-control: no-cache
content-length: 136528

17:43:51.188 [AsyncHttpClient-1-3] DEBUG org.asynchttpclient.netty.channel.ChannelManager - Adding key: http://localhost:58268 for channel [id: 0x8ee2ed3f, L:/127.0.0.1:57764 - R:localhost/127.0.0.1:58268]
17:43:51.197 [main] DEBUG net.serenitybdd.core.photography.Darkroom - Send negative for processing for target\site\serenity\acd935f7b72533b31b2bf61d4aee6155453f00ddc0226e5b39199a5472aca50a.png
17:43:51.198 [main] DEBUG net.thucydides.core.steps.StepInterceptor - STEP DONE: clickEditDoctorButton
  &amp#27;[32mWhen &amp#27;[0m&amp#27;[32mI click Edit Doctor button&amp#27;[0m              &amp#27;[90m# starter.stepdefinitions.DoctorSteps.iClickEditDoctorButton()&amp#27;[0m
17:43:51.198 [Darkroom Processing Line] DEBUG net.serenitybdd.core.photography.DarkroomProcessingLine - Processing screenshot image in /var/screenshots/screenshot-12237048012434632340
17:43:51.198 [Darkroom Processing Line] DEBUG net.serenitybdd.core.photography.DarkroomProcessingLine - Saving screenshot to target\site\serenity\acd935f7b72533b31b2bf61d4aee6155453f00ddc0226e5b39199a5472aca50a.png
17:43:51.200 [AsyncHttpClient-1-1] DEBUG org.asynchttpclient.netty.channel.DefaultChannelPool - Entry count for : http://localhost:58268 : 1
17:43:51.200 [AsyncHttpClient-1-1] DEBUG org.asynchttpclient.netty.channel.DefaultChannelPool - Entry count for : http://localhost:57766 : 1
17:43:51.219 [main] DEBUG net.thucydides.core.steps.StepInterceptor - STARTING STEP: DoctorSteps.iChangeDoctorData - editDoctorPhoneNumber
17:43:51.221 [Forwarding findElement on session 93ba892ecb085b60d0d62d55282f0aa7 to remote] DEBUG org.asynchttpclient.netty.request.NettyRequestSender - Using pooled Channel '[id: 0x8ee2ed3f, L:/127.0.0.1:57764 - R:localhost/127.0.0.1:58268]' for 'POST' to 'http://localhost:58268/session/93ba892ecb085b60d0d62d55282f0aa7/element'
17:43:51.221 [Forwarding findElement on session 93ba892ecb085b60d0d62d55282f0aa7 to remote] DEBUG org.asynchttpclient.netty.request.NettyRequestSender - Using open Channel [id: 0x8ee2ed3f, L:/127.0.0.1:57764 - R:localhost/127.0.0.1:58268] for POST '/session/93ba892ecb085b60d0d62d55282f0aa7/element'
17:43:51.242 [AsyncHttpClient-1-3] DEBUG org.asynchttpclient.netty.handler.HttpHandler - 

Request DefaultHttpRequest(decodeResult: success, version: HTTP/1.1)
POST /session/93ba892ecb085b60d0d62d55282f0aa7/element HTTP/1.1
User-Agent: selenium/4.1.2 (java windows)
Content-Length: 139
Content-Type: application/json; charset=utf-8
host: localhost:58268
accept: */*

Response DefaultHttpResponse(decodeResult: success, version: HTTP/1.1)
HTTP/1.1 200 OK
Content-Type: application/json; charset=utf-8
cache-control: no-cache
content-length: 88

17:43:51.242 [AsyncHttpClient-1-3] DEBUG org.asynchttpclient.netty.channel.ChannelManager - Adding key: http://localhost:58268 for channel [id: 0x8ee2ed3f, L:/127.0.0.1:57764 - R:localhost/127.0.0.1:58268]
17:43:51.243 [Forwarding getElementTagName on session 93ba892ecb085b60d0d62d55282f0aa7 to remote] DEBUG org.asynchttpclient.netty.request.NettyRequestSender - Using pooled Channel '[id: 0x8ee2ed3f, L:/127.0.0.1:57764 - R:localhost/127.0.0.1:58268]' for 'GET' to 'http://localhost:58268/session/93ba892ecb085b60d0d62d55282f0aa7/element/f79c20d5-4dd4-437d-aa6d-c5bb4121477d/name'
17:43:51.243 [Forwarding getElementTagName on session 93ba892ecb085b60d0d62d55282f0aa7 to remote] DEBUG org.asynchttpclient.netty.request.NettyRequestSender - Using open Channel [id: 0x8ee2ed3f, L:/127.0.0.1:57764 - R:localhost/127.0.0.1:58268] for GET '/session/93ba892ecb085b60d0d62d55282f0aa7/element/f79c20d5-4dd4-437d-aa6d-c5bb4121477d/name'
17:43:51.249 [AsyncHttpClient-1-3] DEBUG org.asynchttpclient.netty.handler.HttpHandler - 

Request DefaultFullHttpRequest(decodeResult: success, version: HTTP/1.1, content: EmptyByteBufBE)
GET /session/93ba892ecb085b60d0d62d55282f0aa7/element/f79c20d5-4dd4-437d-aa6d-c5bb4121477d/name HTTP/1.1
User-Agent: selenium/4.1.2 (java windows)
Cache-Control: no-cache
Content-Type: application/json; charset=utf-8
host: localhost:58268
accept: */*

Response DefaultHttpResponse(decodeResult: success, version: HTTP/1.1)
HTTP/1.1 200 OK
Content-Type: application/json; charset=utf-8
cache-control: no-cache
content-length: 17

17:43:51.249 [AsyncHttpClient-1-3] DEBUG org.asynchttpclient.netty.channel.ChannelManager - Adding key: http://localhost:58268 for channel [id: 0x8ee2ed3f, L:/127.0.0.1:57764 - R:localhost/127.0.0.1:58268]
17:43:51.250 [Forwarding getElementTagName on session 93ba892ecb085b60d0d62d55282f0aa7 to remote] DEBUG org.asynchttpclient.netty.request.NettyRequestSender - Using pooled Channel '[id: 0x8ee2ed3f, L:/127.0.0.1:57764 - R:localhost/127.0.0.1:58268]' for 'GET' to 'http://localhost:58268/session/93ba892ecb085b60d0d62d55282f0aa7/element/f79c20d5-4dd4-437d-aa6d-c5bb4121477d/name'
17:43:51.250 [Forwarding getElementTagName on session 93ba892ecb085b60d0d62d55282f0aa7 to remote] DEBUG org.asynchttpclient.netty.request.NettyRequestSender - Using open Channel [id: 0x8ee2ed3f, L:/127.0.0.1:57764 - R:localhost/127.0.0.1:58268] for GET '/session/93ba892ecb085b60d0d62d55282f0aa7/element/f79c20d5-4dd4-437d-aa6d-c5bb4121477d/name'
17:43:51.260 [AsyncHttpClient-1-3] DEBUG org.asynchttpclient.netty.handler.HttpHandler - 

Request DefaultFullHttpRequest(decodeResult: success, version: HTTP/1.1, content: EmptyByteBufBE)
GET /session/93ba892ecb085b60d0d62d55282f0aa7/element/f79c20d5-4dd4-437d-aa6d-c5bb4121477d/name HTTP/1.1
User-Agent: selenium/4.1.2 (java windows)
Cache-Control: no-cache
Content-Type: application/json; charset=utf-8
host: localhost:58268
accept: */*

Response DefaultHttpResponse(decodeResult: success, version: HTTP/1.1)
HTTP/1.1 200 OK
Content-Type: application/json; charset=utf-8
cache-control: no-cache
content-length: 17

17:43:51.261 [AsyncHttpClient-1-3] DEBUG org.asynchttpclient.netty.channel.ChannelManager - Adding key: http://localhost:58268 for channel [id: 0x8ee2ed3f, L:/127.0.0.1:57764 - R:localhost/127.0.0.1:58268]
17:43:51.263 [Forwarding isElementEnabled on session 93ba892ecb085b60d0d62d55282f0aa7 to remote] DEBUG org.asynchttpclient.netty.request.NettyRequestSender - Using pooled Channel '[id: 0x8ee2ed3f, L:/127.0.0.1:57764 - R:localhost/127.0.0.1:58268]' for 'GET' to 'http://localhost:58268/session/93ba892ecb085b60d0d62d55282f0aa7/element/f79c20d5-4dd4-437d-aa6d-c5bb4121477d/enabled'
17:43:51.263 [Forwarding isElementEnabled on session 93ba892ecb085b60d0d62d55282f0aa7 to remote] DEBUG org.asynchttpclient.netty.request.NettyRequestSender - Using open Channel [id: 0x8ee2ed3f, L:/127.0.0.1:57764 - R:localhost/127.0.0.1:58268] for GET '/session/93ba892ecb085b60d0d62d55282f0aa7/element/f79c20d5-4dd4-437d-aa6d-c5bb4121477d/enabled'
17:43:51.279 [AsyncHttpClient-1-3] DEBUG org.asynchttpclient.netty.handler.HttpHandler - 

Request DefaultFullHttpRequest(decodeResult: success, version: HTTP/1.1, content: EmptyByteBufBE)
GET /session/93ba892ecb085b60d0d62d55282f0aa7/element/f79c20d5-4dd4-437d-aa6d-c5bb4121477d/enabled HTTP/1.1
User-Agent: selenium/4.1.2 (java windows)
Cache-Control: no-cache
Content-Type: application/json; charset=utf-8
host: localhost:58268
accept: */*

Response DefaultHttpResponse(decodeResult: success, version: HTTP/1.1)
HTTP/1.1 200 OK
Content-Type: application/json; charset=utf-8
cache-control: no-cache
content-length: 14

17:43:51.279 [AsyncHttpClient-1-3] DEBUG org.asynchttpclient.netty.channel.ChannelManager - Adding key: http://localhost:58268 for channel [id: 0x8ee2ed3f, L:/127.0.0.1:57764 - R:localhost/127.0.0.1:58268]
17:43:51.280 [Forwarding isElementEnabled on session 93ba892ecb085b60d0d62d55282f0aa7 to remote] DEBUG org.asynchttpclient.netty.request.NettyRequestSender - Using pooled Channel '[id: 0x8ee2ed3f, L:/127.0.0.1:57764 - R:localhost/127.0.0.1:58268]' for 'GET' to 'http://localhost:58268/session/93ba892ecb085b60d0d62d55282f0aa7/element/f79c20d5-4dd4-437d-aa6d-c5bb4121477d/enabled'
17:43:51.281 [Forwarding isElementEnabled on session 93ba892ecb085b60d0d62d55282f0aa7 to remote] DEBUG org.asynchttpclient.netty.request.NettyRequestSender - Using open Channel [id: 0x8ee2ed3f, L:/127.0.0.1:57764 - R:localhost/127.0.0.1:58268] for GET '/session/93ba892ecb085b60d0d62d55282f0aa7/element/f79c20d5-4dd4-437d-aa6d-c5bb4121477d/enabled'
17:43:51.291 [AsyncHttpClient-1-3] DEBUG org.asynchttpclient.netty.handler.HttpHandler - 

Request DefaultFullHttpRequest(decodeResult: success, version: HTTP/1.1, content: EmptyByteBufBE)
GET /session/93ba892ecb085b60d0d62d55282f0aa7/element/f79c20d5-4dd4-437d-aa6d-c5bb4121477d/enabled HTTP/1.1
User-Agent: selenium/4.1.2 (java windows)
Cache-Control: no-cache
Content-Type: application/json; charset=utf-8
host: localhost:58268
accept: */*

Response DefaultHttpResponse(decodeResult: success, version: HTTP/1.1)
HTTP/1.1 200 OK
Content-Type: application/json; charset=utf-8
cache-control: no-cache
content-length: 14

17:43:51.291 [AsyncHttpClient-1-3] DEBUG org.asynchttpclient.netty.channel.ChannelManager - Adding key: http://localhost:58268 for channel [id: 0x8ee2ed3f, L:/127.0.0.1:57764 - R:localhost/127.0.0.1:58268]
17:43:51.293 [Forwarding findElement on session 93ba892ecb085b60d0d62d55282f0aa7 to remote] DEBUG org.asynchttpclient.netty.request.NettyRequestSender - Using pooled Channel '[id: 0x8ee2ed3f, L:/127.0.0.1:57764 - R:localhost/127.0.0.1:58268]' for 'POST' to 'http://localhost:58268/session/93ba892ecb085b60d0d62d55282f0aa7/element'
17:43:51.293 [Forwarding findElement on session 93ba892ecb085b60d0d62d55282f0aa7 to remote] DEBUG org.asynchttpclient.netty.request.NettyRequestSender - Using open Channel [id: 0x8ee2ed3f, L:/127.0.0.1:57764 - R:localhost/127.0.0.1:58268] for POST '/session/93ba892ecb085b60d0d62d55282f0aa7/element'
17:43:51.305 [AsyncHttpClient-1-3] DEBUG org.asynchttpclient.netty.handler.HttpHandler - 

Request DefaultHttpRequest(decodeResult: success, version: HTTP/1.1)
POST /session/93ba892ecb085b60d0d62d55282f0aa7/element HTTP/1.1
User-Agent: selenium/4.1.2 (java windows)
Content-Length: 139
Content-Type: application/json; charset=utf-8
host: localhost:58268
accept: */*

Response DefaultHttpResponse(decodeResult: success, version: HTTP/1.1)
HTTP/1.1 200 OK
Content-Type: application/json; charset=utf-8
cache-control: no-cache
content-length: 88

17:43:51.305 [AsyncHttpClient-1-3] DEBUG org.asynchttpclient.netty.channel.ChannelManager - Adding key: http://localhost:58268 for channel [id: 0x8ee2ed3f, L:/127.0.0.1:57764 - R:localhost/127.0.0.1:58268]
17:43:51.307 [Forwarding clickElement on session 93ba892ecb085b60d0d62d55282f0aa7 to remote] DEBUG org.asynchttpclient.netty.request.NettyRequestSender - Using pooled Channel '[id: 0x8ee2ed3f, L:/127.0.0.1:57764 - R:localhost/127.0.0.1:58268]' for 'POST' to 'http://localhost:58268/session/93ba892ecb085b60d0d62d55282f0aa7/element/f79c20d5-4dd4-437d-aa6d-c5bb4121477d/click'
17:43:51.307 [Forwarding clickElement on session 93ba892ecb085b60d0d62d55282f0aa7 to remote] DEBUG org.asynchttpclient.netty.request.NettyRequestSender - Using open Channel [id: 0x8ee2ed3f, L:/127.0.0.1:57764 - R:localhost/127.0.0.1:58268] for POST '/session/93ba892ecb085b60d0d62d55282f0aa7/element/f79c20d5-4dd4-437d-aa6d-c5bb4121477d/click'
17:43:51.386 [AsyncHttpClient-1-3] DEBUG org.asynchttpclient.netty.handler.HttpHandler - 

Request DefaultHttpRequest(decodeResult: success, version: HTTP/1.1)
POST /session/93ba892ecb085b60d0d62d55282f0aa7/element/f79c20d5-4dd4-437d-aa6d-c5bb4121477d/click HTTP/1.1
User-Agent: selenium/4.1.2 (java windows)
Content-Length: 50
Content-Type: application/json; charset=utf-8
host: localhost:58268
accept: */*

Response DefaultHttpResponse(decodeResult: success, version: HTTP/1.1)
HTTP/1.1 200 OK
Content-Type: application/json; charset=utf-8
cache-control: no-cache
content-length: 14

17:43:51.386 [AsyncHttpClient-1-3] DEBUG org.asynchttpclient.netty.channel.ChannelManager - Adding key: http://localhost:58268 for channel [id: 0x8ee2ed3f, L:/127.0.0.1:57764 - R:localhost/127.0.0.1:58268]
17:43:51.390 [Forwarding findElement on session 93ba892ecb085b60d0d62d55282f0aa7 to remote] DEBUG org.asynchttpclient.netty.request.NettyRequestSender - Using pooled Channel '[id: 0x8ee2ed3f, L:/127.0.0.1:57764 - R:localhost/127.0.0.1:58268]' for 'POST' to 'http://localhost:58268/session/93ba892ecb085b60d0d62d55282f0aa7/element'
17:43:51.390 [Forwarding findElement on session 93ba892ecb085b60d0d62d55282f0aa7 to remote] DEBUG org.asynchttpclient.netty.request.NettyRequestSender - Using open Channel [id: 0x8ee2ed3f, L:/127.0.0.1:57764 - R:localhost/127.0.0.1:58268] for POST '/session/93ba892ecb085b60d0d62d55282f0aa7/element'
17:43:51.401 [AsyncHttpClient-1-3] DEBUG org.asynchttpclient.netty.handler.HttpHandler - 

Request DefaultHttpRequest(decodeResult: success, version: HTTP/1.1)
POST /session/93ba892ecb085b60d0d62d55282f0aa7/element HTTP/1.1
User-Agent: selenium/4.1.2 (java windows)
Content-Length: 139
Content-Type: application/json; charset=utf-8
host: localhost:58268
accept: */*

Response DefaultHttpResponse(decodeResult: success, version: HTTP/1.1)
HTTP/1.1 200 OK
Content-Type: application/json; charset=utf-8
cache-control: no-cache
content-length: 88

17:43:51.402 [AsyncHttpClient-1-3] DEBUG org.asynchttpclient.netty.channel.ChannelManager - Adding key: http://localhost:58268 for channel [id: 0x8ee2ed3f, L:/127.0.0.1:57764 - R:localhost/127.0.0.1:58268]
17:43:51.403 [Forwarding clearElement on session 93ba892ecb085b60d0d62d55282f0aa7 to remote] DEBUG org.asynchttpclient.netty.request.NettyRequestSender - Using pooled Channel '[id: 0x8ee2ed3f, L:/127.0.0.1:57764 - R:localhost/127.0.0.1:58268]' for 'POST' to 'http://localhost:58268/session/93ba892ecb085b60d0d62d55282f0aa7/element/f79c20d5-4dd4-437d-aa6d-c5bb4121477d/clear'
17:43:51.403 [Forwarding clearElement on session 93ba892ecb085b60d0d62d55282f0aa7 to remote] DEBUG org.asynchttpclient.netty.request.NettyRequestSender - Using open Channel [id: 0x8ee2ed3f, L:/127.0.0.1:57764 - R:localhost/127.0.0.1:58268] for POST '/session/93ba892ecb085b60d0d62d55282f0aa7/element/f79c20d5-4dd4-437d-aa6d-c5bb4121477d/clear'
17:43:51.448 [AsyncHttpClient-1-3] DEBUG org.asynchttpclient.netty.handler.HttpHandler - 

Request DefaultHttpRequest(decodeResult: success, version: HTTP/1.1)
POST /session/93ba892ecb085b60d0d62d55282f0aa7/element/f79c20d5-4dd4-437d-aa6d-c5bb4121477d/clear HTTP/1.1
User-Agent: selenium/4.1.2 (java windows)
Content-Length: 50
Content-Type: application/json; charset=utf-8
host: localhost:58268
accept: */*

Response DefaultHttpResponse(decodeResult: success, version: HTTP/1.1)
HTTP/1.1 200 OK
Content-Type: application/json; charset=utf-8
cache-control: no-cache
content-length: 14

17:43:51.448 [AsyncHttpClient-1-3] DEBUG org.asynchttpclient.netty.channel.ChannelManager - Adding key: http://localhost:58268 for channel [id: 0x8ee2ed3f, L:/127.0.0.1:57764 - R:localhost/127.0.0.1:58268]
17:43:51.453 [Forwarding findElement on session 93ba892ecb085b60d0d62d55282f0aa7 to remote] DEBUG org.asynchttpclient.netty.request.NettyRequestSender - Using pooled Channel '[id: 0x8ee2ed3f, L:/127.0.0.1:57764 - R:localhost/127.0.0.1:58268]' for 'POST' to 'http://localhost:58268/session/93ba892ecb085b60d0d62d55282f0aa7/element'
17:43:51.453 [Forwarding findElement on session 93ba892ecb085b60d0d62d55282f0aa7 to remote] DEBUG org.asynchttpclient.netty.request.NettyRequestSender - Using open Channel [id: 0x8ee2ed3f, L:/127.0.0.1:57764 - R:localhost/127.0.0.1:58268] for POST '/session/93ba892ecb085b60d0d62d55282f0aa7/element'
17:43:51.466 [AsyncHttpClient-1-3] DEBUG org.asynchttpclient.netty.handler.HttpHandler - 

Request DefaultHttpRequest(decodeResult: success, version: HTTP/1.1)
POST /session/93ba892ecb085b60d0d62d55282f0aa7/element HTTP/1.1
User-Agent: selenium/4.1.2 (java windows)
Content-Length: 139
Content-Type: application/json; charset=utf-8
host: localhost:58268
accept: */*

Response DefaultHttpResponse(decodeResult: success, version: HTTP/1.1)
HTTP/1.1 200 OK
Content-Type: application/json; charset=utf-8
cache-control: no-cache
content-length: 88

17:43:51.466 [AsyncHttpClient-1-3] DEBUG org.asynchttpclient.netty.channel.ChannelManager - Adding key: http://localhost:58268 for channel [id: 0x8ee2ed3f, L:/127.0.0.1:57764 - R:localhost/127.0.0.1:58268]
17:43:51.467 [Forwarding clearElement on session 93ba892ecb085b60d0d62d55282f0aa7 to remote] DEBUG org.asynchttpclient.netty.request.NettyRequestSender - Using pooled Channel '[id: 0x8ee2ed3f, L:/127.0.0.1:57764 - R:localhost/127.0.0.1:58268]' for 'POST' to 'http://localhost:58268/session/93ba892ecb085b60d0d62d55282f0aa7/element/f79c20d5-4dd4-437d-aa6d-c5bb4121477d/clear'
17:43:51.467 [Forwarding clearElement on session 93ba892ecb085b60d0d62d55282f0aa7 to remote] DEBUG org.asynchttpclient.netty.request.NettyRequestSender - Using open Channel [id: 0x8ee2ed3f, L:/127.0.0.1:57764 - R:localhost/127.0.0.1:58268] for POST '/session/93ba892ecb085b60d0d62d55282f0aa7/element/f79c20d5-4dd4-437d-aa6d-c5bb4121477d/clear'
17:43:51.499 [AsyncHttpClient-1-3] DEBUG org.asynchttpclient.netty.handler.HttpHandler - 

Request DefaultHttpRequest(decodeResult: success, version: HTTP/1.1)
POST /session/93ba892ecb085b60d0d62d55282f0aa7/element/f79c20d5-4dd4-437d-aa6d-c5bb4121477d/clear HTTP/1.1
User-Agent: selenium/4.1.2 (java windows)
Content-Length: 50
Content-Type: application/json; charset=utf-8
host: localhost:58268
accept: */*

Response DefaultHttpResponse(decodeResult: success, version: HTTP/1.1)
HTTP/1.1 200 OK
Content-Type: application/json; charset=utf-8
cache-control: no-cache
content-length: 14

17:43:51.499 [AsyncHttpClient-1-3] DEBUG org.asynchttpclient.netty.channel.ChannelManager - Adding key: http://localhost:58268 for channel [id: 0x8ee2ed3f, L:/127.0.0.1:57764 - R:localhost/127.0.0.1:58268]
17:43:51.501 [Forwarding sendKeysToElement on session 93ba892ecb085b60d0d62d55282f0aa7 to remote] DEBUG org.asynchttpclient.netty.request.NettyRequestSender - Using pooled Channel '[id: 0x8ee2ed3f, L:/127.0.0.1:57764 - R:localhost/127.0.0.1:58268]' for 'POST' to 'http://localhost:58268/session/93ba892ecb085b60d0d62d55282f0aa7/element/f79c20d5-4dd4-437d-aa6d-c5bb4121477d/value'
17:43:51.501 [Forwarding sendKeysToElement on session 93ba892ecb085b60d0d62d55282f0aa7 to remote] DEBUG org.asynchttpclient.netty.request.NettyRequestSender - Using open Channel [id: 0x8ee2ed3f, L:/127.0.0.1:57764 - R:localhost/127.0.0.1:58268] for POST '/session/93ba892ecb085b60d0d62d55282f0aa7/element/f79c20d5-4dd4-437d-aa6d-c5bb4121477d/value'
17:43:51.768 [AsyncHttpClient-1-3] DEBUG org.asynchttpclient.netty.handler.HttpHandler - 

Request DefaultHttpRequest(decodeResult: success, version: HTTP/1.1)
POST /session/93ba892ecb085b60d0d62d55282f0aa7/element/f79c20d5-4dd4-437d-aa6d-c5bb4121477d/value HTTP/1.1
User-Agent: selenium/4.1.2 (java windows)
Content-Length: 181
Content-Type: application/json; charset=utf-8
host: localhost:58268
accept: */*

Response DefaultHttpResponse(decodeResult: success, version: HTTP/1.1)
HTTP/1.1 200 OK
Content-Type: application/json; charset=utf-8
cache-control: no-cache
content-length: 14

17:43:51.769 [AsyncHttpClient-1-3] DEBUG org.asynchttpclient.netty.channel.ChannelManager - Adding key: http://localhost:58268 for channel [id: 0x8ee2ed3f, L:/127.0.0.1:57764 - R:localhost/127.0.0.1:58268]
17:43:51.779 [Forwarding screenshot on session 93ba892ecb085b60d0d62d55282f0aa7 to remote] DEBUG org.asynchttpclient.netty.request.NettyRequestSender - Using pooled Channel '[id: 0x8ee2ed3f, L:/127.0.0.1:57764 - R:localhost/127.0.0.1:58268]' for 'GET' to 'http://localhost:58268/session/93ba892ecb085b60d0d62d55282f0aa7/screenshot'
17:43:51.779 [Forwarding screenshot on session 93ba892ecb085b60d0d62d55282f0aa7 to remote] DEBUG org.asynchttpclient.netty.request.NettyRequestSender - Using open Channel [id: 0x8ee2ed3f, L:/127.0.0.1:57764 - R:localhost/127.0.0.1:58268] for GET '/session/93ba892ecb085b60d0d62d55282f0aa7/screenshot'
17:43:51.907 [AsyncHttpClient-1-3] DEBUG org.asynchttpclient.netty.handler.HttpHandler - 

Request DefaultFullHttpRequest(decodeResult: success, version: HTTP/1.1, content: EmptyByteBufBE)
GET /session/93ba892ecb085b60d0d62d55282f0aa7/screenshot HTTP/1.1
User-Agent: selenium/4.1.2 (java windows)
Cache-Control: no-cache
Content-Type: application/json; charset=utf-8
host: localhost:58268
accept: */*

Response DefaultHttpResponse(decodeResult: success, version: HTTP/1.1)
HTTP/1.1 200 OK
Content-Type: application/json; charset=utf-8
cache-control: no-cache
content-length: 94040

17:43:51.907 [AsyncHttpClient-1-3] DEBUG org.asynchttpclient.netty.channel.ChannelManager - Adding key: http://localhost:58268 for channel [id: 0x8ee2ed3f, L:/127.0.0.1:57764 - R:localhost/127.0.0.1:58268]
17:43:51.912 [main] DEBUG net.serenitybdd.core.photography.Darkroom - Send negative for processing for target\site\serenity\8c7884909b4eab0cc3dd62a00be0b684923973b54e07433dc9cba5bb4277208d.png
17:43:51.912 [main] DEBUG net.thucydides.core.steps.StepInterceptor - STEP DONE: editDoctorPhoneNumber
17:43:51.913 [Darkroom Processing Line] DEBUG net.serenitybdd.core.photography.DarkroomProcessingLine - Processing screenshot image in /var/screenshots/screenshot-2968273960189650566
17:43:51.913 [Darkroom Processing Line] DEBUG net.serenitybdd.core.photography.DarkroomProcessingLine - Saving screenshot to target\site\serenity\8c7884909b4eab0cc3dd62a00be0b684923973b54e07433dc9cba5bb4277208d.png
17:43:51.918 [main] DEBUG net.thucydides.core.steps.StepInterceptor - STARTING STEP: DoctorSteps.iChangeDoctorData - clickSubmitButton
17:43:51.921 [Forwarding findElement on session 93ba892ecb085b60d0d62d55282f0aa7 to remote] DEBUG org.asynchttpclient.netty.request.NettyRequestSender - Using pooled Channel '[id: 0x8ee2ed3f, L:/127.0.0.1:57764 - R:localhost/127.0.0.1:58268]' for 'POST' to 'http://localhost:58268/session/93ba892ecb085b60d0d62d55282f0aa7/element'
17:43:51.921 [Forwarding findElement on session 93ba892ecb085b60d0d62d55282f0aa7 to remote] DEBUG org.asynchttpclient.netty.request.NettyRequestSender - Using open Channel [id: 0x8ee2ed3f, L:/127.0.0.1:57764 - R:localhost/127.0.0.1:58268] for POST '/session/93ba892ecb085b60d0d62d55282f0aa7/element'
17:43:51.936 [AsyncHttpClient-1-3] DEBUG org.asynchttpclient.netty.handler.HttpHandler - 

Request DefaultHttpRequest(decodeResult: success, version: HTTP/1.1)
POST /session/93ba892ecb085b60d0d62d55282f0aa7/element HTTP/1.1
User-Agent: selenium/4.1.2 (java windows)
Content-Length: 116
Content-Type: application/json; charset=utf-8
host: localhost:58268
accept: */*

Response DefaultHttpResponse(decodeResult: success, version: HTTP/1.1)
HTTP/1.1 200 OK
Content-Type: application/json; charset=utf-8
cache-control: no-cache
content-length: 88

17:43:51.936 [AsyncHttpClient-1-3] DEBUG org.asynchttpclient.netty.channel.ChannelManager - Adding key: http://localhost:58268 for channel [id: 0x8ee2ed3f, L:/127.0.0.1:57764 - R:localhost/127.0.0.1:58268]
17:43:51.937 [Forwarding getElementTagName on session 93ba892ecb085b60d0d62d55282f0aa7 to remote] DEBUG org.asynchttpclient.netty.request.NettyRequestSender - Using pooled Channel '[id: 0x8ee2ed3f, L:/127.0.0.1:57764 - R:localhost/127.0.0.1:58268]' for 'GET' to 'http://localhost:58268/session/93ba892ecb085b60d0d62d55282f0aa7/element/ac43bfc4-a306-404e-80d0-7c9874f40893/name'
17:43:51.937 [Forwarding getElementTagName on session 93ba892ecb085b60d0d62d55282f0aa7 to remote] DEBUG org.asynchttpclient.netty.request.NettyRequestSender - Using open Channel [id: 0x8ee2ed3f, L:/127.0.0.1:57764 - R:localhost/127.0.0.1:58268] for GET '/session/93ba892ecb085b60d0d62d55282f0aa7/element/ac43bfc4-a306-404e-80d0-7c9874f40893/name'
17:43:51.943 [AsyncHttpClient-1-3] DEBUG org.asynchttpclient.netty.handler.HttpHandler - 

Request DefaultFullHttpRequest(decodeResult: success, version: HTTP/1.1, content: EmptyByteBufBE)
GET /session/93ba892ecb085b60d0d62d55282f0aa7/element/ac43bfc4-a306-404e-80d0-7c9874f40893/name HTTP/1.1
User-Agent: selenium/4.1.2 (java windows)
Cache-Control: no-cache
Content-Type: application/json; charset=utf-8
host: localhost:58268
accept: */*

Response DefaultHttpResponse(decodeResult: success, version: HTTP/1.1)
HTTP/1.1 200 OK
Content-Type: application/json; charset=utf-8
cache-control: no-cache
content-length: 18

17:43:51.943 [AsyncHttpClient-1-3] DEBUG org.asynchttpclient.netty.channel.ChannelManager - Adding key: http://localhost:58268 for channel [id: 0x8ee2ed3f, L:/127.0.0.1:57764 - R:localhost/127.0.0.1:58268]
17:43:51.944 [Forwarding getElementTagName on session 93ba892ecb085b60d0d62d55282f0aa7 to remote] DEBUG org.asynchttpclient.netty.request.NettyRequestSender - Using pooled Channel '[id: 0x8ee2ed3f, L:/127.0.0.1:57764 - R:localhost/127.0.0.1:58268]' for 'GET' to 'http://localhost:58268/session/93ba892ecb085b60d0d62d55282f0aa7/element/ac43bfc4-a306-404e-80d0-7c9874f40893/name'
17:43:51.944 [Forwarding getElementTagName on session 93ba892ecb085b60d0d62d55282f0aa7 to remote] DEBUG org.asynchttpclient.netty.request.NettyRequestSender - Using open Channel [id: 0x8ee2ed3f, L:/127.0.0.1:57764 - R:localhost/127.0.0.1:58268] for GET '/session/93ba892ecb085b60d0d62d55282f0aa7/element/ac43bfc4-a306-404e-80d0-7c9874f40893/name'
17:43:51.948 [AsyncHttpClient-1-3] DEBUG org.asynchttpclient.netty.handler.HttpHandler - 

Request DefaultFullHttpRequest(decodeResult: success, version: HTTP/1.1, content: EmptyByteBufBE)
GET /session/93ba892ecb085b60d0d62d55282f0aa7/element/ac43bfc4-a306-404e-80d0-7c9874f40893/name HTTP/1.1
User-Agent: selenium/4.1.2 (java windows)
Cache-Control: no-cache
Content-Type: application/json; charset=utf-8
host: localhost:58268
accept: */*

Response DefaultHttpResponse(decodeResult: success, version: HTTP/1.1)
HTTP/1.1 200 OK
Content-Type: application/json; charset=utf-8
cache-control: no-cache
content-length: 18

17:43:51.948 [AsyncHttpClient-1-3] DEBUG org.asynchttpclient.netty.channel.ChannelManager - Adding key: http://localhost:58268 for channel [id: 0x8ee2ed3f, L:/127.0.0.1:57764 - R:localhost/127.0.0.1:58268]
17:43:51.950 [Forwarding isElementEnabled on session 93ba892ecb085b60d0d62d55282f0aa7 to remote] DEBUG org.asynchttpclient.netty.request.NettyRequestSender - Using pooled Channel '[id: 0x8ee2ed3f, L:/127.0.0.1:57764 - R:localhost/127.0.0.1:58268]' for 'GET' to 'http://localhost:58268/session/93ba892ecb085b60d0d62d55282f0aa7/element/ac43bfc4-a306-404e-80d0-7c9874f40893/enabled'
17:43:51.950 [Forwarding isElementEnabled on session 93ba892ecb085b60d0d62d55282f0aa7 to remote] DEBUG org.asynchttpclient.netty.request.NettyRequestSender - Using open Channel [id: 0x8ee2ed3f, L:/127.0.0.1:57764 - R:localhost/127.0.0.1:58268] for GET '/session/93ba892ecb085b60d0d62d55282f0aa7/element/ac43bfc4-a306-404e-80d0-7c9874f40893/enabled'
17:43:51.961 [AsyncHttpClient-1-3] DEBUG org.asynchttpclient.netty.handler.HttpHandler - 

Request DefaultFullHttpRequest(decodeResult: success, version: HTTP/1.1, content: EmptyByteBufBE)
GET /session/93ba892ecb085b60d0d62d55282f0aa7/element/ac43bfc4-a306-404e-80d0-7c9874f40893/enabled HTTP/1.1
User-Agent: selenium/4.1.2 (java windows)
Cache-Control: no-cache
Content-Type: application/json; charset=utf-8
host: localhost:58268
accept: */*

Response DefaultHttpResponse(decodeResult: success, version: HTTP/1.1)
HTTP/1.1 200 OK
Content-Type: application/json; charset=utf-8
cache-control: no-cache
content-length: 14

17:43:51.962 [AsyncHttpClient-1-3] DEBUG org.asynchttpclient.netty.channel.ChannelManager - Adding key: http://localhost:58268 for channel [id: 0x8ee2ed3f, L:/127.0.0.1:57764 - R:localhost/127.0.0.1:58268]
17:43:51.963 [Forwarding isElementEnabled on session 93ba892ecb085b60d0d62d55282f0aa7 to remote] DEBUG org.asynchttpclient.netty.request.NettyRequestSender - Using pooled Channel '[id: 0x8ee2ed3f, L:/127.0.0.1:57764 - R:localhost/127.0.0.1:58268]' for 'GET' to 'http://localhost:58268/session/93ba892ecb085b60d0d62d55282f0aa7/element/ac43bfc4-a306-404e-80d0-7c9874f40893/enabled'
17:43:51.963 [Forwarding isElementEnabled on session 93ba892ecb085b60d0d62d55282f0aa7 to remote] DEBUG org.asynchttpclient.netty.request.NettyRequestSender - Using open Channel [id: 0x8ee2ed3f, L:/127.0.0.1:57764 - R:localhost/127.0.0.1:58268] for GET '/session/93ba892ecb085b60d0d62d55282f0aa7/element/ac43bfc4-a306-404e-80d0-7c9874f40893/enabled'
17:43:51.968 [AsyncHttpClient-1-3] DEBUG org.asynchttpclient.netty.handler.HttpHandler - 

Request DefaultFullHttpRequest(decodeResult: success, version: HTTP/1.1, content: EmptyByteBufBE)
GET /session/93ba892ecb085b60d0d62d55282f0aa7/element/ac43bfc4-a306-404e-80d0-7c9874f40893/enabled HTTP/1.1
User-Agent: selenium/4.1.2 (java windows)
Cache-Control: no-cache
Content-Type: application/json; charset=utf-8
host: localhost:58268
accept: */*

Response DefaultHttpResponse(decodeResult: success, version: HTTP/1.1)
HTTP/1.1 200 OK
Content-Type: application/json; charset=utf-8
cache-control: no-cache
content-length: 14

17:43:51.969 [AsyncHttpClient-1-3] DEBUG org.asynchttpclient.netty.channel.ChannelManager - Adding key: http://localhost:58268 for channel [id: 0x8ee2ed3f, L:/127.0.0.1:57764 - R:localhost/127.0.0.1:58268]
17:43:51.970 [Forwarding findElement on session 93ba892ecb085b60d0d62d55282f0aa7 to remote] DEBUG org.asynchttpclient.netty.request.NettyRequestSender - Using pooled Channel '[id: 0x8ee2ed3f, L:/127.0.0.1:57764 - R:localhost/127.0.0.1:58268]' for 'POST' to 'http://localhost:58268/session/93ba892ecb085b60d0d62d55282f0aa7/element'
17:43:51.970 [Forwarding findElement on session 93ba892ecb085b60d0d62d55282f0aa7 to remote] DEBUG org.asynchttpclient.netty.request.NettyRequestSender - Using open Channel [id: 0x8ee2ed3f, L:/127.0.0.1:57764 - R:localhost/127.0.0.1:58268] for POST '/session/93ba892ecb085b60d0d62d55282f0aa7/element'
17:43:51.978 [AsyncHttpClient-1-3] DEBUG org.asynchttpclient.netty.handler.HttpHandler - 

Request DefaultHttpRequest(decodeResult: success, version: HTTP/1.1)
POST /session/93ba892ecb085b60d0d62d55282f0aa7/element HTTP/1.1
User-Agent: selenium/4.1.2 (java windows)
Content-Length: 116
Content-Type: application/json; charset=utf-8
host: localhost:58268
accept: */*

Response DefaultHttpResponse(decodeResult: success, version: HTTP/1.1)
HTTP/1.1 200 OK
Content-Type: application/json; charset=utf-8
cache-control: no-cache
content-length: 88

17:43:51.979 [AsyncHttpClient-1-3] DEBUG org.asynchttpclient.netty.channel.ChannelManager - Adding key: http://localhost:58268 for channel [id: 0x8ee2ed3f, L:/127.0.0.1:57764 - R:localhost/127.0.0.1:58268]
17:43:51.980 [Forwarding clickElement on session 93ba892ecb085b60d0d62d55282f0aa7 to remote] DEBUG org.asynchttpclient.netty.request.NettyRequestSender - Using pooled Channel '[id: 0x8ee2ed3f, L:/127.0.0.1:57764 - R:localhost/127.0.0.1:58268]' for 'POST' to 'http://localhost:58268/session/93ba892ecb085b60d0d62d55282f0aa7/element/ac43bfc4-a306-404e-80d0-7c9874f40893/click'
17:43:51.980 [Forwarding clickElement on session 93ba892ecb085b60d0d62d55282f0aa7 to remote] DEBUG org.asynchttpclient.netty.request.NettyRequestSender - Using open Channel [id: 0x8ee2ed3f, L:/127.0.0.1:57764 - R:localhost/127.0.0.1:58268] for POST '/session/93ba892ecb085b60d0d62d55282f0aa7/element/ac43bfc4-a306-404e-80d0-7c9874f40893/click'
17:43:52.063 [AsyncHttpClient-1-3] DEBUG org.asynchttpclient.netty.handler.HttpHandler - 

Request DefaultHttpRequest(decodeResult: success, version: HTTP/1.1)
POST /session/93ba892ecb085b60d0d62d55282f0aa7/element/ac43bfc4-a306-404e-80d0-7c9874f40893/click HTTP/1.1
User-Agent: selenium/4.1.2 (java windows)
Content-Length: 50
Content-Type: application/json; charset=utf-8
host: localhost:58268
accept: */*

Response DefaultHttpResponse(decodeResult: success, version: HTTP/1.1)
HTTP/1.1 200 OK
Content-Type: application/json; charset=utf-8
cache-control: no-cache
content-length: 14

17:43:52.063 [AsyncHttpClient-1-3] DEBUG org.asynchttpclient.netty.channel.ChannelManager - Adding key: http://localhost:58268 for channel [id: 0x8ee2ed3f, L:/127.0.0.1:57764 - R:localhost/127.0.0.1:58268]
17:43:52.074 [Forwarding screenshot on session 93ba892ecb085b60d0d62d55282f0aa7 to remote] DEBUG org.asynchttpclient.netty.request.NettyRequestSender - Using pooled Channel '[id: 0x8ee2ed3f, L:/127.0.0.1:57764 - R:localhost/127.0.0.1:58268]' for 'GET' to 'http://localhost:58268/session/93ba892ecb085b60d0d62d55282f0aa7/screenshot'
17:43:52.074 [Forwarding screenshot on session 93ba892ecb085b60d0d62d55282f0aa7 to remote] DEBUG org.asynchttpclient.netty.request.NettyRequestSender - Using open Channel [id: 0x8ee2ed3f, L:/127.0.0.1:57764 - R:localhost/127.0.0.1:58268] for GET '/session/93ba892ecb085b60d0d62d55282f0aa7/screenshot'
17:43:52.219 [AsyncHttpClient-1-3] DEBUG org.asynchttpclient.netty.handler.HttpHandler - 

Request DefaultFullHttpRequest(decodeResult: success, version: HTTP/1.1, content: EmptyByteBufBE)
GET /session/93ba892ecb085b60d0d62d55282f0aa7/screenshot HTTP/1.1
User-Agent: selenium/4.1.2 (java windows)
Cache-Control: no-cache
Content-Type: application/json; charset=utf-8
host: localhost:58268
accept: */*

Response DefaultHttpResponse(decodeResult: success, version: HTTP/1.1)
HTTP/1.1 200 OK
Content-Type: application/json; charset=utf-8
cache-control: no-cache
content-length: 94040

17:43:52.220 [AsyncHttpClient-1-3] DEBUG org.asynchttpclient.netty.channel.ChannelManager - Adding key: http://localhost:58268 for channel [id: 0x8ee2ed3f, L:/127.0.0.1:57764 - R:localhost/127.0.0.1:58268]
17:43:52.226 [main] DEBUG net.serenitybdd.core.photography.Darkroom - Send negative for processing for target\site\serenity\69e540683a396473f8d50515efa070d74c07876ccae5621ee07cce198e77e8e9.png
17:43:52.226 [main] DEBUG net.thucydides.core.steps.StepInterceptor - STEP DONE: clickSubmitButton
  &amp#27;[32mAnd &amp#27;[0m&amp#27;[32mI change doctor data&amp#27;[0m                     &amp#27;[90m# starter.stepdefinitions.DoctorSteps.iChangeDoctorData()&amp#27;[0m
17:43:52.226 [Darkroom Processing Line] DEBUG net.serenitybdd.core.photography.DarkroomProcessingLine - Processing screenshot image in /var/screenshots/screenshot-10726954990500774730
17:43:52.226 [Darkroom Processing Line] DEBUG net.serenitybdd.core.photography.DarkroomProcessingLine - Saving screenshot to target\site\serenity\69e540683a396473f8d50515efa070d74c07876ccae5621ee07cce198e77e8e9.png
17:43:52.237 [Forwarding findElement on session 93ba892ecb085b60d0d62d55282f0aa7 to remote] DEBUG org.asynchttpclient.netty.request.NettyRequestSender - Using pooled Channel '[id: 0x8ee2ed3f, L:/127.0.0.1:57764 - R:localhost/127.0.0.1:58268]' for 'POST' to 'http://localhost:58268/session/93ba892ecb085b60d0d62d55282f0aa7/element'
17:43:52.238 [Forwarding findElement on session 93ba892ecb085b60d0d62d55282f0aa7 to remote] DEBUG org.asynchttpclient.netty.request.NettyRequestSender - Using open Channel [id: 0x8ee2ed3f, L:/127.0.0.1:57764 - R:localhost/127.0.0.1:58268] for POST '/session/93ba892ecb085b60d0d62d55282f0aa7/element'
17:43:52.300 [AsyncHttpClient-1-1] DEBUG org.asynchttpclient.netty.channel.DefaultChannelPool - Entry count for : http://localhost:57766 : 1
17:43:53.411 [AsyncHttpClient-1-1] DEBUG org.asynchttpclient.netty.channel.DefaultChannelPool - Entry count for : http://localhost:57766 : 1
17:43:53.900 [AsyncHttpClient-1-3] DEBUG org.asynchttpclient.netty.handler.HttpHandler - 

Request DefaultHttpRequest(decodeResult: success, version: HTTP/1.1)
POST /session/93ba892ecb085b60d0d62d55282f0aa7/element HTTP/1.1
User-Agent: selenium/4.1.2 (java windows)
Content-Length: 74
Content-Type: application/json; charset=utf-8
host: localhost:58268
accept: */*

Response DefaultHttpResponse(decodeResult: success, version: HTTP/1.1)
HTTP/1.1 200 OK
Content-Type: application/json; charset=utf-8
cache-control: no-cache
content-length: 88

17:43:53.901 [AsyncHttpClient-1-3] DEBUG org.asynchttpclient.netty.channel.ChannelManager - Adding key: http://localhost:58268 for channel [id: 0x8ee2ed3f, L:/127.0.0.1:57764 - R:localhost/127.0.0.1:58268]
17:43:53.906 [Forwarding isElementDisplayed on session 93ba892ecb085b60d0d62d55282f0aa7 to remote] DEBUG org.asynchttpclient.netty.request.NettyRequestSender - Using pooled Channel '[id: 0x8ee2ed3f, L:/127.0.0.1:57764 - R:localhost/127.0.0.1:58268]' for 'POST' to 'http://localhost:58268/session/93ba892ecb085b60d0d62d55282f0aa7/execute/sync'
17:43:53.906 [Forwarding isElementDisplayed on session 93ba892ecb085b60d0d62d55282f0aa7 to remote] DEBUG org.asynchttpclient.netty.request.NettyRequestSender - Using open Channel [id: 0x8ee2ed3f, L:/127.0.0.1:57764 - R:localhost/127.0.0.1:58268] for POST '/session/93ba892ecb085b60d0d62d55282f0aa7/execute/sync'
17:43:53.936 [AsyncHttpClient-1-3] DEBUG org.asynchttpclient.netty.handler.HttpHandler - 

Request DefaultHttpRequest(decodeResult: success, version: HTTP/1.1)
POST /session/93ba892ecb085b60d0d62d55282f0aa7/execute/sync HTTP/1.1
User-Agent: selenium/4.1.2 (java windows)
Content-Length: 48780
Content-Type: application/json; charset=utf-8
host: localhost:58268
accept: */*

Response DefaultHttpResponse(decodeResult: success, version: HTTP/1.1)
HTTP/1.1 200 OK
Content-Type: application/json; charset=utf-8
cache-control: no-cache
content-length: 14

17:43:53.936 [AsyncHttpClient-1-3] DEBUG org.asynchttpclient.netty.channel.ChannelManager - Adding key: http://localhost:58268 for channel [id: 0x8ee2ed3f, L:/127.0.0.1:57764 - R:localhost/127.0.0.1:58268]
  &amp#27;[32mThen &amp#27;[0m&amp#27;[32mI get Edit Doctor has been added result&amp#27;[0m &amp#27;[90m# starter.stepdefinitions.DoctorSteps.iGetEditDoctorHasBeenAddedResult()&amp#27;[0m
17:43:53.946 [Forwarding screenshot on session 93ba892ecb085b60d0d62d55282f0aa7 to remote] DEBUG org.asynchttpclient.netty.request.NettyRequestSender - Using pooled Channel '[id: 0x8ee2ed3f, L:/127.0.0.1:57764 - R:localhost/127.0.0.1:58268]' for 'GET' to 'http://localhost:58268/session/93ba892ecb085b60d0d62d55282f0aa7/screenshot'
17:43:53.946 [Forwarding screenshot on session 93ba892ecb085b60d0d62d55282f0aa7 to remote] DEBUG org.asynchttpclient.netty.request.NettyRequestSender - Using open Channel [id: 0x8ee2ed3f, L:/127.0.0.1:57764 - R:localhost/127.0.0.1:58268] for GET '/session/93ba892ecb085b60d0d62d55282f0aa7/screenshot'
17:43:54.158 [AsyncHttpClient-1-3] DEBUG org.asynchttpclient.netty.handler.HttpHandler - 

Request DefaultFullHttpRequest(decodeResult: success, version: HTTP/1.1, content: EmptyByteBufBE)
GET /session/93ba892ecb085b60d0d62d55282f0aa7/screenshot HTTP/1.1
User-Agent: selenium/4.1.2 (java windows)
Cache-Control: no-cache
Content-Type: application/json; charset=utf-8
host: localhost:58268
accept: */*

Response DefaultHttpResponse(decodeResult: success, version: HTTP/1.1)
HTTP/1.1 200 OK
Content-Type: application/json; charset=utf-8
cache-control: no-cache
content-length: 112920

17:43:54.158 [AsyncHttpClient-1-3] DEBUG org.asynchttpclient.netty.channel.ChannelManager - Adding key: http://localhost:58268 for channel [id: 0x8ee2ed3f, L:/127.0.0.1:57764 - R:localhost/127.0.0.1:58268]
17:43:54.169 [main] DEBUG net.serenitybdd.core.photography.Darkroom - Send negative for processing for target\site\serenity\82032987cfbb36e9decea50d268dd95faa7f8aef793c0a8d61bd9d31584aa87d.png
17:43:54.170 [Darkroom Processing Line] DEBUG net.serenitybdd.core.photography.DarkroomProcessingLine - Processing screenshot image in /var/screenshots/screenshot-12250946034713310577
17:43:54.170 [Darkroom Processing Line] DEBUG net.serenitybdd.core.photography.DarkroomProcessingLine - Saving screenshot to target\site\serenity\82032987cfbb36e9decea50d268dd95faa7f8aef793c0a8d61bd9d31584aa87d.png
17:43:54.171 [main] INFO  - 
  _____   ___   ___   _____     ___     _     ___   ___   ___   ___  
 |_   _| | __| / __| |_   _|   | _ \   /_\   / __| / __| | __| |   \ 
   | |   | _|  \__ \   | |     |  _/  / _ \  \__ \ \__ \ | _|  | |) |
   |_|   |___| |___/   |_|     |_|   /_/ \_\ |___/ |___/ |___| |___/ 

Edit Doctor Data Scenario
----------------------------------------------------------------------
17:43:54.173 [AsyncHttpClient-1-5] DEBUG org.asynchttpclient.netty.handler.WebSocketHandler - Channel Closed: [id: 0x79ca06ab, L:/127.0.0.1:57772 ! R:localhost/127.0.0.1:57766] with attribute NettyResponseFuture{currentRetry=5,
	isDone=1,
	isCancelled=0,
	asyncHandler=org.asynchttpclient.ws.WebSocketUpgradeHandler@2a3dd817,
	nettyRequest=org.asynchttpclient.netty.request.NettyRequest@c44845e,
	future=java.util.concurrent.CompletableFuture@1f3bbff3[Completed normally],
	uri=ws://localhost:57766/devtools/browser/e4d46c24-d36f-49bc-8adc-eff79e8757f9,
	keepAlive=true,
	redirectCount=0,
	timeoutsHolder=null,
	inAuth=0,
	touch=1655549024185}
17:43:54.173 [AsyncHttpClient-1-5] DEBUG org.asynchttpclient.netty.channel.ChannelManager - Closing Channel [id: 0x79ca06ab, L:/127.0.0.1:57772 ! R:localhost/127.0.0.1:57766] 
17:43:54.174 [Driver Command Executor] DEBUG org.asynchttpclient.netty.request.NettyRequestSender - Using pooled Channel '[id: 0x8ee2ed3f, L:/127.0.0.1:57764 - R:localhost/127.0.0.1:58268]' for 'DELETE' to 'http://localhost:58268/session/93ba892ecb085b60d0d62d55282f0aa7'
17:43:54.174 [Driver Command Executor] DEBUG org.asynchttpclient.netty.request.NettyRequestSender - Using open Channel [id: 0x8ee2ed3f, L:/127.0.0.1:57764 - R:localhost/127.0.0.1:58268] for DELETE '/session/93ba892ecb085b60d0d62d55282f0aa7'
17:43:54.304 [AsyncHttpClient-1-4] DEBUG org.asynchttpclient.netty.handler.HttpHandler - Unexpected I/O exception on channel [id: 0x77af9abe, L:/127.0.0.1:57771 - R:localhost/127.0.0.1:57766]
java.net.SocketException: Connection reset
	at java.base/sun.nio.ch.SocketChannelImpl.throwConnectionReset(SocketChannelImpl.java:367)
	at java.base/sun.nio.ch.SocketChannelImpl.read(SocketChannelImpl.java:398)
	at io.netty.buffer.PooledByteBuf.setBytes(PooledByteBuf.java:258)
	at io.netty.buffer.AbstractByteBuf.writeBytes(AbstractByteBuf.java:1132)
	at io.netty.channel.socket.nio.NioSocketChannel.doReadBytes(NioSocketChannel.java:350)
	at io.netty.channel.nio.AbstractNioByteChannel$NioByteUnsafe.read(AbstractNioByteChannel.java:151)
	at io.netty.channel.nio.NioEventLoop.processSelectedKey(NioEventLoop.java:722)
	at io.netty.channel.nio.NioEventLoop.processSelectedKeysOptimized(NioEventLoop.java:658)
	at io.netty.channel.nio.NioEventLoop.processSelectedKeys(NioEventLoop.java:584)
	at io.netty.channel.nio.NioEventLoop.run(NioEventLoop.java:496)
	at io.netty.util.concurrent.SingleThreadEventExecutor$4.run(SingleThreadEventExecutor.java:986)
	at io.netty.util.internal.ThreadExecutorMap$2.run(ThreadExecutorMap.java:74)
	at io.netty.util.concurrent.FastThreadLocalRunnable.run(FastThreadLocalRunnable.java:30)
	at java.base/java.lang.Thread.run(Thread.java:832)
17:43:54.304 [AsyncHttpClient-1-4] DEBUG org.asynchttpclient.netty.channel.ChannelManager - Closing Channel [id: 0x77af9abe, L:/127.0.0.1:57771 - R:localhost/127.0.0.1:57766] 
17:43:54.304 [AsyncHttpClient-1-4] DEBUG org.asynchttpclient.netty.handler.HttpHandler - Channel Closed: [id: 0x77af9abe, L:/127.0.0.1:57771 ! R:localhost/127.0.0.1:57766] with attribute DISCARD
17:43:54.325 [AsyncHttpClient-1-3] DEBUG org.asynchttpclient.netty.handler.HttpHandler - 

Request DefaultFullHttpRequest(decodeResult: success, version: HTTP/1.1, content: EmptyByteBufBE)
DELETE /session/93ba892ecb085b60d0d62d55282f0aa7 HTTP/1.1
User-Agent: selenium/4.1.2 (java windows)
Content-Type: application/json; charset=utf-8
host: localhost:58268
accept: */*

Response DefaultHttpResponse(decodeResult: success, version: HTTP/1.1)
HTTP/1.1 200 OK
Content-Type: application/json; charset=utf-8
cache-control: no-cache
content-length: 14

17:43:54.325 [AsyncHttpClient-1-3] DEBUG org.asynchttpclient.netty.channel.ChannelManager - Adding key: http://localhost:58268 for channel [id: 0x8ee2ed3f, L:/127.0.0.1:57764 - R:localhost/127.0.0.1:58268]
17:43:54.500 [AsyncHttpClient-1-1] DEBUG org.asynchttpclient.netty.channel.DefaultChannelPool - Entry count for : http://localhost:58268 : 1
17:43:54.500 [AsyncHttpClient-1-1] DEBUG org.asynchttpclient.netty.channel.DefaultChannelPool - Entry count for : http://localhost:57766 : 1
17:43:54.500 [AsyncHttpClient-1-1] DEBUG org.asynchttpclient.netty.channel.DefaultChannelPool - Adding Candidate expired Channel [id: 0x77af9abe, L:/127.0.0.1:57771 ! R:localhost/127.0.0.1:57766] isIdleTimeoutExpired=false isRemotelyClosed=true isTtlExpired=false
17:43:54.500 [AsyncHttpClient-1-1] DEBUG org.asynchttpclient.netty.channel.DefaultChannelPool - Closing Idle Channel [id: 0x77af9abe, L:/127.0.0.1:57771 ! R:localhost/127.0.0.1:57766]
17:43:54.500 [AsyncHttpClient-1-1] DEBUG org.asynchttpclient.netty.channel.DefaultChannelPool - Closed 1 connections out of 2 in 0 ms
17:43:54.506 [AsyncHttpClient-1-3] DEBUG org.asynchttpclient.netty.handler.HttpHandler - Channel Closed: [id: 0x8ee2ed3f, L:/127.0.0.1:57764 ! R:localhost/127.0.0.1:58268] with attribute DISCARD
]]></system-out>
    <system-err><![CDATA[Starting ChromeDriver 102.0.5005.61 (0e59bcc00cc4985ce39ad31c150065f159d95ad3-refs/branch-heads/5005@{#819}) on port 58268
Only local connections are allowed.
Please see https://chromedriver.chromium.org/security-considerations for suggestions on keeping ChromeDriver safe.
ChromeDriver was started successfully.
Jun 18, 2022 5:43:44 PM org.openqa.selenium.remote.ProtocolHandshake createSession
INFO: Detected dialect: W3C
Jun 18, 2022 5:43:44 PM org.openqa.selenium.devtools.CdpVersionFinder findNearestMatch
WARNING: Unable to find an exact match for CDP version 102, so returning the closest version found: a no-op implementation
Jun 18, 2022 5:43:44 PM org.openqa.selenium.devtools.CdpVersionFinder findNearestMatch
INFO: Unable to find CDP implementation matching 102.
Jun 18, 2022 5:43:44 PM org.openqa.selenium.chromium.ChromiumDriver lambda$new$3
WARNING: Unable to find version of CDP to use for . You may need to include a dependency on a specific version of the CDP using something similar to `org.seleniumhq.selenium:selenium-devtools-v86:4.1.2` where the version ("v86") matches the version of the chromium-based browser you're using and the version number of the artifact is the same as Selenium's.
]]></system-err>
  </testcase>
  <testcase name="Cancel Edit Doctor Data Scenario" classname="Doctor" time="9.223">
    <system-out><![CDATA[
@Doctor
Scenario: Cancel Edit Doctor Data Scenario &amp#27;[90m# src/test/resources/features/3.Doctor.feature:30&amp#27;[0m
17:43:55.185 [main] INFO io.cucumber.core.plugin.SerenityReporter - Running feature from file:///E:/My%20Documents/File%20Difa/TI%20Semester%206%20Kampus%20Merdeka%20Alterra/Tugas/CAPSTONE%20Project/Capstone-Project-Website/src/test/resources/features/3.Doctor.feature
17:43:55.199 [main] INFO  - 
  _____   ___   ___   _____     ___   _____     _     ___   _____   ___   ___  
 |_   _| | __| / __| |_   _|   / __| |_   _|   /_\   | _ \ |_   _| | __| |   \ 
   | |   | _|  \__ \   | |     \__ \   | |    / _ \  |   /   | |   | _|  | |) |
   |_|   |___| |___/   |_|     |___/   |_|   /_/ \_\ |_|_\   |_|   |___| |___/ 

Cancel Edit Doctor Data Scenario(doctor;cancel-edit-doctor-data-scenario)
--------------------------------------------------------------------------------
17:43:55.232 [main] DEBUG net.thucydides.core.steps.StepInterceptor - STARTING STEP: DoctorSteps.iAmAtTheDashboardPage - openUrl
17:43:55.235 [main] INFO net.serenitybdd.core.webdriver.driverproviders.ChromeDriverProvider - Using automatically driver download
17:43:55.422 [main] DEBUG io.github.bonigarcia.wdm.cache.ResolutionCache - Resolution chrome=102 in cache (valid until 18:14:23 18/06/2022 ICT)
17:43:55.429 [main] DEBUG io.github.bonigarcia.wdm.cache.ResolutionCache - Resolution chrome102=102.0.5005.61 in cache (valid until 17:29:52 19/06/2022 ICT)
17:43:55.431 [main] INFO io.github.bonigarcia.wdm.WebDriverManager - Using chromedriver 102.0.5005.61 (resolved driver for Chrome 102)
17:43:55.480 [main] DEBUG io.github.bonigarcia.wdm.WebDriverManager - Driver chromedriver 102.0.5005.61 found in cache
17:43:55.481 [main] INFO io.github.bonigarcia.wdm.WebDriverManager - Exporting webdriver.chrome.driver as C:\Users\USER\.cache\selenium\chromedriver\win32\102.0.5005.61\chromedriver.exe
17:43:55.615 [AsyncHttpClient-1-1] DEBUG org.asynchttpclient.netty.channel.DefaultChannelPool - Entry count for : http://localhost:58268 : 1
17:43:55.616 [AsyncHttpClient-1-1] DEBUG org.asynchttpclient.netty.channel.DefaultChannelPool - Adding Candidate expired Channel [id: 0x8ee2ed3f, L:/127.0.0.1:57764 ! R:localhost/127.0.0.1:58268] isIdleTimeoutExpired=false isRemotelyClosed=true isTtlExpired=false
17:43:55.616 [AsyncHttpClient-1-1] DEBUG org.asynchttpclient.netty.channel.DefaultChannelPool - Closing Idle Channel [id: 0x8ee2ed3f, L:/127.0.0.1:57764 ! R:localhost/127.0.0.1:58268]
17:43:55.616 [AsyncHttpClient-1-1] DEBUG org.asynchttpclient.netty.channel.DefaultChannelPool - Closed 1 connections out of 1 in 1 ms
17:43:55.806 [main] DEBUG net.serenitybdd.core.webdriver.driverproviders.ProvideNewDriver - Instantiating driver
17:43:55.806 [main] DEBUG net.serenitybdd.core.webdriver.driverproviders.ProvideNewDriver - Driver capabilities: Capabilities {acceptInsecureCerts: false, base.url: https://hospital-management..., browserName: chrome, chrome.driver: src/test/resources/webdrive..., driver: chrome, goog:chromeOptions: {args: [], extensions: []}}
17:43:56.359 [AsyncHttpClient-1-6] DEBUG org.asynchttpclient.netty.channel.NettyConnectListener - Using new Channel '[id: 0xdeb8c656, L:/127.0.0.1:57801 - R:localhost/127.0.0.1:61189]' for 'POST' to '/session'
17:43:58.674 [AsyncHttpClient-1-6] DEBUG org.asynchttpclient.netty.handler.HttpHandler - 

Request DefaultHttpRequest(decodeResult: success, version: HTTP/1.1)
POST /session HTTP/1.1
User-Agent: selenium/4.1.2 (java windows)
Content-Length: 621
Content-Type: application/json; charset=utf-8
host: localhost:61189
accept: */*

Response DefaultHttpResponse(decodeResult: success, version: HTTP/1.1)
HTTP/1.1 200 OK
Content-Type: application/json; charset=utf-8
cache-control: no-cache
content-length: 787

17:43:58.674 [AsyncHttpClient-1-6] DEBUG org.asynchttpclient.netty.channel.ChannelManager - Adding key: http://localhost:61189 for channel [id: 0xdeb8c656, L:/127.0.0.1:57801 - R:localhost/127.0.0.1:61189]
17:43:58.686 [AsyncHttpClient-1-7] DEBUG org.asynchttpclient.netty.channel.NettyConnectListener - Using new Channel '[id: 0x5a8dbf6d, L:/127.0.0.1:57810 - R:localhost/127.0.0.1:57802]' for 'GET' to '/json/version'
17:43:58.686 [AsyncHttpClient-1-7] DEBUG org.asynchttpclient.netty.handler.HttpHandler - 

Request DefaultFullHttpRequest(decodeResult: success, version: HTTP/1.1, content: EmptyByteBufBE)
GET /json/version HTTP/1.1
User-Agent: selenium/4.1.2 (java windows)
host: localhost:57802
accept: */*

Response DefaultHttpResponse(decodeResult: success, version: HTTP/1.1)
HTTP/1.1 200 OK
Content-Type: application/json; charset=UTF-8
content-length: 427

17:43:58.686 [AsyncHttpClient-1-7] DEBUG org.asynchttpclient.netty.channel.ChannelManager - Adding key: http://localhost:57802 for channel [id: 0x5a8dbf6d, L:/127.0.0.1:57810 - R:localhost/127.0.0.1:57802]
17:43:58.697 [AsyncHttpClient-1-8] DEBUG org.asynchttpclient.netty.channel.NettyConnectListener - Using new Channel '[id: 0xdfc8ce7f, L:/127.0.0.1:57811 - R:localhost/127.0.0.1:57802]' for 'GET' to '/devtools/browser/db590397-50f1-4add-8e6e-eb053ed662f1'
17:43:58.698 [AsyncHttpClient-1-8] DEBUG org.asynchttpclient.netty.handler.WebSocketHandler - 

Request DefaultFullHttpRequest(decodeResult: success, version: HTTP/1.1, content: EmptyByteBufBE)
GET /devtools/browser/db590397-50f1-4add-8e6e-eb053ed662f1 HTTP/1.1
upgrade: websocket
connection: upgrade
sec-websocket-key: bEunsclM4SJEx18GKRTCBQ==
sec-websocket-version: 13
origin: http://localhost:57802
host: localhost:57802
accept: */*
user-agent: AHC/2.1

Response DefaultHttpResponse(decodeResult: success, version: HTTP/1.1)
HTTP/1.1 101 WebSocket Protocol Handshake
Upgrade: WebSocket
Connection: Upgrade
Sec-WebSocket-Accept: QZxLOwrvEmIkwAAOcSlSEWxjUE0=

17:43:58.705 [Forwarding maximizeCurrentWindow on session d669c78764d2e7bc185ddad161e4995e to remote] DEBUG org.asynchttpclient.netty.request.NettyRequestSender - Using pooled Channel '[id: 0xdeb8c656, L:/127.0.0.1:57801 - R:localhost/127.0.0.1:61189]' for 'POST' to 'http://localhost:61189/session/d669c78764d2e7bc185ddad161e4995e/window/maximize'
17:43:58.706 [Forwarding maximizeCurrentWindow on session d669c78764d2e7bc185ddad161e4995e to remote] DEBUG org.asynchttpclient.netty.request.NettyRequestSender - Using open Channel [id: 0xdeb8c656, L:/127.0.0.1:57801 - R:localhost/127.0.0.1:61189] for POST '/session/d669c78764d2e7bc185ddad161e4995e/window/maximize'
17:43:58.852 [AsyncHttpClient-1-6] DEBUG org.asynchttpclient.netty.handler.HttpHandler - 

Request DefaultHttpRequest(decodeResult: success, version: HTTP/1.1)
POST /session/d669c78764d2e7bc185ddad161e4995e/window/maximize HTTP/1.1
User-Agent: selenium/4.1.2 (java windows)
Content-Length: 3
Content-Type: application/json; charset=utf-8
host: localhost:61189
accept: */*

Response DefaultHttpResponse(decodeResult: success, version: HTTP/1.1)
HTTP/1.1 200 OK
Content-Type: application/json; charset=utf-8
cache-control: no-cache
content-length: 51

17:43:58.852 [AsyncHttpClient-1-6] DEBUG org.asynchttpclient.netty.channel.ChannelManager - Adding key: http://localhost:61189 for channel [id: 0xdeb8c656, L:/127.0.0.1:57801 - R:localhost/127.0.0.1:61189]
17:43:58.854 [Forwarding get on session d669c78764d2e7bc185ddad161e4995e to remote] DEBUG org.asynchttpclient.netty.request.NettyRequestSender - Using pooled Channel '[id: 0xdeb8c656, L:/127.0.0.1:57801 - R:localhost/127.0.0.1:61189]' for 'POST' to 'http://localhost:61189/session/d669c78764d2e7bc185ddad161e4995e/url'
17:43:58.854 [Forwarding get on session d669c78764d2e7bc185ddad161e4995e to remote] DEBUG org.asynchttpclient.netty.request.NettyRequestSender - Using open Channel [id: 0xdeb8c656, L:/127.0.0.1:57801 - R:localhost/127.0.0.1:61189] for POST '/session/d669c78764d2e7bc185ddad161e4995e/url'
17:43:58.902 [AsyncHttpClient-1-1] DEBUG org.asynchttpclient.netty.channel.DefaultChannelPool - Entry count for : http://localhost:57802 : 1
17:44:00.001 [AsyncHttpClient-1-1] DEBUG org.asynchttpclient.netty.channel.DefaultChannelPool - Entry count for : http://localhost:57802 : 1
17:44:01.103 [AsyncHttpClient-1-1] DEBUG org.asynchttpclient.netty.channel.DefaultChannelPool - Entry count for : http://localhost:57802 : 1
17:44:01.581 [AsyncHttpClient-1-6] DEBUG org.asynchttpclient.netty.handler.HttpHandler - 

Request DefaultHttpRequest(decodeResult: success, version: HTTP/1.1)
POST /session/d669c78764d2e7bc185ddad161e4995e/url HTTP/1.1
User-Agent: selenium/4.1.2 (java windows)
Content-Length: 65
Content-Type: application/json; charset=utf-8
host: localhost:61189
accept: */*

Response DefaultHttpResponse(decodeResult: success, version: HTTP/1.1)
HTTP/1.1 200 OK
Content-Type: application/json; charset=utf-8
cache-control: no-cache
content-length: 14

17:44:01.581 [AsyncHttpClient-1-6] DEBUG org.asynchttpclient.netty.channel.ChannelManager - Adding key: http://localhost:61189 for channel [id: 0xdeb8c656, L:/127.0.0.1:57801 - R:localhost/127.0.0.1:61189]
17:44:01.584 [Forwarding setTimeout on session d669c78764d2e7bc185ddad161e4995e to remote] DEBUG org.asynchttpclient.netty.request.NettyRequestSender - Using pooled Channel '[id: 0xdeb8c656, L:/127.0.0.1:57801 - R:localhost/127.0.0.1:61189]' for 'POST' to 'http://localhost:61189/session/d669c78764d2e7bc185ddad161e4995e/timeouts'
17:44:01.584 [Forwarding setTimeout on session d669c78764d2e7bc185ddad161e4995e to remote] DEBUG org.asynchttpclient.netty.request.NettyRequestSender - Using open Channel [id: 0xdeb8c656, L:/127.0.0.1:57801 - R:localhost/127.0.0.1:61189] for POST '/session/d669c78764d2e7bc185ddad161e4995e/timeouts'
17:44:01.586 [AsyncHttpClient-1-6] DEBUG org.asynchttpclient.netty.handler.HttpHandler - 

Request DefaultHttpRequest(decodeResult: success, version: HTTP/1.1)
POST /session/d669c78764d2e7bc185ddad161e4995e/timeouts HTTP/1.1
User-Agent: selenium/4.1.2 (java windows)
Content-Length: 22
Content-Type: application/json; charset=utf-8
host: localhost:61189
accept: */*

Response DefaultHttpResponse(decodeResult: success, version: HTTP/1.1)
HTTP/1.1 200 OK
Content-Type: application/json; charset=utf-8
cache-control: no-cache
content-length: 14

17:44:01.586 [AsyncHttpClient-1-6] DEBUG org.asynchttpclient.netty.channel.ChannelManager - Adding key: http://localhost:61189 for channel [id: 0xdeb8c656, L:/127.0.0.1:57801 - R:localhost/127.0.0.1:61189]
17:44:01.590 [Forwarding getCurrentUrl on session d669c78764d2e7bc185ddad161e4995e to remote] DEBUG org.asynchttpclient.netty.request.NettyRequestSender - Using pooled Channel '[id: 0xdeb8c656, L:/127.0.0.1:57801 - R:localhost/127.0.0.1:61189]' for 'GET' to 'http://localhost:61189/session/d669c78764d2e7bc185ddad161e4995e/url'
17:44:01.590 [Forwarding getCurrentUrl on session d669c78764d2e7bc185ddad161e4995e to remote] DEBUG org.asynchttpclient.netty.request.NettyRequestSender - Using open Channel [id: 0xdeb8c656, L:/127.0.0.1:57801 - R:localhost/127.0.0.1:61189] for GET '/session/d669c78764d2e7bc185ddad161e4995e/url'
17:44:01.596 [AsyncHttpClient-1-6] DEBUG org.asynchttpclient.netty.handler.HttpHandler - 

Request DefaultFullHttpRequest(decodeResult: success, version: HTTP/1.1, content: EmptyByteBufBE)
GET /session/d669c78764d2e7bc185ddad161e4995e/url HTTP/1.1
User-Agent: selenium/4.1.2 (java windows)
Cache-Control: no-cache
Content-Type: application/json; charset=utf-8
host: localhost:61189
accept: */*

Response DefaultHttpResponse(decodeResult: success, version: HTTP/1.1)
HTTP/1.1 200 OK
Content-Type: application/json; charset=utf-8
cache-control: no-cache
content-length: 53

17:44:01.596 [AsyncHttpClient-1-6] DEBUG org.asynchttpclient.netty.channel.ChannelManager - Adding key: http://localhost:61189 for channel [id: 0xdeb8c656, L:/127.0.0.1:57801 - R:localhost/127.0.0.1:61189]
17:44:01.599 [Forwarding getCurrentUrl on session d669c78764d2e7bc185ddad161e4995e to remote] DEBUG org.asynchttpclient.netty.request.NettyRequestSender - Using pooled Channel '[id: 0xdeb8c656, L:/127.0.0.1:57801 - R:localhost/127.0.0.1:61189]' for 'GET' to 'http://localhost:61189/session/d669c78764d2e7bc185ddad161e4995e/url'
17:44:01.599 [Forwarding getCurrentUrl on session d669c78764d2e7bc185ddad161e4995e to remote] DEBUG org.asynchttpclient.netty.request.NettyRequestSender - Using open Channel [id: 0xdeb8c656, L:/127.0.0.1:57801 - R:localhost/127.0.0.1:61189] for GET '/session/d669c78764d2e7bc185ddad161e4995e/url'
17:44:01.604 [AsyncHttpClient-1-6] DEBUG org.asynchttpclient.netty.handler.HttpHandler - 

Request DefaultFullHttpRequest(decodeResult: success, version: HTTP/1.1, content: EmptyByteBufBE)
GET /session/d669c78764d2e7bc185ddad161e4995e/url HTTP/1.1
User-Agent: selenium/4.1.2 (java windows)
Cache-Control: no-cache
Content-Type: application/json; charset=utf-8
host: localhost:61189
accept: */*

Response DefaultHttpResponse(decodeResult: success, version: HTTP/1.1)
HTTP/1.1 200 OK
Content-Type: application/json; charset=utf-8
cache-control: no-cache
content-length: 53

17:44:01.604 [AsyncHttpClient-1-6] DEBUG org.asynchttpclient.netty.channel.ChannelManager - Adding key: http://localhost:61189 for channel [id: 0xdeb8c656, L:/127.0.0.1:57801 - R:localhost/127.0.0.1:61189]
17:44:01.612 [Forwarding screenshot on session d669c78764d2e7bc185ddad161e4995e to remote] DEBUG org.asynchttpclient.netty.request.NettyRequestSender - Using pooled Channel '[id: 0xdeb8c656, L:/127.0.0.1:57801 - R:localhost/127.0.0.1:61189]' for 'GET' to 'http://localhost:61189/session/d669c78764d2e7bc185ddad161e4995e/screenshot'
17:44:01.612 [Forwarding screenshot on session d669c78764d2e7bc185ddad161e4995e to remote] DEBUG org.asynchttpclient.netty.request.NettyRequestSender - Using open Channel [id: 0xdeb8c656, L:/127.0.0.1:57801 - R:localhost/127.0.0.1:61189] for GET '/session/d669c78764d2e7bc185ddad161e4995e/screenshot'
17:44:01.911 [AsyncHttpClient-1-6] DEBUG org.asynchttpclient.netty.handler.HttpHandler - 

Request DefaultFullHttpRequest(decodeResult: success, version: HTTP/1.1, content: EmptyByteBufBE)
GET /session/d669c78764d2e7bc185ddad161e4995e/screenshot HTTP/1.1
User-Agent: selenium/4.1.2 (java windows)
Cache-Control: no-cache
Content-Type: application/json; charset=utf-8
host: localhost:61189
accept: */*

Response DefaultHttpResponse(decodeResult: success, version: HTTP/1.1)
HTTP/1.1 200 OK
Content-Type: application/json; charset=utf-8
cache-control: no-cache
content-length: 382596

17:44:01.912 [AsyncHttpClient-1-6] DEBUG org.asynchttpclient.netty.channel.ChannelManager - Adding key: http://localhost:61189 for channel [id: 0xdeb8c656, L:/127.0.0.1:57801 - R:localhost/127.0.0.1:61189]
17:44:01.948 [main] DEBUG net.serenitybdd.core.photography.Darkroom - Send negative for processing for target\site\serenity\ed15a54c91c342d96a850276df7b559f4526b370fc93040e3c407a48a170f368.png
17:44:01.949 [main] DEBUG net.thucydides.core.steps.StepInterceptor - STEP DONE: openUrl
17:44:01.957 [main] DEBUG net.thucydides.core.steps.StepInterceptor - STARTING STEP: DoctorSteps.iAmAtTheDashboardPage - validateOnDashboardPage
17:44:01.960 [Forwarding findElement on session d669c78764d2e7bc185ddad161e4995e to remote] DEBUG org.asynchttpclient.netty.request.NettyRequestSender - Using pooled Channel '[id: 0xdeb8c656, L:/127.0.0.1:57801 - R:localhost/127.0.0.1:61189]' for 'POST' to 'http://localhost:61189/session/d669c78764d2e7bc185ddad161e4995e/element'
17:44:01.960 [Forwarding findElement on session d669c78764d2e7bc185ddad161e4995e to remote] DEBUG org.asynchttpclient.netty.request.NettyRequestSender - Using open Channel [id: 0xdeb8c656, L:/127.0.0.1:57801 - R:localhost/127.0.0.1:61189] for POST '/session/d669c78764d2e7bc185ddad161e4995e/element'
17:44:01.980 [AsyncHttpClient-1-6] DEBUG org.asynchttpclient.netty.handler.HttpHandler - 

Request DefaultHttpRequest(decodeResult: success, version: HTTP/1.1)
POST /session/d669c78764d2e7bc185ddad161e4995e/element HTTP/1.1
User-Agent: selenium/4.1.2 (java windows)
Content-Length: 81
Content-Type: application/json; charset=utf-8
host: localhost:61189
accept: */*

Response DefaultHttpResponse(decodeResult: success, version: HTTP/1.1)
HTTP/1.1 200 OK
Content-Type: application/json; charset=utf-8
cache-control: no-cache
content-length: 88

17:44:01.980 [AsyncHttpClient-1-6] DEBUG org.asynchttpclient.netty.channel.ChannelManager - Adding key: http://localhost:61189 for channel [id: 0xdeb8c656, L:/127.0.0.1:57801 - R:localhost/127.0.0.1:61189]
17:44:01.983 [Forwarding isElementDisplayed on session d669c78764d2e7bc185ddad161e4995e to remote] DEBUG org.asynchttpclient.netty.request.NettyRequestSender - Using pooled Channel '[id: 0xdeb8c656, L:/127.0.0.1:57801 - R:localhost/127.0.0.1:61189]' for 'POST' to 'http://localhost:61189/session/d669c78764d2e7bc185ddad161e4995e/execute/sync'
17:44:01.983 [Forwarding isElementDisplayed on session d669c78764d2e7bc185ddad161e4995e to remote] DEBUG org.asynchttpclient.netty.request.NettyRequestSender - Using open Channel [id: 0xdeb8c656, L:/127.0.0.1:57801 - R:localhost/127.0.0.1:61189] for POST '/session/d669c78764d2e7bc185ddad161e4995e/execute/sync'
17:44:02.003 [AsyncHttpClient-1-6] DEBUG org.asynchttpclient.netty.handler.HttpHandler - 

Request DefaultHttpRequest(decodeResult: success, version: HTTP/1.1)
POST /session/d669c78764d2e7bc185ddad161e4995e/execute/sync HTTP/1.1
User-Agent: selenium/4.1.2 (java windows)
Content-Length: 48780
Content-Type: application/json; charset=utf-8
host: localhost:61189
accept: */*

Response DefaultHttpResponse(decodeResult: success, version: HTTP/1.1)
HTTP/1.1 200 OK
Content-Type: application/json; charset=utf-8
cache-control: no-cache
content-length: 14

17:44:02.003 [AsyncHttpClient-1-6] DEBUG org.asynchttpclient.netty.channel.ChannelManager - Adding key: http://localhost:61189 for channel [id: 0xdeb8c656, L:/127.0.0.1:57801 - R:localhost/127.0.0.1:61189]
17:44:02.010 [Forwarding screenshot on session d669c78764d2e7bc185ddad161e4995e to remote] DEBUG org.asynchttpclient.netty.request.NettyRequestSender - Using pooled Channel '[id: 0xdeb8c656, L:/127.0.0.1:57801 - R:localhost/127.0.0.1:61189]' for 'GET' to 'http://localhost:61189/session/d669c78764d2e7bc185ddad161e4995e/screenshot'
17:44:02.010 [Forwarding screenshot on session d669c78764d2e7bc185ddad161e4995e to remote] DEBUG org.asynchttpclient.netty.request.NettyRequestSender - Using open Channel [id: 0xdeb8c656, L:/127.0.0.1:57801 - R:localhost/127.0.0.1:61189] for GET '/session/d669c78764d2e7bc185ddad161e4995e/screenshot'
17:44:02.200 [AsyncHttpClient-1-1] DEBUG org.asynchttpclient.netty.channel.DefaultChannelPool - Entry count for : http://localhost:57802 : 1
17:44:02.270 [AsyncHttpClient-1-6] DEBUG org.asynchttpclient.netty.handler.HttpHandler - 

Request DefaultFullHttpRequest(decodeResult: success, version: HTTP/1.1, content: EmptyByteBufBE)
GET /session/d669c78764d2e7bc185ddad161e4995e/screenshot HTTP/1.1
User-Agent: selenium/4.1.2 (java windows)
Cache-Control: no-cache
Content-Type: application/json; charset=utf-8
host: localhost:61189
accept: */*

Response DefaultHttpResponse(decodeResult: success, version: HTTP/1.1)
HTTP/1.1 200 OK
Content-Type: application/json; charset=utf-8
cache-control: no-cache
content-length: 382596

17:44:02.272 [AsyncHttpClient-1-6] DEBUG org.asynchttpclient.netty.channel.ChannelManager - Adding key: http://localhost:61189 for channel [id: 0xdeb8c656, L:/127.0.0.1:57801 - R:localhost/127.0.0.1:61189]
17:44:02.294 [main] DEBUG net.serenitybdd.core.photography.Darkroom - Send negative for processing for target\site\serenity\ed15a54c91c342d96a850276df7b559f4526b370fc93040e3c407a48a170f368.png
17:44:02.294 [main] DEBUG net.thucydides.core.steps.StepInterceptor - STEP DONE: validateOnDashboardPage
  &amp#27;[32mGiven &amp#27;[0m&amp#27;[32mI'am at the dashboard page&amp#27;[0m         &amp#27;[90m# starter.stepdefinitions.DoctorSteps.iAmAtTheDashboardPage()&amp#27;[0m
17:44:02.314 [main] DEBUG net.thucydides.core.steps.StepInterceptor - STARTING STEP: DoctorSteps.iClickMenuDoctor - clickMenuDoctorButton
17:44:02.318 [Forwarding findElement on session d669c78764d2e7bc185ddad161e4995e to remote] DEBUG org.asynchttpclient.netty.request.NettyRequestSender - Using pooled Channel '[id: 0xdeb8c656, L:/127.0.0.1:57801 - R:localhost/127.0.0.1:61189]' for 'POST' to 'http://localhost:61189/session/d669c78764d2e7bc185ddad161e4995e/element'
17:44:02.318 [Forwarding findElement on session d669c78764d2e7bc185ddad161e4995e to remote] DEBUG org.asynchttpclient.netty.request.NettyRequestSender - Using open Channel [id: 0xdeb8c656, L:/127.0.0.1:57801 - R:localhost/127.0.0.1:61189] for POST '/session/d669c78764d2e7bc185ddad161e4995e/element'
17:44:02.336 [AsyncHttpClient-1-6] DEBUG org.asynchttpclient.netty.handler.HttpHandler - 

Request DefaultHttpRequest(decodeResult: success, version: HTTP/1.1)
POST /session/d669c78764d2e7bc185ddad161e4995e/element HTTP/1.1
User-Agent: selenium/4.1.2 (java windows)
Content-Length: 79
Content-Type: application/json; charset=utf-8
host: localhost:61189
accept: */*

Response DefaultHttpResponse(decodeResult: success, version: HTTP/1.1)
HTTP/1.1 200 OK
Content-Type: application/json; charset=utf-8
cache-control: no-cache
content-length: 88

17:44:02.336 [AsyncHttpClient-1-6] DEBUG org.asynchttpclient.netty.channel.ChannelManager - Adding key: http://localhost:61189 for channel [id: 0xdeb8c656, L:/127.0.0.1:57801 - R:localhost/127.0.0.1:61189]
17:44:02.338 [Forwarding getElementTagName on session d669c78764d2e7bc185ddad161e4995e to remote] DEBUG org.asynchttpclient.netty.request.NettyRequestSender - Using pooled Channel '[id: 0xdeb8c656, L:/127.0.0.1:57801 - R:localhost/127.0.0.1:61189]' for 'GET' to 'http://localhost:61189/session/d669c78764d2e7bc185ddad161e4995e/element/21e5c8c8-72e5-416f-af7f-d2bcf92af3f0/name'
17:44:02.338 [Forwarding getElementTagName on session d669c78764d2e7bc185ddad161e4995e to remote] DEBUG org.asynchttpclient.netty.request.NettyRequestSender - Using open Channel [id: 0xdeb8c656, L:/127.0.0.1:57801 - R:localhost/127.0.0.1:61189] for GET '/session/d669c78764d2e7bc185ddad161e4995e/element/21e5c8c8-72e5-416f-af7f-d2bcf92af3f0/name'
17:44:02.342 [AsyncHttpClient-1-6] DEBUG org.asynchttpclient.netty.handler.HttpHandler - 

Request DefaultFullHttpRequest(decodeResult: success, version: HTTP/1.1, content: EmptyByteBufBE)
GET /session/d669c78764d2e7bc185ddad161e4995e/element/21e5c8c8-72e5-416f-af7f-d2bcf92af3f0/name HTTP/1.1
User-Agent: selenium/4.1.2 (java windows)
Cache-Control: no-cache
Content-Type: application/json; charset=utf-8
host: localhost:61189
accept: */*

Response DefaultHttpResponse(decodeResult: success, version: HTTP/1.1)
HTTP/1.1 200 OK
Content-Type: application/json; charset=utf-8
cache-control: no-cache
content-length: 15

17:44:02.343 [AsyncHttpClient-1-6] DEBUG org.asynchttpclient.netty.channel.ChannelManager - Adding key: http://localhost:61189 for channel [id: 0xdeb8c656, L:/127.0.0.1:57801 - R:localhost/127.0.0.1:61189]
17:44:02.344 [Forwarding getElementTagName on session d669c78764d2e7bc185ddad161e4995e to remote] DEBUG org.asynchttpclient.netty.request.NettyRequestSender - Using pooled Channel '[id: 0xdeb8c656, L:/127.0.0.1:57801 - R:localhost/127.0.0.1:61189]' for 'GET' to 'http://localhost:61189/session/d669c78764d2e7bc185ddad161e4995e/element/21e5c8c8-72e5-416f-af7f-d2bcf92af3f0/name'
17:44:02.344 [Forwarding getElementTagName on session d669c78764d2e7bc185ddad161e4995e to remote] DEBUG org.asynchttpclient.netty.request.NettyRequestSender - Using open Channel [id: 0xdeb8c656, L:/127.0.0.1:57801 - R:localhost/127.0.0.1:61189] for GET '/session/d669c78764d2e7bc185ddad161e4995e/element/21e5c8c8-72e5-416f-af7f-d2bcf92af3f0/name'
17:44:02.348 [AsyncHttpClient-1-6] DEBUG org.asynchttpclient.netty.handler.HttpHandler - 

Request DefaultFullHttpRequest(decodeResult: success, version: HTTP/1.1, content: EmptyByteBufBE)
GET /session/d669c78764d2e7bc185ddad161e4995e/element/21e5c8c8-72e5-416f-af7f-d2bcf92af3f0/name HTTP/1.1
User-Agent: selenium/4.1.2 (java windows)
Cache-Control: no-cache
Content-Type: application/json; charset=utf-8
host: localhost:61189
accept: */*

Response DefaultHttpResponse(decodeResult: success, version: HTTP/1.1)
HTTP/1.1 200 OK
Content-Type: application/json; charset=utf-8
cache-control: no-cache
content-length: 15

17:44:02.348 [AsyncHttpClient-1-6] DEBUG org.asynchttpclient.netty.channel.ChannelManager - Adding key: http://localhost:61189 for channel [id: 0xdeb8c656, L:/127.0.0.1:57801 - R:localhost/127.0.0.1:61189]
17:44:02.350 [Forwarding findElement on session d669c78764d2e7bc185ddad161e4995e to remote] DEBUG org.asynchttpclient.netty.request.NettyRequestSender - Using pooled Channel '[id: 0xdeb8c656, L:/127.0.0.1:57801 - R:localhost/127.0.0.1:61189]' for 'POST' to 'http://localhost:61189/session/d669c78764d2e7bc185ddad161e4995e/element'
17:44:02.350 [Forwarding findElement on session d669c78764d2e7bc185ddad161e4995e to remote] DEBUG org.asynchttpclient.netty.request.NettyRequestSender - Using open Channel [id: 0xdeb8c656, L:/127.0.0.1:57801 - R:localhost/127.0.0.1:61189] for POST '/session/d669c78764d2e7bc185ddad161e4995e/element'
17:44:02.359 [AsyncHttpClient-1-6] DEBUG org.asynchttpclient.netty.handler.HttpHandler - 

Request DefaultHttpRequest(decodeResult: success, version: HTTP/1.1)
POST /session/d669c78764d2e7bc185ddad161e4995e/element HTTP/1.1
User-Agent: selenium/4.1.2 (java windows)
Content-Length: 79
Content-Type: application/json; charset=utf-8
host: localhost:61189
accept: */*

Response DefaultHttpResponse(decodeResult: success, version: HTTP/1.1)
HTTP/1.1 200 OK
Content-Type: application/json; charset=utf-8
cache-control: no-cache
content-length: 88

17:44:02.359 [AsyncHttpClient-1-6] DEBUG org.asynchttpclient.netty.channel.ChannelManager - Adding key: http://localhost:61189 for channel [id: 0xdeb8c656, L:/127.0.0.1:57801 - R:localhost/127.0.0.1:61189]
17:44:02.360 [Forwarding clickElement on session d669c78764d2e7bc185ddad161e4995e to remote] DEBUG org.asynchttpclient.netty.request.NettyRequestSender - Using pooled Channel '[id: 0xdeb8c656, L:/127.0.0.1:57801 - R:localhost/127.0.0.1:61189]' for 'POST' to 'http://localhost:61189/session/d669c78764d2e7bc185ddad161e4995e/element/21e5c8c8-72e5-416f-af7f-d2bcf92af3f0/click'
17:44:02.360 [Forwarding clickElement on session d669c78764d2e7bc185ddad161e4995e to remote] DEBUG org.asynchttpclient.netty.request.NettyRequestSender - Using open Channel [id: 0xdeb8c656, L:/127.0.0.1:57801 - R:localhost/127.0.0.1:61189] for POST '/session/d669c78764d2e7bc185ddad161e4995e/element/21e5c8c8-72e5-416f-af7f-d2bcf92af3f0/click'
17:44:02.555 [AsyncHttpClient-1-6] DEBUG org.asynchttpclient.netty.handler.HttpHandler - 

Request DefaultHttpRequest(decodeResult: success, version: HTTP/1.1)
POST /session/d669c78764d2e7bc185ddad161e4995e/element/21e5c8c8-72e5-416f-af7f-d2bcf92af3f0/click HTTP/1.1
User-Agent: selenium/4.1.2 (java windows)
Content-Length: 50
Content-Type: application/json; charset=utf-8
host: localhost:61189
accept: */*

Response DefaultHttpResponse(decodeResult: success, version: HTTP/1.1)
HTTP/1.1 200 OK
Content-Type: application/json; charset=utf-8
cache-control: no-cache
content-length: 14

17:44:02.555 [AsyncHttpClient-1-6] DEBUG org.asynchttpclient.netty.channel.ChannelManager - Adding key: http://localhost:61189 for channel [id: 0xdeb8c656, L:/127.0.0.1:57801 - R:localhost/127.0.0.1:61189]
17:44:02.562 [Forwarding screenshot on session d669c78764d2e7bc185ddad161e4995e to remote] DEBUG org.asynchttpclient.netty.request.NettyRequestSender - Using pooled Channel '[id: 0xdeb8c656, L:/127.0.0.1:57801 - R:localhost/127.0.0.1:61189]' for 'GET' to 'http://localhost:61189/session/d669c78764d2e7bc185ddad161e4995e/screenshot'
17:44:02.562 [Forwarding screenshot on session d669c78764d2e7bc185ddad161e4995e to remote] DEBUG org.asynchttpclient.netty.request.NettyRequestSender - Using open Channel [id: 0xdeb8c656, L:/127.0.0.1:57801 - R:localhost/127.0.0.1:61189] for GET '/session/d669c78764d2e7bc185ddad161e4995e/screenshot'
17:44:02.662 [AsyncHttpClient-1-6] DEBUG org.asynchttpclient.netty.handler.HttpHandler - 

Request DefaultFullHttpRequest(decodeResult: success, version: HTTP/1.1, content: EmptyByteBufBE)
GET /session/d669c78764d2e7bc185ddad161e4995e/screenshot HTTP/1.1
User-Agent: selenium/4.1.2 (java windows)
Cache-Control: no-cache
Content-Type: application/json; charset=utf-8
host: localhost:61189
accept: */*

Response DefaultHttpResponse(decodeResult: success, version: HTTP/1.1)
HTTP/1.1 200 OK
Content-Type: application/json; charset=utf-8
cache-control: no-cache
content-length: 56192

17:44:02.662 [AsyncHttpClient-1-6] DEBUG org.asynchttpclient.netty.channel.ChannelManager - Adding key: http://localhost:61189 for channel [id: 0xdeb8c656, L:/127.0.0.1:57801 - R:localhost/127.0.0.1:61189]
17:44:02.665 [main] DEBUG net.serenitybdd.core.photography.Darkroom - Send negative for processing for target\site\serenity\d631e005c1ab8c2ae9496eb0000819a309562887f5f0fc5c3b73065dfab87bed.png
17:44:02.666 [main] DEBUG net.thucydides.core.steps.StepInterceptor - STEP DONE: clickMenuDoctorButton
  &amp#27;[32mAnd &amp#27;[0m&amp#27;[32mI click menu doctor&amp#27;[0m                  &amp#27;[90m# starter.stepdefinitions.DoctorSteps.iClickMenuDoctor()&amp#27;[0m
17:44:02.681 [main] DEBUG net.thucydides.core.steps.StepInterceptor - STARTING STEP: DoctorSteps.iClickEditDoctorButton - clickEditDoctorButton
17:44:02.686 [Forwarding findElement on session d669c78764d2e7bc185ddad161e4995e to remote] DEBUG org.asynchttpclient.netty.request.NettyRequestSender - Using pooled Channel '[id: 0xdeb8c656, L:/127.0.0.1:57801 - R:localhost/127.0.0.1:61189]' for 'POST' to 'http://localhost:61189/session/d669c78764d2e7bc185ddad161e4995e/element'
17:44:02.686 [Forwarding findElement on session d669c78764d2e7bc185ddad161e4995e to remote] DEBUG org.asynchttpclient.netty.request.NettyRequestSender - Using open Channel [id: 0xdeb8c656, L:/127.0.0.1:57801 - R:localhost/127.0.0.1:61189] for POST '/session/d669c78764d2e7bc185ddad161e4995e/element'
17:44:02.932 [AsyncHttpClient-1-6] DEBUG org.asynchttpclient.netty.handler.HttpHandler - 

Request DefaultHttpRequest(decodeResult: success, version: HTTP/1.1)
POST /session/d669c78764d2e7bc185ddad161e4995e/element HTTP/1.1
User-Agent: selenium/4.1.2 (java windows)
Content-Length: 91
Content-Type: application/json; charset=utf-8
host: localhost:61189
accept: */*

Response DefaultHttpResponse(decodeResult: success, version: HTTP/1.1)
HTTP/1.1 200 OK
Content-Type: application/json; charset=utf-8
cache-control: no-cache
content-length: 88

17:44:02.932 [AsyncHttpClient-1-6] DEBUG org.asynchttpclient.netty.channel.ChannelManager - Adding key: http://localhost:61189 for channel [id: 0xdeb8c656, L:/127.0.0.1:57801 - R:localhost/127.0.0.1:61189]
17:44:02.934 [Forwarding getElementTagName on session d669c78764d2e7bc185ddad161e4995e to remote] DEBUG org.asynchttpclient.netty.request.NettyRequestSender - Using pooled Channel '[id: 0xdeb8c656, L:/127.0.0.1:57801 - R:localhost/127.0.0.1:61189]' for 'GET' to 'http://localhost:61189/session/d669c78764d2e7bc185ddad161e4995e/element/50120443-7e65-4ca8-86fb-67a4fc7d68da/name'
17:44:02.934 [Forwarding getElementTagName on session d669c78764d2e7bc185ddad161e4995e to remote] DEBUG org.asynchttpclient.netty.request.NettyRequestSender - Using open Channel [id: 0xdeb8c656, L:/127.0.0.1:57801 - R:localhost/127.0.0.1:61189] for GET '/session/d669c78764d2e7bc185ddad161e4995e/element/50120443-7e65-4ca8-86fb-67a4fc7d68da/name'
17:44:02.951 [AsyncHttpClient-1-6] DEBUG org.asynchttpclient.netty.handler.HttpHandler - 

Request DefaultFullHttpRequest(decodeResult: success, version: HTTP/1.1, content: EmptyByteBufBE)
GET /session/d669c78764d2e7bc185ddad161e4995e/element/50120443-7e65-4ca8-86fb-67a4fc7d68da/name HTTP/1.1
User-Agent: selenium/4.1.2 (java windows)
Cache-Control: no-cache
Content-Type: application/json; charset=utf-8
host: localhost:61189
accept: */*

Response DefaultHttpResponse(decodeResult: success, version: HTTP/1.1)
HTTP/1.1 200 OK
Content-Type: application/json; charset=utf-8
cache-control: no-cache
content-length: 18

17:44:02.951 [AsyncHttpClient-1-6] DEBUG org.asynchttpclient.netty.channel.ChannelManager - Adding key: http://localhost:61189 for channel [id: 0xdeb8c656, L:/127.0.0.1:57801 - R:localhost/127.0.0.1:61189]
17:44:02.952 [Forwarding getElementTagName on session d669c78764d2e7bc185ddad161e4995e to remote] DEBUG org.asynchttpclient.netty.request.NettyRequestSender - Using pooled Channel '[id: 0xdeb8c656, L:/127.0.0.1:57801 - R:localhost/127.0.0.1:61189]' for 'GET' to 'http://localhost:61189/session/d669c78764d2e7bc185ddad161e4995e/element/50120443-7e65-4ca8-86fb-67a4fc7d68da/name'
17:44:02.952 [Forwarding getElementTagName on session d669c78764d2e7bc185ddad161e4995e to remote] DEBUG org.asynchttpclient.netty.request.NettyRequestSender - Using open Channel [id: 0xdeb8c656, L:/127.0.0.1:57801 - R:localhost/127.0.0.1:61189] for GET '/session/d669c78764d2e7bc185ddad161e4995e/element/50120443-7e65-4ca8-86fb-67a4fc7d68da/name'
17:44:02.958 [AsyncHttpClient-1-6] DEBUG org.asynchttpclient.netty.handler.HttpHandler - 

Request DefaultFullHttpRequest(decodeResult: success, version: HTTP/1.1, content: EmptyByteBufBE)
GET /session/d669c78764d2e7bc185ddad161e4995e/element/50120443-7e65-4ca8-86fb-67a4fc7d68da/name HTTP/1.1
User-Agent: selenium/4.1.2 (java windows)
Cache-Control: no-cache
Content-Type: application/json; charset=utf-8
host: localhost:61189
accept: */*

Response DefaultHttpResponse(decodeResult: success, version: HTTP/1.1)
HTTP/1.1 200 OK
Content-Type: application/json; charset=utf-8
cache-control: no-cache
content-length: 18

17:44:02.958 [AsyncHttpClient-1-6] DEBUG org.asynchttpclient.netty.channel.ChannelManager - Adding key: http://localhost:61189 for channel [id: 0xdeb8c656, L:/127.0.0.1:57801 - R:localhost/127.0.0.1:61189]
17:44:02.961 [Forwarding isElementEnabled on session d669c78764d2e7bc185ddad161e4995e to remote] DEBUG org.asynchttpclient.netty.request.NettyRequestSender - Using pooled Channel '[id: 0xdeb8c656, L:/127.0.0.1:57801 - R:localhost/127.0.0.1:61189]' for 'GET' to 'http://localhost:61189/session/d669c78764d2e7bc185ddad161e4995e/element/50120443-7e65-4ca8-86fb-67a4fc7d68da/enabled'
17:44:02.961 [Forwarding isElementEnabled on session d669c78764d2e7bc185ddad161e4995e to remote] DEBUG org.asynchttpclient.netty.request.NettyRequestSender - Using open Channel [id: 0xdeb8c656, L:/127.0.0.1:57801 - R:localhost/127.0.0.1:61189] for GET '/session/d669c78764d2e7bc185ddad161e4995e/element/50120443-7e65-4ca8-86fb-67a4fc7d68da/enabled'
17:44:02.970 [AsyncHttpClient-1-6] DEBUG org.asynchttpclient.netty.handler.HttpHandler - 

Request DefaultFullHttpRequest(decodeResult: success, version: HTTP/1.1, content: EmptyByteBufBE)
GET /session/d669c78764d2e7bc185ddad161e4995e/element/50120443-7e65-4ca8-86fb-67a4fc7d68da/enabled HTTP/1.1
User-Agent: selenium/4.1.2 (java windows)
Cache-Control: no-cache
Content-Type: application/json; charset=utf-8
host: localhost:61189
accept: */*

Response DefaultHttpResponse(decodeResult: success, version: HTTP/1.1)
HTTP/1.1 200 OK
Content-Type: application/json; charset=utf-8
cache-control: no-cache
content-length: 14

17:44:02.970 [AsyncHttpClient-1-6] DEBUG org.asynchttpclient.netty.channel.ChannelManager - Adding key: http://localhost:61189 for channel [id: 0xdeb8c656, L:/127.0.0.1:57801 - R:localhost/127.0.0.1:61189]
17:44:02.971 [Forwarding isElementEnabled on session d669c78764d2e7bc185ddad161e4995e to remote] DEBUG org.asynchttpclient.netty.request.NettyRequestSender - Using pooled Channel '[id: 0xdeb8c656, L:/127.0.0.1:57801 - R:localhost/127.0.0.1:61189]' for 'GET' to 'http://localhost:61189/session/d669c78764d2e7bc185ddad161e4995e/element/50120443-7e65-4ca8-86fb-67a4fc7d68da/enabled'
17:44:02.971 [Forwarding isElementEnabled on session d669c78764d2e7bc185ddad161e4995e to remote] DEBUG org.asynchttpclient.netty.request.NettyRequestSender - Using open Channel [id: 0xdeb8c656, L:/127.0.0.1:57801 - R:localhost/127.0.0.1:61189] for GET '/session/d669c78764d2e7bc185ddad161e4995e/element/50120443-7e65-4ca8-86fb-67a4fc7d68da/enabled'
17:44:02.978 [AsyncHttpClient-1-6] DEBUG org.asynchttpclient.netty.handler.HttpHandler - 

Request DefaultFullHttpRequest(decodeResult: success, version: HTTP/1.1, content: EmptyByteBufBE)
GET /session/d669c78764d2e7bc185ddad161e4995e/element/50120443-7e65-4ca8-86fb-67a4fc7d68da/enabled HTTP/1.1
User-Agent: selenium/4.1.2 (java windows)
Cache-Control: no-cache
Content-Type: application/json; charset=utf-8
host: localhost:61189
accept: */*

Response DefaultHttpResponse(decodeResult: success, version: HTTP/1.1)
HTTP/1.1 200 OK
Content-Type: application/json; charset=utf-8
cache-control: no-cache
content-length: 14

17:44:02.978 [AsyncHttpClient-1-6] DEBUG org.asynchttpclient.netty.channel.ChannelManager - Adding key: http://localhost:61189 for channel [id: 0xdeb8c656, L:/127.0.0.1:57801 - R:localhost/127.0.0.1:61189]
17:44:02.980 [Forwarding findElement on session d669c78764d2e7bc185ddad161e4995e to remote] DEBUG org.asynchttpclient.netty.request.NettyRequestSender - Using pooled Channel '[id: 0xdeb8c656, L:/127.0.0.1:57801 - R:localhost/127.0.0.1:61189]' for 'POST' to 'http://localhost:61189/session/d669c78764d2e7bc185ddad161e4995e/element'
17:44:02.980 [Forwarding findElement on session d669c78764d2e7bc185ddad161e4995e to remote] DEBUG org.asynchttpclient.netty.request.NettyRequestSender - Using open Channel [id: 0xdeb8c656, L:/127.0.0.1:57801 - R:localhost/127.0.0.1:61189] for POST '/session/d669c78764d2e7bc185ddad161e4995e/element'
17:44:02.990 [AsyncHttpClient-1-6] DEBUG org.asynchttpclient.netty.handler.HttpHandler - 

Request DefaultHttpRequest(decodeResult: success, version: HTTP/1.1)
POST /session/d669c78764d2e7bc185ddad161e4995e/element HTTP/1.1
User-Agent: selenium/4.1.2 (java windows)
Content-Length: 91
Content-Type: application/json; charset=utf-8
host: localhost:61189
accept: */*

Response DefaultHttpResponse(decodeResult: success, version: HTTP/1.1)
HTTP/1.1 200 OK
Content-Type: application/json; charset=utf-8
cache-control: no-cache
content-length: 88

17:44:02.991 [AsyncHttpClient-1-6] DEBUG org.asynchttpclient.netty.channel.ChannelManager - Adding key: http://localhost:61189 for channel [id: 0xdeb8c656, L:/127.0.0.1:57801 - R:localhost/127.0.0.1:61189]
17:44:02.992 [Forwarding clickElement on session d669c78764d2e7bc185ddad161e4995e to remote] DEBUG org.asynchttpclient.netty.request.NettyRequestSender - Using pooled Channel '[id: 0xdeb8c656, L:/127.0.0.1:57801 - R:localhost/127.0.0.1:61189]' for 'POST' to 'http://localhost:61189/session/d669c78764d2e7bc185ddad161e4995e/element/50120443-7e65-4ca8-86fb-67a4fc7d68da/click'
17:44:02.992 [Forwarding clickElement on session d669c78764d2e7bc185ddad161e4995e to remote] DEBUG org.asynchttpclient.netty.request.NettyRequestSender - Using open Channel [id: 0xdeb8c656, L:/127.0.0.1:57801 - R:localhost/127.0.0.1:61189] for POST '/session/d669c78764d2e7bc185ddad161e4995e/element/50120443-7e65-4ca8-86fb-67a4fc7d68da/click'
17:44:03.161 [AsyncHttpClient-1-6] DEBUG org.asynchttpclient.netty.handler.HttpHandler - 

Request DefaultHttpRequest(decodeResult: success, version: HTTP/1.1)
POST /session/d669c78764d2e7bc185ddad161e4995e/element/50120443-7e65-4ca8-86fb-67a4fc7d68da/click HTTP/1.1
User-Agent: selenium/4.1.2 (java windows)
Content-Length: 50
Content-Type: application/json; charset=utf-8
host: localhost:61189
accept: */*

Response DefaultHttpResponse(decodeResult: success, version: HTTP/1.1)
HTTP/1.1 200 OK
Content-Type: application/json; charset=utf-8
cache-control: no-cache
content-length: 14

17:44:03.161 [AsyncHttpClient-1-6] DEBUG org.asynchttpclient.netty.channel.ChannelManager - Adding key: http://localhost:61189 for channel [id: 0xdeb8c656, L:/127.0.0.1:57801 - R:localhost/127.0.0.1:61189]
17:44:03.175 [Forwarding screenshot on session d669c78764d2e7bc185ddad161e4995e to remote] DEBUG org.asynchttpclient.netty.request.NettyRequestSender - Using pooled Channel '[id: 0xdeb8c656, L:/127.0.0.1:57801 - R:localhost/127.0.0.1:61189]' for 'GET' to 'http://localhost:61189/session/d669c78764d2e7bc185ddad161e4995e/screenshot'
17:44:03.175 [Forwarding screenshot on session d669c78764d2e7bc185ddad161e4995e to remote] DEBUG org.asynchttpclient.netty.request.NettyRequestSender - Using open Channel [id: 0xdeb8c656, L:/127.0.0.1:57801 - R:localhost/127.0.0.1:61189] for GET '/session/d669c78764d2e7bc185ddad161e4995e/screenshot'
17:44:03.301 [AsyncHttpClient-1-1] DEBUG org.asynchttpclient.netty.channel.DefaultChannelPool - Entry count for : http://localhost:57802 : 1
17:44:03.330 [AsyncHttpClient-1-6] DEBUG org.asynchttpclient.netty.handler.HttpHandler - 

Request DefaultFullHttpRequest(decodeResult: success, version: HTTP/1.1, content: EmptyByteBufBE)
GET /session/d669c78764d2e7bc185ddad161e4995e/screenshot HTTP/1.1
User-Agent: selenium/4.1.2 (java windows)
Cache-Control: no-cache
Content-Type: application/json; charset=utf-8
host: localhost:61189
accept: */*

Response DefaultHttpResponse(decodeResult: success, version: HTTP/1.1)
HTTP/1.1 200 OK
Content-Type: application/json; charset=utf-8
cache-control: no-cache
content-length: 110948

17:44:03.332 [AsyncHttpClient-1-6] DEBUG org.asynchttpclient.netty.channel.ChannelManager - Adding key: http://localhost:61189 for channel [id: 0xdeb8c656, L:/127.0.0.1:57801 - R:localhost/127.0.0.1:61189]
17:44:03.342 [main] DEBUG net.serenitybdd.core.photography.Darkroom - Send negative for processing for target\site\serenity\a5c9b6c8e767197b5c027742ae61c6c356e286c664c5f2254dbe7d6b30db08df.png
17:44:03.342 [main] DEBUG net.thucydides.core.steps.StepInterceptor - STEP DONE: clickEditDoctorButton
  &amp#27;[32mWhen &amp#27;[0m&amp#27;[32mI click Edit Doctor button&amp#27;[0m          &amp#27;[90m# starter.stepdefinitions.DoctorSteps.iClickEditDoctorButton()&amp#27;[0m
17:44:03.342 [Darkroom Processing Line] DEBUG net.serenitybdd.core.photography.DarkroomProcessingLine - Processing screenshot image in /var/screenshots/screenshot-16699678961840089006
17:44:03.342 [Darkroom Processing Line] DEBUG net.serenitybdd.core.photography.DarkroomProcessingLine - Saving screenshot to target\site\serenity\a5c9b6c8e767197b5c027742ae61c6c356e286c664c5f2254dbe7d6b30db08df.png
17:44:03.370 [main] DEBUG net.thucydides.core.steps.StepInterceptor - STARTING STEP: DoctorSteps.iClickEditDoctorFormXButton - clickEditDoctorXButton
17:44:03.373 [Forwarding findElement on session d669c78764d2e7bc185ddad161e4995e to remote] DEBUG org.asynchttpclient.netty.request.NettyRequestSender - Using pooled Channel '[id: 0xdeb8c656, L:/127.0.0.1:57801 - R:localhost/127.0.0.1:61189]' for 'POST' to 'http://localhost:61189/session/d669c78764d2e7bc185ddad161e4995e/element'
17:44:03.373 [Forwarding findElement on session d669c78764d2e7bc185ddad161e4995e to remote] DEBUG org.asynchttpclient.netty.request.NettyRequestSender - Using open Channel [id: 0xdeb8c656, L:/127.0.0.1:57801 - R:localhost/127.0.0.1:61189] for POST '/session/d669c78764d2e7bc185ddad161e4995e/element'
17:44:03.392 [AsyncHttpClient-1-6] DEBUG org.asynchttpclient.netty.handler.HttpHandler - 

Request DefaultHttpRequest(decodeResult: success, version: HTTP/1.1)
POST /session/d669c78764d2e7bc185ddad161e4995e/element HTTP/1.1
User-Agent: selenium/4.1.2 (java windows)
Content-Length: 104
Content-Type: application/json; charset=utf-8
host: localhost:61189
accept: */*

Response DefaultHttpResponse(decodeResult: success, version: HTTP/1.1)
HTTP/1.1 200 OK
Content-Type: application/json; charset=utf-8
cache-control: no-cache
content-length: 88

17:44:03.392 [AsyncHttpClient-1-6] DEBUG org.asynchttpclient.netty.channel.ChannelManager - Adding key: http://localhost:61189 for channel [id: 0xdeb8c656, L:/127.0.0.1:57801 - R:localhost/127.0.0.1:61189]
17:44:03.395 [Forwarding getElementTagName on session d669c78764d2e7bc185ddad161e4995e to remote] DEBUG org.asynchttpclient.netty.request.NettyRequestSender - Using pooled Channel '[id: 0xdeb8c656, L:/127.0.0.1:57801 - R:localhost/127.0.0.1:61189]' for 'GET' to 'http://localhost:61189/session/d669c78764d2e7bc185ddad161e4995e/element/99e2dccf-6311-4222-8cb3-79bd86274ea1/name'
17:44:03.395 [Forwarding getElementTagName on session d669c78764d2e7bc185ddad161e4995e to remote] DEBUG org.asynchttpclient.netty.request.NettyRequestSender - Using open Channel [id: 0xdeb8c656, L:/127.0.0.1:57801 - R:localhost/127.0.0.1:61189] for GET '/session/d669c78764d2e7bc185ddad161e4995e/element/99e2dccf-6311-4222-8cb3-79bd86274ea1/name'
17:44:03.402 [AsyncHttpClient-1-6] DEBUG org.asynchttpclient.netty.handler.HttpHandler - 

Request DefaultFullHttpRequest(decodeResult: success, version: HTTP/1.1, content: EmptyByteBufBE)
GET /session/d669c78764d2e7bc185ddad161e4995e/element/99e2dccf-6311-4222-8cb3-79bd86274ea1/name HTTP/1.1
User-Agent: selenium/4.1.2 (java windows)
Cache-Control: no-cache
Content-Type: application/json; charset=utf-8
host: localhost:61189
accept: */*

Response DefaultHttpResponse(decodeResult: success, version: HTTP/1.1)
HTTP/1.1 200 OK
Content-Type: application/json; charset=utf-8
cache-control: no-cache
content-length: 18

17:44:03.402 [AsyncHttpClient-1-6] DEBUG org.asynchttpclient.netty.channel.ChannelManager - Adding key: http://localhost:61189 for channel [id: 0xdeb8c656, L:/127.0.0.1:57801 - R:localhost/127.0.0.1:61189]
17:44:03.404 [Forwarding getElementTagName on session d669c78764d2e7bc185ddad161e4995e to remote] DEBUG org.asynchttpclient.netty.request.NettyRequestSender - Using pooled Channel '[id: 0xdeb8c656, L:/127.0.0.1:57801 - R:localhost/127.0.0.1:61189]' for 'GET' to 'http://localhost:61189/session/d669c78764d2e7bc185ddad161e4995e/element/99e2dccf-6311-4222-8cb3-79bd86274ea1/name'
17:44:03.404 [Forwarding getElementTagName on session d669c78764d2e7bc185ddad161e4995e to remote] DEBUG org.asynchttpclient.netty.request.NettyRequestSender - Using open Channel [id: 0xdeb8c656, L:/127.0.0.1:57801 - R:localhost/127.0.0.1:61189] for GET '/session/d669c78764d2e7bc185ddad161e4995e/element/99e2dccf-6311-4222-8cb3-79bd86274ea1/name'
17:44:03.410 [AsyncHttpClient-1-6] DEBUG org.asynchttpclient.netty.handler.HttpHandler - 

Request DefaultFullHttpRequest(decodeResult: success, version: HTTP/1.1, content: EmptyByteBufBE)
GET /session/d669c78764d2e7bc185ddad161e4995e/element/99e2dccf-6311-4222-8cb3-79bd86274ea1/name HTTP/1.1
User-Agent: selenium/4.1.2 (java windows)
Cache-Control: no-cache
Content-Type: application/json; charset=utf-8
host: localhost:61189
accept: */*

Response DefaultHttpResponse(decodeResult: success, version: HTTP/1.1)
HTTP/1.1 200 OK
Content-Type: application/json; charset=utf-8
cache-control: no-cache
content-length: 18

17:44:03.410 [AsyncHttpClient-1-6] DEBUG org.asynchttpclient.netty.channel.ChannelManager - Adding key: http://localhost:61189 for channel [id: 0xdeb8c656, L:/127.0.0.1:57801 - R:localhost/127.0.0.1:61189]
17:44:03.413 [Forwarding isElementEnabled on session d669c78764d2e7bc185ddad161e4995e to remote] DEBUG org.asynchttpclient.netty.request.NettyRequestSender - Using pooled Channel '[id: 0xdeb8c656, L:/127.0.0.1:57801 - R:localhost/127.0.0.1:61189]' for 'GET' to 'http://localhost:61189/session/d669c78764d2e7bc185ddad161e4995e/element/99e2dccf-6311-4222-8cb3-79bd86274ea1/enabled'
17:44:03.413 [Forwarding isElementEnabled on session d669c78764d2e7bc185ddad161e4995e to remote] DEBUG org.asynchttpclient.netty.request.NettyRequestSender - Using open Channel [id: 0xdeb8c656, L:/127.0.0.1:57801 - R:localhost/127.0.0.1:61189] for GET '/session/d669c78764d2e7bc185ddad161e4995e/element/99e2dccf-6311-4222-8cb3-79bd86274ea1/enabled'
17:44:03.424 [AsyncHttpClient-1-6] DEBUG org.asynchttpclient.netty.handler.HttpHandler - 

Request DefaultFullHttpRequest(decodeResult: success, version: HTTP/1.1, content: EmptyByteBufBE)
GET /session/d669c78764d2e7bc185ddad161e4995e/element/99e2dccf-6311-4222-8cb3-79bd86274ea1/enabled HTTP/1.1
User-Agent: selenium/4.1.2 (java windows)
Cache-Control: no-cache
Content-Type: application/json; charset=utf-8
host: localhost:61189
accept: */*

Response DefaultHttpResponse(decodeResult: success, version: HTTP/1.1)
HTTP/1.1 200 OK
Content-Type: application/json; charset=utf-8
cache-control: no-cache
content-length: 14

17:44:03.424 [AsyncHttpClient-1-6] DEBUG org.asynchttpclient.netty.channel.ChannelManager - Adding key: http://localhost:61189 for channel [id: 0xdeb8c656, L:/127.0.0.1:57801 - R:localhost/127.0.0.1:61189]
17:44:03.426 [Forwarding isElementEnabled on session d669c78764d2e7bc185ddad161e4995e to remote] DEBUG org.asynchttpclient.netty.request.NettyRequestSender - Using pooled Channel '[id: 0xdeb8c656, L:/127.0.0.1:57801 - R:localhost/127.0.0.1:61189]' for 'GET' to 'http://localhost:61189/session/d669c78764d2e7bc185ddad161e4995e/element/99e2dccf-6311-4222-8cb3-79bd86274ea1/enabled'
17:44:03.427 [Forwarding isElementEnabled on session d669c78764d2e7bc185ddad161e4995e to remote] DEBUG org.asynchttpclient.netty.request.NettyRequestSender - Using open Channel [id: 0xdeb8c656, L:/127.0.0.1:57801 - R:localhost/127.0.0.1:61189] for GET '/session/d669c78764d2e7bc185ddad161e4995e/element/99e2dccf-6311-4222-8cb3-79bd86274ea1/enabled'
17:44:03.433 [AsyncHttpClient-1-6] DEBUG org.asynchttpclient.netty.handler.HttpHandler - 

Request DefaultFullHttpRequest(decodeResult: success, version: HTTP/1.1, content: EmptyByteBufBE)
GET /session/d669c78764d2e7bc185ddad161e4995e/element/99e2dccf-6311-4222-8cb3-79bd86274ea1/enabled HTTP/1.1
User-Agent: selenium/4.1.2 (java windows)
Cache-Control: no-cache
Content-Type: application/json; charset=utf-8
host: localhost:61189
accept: */*

Response DefaultHttpResponse(decodeResult: success, version: HTTP/1.1)
HTTP/1.1 200 OK
Content-Type: application/json; charset=utf-8
cache-control: no-cache
content-length: 14

17:44:03.434 [AsyncHttpClient-1-6] DEBUG org.asynchttpclient.netty.channel.ChannelManager - Adding key: http://localhost:61189 for channel [id: 0xdeb8c656, L:/127.0.0.1:57801 - R:localhost/127.0.0.1:61189]
17:44:03.437 [Forwarding findElement on session d669c78764d2e7bc185ddad161e4995e to remote] DEBUG org.asynchttpclient.netty.request.NettyRequestSender - Using pooled Channel '[id: 0xdeb8c656, L:/127.0.0.1:57801 - R:localhost/127.0.0.1:61189]' for 'POST' to 'http://localhost:61189/session/d669c78764d2e7bc185ddad161e4995e/element'
17:44:03.437 [Forwarding findElement on session d669c78764d2e7bc185ddad161e4995e to remote] DEBUG org.asynchttpclient.netty.request.NettyRequestSender - Using open Channel [id: 0xdeb8c656, L:/127.0.0.1:57801 - R:localhost/127.0.0.1:61189] for POST '/session/d669c78764d2e7bc185ddad161e4995e/element'
17:44:03.447 [AsyncHttpClient-1-6] DEBUG org.asynchttpclient.netty.handler.HttpHandler - 

Request DefaultHttpRequest(decodeResult: success, version: HTTP/1.1)
POST /session/d669c78764d2e7bc185ddad161e4995e/element HTTP/1.1
User-Agent: selenium/4.1.2 (java windows)
Content-Length: 104
Content-Type: application/json; charset=utf-8
host: localhost:61189
accept: */*

Response DefaultHttpResponse(decodeResult: success, version: HTTP/1.1)
HTTP/1.1 200 OK
Content-Type: application/json; charset=utf-8
cache-control: no-cache
content-length: 88

17:44:03.447 [AsyncHttpClient-1-6] DEBUG org.asynchttpclient.netty.channel.ChannelManager - Adding key: http://localhost:61189 for channel [id: 0xdeb8c656, L:/127.0.0.1:57801 - R:localhost/127.0.0.1:61189]
17:44:03.448 [Forwarding clickElement on session d669c78764d2e7bc185ddad161e4995e to remote] DEBUG org.asynchttpclient.netty.request.NettyRequestSender - Using pooled Channel '[id: 0xdeb8c656, L:/127.0.0.1:57801 - R:localhost/127.0.0.1:61189]' for 'POST' to 'http://localhost:61189/session/d669c78764d2e7bc185ddad161e4995e/element/99e2dccf-6311-4222-8cb3-79bd86274ea1/click'
17:44:03.448 [Forwarding clickElement on session d669c78764d2e7bc185ddad161e4995e to remote] DEBUG org.asynchttpclient.netty.request.NettyRequestSender - Using open Channel [id: 0xdeb8c656, L:/127.0.0.1:57801 - R:localhost/127.0.0.1:61189] for POST '/session/d669c78764d2e7bc185ddad161e4995e/element/99e2dccf-6311-4222-8cb3-79bd86274ea1/click'
17:44:03.547 [AsyncHttpClient-1-6] DEBUG org.asynchttpclient.netty.handler.HttpHandler - 

Request DefaultHttpRequest(decodeResult: success, version: HTTP/1.1)
POST /session/d669c78764d2e7bc185ddad161e4995e/element/99e2dccf-6311-4222-8cb3-79bd86274ea1/click HTTP/1.1
User-Agent: selenium/4.1.2 (java windows)
Content-Length: 50
Content-Type: application/json; charset=utf-8
host: localhost:61189
accept: */*

Response DefaultHttpResponse(decodeResult: success, version: HTTP/1.1)
HTTP/1.1 200 OK
Content-Type: application/json; charset=utf-8
cache-control: no-cache
content-length: 14

17:44:03.547 [AsyncHttpClient-1-6] DEBUG org.asynchttpclient.netty.channel.ChannelManager - Adding key: http://localhost:61189 for channel [id: 0xdeb8c656, L:/127.0.0.1:57801 - R:localhost/127.0.0.1:61189]
17:44:03.558 [Forwarding screenshot on session d669c78764d2e7bc185ddad161e4995e to remote] DEBUG org.asynchttpclient.netty.request.NettyRequestSender - Using pooled Channel '[id: 0xdeb8c656, L:/127.0.0.1:57801 - R:localhost/127.0.0.1:61189]' for 'GET' to 'http://localhost:61189/session/d669c78764d2e7bc185ddad161e4995e/screenshot'
17:44:03.558 [Forwarding screenshot on session d669c78764d2e7bc185ddad161e4995e to remote] DEBUG org.asynchttpclient.netty.request.NettyRequestSender - Using open Channel [id: 0xdeb8c656, L:/127.0.0.1:57801 - R:localhost/127.0.0.1:61189] for GET '/session/d669c78764d2e7bc185ddad161e4995e/screenshot'
17:44:03.664 [AsyncHttpClient-1-6] DEBUG org.asynchttpclient.netty.handler.HttpHandler - 

Request DefaultFullHttpRequest(decodeResult: success, version: HTTP/1.1, content: EmptyByteBufBE)
GET /session/d669c78764d2e7bc185ddad161e4995e/screenshot HTTP/1.1
User-Agent: selenium/4.1.2 (java windows)
Cache-Control: no-cache
Content-Type: application/json; charset=utf-8
host: localhost:61189
accept: */*

Response DefaultHttpResponse(decodeResult: success, version: HTTP/1.1)
HTTP/1.1 200 OK
Content-Type: application/json; charset=utf-8
cache-control: no-cache
content-length: 79440

17:44:03.665 [AsyncHttpClient-1-6] DEBUG org.asynchttpclient.netty.channel.ChannelManager - Adding key: http://localhost:61189 for channel [id: 0xdeb8c656, L:/127.0.0.1:57801 - R:localhost/127.0.0.1:61189]
17:44:03.669 [main] DEBUG net.serenitybdd.core.photography.Darkroom - Send negative for processing for target\site\serenity\d0db72f9138595aff05aa03b3d8db2631090c9cba8c00dec98af0662a6721299.png
17:44:03.669 [main] DEBUG net.thucydides.core.steps.StepInterceptor - STEP DONE: clickEditDoctorXButton
  &amp#27;[32mThen &amp#27;[0m&amp#27;[32mI click Edit Doctor form x button&amp#27;[0m   &amp#27;[90m# starter.stepdefinitions.DoctorSteps.iClickEditDoctorFormXButton()&amp#27;[0m
17:44:03.669 [Darkroom Processing Line] DEBUG net.serenitybdd.core.photography.DarkroomProcessingLine - Processing screenshot image in /var/screenshots/screenshot-13110328240653503
17:44:03.669 [Darkroom Processing Line] DEBUG net.serenitybdd.core.photography.DarkroomProcessingLine - Saving screenshot to target\site\serenity\d0db72f9138595aff05aa03b3d8db2631090c9cba8c00dec98af0662a6721299.png
17:44:03.674 [main] INFO  - 
  _____   ___   ___   _____     ___     _     ___   ___   ___   ___  
 |_   _| | __| / __| |_   _|   | _ \   /_\   / __| / __| | __| |   \ 
   | |   | _|  \__ \   | |     |  _/  / _ \  \__ \ \__ \ | _|  | |) |
   |_|   |___| |___/   |_|     |_|   /_/ \_\ |___/ |___/ |___| |___/ 

Cancel Edit Doctor Data Scenario
----------------------------------------------------------------------
17:44:03.676 [AsyncHttpClient-1-8] DEBUG org.asynchttpclient.netty.handler.WebSocketHandler - Channel Closed: [id: 0xdfc8ce7f, L:/127.0.0.1:57811 ! R:localhost/127.0.0.1:57802] with attribute NettyResponseFuture{currentRetry=5,
	isDone=1,
	isCancelled=0,
	asyncHandler=org.asynchttpclient.ws.WebSocketUpgradeHandler@1627a58f,
	nettyRequest=org.asynchttpclient.netty.request.NettyRequest@3707d47,
	future=java.util.concurrent.CompletableFuture@44ef4fbe[Completed normally],
	uri=ws://localhost:57802/devtools/browser/db590397-50f1-4add-8e6e-eb053ed662f1,
	keepAlive=true,
	redirectCount=0,
	timeoutsHolder=null,
	inAuth=0,
	touch=1655549038699}
17:44:03.676 [AsyncHttpClient-1-8] DEBUG org.asynchttpclient.netty.channel.ChannelManager - Closing Channel [id: 0xdfc8ce7f, L:/127.0.0.1:57811 ! R:localhost/127.0.0.1:57802] 
17:44:03.676 [Driver Command Executor] DEBUG org.asynchttpclient.netty.request.NettyRequestSender - Using pooled Channel '[id: 0xdeb8c656, L:/127.0.0.1:57801 - R:localhost/127.0.0.1:61189]' for 'DELETE' to 'http://localhost:61189/session/d669c78764d2e7bc185ddad161e4995e'
17:44:03.676 [Driver Command Executor] DEBUG org.asynchttpclient.netty.request.NettyRequestSender - Using open Channel [id: 0xdeb8c656, L:/127.0.0.1:57801 - R:localhost/127.0.0.1:61189] for DELETE '/session/d669c78764d2e7bc185ddad161e4995e'
17:44:03.734 [AsyncHttpClient-1-7] DEBUG org.asynchttpclient.netty.handler.HttpHandler - Unexpected I/O exception on channel [id: 0x5a8dbf6d, L:/127.0.0.1:57810 - R:localhost/127.0.0.1:57802]
java.net.SocketException: Connection reset
	at java.base/sun.nio.ch.SocketChannelImpl.throwConnectionReset(SocketChannelImpl.java:367)
	at java.base/sun.nio.ch.SocketChannelImpl.read(SocketChannelImpl.java:398)
	at io.netty.buffer.PooledByteBuf.setBytes(PooledByteBuf.java:258)
	at io.netty.buffer.AbstractByteBuf.writeBytes(AbstractByteBuf.java:1132)
	at io.netty.channel.socket.nio.NioSocketChannel.doReadBytes(NioSocketChannel.java:350)
	at io.netty.channel.nio.AbstractNioByteChannel$NioByteUnsafe.read(AbstractNioByteChannel.java:151)
	at io.netty.channel.nio.NioEventLoop.processSelectedKey(NioEventLoop.java:722)
	at io.netty.channel.nio.NioEventLoop.processSelectedKeysOptimized(NioEventLoop.java:658)
	at io.netty.channel.nio.NioEventLoop.processSelectedKeys(NioEventLoop.java:584)
	at io.netty.channel.nio.NioEventLoop.run(NioEventLoop.java:496)
	at io.netty.util.concurrent.SingleThreadEventExecutor$4.run(SingleThreadEventExecutor.java:986)
	at io.netty.util.internal.ThreadExecutorMap$2.run(ThreadExecutorMap.java:74)
	at io.netty.util.concurrent.FastThreadLocalRunnable.run(FastThreadLocalRunnable.java:30)
	at java.base/java.lang.Thread.run(Thread.java:832)
17:44:03.734 [AsyncHttpClient-1-7] DEBUG org.asynchttpclient.netty.channel.ChannelManager - Closing Channel [id: 0x5a8dbf6d, L:/127.0.0.1:57810 - R:localhost/127.0.0.1:57802] 
17:44:03.739 [AsyncHttpClient-1-7] DEBUG org.asynchttpclient.netty.handler.HttpHandler - Channel Closed: [id: 0x5a8dbf6d, L:/127.0.0.1:57810 ! R:localhost/127.0.0.1:57802] with attribute DISCARD
17:44:03.775 [AsyncHttpClient-1-6] DEBUG org.asynchttpclient.netty.handler.HttpHandler - 

Request DefaultFullHttpRequest(decodeResult: success, version: HTTP/1.1, content: EmptyByteBufBE)
DELETE /session/d669c78764d2e7bc185ddad161e4995e HTTP/1.1
User-Agent: selenium/4.1.2 (java windows)
Content-Type: application/json; charset=utf-8
host: localhost:61189
accept: */*

Response DefaultHttpResponse(decodeResult: success, version: HTTP/1.1)
HTTP/1.1 200 OK
Content-Type: application/json; charset=utf-8
cache-control: no-cache
content-length: 14

17:44:03.775 [AsyncHttpClient-1-6] DEBUG org.asynchttpclient.netty.channel.ChannelManager - Adding key: http://localhost:61189 for channel [id: 0xdeb8c656, L:/127.0.0.1:57801 - R:localhost/127.0.0.1:61189]
17:44:03.880 [AsyncHttpClient-1-6] DEBUG org.asynchttpclient.netty.handler.HttpHandler - Channel Closed: [id: 0xdeb8c656, L:/127.0.0.1:57801 ! R:localhost/127.0.0.1:61189] with attribute DISCARD
]]></system-out>
    <system-err><![CDATA[Starting ChromeDriver 102.0.5005.61 (0e59bcc00cc4985ce39ad31c150065f159d95ad3-refs/branch-heads/5005@{#819}) on port 61189
Only local connections are allowed.
Please see https://chromedriver.chromium.org/security-considerations for suggestions on keeping ChromeDriver safe.
ChromeDriver was started successfully.
Jun 18, 2022 5:43:58 PM org.openqa.selenium.remote.ProtocolHandshake createSession
INFO: Detected dialect: W3C
Jun 18, 2022 5:43:58 PM org.openqa.selenium.devtools.CdpVersionFinder findNearestMatch
WARNING: Unable to find an exact match for CDP version 102, so returning the closest version found: a no-op implementation
Jun 18, 2022 5:43:58 PM org.openqa.selenium.devtools.CdpVersionFinder findNearestMatch
INFO: Unable to find CDP implementation matching 102.
Jun 18, 2022 5:43:58 PM org.openqa.selenium.chromium.ChromiumDriver lambda$new$3
WARNING: Unable to find version of CDP to use for . You may need to include a dependency on a specific version of the CDP using something similar to `org.seleniumhq.selenium:selenium-devtools-v86:4.1.2` where the version ("v86") matches the version of the chromium-based browser you're using and the version number of the artifact is the same as Selenium's.
]]></system-err>
  </testcase>
  <testcase name="Delete Doctor Data Scenario" classname="Doctor" time="9.562">
    <system-out><![CDATA[17:44:04.400 [AsyncHttpClient-1-1] DEBUG org.asynchttpclient.netty.channel.DefaultChannelPool - Entry count for : http://localhost:61189 : 1
17:44:04.400 [AsyncHttpClient-1-1] DEBUG org.asynchttpclient.netty.channel.DefaultChannelPool - Entry count for : http://localhost:57802 : 1
17:44:04.400 [AsyncHttpClient-1-1] DEBUG org.asynchttpclient.netty.channel.DefaultChannelPool - Adding Candidate expired Channel [id: 0xdeb8c656, L:/127.0.0.1:57801 ! R:localhost/127.0.0.1:61189] isIdleTimeoutExpired=false isRemotelyClosed=true isTtlExpired=false
17:44:04.400 [AsyncHttpClient-1-1] DEBUG org.asynchttpclient.netty.channel.DefaultChannelPool - Closing Idle Channel [id: 0xdeb8c656, L:/127.0.0.1:57801 ! R:localhost/127.0.0.1:61189]
17:44:04.400 [AsyncHttpClient-1-1] DEBUG org.asynchttpclient.netty.channel.DefaultChannelPool - Adding Candidate expired Channel [id: 0x5a8dbf6d, L:/127.0.0.1:57810 ! R:localhost/127.0.0.1:57802] isIdleTimeoutExpired=false isRemotelyClosed=true isTtlExpired=false
17:44:04.400 [AsyncHttpClient-1-1] DEBUG org.asynchttpclient.netty.channel.DefaultChannelPool - Closing Idle Channel [id: 0x5a8dbf6d, L:/127.0.0.1:57810 ! R:localhost/127.0.0.1:57802]
17:44:04.400 [AsyncHttpClient-1-1] DEBUG org.asynchttpclient.netty.channel.DefaultChannelPool - Closed 2 connections out of 2 in 0 ms

@Doctor @DeleteDoctor
Scenario: Delete Doctor Data Scenario                 &amp#27;[90m# src/test/resources/features/3.Doctor.feature:37&amp#27;[0m
17:44:04.423 [main] INFO io.cucumber.core.plugin.SerenityReporter - Running feature from file:///E:/My%20Documents/File%20Difa/TI%20Semester%206%20Kampus%20Merdeka%20Alterra/Tugas/CAPSTONE%20Project/Capstone-Project-Website/src/test/resources/features/3.Doctor.feature
17:44:04.425 [main] INFO  - 
  _____   ___   ___   _____     ___   _____     _     ___   _____   ___   ___  
 |_   _| | __| / __| |_   _|   / __| |_   _|   /_\   | _ \ |_   _| | __| |   \ 
   | |   | _|  \__ \   | |     \__ \   | |    / _ \  |   /   | |   | _|  | |) |
   |_|   |___| |___/   |_|     |___/   |_|   /_/ \_\ |_|_\   |_|   |___| |___/ 

Delete Doctor Data Scenario(doctor;delete-doctor-data-scenario)
--------------------------------------------------------------------------------
17:44:04.451 [main] DEBUG net.thucydides.core.steps.StepInterceptor - STARTING STEP: PatientSteps.iAmAtTheDashboardPage - openUrl
17:44:04.453 [main] INFO net.serenitybdd.core.webdriver.driverproviders.ChromeDriverProvider - Using automatically driver download
17:44:04.626 [main] DEBUG io.github.bonigarcia.wdm.cache.ResolutionCache - Resolution chrome=102 in cache (valid until 18:14:23 18/06/2022 ICT)
17:44:04.629 [main] DEBUG io.github.bonigarcia.wdm.cache.ResolutionCache - Resolution chrome102=102.0.5005.61 in cache (valid until 17:29:52 19/06/2022 ICT)
17:44:04.630 [main] INFO io.github.bonigarcia.wdm.WebDriverManager - Using chromedriver 102.0.5005.61 (resolved driver for Chrome 102)
17:44:04.639 [main] DEBUG io.github.bonigarcia.wdm.WebDriverManager - Driver chromedriver 102.0.5005.61 found in cache
17:44:04.639 [main] INFO io.github.bonigarcia.wdm.WebDriverManager - Exporting webdriver.chrome.driver as C:\Users\USER\.cache\selenium\chromedriver\win32\102.0.5005.61\chromedriver.exe
17:44:04.782 [main] DEBUG net.serenitybdd.core.webdriver.driverproviders.ProvideNewDriver - Instantiating driver
17:44:04.782 [main] DEBUG net.serenitybdd.core.webdriver.driverproviders.ProvideNewDriver - Driver capabilities: Capabilities {acceptInsecureCerts: false, base.url: https://hospital-management..., browserName: chrome, chrome.driver: src/test/resources/webdrive..., driver: chrome, goog:chromeOptions: {args: [], extensions: []}}
17:44:05.324 [AsyncHttpClient-1-9] DEBUG org.asynchttpclient.netty.channel.NettyConnectListener - Using new Channel '[id: 0xd72c5f58, L:/127.0.0.1:57829 - R:localhost/127.0.0.1:53319]' for 'POST' to '/session'
17:44:06.697 [AsyncHttpClient-1-9] DEBUG org.asynchttpclient.netty.handler.HttpHandler - 

Request DefaultHttpRequest(decodeResult: success, version: HTTP/1.1)
POST /session HTTP/1.1
User-Agent: selenium/4.1.2 (java windows)
Content-Length: 621
Content-Type: application/json; charset=utf-8
host: localhost:53319
accept: */*

Response DefaultHttpResponse(decodeResult: success, version: HTTP/1.1)
HTTP/1.1 200 OK
Content-Type: application/json; charset=utf-8
cache-control: no-cache
content-length: 788

17:44:06.697 [AsyncHttpClient-1-9] DEBUG org.asynchttpclient.netty.channel.ChannelManager - Adding key: http://localhost:53319 for channel [id: 0xd72c5f58, L:/127.0.0.1:57829 - R:localhost/127.0.0.1:53319]
17:44:06.703 [AsyncHttpClient-1-2] DEBUG org.asynchttpclient.netty.channel.NettyConnectListener - Using new Channel '[id: 0x3cd0aeb5, L:/127.0.0.1:57837 - R:localhost/127.0.0.1:57831]' for 'GET' to '/json/version'
17:44:06.704 [AsyncHttpClient-1-2] DEBUG org.asynchttpclient.netty.handler.HttpHandler - 

Request DefaultFullHttpRequest(decodeResult: success, version: HTTP/1.1, content: EmptyByteBufBE)
GET /json/version HTTP/1.1
User-Agent: selenium/4.1.2 (java windows)
host: localhost:57831
accept: */*

Response DefaultHttpResponse(decodeResult: success, version: HTTP/1.1)
HTTP/1.1 200 OK
Content-Type: application/json; charset=UTF-8
content-length: 427

17:44:06.704 [AsyncHttpClient-1-2] DEBUG org.asynchttpclient.netty.channel.ChannelManager - Adding key: http://localhost:57831 for channel [id: 0x3cd0aeb5, L:/127.0.0.1:57837 - R:localhost/127.0.0.1:57831]
17:44:06.708 [AsyncHttpClient-1-3] DEBUG org.asynchttpclient.netty.channel.NettyConnectListener - Using new Channel '[id: 0xc296083f, L:/127.0.0.1:57838 - R:localhost/127.0.0.1:57831]' for 'GET' to '/devtools/browser/bba3c166-0e03-454c-be23-e51dc08e5428'
17:44:06.709 [AsyncHttpClient-1-3] DEBUG org.asynchttpclient.netty.handler.WebSocketHandler - 

Request DefaultFullHttpRequest(decodeResult: success, version: HTTP/1.1, content: EmptyByteBufBE)
GET /devtools/browser/bba3c166-0e03-454c-be23-e51dc08e5428 HTTP/1.1
upgrade: websocket
connection: upgrade
sec-websocket-key: 9OKr9uMt2669FXjwC3BsyQ==
sec-websocket-version: 13
origin: http://localhost:57831
host: localhost:57831
accept: */*
user-agent: AHC/2.1

Response DefaultHttpResponse(decodeResult: success, version: HTTP/1.1)
HTTP/1.1 101 WebSocket Protocol Handshake
Upgrade: WebSocket
Connection: Upgrade
Sec-WebSocket-Accept: hkdqdJBA0ykFbYWlMwrvBjUF/3k=

17:44:06.714 [Forwarding maximizeCurrentWindow on session eb9910a075c48544362e904def2b31a9 to remote] DEBUG org.asynchttpclient.netty.request.NettyRequestSender - Using pooled Channel '[id: 0xd72c5f58, L:/127.0.0.1:57829 - R:localhost/127.0.0.1:53319]' for 'POST' to 'http://localhost:53319/session/eb9910a075c48544362e904def2b31a9/window/maximize'
17:44:06.714 [Forwarding maximizeCurrentWindow on session eb9910a075c48544362e904def2b31a9 to remote] DEBUG org.asynchttpclient.netty.request.NettyRequestSender - Using open Channel [id: 0xd72c5f58, L:/127.0.0.1:57829 - R:localhost/127.0.0.1:53319] for POST '/session/eb9910a075c48544362e904def2b31a9/window/maximize'
17:44:06.830 [AsyncHttpClient-1-9] DEBUG org.asynchttpclient.netty.handler.HttpHandler - 

Request DefaultHttpRequest(decodeResult: success, version: HTTP/1.1)
POST /session/eb9910a075c48544362e904def2b31a9/window/maximize HTTP/1.1
User-Agent: selenium/4.1.2 (java windows)
Content-Length: 3
Content-Type: application/json; charset=utf-8
host: localhost:53319
accept: */*

Response DefaultHttpResponse(decodeResult: success, version: HTTP/1.1)
HTTP/1.1 200 OK
Content-Type: application/json; charset=utf-8
cache-control: no-cache
content-length: 51

17:44:06.830 [AsyncHttpClient-1-9] DEBUG org.asynchttpclient.netty.channel.ChannelManager - Adding key: http://localhost:53319 for channel [id: 0xd72c5f58, L:/127.0.0.1:57829 - R:localhost/127.0.0.1:53319]
17:44:06.831 [Forwarding get on session eb9910a075c48544362e904def2b31a9 to remote] DEBUG org.asynchttpclient.netty.request.NettyRequestSender - Using pooled Channel '[id: 0xd72c5f58, L:/127.0.0.1:57829 - R:localhost/127.0.0.1:53319]' for 'POST' to 'http://localhost:53319/session/eb9910a075c48544362e904def2b31a9/url'
17:44:06.831 [Forwarding get on session eb9910a075c48544362e904def2b31a9 to remote] DEBUG org.asynchttpclient.netty.request.NettyRequestSender - Using open Channel [id: 0xd72c5f58, L:/127.0.0.1:57829 - R:localhost/127.0.0.1:53319] for POST '/session/eb9910a075c48544362e904def2b31a9/url'
17:44:07.700 [AsyncHttpClient-1-1] DEBUG org.asynchttpclient.netty.channel.DefaultChannelPool - Entry count for : http://localhost:57831 : 1
17:44:08.801 [AsyncHttpClient-1-1] DEBUG org.asynchttpclient.netty.channel.DefaultChannelPool - Entry count for : http://localhost:57831 : 1
17:44:09.900 [AsyncHttpClient-1-1] DEBUG org.asynchttpclient.netty.channel.DefaultChannelPool - Entry count for : http://localhost:57831 : 1
17:44:11.000 [AsyncHttpClient-1-1] DEBUG org.asynchttpclient.netty.channel.DefaultChannelPool - Entry count for : http://localhost:57831 : 1
17:44:11.025 [AsyncHttpClient-1-9] DEBUG org.asynchttpclient.netty.handler.HttpHandler - 

Request DefaultHttpRequest(decodeResult: success, version: HTTP/1.1)
POST /session/eb9910a075c48544362e904def2b31a9/url HTTP/1.1
User-Agent: selenium/4.1.2 (java windows)
Content-Length: 65
Content-Type: application/json; charset=utf-8
host: localhost:53319
accept: */*

Response DefaultHttpResponse(decodeResult: success, version: HTTP/1.1)
HTTP/1.1 200 OK
Content-Type: application/json; charset=utf-8
cache-control: no-cache
content-length: 14

17:44:11.025 [AsyncHttpClient-1-9] DEBUG org.asynchttpclient.netty.channel.ChannelManager - Adding key: http://localhost:53319 for channel [id: 0xd72c5f58, L:/127.0.0.1:57829 - R:localhost/127.0.0.1:53319]
17:44:11.027 [Forwarding setTimeout on session eb9910a075c48544362e904def2b31a9 to remote] DEBUG org.asynchttpclient.netty.request.NettyRequestSender - Using pooled Channel '[id: 0xd72c5f58, L:/127.0.0.1:57829 - R:localhost/127.0.0.1:53319]' for 'POST' to 'http://localhost:53319/session/eb9910a075c48544362e904def2b31a9/timeouts'
17:44:11.028 [Forwarding setTimeout on session eb9910a075c48544362e904def2b31a9 to remote] DEBUG org.asynchttpclient.netty.request.NettyRequestSender - Using open Channel [id: 0xd72c5f58, L:/127.0.0.1:57829 - R:localhost/127.0.0.1:53319] for POST '/session/eb9910a075c48544362e904def2b31a9/timeouts'
17:44:11.029 [AsyncHttpClient-1-9] DEBUG org.asynchttpclient.netty.handler.HttpHandler - 

Request DefaultHttpRequest(decodeResult: success, version: HTTP/1.1)
POST /session/eb9910a075c48544362e904def2b31a9/timeouts HTTP/1.1
User-Agent: selenium/4.1.2 (java windows)
Content-Length: 22
Content-Type: application/json; charset=utf-8
host: localhost:53319
accept: */*

Response DefaultHttpResponse(decodeResult: success, version: HTTP/1.1)
HTTP/1.1 200 OK
Content-Type: application/json; charset=utf-8
cache-control: no-cache
content-length: 14

17:44:11.029 [AsyncHttpClient-1-9] DEBUG org.asynchttpclient.netty.channel.ChannelManager - Adding key: http://localhost:53319 for channel [id: 0xd72c5f58, L:/127.0.0.1:57829 - R:localhost/127.0.0.1:53319]
17:44:11.035 [Forwarding getCurrentUrl on session eb9910a075c48544362e904def2b31a9 to remote] DEBUG org.asynchttpclient.netty.request.NettyRequestSender - Using pooled Channel '[id: 0xd72c5f58, L:/127.0.0.1:57829 - R:localhost/127.0.0.1:53319]' for 'GET' to 'http://localhost:53319/session/eb9910a075c48544362e904def2b31a9/url'
17:44:11.036 [Forwarding getCurrentUrl on session eb9910a075c48544362e904def2b31a9 to remote] DEBUG org.asynchttpclient.netty.request.NettyRequestSender - Using open Channel [id: 0xd72c5f58, L:/127.0.0.1:57829 - R:localhost/127.0.0.1:53319] for GET '/session/eb9910a075c48544362e904def2b31a9/url'
17:44:11.042 [AsyncHttpClient-1-9] DEBUG org.asynchttpclient.netty.handler.HttpHandler - 

Request DefaultFullHttpRequest(decodeResult: success, version: HTTP/1.1, content: EmptyByteBufBE)
GET /session/eb9910a075c48544362e904def2b31a9/url HTTP/1.1
User-Agent: selenium/4.1.2 (java windows)
Cache-Control: no-cache
Content-Type: application/json; charset=utf-8
host: localhost:53319
accept: */*

Response DefaultHttpResponse(decodeResult: success, version: HTTP/1.1)
HTTP/1.1 200 OK
Content-Type: application/json; charset=utf-8
cache-control: no-cache
content-length: 53

17:44:11.042 [AsyncHttpClient-1-9] DEBUG org.asynchttpclient.netty.channel.ChannelManager - Adding key: http://localhost:53319 for channel [id: 0xd72c5f58, L:/127.0.0.1:57829 - R:localhost/127.0.0.1:53319]
17:44:11.048 [Forwarding getCurrentUrl on session eb9910a075c48544362e904def2b31a9 to remote] DEBUG org.asynchttpclient.netty.request.NettyRequestSender - Using pooled Channel '[id: 0xd72c5f58, L:/127.0.0.1:57829 - R:localhost/127.0.0.1:53319]' for 'GET' to 'http://localhost:53319/session/eb9910a075c48544362e904def2b31a9/url'
17:44:11.048 [Forwarding getCurrentUrl on session eb9910a075c48544362e904def2b31a9 to remote] DEBUG org.asynchttpclient.netty.request.NettyRequestSender - Using open Channel [id: 0xd72c5f58, L:/127.0.0.1:57829 - R:localhost/127.0.0.1:53319] for GET '/session/eb9910a075c48544362e904def2b31a9/url'
17:44:11.053 [AsyncHttpClient-1-9] DEBUG org.asynchttpclient.netty.handler.HttpHandler - 

Request DefaultFullHttpRequest(decodeResult: success, version: HTTP/1.1, content: EmptyByteBufBE)
GET /session/eb9910a075c48544362e904def2b31a9/url HTTP/1.1
User-Agent: selenium/4.1.2 (java windows)
Cache-Control: no-cache
Content-Type: application/json; charset=utf-8
host: localhost:53319
accept: */*

Response DefaultHttpResponse(decodeResult: success, version: HTTP/1.1)
HTTP/1.1 200 OK
Content-Type: application/json; charset=utf-8
cache-control: no-cache
content-length: 53

17:44:11.053 [AsyncHttpClient-1-9] DEBUG org.asynchttpclient.netty.channel.ChannelManager - Adding key: http://localhost:53319 for channel [id: 0xd72c5f58, L:/127.0.0.1:57829 - R:localhost/127.0.0.1:53319]
17:44:11.060 [Forwarding screenshot on session eb9910a075c48544362e904def2b31a9 to remote] DEBUG org.asynchttpclient.netty.request.NettyRequestSender - Using pooled Channel '[id: 0xd72c5f58, L:/127.0.0.1:57829 - R:localhost/127.0.0.1:53319]' for 'GET' to 'http://localhost:53319/session/eb9910a075c48544362e904def2b31a9/screenshot'
17:44:11.060 [Forwarding screenshot on session eb9910a075c48544362e904def2b31a9 to remote] DEBUG org.asynchttpclient.netty.request.NettyRequestSender - Using open Channel [id: 0xd72c5f58, L:/127.0.0.1:57829 - R:localhost/127.0.0.1:53319] for GET '/session/eb9910a075c48544362e904def2b31a9/screenshot'
17:44:11.320 [AsyncHttpClient-1-9] DEBUG org.asynchttpclient.netty.handler.HttpHandler - 

Request DefaultFullHttpRequest(decodeResult: success, version: HTTP/1.1, content: EmptyByteBufBE)
GET /session/eb9910a075c48544362e904def2b31a9/screenshot HTTP/1.1
User-Agent: selenium/4.1.2 (java windows)
Cache-Control: no-cache
Content-Type: application/json; charset=utf-8
host: localhost:53319
accept: */*

Response DefaultHttpResponse(decodeResult: success, version: HTTP/1.1)
HTTP/1.1 200 OK
Content-Type: application/json; charset=utf-8
cache-control: no-cache
content-length: 382596

17:44:11.322 [AsyncHttpClient-1-9] DEBUG org.asynchttpclient.netty.channel.ChannelManager - Adding key: http://localhost:53319 for channel [id: 0xd72c5f58, L:/127.0.0.1:57829 - R:localhost/127.0.0.1:53319]
17:44:11.349 [main] DEBUG net.serenitybdd.core.photography.Darkroom - Send negative for processing for target\site\serenity\ed15a54c91c342d96a850276df7b559f4526b370fc93040e3c407a48a170f368.png
17:44:11.349 [main] DEBUG net.thucydides.core.steps.StepInterceptor - STEP DONE: openUrl
17:44:11.356 [main] DEBUG net.thucydides.core.steps.StepInterceptor - STARTING STEP: PatientSteps.iAmAtTheDashboardPage - validateOnDashboardPage
17:44:11.359 [Forwarding findElement on session eb9910a075c48544362e904def2b31a9 to remote] DEBUG org.asynchttpclient.netty.request.NettyRequestSender - Using pooled Channel '[id: 0xd72c5f58, L:/127.0.0.1:57829 - R:localhost/127.0.0.1:53319]' for 'POST' to 'http://localhost:53319/session/eb9910a075c48544362e904def2b31a9/element'
17:44:11.359 [Forwarding findElement on session eb9910a075c48544362e904def2b31a9 to remote] DEBUG org.asynchttpclient.netty.request.NettyRequestSender - Using open Channel [id: 0xd72c5f58, L:/127.0.0.1:57829 - R:localhost/127.0.0.1:53319] for POST '/session/eb9910a075c48544362e904def2b31a9/element'
17:44:11.377 [AsyncHttpClient-1-9] DEBUG org.asynchttpclient.netty.handler.HttpHandler - 

Request DefaultHttpRequest(decodeResult: success, version: HTTP/1.1)
POST /session/eb9910a075c48544362e904def2b31a9/element HTTP/1.1
User-Agent: selenium/4.1.2 (java windows)
Content-Length: 81
Content-Type: application/json; charset=utf-8
host: localhost:53319
accept: */*

Response DefaultHttpResponse(decodeResult: success, version: HTTP/1.1)
HTTP/1.1 200 OK
Content-Type: application/json; charset=utf-8
cache-control: no-cache
content-length: 88

17:44:11.377 [AsyncHttpClient-1-9] DEBUG org.asynchttpclient.netty.channel.ChannelManager - Adding key: http://localhost:53319 for channel [id: 0xd72c5f58, L:/127.0.0.1:57829 - R:localhost/127.0.0.1:53319]
17:44:11.384 [Forwarding isElementDisplayed on session eb9910a075c48544362e904def2b31a9 to remote] DEBUG org.asynchttpclient.netty.request.NettyRequestSender - Using pooled Channel '[id: 0xd72c5f58, L:/127.0.0.1:57829 - R:localhost/127.0.0.1:53319]' for 'POST' to 'http://localhost:53319/session/eb9910a075c48544362e904def2b31a9/execute/sync'
17:44:11.384 [Forwarding isElementDisplayed on session eb9910a075c48544362e904def2b31a9 to remote] DEBUG org.asynchttpclient.netty.request.NettyRequestSender - Using open Channel [id: 0xd72c5f58, L:/127.0.0.1:57829 - R:localhost/127.0.0.1:53319] for POST '/session/eb9910a075c48544362e904def2b31a9/execute/sync'
17:44:11.425 [AsyncHttpClient-1-9] DEBUG org.asynchttpclient.netty.handler.HttpHandler - 

Request DefaultHttpRequest(decodeResult: success, version: HTTP/1.1)
POST /session/eb9910a075c48544362e904def2b31a9/execute/sync HTTP/1.1
User-Agent: selenium/4.1.2 (java windows)
Content-Length: 48780
Content-Type: application/json; charset=utf-8
host: localhost:53319
accept: */*

Response DefaultHttpResponse(decodeResult: success, version: HTTP/1.1)
HTTP/1.1 200 OK
Content-Type: application/json; charset=utf-8
cache-control: no-cache
content-length: 14

17:44:11.426 [AsyncHttpClient-1-9] DEBUG org.asynchttpclient.netty.channel.ChannelManager - Adding key: http://localhost:53319 for channel [id: 0xd72c5f58, L:/127.0.0.1:57829 - R:localhost/127.0.0.1:53319]
17:44:11.433 [Forwarding screenshot on session eb9910a075c48544362e904def2b31a9 to remote] DEBUG org.asynchttpclient.netty.request.NettyRequestSender - Using pooled Channel '[id: 0xd72c5f58, L:/127.0.0.1:57829 - R:localhost/127.0.0.1:53319]' for 'GET' to 'http://localhost:53319/session/eb9910a075c48544362e904def2b31a9/screenshot'
17:44:11.434 [Forwarding screenshot on session eb9910a075c48544362e904def2b31a9 to remote] DEBUG org.asynchttpclient.netty.request.NettyRequestSender - Using open Channel [id: 0xd72c5f58, L:/127.0.0.1:57829 - R:localhost/127.0.0.1:53319] for GET '/session/eb9910a075c48544362e904def2b31a9/screenshot'
17:44:11.694 [AsyncHttpClient-1-9] DEBUG org.asynchttpclient.netty.handler.HttpHandler - 

Request DefaultFullHttpRequest(decodeResult: success, version: HTTP/1.1, content: EmptyByteBufBE)
GET /session/eb9910a075c48544362e904def2b31a9/screenshot HTTP/1.1
User-Agent: selenium/4.1.2 (java windows)
Cache-Control: no-cache
Content-Type: application/json; charset=utf-8
host: localhost:53319
accept: */*

Response DefaultHttpResponse(decodeResult: success, version: HTTP/1.1)
HTTP/1.1 200 OK
Content-Type: application/json; charset=utf-8
cache-control: no-cache
content-length: 351816

17:44:11.697 [AsyncHttpClient-1-9] DEBUG org.asynchttpclient.netty.channel.ChannelManager - Adding key: http://localhost:53319 for channel [id: 0xd72c5f58, L:/127.0.0.1:57829 - R:localhost/127.0.0.1:53319]
17:44:11.734 [main] DEBUG net.serenitybdd.core.photography.Darkroom - Send negative for processing for target\site\serenity\20277f1d76f1b925628464fcd1ece5de77a814679d1be3fdcf836a7ddadfed60.png
17:44:11.735 [main] DEBUG net.thucydides.core.steps.StepInterceptor - STEP DONE: validateOnDashboardPage
  &amp#27;[32mGiven &amp#27;[0m&amp#27;[32mI am at the dashboard page&amp#27;[0m                    &amp#27;[90m# starter.stepdefinitions.PatientSteps.iAmAtTheDashboardPage()&amp#27;[0m
17:44:11.762 [main] DEBUG net.thucydides.core.steps.StepInterceptor - STARTING STEP: DoctorSteps.iClickMenuDoctor - clickMenuDoctorButton
17:44:11.765 [Forwarding findElement on session eb9910a075c48544362e904def2b31a9 to remote] DEBUG org.asynchttpclient.netty.request.NettyRequestSender - Using pooled Channel '[id: 0xd72c5f58, L:/127.0.0.1:57829 - R:localhost/127.0.0.1:53319]' for 'POST' to 'http://localhost:53319/session/eb9910a075c48544362e904def2b31a9/element'
17:44:11.765 [Forwarding findElement on session eb9910a075c48544362e904def2b31a9 to remote] DEBUG org.asynchttpclient.netty.request.NettyRequestSender - Using open Channel [id: 0xd72c5f58, L:/127.0.0.1:57829 - R:localhost/127.0.0.1:53319] for POST '/session/eb9910a075c48544362e904def2b31a9/element'
17:44:11.779 [AsyncHttpClient-1-9] DEBUG org.asynchttpclient.netty.handler.HttpHandler - 

Request DefaultHttpRequest(decodeResult: success, version: HTTP/1.1)
POST /session/eb9910a075c48544362e904def2b31a9/element HTTP/1.1
User-Agent: selenium/4.1.2 (java windows)
Content-Length: 79
Content-Type: application/json; charset=utf-8
host: localhost:53319
accept: */*

Response DefaultHttpResponse(decodeResult: success, version: HTTP/1.1)
HTTP/1.1 200 OK
Content-Type: application/json; charset=utf-8
cache-control: no-cache
content-length: 88

17:44:11.779 [AsyncHttpClient-1-9] DEBUG org.asynchttpclient.netty.channel.ChannelManager - Adding key: http://localhost:53319 for channel [id: 0xd72c5f58, L:/127.0.0.1:57829 - R:localhost/127.0.0.1:53319]
17:44:11.780 [Forwarding getElementTagName on session eb9910a075c48544362e904def2b31a9 to remote] DEBUG org.asynchttpclient.netty.request.NettyRequestSender - Using pooled Channel '[id: 0xd72c5f58, L:/127.0.0.1:57829 - R:localhost/127.0.0.1:53319]' for 'GET' to 'http://localhost:53319/session/eb9910a075c48544362e904def2b31a9/element/9154a098-c6cb-4e31-84cb-7d2607a599a9/name'
17:44:11.780 [Forwarding getElementTagName on session eb9910a075c48544362e904def2b31a9 to remote] DEBUG org.asynchttpclient.netty.request.NettyRequestSender - Using open Channel [id: 0xd72c5f58, L:/127.0.0.1:57829 - R:localhost/127.0.0.1:53319] for GET '/session/eb9910a075c48544362e904def2b31a9/element/9154a098-c6cb-4e31-84cb-7d2607a599a9/name'
17:44:11.785 [AsyncHttpClient-1-9] DEBUG org.asynchttpclient.netty.handler.HttpHandler - 

Request DefaultFullHttpRequest(decodeResult: success, version: HTTP/1.1, content: EmptyByteBufBE)
GET /session/eb9910a075c48544362e904def2b31a9/element/9154a098-c6cb-4e31-84cb-7d2607a599a9/name HTTP/1.1
User-Agent: selenium/4.1.2 (java windows)
Cache-Control: no-cache
Content-Type: application/json; charset=utf-8
host: localhost:53319
accept: */*

Response DefaultHttpResponse(decodeResult: success, version: HTTP/1.1)
HTTP/1.1 200 OK
Content-Type: application/json; charset=utf-8
cache-control: no-cache
content-length: 15

17:44:11.785 [AsyncHttpClient-1-9] DEBUG org.asynchttpclient.netty.channel.ChannelManager - Adding key: http://localhost:53319 for channel [id: 0xd72c5f58, L:/127.0.0.1:57829 - R:localhost/127.0.0.1:53319]
17:44:11.787 [Forwarding getElementTagName on session eb9910a075c48544362e904def2b31a9 to remote] DEBUG org.asynchttpclient.netty.request.NettyRequestSender - Using pooled Channel '[id: 0xd72c5f58, L:/127.0.0.1:57829 - R:localhost/127.0.0.1:53319]' for 'GET' to 'http://localhost:53319/session/eb9910a075c48544362e904def2b31a9/element/9154a098-c6cb-4e31-84cb-7d2607a599a9/name'
17:44:11.787 [Forwarding getElementTagName on session eb9910a075c48544362e904def2b31a9 to remote] DEBUG org.asynchttpclient.netty.request.NettyRequestSender - Using open Channel [id: 0xd72c5f58, L:/127.0.0.1:57829 - R:localhost/127.0.0.1:53319] for GET '/session/eb9910a075c48544362e904def2b31a9/element/9154a098-c6cb-4e31-84cb-7d2607a599a9/name'
17:44:11.791 [AsyncHttpClient-1-9] DEBUG org.asynchttpclient.netty.handler.HttpHandler - 

Request DefaultFullHttpRequest(decodeResult: success, version: HTTP/1.1, content: EmptyByteBufBE)
GET /session/eb9910a075c48544362e904def2b31a9/element/9154a098-c6cb-4e31-84cb-7d2607a599a9/name HTTP/1.1
User-Agent: selenium/4.1.2 (java windows)
Cache-Control: no-cache
Content-Type: application/json; charset=utf-8
host: localhost:53319
accept: */*

Response DefaultHttpResponse(decodeResult: success, version: HTTP/1.1)
HTTP/1.1 200 OK
Content-Type: application/json; charset=utf-8
cache-control: no-cache
content-length: 15

17:44:11.791 [AsyncHttpClient-1-9] DEBUG org.asynchttpclient.netty.channel.ChannelManager - Adding key: http://localhost:53319 for channel [id: 0xd72c5f58, L:/127.0.0.1:57829 - R:localhost/127.0.0.1:53319]
17:44:11.793 [Forwarding findElement on session eb9910a075c48544362e904def2b31a9 to remote] DEBUG org.asynchttpclient.netty.request.NettyRequestSender - Using pooled Channel '[id: 0xd72c5f58, L:/127.0.0.1:57829 - R:localhost/127.0.0.1:53319]' for 'POST' to 'http://localhost:53319/session/eb9910a075c48544362e904def2b31a9/element'
17:44:11.793 [Forwarding findElement on session eb9910a075c48544362e904def2b31a9 to remote] DEBUG org.asynchttpclient.netty.request.NettyRequestSender - Using open Channel [id: 0xd72c5f58, L:/127.0.0.1:57829 - R:localhost/127.0.0.1:53319] for POST '/session/eb9910a075c48544362e904def2b31a9/element'
17:44:11.803 [AsyncHttpClient-1-9] DEBUG org.asynchttpclient.netty.handler.HttpHandler - 

Request DefaultHttpRequest(decodeResult: success, version: HTTP/1.1)
POST /session/eb9910a075c48544362e904def2b31a9/element HTTP/1.1
User-Agent: selenium/4.1.2 (java windows)
Content-Length: 79
Content-Type: application/json; charset=utf-8
host: localhost:53319
accept: */*

Response DefaultHttpResponse(decodeResult: success, version: HTTP/1.1)
HTTP/1.1 200 OK
Content-Type: application/json; charset=utf-8
cache-control: no-cache
content-length: 88

17:44:11.803 [AsyncHttpClient-1-9] DEBUG org.asynchttpclient.netty.channel.ChannelManager - Adding key: http://localhost:53319 for channel [id: 0xd72c5f58, L:/127.0.0.1:57829 - R:localhost/127.0.0.1:53319]
17:44:11.805 [Forwarding clickElement on session eb9910a075c48544362e904def2b31a9 to remote] DEBUG org.asynchttpclient.netty.request.NettyRequestSender - Using pooled Channel '[id: 0xd72c5f58, L:/127.0.0.1:57829 - R:localhost/127.0.0.1:53319]' for 'POST' to 'http://localhost:53319/session/eb9910a075c48544362e904def2b31a9/element/9154a098-c6cb-4e31-84cb-7d2607a599a9/click'
17:44:11.805 [Forwarding clickElement on session eb9910a075c48544362e904def2b31a9 to remote] DEBUG org.asynchttpclient.netty.request.NettyRequestSender - Using open Channel [id: 0xd72c5f58, L:/127.0.0.1:57829 - R:localhost/127.0.0.1:53319] for POST '/session/eb9910a075c48544362e904def2b31a9/element/9154a098-c6cb-4e31-84cb-7d2607a599a9/click'
17:44:11.989 [AsyncHttpClient-1-9] DEBUG org.asynchttpclient.netty.handler.HttpHandler - 

Request DefaultHttpRequest(decodeResult: success, version: HTTP/1.1)
POST /session/eb9910a075c48544362e904def2b31a9/element/9154a098-c6cb-4e31-84cb-7d2607a599a9/click HTTP/1.1
User-Agent: selenium/4.1.2 (java windows)
Content-Length: 50
Content-Type: application/json; charset=utf-8
host: localhost:53319
accept: */*

Response DefaultHttpResponse(decodeResult: success, version: HTTP/1.1)
HTTP/1.1 200 OK
Content-Type: application/json; charset=utf-8
cache-control: no-cache
content-length: 14

17:44:11.989 [AsyncHttpClient-1-9] DEBUG org.asynchttpclient.netty.channel.ChannelManager - Adding key: http://localhost:53319 for channel [id: 0xd72c5f58, L:/127.0.0.1:57829 - R:localhost/127.0.0.1:53319]
17:44:12.000 [Forwarding screenshot on session eb9910a075c48544362e904def2b31a9 to remote] DEBUG org.asynchttpclient.netty.request.NettyRequestSender - Using pooled Channel '[id: 0xd72c5f58, L:/127.0.0.1:57829 - R:localhost/127.0.0.1:53319]' for 'GET' to 'http://localhost:53319/session/eb9910a075c48544362e904def2b31a9/screenshot'
17:44:12.000 [Forwarding screenshot on session eb9910a075c48544362e904def2b31a9 to remote] DEBUG org.asynchttpclient.netty.request.NettyRequestSender - Using open Channel [id: 0xd72c5f58, L:/127.0.0.1:57829 - R:localhost/127.0.0.1:53319] for GET '/session/eb9910a075c48544362e904def2b31a9/screenshot'
17:44:12.098 [AsyncHttpClient-1-9] DEBUG org.asynchttpclient.netty.handler.HttpHandler - 

Request DefaultFullHttpRequest(decodeResult: success, version: HTTP/1.1, content: EmptyByteBufBE)
GET /session/eb9910a075c48544362e904def2b31a9/screenshot HTTP/1.1
User-Agent: selenium/4.1.2 (java windows)
Cache-Control: no-cache
Content-Type: application/json; charset=utf-8
host: localhost:53319
accept: */*

Response DefaultHttpResponse(decodeResult: success, version: HTTP/1.1)
HTTP/1.1 200 OK
Content-Type: application/json; charset=utf-8
cache-control: no-cache
content-length: 56192

17:44:12.098 [AsyncHttpClient-1-9] DEBUG org.asynchttpclient.netty.channel.ChannelManager - Adding key: http://localhost:53319 for channel [id: 0xd72c5f58, L:/127.0.0.1:57829 - R:localhost/127.0.0.1:53319]
17:44:12.101 [AsyncHttpClient-1-1] DEBUG org.asynchttpclient.netty.channel.DefaultChannelPool - Entry count for : http://localhost:57831 : 1
17:44:12.101 [AsyncHttpClient-1-1] DEBUG org.asynchttpclient.netty.channel.DefaultChannelPool - Entry count for : http://localhost:53319 : 1
17:44:12.102 [main] DEBUG net.serenitybdd.core.photography.Darkroom - Send negative for processing for target\site\serenity\d631e005c1ab8c2ae9496eb0000819a309562887f5f0fc5c3b73065dfab87bed.png
17:44:12.103 [main] DEBUG net.thucydides.core.steps.StepInterceptor - STEP DONE: clickMenuDoctorButton
  &amp#27;[32mAnd &amp#27;[0m&amp#27;[32mI click menu doctor&amp#27;[0m                             &amp#27;[90m# starter.stepdefinitions.DoctorSteps.iClickMenuDoctor()&amp#27;[0m
17:44:12.124 [main] DEBUG net.thucydides.core.steps.StepInterceptor - STARTING STEP: DoctorSteps.iClickDeleteDoctorButton - clickDeleteDoctorIcon
17:44:12.127 [Forwarding findElement on session eb9910a075c48544362e904def2b31a9 to remote] DEBUG org.asynchttpclient.netty.request.NettyRequestSender - Using pooled Channel '[id: 0xd72c5f58, L:/127.0.0.1:57829 - R:localhost/127.0.0.1:53319]' for 'POST' to 'http://localhost:53319/session/eb9910a075c48544362e904def2b31a9/element'
17:44:12.127 [Forwarding findElement on session eb9910a075c48544362e904def2b31a9 to remote] DEBUG org.asynchttpclient.netty.request.NettyRequestSender - Using open Channel [id: 0xd72c5f58, L:/127.0.0.1:57829 - R:localhost/127.0.0.1:53319] for POST '/session/eb9910a075c48544362e904def2b31a9/element'
17:44:12.402 [AsyncHttpClient-1-9] DEBUG org.asynchttpclient.netty.handler.HttpHandler - 

Request DefaultHttpRequest(decodeResult: success, version: HTTP/1.1)
POST /session/eb9910a075c48544362e904def2b31a9/element HTTP/1.1
User-Agent: selenium/4.1.2 (java windows)
Content-Length: 91
Content-Type: application/json; charset=utf-8
host: localhost:53319
accept: */*

Response DefaultHttpResponse(decodeResult: success, version: HTTP/1.1)
HTTP/1.1 200 OK
Content-Type: application/json; charset=utf-8
cache-control: no-cache
content-length: 88

17:44:12.403 [AsyncHttpClient-1-9] DEBUG org.asynchttpclient.netty.channel.ChannelManager - Adding key: http://localhost:53319 for channel [id: 0xd72c5f58, L:/127.0.0.1:57829 - R:localhost/127.0.0.1:53319]
17:44:12.404 [Forwarding getElementTagName on session eb9910a075c48544362e904def2b31a9 to remote] DEBUG org.asynchttpclient.netty.request.NettyRequestSender - Using pooled Channel '[id: 0xd72c5f58, L:/127.0.0.1:57829 - R:localhost/127.0.0.1:53319]' for 'GET' to 'http://localhost:53319/session/eb9910a075c48544362e904def2b31a9/element/3e853b37-4e12-479d-8c9b-c481e66aa5a1/name'
17:44:12.404 [Forwarding getElementTagName on session eb9910a075c48544362e904def2b31a9 to remote] DEBUG org.asynchttpclient.netty.request.NettyRequestSender - Using open Channel [id: 0xd72c5f58, L:/127.0.0.1:57829 - R:localhost/127.0.0.1:53319] for GET '/session/eb9910a075c48544362e904def2b31a9/element/3e853b37-4e12-479d-8c9b-c481e66aa5a1/name'
17:44:12.411 [AsyncHttpClient-1-9] DEBUG org.asynchttpclient.netty.handler.HttpHandler - 

Request DefaultFullHttpRequest(decodeResult: success, version: HTTP/1.1, content: EmptyByteBufBE)
GET /session/eb9910a075c48544362e904def2b31a9/element/3e853b37-4e12-479d-8c9b-c481e66aa5a1/name HTTP/1.1
User-Agent: selenium/4.1.2 (java windows)
Cache-Control: no-cache
Content-Type: application/json; charset=utf-8
host: localhost:53319
accept: */*

Response DefaultHttpResponse(decodeResult: success, version: HTTP/1.1)
HTTP/1.1 200 OK
Content-Type: application/json; charset=utf-8
cache-control: no-cache
content-length: 18

17:44:12.411 [AsyncHttpClient-1-9] DEBUG org.asynchttpclient.netty.channel.ChannelManager - Adding key: http://localhost:53319 for channel [id: 0xd72c5f58, L:/127.0.0.1:57829 - R:localhost/127.0.0.1:53319]
17:44:12.414 [Forwarding getElementTagName on session eb9910a075c48544362e904def2b31a9 to remote] DEBUG org.asynchttpclient.netty.request.NettyRequestSender - Using pooled Channel '[id: 0xd72c5f58, L:/127.0.0.1:57829 - R:localhost/127.0.0.1:53319]' for 'GET' to 'http://localhost:53319/session/eb9910a075c48544362e904def2b31a9/element/3e853b37-4e12-479d-8c9b-c481e66aa5a1/name'
17:44:12.414 [Forwarding getElementTagName on session eb9910a075c48544362e904def2b31a9 to remote] DEBUG org.asynchttpclient.netty.request.NettyRequestSender - Using open Channel [id: 0xd72c5f58, L:/127.0.0.1:57829 - R:localhost/127.0.0.1:53319] for GET '/session/eb9910a075c48544362e904def2b31a9/element/3e853b37-4e12-479d-8c9b-c481e66aa5a1/name'
17:44:12.419 [AsyncHttpClient-1-9] DEBUG org.asynchttpclient.netty.handler.HttpHandler - 

Request DefaultFullHttpRequest(decodeResult: success, version: HTTP/1.1, content: EmptyByteBufBE)
GET /session/eb9910a075c48544362e904def2b31a9/element/3e853b37-4e12-479d-8c9b-c481e66aa5a1/name HTTP/1.1
User-Agent: selenium/4.1.2 (java windows)
Cache-Control: no-cache
Content-Type: application/json; charset=utf-8
host: localhost:53319
accept: */*

Response DefaultHttpResponse(decodeResult: success, version: HTTP/1.1)
HTTP/1.1 200 OK
Content-Type: application/json; charset=utf-8
cache-control: no-cache
content-length: 18

17:44:12.419 [AsyncHttpClient-1-9] DEBUG org.asynchttpclient.netty.channel.ChannelManager - Adding key: http://localhost:53319 for channel [id: 0xd72c5f58, L:/127.0.0.1:57829 - R:localhost/127.0.0.1:53319]
17:44:12.421 [Forwarding isElementEnabled on session eb9910a075c48544362e904def2b31a9 to remote] DEBUG org.asynchttpclient.netty.request.NettyRequestSender - Using pooled Channel '[id: 0xd72c5f58, L:/127.0.0.1:57829 - R:localhost/127.0.0.1:53319]' for 'GET' to 'http://localhost:53319/session/eb9910a075c48544362e904def2b31a9/element/3e853b37-4e12-479d-8c9b-c481e66aa5a1/enabled'
17:44:12.421 [Forwarding isElementEnabled on session eb9910a075c48544362e904def2b31a9 to remote] DEBUG org.asynchttpclient.netty.request.NettyRequestSender - Using open Channel [id: 0xd72c5f58, L:/127.0.0.1:57829 - R:localhost/127.0.0.1:53319] for GET '/session/eb9910a075c48544362e904def2b31a9/element/3e853b37-4e12-479d-8c9b-c481e66aa5a1/enabled'
17:44:12.433 [AsyncHttpClient-1-9] DEBUG org.asynchttpclient.netty.handler.HttpHandler - 

Request DefaultFullHttpRequest(decodeResult: success, version: HTTP/1.1, content: EmptyByteBufBE)
GET /session/eb9910a075c48544362e904def2b31a9/element/3e853b37-4e12-479d-8c9b-c481e66aa5a1/enabled HTTP/1.1
User-Agent: selenium/4.1.2 (java windows)
Cache-Control: no-cache
Content-Type: application/json; charset=utf-8
host: localhost:53319
accept: */*

Response DefaultHttpResponse(decodeResult: success, version: HTTP/1.1)
HTTP/1.1 200 OK
Content-Type: application/json; charset=utf-8
cache-control: no-cache
content-length: 14

17:44:12.433 [AsyncHttpClient-1-9] DEBUG org.asynchttpclient.netty.channel.ChannelManager - Adding key: http://localhost:53319 for channel [id: 0xd72c5f58, L:/127.0.0.1:57829 - R:localhost/127.0.0.1:53319]
17:44:12.434 [Forwarding isElementEnabled on session eb9910a075c48544362e904def2b31a9 to remote] DEBUG org.asynchttpclient.netty.request.NettyRequestSender - Using pooled Channel '[id: 0xd72c5f58, L:/127.0.0.1:57829 - R:localhost/127.0.0.1:53319]' for 'GET' to 'http://localhost:53319/session/eb9910a075c48544362e904def2b31a9/element/3e853b37-4e12-479d-8c9b-c481e66aa5a1/enabled'
17:44:12.434 [Forwarding isElementEnabled on session eb9910a075c48544362e904def2b31a9 to remote] DEBUG org.asynchttpclient.netty.request.NettyRequestSender - Using open Channel [id: 0xd72c5f58, L:/127.0.0.1:57829 - R:localhost/127.0.0.1:53319] for GET '/session/eb9910a075c48544362e904def2b31a9/element/3e853b37-4e12-479d-8c9b-c481e66aa5a1/enabled'
17:44:12.440 [AsyncHttpClient-1-9] DEBUG org.asynchttpclient.netty.handler.HttpHandler - 

Request DefaultFullHttpRequest(decodeResult: success, version: HTTP/1.1, content: EmptyByteBufBE)
GET /session/eb9910a075c48544362e904def2b31a9/element/3e853b37-4e12-479d-8c9b-c481e66aa5a1/enabled HTTP/1.1
User-Agent: selenium/4.1.2 (java windows)
Cache-Control: no-cache
Content-Type: application/json; charset=utf-8
host: localhost:53319
accept: */*

Response DefaultHttpResponse(decodeResult: success, version: HTTP/1.1)
HTTP/1.1 200 OK
Content-Type: application/json; charset=utf-8
cache-control: no-cache
content-length: 14

17:44:12.440 [AsyncHttpClient-1-9] DEBUG org.asynchttpclient.netty.channel.ChannelManager - Adding key: http://localhost:53319 for channel [id: 0xd72c5f58, L:/127.0.0.1:57829 - R:localhost/127.0.0.1:53319]
17:44:12.442 [Forwarding findElement on session eb9910a075c48544362e904def2b31a9 to remote] DEBUG org.asynchttpclient.netty.request.NettyRequestSender - Using pooled Channel '[id: 0xd72c5f58, L:/127.0.0.1:57829 - R:localhost/127.0.0.1:53319]' for 'POST' to 'http://localhost:53319/session/eb9910a075c48544362e904def2b31a9/element'
17:44:12.442 [Forwarding findElement on session eb9910a075c48544362e904def2b31a9 to remote] DEBUG org.asynchttpclient.netty.request.NettyRequestSender - Using open Channel [id: 0xd72c5f58, L:/127.0.0.1:57829 - R:localhost/127.0.0.1:53319] for POST '/session/eb9910a075c48544362e904def2b31a9/element'
17:44:12.450 [AsyncHttpClient-1-9] DEBUG org.asynchttpclient.netty.handler.HttpHandler - 

Request DefaultHttpRequest(decodeResult: success, version: HTTP/1.1)
POST /session/eb9910a075c48544362e904def2b31a9/element HTTP/1.1
User-Agent: selenium/4.1.2 (java windows)
Content-Length: 91
Content-Type: application/json; charset=utf-8
host: localhost:53319
accept: */*

Response DefaultHttpResponse(decodeResult: success, version: HTTP/1.1)
HTTP/1.1 200 OK
Content-Type: application/json; charset=utf-8
cache-control: no-cache
content-length: 88

17:44:12.450 [AsyncHttpClient-1-9] DEBUG org.asynchttpclient.netty.channel.ChannelManager - Adding key: http://localhost:53319 for channel [id: 0xd72c5f58, L:/127.0.0.1:57829 - R:localhost/127.0.0.1:53319]
17:44:12.451 [Forwarding clickElement on session eb9910a075c48544362e904def2b31a9 to remote] DEBUG org.asynchttpclient.netty.request.NettyRequestSender - Using pooled Channel '[id: 0xd72c5f58, L:/127.0.0.1:57829 - R:localhost/127.0.0.1:53319]' for 'POST' to 'http://localhost:53319/session/eb9910a075c48544362e904def2b31a9/element/3e853b37-4e12-479d-8c9b-c481e66aa5a1/click'
17:44:12.451 [Forwarding clickElement on session eb9910a075c48544362e904def2b31a9 to remote] DEBUG org.asynchttpclient.netty.request.NettyRequestSender - Using open Channel [id: 0xd72c5f58, L:/127.0.0.1:57829 - R:localhost/127.0.0.1:53319] for POST '/session/eb9910a075c48544362e904def2b31a9/element/3e853b37-4e12-479d-8c9b-c481e66aa5a1/click'
17:44:12.564 [AsyncHttpClient-1-9] DEBUG org.asynchttpclient.netty.handler.HttpHandler - 

Request DefaultHttpRequest(decodeResult: success, version: HTTP/1.1)
POST /session/eb9910a075c48544362e904def2b31a9/element/3e853b37-4e12-479d-8c9b-c481e66aa5a1/click HTTP/1.1
User-Agent: selenium/4.1.2 (java windows)
Content-Length: 50
Content-Type: application/json; charset=utf-8
host: localhost:53319
accept: */*

Response DefaultHttpResponse(decodeResult: success, version: HTTP/1.1)
HTTP/1.1 200 OK
Content-Type: application/json; charset=utf-8
cache-control: no-cache
content-length: 14

17:44:12.564 [AsyncHttpClient-1-9] DEBUG org.asynchttpclient.netty.channel.ChannelManager - Adding key: http://localhost:53319 for channel [id: 0xd72c5f58, L:/127.0.0.1:57829 - R:localhost/127.0.0.1:53319]
17:44:12.575 [Forwarding screenshot on session eb9910a075c48544362e904def2b31a9 to remote] DEBUG org.asynchttpclient.netty.request.NettyRequestSender - Using pooled Channel '[id: 0xd72c5f58, L:/127.0.0.1:57829 - R:localhost/127.0.0.1:53319]' for 'GET' to 'http://localhost:53319/session/eb9910a075c48544362e904def2b31a9/screenshot'
17:44:12.575 [Forwarding screenshot on session eb9910a075c48544362e904def2b31a9 to remote] DEBUG org.asynchttpclient.netty.request.NettyRequestSender - Using open Channel [id: 0xd72c5f58, L:/127.0.0.1:57829 - R:localhost/127.0.0.1:53319] for GET '/session/eb9910a075c48544362e904def2b31a9/screenshot'
17:44:12.726 [AsyncHttpClient-1-9] DEBUG org.asynchttpclient.netty.handler.HttpHandler - 

Request DefaultFullHttpRequest(decodeResult: success, version: HTTP/1.1, content: EmptyByteBufBE)
GET /session/eb9910a075c48544362e904def2b31a9/screenshot HTTP/1.1
User-Agent: selenium/4.1.2 (java windows)
Cache-Control: no-cache
Content-Type: application/json; charset=utf-8
host: localhost:53319
accept: */*

Response DefaultHttpResponse(decodeResult: success, version: HTTP/1.1)
HTTP/1.1 200 OK
Content-Type: application/json; charset=utf-8
cache-control: no-cache
content-length: 101424

17:44:12.726 [AsyncHttpClient-1-9] DEBUG org.asynchttpclient.netty.channel.ChannelManager - Adding key: http://localhost:53319 for channel [id: 0xd72c5f58, L:/127.0.0.1:57829 - R:localhost/127.0.0.1:53319]
17:44:12.735 [main] DEBUG net.serenitybdd.core.photography.Darkroom - Send negative for processing for target\site\serenity\4e3a66e166f0926f2308e2aaed513e71e963e0ff7265ac76765954393355e08d.png
17:44:12.735 [main] DEBUG net.thucydides.core.steps.StepInterceptor - STEP DONE: clickDeleteDoctorIcon
  &amp#27;[32mWhen &amp#27;[0m&amp#27;[32mI click Delete Doctor icon&amp#27;[0m                     &amp#27;[90m# starter.stepdefinitions.DoctorSteps.iClickDeleteDoctorButton()&amp#27;[0m
17:44:12.735 [Darkroom Processing Line] DEBUG net.serenitybdd.core.photography.DarkroomProcessingLine - Processing screenshot image in /var/screenshots/screenshot-6740074778960994736
17:44:12.735 [Darkroom Processing Line] DEBUG net.serenitybdd.core.photography.DarkroomProcessingLine - Saving screenshot to target\site\serenity\4e3a66e166f0926f2308e2aaed513e71e963e0ff7265ac76765954393355e08d.png
17:44:12.764 [main] DEBUG net.thucydides.core.steps.StepInterceptor - STARTING STEP: DoctorSteps.iClickDeleteDoctorFormDeleteButton - clickDeleteDoctorButton
17:44:12.767 [Forwarding findElement on session eb9910a075c48544362e904def2b31a9 to remote] DEBUG org.asynchttpclient.netty.request.NettyRequestSender - Using pooled Channel '[id: 0xd72c5f58, L:/127.0.0.1:57829 - R:localhost/127.0.0.1:53319]' for 'POST' to 'http://localhost:53319/session/eb9910a075c48544362e904def2b31a9/element'
17:44:12.767 [Forwarding findElement on session eb9910a075c48544362e904def2b31a9 to remote] DEBUG org.asynchttpclient.netty.request.NettyRequestSender - Using open Channel [id: 0xd72c5f58, L:/127.0.0.1:57829 - R:localhost/127.0.0.1:53319] for POST '/session/eb9910a075c48544362e904def2b31a9/element'
17:44:12.787 [AsyncHttpClient-1-9] DEBUG org.asynchttpclient.netty.handler.HttpHandler - 

Request DefaultHttpRequest(decodeResult: success, version: HTTP/1.1)
POST /session/eb9910a075c48544362e904def2b31a9/element HTTP/1.1
User-Agent: selenium/4.1.2 (java windows)
Content-Length: 104
Content-Type: application/json; charset=utf-8
host: localhost:53319
accept: */*

Response DefaultHttpResponse(decodeResult: success, version: HTTP/1.1)
HTTP/1.1 200 OK
Content-Type: application/json; charset=utf-8
cache-control: no-cache
content-length: 88

17:44:12.787 [AsyncHttpClient-1-9] DEBUG org.asynchttpclient.netty.channel.ChannelManager - Adding key: http://localhost:53319 for channel [id: 0xd72c5f58, L:/127.0.0.1:57829 - R:localhost/127.0.0.1:53319]
17:44:12.790 [Forwarding getElementTagName on session eb9910a075c48544362e904def2b31a9 to remote] DEBUG org.asynchttpclient.netty.request.NettyRequestSender - Using pooled Channel '[id: 0xd72c5f58, L:/127.0.0.1:57829 - R:localhost/127.0.0.1:53319]' for 'GET' to 'http://localhost:53319/session/eb9910a075c48544362e904def2b31a9/element/81b40ef4-8b56-4da7-8a0b-9957faefd049/name'
17:44:12.790 [Forwarding getElementTagName on session eb9910a075c48544362e904def2b31a9 to remote] DEBUG org.asynchttpclient.netty.request.NettyRequestSender - Using open Channel [id: 0xd72c5f58, L:/127.0.0.1:57829 - R:localhost/127.0.0.1:53319] for GET '/session/eb9910a075c48544362e904def2b31a9/element/81b40ef4-8b56-4da7-8a0b-9957faefd049/name'
17:44:12.796 [AsyncHttpClient-1-9] DEBUG org.asynchttpclient.netty.handler.HttpHandler - 

Request DefaultFullHttpRequest(decodeResult: success, version: HTTP/1.1, content: EmptyByteBufBE)
GET /session/eb9910a075c48544362e904def2b31a9/element/81b40ef4-8b56-4da7-8a0b-9957faefd049/name HTTP/1.1
User-Agent: selenium/4.1.2 (java windows)
Cache-Control: no-cache
Content-Type: application/json; charset=utf-8
host: localhost:53319
accept: */*

Response DefaultHttpResponse(decodeResult: success, version: HTTP/1.1)
HTTP/1.1 200 OK
Content-Type: application/json; charset=utf-8
cache-control: no-cache
content-length: 18

17:44:12.796 [AsyncHttpClient-1-9] DEBUG org.asynchttpclient.netty.channel.ChannelManager - Adding key: http://localhost:53319 for channel [id: 0xd72c5f58, L:/127.0.0.1:57829 - R:localhost/127.0.0.1:53319]
17:44:12.797 [Forwarding getElementTagName on session eb9910a075c48544362e904def2b31a9 to remote] DEBUG org.asynchttpclient.netty.request.NettyRequestSender - Using pooled Channel '[id: 0xd72c5f58, L:/127.0.0.1:57829 - R:localhost/127.0.0.1:53319]' for 'GET' to 'http://localhost:53319/session/eb9910a075c48544362e904def2b31a9/element/81b40ef4-8b56-4da7-8a0b-9957faefd049/name'
17:44:12.797 [Forwarding getElementTagName on session eb9910a075c48544362e904def2b31a9 to remote] DEBUG org.asynchttpclient.netty.request.NettyRequestSender - Using open Channel [id: 0xd72c5f58, L:/127.0.0.1:57829 - R:localhost/127.0.0.1:53319] for GET '/session/eb9910a075c48544362e904def2b31a9/element/81b40ef4-8b56-4da7-8a0b-9957faefd049/name'
17:44:12.805 [AsyncHttpClient-1-9] DEBUG org.asynchttpclient.netty.handler.HttpHandler - 

Request DefaultFullHttpRequest(decodeResult: success, version: HTTP/1.1, content: EmptyByteBufBE)
GET /session/eb9910a075c48544362e904def2b31a9/element/81b40ef4-8b56-4da7-8a0b-9957faefd049/name HTTP/1.1
User-Agent: selenium/4.1.2 (java windows)
Cache-Control: no-cache
Content-Type: application/json; charset=utf-8
host: localhost:53319
accept: */*

Response DefaultHttpResponse(decodeResult: success, version: HTTP/1.1)
HTTP/1.1 200 OK
Content-Type: application/json; charset=utf-8
cache-control: no-cache
content-length: 18

17:44:12.805 [AsyncHttpClient-1-9] DEBUG org.asynchttpclient.netty.channel.ChannelManager - Adding key: http://localhost:53319 for channel [id: 0xd72c5f58, L:/127.0.0.1:57829 - R:localhost/127.0.0.1:53319]
17:44:12.809 [Forwarding isElementEnabled on session eb9910a075c48544362e904def2b31a9 to remote] DEBUG org.asynchttpclient.netty.request.NettyRequestSender - Using pooled Channel '[id: 0xd72c5f58, L:/127.0.0.1:57829 - R:localhost/127.0.0.1:53319]' for 'GET' to 'http://localhost:53319/session/eb9910a075c48544362e904def2b31a9/element/81b40ef4-8b56-4da7-8a0b-9957faefd049/enabled'
17:44:12.809 [Forwarding isElementEnabled on session eb9910a075c48544362e904def2b31a9 to remote] DEBUG org.asynchttpclient.netty.request.NettyRequestSender - Using open Channel [id: 0xd72c5f58, L:/127.0.0.1:57829 - R:localhost/127.0.0.1:53319] for GET '/session/eb9910a075c48544362e904def2b31a9/element/81b40ef4-8b56-4da7-8a0b-9957faefd049/enabled'
17:44:12.823 [AsyncHttpClient-1-9] DEBUG org.asynchttpclient.netty.handler.HttpHandler - 

Request DefaultFullHttpRequest(decodeResult: success, version: HTTP/1.1, content: EmptyByteBufBE)
GET /session/eb9910a075c48544362e904def2b31a9/element/81b40ef4-8b56-4da7-8a0b-9957faefd049/enabled HTTP/1.1
User-Agent: selenium/4.1.2 (java windows)
Cache-Control: no-cache
Content-Type: application/json; charset=utf-8
host: localhost:53319
accept: */*

Response DefaultHttpResponse(decodeResult: success, version: HTTP/1.1)
HTTP/1.1 200 OK
Content-Type: application/json; charset=utf-8
cache-control: no-cache
content-length: 14

17:44:12.823 [AsyncHttpClient-1-9] DEBUG org.asynchttpclient.netty.channel.ChannelManager - Adding key: http://localhost:53319 for channel [id: 0xd72c5f58, L:/127.0.0.1:57829 - R:localhost/127.0.0.1:53319]
17:44:12.824 [Forwarding isElementEnabled on session eb9910a075c48544362e904def2b31a9 to remote] DEBUG org.asynchttpclient.netty.request.NettyRequestSender - Using pooled Channel '[id: 0xd72c5f58, L:/127.0.0.1:57829 - R:localhost/127.0.0.1:53319]' for 'GET' to 'http://localhost:53319/session/eb9910a075c48544362e904def2b31a9/element/81b40ef4-8b56-4da7-8a0b-9957faefd049/enabled'
17:44:12.824 [Forwarding isElementEnabled on session eb9910a075c48544362e904def2b31a9 to remote] DEBUG org.asynchttpclient.netty.request.NettyRequestSender - Using open Channel [id: 0xd72c5f58, L:/127.0.0.1:57829 - R:localhost/127.0.0.1:53319] for GET '/session/eb9910a075c48544362e904def2b31a9/element/81b40ef4-8b56-4da7-8a0b-9957faefd049/enabled'
17:44:12.830 [AsyncHttpClient-1-9] DEBUG org.asynchttpclient.netty.handler.HttpHandler - 

Request DefaultFullHttpRequest(decodeResult: success, version: HTTP/1.1, content: EmptyByteBufBE)
GET /session/eb9910a075c48544362e904def2b31a9/element/81b40ef4-8b56-4da7-8a0b-9957faefd049/enabled HTTP/1.1
User-Agent: selenium/4.1.2 (java windows)
Cache-Control: no-cache
Content-Type: application/json; charset=utf-8
host: localhost:53319
accept: */*

Response DefaultHttpResponse(decodeResult: success, version: HTTP/1.1)
HTTP/1.1 200 OK
Content-Type: application/json; charset=utf-8
cache-control: no-cache
content-length: 14

17:44:12.830 [AsyncHttpClient-1-9] DEBUG org.asynchttpclient.netty.channel.ChannelManager - Adding key: http://localhost:53319 for channel [id: 0xd72c5f58, L:/127.0.0.1:57829 - R:localhost/127.0.0.1:53319]
17:44:12.834 [Forwarding findElement on session eb9910a075c48544362e904def2b31a9 to remote] DEBUG org.asynchttpclient.netty.request.NettyRequestSender - Using pooled Channel '[id: 0xd72c5f58, L:/127.0.0.1:57829 - R:localhost/127.0.0.1:53319]' for 'POST' to 'http://localhost:53319/session/eb9910a075c48544362e904def2b31a9/element'
17:44:12.834 [Forwarding findElement on session eb9910a075c48544362e904def2b31a9 to remote] DEBUG org.asynchttpclient.netty.request.NettyRequestSender - Using open Channel [id: 0xd72c5f58, L:/127.0.0.1:57829 - R:localhost/127.0.0.1:53319] for POST '/session/eb9910a075c48544362e904def2b31a9/element'
17:44:12.852 [AsyncHttpClient-1-9] DEBUG org.asynchttpclient.netty.handler.HttpHandler - 

Request DefaultHttpRequest(decodeResult: success, version: HTTP/1.1)
POST /session/eb9910a075c48544362e904def2b31a9/element HTTP/1.1
User-Agent: selenium/4.1.2 (java windows)
Content-Length: 104
Content-Type: application/json; charset=utf-8
host: localhost:53319
accept: */*

Response DefaultHttpResponse(decodeResult: success, version: HTTP/1.1)
HTTP/1.1 200 OK
Content-Type: application/json; charset=utf-8
cache-control: no-cache
content-length: 88

17:44:12.852 [AsyncHttpClient-1-9] DEBUG org.asynchttpclient.netty.channel.ChannelManager - Adding key: http://localhost:53319 for channel [id: 0xd72c5f58, L:/127.0.0.1:57829 - R:localhost/127.0.0.1:53319]
17:44:12.861 [Forwarding clickElement on session eb9910a075c48544362e904def2b31a9 to remote] DEBUG org.asynchttpclient.netty.request.NettyRequestSender - Using pooled Channel '[id: 0xd72c5f58, L:/127.0.0.1:57829 - R:localhost/127.0.0.1:53319]' for 'POST' to 'http://localhost:53319/session/eb9910a075c48544362e904def2b31a9/element/81b40ef4-8b56-4da7-8a0b-9957faefd049/click'
17:44:12.861 [Forwarding clickElement on session eb9910a075c48544362e904def2b31a9 to remote] DEBUG org.asynchttpclient.netty.request.NettyRequestSender - Using open Channel [id: 0xd72c5f58, L:/127.0.0.1:57829 - R:localhost/127.0.0.1:53319] for POST '/session/eb9910a075c48544362e904def2b31a9/element/81b40ef4-8b56-4da7-8a0b-9957faefd049/click'
17:44:12.924 [AsyncHttpClient-1-9] DEBUG org.asynchttpclient.netty.handler.HttpHandler - 

Request DefaultHttpRequest(decodeResult: success, version: HTTP/1.1)
POST /session/eb9910a075c48544362e904def2b31a9/element/81b40ef4-8b56-4da7-8a0b-9957faefd049/click HTTP/1.1
User-Agent: selenium/4.1.2 (java windows)
Content-Length: 50
Content-Type: application/json; charset=utf-8
host: localhost:53319
accept: */*

Response DefaultHttpResponse(decodeResult: success, version: HTTP/1.1)
HTTP/1.1 200 OK
Content-Type: application/json; charset=utf-8
cache-control: no-cache
content-length: 14

17:44:12.925 [AsyncHttpClient-1-9] DEBUG org.asynchttpclient.netty.channel.ChannelManager - Adding key: http://localhost:53319 for channel [id: 0xd72c5f58, L:/127.0.0.1:57829 - R:localhost/127.0.0.1:53319]
17:44:12.935 [Forwarding screenshot on session eb9910a075c48544362e904def2b31a9 to remote] DEBUG org.asynchttpclient.netty.request.NettyRequestSender - Using pooled Channel '[id: 0xd72c5f58, L:/127.0.0.1:57829 - R:localhost/127.0.0.1:53319]' for 'GET' to 'http://localhost:53319/session/eb9910a075c48544362e904def2b31a9/screenshot'
17:44:12.935 [Forwarding screenshot on session eb9910a075c48544362e904def2b31a9 to remote] DEBUG org.asynchttpclient.netty.request.NettyRequestSender - Using open Channel [id: 0xd72c5f58, L:/127.0.0.1:57829 - R:localhost/127.0.0.1:53319] for GET '/session/eb9910a075c48544362e904def2b31a9/screenshot'
17:44:13.057 [AsyncHttpClient-1-9] DEBUG org.asynchttpclient.netty.handler.HttpHandler - 

Request DefaultFullHttpRequest(decodeResult: success, version: HTTP/1.1, content: EmptyByteBufBE)
GET /session/eb9910a075c48544362e904def2b31a9/screenshot HTTP/1.1
User-Agent: selenium/4.1.2 (java windows)
Cache-Control: no-cache
Content-Type: application/json; charset=utf-8
host: localhost:53319
accept: */*

Response DefaultHttpResponse(decodeResult: success, version: HTTP/1.1)
HTTP/1.1 200 OK
Content-Type: application/json; charset=utf-8
cache-control: no-cache
content-length: 88772

17:44:13.059 [AsyncHttpClient-1-9] DEBUG org.asynchttpclient.netty.channel.ChannelManager - Adding key: http://localhost:53319 for channel [id: 0xd72c5f58, L:/127.0.0.1:57829 - R:localhost/127.0.0.1:53319]
17:44:13.064 [main] DEBUG net.serenitybdd.core.photography.Darkroom - Send negative for processing for target\site\serenity\5479e1d2f74bd1ad38b33561f4a956359f68fd0c08251c6635b956e366236026.png
17:44:13.064 [main] DEBUG net.thucydides.core.steps.StepInterceptor - STEP DONE: clickDeleteDoctorButton
  &amp#27;[32mAnd &amp#27;[0m&amp#27;[32mI click Delete button for Delete Doctor Message&amp#27;[0m &amp#27;[90m# starter.stepdefinitions.DoctorSteps.iClickDeleteDoctorFormDeleteButton()&amp#27;[0m
17:44:13.065 [Darkroom Processing Line] DEBUG net.serenitybdd.core.photography.DarkroomProcessingLine - Processing screenshot image in /var/screenshots/screenshot-7474073287967023116
17:44:13.065 [Darkroom Processing Line] DEBUG net.serenitybdd.core.photography.DarkroomProcessingLine - Saving screenshot to target\site\serenity\5479e1d2f74bd1ad38b33561f4a956359f68fd0c08251c6635b956e366236026.png
17:44:13.078 [Forwarding findElement on session eb9910a075c48544362e904def2b31a9 to remote] DEBUG org.asynchttpclient.netty.request.NettyRequestSender - Using pooled Channel '[id: 0xd72c5f58, L:/127.0.0.1:57829 - R:localhost/127.0.0.1:53319]' for 'POST' to 'http://localhost:53319/session/eb9910a075c48544362e904def2b31a9/element'
17:44:13.078 [Forwarding findElement on session eb9910a075c48544362e904def2b31a9 to remote] DEBUG org.asynchttpclient.netty.request.NettyRequestSender - Using open Channel [id: 0xd72c5f58, L:/127.0.0.1:57829 - R:localhost/127.0.0.1:53319] for POST '/session/eb9910a075c48544362e904def2b31a9/element'
17:44:13.094 [AsyncHttpClient-1-9] DEBUG org.asynchttpclient.netty.handler.HttpHandler - 

Request DefaultHttpRequest(decodeResult: success, version: HTTP/1.1)
POST /session/eb9910a075c48544362e904def2b31a9/element HTTP/1.1
User-Agent: selenium/4.1.2 (java windows)
Content-Length: 78
Content-Type: application/json; charset=utf-8
host: localhost:53319
accept: */*

Response DefaultHttpResponse(decodeResult: success, version: HTTP/1.1)
HTTP/1.1 200 OK
Content-Type: application/json; charset=utf-8
cache-control: no-cache
content-length: 88

17:44:13.094 [AsyncHttpClient-1-9] DEBUG org.asynchttpclient.netty.channel.ChannelManager - Adding key: http://localhost:53319 for channel [id: 0xd72c5f58, L:/127.0.0.1:57829 - R:localhost/127.0.0.1:53319]
17:44:13.097 [Forwarding isElementDisplayed on session eb9910a075c48544362e904def2b31a9 to remote] DEBUG org.asynchttpclient.netty.request.NettyRequestSender - Using pooled Channel '[id: 0xd72c5f58, L:/127.0.0.1:57829 - R:localhost/127.0.0.1:53319]' for 'POST' to 'http://localhost:53319/session/eb9910a075c48544362e904def2b31a9/execute/sync'
17:44:13.098 [Forwarding isElementDisplayed on session eb9910a075c48544362e904def2b31a9 to remote] DEBUG org.asynchttpclient.netty.request.NettyRequestSender - Using open Channel [id: 0xd72c5f58, L:/127.0.0.1:57829 - R:localhost/127.0.0.1:53319] for POST '/session/eb9910a075c48544362e904def2b31a9/execute/sync'
17:44:13.118 [AsyncHttpClient-1-9] DEBUG org.asynchttpclient.netty.handler.HttpHandler - 

Request DefaultHttpRequest(decodeResult: success, version: HTTP/1.1)
POST /session/eb9910a075c48544362e904def2b31a9/execute/sync HTTP/1.1
User-Agent: selenium/4.1.2 (java windows)
Content-Length: 48780
Content-Type: application/json; charset=utf-8
host: localhost:53319
accept: */*

Response DefaultHttpResponse(decodeResult: success, version: HTTP/1.1)
HTTP/1.1 200 OK
Content-Type: application/json; charset=utf-8
cache-control: no-cache
content-length: 15

17:44:13.118 [AsyncHttpClient-1-9] DEBUG org.asynchttpclient.netty.channel.ChannelManager - Adding key: http://localhost:53319 for channel [id: 0xd72c5f58, L:/127.0.0.1:57829 - R:localhost/127.0.0.1:53319]
  &amp#27;[32mThen &amp#27;[0m&amp#27;[32mI validate Doctor data is gone&amp#27;[0m                 &amp#27;[90m# starter.stepdefinitions.DoctorSteps.iValidateDoctorDataIsGone()&amp#27;[0m
17:44:13.124 [Forwarding screenshot on session eb9910a075c48544362e904def2b31a9 to remote] DEBUG org.asynchttpclient.netty.request.NettyRequestSender - Using pooled Channel '[id: 0xd72c5f58, L:/127.0.0.1:57829 - R:localhost/127.0.0.1:53319]' for 'GET' to 'http://localhost:53319/session/eb9910a075c48544362e904def2b31a9/screenshot'
17:44:13.124 [Forwarding screenshot on session eb9910a075c48544362e904def2b31a9 to remote] DEBUG org.asynchttpclient.netty.request.NettyRequestSender - Using open Channel [id: 0xd72c5f58, L:/127.0.0.1:57829 - R:localhost/127.0.0.1:53319] for GET '/session/eb9910a075c48544362e904def2b31a9/screenshot'
17:44:13.201 [AsyncHttpClient-1-1] DEBUG org.asynchttpclient.netty.channel.DefaultChannelPool - Entry count for : http://localhost:57831 : 1
17:44:13.238 [AsyncHttpClient-1-9] DEBUG org.asynchttpclient.netty.handler.HttpHandler - 

Request DefaultFullHttpRequest(decodeResult: success, version: HTTP/1.1, content: EmptyByteBufBE)
GET /session/eb9910a075c48544362e904def2b31a9/screenshot HTTP/1.1
User-Agent: selenium/4.1.2 (java windows)
Cache-Control: no-cache
Content-Type: application/json; charset=utf-8
host: localhost:53319
accept: */*

Response DefaultHttpResponse(decodeResult: success, version: HTTP/1.1)
HTTP/1.1 200 OK
Content-Type: application/json; charset=utf-8
cache-control: no-cache
content-length: 88204

17:44:13.238 [AsyncHttpClient-1-9] DEBUG org.asynchttpclient.netty.channel.ChannelManager - Adding key: http://localhost:53319 for channel [id: 0xd72c5f58, L:/127.0.0.1:57829 - R:localhost/127.0.0.1:53319]
17:44:13.243 [main] DEBUG net.serenitybdd.core.photography.Darkroom - Send negative for processing for target\site\serenity\400b04857a013b913a312db537a229d2fbdbacdd9c240736f75540b13569550d.png
17:44:13.243 [Darkroom Processing Line] DEBUG net.serenitybdd.core.photography.DarkroomProcessingLine - Processing screenshot image in /var/screenshots/screenshot-10039164743164629043
17:44:13.243 [Darkroom Processing Line] DEBUG net.serenitybdd.core.photography.DarkroomProcessingLine - Saving screenshot to target\site\serenity\400b04857a013b913a312db537a229d2fbdbacdd9c240736f75540b13569550d.png
17:44:13.244 [main] INFO  - 
  _____   ___   ___   _____     ___     _     ___   ___   ___   ___  
 |_   _| | __| / __| |_   _|   | _ \   /_\   / __| / __| | __| |   \ 
   | |   | _|  \__ \   | |     |  _/  / _ \  \__ \ \__ \ | _|  | |) |
   |_|   |___| |___/   |_|     |_|   /_/ \_\ |___/ |___/ |___| |___/ 

Delete Doctor Data Scenario
----------------------------------------------------------------------
17:44:13.246 [AsyncHttpClient-1-3] DEBUG org.asynchttpclient.netty.handler.WebSocketHandler - Channel Closed: [id: 0xc296083f, L:/127.0.0.1:57838 ! R:localhost/127.0.0.1:57831] with attribute NettyResponseFuture{currentRetry=5,
	isDone=1,
	isCancelled=0,
	asyncHandler=org.asynchttpclient.ws.WebSocketUpgradeHandler@1d2a2829,
	nettyRequest=org.asynchttpclient.netty.request.NettyRequest@6bc237ae,
	future=java.util.concurrent.CompletableFuture@21ff0d1c[Completed normally],
	uri=ws://localhost:57831/devtools/browser/bba3c166-0e03-454c-be23-e51dc08e5428,
	keepAlive=true,
	redirectCount=0,
	timeoutsHolder=null,
	inAuth=0,
	touch=1655549046709}
17:44:13.246 [AsyncHttpClient-1-3] DEBUG org.asynchttpclient.netty.channel.ChannelManager - Closing Channel [id: 0xc296083f, L:/127.0.0.1:57838 ! R:localhost/127.0.0.1:57831] 
17:44:13.246 [Driver Command Executor] DEBUG org.asynchttpclient.netty.request.NettyRequestSender - Using pooled Channel '[id: 0xd72c5f58, L:/127.0.0.1:57829 - R:localhost/127.0.0.1:53319]' for 'DELETE' to 'http://localhost:53319/session/eb9910a075c48544362e904def2b31a9'
17:44:13.246 [Driver Command Executor] DEBUG org.asynchttpclient.netty.request.NettyRequestSender - Using open Channel [id: 0xd72c5f58, L:/127.0.0.1:57829 - R:localhost/127.0.0.1:53319] for DELETE '/session/eb9910a075c48544362e904def2b31a9'
17:44:13.276 [AsyncHttpClient-1-2] DEBUG org.asynchttpclient.netty.handler.HttpHandler - Unexpected I/O exception on channel [id: 0x3cd0aeb5, L:/127.0.0.1:57837 - R:localhost/127.0.0.1:57831]
java.net.SocketException: Connection reset
	at java.base/sun.nio.ch.SocketChannelImpl.throwConnectionReset(SocketChannelImpl.java:367)
	at java.base/sun.nio.ch.SocketChannelImpl.read(SocketChannelImpl.java:398)
	at io.netty.buffer.PooledByteBuf.setBytes(PooledByteBuf.java:258)
	at io.netty.buffer.AbstractByteBuf.writeBytes(AbstractByteBuf.java:1132)
	at io.netty.channel.socket.nio.NioSocketChannel.doReadBytes(NioSocketChannel.java:350)
	at io.netty.channel.nio.AbstractNioByteChannel$NioByteUnsafe.read(AbstractNioByteChannel.java:151)
	at io.netty.channel.nio.NioEventLoop.processSelectedKey(NioEventLoop.java:722)
	at io.netty.channel.nio.NioEventLoop.processSelectedKeysOptimized(NioEventLoop.java:658)
	at io.netty.channel.nio.NioEventLoop.processSelectedKeys(NioEventLoop.java:584)
	at io.netty.channel.nio.NioEventLoop.run(NioEventLoop.java:496)
	at io.netty.util.concurrent.SingleThreadEventExecutor$4.run(SingleThreadEventExecutor.java:986)
	at io.netty.util.internal.ThreadExecutorMap$2.run(ThreadExecutorMap.java:74)
	at io.netty.util.concurrent.FastThreadLocalRunnable.run(FastThreadLocalRunnable.java:30)
	at java.base/java.lang.Thread.run(Thread.java:832)
17:44:13.276 [AsyncHttpClient-1-2] DEBUG org.asynchttpclient.netty.channel.ChannelManager - Closing Channel [id: 0x3cd0aeb5, L:/127.0.0.1:57837 - R:localhost/127.0.0.1:57831] 
17:44:13.276 [AsyncHttpClient-1-2] DEBUG org.asynchttpclient.netty.handler.HttpHandler - Channel Closed: [id: 0x3cd0aeb5, L:/127.0.0.1:57837 ! R:localhost/127.0.0.1:57831] with attribute DISCARD
17:44:13.299 [AsyncHttpClient-1-9] DEBUG org.asynchttpclient.netty.handler.HttpHandler - 

Request DefaultFullHttpRequest(decodeResult: success, version: HTTP/1.1, content: EmptyByteBufBE)
DELETE /session/eb9910a075c48544362e904def2b31a9 HTTP/1.1
User-Agent: selenium/4.1.2 (java windows)
Content-Type: application/json; charset=utf-8
host: localhost:53319
accept: */*

Response DefaultHttpResponse(decodeResult: success, version: HTTP/1.1)
HTTP/1.1 200 OK
Content-Type: application/json; charset=utf-8
cache-control: no-cache
content-length: 14

17:44:13.304 [AsyncHttpClient-1-9] DEBUG org.asynchttpclient.netty.channel.ChannelManager - Adding key: http://localhost:53319 for channel [id: 0xd72c5f58, L:/127.0.0.1:57829 - R:localhost/127.0.0.1:53319]
17:44:13.443 [AsyncHttpClient-1-9] DEBUG org.asynchttpclient.netty.handler.HttpHandler - Channel Closed: [id: 0xd72c5f58, L:/127.0.0.1:57829 ! R:localhost/127.0.0.1:53319] with attribute DISCARD
]]></system-out>
    <system-err><![CDATA[Starting ChromeDriver 102.0.5005.61 (0e59bcc00cc4985ce39ad31c150065f159d95ad3-refs/branch-heads/5005@{#819}) on port 53319
Only local connections are allowed.
Please see https://chromedriver.chromium.org/security-considerations for suggestions on keeping ChromeDriver safe.
ChromeDriver was started successfully.
Jun 18, 2022 5:44:06 PM org.openqa.selenium.remote.ProtocolHandshake createSession
INFO: Detected dialect: W3C
Jun 18, 2022 5:44:06 PM org.openqa.selenium.devtools.CdpVersionFinder findNearestMatch
WARNING: Unable to find an exact match for CDP version 102, so returning the closest version found: a no-op implementation
Jun 18, 2022 5:44:06 PM org.openqa.selenium.devtools.CdpVersionFinder findNearestMatch
INFO: Unable to find CDP implementation matching 102.
Jun 18, 2022 5:44:06 PM org.openqa.selenium.chromium.ChromiumDriver lambda$new$3
WARNING: Unable to find version of CDP to use for . You may need to include a dependency on a specific version of the CDP using something similar to `org.seleniumhq.selenium:selenium-devtools-v86:4.1.2` where the version ("v86") matches the version of the chromium-based browser you're using and the version number of the artifact is the same as Selenium's.
]]></system-err>
  </testcase>
  <testcase name="Cancel Delete Doctor Data Scenario" classname="Doctor" time="9.002">
    <system-out><![CDATA[
@Doctor
Scenario: Cancel Delete Doctor Data Scenario           &amp#27;[90m# src/test/resources/features/3.Doctor.feature:44&amp#27;[0m
17:44:13.984 [main] INFO io.cucumber.core.plugin.SerenityReporter - Running feature from file:///E:/My%20Documents/File%20Difa/TI%20Semester%206%20Kampus%20Merdeka%20Alterra/Tugas/CAPSTONE%20Project/Capstone-Project-Website/src/test/resources/features/3.Doctor.feature
17:44:13.990 [main] INFO  - 
  _____   ___   ___   _____     ___   _____     _     ___   _____   ___   ___  
 |_   _| | __| / __| |_   _|   / __| |_   _|   /_\   | _ \ |_   _| | __| |   \ 
   | |   | _|  \__ \   | |     \__ \   | |    / _ \  |   /   | |   | _|  | |) |
   |_|   |___| |___/   |_|     |___/   |_|   /_/ \_\ |_|_\   |_|   |___| |___/ 

Cancel Delete Doctor Data Scenario(doctor;cancel-delete-doctor-data-scenario)
--------------------------------------------------------------------------------
17:44:14.016 [main] DEBUG net.thucydides.core.steps.StepInterceptor - STARTING STEP: PatientSteps.iAmAtTheDashboardPage - openUrl
17:44:14.017 [main] INFO net.serenitybdd.core.webdriver.driverproviders.ChromeDriverProvider - Using automatically driver download
17:44:14.182 [main] DEBUG io.github.bonigarcia.wdm.cache.ResolutionCache - Resolution chrome=102 in cache (valid until 18:14:23 18/06/2022 ICT)
17:44:14.185 [main] DEBUG io.github.bonigarcia.wdm.cache.ResolutionCache - Resolution chrome102=102.0.5005.61 in cache (valid until 17:29:52 19/06/2022 ICT)
17:44:14.186 [main] INFO io.github.bonigarcia.wdm.WebDriverManager - Using chromedriver 102.0.5005.61 (resolved driver for Chrome 102)
17:44:14.194 [main] DEBUG io.github.bonigarcia.wdm.WebDriverManager - Driver chromedriver 102.0.5005.61 found in cache
17:44:14.195 [main] INFO io.github.bonigarcia.wdm.WebDriverManager - Exporting webdriver.chrome.driver as C:\Users\USER\.cache\selenium\chromedriver\win32\102.0.5005.61\chromedriver.exe
17:44:14.301 [AsyncHttpClient-1-1] DEBUG org.asynchttpclient.netty.channel.DefaultChannelPool - Entry count for : http://localhost:57831 : 1
17:44:14.301 [AsyncHttpClient-1-1] DEBUG org.asynchttpclient.netty.channel.DefaultChannelPool - Entry count for : http://localhost:53319 : 1
17:44:14.301 [AsyncHttpClient-1-1] DEBUG org.asynchttpclient.netty.channel.DefaultChannelPool - Adding Candidate expired Channel [id: 0x3cd0aeb5, L:/127.0.0.1:57837 ! R:localhost/127.0.0.1:57831] isIdleTimeoutExpired=false isRemotelyClosed=true isTtlExpired=false
17:44:14.301 [AsyncHttpClient-1-1] DEBUG org.asynchttpclient.netty.channel.DefaultChannelPool - Closing Idle Channel [id: 0x3cd0aeb5, L:/127.0.0.1:57837 ! R:localhost/127.0.0.1:57831]
17:44:14.301 [AsyncHttpClient-1-1] DEBUG org.asynchttpclient.netty.channel.DefaultChannelPool - Adding Candidate expired Channel [id: 0xd72c5f58, L:/127.0.0.1:57829 ! R:localhost/127.0.0.1:53319] isIdleTimeoutExpired=false isRemotelyClosed=true isTtlExpired=false
17:44:14.301 [AsyncHttpClient-1-1] DEBUG org.asynchttpclient.netty.channel.DefaultChannelPool - Closing Idle Channel [id: 0xd72c5f58, L:/127.0.0.1:57829 ! R:localhost/127.0.0.1:53319]
17:44:14.301 [AsyncHttpClient-1-1] DEBUG org.asynchttpclient.netty.channel.DefaultChannelPool - Closed 2 connections out of 2 in 0 ms
17:44:14.339 [main] DEBUG net.serenitybdd.core.webdriver.driverproviders.ProvideNewDriver - Instantiating driver
17:44:14.339 [main] DEBUG net.serenitybdd.core.webdriver.driverproviders.ProvideNewDriver - Driver capabilities: Capabilities {acceptInsecureCerts: false, base.url: https://hospital-management..., browserName: chrome, chrome.driver: src/test/resources/webdrive..., driver: chrome, goog:chromeOptions: {args: [], extensions: []}}
17:44:14.878 [AsyncHttpClient-1-4] DEBUG org.asynchttpclient.netty.channel.NettyConnectListener - Using new Channel '[id: 0x414bdbbb, L:/127.0.0.1:57863 - R:localhost/127.0.0.1:59540]' for 'POST' to '/session'
17:44:15.999 [AsyncHttpClient-1-4] DEBUG org.asynchttpclient.netty.handler.HttpHandler - 

Request DefaultHttpRequest(decodeResult: success, version: HTTP/1.1)
POST /session HTTP/1.1
User-Agent: selenium/4.1.2 (java windows)
Content-Length: 621
Content-Type: application/json; charset=utf-8
host: localhost:59540
accept: */*

Response DefaultHttpResponse(decodeResult: success, version: HTTP/1.1)
HTTP/1.1 200 OK
Content-Type: application/json; charset=utf-8
cache-control: no-cache
content-length: 789

17:44:15.999 [AsyncHttpClient-1-4] DEBUG org.asynchttpclient.netty.channel.ChannelManager - Adding key: http://localhost:59540 for channel [id: 0x414bdbbb, L:/127.0.0.1:57863 - R:localhost/127.0.0.1:59540]
17:44:16.018 [AsyncHttpClient-1-5] DEBUG org.asynchttpclient.netty.channel.NettyConnectListener - Using new Channel '[id: 0xce91ec05, L:/127.0.0.1:57870 - R:localhost/127.0.0.1:57865]' for 'GET' to '/json/version'
17:44:16.022 [AsyncHttpClient-1-5] DEBUG org.asynchttpclient.netty.handler.HttpHandler - 

Request DefaultFullHttpRequest(decodeResult: success, version: HTTP/1.1, content: EmptyByteBufBE)
GET /json/version HTTP/1.1
User-Agent: selenium/4.1.2 (java windows)
host: localhost:57865
accept: */*

Response DefaultHttpResponse(decodeResult: success, version: HTTP/1.1)
HTTP/1.1 200 OK
Content-Type: application/json; charset=UTF-8
content-length: 427

17:44:16.023 [AsyncHttpClient-1-5] DEBUG org.asynchttpclient.netty.channel.ChannelManager - Adding key: http://localhost:57865 for channel [id: 0xce91ec05, L:/127.0.0.1:57870 - R:localhost/127.0.0.1:57865]
17:44:16.030 [AsyncHttpClient-1-6] DEBUG org.asynchttpclient.netty.channel.NettyConnectListener - Using new Channel '[id: 0x94a34121, L:/127.0.0.1:57871 - R:localhost/127.0.0.1:57865]' for 'GET' to '/devtools/browser/10d959cc-c347-4de7-9004-d2a4661537d1'
17:44:16.031 [AsyncHttpClient-1-6] DEBUG org.asynchttpclient.netty.handler.WebSocketHandler - 

Request DefaultFullHttpRequest(decodeResult: success, version: HTTP/1.1, content: EmptyByteBufBE)
GET /devtools/browser/10d959cc-c347-4de7-9004-d2a4661537d1 HTTP/1.1
upgrade: websocket
connection: upgrade
sec-websocket-key: kZ9AIHPlaUZ4qXKMhv67GQ==
sec-websocket-version: 13
origin: http://localhost:57865
host: localhost:57865
accept: */*
user-agent: AHC/2.1

Response DefaultHttpResponse(decodeResult: success, version: HTTP/1.1)
HTTP/1.1 101 WebSocket Protocol Handshake
Upgrade: WebSocket
Connection: Upgrade
Sec-WebSocket-Accept: t5NTW9seVXDiEYpyF9kI4kzAXx8=

17:44:16.036 [Forwarding maximizeCurrentWindow on session 1c56d2df159a7dfcaadd830bb4ea5540 to remote] DEBUG org.asynchttpclient.netty.request.NettyRequestSender - Using pooled Channel '[id: 0x414bdbbb, L:/127.0.0.1:57863 - R:localhost/127.0.0.1:59540]' for 'POST' to 'http://localhost:59540/session/1c56d2df159a7dfcaadd830bb4ea5540/window/maximize'
17:44:16.036 [Forwarding maximizeCurrentWindow on session 1c56d2df159a7dfcaadd830bb4ea5540 to remote] DEBUG org.asynchttpclient.netty.request.NettyRequestSender - Using open Channel [id: 0x414bdbbb, L:/127.0.0.1:57863 - R:localhost/127.0.0.1:59540] for POST '/session/1c56d2df159a7dfcaadd830bb4ea5540/window/maximize'
17:44:16.155 [AsyncHttpClient-1-4] DEBUG org.asynchttpclient.netty.handler.HttpHandler - 

Request DefaultHttpRequest(decodeResult: success, version: HTTP/1.1)
POST /session/1c56d2df159a7dfcaadd830bb4ea5540/window/maximize HTTP/1.1
User-Agent: selenium/4.1.2 (java windows)
Content-Length: 3
Content-Type: application/json; charset=utf-8
host: localhost:59540
accept: */*

Response DefaultHttpResponse(decodeResult: success, version: HTTP/1.1)
HTTP/1.1 200 OK
Content-Type: application/json; charset=utf-8
cache-control: no-cache
content-length: 51

17:44:16.155 [AsyncHttpClient-1-4] DEBUG org.asynchttpclient.netty.channel.ChannelManager - Adding key: http://localhost:59540 for channel [id: 0x414bdbbb, L:/127.0.0.1:57863 - R:localhost/127.0.0.1:59540]
17:44:16.158 [Forwarding get on session 1c56d2df159a7dfcaadd830bb4ea5540 to remote] DEBUG org.asynchttpclient.netty.request.NettyRequestSender - Using pooled Channel '[id: 0x414bdbbb, L:/127.0.0.1:57863 - R:localhost/127.0.0.1:59540]' for 'POST' to 'http://localhost:59540/session/1c56d2df159a7dfcaadd830bb4ea5540/url'
17:44:16.158 [Forwarding get on session 1c56d2df159a7dfcaadd830bb4ea5540 to remote] DEBUG org.asynchttpclient.netty.request.NettyRequestSender - Using open Channel [id: 0x414bdbbb, L:/127.0.0.1:57863 - R:localhost/127.0.0.1:59540] for POST '/session/1c56d2df159a7dfcaadd830bb4ea5540/url'
17:44:16.501 [AsyncHttpClient-1-1] DEBUG org.asynchttpclient.netty.channel.DefaultChannelPool - Entry count for : http://localhost:57865 : 1
17:44:17.600 [AsyncHttpClient-1-1] DEBUG org.asynchttpclient.netty.channel.DefaultChannelPool - Entry count for : http://localhost:57865 : 1
17:44:18.702 [AsyncHttpClient-1-1] DEBUG org.asynchttpclient.netty.channel.DefaultChannelPool - Entry count for : http://localhost:57865 : 1
17:44:19.593 [AsyncHttpClient-1-4] DEBUG org.asynchttpclient.netty.handler.HttpHandler - 

Request DefaultHttpRequest(decodeResult: success, version: HTTP/1.1)
POST /session/1c56d2df159a7dfcaadd830bb4ea5540/url HTTP/1.1
User-Agent: selenium/4.1.2 (java windows)
Content-Length: 65
Content-Type: application/json; charset=utf-8
host: localhost:59540
accept: */*

Response DefaultHttpResponse(decodeResult: success, version: HTTP/1.1)
HTTP/1.1 200 OK
Content-Type: application/json; charset=utf-8
cache-control: no-cache
content-length: 14

17:44:19.593 [AsyncHttpClient-1-4] DEBUG org.asynchttpclient.netty.channel.ChannelManager - Adding key: http://localhost:59540 for channel [id: 0x414bdbbb, L:/127.0.0.1:57863 - R:localhost/127.0.0.1:59540]
17:44:19.595 [Forwarding setTimeout on session 1c56d2df159a7dfcaadd830bb4ea5540 to remote] DEBUG org.asynchttpclient.netty.request.NettyRequestSender - Using pooled Channel '[id: 0x414bdbbb, L:/127.0.0.1:57863 - R:localhost/127.0.0.1:59540]' for 'POST' to 'http://localhost:59540/session/1c56d2df159a7dfcaadd830bb4ea5540/timeouts'
17:44:19.595 [Forwarding setTimeout on session 1c56d2df159a7dfcaadd830bb4ea5540 to remote] DEBUG org.asynchttpclient.netty.request.NettyRequestSender - Using open Channel [id: 0x414bdbbb, L:/127.0.0.1:57863 - R:localhost/127.0.0.1:59540] for POST '/session/1c56d2df159a7dfcaadd830bb4ea5540/timeouts'
17:44:19.597 [AsyncHttpClient-1-4] DEBUG org.asynchttpclient.netty.handler.HttpHandler - 

Request DefaultHttpRequest(decodeResult: success, version: HTTP/1.1)
POST /session/1c56d2df159a7dfcaadd830bb4ea5540/timeouts HTTP/1.1
User-Agent: selenium/4.1.2 (java windows)
Content-Length: 22
Content-Type: application/json; charset=utf-8
host: localhost:59540
accept: */*

Response DefaultHttpResponse(decodeResult: success, version: HTTP/1.1)
HTTP/1.1 200 OK
Content-Type: application/json; charset=utf-8
cache-control: no-cache
content-length: 14

17:44:19.597 [AsyncHttpClient-1-4] DEBUG org.asynchttpclient.netty.channel.ChannelManager - Adding key: http://localhost:59540 for channel [id: 0x414bdbbb, L:/127.0.0.1:57863 - R:localhost/127.0.0.1:59540]
17:44:19.602 [Forwarding getCurrentUrl on session 1c56d2df159a7dfcaadd830bb4ea5540 to remote] DEBUG org.asynchttpclient.netty.request.NettyRequestSender - Using pooled Channel '[id: 0x414bdbbb, L:/127.0.0.1:57863 - R:localhost/127.0.0.1:59540]' for 'GET' to 'http://localhost:59540/session/1c56d2df159a7dfcaadd830bb4ea5540/url'
17:44:19.602 [Forwarding getCurrentUrl on session 1c56d2df159a7dfcaadd830bb4ea5540 to remote] DEBUG org.asynchttpclient.netty.request.NettyRequestSender - Using open Channel [id: 0x414bdbbb, L:/127.0.0.1:57863 - R:localhost/127.0.0.1:59540] for GET '/session/1c56d2df159a7dfcaadd830bb4ea5540/url'
17:44:19.611 [AsyncHttpClient-1-4] DEBUG org.asynchttpclient.netty.handler.HttpHandler - 

Request DefaultFullHttpRequest(decodeResult: success, version: HTTP/1.1, content: EmptyByteBufBE)
GET /session/1c56d2df159a7dfcaadd830bb4ea5540/url HTTP/1.1
User-Agent: selenium/4.1.2 (java windows)
Cache-Control: no-cache
Content-Type: application/json; charset=utf-8
host: localhost:59540
accept: */*

Response DefaultHttpResponse(decodeResult: success, version: HTTP/1.1)
HTTP/1.1 200 OK
Content-Type: application/json; charset=utf-8
cache-control: no-cache
content-length: 53

17:44:19.611 [AsyncHttpClient-1-4] DEBUG org.asynchttpclient.netty.channel.ChannelManager - Adding key: http://localhost:59540 for channel [id: 0x414bdbbb, L:/127.0.0.1:57863 - R:localhost/127.0.0.1:59540]
17:44:19.616 [Forwarding getCurrentUrl on session 1c56d2df159a7dfcaadd830bb4ea5540 to remote] DEBUG org.asynchttpclient.netty.request.NettyRequestSender - Using pooled Channel '[id: 0x414bdbbb, L:/127.0.0.1:57863 - R:localhost/127.0.0.1:59540]' for 'GET' to 'http://localhost:59540/session/1c56d2df159a7dfcaadd830bb4ea5540/url'
17:44:19.616 [Forwarding getCurrentUrl on session 1c56d2df159a7dfcaadd830bb4ea5540 to remote] DEBUG org.asynchttpclient.netty.request.NettyRequestSender - Using open Channel [id: 0x414bdbbb, L:/127.0.0.1:57863 - R:localhost/127.0.0.1:59540] for GET '/session/1c56d2df159a7dfcaadd830bb4ea5540/url'
17:44:19.621 [AsyncHttpClient-1-4] DEBUG org.asynchttpclient.netty.handler.HttpHandler - 

Request DefaultFullHttpRequest(decodeResult: success, version: HTTP/1.1, content: EmptyByteBufBE)
GET /session/1c56d2df159a7dfcaadd830bb4ea5540/url HTTP/1.1
User-Agent: selenium/4.1.2 (java windows)
Cache-Control: no-cache
Content-Type: application/json; charset=utf-8
host: localhost:59540
accept: */*

Response DefaultHttpResponse(decodeResult: success, version: HTTP/1.1)
HTTP/1.1 200 OK
Content-Type: application/json; charset=utf-8
cache-control: no-cache
content-length: 53

17:44:19.621 [AsyncHttpClient-1-4] DEBUG org.asynchttpclient.netty.channel.ChannelManager - Adding key: http://localhost:59540 for channel [id: 0x414bdbbb, L:/127.0.0.1:57863 - R:localhost/127.0.0.1:59540]
17:44:19.631 [Forwarding screenshot on session 1c56d2df159a7dfcaadd830bb4ea5540 to remote] DEBUG org.asynchttpclient.netty.request.NettyRequestSender - Using pooled Channel '[id: 0x414bdbbb, L:/127.0.0.1:57863 - R:localhost/127.0.0.1:59540]' for 'GET' to 'http://localhost:59540/session/1c56d2df159a7dfcaadd830bb4ea5540/screenshot'
17:44:19.631 [Forwarding screenshot on session 1c56d2df159a7dfcaadd830bb4ea5540 to remote] DEBUG org.asynchttpclient.netty.request.NettyRequestSender - Using open Channel [id: 0x414bdbbb, L:/127.0.0.1:57863 - R:localhost/127.0.0.1:59540] for GET '/session/1c56d2df159a7dfcaadd830bb4ea5540/screenshot'
17:44:19.801 [AsyncHttpClient-1-1] DEBUG org.asynchttpclient.netty.channel.DefaultChannelPool - Entry count for : http://localhost:57865 : 1
17:44:19.946 [AsyncHttpClient-1-4] DEBUG org.asynchttpclient.netty.handler.HttpHandler - 

Request DefaultFullHttpRequest(decodeResult: success, version: HTTP/1.1, content: EmptyByteBufBE)
GET /session/1c56d2df159a7dfcaadd830bb4ea5540/screenshot HTTP/1.1
User-Agent: selenium/4.1.2 (java windows)
Cache-Control: no-cache
Content-Type: application/json; charset=utf-8
host: localhost:59540
accept: */*

Response DefaultHttpResponse(decodeResult: success, version: HTTP/1.1)
HTTP/1.1 200 OK
Content-Type: application/json; charset=utf-8
cache-control: no-cache
content-length: 382596

17:44:19.949 [AsyncHttpClient-1-4] DEBUG org.asynchttpclient.netty.channel.ChannelManager - Adding key: http://localhost:59540 for channel [id: 0x414bdbbb, L:/127.0.0.1:57863 - R:localhost/127.0.0.1:59540]
17:44:19.978 [main] DEBUG net.serenitybdd.core.photography.Darkroom - Send negative for processing for target\site\serenity\ed15a54c91c342d96a850276df7b559f4526b370fc93040e3c407a48a170f368.png
17:44:19.978 [main] DEBUG net.thucydides.core.steps.StepInterceptor - STEP DONE: openUrl
17:44:19.999 [main] DEBUG net.thucydides.core.steps.StepInterceptor - STARTING STEP: PatientSteps.iAmAtTheDashboardPage - validateOnDashboardPage
17:44:20.001 [Forwarding findElement on session 1c56d2df159a7dfcaadd830bb4ea5540 to remote] DEBUG org.asynchttpclient.netty.request.NettyRequestSender - Using pooled Channel '[id: 0x414bdbbb, L:/127.0.0.1:57863 - R:localhost/127.0.0.1:59540]' for 'POST' to 'http://localhost:59540/session/1c56d2df159a7dfcaadd830bb4ea5540/element'
17:44:20.001 [Forwarding findElement on session 1c56d2df159a7dfcaadd830bb4ea5540 to remote] DEBUG org.asynchttpclient.netty.request.NettyRequestSender - Using open Channel [id: 0x414bdbbb, L:/127.0.0.1:57863 - R:localhost/127.0.0.1:59540] for POST '/session/1c56d2df159a7dfcaadd830bb4ea5540/element'
17:44:20.042 [AsyncHttpClient-1-4] DEBUG org.asynchttpclient.netty.handler.HttpHandler - 

Request DefaultHttpRequest(decodeResult: success, version: HTTP/1.1)
POST /session/1c56d2df159a7dfcaadd830bb4ea5540/element HTTP/1.1
User-Agent: selenium/4.1.2 (java windows)
Content-Length: 81
Content-Type: application/json; charset=utf-8
host: localhost:59540
accept: */*

Response DefaultHttpResponse(decodeResult: success, version: HTTP/1.1)
HTTP/1.1 200 OK
Content-Type: application/json; charset=utf-8
cache-control: no-cache
content-length: 88

17:44:20.042 [AsyncHttpClient-1-4] DEBUG org.asynchttpclient.netty.channel.ChannelManager - Adding key: http://localhost:59540 for channel [id: 0x414bdbbb, L:/127.0.0.1:57863 - R:localhost/127.0.0.1:59540]
17:44:20.047 [Forwarding isElementDisplayed on session 1c56d2df159a7dfcaadd830bb4ea5540 to remote] DEBUG org.asynchttpclient.netty.request.NettyRequestSender - Using pooled Channel '[id: 0x414bdbbb, L:/127.0.0.1:57863 - R:localhost/127.0.0.1:59540]' for 'POST' to 'http://localhost:59540/session/1c56d2df159a7dfcaadd830bb4ea5540/execute/sync'
17:44:20.047 [Forwarding isElementDisplayed on session 1c56d2df159a7dfcaadd830bb4ea5540 to remote] DEBUG org.asynchttpclient.netty.request.NettyRequestSender - Using open Channel [id: 0x414bdbbb, L:/127.0.0.1:57863 - R:localhost/127.0.0.1:59540] for POST '/session/1c56d2df159a7dfcaadd830bb4ea5540/execute/sync'
17:44:20.089 [AsyncHttpClient-1-4] DEBUG org.asynchttpclient.netty.handler.HttpHandler - 

Request DefaultHttpRequest(decodeResult: success, version: HTTP/1.1)
POST /session/1c56d2df159a7dfcaadd830bb4ea5540/execute/sync HTTP/1.1
User-Agent: selenium/4.1.2 (java windows)
Content-Length: 48780
Content-Type: application/json; charset=utf-8
host: localhost:59540
accept: */*

Response DefaultHttpResponse(decodeResult: success, version: HTTP/1.1)
HTTP/1.1 200 OK
Content-Type: application/json; charset=utf-8
cache-control: no-cache
content-length: 14

17:44:20.089 [AsyncHttpClient-1-4] DEBUG org.asynchttpclient.netty.channel.ChannelManager - Adding key: http://localhost:59540 for channel [id: 0x414bdbbb, L:/127.0.0.1:57863 - R:localhost/127.0.0.1:59540]
17:44:20.098 [Forwarding screenshot on session 1c56d2df159a7dfcaadd830bb4ea5540 to remote] DEBUG org.asynchttpclient.netty.request.NettyRequestSender - Using pooled Channel '[id: 0x414bdbbb, L:/127.0.0.1:57863 - R:localhost/127.0.0.1:59540]' for 'GET' to 'http://localhost:59540/session/1c56d2df159a7dfcaadd830bb4ea5540/screenshot'
17:44:20.098 [Forwarding screenshot on session 1c56d2df159a7dfcaadd830bb4ea5540 to remote] DEBUG org.asynchttpclient.netty.request.NettyRequestSender - Using open Channel [id: 0x414bdbbb, L:/127.0.0.1:57863 - R:localhost/127.0.0.1:59540] for GET '/session/1c56d2df159a7dfcaadd830bb4ea5540/screenshot'
17:44:20.352 [AsyncHttpClient-1-4] DEBUG org.asynchttpclient.netty.handler.HttpHandler - 

Request DefaultFullHttpRequest(decodeResult: success, version: HTTP/1.1, content: EmptyByteBufBE)
GET /session/1c56d2df159a7dfcaadd830bb4ea5540/screenshot HTTP/1.1
User-Agent: selenium/4.1.2 (java windows)
Cache-Control: no-cache
Content-Type: application/json; charset=utf-8
host: localhost:59540
accept: */*

Response DefaultHttpResponse(decodeResult: success, version: HTTP/1.1)
HTTP/1.1 200 OK
Content-Type: application/json; charset=utf-8
cache-control: no-cache
content-length: 351816

17:44:20.354 [AsyncHttpClient-1-4] DEBUG org.asynchttpclient.netty.channel.ChannelManager - Adding key: http://localhost:59540 for channel [id: 0x414bdbbb, L:/127.0.0.1:57863 - R:localhost/127.0.0.1:59540]
17:44:20.379 [main] DEBUG net.serenitybdd.core.photography.Darkroom - Send negative for processing for target\site\serenity\20277f1d76f1b925628464fcd1ece5de77a814679d1be3fdcf836a7ddadfed60.png
17:44:20.379 [main] DEBUG net.thucydides.core.steps.StepInterceptor - STEP DONE: validateOnDashboardPage
  &amp#27;[32mGiven &amp#27;[0m&amp#27;[32mI am at the dashboard page&amp#27;[0m                     &amp#27;[90m# starter.stepdefinitions.PatientSteps.iAmAtTheDashboardPage()&amp#27;[0m
17:44:20.415 [main] DEBUG net.thucydides.core.steps.StepInterceptor - STARTING STEP: DoctorSteps.iClickMenuDoctor - clickMenuDoctorButton
17:44:20.418 [Forwarding findElement on session 1c56d2df159a7dfcaadd830bb4ea5540 to remote] DEBUG org.asynchttpclient.netty.request.NettyRequestSender - Using pooled Channel '[id: 0x414bdbbb, L:/127.0.0.1:57863 - R:localhost/127.0.0.1:59540]' for 'POST' to 'http://localhost:59540/session/1c56d2df159a7dfcaadd830bb4ea5540/element'
17:44:20.418 [Forwarding findElement on session 1c56d2df159a7dfcaadd830bb4ea5540 to remote] DEBUG org.asynchttpclient.netty.request.NettyRequestSender - Using open Channel [id: 0x414bdbbb, L:/127.0.0.1:57863 - R:localhost/127.0.0.1:59540] for POST '/session/1c56d2df159a7dfcaadd830bb4ea5540/element'
17:44:20.433 [AsyncHttpClient-1-4] DEBUG org.asynchttpclient.netty.handler.HttpHandler - 

Request DefaultHttpRequest(decodeResult: success, version: HTTP/1.1)
POST /session/1c56d2df159a7dfcaadd830bb4ea5540/element HTTP/1.1
User-Agent: selenium/4.1.2 (java windows)
Content-Length: 79
Content-Type: application/json; charset=utf-8
host: localhost:59540
accept: */*

Response DefaultHttpResponse(decodeResult: success, version: HTTP/1.1)
HTTP/1.1 200 OK
Content-Type: application/json; charset=utf-8
cache-control: no-cache
content-length: 88

17:44:20.433 [AsyncHttpClient-1-4] DEBUG org.asynchttpclient.netty.channel.ChannelManager - Adding key: http://localhost:59540 for channel [id: 0x414bdbbb, L:/127.0.0.1:57863 - R:localhost/127.0.0.1:59540]
17:44:20.434 [Forwarding getElementTagName on session 1c56d2df159a7dfcaadd830bb4ea5540 to remote] DEBUG org.asynchttpclient.netty.request.NettyRequestSender - Using pooled Channel '[id: 0x414bdbbb, L:/127.0.0.1:57863 - R:localhost/127.0.0.1:59540]' for 'GET' to 'http://localhost:59540/session/1c56d2df159a7dfcaadd830bb4ea5540/element/3788d15d-24aa-48a6-9ef6-ea07ada343cd/name'
17:44:20.434 [Forwarding getElementTagName on session 1c56d2df159a7dfcaadd830bb4ea5540 to remote] DEBUG org.asynchttpclient.netty.request.NettyRequestSender - Using open Channel [id: 0x414bdbbb, L:/127.0.0.1:57863 - R:localhost/127.0.0.1:59540] for GET '/session/1c56d2df159a7dfcaadd830bb4ea5540/element/3788d15d-24aa-48a6-9ef6-ea07ada343cd/name'
17:44:20.439 [AsyncHttpClient-1-4] DEBUG org.asynchttpclient.netty.handler.HttpHandler - 

Request DefaultFullHttpRequest(decodeResult: success, version: HTTP/1.1, content: EmptyByteBufBE)
GET /session/1c56d2df159a7dfcaadd830bb4ea5540/element/3788d15d-24aa-48a6-9ef6-ea07ada343cd/name HTTP/1.1
User-Agent: selenium/4.1.2 (java windows)
Cache-Control: no-cache
Content-Type: application/json; charset=utf-8
host: localhost:59540
accept: */*

Response DefaultHttpResponse(decodeResult: success, version: HTTP/1.1)
HTTP/1.1 200 OK
Content-Type: application/json; charset=utf-8
cache-control: no-cache
content-length: 15

17:44:20.440 [AsyncHttpClient-1-4] DEBUG org.asynchttpclient.netty.channel.ChannelManager - Adding key: http://localhost:59540 for channel [id: 0x414bdbbb, L:/127.0.0.1:57863 - R:localhost/127.0.0.1:59540]
17:44:20.441 [Forwarding getElementTagName on session 1c56d2df159a7dfcaadd830bb4ea5540 to remote] DEBUG org.asynchttpclient.netty.request.NettyRequestSender - Using pooled Channel '[id: 0x414bdbbb, L:/127.0.0.1:57863 - R:localhost/127.0.0.1:59540]' for 'GET' to 'http://localhost:59540/session/1c56d2df159a7dfcaadd830bb4ea5540/element/3788d15d-24aa-48a6-9ef6-ea07ada343cd/name'
17:44:20.441 [Forwarding getElementTagName on session 1c56d2df159a7dfcaadd830bb4ea5540 to remote] DEBUG org.asynchttpclient.netty.request.NettyRequestSender - Using open Channel [id: 0x414bdbbb, L:/127.0.0.1:57863 - R:localhost/127.0.0.1:59540] for GET '/session/1c56d2df159a7dfcaadd830bb4ea5540/element/3788d15d-24aa-48a6-9ef6-ea07ada343cd/name'
17:44:20.445 [AsyncHttpClient-1-4] DEBUG org.asynchttpclient.netty.handler.HttpHandler - 

Request DefaultFullHttpRequest(decodeResult: success, version: HTTP/1.1, content: EmptyByteBufBE)
GET /session/1c56d2df159a7dfcaadd830bb4ea5540/element/3788d15d-24aa-48a6-9ef6-ea07ada343cd/name HTTP/1.1
User-Agent: selenium/4.1.2 (java windows)
Cache-Control: no-cache
Content-Type: application/json; charset=utf-8
host: localhost:59540
accept: */*

Response DefaultHttpResponse(decodeResult: success, version: HTTP/1.1)
HTTP/1.1 200 OK
Content-Type: application/json; charset=utf-8
cache-control: no-cache
content-length: 15

17:44:20.446 [AsyncHttpClient-1-4] DEBUG org.asynchttpclient.netty.channel.ChannelManager - Adding key: http://localhost:59540 for channel [id: 0x414bdbbb, L:/127.0.0.1:57863 - R:localhost/127.0.0.1:59540]
17:44:20.447 [Forwarding findElement on session 1c56d2df159a7dfcaadd830bb4ea5540 to remote] DEBUG org.asynchttpclient.netty.request.NettyRequestSender - Using pooled Channel '[id: 0x414bdbbb, L:/127.0.0.1:57863 - R:localhost/127.0.0.1:59540]' for 'POST' to 'http://localhost:59540/session/1c56d2df159a7dfcaadd830bb4ea5540/element'
17:44:20.447 [Forwarding findElement on session 1c56d2df159a7dfcaadd830bb4ea5540 to remote] DEBUG org.asynchttpclient.netty.request.NettyRequestSender - Using open Channel [id: 0x414bdbbb, L:/127.0.0.1:57863 - R:localhost/127.0.0.1:59540] for POST '/session/1c56d2df159a7dfcaadd830bb4ea5540/element'
17:44:20.455 [AsyncHttpClient-1-4] DEBUG org.asynchttpclient.netty.handler.HttpHandler - 

Request DefaultHttpRequest(decodeResult: success, version: HTTP/1.1)
POST /session/1c56d2df159a7dfcaadd830bb4ea5540/element HTTP/1.1
User-Agent: selenium/4.1.2 (java windows)
Content-Length: 79
Content-Type: application/json; charset=utf-8
host: localhost:59540
accept: */*

Response DefaultHttpResponse(decodeResult: success, version: HTTP/1.1)
HTTP/1.1 200 OK
Content-Type: application/json; charset=utf-8
cache-control: no-cache
content-length: 88

17:44:20.456 [AsyncHttpClient-1-4] DEBUG org.asynchttpclient.netty.channel.ChannelManager - Adding key: http://localhost:59540 for channel [id: 0x414bdbbb, L:/127.0.0.1:57863 - R:localhost/127.0.0.1:59540]
17:44:20.457 [Forwarding clickElement on session 1c56d2df159a7dfcaadd830bb4ea5540 to remote] DEBUG org.asynchttpclient.netty.request.NettyRequestSender - Using pooled Channel '[id: 0x414bdbbb, L:/127.0.0.1:57863 - R:localhost/127.0.0.1:59540]' for 'POST' to 'http://localhost:59540/session/1c56d2df159a7dfcaadd830bb4ea5540/element/3788d15d-24aa-48a6-9ef6-ea07ada343cd/click'
17:44:20.457 [Forwarding clickElement on session 1c56d2df159a7dfcaadd830bb4ea5540 to remote] DEBUG org.asynchttpclient.netty.request.NettyRequestSender - Using open Channel [id: 0x414bdbbb, L:/127.0.0.1:57863 - R:localhost/127.0.0.1:59540] for POST '/session/1c56d2df159a7dfcaadd830bb4ea5540/element/3788d15d-24aa-48a6-9ef6-ea07ada343cd/click'
17:44:20.637 [AsyncHttpClient-1-4] DEBUG org.asynchttpclient.netty.handler.HttpHandler - 

Request DefaultHttpRequest(decodeResult: success, version: HTTP/1.1)
POST /session/1c56d2df159a7dfcaadd830bb4ea5540/element/3788d15d-24aa-48a6-9ef6-ea07ada343cd/click HTTP/1.1
User-Agent: selenium/4.1.2 (java windows)
Content-Length: 50
Content-Type: application/json; charset=utf-8
host: localhost:59540
accept: */*

Response DefaultHttpResponse(decodeResult: success, version: HTTP/1.1)
HTTP/1.1 200 OK
Content-Type: application/json; charset=utf-8
cache-control: no-cache
content-length: 14

17:44:20.637 [AsyncHttpClient-1-4] DEBUG org.asynchttpclient.netty.channel.ChannelManager - Adding key: http://localhost:59540 for channel [id: 0x414bdbbb, L:/127.0.0.1:57863 - R:localhost/127.0.0.1:59540]
17:44:20.644 [Forwarding screenshot on session 1c56d2df159a7dfcaadd830bb4ea5540 to remote] DEBUG org.asynchttpclient.netty.request.NettyRequestSender - Using pooled Channel '[id: 0x414bdbbb, L:/127.0.0.1:57863 - R:localhost/127.0.0.1:59540]' for 'GET' to 'http://localhost:59540/session/1c56d2df159a7dfcaadd830bb4ea5540/screenshot'
17:44:20.644 [Forwarding screenshot on session 1c56d2df159a7dfcaadd830bb4ea5540 to remote] DEBUG org.asynchttpclient.netty.request.NettyRequestSender - Using open Channel [id: 0x414bdbbb, L:/127.0.0.1:57863 - R:localhost/127.0.0.1:59540] for GET '/session/1c56d2df159a7dfcaadd830bb4ea5540/screenshot'
17:44:20.778 [AsyncHttpClient-1-4] DEBUG org.asynchttpclient.netty.handler.HttpHandler - 

Request DefaultFullHttpRequest(decodeResult: success, version: HTTP/1.1, content: EmptyByteBufBE)
GET /session/1c56d2df159a7dfcaadd830bb4ea5540/screenshot HTTP/1.1
User-Agent: selenium/4.1.2 (java windows)
Cache-Control: no-cache
Content-Type: application/json; charset=utf-8
host: localhost:59540
accept: */*

Response DefaultHttpResponse(decodeResult: success, version: HTTP/1.1)
HTTP/1.1 200 OK
Content-Type: application/json; charset=utf-8
cache-control: no-cache
content-length: 56192

17:44:20.778 [AsyncHttpClient-1-4] DEBUG org.asynchttpclient.netty.channel.ChannelManager - Adding key: http://localhost:59540 for channel [id: 0x414bdbbb, L:/127.0.0.1:57863 - R:localhost/127.0.0.1:59540]
17:44:20.783 [main] DEBUG net.serenitybdd.core.photography.Darkroom - Send negative for processing for target\site\serenity\d631e005c1ab8c2ae9496eb0000819a309562887f5f0fc5c3b73065dfab87bed.png
17:44:20.783 [main] DEBUG net.thucydides.core.steps.StepInterceptor - STEP DONE: clickMenuDoctorButton
  &amp#27;[32mAnd &amp#27;[0m&amp#27;[32mI click menu doctor&amp#27;[0m                              &amp#27;[90m# starter.stepdefinitions.DoctorSteps.iClickMenuDoctor()&amp#27;[0m
17:44:20.809 [main] DEBUG net.thucydides.core.steps.StepInterceptor - STARTING STEP: DoctorSteps.iClickTheDeleteDoctorIcon - clickTheDeleteDoctorIcon
17:44:20.822 [Forwarding findElement on session 1c56d2df159a7dfcaadd830bb4ea5540 to remote] DEBUG org.asynchttpclient.netty.request.NettyRequestSender - Using pooled Channel '[id: 0x414bdbbb, L:/127.0.0.1:57863 - R:localhost/127.0.0.1:59540]' for 'POST' to 'http://localhost:59540/session/1c56d2df159a7dfcaadd830bb4ea5540/element'
17:44:20.822 [Forwarding findElement on session 1c56d2df159a7dfcaadd830bb4ea5540 to remote] DEBUG org.asynchttpclient.netty.request.NettyRequestSender - Using open Channel [id: 0x414bdbbb, L:/127.0.0.1:57863 - R:localhost/127.0.0.1:59540] for POST '/session/1c56d2df159a7dfcaadd830bb4ea5540/element'
17:44:20.902 [AsyncHttpClient-1-1] DEBUG org.asynchttpclient.netty.channel.DefaultChannelPool - Entry count for : http://localhost:57865 : 1
17:44:21.560 [AsyncHttpClient-1-4] DEBUG org.asynchttpclient.netty.handler.HttpHandler - 

Request DefaultHttpRequest(decodeResult: success, version: HTTP/1.1)
POST /session/1c56d2df159a7dfcaadd830bb4ea5540/element HTTP/1.1
User-Agent: selenium/4.1.2 (java windows)
Content-Length: 91
Content-Type: application/json; charset=utf-8
host: localhost:59540
accept: */*

Response DefaultHttpResponse(decodeResult: success, version: HTTP/1.1)
HTTP/1.1 200 OK
Content-Type: application/json; charset=utf-8
cache-control: no-cache
content-length: 88

17:44:21.560 [AsyncHttpClient-1-4] DEBUG org.asynchttpclient.netty.channel.ChannelManager - Adding key: http://localhost:59540 for channel [id: 0x414bdbbb, L:/127.0.0.1:57863 - R:localhost/127.0.0.1:59540]
17:44:21.561 [Forwarding getElementTagName on session 1c56d2df159a7dfcaadd830bb4ea5540 to remote] DEBUG org.asynchttpclient.netty.request.NettyRequestSender - Using pooled Channel '[id: 0x414bdbbb, L:/127.0.0.1:57863 - R:localhost/127.0.0.1:59540]' for 'GET' to 'http://localhost:59540/session/1c56d2df159a7dfcaadd830bb4ea5540/element/5ce7c018-c174-4b3e-b453-247c4ffb2695/name'
17:44:21.561 [Forwarding getElementTagName on session 1c56d2df159a7dfcaadd830bb4ea5540 to remote] DEBUG org.asynchttpclient.netty.request.NettyRequestSender - Using open Channel [id: 0x414bdbbb, L:/127.0.0.1:57863 - R:localhost/127.0.0.1:59540] for GET '/session/1c56d2df159a7dfcaadd830bb4ea5540/element/5ce7c018-c174-4b3e-b453-247c4ffb2695/name'
17:44:21.566 [AsyncHttpClient-1-4] DEBUG org.asynchttpclient.netty.handler.HttpHandler - 

Request DefaultFullHttpRequest(decodeResult: success, version: HTTP/1.1, content: EmptyByteBufBE)
GET /session/1c56d2df159a7dfcaadd830bb4ea5540/element/5ce7c018-c174-4b3e-b453-247c4ffb2695/name HTTP/1.1
User-Agent: selenium/4.1.2 (java windows)
Cache-Control: no-cache
Content-Type: application/json; charset=utf-8
host: localhost:59540
accept: */*

Response DefaultHttpResponse(decodeResult: success, version: HTTP/1.1)
HTTP/1.1 200 OK
Content-Type: application/json; charset=utf-8
cache-control: no-cache
content-length: 18

17:44:21.566 [AsyncHttpClient-1-4] DEBUG org.asynchttpclient.netty.channel.ChannelManager - Adding key: http://localhost:59540 for channel [id: 0x414bdbbb, L:/127.0.0.1:57863 - R:localhost/127.0.0.1:59540]
17:44:21.567 [Forwarding getElementTagName on session 1c56d2df159a7dfcaadd830bb4ea5540 to remote] DEBUG org.asynchttpclient.netty.request.NettyRequestSender - Using pooled Channel '[id: 0x414bdbbb, L:/127.0.0.1:57863 - R:localhost/127.0.0.1:59540]' for 'GET' to 'http://localhost:59540/session/1c56d2df159a7dfcaadd830bb4ea5540/element/5ce7c018-c174-4b3e-b453-247c4ffb2695/name'
17:44:21.567 [Forwarding getElementTagName on session 1c56d2df159a7dfcaadd830bb4ea5540 to remote] DEBUG org.asynchttpclient.netty.request.NettyRequestSender - Using open Channel [id: 0x414bdbbb, L:/127.0.0.1:57863 - R:localhost/127.0.0.1:59540] for GET '/session/1c56d2df159a7dfcaadd830bb4ea5540/element/5ce7c018-c174-4b3e-b453-247c4ffb2695/name'
17:44:21.571 [AsyncHttpClient-1-4] DEBUG org.asynchttpclient.netty.handler.HttpHandler - 

Request DefaultFullHttpRequest(decodeResult: success, version: HTTP/1.1, content: EmptyByteBufBE)
GET /session/1c56d2df159a7dfcaadd830bb4ea5540/element/5ce7c018-c174-4b3e-b453-247c4ffb2695/name HTTP/1.1
User-Agent: selenium/4.1.2 (java windows)
Cache-Control: no-cache
Content-Type: application/json; charset=utf-8
host: localhost:59540
accept: */*

Response DefaultHttpResponse(decodeResult: success, version: HTTP/1.1)
HTTP/1.1 200 OK
Content-Type: application/json; charset=utf-8
cache-control: no-cache
content-length: 18

17:44:21.571 [AsyncHttpClient-1-4] DEBUG org.asynchttpclient.netty.channel.ChannelManager - Adding key: http://localhost:59540 for channel [id: 0x414bdbbb, L:/127.0.0.1:57863 - R:localhost/127.0.0.1:59540]
17:44:21.574 [Forwarding isElementEnabled on session 1c56d2df159a7dfcaadd830bb4ea5540 to remote] DEBUG org.asynchttpclient.netty.request.NettyRequestSender - Using pooled Channel '[id: 0x414bdbbb, L:/127.0.0.1:57863 - R:localhost/127.0.0.1:59540]' for 'GET' to 'http://localhost:59540/session/1c56d2df159a7dfcaadd830bb4ea5540/element/5ce7c018-c174-4b3e-b453-247c4ffb2695/enabled'
17:44:21.574 [Forwarding isElementEnabled on session 1c56d2df159a7dfcaadd830bb4ea5540 to remote] DEBUG org.asynchttpclient.netty.request.NettyRequestSender - Using open Channel [id: 0x414bdbbb, L:/127.0.0.1:57863 - R:localhost/127.0.0.1:59540] for GET '/session/1c56d2df159a7dfcaadd830bb4ea5540/element/5ce7c018-c174-4b3e-b453-247c4ffb2695/enabled'
17:44:21.583 [AsyncHttpClient-1-4] DEBUG org.asynchttpclient.netty.handler.HttpHandler - 

Request DefaultFullHttpRequest(decodeResult: success, version: HTTP/1.1, content: EmptyByteBufBE)
GET /session/1c56d2df159a7dfcaadd830bb4ea5540/element/5ce7c018-c174-4b3e-b453-247c4ffb2695/enabled HTTP/1.1
User-Agent: selenium/4.1.2 (java windows)
Cache-Control: no-cache
Content-Type: application/json; charset=utf-8
host: localhost:59540
accept: */*

Response DefaultHttpResponse(decodeResult: success, version: HTTP/1.1)
HTTP/1.1 200 OK
Content-Type: application/json; charset=utf-8
cache-control: no-cache
content-length: 14

17:44:21.583 [AsyncHttpClient-1-4] DEBUG org.asynchttpclient.netty.channel.ChannelManager - Adding key: http://localhost:59540 for channel [id: 0x414bdbbb, L:/127.0.0.1:57863 - R:localhost/127.0.0.1:59540]
17:44:21.585 [Forwarding isElementEnabled on session 1c56d2df159a7dfcaadd830bb4ea5540 to remote] DEBUG org.asynchttpclient.netty.request.NettyRequestSender - Using pooled Channel '[id: 0x414bdbbb, L:/127.0.0.1:57863 - R:localhost/127.0.0.1:59540]' for 'GET' to 'http://localhost:59540/session/1c56d2df159a7dfcaadd830bb4ea5540/element/5ce7c018-c174-4b3e-b453-247c4ffb2695/enabled'
17:44:21.585 [Forwarding isElementEnabled on session 1c56d2df159a7dfcaadd830bb4ea5540 to remote] DEBUG org.asynchttpclient.netty.request.NettyRequestSender - Using open Channel [id: 0x414bdbbb, L:/127.0.0.1:57863 - R:localhost/127.0.0.1:59540] for GET '/session/1c56d2df159a7dfcaadd830bb4ea5540/element/5ce7c018-c174-4b3e-b453-247c4ffb2695/enabled'
17:44:21.591 [AsyncHttpClient-1-4] DEBUG org.asynchttpclient.netty.handler.HttpHandler - 

Request DefaultFullHttpRequest(decodeResult: success, version: HTTP/1.1, content: EmptyByteBufBE)
GET /session/1c56d2df159a7dfcaadd830bb4ea5540/element/5ce7c018-c174-4b3e-b453-247c4ffb2695/enabled HTTP/1.1
User-Agent: selenium/4.1.2 (java windows)
Cache-Control: no-cache
Content-Type: application/json; charset=utf-8
host: localhost:59540
accept: */*

Response DefaultHttpResponse(decodeResult: success, version: HTTP/1.1)
HTTP/1.1 200 OK
Content-Type: application/json; charset=utf-8
cache-control: no-cache
content-length: 14

17:44:21.591 [AsyncHttpClient-1-4] DEBUG org.asynchttpclient.netty.channel.ChannelManager - Adding key: http://localhost:59540 for channel [id: 0x414bdbbb, L:/127.0.0.1:57863 - R:localhost/127.0.0.1:59540]
17:44:21.592 [Forwarding findElement on session 1c56d2df159a7dfcaadd830bb4ea5540 to remote] DEBUG org.asynchttpclient.netty.request.NettyRequestSender - Using pooled Channel '[id: 0x414bdbbb, L:/127.0.0.1:57863 - R:localhost/127.0.0.1:59540]' for 'POST' to 'http://localhost:59540/session/1c56d2df159a7dfcaadd830bb4ea5540/element'
17:44:21.592 [Forwarding findElement on session 1c56d2df159a7dfcaadd830bb4ea5540 to remote] DEBUG org.asynchttpclient.netty.request.NettyRequestSender - Using open Channel [id: 0x414bdbbb, L:/127.0.0.1:57863 - R:localhost/127.0.0.1:59540] for POST '/session/1c56d2df159a7dfcaadd830bb4ea5540/element'
17:44:21.600 [AsyncHttpClient-1-4] DEBUG org.asynchttpclient.netty.handler.HttpHandler - 

Request DefaultHttpRequest(decodeResult: success, version: HTTP/1.1)
POST /session/1c56d2df159a7dfcaadd830bb4ea5540/element HTTP/1.1
User-Agent: selenium/4.1.2 (java windows)
Content-Length: 91
Content-Type: application/json; charset=utf-8
host: localhost:59540
accept: */*

Response DefaultHttpResponse(decodeResult: success, version: HTTP/1.1)
HTTP/1.1 200 OK
Content-Type: application/json; charset=utf-8
cache-control: no-cache
content-length: 88

17:44:21.600 [AsyncHttpClient-1-4] DEBUG org.asynchttpclient.netty.channel.ChannelManager - Adding key: http://localhost:59540 for channel [id: 0x414bdbbb, L:/127.0.0.1:57863 - R:localhost/127.0.0.1:59540]
17:44:21.601 [Forwarding clickElement on session 1c56d2df159a7dfcaadd830bb4ea5540 to remote] DEBUG org.asynchttpclient.netty.request.NettyRequestSender - Using pooled Channel '[id: 0x414bdbbb, L:/127.0.0.1:57863 - R:localhost/127.0.0.1:59540]' for 'POST' to 'http://localhost:59540/session/1c56d2df159a7dfcaadd830bb4ea5540/element/5ce7c018-c174-4b3e-b453-247c4ffb2695/click'
17:44:21.601 [Forwarding clickElement on session 1c56d2df159a7dfcaadd830bb4ea5540 to remote] DEBUG org.asynchttpclient.netty.request.NettyRequestSender - Using open Channel [id: 0x414bdbbb, L:/127.0.0.1:57863 - R:localhost/127.0.0.1:59540] for POST '/session/1c56d2df159a7dfcaadd830bb4ea5540/element/5ce7c018-c174-4b3e-b453-247c4ffb2695/click'
17:44:21.701 [AsyncHttpClient-1-4] DEBUG org.asynchttpclient.netty.handler.HttpHandler - 

Request DefaultHttpRequest(decodeResult: success, version: HTTP/1.1)
POST /session/1c56d2df159a7dfcaadd830bb4ea5540/element/5ce7c018-c174-4b3e-b453-247c4ffb2695/click HTTP/1.1
User-Agent: selenium/4.1.2 (java windows)
Content-Length: 50
Content-Type: application/json; charset=utf-8
host: localhost:59540
accept: */*

Response DefaultHttpResponse(decodeResult: success, version: HTTP/1.1)
HTTP/1.1 200 OK
Content-Type: application/json; charset=utf-8
cache-control: no-cache
content-length: 14

17:44:21.702 [AsyncHttpClient-1-4] DEBUG org.asynchttpclient.netty.channel.ChannelManager - Adding key: http://localhost:59540 for channel [id: 0x414bdbbb, L:/127.0.0.1:57863 - R:localhost/127.0.0.1:59540]
17:44:21.713 [Forwarding screenshot on session 1c56d2df159a7dfcaadd830bb4ea5540 to remote] DEBUG org.asynchttpclient.netty.request.NettyRequestSender - Using pooled Channel '[id: 0x414bdbbb, L:/127.0.0.1:57863 - R:localhost/127.0.0.1:59540]' for 'GET' to 'http://localhost:59540/session/1c56d2df159a7dfcaadd830bb4ea5540/screenshot'
17:44:21.713 [Forwarding screenshot on session 1c56d2df159a7dfcaadd830bb4ea5540 to remote] DEBUG org.asynchttpclient.netty.request.NettyRequestSender - Using open Channel [id: 0x414bdbbb, L:/127.0.0.1:57863 - R:localhost/127.0.0.1:59540] for GET '/session/1c56d2df159a7dfcaadd830bb4ea5540/screenshot'
17:44:21.847 [AsyncHttpClient-1-4] DEBUG org.asynchttpclient.netty.handler.HttpHandler - 

Request DefaultFullHttpRequest(decodeResult: success, version: HTTP/1.1, content: EmptyByteBufBE)
GET /session/1c56d2df159a7dfcaadd830bb4ea5540/screenshot HTTP/1.1
User-Agent: selenium/4.1.2 (java windows)
Cache-Control: no-cache
Content-Type: application/json; charset=utf-8
host: localhost:59540
accept: */*

Response DefaultHttpResponse(decodeResult: success, version: HTTP/1.1)
HTTP/1.1 200 OK
Content-Type: application/json; charset=utf-8
cache-control: no-cache
content-length: 110036

17:44:21.847 [AsyncHttpClient-1-4] DEBUG org.asynchttpclient.netty.channel.ChannelManager - Adding key: http://localhost:59540 for channel [id: 0x414bdbbb, L:/127.0.0.1:57863 - R:localhost/127.0.0.1:59540]
17:44:21.853 [main] DEBUG net.serenitybdd.core.photography.Darkroom - Send negative for processing for target\site\serenity\2025fe880af13fd584637edf51e045f9036be40ab4539f88604233d1bea4ea4a.png
17:44:21.854 [main] DEBUG net.thucydides.core.steps.StepInterceptor - STEP DONE: clickTheDeleteDoctorIcon
  &amp#27;[32mWhen &amp#27;[0m&amp#27;[32mI click the Delete Doctor icon&amp#27;[0m                  &amp#27;[90m# starter.stepdefinitions.DoctorSteps.iClickTheDeleteDoctorIcon()&amp#27;[0m
17:44:21.854 [Darkroom Processing Line] DEBUG net.serenitybdd.core.photography.DarkroomProcessingLine - Processing screenshot image in /var/screenshots/screenshot-16611807011047521220
17:44:21.854 [Darkroom Processing Line] DEBUG net.serenitybdd.core.photography.DarkroomProcessingLine - Saving screenshot to target\site\serenity\2025fe880af13fd584637edf51e045f9036be40ab4539f88604233d1bea4ea4a.png
17:44:21.875 [main] DEBUG net.thucydides.core.steps.StepInterceptor - STARTING STEP: DoctorSteps.iClickCancelButtonForDeleteDoctorMessage - clickTheCancelDeleteDoctorButton
17:44:21.877 [Forwarding findElement on session 1c56d2df159a7dfcaadd830bb4ea5540 to remote] DEBUG org.asynchttpclient.netty.request.NettyRequestSender - Using pooled Channel '[id: 0x414bdbbb, L:/127.0.0.1:57863 - R:localhost/127.0.0.1:59540]' for 'POST' to 'http://localhost:59540/session/1c56d2df159a7dfcaadd830bb4ea5540/element'
17:44:21.877 [Forwarding findElement on session 1c56d2df159a7dfcaadd830bb4ea5540 to remote] DEBUG org.asynchttpclient.netty.request.NettyRequestSender - Using open Channel [id: 0x414bdbbb, L:/127.0.0.1:57863 - R:localhost/127.0.0.1:59540] for POST '/session/1c56d2df159a7dfcaadd830bb4ea5540/element'
17:44:21.893 [AsyncHttpClient-1-4] DEBUG org.asynchttpclient.netty.handler.HttpHandler - 

Request DefaultHttpRequest(decodeResult: success, version: HTTP/1.1)
POST /session/1c56d2df159a7dfcaadd830bb4ea5540/element HTTP/1.1
User-Agent: selenium/4.1.2 (java windows)
Content-Length: 104
Content-Type: application/json; charset=utf-8
host: localhost:59540
accept: */*

Response DefaultHttpResponse(decodeResult: success, version: HTTP/1.1)
HTTP/1.1 200 OK
Content-Type: application/json; charset=utf-8
cache-control: no-cache
content-length: 88

17:44:21.894 [AsyncHttpClient-1-4] DEBUG org.asynchttpclient.netty.channel.ChannelManager - Adding key: http://localhost:59540 for channel [id: 0x414bdbbb, L:/127.0.0.1:57863 - R:localhost/127.0.0.1:59540]
17:44:21.895 [Forwarding getElementTagName on session 1c56d2df159a7dfcaadd830bb4ea5540 to remote] DEBUG org.asynchttpclient.netty.request.NettyRequestSender - Using pooled Channel '[id: 0x414bdbbb, L:/127.0.0.1:57863 - R:localhost/127.0.0.1:59540]' for 'GET' to 'http://localhost:59540/session/1c56d2df159a7dfcaadd830bb4ea5540/element/2fe2566d-850a-4b9f-ada9-526022a9c65f/name'
17:44:21.895 [Forwarding getElementTagName on session 1c56d2df159a7dfcaadd830bb4ea5540 to remote] DEBUG org.asynchttpclient.netty.request.NettyRequestSender - Using open Channel [id: 0x414bdbbb, L:/127.0.0.1:57863 - R:localhost/127.0.0.1:59540] for GET '/session/1c56d2df159a7dfcaadd830bb4ea5540/element/2fe2566d-850a-4b9f-ada9-526022a9c65f/name'
17:44:21.901 [AsyncHttpClient-1-4] DEBUG org.asynchttpclient.netty.handler.HttpHandler - 

Request DefaultFullHttpRequest(decodeResult: success, version: HTTP/1.1, content: EmptyByteBufBE)
GET /session/1c56d2df159a7dfcaadd830bb4ea5540/element/2fe2566d-850a-4b9f-ada9-526022a9c65f/name HTTP/1.1
User-Agent: selenium/4.1.2 (java windows)
Cache-Control: no-cache
Content-Type: application/json; charset=utf-8
host: localhost:59540
accept: */*

Response DefaultHttpResponse(decodeResult: success, version: HTTP/1.1)
HTTP/1.1 200 OK
Content-Type: application/json; charset=utf-8
cache-control: no-cache
content-length: 18

17:44:21.901 [AsyncHttpClient-1-4] DEBUG org.asynchttpclient.netty.channel.ChannelManager - Adding key: http://localhost:59540 for channel [id: 0x414bdbbb, L:/127.0.0.1:57863 - R:localhost/127.0.0.1:59540]
17:44:21.903 [Forwarding getElementTagName on session 1c56d2df159a7dfcaadd830bb4ea5540 to remote] DEBUG org.asynchttpclient.netty.request.NettyRequestSender - Using pooled Channel '[id: 0x414bdbbb, L:/127.0.0.1:57863 - R:localhost/127.0.0.1:59540]' for 'GET' to 'http://localhost:59540/session/1c56d2df159a7dfcaadd830bb4ea5540/element/2fe2566d-850a-4b9f-ada9-526022a9c65f/name'
17:44:21.903 [Forwarding getElementTagName on session 1c56d2df159a7dfcaadd830bb4ea5540 to remote] DEBUG org.asynchttpclient.netty.request.NettyRequestSender - Using open Channel [id: 0x414bdbbb, L:/127.0.0.1:57863 - R:localhost/127.0.0.1:59540] for GET '/session/1c56d2df159a7dfcaadd830bb4ea5540/element/2fe2566d-850a-4b9f-ada9-526022a9c65f/name'
17:44:21.907 [AsyncHttpClient-1-4] DEBUG org.asynchttpclient.netty.handler.HttpHandler - 

Request DefaultFullHttpRequest(decodeResult: success, version: HTTP/1.1, content: EmptyByteBufBE)
GET /session/1c56d2df159a7dfcaadd830bb4ea5540/element/2fe2566d-850a-4b9f-ada9-526022a9c65f/name HTTP/1.1
User-Agent: selenium/4.1.2 (java windows)
Cache-Control: no-cache
Content-Type: application/json; charset=utf-8
host: localhost:59540
accept: */*

Response DefaultHttpResponse(decodeResult: success, version: HTTP/1.1)
HTTP/1.1 200 OK
Content-Type: application/json; charset=utf-8
cache-control: no-cache
content-length: 18

17:44:21.907 [AsyncHttpClient-1-4] DEBUG org.asynchttpclient.netty.channel.ChannelManager - Adding key: http://localhost:59540 for channel [id: 0x414bdbbb, L:/127.0.0.1:57863 - R:localhost/127.0.0.1:59540]
17:44:21.910 [Forwarding isElementEnabled on session 1c56d2df159a7dfcaadd830bb4ea5540 to remote] DEBUG org.asynchttpclient.netty.request.NettyRequestSender - Using pooled Channel '[id: 0x414bdbbb, L:/127.0.0.1:57863 - R:localhost/127.0.0.1:59540]' for 'GET' to 'http://localhost:59540/session/1c56d2df159a7dfcaadd830bb4ea5540/element/2fe2566d-850a-4b9f-ada9-526022a9c65f/enabled'
17:44:21.910 [Forwarding isElementEnabled on session 1c56d2df159a7dfcaadd830bb4ea5540 to remote] DEBUG org.asynchttpclient.netty.request.NettyRequestSender - Using open Channel [id: 0x414bdbbb, L:/127.0.0.1:57863 - R:localhost/127.0.0.1:59540] for GET '/session/1c56d2df159a7dfcaadd830bb4ea5540/element/2fe2566d-850a-4b9f-ada9-526022a9c65f/enabled'
17:44:21.922 [AsyncHttpClient-1-4] DEBUG org.asynchttpclient.netty.handler.HttpHandler - 

Request DefaultFullHttpRequest(decodeResult: success, version: HTTP/1.1, content: EmptyByteBufBE)
GET /session/1c56d2df159a7dfcaadd830bb4ea5540/element/2fe2566d-850a-4b9f-ada9-526022a9c65f/enabled HTTP/1.1
User-Agent: selenium/4.1.2 (java windows)
Cache-Control: no-cache
Content-Type: application/json; charset=utf-8
host: localhost:59540
accept: */*

Response DefaultHttpResponse(decodeResult: success, version: HTTP/1.1)
HTTP/1.1 200 OK
Content-Type: application/json; charset=utf-8
cache-control: no-cache
content-length: 14

17:44:21.922 [AsyncHttpClient-1-4] DEBUG org.asynchttpclient.netty.channel.ChannelManager - Adding key: http://localhost:59540 for channel [id: 0x414bdbbb, L:/127.0.0.1:57863 - R:localhost/127.0.0.1:59540]
17:44:21.923 [Forwarding isElementEnabled on session 1c56d2df159a7dfcaadd830bb4ea5540 to remote] DEBUG org.asynchttpclient.netty.request.NettyRequestSender - Using pooled Channel '[id: 0x414bdbbb, L:/127.0.0.1:57863 - R:localhost/127.0.0.1:59540]' for 'GET' to 'http://localhost:59540/session/1c56d2df159a7dfcaadd830bb4ea5540/element/2fe2566d-850a-4b9f-ada9-526022a9c65f/enabled'
17:44:21.923 [Forwarding isElementEnabled on session 1c56d2df159a7dfcaadd830bb4ea5540 to remote] DEBUG org.asynchttpclient.netty.request.NettyRequestSender - Using open Channel [id: 0x414bdbbb, L:/127.0.0.1:57863 - R:localhost/127.0.0.1:59540] for GET '/session/1c56d2df159a7dfcaadd830bb4ea5540/element/2fe2566d-850a-4b9f-ada9-526022a9c65f/enabled'
17:44:21.930 [AsyncHttpClient-1-4] DEBUG org.asynchttpclient.netty.handler.HttpHandler - 

Request DefaultFullHttpRequest(decodeResult: success, version: HTTP/1.1, content: EmptyByteBufBE)
GET /session/1c56d2df159a7dfcaadd830bb4ea5540/element/2fe2566d-850a-4b9f-ada9-526022a9c65f/enabled HTTP/1.1
User-Agent: selenium/4.1.2 (java windows)
Cache-Control: no-cache
Content-Type: application/json; charset=utf-8
host: localhost:59540
accept: */*

Response DefaultHttpResponse(decodeResult: success, version: HTTP/1.1)
HTTP/1.1 200 OK
Content-Type: application/json; charset=utf-8
cache-control: no-cache
content-length: 14

17:44:21.930 [AsyncHttpClient-1-4] DEBUG org.asynchttpclient.netty.channel.ChannelManager - Adding key: http://localhost:59540 for channel [id: 0x414bdbbb, L:/127.0.0.1:57863 - R:localhost/127.0.0.1:59540]
17:44:21.931 [Forwarding findElement on session 1c56d2df159a7dfcaadd830bb4ea5540 to remote] DEBUG org.asynchttpclient.netty.request.NettyRequestSender - Using pooled Channel '[id: 0x414bdbbb, L:/127.0.0.1:57863 - R:localhost/127.0.0.1:59540]' for 'POST' to 'http://localhost:59540/session/1c56d2df159a7dfcaadd830bb4ea5540/element'
17:44:21.932 [Forwarding findElement on session 1c56d2df159a7dfcaadd830bb4ea5540 to remote] DEBUG org.asynchttpclient.netty.request.NettyRequestSender - Using open Channel [id: 0x414bdbbb, L:/127.0.0.1:57863 - R:localhost/127.0.0.1:59540] for POST '/session/1c56d2df159a7dfcaadd830bb4ea5540/element'
17:44:21.946 [AsyncHttpClient-1-4] DEBUG org.asynchttpclient.netty.handler.HttpHandler - 

Request DefaultHttpRequest(decodeResult: success, version: HTTP/1.1)
POST /session/1c56d2df159a7dfcaadd830bb4ea5540/element HTTP/1.1
User-Agent: selenium/4.1.2 (java windows)
Content-Length: 104
Content-Type: application/json; charset=utf-8
host: localhost:59540
accept: */*

Response DefaultHttpResponse(decodeResult: success, version: HTTP/1.1)
HTTP/1.1 200 OK
Content-Type: application/json; charset=utf-8
cache-control: no-cache
content-length: 88

17:44:21.946 [AsyncHttpClient-1-4] DEBUG org.asynchttpclient.netty.channel.ChannelManager - Adding key: http://localhost:59540 for channel [id: 0x414bdbbb, L:/127.0.0.1:57863 - R:localhost/127.0.0.1:59540]
17:44:21.948 [Forwarding clickElement on session 1c56d2df159a7dfcaadd830bb4ea5540 to remote] DEBUG org.asynchttpclient.netty.request.NettyRequestSender - Using pooled Channel '[id: 0x414bdbbb, L:/127.0.0.1:57863 - R:localhost/127.0.0.1:59540]' for 'POST' to 'http://localhost:59540/session/1c56d2df159a7dfcaadd830bb4ea5540/element/2fe2566d-850a-4b9f-ada9-526022a9c65f/click'
17:44:21.948 [Forwarding clickElement on session 1c56d2df159a7dfcaadd830bb4ea5540 to remote] DEBUG org.asynchttpclient.netty.request.NettyRequestSender - Using open Channel [id: 0x414bdbbb, L:/127.0.0.1:57863 - R:localhost/127.0.0.1:59540] for POST '/session/1c56d2df159a7dfcaadd830bb4ea5540/element/2fe2566d-850a-4b9f-ada9-526022a9c65f/click'
17:44:22.000 [AsyncHttpClient-1-1] DEBUG org.asynchttpclient.netty.channel.DefaultChannelPool - Entry count for : http://localhost:57865 : 1
17:44:22.054 [AsyncHttpClient-1-4] DEBUG org.asynchttpclient.netty.handler.HttpHandler - 

Request DefaultHttpRequest(decodeResult: success, version: HTTP/1.1)
POST /session/1c56d2df159a7dfcaadd830bb4ea5540/element/2fe2566d-850a-4b9f-ada9-526022a9c65f/click HTTP/1.1
User-Agent: selenium/4.1.2 (java windows)
Content-Length: 50
Content-Type: application/json; charset=utf-8
host: localhost:59540
accept: */*

Response DefaultHttpResponse(decodeResult: success, version: HTTP/1.1)
HTTP/1.1 200 OK
Content-Type: application/json; charset=utf-8
cache-control: no-cache
content-length: 14

17:44:22.055 [AsyncHttpClient-1-4] DEBUG org.asynchttpclient.netty.channel.ChannelManager - Adding key: http://localhost:59540 for channel [id: 0x414bdbbb, L:/127.0.0.1:57863 - R:localhost/127.0.0.1:59540]
17:44:22.064 [Forwarding screenshot on session 1c56d2df159a7dfcaadd830bb4ea5540 to remote] DEBUG org.asynchttpclient.netty.request.NettyRequestSender - Using pooled Channel '[id: 0x414bdbbb, L:/127.0.0.1:57863 - R:localhost/127.0.0.1:59540]' for 'GET' to 'http://localhost:59540/session/1c56d2df159a7dfcaadd830bb4ea5540/screenshot'
17:44:22.064 [Forwarding screenshot on session 1c56d2df159a7dfcaadd830bb4ea5540 to remote] DEBUG org.asynchttpclient.netty.request.NettyRequestSender - Using open Channel [id: 0x414bdbbb, L:/127.0.0.1:57863 - R:localhost/127.0.0.1:59540] for GET '/session/1c56d2df159a7dfcaadd830bb4ea5540/screenshot'
17:44:22.182 [AsyncHttpClient-1-4] DEBUG org.asynchttpclient.netty.handler.HttpHandler - 

Request DefaultFullHttpRequest(decodeResult: success, version: HTTP/1.1, content: EmptyByteBufBE)
GET /session/1c56d2df159a7dfcaadd830bb4ea5540/screenshot HTTP/1.1
User-Agent: selenium/4.1.2 (java windows)
Cache-Control: no-cache
Content-Type: application/json; charset=utf-8
host: localhost:59540
accept: */*

Response DefaultHttpResponse(decodeResult: success, version: HTTP/1.1)
HTTP/1.1 200 OK
Content-Type: application/json; charset=utf-8
cache-control: no-cache
content-length: 91748

17:44:22.182 [AsyncHttpClient-1-4] DEBUG org.asynchttpclient.netty.channel.ChannelManager - Adding key: http://localhost:59540 for channel [id: 0x414bdbbb, L:/127.0.0.1:57863 - R:localhost/127.0.0.1:59540]
17:44:22.186 [main] DEBUG net.serenitybdd.core.photography.Darkroom - Send negative for processing for target\site\serenity\beebc33c76997b4bc96cdc8dbb12538e0d4bd92427f67307d9bbf5ae96269c76.png
17:44:22.187 [main] DEBUG net.thucydides.core.steps.StepInterceptor - STEP DONE: clickTheCancelDeleteDoctorButton
17:44:22.187 [Darkroom Processing Line] DEBUG net.serenitybdd.core.photography.DarkroomProcessingLine - Processing screenshot image in /var/screenshots/screenshot-3420571809098437442
17:44:22.187 [Darkroom Processing Line] DEBUG net.serenitybdd.core.photography.DarkroomProcessingLine - Saving screenshot to target\site\serenity\beebc33c76997b4bc96cdc8dbb12538e0d4bd92427f67307d9bbf5ae96269c76.png
  &amp#27;[32mThen &amp#27;[0m&amp#27;[32mI click Cancel button for Delete Doctor Message&amp#27;[0m &amp#27;[90m# starter.stepdefinitions.DoctorSteps.iClickCancelButtonForDeleteDoctorMessage()&amp#27;[0m
17:44:22.193 [main] INFO  - 
  _____   ___   ___   _____     ___     _     ___   ___   ___   ___  
 |_   _| | __| / __| |_   _|   | _ \   /_\   / __| / __| | __| |   \ 
   | |   | _|  \__ \   | |     |  _/  / _ \  \__ \ \__ \ | _|  | |) |
   |_|   |___| |___/   |_|     |_|   /_/ \_\ |___/ |___/ |___| |___/ 

Cancel Delete Doctor Data Scenario
----------------------------------------------------------------------
17:44:22.195 [AsyncHttpClient-1-6] DEBUG org.asynchttpclient.netty.handler.WebSocketHandler - Channel Closed: [id: 0x94a34121, L:/127.0.0.1:57871 ! R:localhost/127.0.0.1:57865] with attribute NettyResponseFuture{currentRetry=5,
	isDone=1,
	isCancelled=0,
	asyncHandler=org.asynchttpclient.ws.WebSocketUpgradeHandler@4ab780ca,
	nettyRequest=org.asynchttpclient.netty.request.NettyRequest@741e58b,
	future=java.util.concurrent.CompletableFuture@31596d4b[Completed normally],
	uri=ws://localhost:57865/devtools/browser/10d959cc-c347-4de7-9004-d2a4661537d1,
	keepAlive=true,
	redirectCount=0,
	timeoutsHolder=null,
	inAuth=0,
	touch=1655549056032}
17:44:22.195 [AsyncHttpClient-1-6] DEBUG org.asynchttpclient.netty.channel.ChannelManager - Closing Channel [id: 0x94a34121, L:/127.0.0.1:57871 ! R:localhost/127.0.0.1:57865] 
17:44:22.195 [Driver Command Executor] DEBUG org.asynchttpclient.netty.request.NettyRequestSender - Using pooled Channel '[id: 0x414bdbbb, L:/127.0.0.1:57863 - R:localhost/127.0.0.1:59540]' for 'DELETE' to 'http://localhost:59540/session/1c56d2df159a7dfcaadd830bb4ea5540'
17:44:22.195 [Driver Command Executor] DEBUG org.asynchttpclient.netty.request.NettyRequestSender - Using open Channel [id: 0x414bdbbb, L:/127.0.0.1:57863 - R:localhost/127.0.0.1:59540] for DELETE '/session/1c56d2df159a7dfcaadd830bb4ea5540'
17:44:22.287 [AsyncHttpClient-1-5] DEBUG org.asynchttpclient.netty.handler.HttpHandler - Unexpected I/O exception on channel [id: 0xce91ec05, L:/127.0.0.1:57870 - R:localhost/127.0.0.1:57865]
java.net.SocketException: Connection reset
	at java.base/sun.nio.ch.SocketChannelImpl.throwConnectionReset(SocketChannelImpl.java:367)
	at java.base/sun.nio.ch.SocketChannelImpl.read(SocketChannelImpl.java:398)
	at io.netty.buffer.PooledByteBuf.setBytes(PooledByteBuf.java:258)
	at io.netty.buffer.AbstractByteBuf.writeBytes(AbstractByteBuf.java:1132)
	at io.netty.channel.socket.nio.NioSocketChannel.doReadBytes(NioSocketChannel.java:350)
	at io.netty.channel.nio.AbstractNioByteChannel$NioByteUnsafe.read(AbstractNioByteChannel.java:151)
	at io.netty.channel.nio.NioEventLoop.processSelectedKey(NioEventLoop.java:722)
	at io.netty.channel.nio.NioEventLoop.processSelectedKeysOptimized(NioEventLoop.java:658)
	at io.netty.channel.nio.NioEventLoop.processSelectedKeys(NioEventLoop.java:584)
	at io.netty.channel.nio.NioEventLoop.run(NioEventLoop.java:496)
	at io.netty.util.concurrent.SingleThreadEventExecutor$4.run(SingleThreadEventExecutor.java:986)
	at io.netty.util.internal.ThreadExecutorMap$2.run(ThreadExecutorMap.java:74)
	at io.netty.util.concurrent.FastThreadLocalRunnable.run(FastThreadLocalRunnable.java:30)
	at java.base/java.lang.Thread.run(Thread.java:832)
17:44:22.287 [AsyncHttpClient-1-5] DEBUG org.asynchttpclient.netty.channel.ChannelManager - Closing Channel [id: 0xce91ec05, L:/127.0.0.1:57870 - R:localhost/127.0.0.1:57865] 
17:44:22.287 [AsyncHttpClient-1-5] DEBUG org.asynchttpclient.netty.handler.HttpHandler - Channel Closed: [id: 0xce91ec05, L:/127.0.0.1:57870 ! R:localhost/127.0.0.1:57865] with attribute DISCARD
17:44:22.318 [AsyncHttpClient-1-4] DEBUG org.asynchttpclient.netty.handler.HttpHandler - 

Request DefaultFullHttpRequest(decodeResult: success, version: HTTP/1.1, content: EmptyByteBufBE)
DELETE /session/1c56d2df159a7dfcaadd830bb4ea5540 HTTP/1.1
User-Agent: selenium/4.1.2 (java windows)
Content-Type: application/json; charset=utf-8
host: localhost:59540
accept: */*

Response DefaultHttpResponse(decodeResult: success, version: HTTP/1.1)
HTTP/1.1 200 OK
Content-Type: application/json; charset=utf-8
cache-control: no-cache
content-length: 14

17:44:22.319 [AsyncHttpClient-1-4] DEBUG org.asynchttpclient.netty.channel.ChannelManager - Adding key: http://localhost:59540 for channel [id: 0x414bdbbb, L:/127.0.0.1:57863 - R:localhost/127.0.0.1:59540]
17:44:22.440 [AsyncHttpClient-1-4] DEBUG org.asynchttpclient.netty.handler.HttpHandler - Channel Closed: [id: 0x414bdbbb, L:/127.0.0.1:57863 ! R:localhost/127.0.0.1:59540] with attribute DISCARD
]]></system-out>
    <system-err><![CDATA[Starting ChromeDriver 102.0.5005.61 (0e59bcc00cc4985ce39ad31c150065f159d95ad3-refs/branch-heads/5005@{#819}) on port 59540
Only local connections are allowed.
Please see https://chromedriver.chromium.org/security-considerations for suggestions on keeping ChromeDriver safe.
ChromeDriver was started successfully.
Jun 18, 2022 5:44:16 PM org.openqa.selenium.remote.ProtocolHandshake createSession
INFO: Detected dialect: W3C
Jun 18, 2022 5:44:16 PM org.openqa.selenium.devtools.CdpVersionFinder findNearestMatch
WARNING: Unable to find an exact match for CDP version 102, so returning the closest version found: a no-op implementation
Jun 18, 2022 5:44:16 PM org.openqa.selenium.devtools.CdpVersionFinder findNearestMatch
INFO: Unable to find CDP implementation matching 102.
Jun 18, 2022 5:44:16 PM org.openqa.selenium.chromium.ChromiumDriver lambda$new$3
WARNING: Unable to find version of CDP to use for . You may need to include a dependency on a specific version of the CDP using something similar to `org.seleniumhq.selenium:selenium-devtools-v86:4.1.2` where the version ("v86") matches the version of the chromium-based browser you're using and the version number of the artifact is the same as Selenium's.
]]></system-err>
  </testcase>
  <testcase name="Search Doctor Based on Doctor NID Scenario #1" classname="Doctor" time="9.224">
    <system-out><![CDATA[
@Doctor @Search
Scenario: Search Doctor Based on Doctor NID Scenario &amp#27;[90m# src/test/resources/features/3.Doctor.feature:51&amp#27;[0m
17:44:22.977 [main] INFO io.cucumber.core.plugin.SerenityReporter - Running feature from file:///E:/My%20Documents/File%20Difa/TI%20Semester%206%20Kampus%20Merdeka%20Alterra/Tugas/CAPSTONE%20Project/Capstone-Project-Website/src/test/resources/features/3.Doctor.feature
17:44:22.980 [main] INFO  - 
  _____   ___   ___   _____     ___   _____     _     ___   _____   ___   ___  
 |_   _| | __| / __| |_   _|   / __| |_   _|   /_\   | _ \ |_   _| | __| |   \ 
   | |   | _|  \__ \   | |     \__ \   | |    / _ \  |   /   | |   | _|  | |) |
   |_|   |___| |___/   |_|     |___/   |_|   /_/ \_\ |_|_\   |_|   |___| |___/ 

Search Doctor Based on Doctor NID Scenario(doctor;search-doctor-based-on-doctor-nid-scenario)
--------------------------------------------------------------------------------
17:44:23.044 [main] DEBUG net.thucydides.core.steps.StepInterceptor - STARTING STEP: PatientSteps.iAmAtTheDashboardPage - openUrl
17:44:23.046 [main] INFO net.serenitybdd.core.webdriver.driverproviders.ChromeDriverProvider - Using automatically driver download
17:44:23.109 [AsyncHttpClient-1-1] DEBUG org.asynchttpclient.netty.channel.DefaultChannelPool - Entry count for : http://localhost:59540 : 1
17:44:23.112 [AsyncHttpClient-1-1] DEBUG org.asynchttpclient.netty.channel.DefaultChannelPool - Entry count for : http://localhost:57865 : 1
17:44:23.116 [AsyncHttpClient-1-1] DEBUG org.asynchttpclient.netty.channel.DefaultChannelPool - Adding Candidate expired Channel [id: 0x414bdbbb, L:/127.0.0.1:57863 ! R:localhost/127.0.0.1:59540] isIdleTimeoutExpired=false isRemotelyClosed=true isTtlExpired=false
17:44:23.120 [AsyncHttpClient-1-1] DEBUG org.asynchttpclient.netty.channel.DefaultChannelPool - Closing Idle Channel [id: 0x414bdbbb, L:/127.0.0.1:57863 ! R:localhost/127.0.0.1:59540]
17:44:23.120 [AsyncHttpClient-1-1] DEBUG org.asynchttpclient.netty.channel.DefaultChannelPool - Adding Candidate expired Channel [id: 0xce91ec05, L:/127.0.0.1:57870 ! R:localhost/127.0.0.1:57865] isIdleTimeoutExpired=false isRemotelyClosed=true isTtlExpired=false
17:44:23.120 [AsyncHttpClient-1-1] DEBUG org.asynchttpclient.netty.channel.DefaultChannelPool - Closing Idle Channel [id: 0xce91ec05, L:/127.0.0.1:57870 ! R:localhost/127.0.0.1:57865]
17:44:23.120 [AsyncHttpClient-1-1] DEBUG org.asynchttpclient.netty.channel.DefaultChannelPool - Closed 2 connections out of 2 in 7 ms
17:44:23.415 [main] DEBUG io.github.bonigarcia.wdm.cache.ResolutionCache - Resolution chrome=102 in cache (valid until 18:14:23 18/06/2022 ICT)
17:44:23.420 [main] DEBUG io.github.bonigarcia.wdm.cache.ResolutionCache - Resolution chrome102=102.0.5005.61 in cache (valid until 17:29:52 19/06/2022 ICT)
17:44:23.422 [main] INFO io.github.bonigarcia.wdm.WebDriverManager - Using chromedriver 102.0.5005.61 (resolved driver for Chrome 102)
17:44:23.436 [main] DEBUG io.github.bonigarcia.wdm.WebDriverManager - Driver chromedriver 102.0.5005.61 found in cache
17:44:23.437 [main] INFO io.github.bonigarcia.wdm.WebDriverManager - Exporting webdriver.chrome.driver as C:\Users\USER\.cache\selenium\chromedriver\win32\102.0.5005.61\chromedriver.exe
17:44:23.677 [main] DEBUG net.serenitybdd.core.webdriver.driverproviders.ProvideNewDriver - Instantiating driver
17:44:23.677 [main] DEBUG net.serenitybdd.core.webdriver.driverproviders.ProvideNewDriver - Driver capabilities: Capabilities {acceptInsecureCerts: false, base.url: https://hospital-management..., browserName: chrome, chrome.driver: src/test/resources/webdrive..., driver: chrome, goog:chromeOptions: {args: [], extensions: []}}
17:44:24.204 [AsyncHttpClient-1-7] DEBUG org.asynchttpclient.netty.channel.NettyConnectListener - Using new Channel '[id: 0x9b815c92, L:/127.0.0.1:57896 - R:localhost/127.0.0.1:53678]' for 'POST' to '/session'
17:44:26.278 [AsyncHttpClient-1-7] DEBUG org.asynchttpclient.netty.handler.HttpHandler - 

Request DefaultHttpRequest(decodeResult: success, version: HTTP/1.1)
POST /session HTTP/1.1
User-Agent: selenium/4.1.2 (java windows)
Content-Length: 621
Content-Type: application/json; charset=utf-8
host: localhost:53678
accept: */*

Response DefaultHttpResponse(decodeResult: success, version: HTTP/1.1)
HTTP/1.1 200 OK
Content-Type: application/json; charset=utf-8
cache-control: no-cache
content-length: 789

17:44:26.279 [AsyncHttpClient-1-7] DEBUG org.asynchttpclient.netty.channel.ChannelManager - Adding key: http://localhost:53678 for channel [id: 0x9b815c92, L:/127.0.0.1:57896 - R:localhost/127.0.0.1:53678]
17:44:26.287 [AsyncHttpClient-1-8] DEBUG org.asynchttpclient.netty.channel.NettyConnectListener - Using new Channel '[id: 0x9a8b1f5c, L:/127.0.0.1:57904 - R:localhost/127.0.0.1:57897]' for 'GET' to '/json/version'
17:44:26.289 [AsyncHttpClient-1-8] DEBUG org.asynchttpclient.netty.handler.HttpHandler - 

Request DefaultFullHttpRequest(decodeResult: success, version: HTTP/1.1, content: EmptyByteBufBE)
GET /json/version HTTP/1.1
User-Agent: selenium/4.1.2 (java windows)
host: localhost:57897
accept: */*

Response DefaultHttpResponse(decodeResult: success, version: HTTP/1.1)
HTTP/1.1 200 OK
Content-Type: application/json; charset=UTF-8
content-length: 427

17:44:26.289 [AsyncHttpClient-1-8] DEBUG org.asynchttpclient.netty.channel.ChannelManager - Adding key: http://localhost:57897 for channel [id: 0x9a8b1f5c, L:/127.0.0.1:57904 - R:localhost/127.0.0.1:57897]
17:44:26.294 [AsyncHttpClient-1-9] DEBUG org.asynchttpclient.netty.channel.NettyConnectListener - Using new Channel '[id: 0x66b47ec9, L:/127.0.0.1:57905 - R:localhost/127.0.0.1:57897]' for 'GET' to '/devtools/browser/6f7b65ee-cfdf-4316-8e7b-e0875593bb4f'
17:44:26.295 [AsyncHttpClient-1-9] DEBUG org.asynchttpclient.netty.handler.WebSocketHandler - 

Request DefaultFullHttpRequest(decodeResult: success, version: HTTP/1.1, content: EmptyByteBufBE)
GET /devtools/browser/6f7b65ee-cfdf-4316-8e7b-e0875593bb4f HTTP/1.1
upgrade: websocket
connection: upgrade
sec-websocket-key: sqKtZfVoKuPWEtiJbmUplA==
sec-websocket-version: 13
origin: http://localhost:57897
host: localhost:57897
accept: */*
user-agent: AHC/2.1

Response DefaultHttpResponse(decodeResult: success, version: HTTP/1.1)
HTTP/1.1 101 WebSocket Protocol Handshake
Upgrade: WebSocket
Connection: Upgrade
Sec-WebSocket-Accept: 7HZuo70uTKLc50PSEXu2EBf8wEo=

17:44:26.299 [Forwarding maximizeCurrentWindow on session 570c188c10b64fe86f1f5c95b0edbfd1 to remote] DEBUG org.asynchttpclient.netty.request.NettyRequestSender - Using pooled Channel '[id: 0x9b815c92, L:/127.0.0.1:57896 - R:localhost/127.0.0.1:53678]' for 'POST' to 'http://localhost:53678/session/570c188c10b64fe86f1f5c95b0edbfd1/window/maximize'
17:44:26.299 [Forwarding maximizeCurrentWindow on session 570c188c10b64fe86f1f5c95b0edbfd1 to remote] DEBUG org.asynchttpclient.netty.request.NettyRequestSender - Using open Channel [id: 0x9b815c92, L:/127.0.0.1:57896 - R:localhost/127.0.0.1:53678] for POST '/session/570c188c10b64fe86f1f5c95b0edbfd1/window/maximize'
17:44:26.405 [AsyncHttpClient-1-1] DEBUG org.asynchttpclient.netty.channel.DefaultChannelPool - Entry count for : http://localhost:57897 : 1
17:44:26.445 [AsyncHttpClient-1-7] DEBUG org.asynchttpclient.netty.handler.HttpHandler - 

Request DefaultHttpRequest(decodeResult: success, version: HTTP/1.1)
POST /session/570c188c10b64fe86f1f5c95b0edbfd1/window/maximize HTTP/1.1
User-Agent: selenium/4.1.2 (java windows)
Content-Length: 3
Content-Type: application/json; charset=utf-8
host: localhost:53678
accept: */*

Response DefaultHttpResponse(decodeResult: success, version: HTTP/1.1)
HTTP/1.1 200 OK
Content-Type: application/json; charset=utf-8
cache-control: no-cache
content-length: 51

17:44:26.445 [AsyncHttpClient-1-7] DEBUG org.asynchttpclient.netty.channel.ChannelManager - Adding key: http://localhost:53678 for channel [id: 0x9b815c92, L:/127.0.0.1:57896 - R:localhost/127.0.0.1:53678]
17:44:26.447 [Forwarding get on session 570c188c10b64fe86f1f5c95b0edbfd1 to remote] DEBUG org.asynchttpclient.netty.request.NettyRequestSender - Using pooled Channel '[id: 0x9b815c92, L:/127.0.0.1:57896 - R:localhost/127.0.0.1:53678]' for 'POST' to 'http://localhost:53678/session/570c188c10b64fe86f1f5c95b0edbfd1/url'
17:44:26.447 [Forwarding get on session 570c188c10b64fe86f1f5c95b0edbfd1 to remote] DEBUG org.asynchttpclient.netty.request.NettyRequestSender - Using open Channel [id: 0x9b815c92, L:/127.0.0.1:57896 - R:localhost/127.0.0.1:53678] for POST '/session/570c188c10b64fe86f1f5c95b0edbfd1/url'
17:44:27.502 [AsyncHttpClient-1-1] DEBUG org.asynchttpclient.netty.channel.DefaultChannelPool - Entry count for : http://localhost:57897 : 1
17:44:28.600 [AsyncHttpClient-1-1] DEBUG org.asynchttpclient.netty.channel.DefaultChannelPool - Entry count for : http://localhost:57897 : 1
17:44:29.235 [AsyncHttpClient-1-7] DEBUG org.asynchttpclient.netty.handler.HttpHandler - 

Request DefaultHttpRequest(decodeResult: success, version: HTTP/1.1)
POST /session/570c188c10b64fe86f1f5c95b0edbfd1/url HTTP/1.1
User-Agent: selenium/4.1.2 (java windows)
Content-Length: 65
Content-Type: application/json; charset=utf-8
host: localhost:53678
accept: */*

Response DefaultHttpResponse(decodeResult: success, version: HTTP/1.1)
HTTP/1.1 200 OK
Content-Type: application/json; charset=utf-8
cache-control: no-cache
content-length: 14

17:44:29.235 [AsyncHttpClient-1-7] DEBUG org.asynchttpclient.netty.channel.ChannelManager - Adding key: http://localhost:53678 for channel [id: 0x9b815c92, L:/127.0.0.1:57896 - R:localhost/127.0.0.1:53678]
17:44:29.237 [Forwarding setTimeout on session 570c188c10b64fe86f1f5c95b0edbfd1 to remote] DEBUG org.asynchttpclient.netty.request.NettyRequestSender - Using pooled Channel '[id: 0x9b815c92, L:/127.0.0.1:57896 - R:localhost/127.0.0.1:53678]' for 'POST' to 'http://localhost:53678/session/570c188c10b64fe86f1f5c95b0edbfd1/timeouts'
17:44:29.237 [Forwarding setTimeout on session 570c188c10b64fe86f1f5c95b0edbfd1 to remote] DEBUG org.asynchttpclient.netty.request.NettyRequestSender - Using open Channel [id: 0x9b815c92, L:/127.0.0.1:57896 - R:localhost/127.0.0.1:53678] for POST '/session/570c188c10b64fe86f1f5c95b0edbfd1/timeouts'
17:44:29.239 [AsyncHttpClient-1-7] DEBUG org.asynchttpclient.netty.handler.HttpHandler - 

Request DefaultHttpRequest(decodeResult: success, version: HTTP/1.1)
POST /session/570c188c10b64fe86f1f5c95b0edbfd1/timeouts HTTP/1.1
User-Agent: selenium/4.1.2 (java windows)
Content-Length: 22
Content-Type: application/json; charset=utf-8
host: localhost:53678
accept: */*

Response DefaultHttpResponse(decodeResult: success, version: HTTP/1.1)
HTTP/1.1 200 OK
Content-Type: application/json; charset=utf-8
cache-control: no-cache
content-length: 14

17:44:29.239 [AsyncHttpClient-1-7] DEBUG org.asynchttpclient.netty.channel.ChannelManager - Adding key: http://localhost:53678 for channel [id: 0x9b815c92, L:/127.0.0.1:57896 - R:localhost/127.0.0.1:53678]
17:44:29.242 [Forwarding getCurrentUrl on session 570c188c10b64fe86f1f5c95b0edbfd1 to remote] DEBUG org.asynchttpclient.netty.request.NettyRequestSender - Using pooled Channel '[id: 0x9b815c92, L:/127.0.0.1:57896 - R:localhost/127.0.0.1:53678]' for 'GET' to 'http://localhost:53678/session/570c188c10b64fe86f1f5c95b0edbfd1/url'
17:44:29.243 [Forwarding getCurrentUrl on session 570c188c10b64fe86f1f5c95b0edbfd1 to remote] DEBUG org.asynchttpclient.netty.request.NettyRequestSender - Using open Channel [id: 0x9b815c92, L:/127.0.0.1:57896 - R:localhost/127.0.0.1:53678] for GET '/session/570c188c10b64fe86f1f5c95b0edbfd1/url'
17:44:29.249 [AsyncHttpClient-1-7] DEBUG org.asynchttpclient.netty.handler.HttpHandler - 

Request DefaultFullHttpRequest(decodeResult: success, version: HTTP/1.1, content: EmptyByteBufBE)
GET /session/570c188c10b64fe86f1f5c95b0edbfd1/url HTTP/1.1
User-Agent: selenium/4.1.2 (java windows)
Cache-Control: no-cache
Content-Type: application/json; charset=utf-8
host: localhost:53678
accept: */*

Response DefaultHttpResponse(decodeResult: success, version: HTTP/1.1)
HTTP/1.1 200 OK
Content-Type: application/json; charset=utf-8
cache-control: no-cache
content-length: 53

17:44:29.250 [AsyncHttpClient-1-7] DEBUG org.asynchttpclient.netty.channel.ChannelManager - Adding key: http://localhost:53678 for channel [id: 0x9b815c92, L:/127.0.0.1:57896 - R:localhost/127.0.0.1:53678]
17:44:29.253 [Forwarding getCurrentUrl on session 570c188c10b64fe86f1f5c95b0edbfd1 to remote] DEBUG org.asynchttpclient.netty.request.NettyRequestSender - Using pooled Channel '[id: 0x9b815c92, L:/127.0.0.1:57896 - R:localhost/127.0.0.1:53678]' for 'GET' to 'http://localhost:53678/session/570c188c10b64fe86f1f5c95b0edbfd1/url'
17:44:29.253 [Forwarding getCurrentUrl on session 570c188c10b64fe86f1f5c95b0edbfd1 to remote] DEBUG org.asynchttpclient.netty.request.NettyRequestSender - Using open Channel [id: 0x9b815c92, L:/127.0.0.1:57896 - R:localhost/127.0.0.1:53678] for GET '/session/570c188c10b64fe86f1f5c95b0edbfd1/url'
17:44:29.258 [AsyncHttpClient-1-7] DEBUG org.asynchttpclient.netty.handler.HttpHandler - 

Request DefaultFullHttpRequest(decodeResult: success, version: HTTP/1.1, content: EmptyByteBufBE)
GET /session/570c188c10b64fe86f1f5c95b0edbfd1/url HTTP/1.1
User-Agent: selenium/4.1.2 (java windows)
Cache-Control: no-cache
Content-Type: application/json; charset=utf-8
host: localhost:53678
accept: */*

Response DefaultHttpResponse(decodeResult: success, version: HTTP/1.1)
HTTP/1.1 200 OK
Content-Type: application/json; charset=utf-8
cache-control: no-cache
content-length: 53

17:44:29.258 [AsyncHttpClient-1-7] DEBUG org.asynchttpclient.netty.channel.ChannelManager - Adding key: http://localhost:53678 for channel [id: 0x9b815c92, L:/127.0.0.1:57896 - R:localhost/127.0.0.1:53678]
17:44:29.264 [Forwarding screenshot on session 570c188c10b64fe86f1f5c95b0edbfd1 to remote] DEBUG org.asynchttpclient.netty.request.NettyRequestSender - Using pooled Channel '[id: 0x9b815c92, L:/127.0.0.1:57896 - R:localhost/127.0.0.1:53678]' for 'GET' to 'http://localhost:53678/session/570c188c10b64fe86f1f5c95b0edbfd1/screenshot'
17:44:29.264 [Forwarding screenshot on session 570c188c10b64fe86f1f5c95b0edbfd1 to remote] DEBUG org.asynchttpclient.netty.request.NettyRequestSender - Using open Channel [id: 0x9b815c92, L:/127.0.0.1:57896 - R:localhost/127.0.0.1:53678] for GET '/session/570c188c10b64fe86f1f5c95b0edbfd1/screenshot'
17:44:29.526 [AsyncHttpClient-1-7] DEBUG org.asynchttpclient.netty.handler.HttpHandler - 

Request DefaultFullHttpRequest(decodeResult: success, version: HTTP/1.1, content: EmptyByteBufBE)
GET /session/570c188c10b64fe86f1f5c95b0edbfd1/screenshot HTTP/1.1
User-Agent: selenium/4.1.2 (java windows)
Cache-Control: no-cache
Content-Type: application/json; charset=utf-8
host: localhost:53678
accept: */*

Response DefaultHttpResponse(decodeResult: success, version: HTTP/1.1)
HTTP/1.1 200 OK
Content-Type: application/json; charset=utf-8
cache-control: no-cache
content-length: 382596

17:44:29.528 [AsyncHttpClient-1-7] DEBUG org.asynchttpclient.netty.channel.ChannelManager - Adding key: http://localhost:53678 for channel [id: 0x9b815c92, L:/127.0.0.1:57896 - R:localhost/127.0.0.1:53678]
17:44:29.563 [main] DEBUG net.serenitybdd.core.photography.Darkroom - Send negative for processing for target\site\serenity\ed15a54c91c342d96a850276df7b559f4526b370fc93040e3c407a48a170f368.png
17:44:29.563 [main] DEBUG net.thucydides.core.steps.StepInterceptor - STEP DONE: openUrl
17:44:29.570 [main] DEBUG net.thucydides.core.steps.StepInterceptor - STARTING STEP: PatientSteps.iAmAtTheDashboardPage - validateOnDashboardPage
17:44:29.573 [Forwarding findElement on session 570c188c10b64fe86f1f5c95b0edbfd1 to remote] DEBUG org.asynchttpclient.netty.request.NettyRequestSender - Using pooled Channel '[id: 0x9b815c92, L:/127.0.0.1:57896 - R:localhost/127.0.0.1:53678]' for 'POST' to 'http://localhost:53678/session/570c188c10b64fe86f1f5c95b0edbfd1/element'
17:44:29.573 [Forwarding findElement on session 570c188c10b64fe86f1f5c95b0edbfd1 to remote] DEBUG org.asynchttpclient.netty.request.NettyRequestSender - Using open Channel [id: 0x9b815c92, L:/127.0.0.1:57896 - R:localhost/127.0.0.1:53678] for POST '/session/570c188c10b64fe86f1f5c95b0edbfd1/element'
17:44:29.591 [AsyncHttpClient-1-7] DEBUG org.asynchttpclient.netty.handler.HttpHandler - 

Request DefaultHttpRequest(decodeResult: success, version: HTTP/1.1)
POST /session/570c188c10b64fe86f1f5c95b0edbfd1/element HTTP/1.1
User-Agent: selenium/4.1.2 (java windows)
Content-Length: 81
Content-Type: application/json; charset=utf-8
host: localhost:53678
accept: */*

Response DefaultHttpResponse(decodeResult: success, version: HTTP/1.1)
HTTP/1.1 200 OK
Content-Type: application/json; charset=utf-8
cache-control: no-cache
content-length: 88

17:44:29.591 [AsyncHttpClient-1-7] DEBUG org.asynchttpclient.netty.channel.ChannelManager - Adding key: http://localhost:53678 for channel [id: 0x9b815c92, L:/127.0.0.1:57896 - R:localhost/127.0.0.1:53678]
17:44:29.594 [Forwarding isElementDisplayed on session 570c188c10b64fe86f1f5c95b0edbfd1 to remote] DEBUG org.asynchttpclient.netty.request.NettyRequestSender - Using pooled Channel '[id: 0x9b815c92, L:/127.0.0.1:57896 - R:localhost/127.0.0.1:53678]' for 'POST' to 'http://localhost:53678/session/570c188c10b64fe86f1f5c95b0edbfd1/execute/sync'
17:44:29.595 [Forwarding isElementDisplayed on session 570c188c10b64fe86f1f5c95b0edbfd1 to remote] DEBUG org.asynchttpclient.netty.request.NettyRequestSender - Using open Channel [id: 0x9b815c92, L:/127.0.0.1:57896 - R:localhost/127.0.0.1:53678] for POST '/session/570c188c10b64fe86f1f5c95b0edbfd1/execute/sync'
17:44:29.616 [AsyncHttpClient-1-7] DEBUG org.asynchttpclient.netty.handler.HttpHandler - 

Request DefaultHttpRequest(decodeResult: success, version: HTTP/1.1)
POST /session/570c188c10b64fe86f1f5c95b0edbfd1/execute/sync HTTP/1.1
User-Agent: selenium/4.1.2 (java windows)
Content-Length: 48780
Content-Type: application/json; charset=utf-8
host: localhost:53678
accept: */*

Response DefaultHttpResponse(decodeResult: success, version: HTTP/1.1)
HTTP/1.1 200 OK
Content-Type: application/json; charset=utf-8
cache-control: no-cache
content-length: 14

17:44:29.616 [AsyncHttpClient-1-7] DEBUG org.asynchttpclient.netty.channel.ChannelManager - Adding key: http://localhost:53678 for channel [id: 0x9b815c92, L:/127.0.0.1:57896 - R:localhost/127.0.0.1:53678]
17:44:29.622 [Forwarding screenshot on session 570c188c10b64fe86f1f5c95b0edbfd1 to remote] DEBUG org.asynchttpclient.netty.request.NettyRequestSender - Using pooled Channel '[id: 0x9b815c92, L:/127.0.0.1:57896 - R:localhost/127.0.0.1:53678]' for 'GET' to 'http://localhost:53678/session/570c188c10b64fe86f1f5c95b0edbfd1/screenshot'
17:44:29.622 [Forwarding screenshot on session 570c188c10b64fe86f1f5c95b0edbfd1 to remote] DEBUG org.asynchttpclient.netty.request.NettyRequestSender - Using open Channel [id: 0x9b815c92, L:/127.0.0.1:57896 - R:localhost/127.0.0.1:53678] for GET '/session/570c188c10b64fe86f1f5c95b0edbfd1/screenshot'
17:44:29.703 [AsyncHttpClient-1-1] DEBUG org.asynchttpclient.netty.channel.DefaultChannelPool - Entry count for : http://localhost:57897 : 1
17:44:29.933 [AsyncHttpClient-1-7] DEBUG org.asynchttpclient.netty.handler.HttpHandler - 

Request DefaultFullHttpRequest(decodeResult: success, version: HTTP/1.1, content: EmptyByteBufBE)
GET /session/570c188c10b64fe86f1f5c95b0edbfd1/screenshot HTTP/1.1
User-Agent: selenium/4.1.2 (java windows)
Cache-Control: no-cache
Content-Type: application/json; charset=utf-8
host: localhost:53678
accept: */*

Response DefaultHttpResponse(decodeResult: success, version: HTTP/1.1)
HTTP/1.1 200 OK
Content-Type: application/json; charset=utf-8
cache-control: no-cache
content-length: 382596

17:44:29.936 [AsyncHttpClient-1-7] DEBUG org.asynchttpclient.netty.channel.ChannelManager - Adding key: http://localhost:53678 for channel [id: 0x9b815c92, L:/127.0.0.1:57896 - R:localhost/127.0.0.1:53678]
17:44:29.962 [main] DEBUG net.serenitybdd.core.photography.Darkroom - Send negative for processing for target\site\serenity\ed15a54c91c342d96a850276df7b559f4526b370fc93040e3c407a48a170f368.png
17:44:29.962 [main] DEBUG net.thucydides.core.steps.StepInterceptor - STEP DONE: validateOnDashboardPage
  &amp#27;[32mGiven &amp#27;[0m&amp#27;[32mI am at the dashboard page&amp#27;[0m                   &amp#27;[90m# starter.stepdefinitions.PatientSteps.iAmAtTheDashboardPage()&amp#27;[0m
17:44:29.997 [main] DEBUG net.thucydides.core.steps.StepInterceptor - STARTING STEP: DoctorSteps.iClickMenuDoctor - clickMenuDoctorButton
17:44:30.000 [Forwarding findElement on session 570c188c10b64fe86f1f5c95b0edbfd1 to remote] DEBUG org.asynchttpclient.netty.request.NettyRequestSender - Using pooled Channel '[id: 0x9b815c92, L:/127.0.0.1:57896 - R:localhost/127.0.0.1:53678]' for 'POST' to 'http://localhost:53678/session/570c188c10b64fe86f1f5c95b0edbfd1/element'
17:44:30.000 [Forwarding findElement on session 570c188c10b64fe86f1f5c95b0edbfd1 to remote] DEBUG org.asynchttpclient.netty.request.NettyRequestSender - Using open Channel [id: 0x9b815c92, L:/127.0.0.1:57896 - R:localhost/127.0.0.1:53678] for POST '/session/570c188c10b64fe86f1f5c95b0edbfd1/element'
17:44:30.016 [AsyncHttpClient-1-7] DEBUG org.asynchttpclient.netty.handler.HttpHandler - 

Request DefaultHttpRequest(decodeResult: success, version: HTTP/1.1)
POST /session/570c188c10b64fe86f1f5c95b0edbfd1/element HTTP/1.1
User-Agent: selenium/4.1.2 (java windows)
Content-Length: 79
Content-Type: application/json; charset=utf-8
host: localhost:53678
accept: */*

Response DefaultHttpResponse(decodeResult: success, version: HTTP/1.1)
HTTP/1.1 200 OK
Content-Type: application/json; charset=utf-8
cache-control: no-cache
content-length: 88

17:44:30.016 [AsyncHttpClient-1-7] DEBUG org.asynchttpclient.netty.channel.ChannelManager - Adding key: http://localhost:53678 for channel [id: 0x9b815c92, L:/127.0.0.1:57896 - R:localhost/127.0.0.1:53678]
17:44:30.017 [Forwarding getElementTagName on session 570c188c10b64fe86f1f5c95b0edbfd1 to remote] DEBUG org.asynchttpclient.netty.request.NettyRequestSender - Using pooled Channel '[id: 0x9b815c92, L:/127.0.0.1:57896 - R:localhost/127.0.0.1:53678]' for 'GET' to 'http://localhost:53678/session/570c188c10b64fe86f1f5c95b0edbfd1/element/84a68291-cf58-4a1d-a802-1fb607594041/name'
17:44:30.017 [Forwarding getElementTagName on session 570c188c10b64fe86f1f5c95b0edbfd1 to remote] DEBUG org.asynchttpclient.netty.request.NettyRequestSender - Using open Channel [id: 0x9b815c92, L:/127.0.0.1:57896 - R:localhost/127.0.0.1:53678] for GET '/session/570c188c10b64fe86f1f5c95b0edbfd1/element/84a68291-cf58-4a1d-a802-1fb607594041/name'
17:44:30.022 [AsyncHttpClient-1-7] DEBUG org.asynchttpclient.netty.handler.HttpHandler - 

Request DefaultFullHttpRequest(decodeResult: success, version: HTTP/1.1, content: EmptyByteBufBE)
GET /session/570c188c10b64fe86f1f5c95b0edbfd1/element/84a68291-cf58-4a1d-a802-1fb607594041/name HTTP/1.1
User-Agent: selenium/4.1.2 (java windows)
Cache-Control: no-cache
Content-Type: application/json; charset=utf-8
host: localhost:53678
accept: */*

Response DefaultHttpResponse(decodeResult: success, version: HTTP/1.1)
HTTP/1.1 200 OK
Content-Type: application/json; charset=utf-8
cache-control: no-cache
content-length: 15

17:44:30.022 [AsyncHttpClient-1-7] DEBUG org.asynchttpclient.netty.channel.ChannelManager - Adding key: http://localhost:53678 for channel [id: 0x9b815c92, L:/127.0.0.1:57896 - R:localhost/127.0.0.1:53678]
17:44:30.023 [Forwarding getElementTagName on session 570c188c10b64fe86f1f5c95b0edbfd1 to remote] DEBUG org.asynchttpclient.netty.request.NettyRequestSender - Using pooled Channel '[id: 0x9b815c92, L:/127.0.0.1:57896 - R:localhost/127.0.0.1:53678]' for 'GET' to 'http://localhost:53678/session/570c188c10b64fe86f1f5c95b0edbfd1/element/84a68291-cf58-4a1d-a802-1fb607594041/name'
17:44:30.023 [Forwarding getElementTagName on session 570c188c10b64fe86f1f5c95b0edbfd1 to remote] DEBUG org.asynchttpclient.netty.request.NettyRequestSender - Using open Channel [id: 0x9b815c92, L:/127.0.0.1:57896 - R:localhost/127.0.0.1:53678] for GET '/session/570c188c10b64fe86f1f5c95b0edbfd1/element/84a68291-cf58-4a1d-a802-1fb607594041/name'
17:44:30.029 [AsyncHttpClient-1-7] DEBUG org.asynchttpclient.netty.handler.HttpHandler - 

Request DefaultFullHttpRequest(decodeResult: success, version: HTTP/1.1, content: EmptyByteBufBE)
GET /session/570c188c10b64fe86f1f5c95b0edbfd1/element/84a68291-cf58-4a1d-a802-1fb607594041/name HTTP/1.1
User-Agent: selenium/4.1.2 (java windows)
Cache-Control: no-cache
Content-Type: application/json; charset=utf-8
host: localhost:53678
accept: */*

Response DefaultHttpResponse(decodeResult: success, version: HTTP/1.1)
HTTP/1.1 200 OK
Content-Type: application/json; charset=utf-8
cache-control: no-cache
content-length: 15

17:44:30.030 [AsyncHttpClient-1-7] DEBUG org.asynchttpclient.netty.channel.ChannelManager - Adding key: http://localhost:53678 for channel [id: 0x9b815c92, L:/127.0.0.1:57896 - R:localhost/127.0.0.1:53678]
17:44:30.033 [Forwarding findElement on session 570c188c10b64fe86f1f5c95b0edbfd1 to remote] DEBUG org.asynchttpclient.netty.request.NettyRequestSender - Using pooled Channel '[id: 0x9b815c92, L:/127.0.0.1:57896 - R:localhost/127.0.0.1:53678]' for 'POST' to 'http://localhost:53678/session/570c188c10b64fe86f1f5c95b0edbfd1/element'
17:44:30.033 [Forwarding findElement on session 570c188c10b64fe86f1f5c95b0edbfd1 to remote] DEBUG org.asynchttpclient.netty.request.NettyRequestSender - Using open Channel [id: 0x9b815c92, L:/127.0.0.1:57896 - R:localhost/127.0.0.1:53678] for POST '/session/570c188c10b64fe86f1f5c95b0edbfd1/element'
17:44:30.048 [AsyncHttpClient-1-7] DEBUG org.asynchttpclient.netty.handler.HttpHandler - 

Request DefaultHttpRequest(decodeResult: success, version: HTTP/1.1)
POST /session/570c188c10b64fe86f1f5c95b0edbfd1/element HTTP/1.1
User-Agent: selenium/4.1.2 (java windows)
Content-Length: 79
Content-Type: application/json; charset=utf-8
host: localhost:53678
accept: */*

Response DefaultHttpResponse(decodeResult: success, version: HTTP/1.1)
HTTP/1.1 200 OK
Content-Type: application/json; charset=utf-8
cache-control: no-cache
content-length: 88

17:44:30.049 [AsyncHttpClient-1-7] DEBUG org.asynchttpclient.netty.channel.ChannelManager - Adding key: http://localhost:53678 for channel [id: 0x9b815c92, L:/127.0.0.1:57896 - R:localhost/127.0.0.1:53678]
17:44:30.058 [Forwarding clickElement on session 570c188c10b64fe86f1f5c95b0edbfd1 to remote] DEBUG org.asynchttpclient.netty.request.NettyRequestSender - Using pooled Channel '[id: 0x9b815c92, L:/127.0.0.1:57896 - R:localhost/127.0.0.1:53678]' for 'POST' to 'http://localhost:53678/session/570c188c10b64fe86f1f5c95b0edbfd1/element/84a68291-cf58-4a1d-a802-1fb607594041/click'
17:44:30.058 [Forwarding clickElement on session 570c188c10b64fe86f1f5c95b0edbfd1 to remote] DEBUG org.asynchttpclient.netty.request.NettyRequestSender - Using open Channel [id: 0x9b815c92, L:/127.0.0.1:57896 - R:localhost/127.0.0.1:53678] for POST '/session/570c188c10b64fe86f1f5c95b0edbfd1/element/84a68291-cf58-4a1d-a802-1fb607594041/click'
17:44:30.275 [AsyncHttpClient-1-7] DEBUG org.asynchttpclient.netty.handler.HttpHandler - 

Request DefaultHttpRequest(decodeResult: success, version: HTTP/1.1)
POST /session/570c188c10b64fe86f1f5c95b0edbfd1/element/84a68291-cf58-4a1d-a802-1fb607594041/click HTTP/1.1
User-Agent: selenium/4.1.2 (java windows)
Content-Length: 50
Content-Type: application/json; charset=utf-8
host: localhost:53678
accept: */*

Response DefaultHttpResponse(decodeResult: success, version: HTTP/1.1)
HTTP/1.1 200 OK
Content-Type: application/json; charset=utf-8
cache-control: no-cache
content-length: 14

17:44:30.275 [AsyncHttpClient-1-7] DEBUG org.asynchttpclient.netty.channel.ChannelManager - Adding key: http://localhost:53678 for channel [id: 0x9b815c92, L:/127.0.0.1:57896 - R:localhost/127.0.0.1:53678]
17:44:30.282 [Forwarding screenshot on session 570c188c10b64fe86f1f5c95b0edbfd1 to remote] DEBUG org.asynchttpclient.netty.request.NettyRequestSender - Using pooled Channel '[id: 0x9b815c92, L:/127.0.0.1:57896 - R:localhost/127.0.0.1:53678]' for 'GET' to 'http://localhost:53678/session/570c188c10b64fe86f1f5c95b0edbfd1/screenshot'
17:44:30.282 [Forwarding screenshot on session 570c188c10b64fe86f1f5c95b0edbfd1 to remote] DEBUG org.asynchttpclient.netty.request.NettyRequestSender - Using open Channel [id: 0x9b815c92, L:/127.0.0.1:57896 - R:localhost/127.0.0.1:53678] for GET '/session/570c188c10b64fe86f1f5c95b0edbfd1/screenshot'
17:44:30.393 [AsyncHttpClient-1-7] DEBUG org.asynchttpclient.netty.handler.HttpHandler - 

Request DefaultFullHttpRequest(decodeResult: success, version: HTTP/1.1, content: EmptyByteBufBE)
GET /session/570c188c10b64fe86f1f5c95b0edbfd1/screenshot HTTP/1.1
User-Agent: selenium/4.1.2 (java windows)
Cache-Control: no-cache
Content-Type: application/json; charset=utf-8
host: localhost:53678
accept: */*

Response DefaultHttpResponse(decodeResult: success, version: HTTP/1.1)
HTTP/1.1 200 OK
Content-Type: application/json; charset=utf-8
cache-control: no-cache
content-length: 56192

17:44:30.394 [AsyncHttpClient-1-7] DEBUG org.asynchttpclient.netty.channel.ChannelManager - Adding key: http://localhost:53678 for channel [id: 0x9b815c92, L:/127.0.0.1:57896 - R:localhost/127.0.0.1:53678]
17:44:30.398 [main] DEBUG net.serenitybdd.core.photography.Darkroom - Send negative for processing for target\site\serenity\d631e005c1ab8c2ae9496eb0000819a309562887f5f0fc5c3b73065dfab87bed.png
17:44:30.398 [main] DEBUG net.thucydides.core.steps.StepInterceptor - STEP DONE: clickMenuDoctorButton
  &amp#27;[32mAnd &amp#27;[0m&amp#27;[32mI click menu doctor&amp#27;[0m                            &amp#27;[90m# starter.stepdefinitions.DoctorSteps.iClickMenuDoctor()&amp#27;[0m
17:44:30.412 [Forwarding findElement on session 570c188c10b64fe86f1f5c95b0edbfd1 to remote] DEBUG org.asynchttpclient.netty.request.NettyRequestSender - Using pooled Channel '[id: 0x9b815c92, L:/127.0.0.1:57896 - R:localhost/127.0.0.1:53678]' for 'POST' to 'http://localhost:53678/session/570c188c10b64fe86f1f5c95b0edbfd1/element'
17:44:30.412 [Forwarding findElement on session 570c188c10b64fe86f1f5c95b0edbfd1 to remote] DEBUG org.asynchttpclient.netty.request.NettyRequestSender - Using open Channel [id: 0x9b815c92, L:/127.0.0.1:57896 - R:localhost/127.0.0.1:53678] for POST '/session/570c188c10b64fe86f1f5c95b0edbfd1/element'
17:44:30.430 [AsyncHttpClient-1-7] DEBUG org.asynchttpclient.netty.handler.HttpHandler - 

Request DefaultHttpRequest(decodeResult: success, version: HTTP/1.1)
POST /session/570c188c10b64fe86f1f5c95b0edbfd1/element HTTP/1.1
User-Agent: selenium/4.1.2 (java windows)
Content-Length: 160
Content-Type: application/json; charset=utf-8
host: localhost:53678
accept: */*

Response DefaultHttpResponse(decodeResult: success, version: HTTP/1.1)
HTTP/1.1 200 OK
Content-Type: application/json; charset=utf-8
cache-control: no-cache
content-length: 88

17:44:30.430 [AsyncHttpClient-1-7] DEBUG org.asynchttpclient.netty.channel.ChannelManager - Adding key: http://localhost:53678 for channel [id: 0x9b815c92, L:/127.0.0.1:57896 - R:localhost/127.0.0.1:53678]
17:44:30.431 [Forwarding clearElement on session 570c188c10b64fe86f1f5c95b0edbfd1 to remote] DEBUG org.asynchttpclient.netty.request.NettyRequestSender - Using pooled Channel '[id: 0x9b815c92, L:/127.0.0.1:57896 - R:localhost/127.0.0.1:53678]' for 'POST' to 'http://localhost:53678/session/570c188c10b64fe86f1f5c95b0edbfd1/element/8f850b0d-a737-4535-8ed6-1ec659714cac/clear'
17:44:30.431 [Forwarding clearElement on session 570c188c10b64fe86f1f5c95b0edbfd1 to remote] DEBUG org.asynchttpclient.netty.request.NettyRequestSender - Using open Channel [id: 0x9b815c92, L:/127.0.0.1:57896 - R:localhost/127.0.0.1:53678] for POST '/session/570c188c10b64fe86f1f5c95b0edbfd1/element/8f850b0d-a737-4535-8ed6-1ec659714cac/clear'
17:44:30.477 [AsyncHttpClient-1-7] DEBUG org.asynchttpclient.netty.handler.HttpHandler - 

Request DefaultHttpRequest(decodeResult: success, version: HTTP/1.1)
POST /session/570c188c10b64fe86f1f5c95b0edbfd1/element/8f850b0d-a737-4535-8ed6-1ec659714cac/clear HTTP/1.1
User-Agent: selenium/4.1.2 (java windows)
Content-Length: 50
Content-Type: application/json; charset=utf-8
host: localhost:53678
accept: */*

Response DefaultHttpResponse(decodeResult: success, version: HTTP/1.1)
HTTP/1.1 200 OK
Content-Type: application/json; charset=utf-8
cache-control: no-cache
content-length: 14

17:44:30.478 [AsyncHttpClient-1-7] DEBUG org.asynchttpclient.netty.channel.ChannelManager - Adding key: http://localhost:53678 for channel [id: 0x9b815c92, L:/127.0.0.1:57896 - R:localhost/127.0.0.1:53678]
17:44:30.479 [Forwarding sendKeysToElement on session 570c188c10b64fe86f1f5c95b0edbfd1 to remote] DEBUG org.asynchttpclient.netty.request.NettyRequestSender - Using pooled Channel '[id: 0x9b815c92, L:/127.0.0.1:57896 - R:localhost/127.0.0.1:53678]' for 'POST' to 'http://localhost:53678/session/570c188c10b64fe86f1f5c95b0edbfd1/element/8f850b0d-a737-4535-8ed6-1ec659714cac/value'
17:44:30.479 [Forwarding sendKeysToElement on session 570c188c10b64fe86f1f5c95b0edbfd1 to remote] DEBUG org.asynchttpclient.netty.request.NettyRequestSender - Using open Channel [id: 0x9b815c92, L:/127.0.0.1:57896 - R:localhost/127.0.0.1:53678] for POST '/session/570c188c10b64fe86f1f5c95b0edbfd1/element/8f850b0d-a737-4535-8ed6-1ec659714cac/value'
17:44:30.572 [AsyncHttpClient-1-7] DEBUG org.asynchttpclient.netty.handler.HttpHandler - 

Request DefaultHttpRequest(decodeResult: success, version: HTTP/1.1)
POST /session/570c188c10b64fe86f1f5c95b0edbfd1/element/8f850b0d-a737-4535-8ed6-1ec659714cac/value HTTP/1.1
User-Agent: selenium/4.1.2 (java windows)
Content-Length: 91
Content-Type: application/json; charset=utf-8
host: localhost:53678
accept: */*

Response DefaultHttpResponse(decodeResult: success, version: HTTP/1.1)
HTTP/1.1 200 OK
Content-Type: application/json; charset=utf-8
cache-control: no-cache
content-length: 14

17:44:30.572 [AsyncHttpClient-1-7] DEBUG org.asynchttpclient.netty.channel.ChannelManager - Adding key: http://localhost:53678 for channel [id: 0x9b815c92, L:/127.0.0.1:57896 - R:localhost/127.0.0.1:53678]
17:44:30.584 [Forwarding screenshot on session 570c188c10b64fe86f1f5c95b0edbfd1 to remote] DEBUG org.asynchttpclient.netty.request.NettyRequestSender - Using pooled Channel '[id: 0x9b815c92, L:/127.0.0.1:57896 - R:localhost/127.0.0.1:53678]' for 'GET' to 'http://localhost:53678/session/570c188c10b64fe86f1f5c95b0edbfd1/screenshot'
17:44:30.584 [Forwarding screenshot on session 570c188c10b64fe86f1f5c95b0edbfd1 to remote] DEBUG org.asynchttpclient.netty.request.NettyRequestSender - Using open Channel [id: 0x9b815c92, L:/127.0.0.1:57896 - R:localhost/127.0.0.1:53678] for GET '/session/570c188c10b64fe86f1f5c95b0edbfd1/screenshot'
17:44:30.690 [AsyncHttpClient-1-7] DEBUG org.asynchttpclient.netty.handler.HttpHandler - 

Request DefaultFullHttpRequest(decodeResult: success, version: HTTP/1.1, content: EmptyByteBufBE)
GET /session/570c188c10b64fe86f1f5c95b0edbfd1/screenshot HTTP/1.1
User-Agent: selenium/4.1.2 (java windows)
Cache-Control: no-cache
Content-Type: application/json; charset=utf-8
host: localhost:53678
accept: */*

Response DefaultHttpResponse(decodeResult: success, version: HTTP/1.1)
HTTP/1.1 200 OK
Content-Type: application/json; charset=utf-8
cache-control: no-cache
content-length: 54868

17:44:30.691 [AsyncHttpClient-1-7] DEBUG org.asynchttpclient.netty.channel.ChannelManager - Adding key: http://localhost:53678 for channel [id: 0x9b815c92, L:/127.0.0.1:57896 - R:localhost/127.0.0.1:53678]
17:44:30.694 [main] DEBUG net.serenitybdd.core.photography.Darkroom - Send negative for processing for target\site\serenity\914a82a15d26c40fb7f9c44915a8f498639c8a4ad1e064b5e2015c19770dda69.png
17:44:30.694 [main] DEBUG net.thucydides.core.steps.StepInterceptor - STARTING STEP: DoctorSteps.iInputDoctorNIDAndClickSearch - clickSearchButton
17:44:30.694 [Darkroom Processing Line] DEBUG net.serenitybdd.core.photography.DarkroomProcessingLine - Processing screenshot image in /var/screenshots/screenshot-6438604287166072908
17:44:30.694 [Darkroom Processing Line] DEBUG net.serenitybdd.core.photography.DarkroomProcessingLine - Saving screenshot to target\site\serenity\914a82a15d26c40fb7f9c44915a8f498639c8a4ad1e064b5e2015c19770dda69.png
17:44:30.699 [Forwarding findElement on session 570c188c10b64fe86f1f5c95b0edbfd1 to remote] DEBUG org.asynchttpclient.netty.request.NettyRequestSender - Using pooled Channel '[id: 0x9b815c92, L:/127.0.0.1:57896 - R:localhost/127.0.0.1:53678]' for 'POST' to 'http://localhost:53678/session/570c188c10b64fe86f1f5c95b0edbfd1/element'
17:44:30.699 [Forwarding findElement on session 570c188c10b64fe86f1f5c95b0edbfd1 to remote] DEBUG org.asynchttpclient.netty.request.NettyRequestSender - Using open Channel [id: 0x9b815c92, L:/127.0.0.1:57896 - R:localhost/127.0.0.1:53678] for POST '/session/570c188c10b64fe86f1f5c95b0edbfd1/element'
17:44:30.714 [AsyncHttpClient-1-7] DEBUG org.asynchttpclient.netty.handler.HttpHandler - 

Request DefaultHttpRequest(decodeResult: success, version: HTTP/1.1)
POST /session/570c188c10b64fe86f1f5c95b0edbfd1/element HTTP/1.1
User-Agent: selenium/4.1.2 (java windows)
Content-Length: 161
Content-Type: application/json; charset=utf-8
host: localhost:53678
accept: */*

Response DefaultHttpResponse(decodeResult: success, version: HTTP/1.1)
HTTP/1.1 200 OK
Content-Type: application/json; charset=utf-8
cache-control: no-cache
content-length: 88

17:44:30.714 [AsyncHttpClient-1-7] DEBUG org.asynchttpclient.netty.channel.ChannelManager - Adding key: http://localhost:53678 for channel [id: 0x9b815c92, L:/127.0.0.1:57896 - R:localhost/127.0.0.1:53678]
17:44:30.715 [Forwarding getElementTagName on session 570c188c10b64fe86f1f5c95b0edbfd1 to remote] DEBUG org.asynchttpclient.netty.request.NettyRequestSender - Using pooled Channel '[id: 0x9b815c92, L:/127.0.0.1:57896 - R:localhost/127.0.0.1:53678]' for 'GET' to 'http://localhost:53678/session/570c188c10b64fe86f1f5c95b0edbfd1/element/9e70adc9-5a01-4dd7-b008-e2a4bbd105f6/name'
17:44:30.715 [Forwarding getElementTagName on session 570c188c10b64fe86f1f5c95b0edbfd1 to remote] DEBUG org.asynchttpclient.netty.request.NettyRequestSender - Using open Channel [id: 0x9b815c92, L:/127.0.0.1:57896 - R:localhost/127.0.0.1:53678] for GET '/session/570c188c10b64fe86f1f5c95b0edbfd1/element/9e70adc9-5a01-4dd7-b008-e2a4bbd105f6/name'
17:44:30.723 [AsyncHttpClient-1-7] DEBUG org.asynchttpclient.netty.handler.HttpHandler - 

Request DefaultFullHttpRequest(decodeResult: success, version: HTTP/1.1, content: EmptyByteBufBE)
GET /session/570c188c10b64fe86f1f5c95b0edbfd1/element/9e70adc9-5a01-4dd7-b008-e2a4bbd105f6/name HTTP/1.1
User-Agent: selenium/4.1.2 (java windows)
Cache-Control: no-cache
Content-Type: application/json; charset=utf-8
host: localhost:53678
accept: */*

Response DefaultHttpResponse(decodeResult: success, version: HTTP/1.1)
HTTP/1.1 200 OK
Content-Type: application/json; charset=utf-8
cache-control: no-cache
content-length: 18

17:44:30.723 [AsyncHttpClient-1-7] DEBUG org.asynchttpclient.netty.channel.ChannelManager - Adding key: http://localhost:53678 for channel [id: 0x9b815c92, L:/127.0.0.1:57896 - R:localhost/127.0.0.1:53678]
17:44:30.724 [Forwarding getElementTagName on session 570c188c10b64fe86f1f5c95b0edbfd1 to remote] DEBUG org.asynchttpclient.netty.request.NettyRequestSender - Using pooled Channel '[id: 0x9b815c92, L:/127.0.0.1:57896 - R:localhost/127.0.0.1:53678]' for 'GET' to 'http://localhost:53678/session/570c188c10b64fe86f1f5c95b0edbfd1/element/9e70adc9-5a01-4dd7-b008-e2a4bbd105f6/name'
17:44:30.724 [Forwarding getElementTagName on session 570c188c10b64fe86f1f5c95b0edbfd1 to remote] DEBUG org.asynchttpclient.netty.request.NettyRequestSender - Using open Channel [id: 0x9b815c92, L:/127.0.0.1:57896 - R:localhost/127.0.0.1:53678] for GET '/session/570c188c10b64fe86f1f5c95b0edbfd1/element/9e70adc9-5a01-4dd7-b008-e2a4bbd105f6/name'
17:44:30.730 [AsyncHttpClient-1-7] DEBUG org.asynchttpclient.netty.handler.HttpHandler - 

Request DefaultFullHttpRequest(decodeResult: success, version: HTTP/1.1, content: EmptyByteBufBE)
GET /session/570c188c10b64fe86f1f5c95b0edbfd1/element/9e70adc9-5a01-4dd7-b008-e2a4bbd105f6/name HTTP/1.1
User-Agent: selenium/4.1.2 (java windows)
Cache-Control: no-cache
Content-Type: application/json; charset=utf-8
host: localhost:53678
accept: */*

Response DefaultHttpResponse(decodeResult: success, version: HTTP/1.1)
HTTP/1.1 200 OK
Content-Type: application/json; charset=utf-8
cache-control: no-cache
content-length: 18

17:44:30.730 [AsyncHttpClient-1-7] DEBUG org.asynchttpclient.netty.channel.ChannelManager - Adding key: http://localhost:53678 for channel [id: 0x9b815c92, L:/127.0.0.1:57896 - R:localhost/127.0.0.1:53678]
17:44:30.734 [Forwarding isElementEnabled on session 570c188c10b64fe86f1f5c95b0edbfd1 to remote] DEBUG org.asynchttpclient.netty.request.NettyRequestSender - Using pooled Channel '[id: 0x9b815c92, L:/127.0.0.1:57896 - R:localhost/127.0.0.1:53678]' for 'GET' to 'http://localhost:53678/session/570c188c10b64fe86f1f5c95b0edbfd1/element/9e70adc9-5a01-4dd7-b008-e2a4bbd105f6/enabled'
17:44:30.735 [Forwarding isElementEnabled on session 570c188c10b64fe86f1f5c95b0edbfd1 to remote] DEBUG org.asynchttpclient.netty.request.NettyRequestSender - Using open Channel [id: 0x9b815c92, L:/127.0.0.1:57896 - R:localhost/127.0.0.1:53678] for GET '/session/570c188c10b64fe86f1f5c95b0edbfd1/element/9e70adc9-5a01-4dd7-b008-e2a4bbd105f6/enabled'
17:44:30.747 [AsyncHttpClient-1-7] DEBUG org.asynchttpclient.netty.handler.HttpHandler - 

Request DefaultFullHttpRequest(decodeResult: success, version: HTTP/1.1, content: EmptyByteBufBE)
GET /session/570c188c10b64fe86f1f5c95b0edbfd1/element/9e70adc9-5a01-4dd7-b008-e2a4bbd105f6/enabled HTTP/1.1
User-Agent: selenium/4.1.2 (java windows)
Cache-Control: no-cache
Content-Type: application/json; charset=utf-8
host: localhost:53678
accept: */*

Response DefaultHttpResponse(decodeResult: success, version: HTTP/1.1)
HTTP/1.1 200 OK
Content-Type: application/json; charset=utf-8
cache-control: no-cache
content-length: 14

17:44:30.748 [AsyncHttpClient-1-7] DEBUG org.asynchttpclient.netty.channel.ChannelManager - Adding key: http://localhost:53678 for channel [id: 0x9b815c92, L:/127.0.0.1:57896 - R:localhost/127.0.0.1:53678]
17:44:30.749 [Forwarding isElementEnabled on session 570c188c10b64fe86f1f5c95b0edbfd1 to remote] DEBUG org.asynchttpclient.netty.request.NettyRequestSender - Using pooled Channel '[id: 0x9b815c92, L:/127.0.0.1:57896 - R:localhost/127.0.0.1:53678]' for 'GET' to 'http://localhost:53678/session/570c188c10b64fe86f1f5c95b0edbfd1/element/9e70adc9-5a01-4dd7-b008-e2a4bbd105f6/enabled'
17:44:30.749 [Forwarding isElementEnabled on session 570c188c10b64fe86f1f5c95b0edbfd1 to remote] DEBUG org.asynchttpclient.netty.request.NettyRequestSender - Using open Channel [id: 0x9b815c92, L:/127.0.0.1:57896 - R:localhost/127.0.0.1:53678] for GET '/session/570c188c10b64fe86f1f5c95b0edbfd1/element/9e70adc9-5a01-4dd7-b008-e2a4bbd105f6/enabled'
17:44:30.757 [AsyncHttpClient-1-7] DEBUG org.asynchttpclient.netty.handler.HttpHandler - 

Request DefaultFullHttpRequest(decodeResult: success, version: HTTP/1.1, content: EmptyByteBufBE)
GET /session/570c188c10b64fe86f1f5c95b0edbfd1/element/9e70adc9-5a01-4dd7-b008-e2a4bbd105f6/enabled HTTP/1.1
User-Agent: selenium/4.1.2 (java windows)
Cache-Control: no-cache
Content-Type: application/json; charset=utf-8
host: localhost:53678
accept: */*

Response DefaultHttpResponse(decodeResult: success, version: HTTP/1.1)
HTTP/1.1 200 OK
Content-Type: application/json; charset=utf-8
cache-control: no-cache
content-length: 14

17:44:30.757 [AsyncHttpClient-1-7] DEBUG org.asynchttpclient.netty.channel.ChannelManager - Adding key: http://localhost:53678 for channel [id: 0x9b815c92, L:/127.0.0.1:57896 - R:localhost/127.0.0.1:53678]
17:44:30.759 [Forwarding findElement on session 570c188c10b64fe86f1f5c95b0edbfd1 to remote] DEBUG org.asynchttpclient.netty.request.NettyRequestSender - Using pooled Channel '[id: 0x9b815c92, L:/127.0.0.1:57896 - R:localhost/127.0.0.1:53678]' for 'POST' to 'http://localhost:53678/session/570c188c10b64fe86f1f5c95b0edbfd1/element'
17:44:30.759 [Forwarding findElement on session 570c188c10b64fe86f1f5c95b0edbfd1 to remote] DEBUG org.asynchttpclient.netty.request.NettyRequestSender - Using open Channel [id: 0x9b815c92, L:/127.0.0.1:57896 - R:localhost/127.0.0.1:53678] for POST '/session/570c188c10b64fe86f1f5c95b0edbfd1/element'
17:44:30.768 [AsyncHttpClient-1-7] DEBUG org.asynchttpclient.netty.handler.HttpHandler - 

Request DefaultHttpRequest(decodeResult: success, version: HTTP/1.1)
POST /session/570c188c10b64fe86f1f5c95b0edbfd1/element HTTP/1.1
User-Agent: selenium/4.1.2 (java windows)
Content-Length: 161
Content-Type: application/json; charset=utf-8
host: localhost:53678
accept: */*

Response DefaultHttpResponse(decodeResult: success, version: HTTP/1.1)
HTTP/1.1 200 OK
Content-Type: application/json; charset=utf-8
cache-control: no-cache
content-length: 88

17:44:30.768 [AsyncHttpClient-1-7] DEBUG org.asynchttpclient.netty.channel.ChannelManager - Adding key: http://localhost:53678 for channel [id: 0x9b815c92, L:/127.0.0.1:57896 - R:localhost/127.0.0.1:53678]
17:44:30.770 [Forwarding clickElement on session 570c188c10b64fe86f1f5c95b0edbfd1 to remote] DEBUG org.asynchttpclient.netty.request.NettyRequestSender - Using pooled Channel '[id: 0x9b815c92, L:/127.0.0.1:57896 - R:localhost/127.0.0.1:53678]' for 'POST' to 'http://localhost:53678/session/570c188c10b64fe86f1f5c95b0edbfd1/element/9e70adc9-5a01-4dd7-b008-e2a4bbd105f6/click'
17:44:30.770 [Forwarding clickElement on session 570c188c10b64fe86f1f5c95b0edbfd1 to remote] DEBUG org.asynchttpclient.netty.request.NettyRequestSender - Using open Channel [id: 0x9b815c92, L:/127.0.0.1:57896 - R:localhost/127.0.0.1:53678] for POST '/session/570c188c10b64fe86f1f5c95b0edbfd1/element/9e70adc9-5a01-4dd7-b008-e2a4bbd105f6/click'
17:44:30.800 [AsyncHttpClient-1-1] DEBUG org.asynchttpclient.netty.channel.DefaultChannelPool - Entry count for : http://localhost:57897 : 1
17:44:30.844 [AsyncHttpClient-1-7] DEBUG org.asynchttpclient.netty.handler.HttpHandler - 

Request DefaultHttpRequest(decodeResult: success, version: HTTP/1.1)
POST /session/570c188c10b64fe86f1f5c95b0edbfd1/element/9e70adc9-5a01-4dd7-b008-e2a4bbd105f6/click HTTP/1.1
User-Agent: selenium/4.1.2 (java windows)
Content-Length: 50
Content-Type: application/json; charset=utf-8
host: localhost:53678
accept: */*

Response DefaultHttpResponse(decodeResult: success, version: HTTP/1.1)
HTTP/1.1 200 OK
Content-Type: application/json; charset=utf-8
cache-control: no-cache
content-length: 14

17:44:30.844 [AsyncHttpClient-1-7] DEBUG org.asynchttpclient.netty.channel.ChannelManager - Adding key: http://localhost:53678 for channel [id: 0x9b815c92, L:/127.0.0.1:57896 - R:localhost/127.0.0.1:53678]
17:44:30.851 [Forwarding screenshot on session 570c188c10b64fe86f1f5c95b0edbfd1 to remote] DEBUG org.asynchttpclient.netty.request.NettyRequestSender - Using pooled Channel '[id: 0x9b815c92, L:/127.0.0.1:57896 - R:localhost/127.0.0.1:53678]' for 'GET' to 'http://localhost:53678/session/570c188c10b64fe86f1f5c95b0edbfd1/screenshot'
17:44:30.851 [Forwarding screenshot on session 570c188c10b64fe86f1f5c95b0edbfd1 to remote] DEBUG org.asynchttpclient.netty.request.NettyRequestSender - Using open Channel [id: 0x9b815c92, L:/127.0.0.1:57896 - R:localhost/127.0.0.1:53678] for GET '/session/570c188c10b64fe86f1f5c95b0edbfd1/screenshot'
17:44:30.965 [AsyncHttpClient-1-7] DEBUG org.asynchttpclient.netty.handler.HttpHandler - 

Request DefaultFullHttpRequest(decodeResult: success, version: HTTP/1.1, content: EmptyByteBufBE)
GET /session/570c188c10b64fe86f1f5c95b0edbfd1/screenshot HTTP/1.1
User-Agent: selenium/4.1.2 (java windows)
Cache-Control: no-cache
Content-Type: application/json; charset=utf-8
host: localhost:53678
accept: */*

Response DefaultHttpResponse(decodeResult: success, version: HTTP/1.1)
HTTP/1.1 200 OK
Content-Type: application/json; charset=utf-8
cache-control: no-cache
content-length: 55396

17:44:30.966 [AsyncHttpClient-1-7] DEBUG org.asynchttpclient.netty.channel.ChannelManager - Adding key: http://localhost:53678 for channel [id: 0x9b815c92, L:/127.0.0.1:57896 - R:localhost/127.0.0.1:53678]
17:44:30.969 [main] DEBUG net.serenitybdd.core.photography.Darkroom - Send negative for processing for target\site\serenity\6a208c4959d3cd6a54100b13e8c9e0230f6e543b8fbb7c8fdb67686b6b92deaa.png
17:44:30.969 [main] DEBUG net.thucydides.core.steps.StepInterceptor - STEP DONE: clickSearchButton
  &amp#27;[32mWhen &amp#27;[0m&amp#27;[32mI input doctor NID and click search&amp#27;[0m           &amp#27;[90m# starter.stepdefinitions.DoctorSteps.iInputDoctorNIDAndClickSearch()&amp#27;[0m
17:44:30.969 [Darkroom Processing Line] DEBUG net.serenitybdd.core.photography.DarkroomProcessingLine - Processing screenshot image in /var/screenshots/screenshot-3325616612850539231
17:44:30.969 [Darkroom Processing Line] DEBUG net.serenitybdd.core.photography.DarkroomProcessingLine - Saving screenshot to target\site\serenity\6a208c4959d3cd6a54100b13e8c9e0230f6e543b8fbb7c8fdb67686b6b92deaa.png
17:44:30.983 [Forwarding findElement on session 570c188c10b64fe86f1f5c95b0edbfd1 to remote] DEBUG org.asynchttpclient.netty.request.NettyRequestSender - Using pooled Channel '[id: 0x9b815c92, L:/127.0.0.1:57896 - R:localhost/127.0.0.1:53678]' for 'POST' to 'http://localhost:53678/session/570c188c10b64fe86f1f5c95b0edbfd1/element'
17:44:30.983 [Forwarding findElement on session 570c188c10b64fe86f1f5c95b0edbfd1 to remote] DEBUG org.asynchttpclient.netty.request.NettyRequestSender - Using open Channel [id: 0x9b815c92, L:/127.0.0.1:57896 - R:localhost/127.0.0.1:53678] for POST '/session/570c188c10b64fe86f1f5c95b0edbfd1/element'
17:44:31.281 [AsyncHttpClient-1-7] DEBUG org.asynchttpclient.netty.handler.HttpHandler - 

Request DefaultHttpRequest(decodeResult: success, version: HTTP/1.1)
POST /session/570c188c10b64fe86f1f5c95b0edbfd1/element HTTP/1.1
User-Agent: selenium/4.1.2 (java windows)
Content-Length: 73
Content-Type: application/json; charset=utf-8
host: localhost:53678
accept: */*

Response DefaultHttpResponse(decodeResult: success, version: HTTP/1.1)
HTTP/1.1 200 OK
Content-Type: application/json; charset=utf-8
cache-control: no-cache
content-length: 88

17:44:31.281 [AsyncHttpClient-1-7] DEBUG org.asynchttpclient.netty.channel.ChannelManager - Adding key: http://localhost:53678 for channel [id: 0x9b815c92, L:/127.0.0.1:57896 - R:localhost/127.0.0.1:53678]
17:44:31.286 [Forwarding isElementDisplayed on session 570c188c10b64fe86f1f5c95b0edbfd1 to remote] DEBUG org.asynchttpclient.netty.request.NettyRequestSender - Using pooled Channel '[id: 0x9b815c92, L:/127.0.0.1:57896 - R:localhost/127.0.0.1:53678]' for 'POST' to 'http://localhost:53678/session/570c188c10b64fe86f1f5c95b0edbfd1/execute/sync'
17:44:31.286 [Forwarding isElementDisplayed on session 570c188c10b64fe86f1f5c95b0edbfd1 to remote] DEBUG org.asynchttpclient.netty.request.NettyRequestSender - Using open Channel [id: 0x9b815c92, L:/127.0.0.1:57896 - R:localhost/127.0.0.1:53678] for POST '/session/570c188c10b64fe86f1f5c95b0edbfd1/execute/sync'
17:44:31.312 [AsyncHttpClient-1-7] DEBUG org.asynchttpclient.netty.handler.HttpHandler - 

Request DefaultHttpRequest(decodeResult: success, version: HTTP/1.1)
POST /session/570c188c10b64fe86f1f5c95b0edbfd1/execute/sync HTTP/1.1
User-Agent: selenium/4.1.2 (java windows)
Content-Length: 48780
Content-Type: application/json; charset=utf-8
host: localhost:53678
accept: */*

Response DefaultHttpResponse(decodeResult: success, version: HTTP/1.1)
HTTP/1.1 200 OK
Content-Type: application/json; charset=utf-8
cache-control: no-cache
content-length: 14

17:44:31.312 [AsyncHttpClient-1-7] DEBUG org.asynchttpclient.netty.channel.ChannelManager - Adding key: http://localhost:53678 for channel [id: 0x9b815c92, L:/127.0.0.1:57896 - R:localhost/127.0.0.1:53678]
  &amp#27;[32mThen &amp#27;[0m&amp#27;[32mI validate search by doctor NID&amp#27;[0m               &amp#27;[90m# starter.stepdefinitions.DoctorSteps.iValidateSearchByDoctorNID()&amp#27;[0m
17:44:31.319 [Forwarding screenshot on session 570c188c10b64fe86f1f5c95b0edbfd1 to remote] DEBUG org.asynchttpclient.netty.request.NettyRequestSender - Using pooled Channel '[id: 0x9b815c92, L:/127.0.0.1:57896 - R:localhost/127.0.0.1:53678]' for 'GET' to 'http://localhost:53678/session/570c188c10b64fe86f1f5c95b0edbfd1/screenshot'
17:44:31.319 [Forwarding screenshot on session 570c188c10b64fe86f1f5c95b0edbfd1 to remote] DEBUG org.asynchttpclient.netty.request.NettyRequestSender - Using open Channel [id: 0x9b815c92, L:/127.0.0.1:57896 - R:localhost/127.0.0.1:53678] for GET '/session/570c188c10b64fe86f1f5c95b0edbfd1/screenshot'
17:44:31.437 [AsyncHttpClient-1-7] DEBUG org.asynchttpclient.netty.handler.HttpHandler - 

Request DefaultFullHttpRequest(decodeResult: success, version: HTTP/1.1, content: EmptyByteBufBE)
GET /session/570c188c10b64fe86f1f5c95b0edbfd1/screenshot HTTP/1.1
User-Agent: selenium/4.1.2 (java windows)
Cache-Control: no-cache
Content-Type: application/json; charset=utf-8
host: localhost:53678
accept: */*

Response DefaultHttpResponse(decodeResult: success, version: HTTP/1.1)
HTTP/1.1 200 OK
Content-Type: application/json; charset=utf-8
cache-control: no-cache
content-length: 90928

17:44:31.437 [AsyncHttpClient-1-7] DEBUG org.asynchttpclient.netty.channel.ChannelManager - Adding key: http://localhost:53678 for channel [id: 0x9b815c92, L:/127.0.0.1:57896 - R:localhost/127.0.0.1:53678]
17:44:31.442 [main] DEBUG net.serenitybdd.core.photography.Darkroom - Send negative for processing for target\site\serenity\a264c01c2dc0a51165d420985f597c6a9bc40f8a4df29b622e3162982fee9cad.png
17:44:31.442 [Darkroom Processing Line] DEBUG net.serenitybdd.core.photography.DarkroomProcessingLine - Processing screenshot image in /var/screenshots/screenshot-12629316185361532838
17:44:31.442 [Darkroom Processing Line] DEBUG net.serenitybdd.core.photography.DarkroomProcessingLine - Saving screenshot to target\site\serenity\a264c01c2dc0a51165d420985f597c6a9bc40f8a4df29b622e3162982fee9cad.png
17:44:31.443 [main] INFO  - 
  _____   ___   ___   _____     ___     _     ___   ___   ___   ___  
 |_   _| | __| / __| |_   _|   | _ \   /_\   / __| / __| | __| |   \ 
   | |   | _|  \__ \   | |     |  _/  / _ \  \__ \ \__ \ | _|  | |) |
   |_|   |___| |___/   |_|     |_|   /_/ \_\ |___/ |___/ |___| |___/ 

Search Doctor Based on Doctor NID Scenario
----------------------------------------------------------------------
17:44:31.445 [AsyncHttpClient-1-9] DEBUG org.asynchttpclient.netty.handler.WebSocketHandler - Channel Closed: [id: 0x66b47ec9, L:/127.0.0.1:57905 ! R:localhost/127.0.0.1:57897] with attribute NettyResponseFuture{currentRetry=5,
	isDone=1,
	isCancelled=0,
	asyncHandler=org.asynchttpclient.ws.WebSocketUpgradeHandler@4aac9293,
	nettyRequest=org.asynchttpclient.netty.request.NettyRequest@1d732dcf,
	future=java.util.concurrent.CompletableFuture@47d99ece[Completed normally],
	uri=ws://localhost:57897/devtools/browser/6f7b65ee-cfdf-4316-8e7b-e0875593bb4f,
	keepAlive=true,
	redirectCount=0,
	timeoutsHolder=null,
	inAuth=0,
	touch=1655549066295}
17:44:31.446 [AsyncHttpClient-1-9] DEBUG org.asynchttpclient.netty.channel.ChannelManager - Closing Channel [id: 0x66b47ec9, L:/127.0.0.1:57905 ! R:localhost/127.0.0.1:57897] 
17:44:31.446 [Driver Command Executor] DEBUG org.asynchttpclient.netty.request.NettyRequestSender - Using pooled Channel '[id: 0x9b815c92, L:/127.0.0.1:57896 - R:localhost/127.0.0.1:53678]' for 'DELETE' to 'http://localhost:53678/session/570c188c10b64fe86f1f5c95b0edbfd1'
17:44:31.446 [Driver Command Executor] DEBUG org.asynchttpclient.netty.request.NettyRequestSender - Using open Channel [id: 0x9b815c92, L:/127.0.0.1:57896 - R:localhost/127.0.0.1:53678] for DELETE '/session/570c188c10b64fe86f1f5c95b0edbfd1'
17:44:31.495 [AsyncHttpClient-1-8] DEBUG org.asynchttpclient.netty.handler.HttpHandler - Unexpected I/O exception on channel [id: 0x9a8b1f5c, L:/127.0.0.1:57904 - R:localhost/127.0.0.1:57897]
java.net.SocketException: Connection reset
	at java.base/sun.nio.ch.SocketChannelImpl.throwConnectionReset(SocketChannelImpl.java:367)
	at java.base/sun.nio.ch.SocketChannelImpl.read(SocketChannelImpl.java:398)
	at io.netty.buffer.PooledByteBuf.setBytes(PooledByteBuf.java:258)
	at io.netty.buffer.AbstractByteBuf.writeBytes(AbstractByteBuf.java:1132)
	at io.netty.channel.socket.nio.NioSocketChannel.doReadBytes(NioSocketChannel.java:350)
	at io.netty.channel.nio.AbstractNioByteChannel$NioByteUnsafe.read(AbstractNioByteChannel.java:151)
	at io.netty.channel.nio.NioEventLoop.processSelectedKey(NioEventLoop.java:722)
	at io.netty.channel.nio.NioEventLoop.processSelectedKeysOptimized(NioEventLoop.java:658)
	at io.netty.channel.nio.NioEventLoop.processSelectedKeys(NioEventLoop.java:584)
	at io.netty.channel.nio.NioEventLoop.run(NioEventLoop.java:496)
	at io.netty.util.concurrent.SingleThreadEventExecutor$4.run(SingleThreadEventExecutor.java:986)
	at io.netty.util.internal.ThreadExecutorMap$2.run(ThreadExecutorMap.java:74)
	at io.netty.util.concurrent.FastThreadLocalRunnable.run(FastThreadLocalRunnable.java:30)
	at java.base/java.lang.Thread.run(Thread.java:832)
17:44:31.495 [AsyncHttpClient-1-8] DEBUG org.asynchttpclient.netty.channel.ChannelManager - Closing Channel [id: 0x9a8b1f5c, L:/127.0.0.1:57904 - R:localhost/127.0.0.1:57897] 
17:44:31.495 [AsyncHttpClient-1-8] DEBUG org.asynchttpclient.netty.handler.HttpHandler - Channel Closed: [id: 0x9a8b1f5c, L:/127.0.0.1:57904 ! R:localhost/127.0.0.1:57897] with attribute DISCARD
17:44:31.539 [AsyncHttpClient-1-7] DEBUG org.asynchttpclient.netty.handler.HttpHandler - 

Request DefaultFullHttpRequest(decodeResult: success, version: HTTP/1.1, content: EmptyByteBufBE)
DELETE /session/570c188c10b64fe86f1f5c95b0edbfd1 HTTP/1.1
User-Agent: selenium/4.1.2 (java windows)
Content-Type: application/json; charset=utf-8
host: localhost:53678
accept: */*

Response DefaultHttpResponse(decodeResult: success, version: HTTP/1.1)
HTTP/1.1 200 OK
Content-Type: application/json; charset=utf-8
cache-control: no-cache
content-length: 14

17:44:31.539 [AsyncHttpClient-1-7] DEBUG org.asynchttpclient.netty.channel.ChannelManager - Adding key: http://localhost:53678 for channel [id: 0x9b815c92, L:/127.0.0.1:57896 - R:localhost/127.0.0.1:53678]
17:44:31.670 [AsyncHttpClient-1-7] DEBUG org.asynchttpclient.netty.handler.HttpHandler - Channel Closed: [id: 0x9b815c92, L:/127.0.0.1:57896 ! R:localhost/127.0.0.1:53678] with attribute DISCARD
17:44:31.900 [AsyncHttpClient-1-1] DEBUG org.asynchttpclient.netty.channel.DefaultChannelPool - Entry count for : http://localhost:57897 : 1
17:44:31.900 [AsyncHttpClient-1-1] DEBUG org.asynchttpclient.netty.channel.DefaultChannelPool - Entry count for : http://localhost:53678 : 1
17:44:31.900 [AsyncHttpClient-1-1] DEBUG org.asynchttpclient.netty.channel.DefaultChannelPool - Adding Candidate expired Channel [id: 0x9a8b1f5c, L:/127.0.0.1:57904 ! R:localhost/127.0.0.1:57897] isIdleTimeoutExpired=false isRemotelyClosed=true isTtlExpired=false
17:44:31.900 [AsyncHttpClient-1-1] DEBUG org.asynchttpclient.netty.channel.DefaultChannelPool - Closing Idle Channel [id: 0x9a8b1f5c, L:/127.0.0.1:57904 ! R:localhost/127.0.0.1:57897]
17:44:31.900 [AsyncHttpClient-1-1] DEBUG org.asynchttpclient.netty.channel.DefaultChannelPool - Adding Candidate expired Channel [id: 0x9b815c92, L:/127.0.0.1:57896 ! R:localhost/127.0.0.1:53678] isIdleTimeoutExpired=false isRemotelyClosed=true isTtlExpired=false
17:44:31.900 [AsyncHttpClient-1-1] DEBUG org.asynchttpclient.netty.channel.DefaultChannelPool - Closing Idle Channel [id: 0x9b815c92, L:/127.0.0.1:57896 ! R:localhost/127.0.0.1:53678]
17:44:31.900 [AsyncHttpClient-1-1] DEBUG org.asynchttpclient.netty.channel.DefaultChannelPool - Closed 2 connections out of 2 in 0 ms
]]></system-out>
    <system-err><![CDATA[Starting ChromeDriver 102.0.5005.61 (0e59bcc00cc4985ce39ad31c150065f159d95ad3-refs/branch-heads/5005@{#819}) on port 53678
Only local connections are allowed.
Please see https://chromedriver.chromium.org/security-considerations for suggestions on keeping ChromeDriver safe.
ChromeDriver was started successfully.
Jun 18, 2022 5:44:26 PM org.openqa.selenium.remote.ProtocolHandshake createSession
INFO: Detected dialect: W3C
Jun 18, 2022 5:44:26 PM org.openqa.selenium.devtools.CdpVersionFinder findNearestMatch
WARNING: Unable to find an exact match for CDP version 102, so returning the closest version found: a no-op implementation
Jun 18, 2022 5:44:26 PM org.openqa.selenium.devtools.CdpVersionFinder findNearestMatch
INFO: Unable to find CDP implementation matching 102.
Jun 18, 2022 5:44:26 PM org.openqa.selenium.chromium.ChromiumDriver lambda$new$3
WARNING: Unable to find version of CDP to use for . You may need to include a dependency on a specific version of the CDP using something similar to `org.seleniumhq.selenium:selenium-devtools-v86:4.1.2` where the version ("v86") matches the version of the chromium-based browser you're using and the version number of the artifact is the same as Selenium's.
]]></system-err>
  </testcase>
  <testcase name="Search Doctor Based on Doctor NID Scenario #2" classname="Doctor" time="10.175">
    <system-out><![CDATA[
@Doctor
Scenario: Search Doctor Based on Doctor NID Scenario &amp#27;[90m# src/test/resources/features/3.Doctor.feature:57&amp#27;[0m
17:44:32.218 [main] INFO io.cucumber.core.plugin.SerenityReporter - Running feature from file:///E:/My%20Documents/File%20Difa/TI%20Semester%206%20Kampus%20Merdeka%20Alterra/Tugas/CAPSTONE%20Project/Capstone-Project-Website/src/test/resources/features/3.Doctor.feature
17:44:32.252 [main] DEBUG net.thucydides.core.steps.StepInterceptor - STARTING STEP: PatientSteps.iAmAtTheDashboardPage - openUrl
17:44:32.255 [main] INFO net.serenitybdd.core.webdriver.driverproviders.ChromeDriverProvider - Using automatically driver download
17:44:32.424 [main] DEBUG io.github.bonigarcia.wdm.cache.ResolutionCache - Resolution chrome=102 in cache (valid until 18:14:23 18/06/2022 ICT)
17:44:32.427 [main] DEBUG io.github.bonigarcia.wdm.cache.ResolutionCache - Resolution chrome102=102.0.5005.61 in cache (valid until 17:29:52 19/06/2022 ICT)
17:44:32.428 [main] INFO io.github.bonigarcia.wdm.WebDriverManager - Using chromedriver 102.0.5005.61 (resolved driver for Chrome 102)
17:44:32.437 [main] DEBUG io.github.bonigarcia.wdm.WebDriverManager - Driver chromedriver 102.0.5005.61 found in cache
17:44:32.438 [main] INFO io.github.bonigarcia.wdm.WebDriverManager - Exporting webdriver.chrome.driver as C:\Users\USER\.cache\selenium\chromedriver\win32\102.0.5005.61\chromedriver.exe
17:44:32.583 [main] DEBUG net.serenitybdd.core.webdriver.driverproviders.ProvideNewDriver - Instantiating driver
17:44:32.583 [main] DEBUG net.serenitybdd.core.webdriver.driverproviders.ProvideNewDriver - Driver capabilities: Capabilities {acceptInsecureCerts: false, base.url: https://hospital-management..., browserName: chrome, chrome.driver: src/test/resources/webdrive..., driver: chrome, goog:chromeOptions: {args: [], extensions: []}}
17:44:33.121 [AsyncHttpClient-1-2] DEBUG org.asynchttpclient.netty.channel.NettyConnectListener - Using new Channel '[id: 0x5254b4d0, L:/127.0.0.1:57930 - R:localhost/127.0.0.1:62088]' for 'POST' to '/session'
17:44:34.519 [AsyncHttpClient-1-2] DEBUG org.asynchttpclient.netty.handler.HttpHandler - 

Request DefaultHttpRequest(decodeResult: success, version: HTTP/1.1)
POST /session HTTP/1.1
User-Agent: selenium/4.1.2 (java windows)
Content-Length: 621
Content-Type: application/json; charset=utf-8
host: localhost:62088
accept: */*

Response DefaultHttpResponse(decodeResult: success, version: HTTP/1.1)
HTTP/1.1 200 OK
Content-Type: application/json; charset=utf-8
cache-control: no-cache
content-length: 789

17:44:34.519 [AsyncHttpClient-1-2] DEBUG org.asynchttpclient.netty.channel.ChannelManager - Adding key: http://localhost:62088 for channel [id: 0x5254b4d0, L:/127.0.0.1:57930 - R:localhost/127.0.0.1:62088]
17:44:34.530 [AsyncHttpClient-1-3] DEBUG org.asynchttpclient.netty.channel.NettyConnectListener - Using new Channel '[id: 0x583e6b0a, L:/127.0.0.1:57937 - R:localhost/127.0.0.1:57932]' for 'GET' to '/json/version'
17:44:34.530 [AsyncHttpClient-1-3] DEBUG org.asynchttpclient.netty.handler.HttpHandler - 

Request DefaultFullHttpRequest(decodeResult: success, version: HTTP/1.1, content: EmptyByteBufBE)
GET /json/version HTTP/1.1
User-Agent: selenium/4.1.2 (java windows)
host: localhost:57932
accept: */*

Response DefaultHttpResponse(decodeResult: success, version: HTTP/1.1)
HTTP/1.1 200 OK
Content-Type: application/json; charset=UTF-8
content-length: 427

17:44:34.531 [AsyncHttpClient-1-3] DEBUG org.asynchttpclient.netty.channel.ChannelManager - Adding key: http://localhost:57932 for channel [id: 0x583e6b0a, L:/127.0.0.1:57937 - R:localhost/127.0.0.1:57932]
17:44:34.535 [AsyncHttpClient-1-4] DEBUG org.asynchttpclient.netty.channel.NettyConnectListener - Using new Channel '[id: 0xf7e4a19c, L:/127.0.0.1:57938 - R:localhost/127.0.0.1:57932]' for 'GET' to '/devtools/browser/9e96232d-948c-4959-a616-3cdf43c836c3'
17:44:34.536 [AsyncHttpClient-1-4] DEBUG org.asynchttpclient.netty.handler.WebSocketHandler - 

Request DefaultFullHttpRequest(decodeResult: success, version: HTTP/1.1, content: EmptyByteBufBE)
GET /devtools/browser/9e96232d-948c-4959-a616-3cdf43c836c3 HTTP/1.1
upgrade: websocket
connection: upgrade
sec-websocket-key: OQugRgQZlfwWug2K+qPwWg==
sec-websocket-version: 13
origin: http://localhost:57932
host: localhost:57932
accept: */*
user-agent: AHC/2.1

Response DefaultHttpResponse(decodeResult: success, version: HTTP/1.1)
HTTP/1.1 101 WebSocket Protocol Handshake
Upgrade: WebSocket
Connection: Upgrade
Sec-WebSocket-Accept: 8p+21zEMnA2YNiMmVQx3n07hJZg=

17:44:34.561 [Forwarding maximizeCurrentWindow on session 9ece6ac046ffa0899c11397eca83a94f to remote] DEBUG org.asynchttpclient.netty.request.NettyRequestSender - Using pooled Channel '[id: 0x5254b4d0, L:/127.0.0.1:57930 - R:localhost/127.0.0.1:62088]' for 'POST' to 'http://localhost:62088/session/9ece6ac046ffa0899c11397eca83a94f/window/maximize'
17:44:34.562 [Forwarding maximizeCurrentWindow on session 9ece6ac046ffa0899c11397eca83a94f to remote] DEBUG org.asynchttpclient.netty.request.NettyRequestSender - Using open Channel [id: 0x5254b4d0, L:/127.0.0.1:57930 - R:localhost/127.0.0.1:62088] for POST '/session/9ece6ac046ffa0899c11397eca83a94f/window/maximize'
17:44:34.695 [AsyncHttpClient-1-2] DEBUG org.asynchttpclient.netty.handler.HttpHandler - 

Request DefaultHttpRequest(decodeResult: success, version: HTTP/1.1)
POST /session/9ece6ac046ffa0899c11397eca83a94f/window/maximize HTTP/1.1
User-Agent: selenium/4.1.2 (java windows)
Content-Length: 3
Content-Type: application/json; charset=utf-8
host: localhost:62088
accept: */*

Response DefaultHttpResponse(decodeResult: success, version: HTTP/1.1)
HTTP/1.1 200 OK
Content-Type: application/json; charset=utf-8
cache-control: no-cache
content-length: 51

17:44:34.697 [AsyncHttpClient-1-2] DEBUG org.asynchttpclient.netty.channel.ChannelManager - Adding key: http://localhost:62088 for channel [id: 0x5254b4d0, L:/127.0.0.1:57930 - R:localhost/127.0.0.1:62088]
17:44:34.702 [Forwarding get on session 9ece6ac046ffa0899c11397eca83a94f to remote] DEBUG org.asynchttpclient.netty.request.NettyRequestSender - Using pooled Channel '[id: 0x5254b4d0, L:/127.0.0.1:57930 - R:localhost/127.0.0.1:62088]' for 'POST' to 'http://localhost:62088/session/9ece6ac046ffa0899c11397eca83a94f/url'
17:44:34.702 [Forwarding get on session 9ece6ac046ffa0899c11397eca83a94f to remote] DEBUG org.asynchttpclient.netty.request.NettyRequestSender - Using open Channel [id: 0x5254b4d0, L:/127.0.0.1:57930 - R:localhost/127.0.0.1:62088] for POST '/session/9ece6ac046ffa0899c11397eca83a94f/url'
17:44:35.201 [AsyncHttpClient-1-1] DEBUG org.asynchttpclient.netty.channel.DefaultChannelPool - Entry count for : http://localhost:57932 : 1
17:44:36.313 [AsyncHttpClient-1-1] DEBUG org.asynchttpclient.netty.channel.DefaultChannelPool - Entry count for : http://localhost:57932 : 1
17:44:37.403 [AsyncHttpClient-1-1] DEBUG org.asynchttpclient.netty.channel.DefaultChannelPool - Entry count for : http://localhost:57932 : 1
17:44:37.435 [AsyncHttpClient-1-2] DEBUG org.asynchttpclient.netty.handler.HttpHandler - 

Request DefaultHttpRequest(decodeResult: success, version: HTTP/1.1)
POST /session/9ece6ac046ffa0899c11397eca83a94f/url HTTP/1.1
User-Agent: selenium/4.1.2 (java windows)
Content-Length: 65
Content-Type: application/json; charset=utf-8
host: localhost:62088
accept: */*

Response DefaultHttpResponse(decodeResult: success, version: HTTP/1.1)
HTTP/1.1 200 OK
Content-Type: application/json; charset=utf-8
cache-control: no-cache
content-length: 14

17:44:37.435 [AsyncHttpClient-1-2] DEBUG org.asynchttpclient.netty.channel.ChannelManager - Adding key: http://localhost:62088 for channel [id: 0x5254b4d0, L:/127.0.0.1:57930 - R:localhost/127.0.0.1:62088]
17:44:37.438 [Forwarding setTimeout on session 9ece6ac046ffa0899c11397eca83a94f to remote] DEBUG org.asynchttpclient.netty.request.NettyRequestSender - Using pooled Channel '[id: 0x5254b4d0, L:/127.0.0.1:57930 - R:localhost/127.0.0.1:62088]' for 'POST' to 'http://localhost:62088/session/9ece6ac046ffa0899c11397eca83a94f/timeouts'
17:44:37.438 [Forwarding setTimeout on session 9ece6ac046ffa0899c11397eca83a94f to remote] DEBUG org.asynchttpclient.netty.request.NettyRequestSender - Using open Channel [id: 0x5254b4d0, L:/127.0.0.1:57930 - R:localhost/127.0.0.1:62088] for POST '/session/9ece6ac046ffa0899c11397eca83a94f/timeouts'
17:44:37.440 [AsyncHttpClient-1-2] DEBUG org.asynchttpclient.netty.handler.HttpHandler - 

Request DefaultHttpRequest(decodeResult: success, version: HTTP/1.1)
POST /session/9ece6ac046ffa0899c11397eca83a94f/timeouts HTTP/1.1
User-Agent: selenium/4.1.2 (java windows)
Content-Length: 22
Content-Type: application/json; charset=utf-8
host: localhost:62088
accept: */*

Response DefaultHttpResponse(decodeResult: success, version: HTTP/1.1)
HTTP/1.1 200 OK
Content-Type: application/json; charset=utf-8
cache-control: no-cache
content-length: 14

17:44:37.440 [AsyncHttpClient-1-2] DEBUG org.asynchttpclient.netty.channel.ChannelManager - Adding key: http://localhost:62088 for channel [id: 0x5254b4d0, L:/127.0.0.1:57930 - R:localhost/127.0.0.1:62088]
17:44:37.445 [Forwarding getCurrentUrl on session 9ece6ac046ffa0899c11397eca83a94f to remote] DEBUG org.asynchttpclient.netty.request.NettyRequestSender - Using pooled Channel '[id: 0x5254b4d0, L:/127.0.0.1:57930 - R:localhost/127.0.0.1:62088]' for 'GET' to 'http://localhost:62088/session/9ece6ac046ffa0899c11397eca83a94f/url'
17:44:37.445 [Forwarding getCurrentUrl on session 9ece6ac046ffa0899c11397eca83a94f to remote] DEBUG org.asynchttpclient.netty.request.NettyRequestSender - Using open Channel [id: 0x5254b4d0, L:/127.0.0.1:57930 - R:localhost/127.0.0.1:62088] for GET '/session/9ece6ac046ffa0899c11397eca83a94f/url'
17:44:37.609 [AsyncHttpClient-1-2] DEBUG org.asynchttpclient.netty.handler.HttpHandler - 

Request DefaultFullHttpRequest(decodeResult: success, version: HTTP/1.1, content: EmptyByteBufBE)
GET /session/9ece6ac046ffa0899c11397eca83a94f/url HTTP/1.1
User-Agent: selenium/4.1.2 (java windows)
Cache-Control: no-cache
Content-Type: application/json; charset=utf-8
host: localhost:62088
accept: */*

Response DefaultHttpResponse(decodeResult: success, version: HTTP/1.1)
HTTP/1.1 200 OK
Content-Type: application/json; charset=utf-8
cache-control: no-cache
content-length: 53

17:44:37.609 [AsyncHttpClient-1-2] DEBUG org.asynchttpclient.netty.channel.ChannelManager - Adding key: http://localhost:62088 for channel [id: 0x5254b4d0, L:/127.0.0.1:57930 - R:localhost/127.0.0.1:62088]
17:44:37.613 [Forwarding getCurrentUrl on session 9ece6ac046ffa0899c11397eca83a94f to remote] DEBUG org.asynchttpclient.netty.request.NettyRequestSender - Using pooled Channel '[id: 0x5254b4d0, L:/127.0.0.1:57930 - R:localhost/127.0.0.1:62088]' for 'GET' to 'http://localhost:62088/session/9ece6ac046ffa0899c11397eca83a94f/url'
17:44:37.613 [Forwarding getCurrentUrl on session 9ece6ac046ffa0899c11397eca83a94f to remote] DEBUG org.asynchttpclient.netty.request.NettyRequestSender - Using open Channel [id: 0x5254b4d0, L:/127.0.0.1:57930 - R:localhost/127.0.0.1:62088] for GET '/session/9ece6ac046ffa0899c11397eca83a94f/url'
17:44:37.621 [AsyncHttpClient-1-2] DEBUG org.asynchttpclient.netty.handler.HttpHandler - 

Request DefaultFullHttpRequest(decodeResult: success, version: HTTP/1.1, content: EmptyByteBufBE)
GET /session/9ece6ac046ffa0899c11397eca83a94f/url HTTP/1.1
User-Agent: selenium/4.1.2 (java windows)
Cache-Control: no-cache
Content-Type: application/json; charset=utf-8
host: localhost:62088
accept: */*

Response DefaultHttpResponse(decodeResult: success, version: HTTP/1.1)
HTTP/1.1 200 OK
Content-Type: application/json; charset=utf-8
cache-control: no-cache
content-length: 53

17:44:37.621 [AsyncHttpClient-1-2] DEBUG org.asynchttpclient.netty.channel.ChannelManager - Adding key: http://localhost:62088 for channel [id: 0x5254b4d0, L:/127.0.0.1:57930 - R:localhost/127.0.0.1:62088]
17:44:37.632 [Forwarding screenshot on session 9ece6ac046ffa0899c11397eca83a94f to remote] DEBUG org.asynchttpclient.netty.request.NettyRequestSender - Using pooled Channel '[id: 0x5254b4d0, L:/127.0.0.1:57930 - R:localhost/127.0.0.1:62088]' for 'GET' to 'http://localhost:62088/session/9ece6ac046ffa0899c11397eca83a94f/screenshot'
17:44:37.632 [Forwarding screenshot on session 9ece6ac046ffa0899c11397eca83a94f to remote] DEBUG org.asynchttpclient.netty.request.NettyRequestSender - Using open Channel [id: 0x5254b4d0, L:/127.0.0.1:57930 - R:localhost/127.0.0.1:62088] for GET '/session/9ece6ac046ffa0899c11397eca83a94f/screenshot'
17:44:37.972 [AsyncHttpClient-1-2] DEBUG org.asynchttpclient.netty.handler.HttpHandler - 

Request DefaultFullHttpRequest(decodeResult: success, version: HTTP/1.1, content: EmptyByteBufBE)
GET /session/9ece6ac046ffa0899c11397eca83a94f/screenshot HTTP/1.1
User-Agent: selenium/4.1.2 (java windows)
Cache-Control: no-cache
Content-Type: application/json; charset=utf-8
host: localhost:62088
accept: */*

Response DefaultHttpResponse(decodeResult: success, version: HTTP/1.1)
HTTP/1.1 200 OK
Content-Type: application/json; charset=utf-8
cache-control: no-cache
content-length: 338724

17:44:37.977 [AsyncHttpClient-1-2] DEBUG org.asynchttpclient.netty.channel.ChannelManager - Adding key: http://localhost:62088 for channel [id: 0x5254b4d0, L:/127.0.0.1:57930 - R:localhost/127.0.0.1:62088]
17:44:38.004 [main] DEBUG net.serenitybdd.core.photography.Darkroom - Send negative for processing for target\site\serenity\18ccbacfb1bd85f9b9c16e5a72a7797b70fe5b6f3aecf22bbe9545762c7d6226.png
17:44:38.005 [main] DEBUG net.thucydides.core.steps.StepInterceptor - STEP DONE: openUrl
17:44:38.005 [Darkroom Processing Line] DEBUG net.serenitybdd.core.photography.DarkroomProcessingLine - Processing screenshot image in /var/screenshots/screenshot-16591155166356246029
17:44:38.005 [Darkroom Processing Line] DEBUG net.serenitybdd.core.photography.DarkroomProcessingLine - Saving screenshot to target\site\serenity\18ccbacfb1bd85f9b9c16e5a72a7797b70fe5b6f3aecf22bbe9545762c7d6226.png
17:44:38.017 [main] DEBUG net.thucydides.core.steps.StepInterceptor - STARTING STEP: PatientSteps.iAmAtTheDashboardPage - validateOnDashboardPage
17:44:38.021 [Forwarding findElement on session 9ece6ac046ffa0899c11397eca83a94f to remote] DEBUG org.asynchttpclient.netty.request.NettyRequestSender - Using pooled Channel '[id: 0x5254b4d0, L:/127.0.0.1:57930 - R:localhost/127.0.0.1:62088]' for 'POST' to 'http://localhost:62088/session/9ece6ac046ffa0899c11397eca83a94f/element'
17:44:38.021 [Forwarding findElement on session 9ece6ac046ffa0899c11397eca83a94f to remote] DEBUG org.asynchttpclient.netty.request.NettyRequestSender - Using open Channel [id: 0x5254b4d0, L:/127.0.0.1:57930 - R:localhost/127.0.0.1:62088] for POST '/session/9ece6ac046ffa0899c11397eca83a94f/element'
17:44:38.045 [AsyncHttpClient-1-2] DEBUG org.asynchttpclient.netty.handler.HttpHandler - 

Request DefaultHttpRequest(decodeResult: success, version: HTTP/1.1)
POST /session/9ece6ac046ffa0899c11397eca83a94f/element HTTP/1.1
User-Agent: selenium/4.1.2 (java windows)
Content-Length: 81
Content-Type: application/json; charset=utf-8
host: localhost:62088
accept: */*

Response DefaultHttpResponse(decodeResult: success, version: HTTP/1.1)
HTTP/1.1 200 OK
Content-Type: application/json; charset=utf-8
cache-control: no-cache
content-length: 88

17:44:38.045 [AsyncHttpClient-1-2] DEBUG org.asynchttpclient.netty.channel.ChannelManager - Adding key: http://localhost:62088 for channel [id: 0x5254b4d0, L:/127.0.0.1:57930 - R:localhost/127.0.0.1:62088]
17:44:38.051 [Forwarding isElementDisplayed on session 9ece6ac046ffa0899c11397eca83a94f to remote] DEBUG org.asynchttpclient.netty.request.NettyRequestSender - Using pooled Channel '[id: 0x5254b4d0, L:/127.0.0.1:57930 - R:localhost/127.0.0.1:62088]' for 'POST' to 'http://localhost:62088/session/9ece6ac046ffa0899c11397eca83a94f/execute/sync'
17:44:38.051 [Forwarding isElementDisplayed on session 9ece6ac046ffa0899c11397eca83a94f to remote] DEBUG org.asynchttpclient.netty.request.NettyRequestSender - Using open Channel [id: 0x5254b4d0, L:/127.0.0.1:57930 - R:localhost/127.0.0.1:62088] for POST '/session/9ece6ac046ffa0899c11397eca83a94f/execute/sync'
17:44:38.083 [AsyncHttpClient-1-2] DEBUG org.asynchttpclient.netty.handler.HttpHandler - 

Request DefaultHttpRequest(decodeResult: success, version: HTTP/1.1)
POST /session/9ece6ac046ffa0899c11397eca83a94f/execute/sync HTTP/1.1
User-Agent: selenium/4.1.2 (java windows)
Content-Length: 48780
Content-Type: application/json; charset=utf-8
host: localhost:62088
accept: */*

Response DefaultHttpResponse(decodeResult: success, version: HTTP/1.1)
HTTP/1.1 200 OK
Content-Type: application/json; charset=utf-8
cache-control: no-cache
content-length: 14

17:44:38.083 [AsyncHttpClient-1-2] DEBUG org.asynchttpclient.netty.channel.ChannelManager - Adding key: http://localhost:62088 for channel [id: 0x5254b4d0, L:/127.0.0.1:57930 - R:localhost/127.0.0.1:62088]
17:44:38.093 [Forwarding screenshot on session 9ece6ac046ffa0899c11397eca83a94f to remote] DEBUG org.asynchttpclient.netty.request.NettyRequestSender - Using pooled Channel '[id: 0x5254b4d0, L:/127.0.0.1:57930 - R:localhost/127.0.0.1:62088]' for 'GET' to 'http://localhost:62088/session/9ece6ac046ffa0899c11397eca83a94f/screenshot'
17:44:38.093 [Forwarding screenshot on session 9ece6ac046ffa0899c11397eca83a94f to remote] DEBUG org.asynchttpclient.netty.request.NettyRequestSender - Using open Channel [id: 0x5254b4d0, L:/127.0.0.1:57930 - R:localhost/127.0.0.1:62088] for GET '/session/9ece6ac046ffa0899c11397eca83a94f/screenshot'
17:44:38.389 [AsyncHttpClient-1-2] DEBUG org.asynchttpclient.netty.handler.HttpHandler - 

Request DefaultFullHttpRequest(decodeResult: success, version: HTTP/1.1, content: EmptyByteBufBE)
GET /session/9ece6ac046ffa0899c11397eca83a94f/screenshot HTTP/1.1
User-Agent: selenium/4.1.2 (java windows)
Cache-Control: no-cache
Content-Type: application/json; charset=utf-8
host: localhost:62088
accept: */*

Response DefaultHttpResponse(decodeResult: success, version: HTTP/1.1)
HTTP/1.1 200 OK
Content-Type: application/json; charset=utf-8
cache-control: no-cache
content-length: 338724

17:44:38.391 [AsyncHttpClient-1-2] DEBUG org.asynchttpclient.netty.channel.ChannelManager - Adding key: http://localhost:62088 for channel [id: 0x5254b4d0, L:/127.0.0.1:57930 - R:localhost/127.0.0.1:62088]
17:44:38.411 [main] DEBUG net.serenitybdd.core.photography.Darkroom - Send negative for processing for target\site\serenity\18ccbacfb1bd85f9b9c16e5a72a7797b70fe5b6f3aecf22bbe9545762c7d6226.png
17:44:38.411 [main] DEBUG net.thucydides.core.steps.StepInterceptor - STEP DONE: validateOnDashboardPage
  &amp#27;[32mGiven &amp#27;[0m&amp#27;[32mI am at the dashboard page&amp#27;[0m                   &amp#27;[90m# starter.stepdefinitions.PatientSteps.iAmAtTheDashboardPage()&amp#27;[0m
17:44:38.449 [main] DEBUG net.thucydides.core.steps.StepInterceptor - STARTING STEP: DoctorSteps.iClickMenuDoctor - clickMenuDoctorButton
17:44:38.457 [Forwarding findElement on session 9ece6ac046ffa0899c11397eca83a94f to remote] DEBUG org.asynchttpclient.netty.request.NettyRequestSender - Using pooled Channel '[id: 0x5254b4d0, L:/127.0.0.1:57930 - R:localhost/127.0.0.1:62088]' for 'POST' to 'http://localhost:62088/session/9ece6ac046ffa0899c11397eca83a94f/element'
17:44:38.457 [Forwarding findElement on session 9ece6ac046ffa0899c11397eca83a94f to remote] DEBUG org.asynchttpclient.netty.request.NettyRequestSender - Using open Channel [id: 0x5254b4d0, L:/127.0.0.1:57930 - R:localhost/127.0.0.1:62088] for POST '/session/9ece6ac046ffa0899c11397eca83a94f/element'
17:44:38.481 [AsyncHttpClient-1-2] DEBUG org.asynchttpclient.netty.handler.HttpHandler - 

Request DefaultHttpRequest(decodeResult: success, version: HTTP/1.1)
POST /session/9ece6ac046ffa0899c11397eca83a94f/element HTTP/1.1
User-Agent: selenium/4.1.2 (java windows)
Content-Length: 79
Content-Type: application/json; charset=utf-8
host: localhost:62088
accept: */*

Response DefaultHttpResponse(decodeResult: success, version: HTTP/1.1)
HTTP/1.1 200 OK
Content-Type: application/json; charset=utf-8
cache-control: no-cache
content-length: 88

17:44:38.481 [AsyncHttpClient-1-2] DEBUG org.asynchttpclient.netty.channel.ChannelManager - Adding key: http://localhost:62088 for channel [id: 0x5254b4d0, L:/127.0.0.1:57930 - R:localhost/127.0.0.1:62088]
17:44:38.483 [Forwarding getElementTagName on session 9ece6ac046ffa0899c11397eca83a94f to remote] DEBUG org.asynchttpclient.netty.request.NettyRequestSender - Using pooled Channel '[id: 0x5254b4d0, L:/127.0.0.1:57930 - R:localhost/127.0.0.1:62088]' for 'GET' to 'http://localhost:62088/session/9ece6ac046ffa0899c11397eca83a94f/element/b2cfe1ad-4188-4cf4-ab37-a40e8dee2d88/name'
17:44:38.483 [Forwarding getElementTagName on session 9ece6ac046ffa0899c11397eca83a94f to remote] DEBUG org.asynchttpclient.netty.request.NettyRequestSender - Using open Channel [id: 0x5254b4d0, L:/127.0.0.1:57930 - R:localhost/127.0.0.1:62088] for GET '/session/9ece6ac046ffa0899c11397eca83a94f/element/b2cfe1ad-4188-4cf4-ab37-a40e8dee2d88/name'
17:44:38.491 [AsyncHttpClient-1-2] DEBUG org.asynchttpclient.netty.handler.HttpHandler - 

Request DefaultFullHttpRequest(decodeResult: success, version: HTTP/1.1, content: EmptyByteBufBE)
GET /session/9ece6ac046ffa0899c11397eca83a94f/element/b2cfe1ad-4188-4cf4-ab37-a40e8dee2d88/name HTTP/1.1
User-Agent: selenium/4.1.2 (java windows)
Cache-Control: no-cache
Content-Type: application/json; charset=utf-8
host: localhost:62088
accept: */*

Response DefaultHttpResponse(decodeResult: success, version: HTTP/1.1)
HTTP/1.1 200 OK
Content-Type: application/json; charset=utf-8
cache-control: no-cache
content-length: 15

17:44:38.491 [AsyncHttpClient-1-2] DEBUG org.asynchttpclient.netty.channel.ChannelManager - Adding key: http://localhost:62088 for channel [id: 0x5254b4d0, L:/127.0.0.1:57930 - R:localhost/127.0.0.1:62088]
17:44:38.493 [Forwarding getElementTagName on session 9ece6ac046ffa0899c11397eca83a94f to remote] DEBUG org.asynchttpclient.netty.request.NettyRequestSender - Using pooled Channel '[id: 0x5254b4d0, L:/127.0.0.1:57930 - R:localhost/127.0.0.1:62088]' for 'GET' to 'http://localhost:62088/session/9ece6ac046ffa0899c11397eca83a94f/element/b2cfe1ad-4188-4cf4-ab37-a40e8dee2d88/name'
17:44:38.493 [Forwarding getElementTagName on session 9ece6ac046ffa0899c11397eca83a94f to remote] DEBUG org.asynchttpclient.netty.request.NettyRequestSender - Using open Channel [id: 0x5254b4d0, L:/127.0.0.1:57930 - R:localhost/127.0.0.1:62088] for GET '/session/9ece6ac046ffa0899c11397eca83a94f/element/b2cfe1ad-4188-4cf4-ab37-a40e8dee2d88/name'
17:44:38.499 [AsyncHttpClient-1-2] DEBUG org.asynchttpclient.netty.handler.HttpHandler - 

Request DefaultFullHttpRequest(decodeResult: success, version: HTTP/1.1, content: EmptyByteBufBE)
GET /session/9ece6ac046ffa0899c11397eca83a94f/element/b2cfe1ad-4188-4cf4-ab37-a40e8dee2d88/name HTTP/1.1
User-Agent: selenium/4.1.2 (java windows)
Cache-Control: no-cache
Content-Type: application/json; charset=utf-8
host: localhost:62088
accept: */*

Response DefaultHttpResponse(decodeResult: success, version: HTTP/1.1)
HTTP/1.1 200 OK
Content-Type: application/json; charset=utf-8
cache-control: no-cache
content-length: 15

17:44:38.499 [AsyncHttpClient-1-2] DEBUG org.asynchttpclient.netty.channel.ChannelManager - Adding key: http://localhost:62088 for channel [id: 0x5254b4d0, L:/127.0.0.1:57930 - R:localhost/127.0.0.1:62088]
17:44:38.502 [Forwarding findElement on session 9ece6ac046ffa0899c11397eca83a94f to remote] DEBUG org.asynchttpclient.netty.request.NettyRequestSender - Using pooled Channel '[id: 0x5254b4d0, L:/127.0.0.1:57930 - R:localhost/127.0.0.1:62088]' for 'POST' to 'http://localhost:62088/session/9ece6ac046ffa0899c11397eca83a94f/element'
17:44:38.502 [Forwarding findElement on session 9ece6ac046ffa0899c11397eca83a94f to remote] DEBUG org.asynchttpclient.netty.request.NettyRequestSender - Using open Channel [id: 0x5254b4d0, L:/127.0.0.1:57930 - R:localhost/127.0.0.1:62088] for POST '/session/9ece6ac046ffa0899c11397eca83a94f/element'
17:44:38.514 [AsyncHttpClient-1-1] DEBUG org.asynchttpclient.netty.channel.DefaultChannelPool - Entry count for : http://localhost:57932 : 1
17:44:38.524 [AsyncHttpClient-1-2] DEBUG org.asynchttpclient.netty.handler.HttpHandler - 

Request DefaultHttpRequest(decodeResult: success, version: HTTP/1.1)
POST /session/9ece6ac046ffa0899c11397eca83a94f/element HTTP/1.1
User-Agent: selenium/4.1.2 (java windows)
Content-Length: 79
Content-Type: application/json; charset=utf-8
host: localhost:62088
accept: */*

Response DefaultHttpResponse(decodeResult: success, version: HTTP/1.1)
HTTP/1.1 200 OK
Content-Type: application/json; charset=utf-8
cache-control: no-cache
content-length: 88

17:44:38.524 [AsyncHttpClient-1-2] DEBUG org.asynchttpclient.netty.channel.ChannelManager - Adding key: http://localhost:62088 for channel [id: 0x5254b4d0, L:/127.0.0.1:57930 - R:localhost/127.0.0.1:62088]
17:44:38.526 [Forwarding clickElement on session 9ece6ac046ffa0899c11397eca83a94f to remote] DEBUG org.asynchttpclient.netty.request.NettyRequestSender - Using pooled Channel '[id: 0x5254b4d0, L:/127.0.0.1:57930 - R:localhost/127.0.0.1:62088]' for 'POST' to 'http://localhost:62088/session/9ece6ac046ffa0899c11397eca83a94f/element/b2cfe1ad-4188-4cf4-ab37-a40e8dee2d88/click'
17:44:38.526 [Forwarding clickElement on session 9ece6ac046ffa0899c11397eca83a94f to remote] DEBUG org.asynchttpclient.netty.request.NettyRequestSender - Using open Channel [id: 0x5254b4d0, L:/127.0.0.1:57930 - R:localhost/127.0.0.1:62088] for POST '/session/9ece6ac046ffa0899c11397eca83a94f/element/b2cfe1ad-4188-4cf4-ab37-a40e8dee2d88/click'
17:44:38.868 [AsyncHttpClient-1-2] DEBUG org.asynchttpclient.netty.handler.HttpHandler - 

Request DefaultHttpRequest(decodeResult: success, version: HTTP/1.1)
POST /session/9ece6ac046ffa0899c11397eca83a94f/element/b2cfe1ad-4188-4cf4-ab37-a40e8dee2d88/click HTTP/1.1
User-Agent: selenium/4.1.2 (java windows)
Content-Length: 50
Content-Type: application/json; charset=utf-8
host: localhost:62088
accept: */*

Response DefaultHttpResponse(decodeResult: success, version: HTTP/1.1)
HTTP/1.1 200 OK
Content-Type: application/json; charset=utf-8
cache-control: no-cache
content-length: 14

17:44:38.868 [AsyncHttpClient-1-2] DEBUG org.asynchttpclient.netty.channel.ChannelManager - Adding key: http://localhost:62088 for channel [id: 0x5254b4d0, L:/127.0.0.1:57930 - R:localhost/127.0.0.1:62088]
17:44:38.878 [Forwarding screenshot on session 9ece6ac046ffa0899c11397eca83a94f to remote] DEBUG org.asynchttpclient.netty.request.NettyRequestSender - Using pooled Channel '[id: 0x5254b4d0, L:/127.0.0.1:57930 - R:localhost/127.0.0.1:62088]' for 'GET' to 'http://localhost:62088/session/9ece6ac046ffa0899c11397eca83a94f/screenshot'
17:44:38.878 [Forwarding screenshot on session 9ece6ac046ffa0899c11397eca83a94f to remote] DEBUG org.asynchttpclient.netty.request.NettyRequestSender - Using open Channel [id: 0x5254b4d0, L:/127.0.0.1:57930 - R:localhost/127.0.0.1:62088] for GET '/session/9ece6ac046ffa0899c11397eca83a94f/screenshot'
17:44:38.991 [AsyncHttpClient-1-2] DEBUG org.asynchttpclient.netty.handler.HttpHandler - 

Request DefaultFullHttpRequest(decodeResult: success, version: HTTP/1.1, content: EmptyByteBufBE)
GET /session/9ece6ac046ffa0899c11397eca83a94f/screenshot HTTP/1.1
User-Agent: selenium/4.1.2 (java windows)
Cache-Control: no-cache
Content-Type: application/json; charset=utf-8
host: localhost:62088
accept: */*

Response DefaultHttpResponse(decodeResult: success, version: HTTP/1.1)
HTTP/1.1 200 OK
Content-Type: application/json; charset=utf-8
cache-control: no-cache
content-length: 56216

17:44:38.992 [AsyncHttpClient-1-2] DEBUG org.asynchttpclient.netty.channel.ChannelManager - Adding key: http://localhost:62088 for channel [id: 0x5254b4d0, L:/127.0.0.1:57930 - R:localhost/127.0.0.1:62088]
17:44:38.995 [main] DEBUG net.serenitybdd.core.photography.Darkroom - Send negative for processing for target\site\serenity\93bcc9a7e51fe36df2bb0ee95da8b9e15460ad67a465a8def437a77fe40a1b48.png
17:44:38.995 [main] DEBUG net.thucydides.core.steps.StepInterceptor - STEP DONE: clickMenuDoctorButton
  &amp#27;[32mAnd &amp#27;[0m&amp#27;[32mI click menu doctor&amp#27;[0m                            &amp#27;[90m# starter.stepdefinitions.DoctorSteps.iClickMenuDoctor()&amp#27;[0m
17:44:39.007 [Forwarding findElement on session 9ece6ac046ffa0899c11397eca83a94f to remote] DEBUG org.asynchttpclient.netty.request.NettyRequestSender - Using pooled Channel '[id: 0x5254b4d0, L:/127.0.0.1:57930 - R:localhost/127.0.0.1:62088]' for 'POST' to 'http://localhost:62088/session/9ece6ac046ffa0899c11397eca83a94f/element'
17:44:39.007 [Forwarding findElement on session 9ece6ac046ffa0899c11397eca83a94f to remote] DEBUG org.asynchttpclient.netty.request.NettyRequestSender - Using open Channel [id: 0x5254b4d0, L:/127.0.0.1:57930 - R:localhost/127.0.0.1:62088] for POST '/session/9ece6ac046ffa0899c11397eca83a94f/element'
17:44:39.021 [AsyncHttpClient-1-2] DEBUG org.asynchttpclient.netty.handler.HttpHandler - 

Request DefaultHttpRequest(decodeResult: success, version: HTTP/1.1)
POST /session/9ece6ac046ffa0899c11397eca83a94f/element HTTP/1.1
User-Agent: selenium/4.1.2 (java windows)
Content-Length: 160
Content-Type: application/json; charset=utf-8
host: localhost:62088
accept: */*

Response DefaultHttpResponse(decodeResult: success, version: HTTP/1.1)
HTTP/1.1 200 OK
Content-Type: application/json; charset=utf-8
cache-control: no-cache
content-length: 88

17:44:39.021 [AsyncHttpClient-1-2] DEBUG org.asynchttpclient.netty.channel.ChannelManager - Adding key: http://localhost:62088 for channel [id: 0x5254b4d0, L:/127.0.0.1:57930 - R:localhost/127.0.0.1:62088]
17:44:39.024 [Forwarding clearElement on session 9ece6ac046ffa0899c11397eca83a94f to remote] DEBUG org.asynchttpclient.netty.request.NettyRequestSender - Using pooled Channel '[id: 0x5254b4d0, L:/127.0.0.1:57930 - R:localhost/127.0.0.1:62088]' for 'POST' to 'http://localhost:62088/session/9ece6ac046ffa0899c11397eca83a94f/element/6c9cad1d-62a8-4437-a6f6-0875d7759258/clear'
17:44:39.024 [Forwarding clearElement on session 9ece6ac046ffa0899c11397eca83a94f to remote] DEBUG org.asynchttpclient.netty.request.NettyRequestSender - Using open Channel [id: 0x5254b4d0, L:/127.0.0.1:57930 - R:localhost/127.0.0.1:62088] for POST '/session/9ece6ac046ffa0899c11397eca83a94f/element/6c9cad1d-62a8-4437-a6f6-0875d7759258/clear'
17:44:39.070 [AsyncHttpClient-1-2] DEBUG org.asynchttpclient.netty.handler.HttpHandler - 

Request DefaultHttpRequest(decodeResult: success, version: HTTP/1.1)
POST /session/9ece6ac046ffa0899c11397eca83a94f/element/6c9cad1d-62a8-4437-a6f6-0875d7759258/clear HTTP/1.1
User-Agent: selenium/4.1.2 (java windows)
Content-Length: 50
Content-Type: application/json; charset=utf-8
host: localhost:62088
accept: */*

Response DefaultHttpResponse(decodeResult: success, version: HTTP/1.1)
HTTP/1.1 200 OK
Content-Type: application/json; charset=utf-8
cache-control: no-cache
content-length: 14

17:44:39.070 [AsyncHttpClient-1-2] DEBUG org.asynchttpclient.netty.channel.ChannelManager - Adding key: http://localhost:62088 for channel [id: 0x5254b4d0, L:/127.0.0.1:57930 - R:localhost/127.0.0.1:62088]
17:44:39.072 [Forwarding sendKeysToElement on session 9ece6ac046ffa0899c11397eca83a94f to remote] DEBUG org.asynchttpclient.netty.request.NettyRequestSender - Using pooled Channel '[id: 0x5254b4d0, L:/127.0.0.1:57930 - R:localhost/127.0.0.1:62088]' for 'POST' to 'http://localhost:62088/session/9ece6ac046ffa0899c11397eca83a94f/element/6c9cad1d-62a8-4437-a6f6-0875d7759258/value'
17:44:39.072 [Forwarding sendKeysToElement on session 9ece6ac046ffa0899c11397eca83a94f to remote] DEBUG org.asynchttpclient.netty.request.NettyRequestSender - Using open Channel [id: 0x5254b4d0, L:/127.0.0.1:57930 - R:localhost/127.0.0.1:62088] for POST '/session/9ece6ac046ffa0899c11397eca83a94f/element/6c9cad1d-62a8-4437-a6f6-0875d7759258/value'
17:44:39.385 [AsyncHttpClient-1-2] DEBUG org.asynchttpclient.netty.handler.HttpHandler - 

Request DefaultHttpRequest(decodeResult: success, version: HTTP/1.1)
POST /session/9ece6ac046ffa0899c11397eca83a94f/element/6c9cad1d-62a8-4437-a6f6-0875d7759258/value HTTP/1.1
User-Agent: selenium/4.1.2 (java windows)
Content-Length: 171
Content-Type: application/json; charset=utf-8
host: localhost:62088
accept: */*

Response DefaultHttpResponse(decodeResult: success, version: HTTP/1.1)
HTTP/1.1 200 OK
Content-Type: application/json; charset=utf-8
cache-control: no-cache
content-length: 14

17:44:39.385 [AsyncHttpClient-1-2] DEBUG org.asynchttpclient.netty.channel.ChannelManager - Adding key: http://localhost:62088 for channel [id: 0x5254b4d0, L:/127.0.0.1:57930 - R:localhost/127.0.0.1:62088]
17:44:39.393 [Forwarding screenshot on session 9ece6ac046ffa0899c11397eca83a94f to remote] DEBUG org.asynchttpclient.netty.request.NettyRequestSender - Using pooled Channel '[id: 0x5254b4d0, L:/127.0.0.1:57930 - R:localhost/127.0.0.1:62088]' for 'GET' to 'http://localhost:62088/session/9ece6ac046ffa0899c11397eca83a94f/screenshot'
17:44:39.393 [Forwarding screenshot on session 9ece6ac046ffa0899c11397eca83a94f to remote] DEBUG org.asynchttpclient.netty.request.NettyRequestSender - Using open Channel [id: 0x5254b4d0, L:/127.0.0.1:57930 - R:localhost/127.0.0.1:62088] for GET '/session/9ece6ac046ffa0899c11397eca83a94f/screenshot'
17:44:39.557 [AsyncHttpClient-1-2] DEBUG org.asynchttpclient.netty.handler.HttpHandler - 

Request DefaultFullHttpRequest(decodeResult: success, version: HTTP/1.1, content: EmptyByteBufBE)
GET /session/9ece6ac046ffa0899c11397eca83a94f/screenshot HTTP/1.1
User-Agent: selenium/4.1.2 (java windows)
Cache-Control: no-cache
Content-Type: application/json; charset=utf-8
host: localhost:62088
accept: */*

Response DefaultHttpResponse(decodeResult: success, version: HTTP/1.1)
HTTP/1.1 200 OK
Content-Type: application/json; charset=utf-8
cache-control: no-cache
content-length: 83404

17:44:39.558 [AsyncHttpClient-1-2] DEBUG org.asynchttpclient.netty.channel.ChannelManager - Adding key: http://localhost:62088 for channel [id: 0x5254b4d0, L:/127.0.0.1:57930 - R:localhost/127.0.0.1:62088]
17:44:39.563 [main] DEBUG net.serenitybdd.core.photography.Darkroom - Send negative for processing for target\site\serenity\859044460e10191dddc2830ebb1704facdaeae2bf2f321ea1b7e34a8244ca1f1.png
17:44:39.563 [main] DEBUG net.thucydides.core.steps.StepInterceptor - STARTING STEP: DoctorSteps.iInputDoctorDepartmentAndClickSearch - clickSearchButton
17:44:39.563 [Darkroom Processing Line] DEBUG net.serenitybdd.core.photography.DarkroomProcessingLine - Processing screenshot image in /var/screenshots/screenshot-17305856474257964863
17:44:39.563 [Darkroom Processing Line] DEBUG net.serenitybdd.core.photography.DarkroomProcessingLine - Saving screenshot to target\site\serenity\859044460e10191dddc2830ebb1704facdaeae2bf2f321ea1b7e34a8244ca1f1.png
17:44:39.566 [Forwarding findElement on session 9ece6ac046ffa0899c11397eca83a94f to remote] DEBUG org.asynchttpclient.netty.request.NettyRequestSender - Using pooled Channel '[id: 0x5254b4d0, L:/127.0.0.1:57930 - R:localhost/127.0.0.1:62088]' for 'POST' to 'http://localhost:62088/session/9ece6ac046ffa0899c11397eca83a94f/element'
17:44:39.566 [Forwarding findElement on session 9ece6ac046ffa0899c11397eca83a94f to remote] DEBUG org.asynchttpclient.netty.request.NettyRequestSender - Using open Channel [id: 0x5254b4d0, L:/127.0.0.1:57930 - R:localhost/127.0.0.1:62088] for POST '/session/9ece6ac046ffa0899c11397eca83a94f/element'
17:44:39.580 [AsyncHttpClient-1-2] DEBUG org.asynchttpclient.netty.handler.HttpHandler - 

Request DefaultHttpRequest(decodeResult: success, version: HTTP/1.1)
POST /session/9ece6ac046ffa0899c11397eca83a94f/element HTTP/1.1
User-Agent: selenium/4.1.2 (java windows)
Content-Length: 161
Content-Type: application/json; charset=utf-8
host: localhost:62088
accept: */*

Response DefaultHttpResponse(decodeResult: success, version: HTTP/1.1)
HTTP/1.1 200 OK
Content-Type: application/json; charset=utf-8
cache-control: no-cache
content-length: 88

17:44:39.580 [AsyncHttpClient-1-2] DEBUG org.asynchttpclient.netty.channel.ChannelManager - Adding key: http://localhost:62088 for channel [id: 0x5254b4d0, L:/127.0.0.1:57930 - R:localhost/127.0.0.1:62088]
17:44:39.582 [Forwarding getElementTagName on session 9ece6ac046ffa0899c11397eca83a94f to remote] DEBUG org.asynchttpclient.netty.request.NettyRequestSender - Using pooled Channel '[id: 0x5254b4d0, L:/127.0.0.1:57930 - R:localhost/127.0.0.1:62088]' for 'GET' to 'http://localhost:62088/session/9ece6ac046ffa0899c11397eca83a94f/element/dea4233a-2e52-4c9a-81a1-e6dc1eee0de9/name'
17:44:39.582 [Forwarding getElementTagName on session 9ece6ac046ffa0899c11397eca83a94f to remote] DEBUG org.asynchttpclient.netty.request.NettyRequestSender - Using open Channel [id: 0x5254b4d0, L:/127.0.0.1:57930 - R:localhost/127.0.0.1:62088] for GET '/session/9ece6ac046ffa0899c11397eca83a94f/element/dea4233a-2e52-4c9a-81a1-e6dc1eee0de9/name'
17:44:39.587 [AsyncHttpClient-1-2] DEBUG org.asynchttpclient.netty.handler.HttpHandler - 

Request DefaultFullHttpRequest(decodeResult: success, version: HTTP/1.1, content: EmptyByteBufBE)
GET /session/9ece6ac046ffa0899c11397eca83a94f/element/dea4233a-2e52-4c9a-81a1-e6dc1eee0de9/name HTTP/1.1
User-Agent: selenium/4.1.2 (java windows)
Cache-Control: no-cache
Content-Type: application/json; charset=utf-8
host: localhost:62088
accept: */*

Response DefaultHttpResponse(decodeResult: success, version: HTTP/1.1)
HTTP/1.1 200 OK
Content-Type: application/json; charset=utf-8
cache-control: no-cache
content-length: 18

17:44:39.587 [AsyncHttpClient-1-2] DEBUG org.asynchttpclient.netty.channel.ChannelManager - Adding key: http://localhost:62088 for channel [id: 0x5254b4d0, L:/127.0.0.1:57930 - R:localhost/127.0.0.1:62088]
17:44:39.588 [Forwarding getElementTagName on session 9ece6ac046ffa0899c11397eca83a94f to remote] DEBUG org.asynchttpclient.netty.request.NettyRequestSender - Using pooled Channel '[id: 0x5254b4d0, L:/127.0.0.1:57930 - R:localhost/127.0.0.1:62088]' for 'GET' to 'http://localhost:62088/session/9ece6ac046ffa0899c11397eca83a94f/element/dea4233a-2e52-4c9a-81a1-e6dc1eee0de9/name'
17:44:39.588 [Forwarding getElementTagName on session 9ece6ac046ffa0899c11397eca83a94f to remote] DEBUG org.asynchttpclient.netty.request.NettyRequestSender - Using open Channel [id: 0x5254b4d0, L:/127.0.0.1:57930 - R:localhost/127.0.0.1:62088] for GET '/session/9ece6ac046ffa0899c11397eca83a94f/element/dea4233a-2e52-4c9a-81a1-e6dc1eee0de9/name'
17:44:39.591 [AsyncHttpClient-1-2] DEBUG org.asynchttpclient.netty.handler.HttpHandler - 

Request DefaultFullHttpRequest(decodeResult: success, version: HTTP/1.1, content: EmptyByteBufBE)
GET /session/9ece6ac046ffa0899c11397eca83a94f/element/dea4233a-2e52-4c9a-81a1-e6dc1eee0de9/name HTTP/1.1
User-Agent: selenium/4.1.2 (java windows)
Cache-Control: no-cache
Content-Type: application/json; charset=utf-8
host: localhost:62088
accept: */*

Response DefaultHttpResponse(decodeResult: success, version: HTTP/1.1)
HTTP/1.1 200 OK
Content-Type: application/json; charset=utf-8
cache-control: no-cache
content-length: 18

17:44:39.591 [AsyncHttpClient-1-2] DEBUG org.asynchttpclient.netty.channel.ChannelManager - Adding key: http://localhost:62088 for channel [id: 0x5254b4d0, L:/127.0.0.1:57930 - R:localhost/127.0.0.1:62088]
17:44:39.593 [Forwarding isElementEnabled on session 9ece6ac046ffa0899c11397eca83a94f to remote] DEBUG org.asynchttpclient.netty.request.NettyRequestSender - Using pooled Channel '[id: 0x5254b4d0, L:/127.0.0.1:57930 - R:localhost/127.0.0.1:62088]' for 'GET' to 'http://localhost:62088/session/9ece6ac046ffa0899c11397eca83a94f/element/dea4233a-2e52-4c9a-81a1-e6dc1eee0de9/enabled'
17:44:39.593 [Forwarding isElementEnabled on session 9ece6ac046ffa0899c11397eca83a94f to remote] DEBUG org.asynchttpclient.netty.request.NettyRequestSender - Using open Channel [id: 0x5254b4d0, L:/127.0.0.1:57930 - R:localhost/127.0.0.1:62088] for GET '/session/9ece6ac046ffa0899c11397eca83a94f/element/dea4233a-2e52-4c9a-81a1-e6dc1eee0de9/enabled'
17:44:39.601 [AsyncHttpClient-1-1] DEBUG org.asynchttpclient.netty.channel.DefaultChannelPool - Entry count for : http://localhost:57932 : 1
17:44:39.603 [AsyncHttpClient-1-2] DEBUG org.asynchttpclient.netty.handler.HttpHandler - 

Request DefaultFullHttpRequest(decodeResult: success, version: HTTP/1.1, content: EmptyByteBufBE)
GET /session/9ece6ac046ffa0899c11397eca83a94f/element/dea4233a-2e52-4c9a-81a1-e6dc1eee0de9/enabled HTTP/1.1
User-Agent: selenium/4.1.2 (java windows)
Cache-Control: no-cache
Content-Type: application/json; charset=utf-8
host: localhost:62088
accept: */*

Response DefaultHttpResponse(decodeResult: success, version: HTTP/1.1)
HTTP/1.1 200 OK
Content-Type: application/json; charset=utf-8
cache-control: no-cache
content-length: 14

17:44:39.603 [AsyncHttpClient-1-2] DEBUG org.asynchttpclient.netty.channel.ChannelManager - Adding key: http://localhost:62088 for channel [id: 0x5254b4d0, L:/127.0.0.1:57930 - R:localhost/127.0.0.1:62088]
17:44:39.604 [Forwarding isElementEnabled on session 9ece6ac046ffa0899c11397eca83a94f to remote] DEBUG org.asynchttpclient.netty.request.NettyRequestSender - Using pooled Channel '[id: 0x5254b4d0, L:/127.0.0.1:57930 - R:localhost/127.0.0.1:62088]' for 'GET' to 'http://localhost:62088/session/9ece6ac046ffa0899c11397eca83a94f/element/dea4233a-2e52-4c9a-81a1-e6dc1eee0de9/enabled'
17:44:39.604 [Forwarding isElementEnabled on session 9ece6ac046ffa0899c11397eca83a94f to remote] DEBUG org.asynchttpclient.netty.request.NettyRequestSender - Using open Channel [id: 0x5254b4d0, L:/127.0.0.1:57930 - R:localhost/127.0.0.1:62088] for GET '/session/9ece6ac046ffa0899c11397eca83a94f/element/dea4233a-2e52-4c9a-81a1-e6dc1eee0de9/enabled'
17:44:39.611 [AsyncHttpClient-1-2] DEBUG org.asynchttpclient.netty.handler.HttpHandler - 

Request DefaultFullHttpRequest(decodeResult: success, version: HTTP/1.1, content: EmptyByteBufBE)
GET /session/9ece6ac046ffa0899c11397eca83a94f/element/dea4233a-2e52-4c9a-81a1-e6dc1eee0de9/enabled HTTP/1.1
User-Agent: selenium/4.1.2 (java windows)
Cache-Control: no-cache
Content-Type: application/json; charset=utf-8
host: localhost:62088
accept: */*

Response DefaultHttpResponse(decodeResult: success, version: HTTP/1.1)
HTTP/1.1 200 OK
Content-Type: application/json; charset=utf-8
cache-control: no-cache
content-length: 14

17:44:39.611 [AsyncHttpClient-1-2] DEBUG org.asynchttpclient.netty.channel.ChannelManager - Adding key: http://localhost:62088 for channel [id: 0x5254b4d0, L:/127.0.0.1:57930 - R:localhost/127.0.0.1:62088]
17:44:39.612 [Forwarding findElement on session 9ece6ac046ffa0899c11397eca83a94f to remote] DEBUG org.asynchttpclient.netty.request.NettyRequestSender - Using pooled Channel '[id: 0x5254b4d0, L:/127.0.0.1:57930 - R:localhost/127.0.0.1:62088]' for 'POST' to 'http://localhost:62088/session/9ece6ac046ffa0899c11397eca83a94f/element'
17:44:39.612 [Forwarding findElement on session 9ece6ac046ffa0899c11397eca83a94f to remote] DEBUG org.asynchttpclient.netty.request.NettyRequestSender - Using open Channel [id: 0x5254b4d0, L:/127.0.0.1:57930 - R:localhost/127.0.0.1:62088] for POST '/session/9ece6ac046ffa0899c11397eca83a94f/element'
17:44:39.620 [AsyncHttpClient-1-2] DEBUG org.asynchttpclient.netty.handler.HttpHandler - 

Request DefaultHttpRequest(decodeResult: success, version: HTTP/1.1)
POST /session/9ece6ac046ffa0899c11397eca83a94f/element HTTP/1.1
User-Agent: selenium/4.1.2 (java windows)
Content-Length: 161
Content-Type: application/json; charset=utf-8
host: localhost:62088
accept: */*

Response DefaultHttpResponse(decodeResult: success, version: HTTP/1.1)
HTTP/1.1 200 OK
Content-Type: application/json; charset=utf-8
cache-control: no-cache
content-length: 88

17:44:39.621 [AsyncHttpClient-1-2] DEBUG org.asynchttpclient.netty.channel.ChannelManager - Adding key: http://localhost:62088 for channel [id: 0x5254b4d0, L:/127.0.0.1:57930 - R:localhost/127.0.0.1:62088]
17:44:39.622 [Forwarding clickElement on session 9ece6ac046ffa0899c11397eca83a94f to remote] DEBUG org.asynchttpclient.netty.request.NettyRequestSender - Using pooled Channel '[id: 0x5254b4d0, L:/127.0.0.1:57930 - R:localhost/127.0.0.1:62088]' for 'POST' to 'http://localhost:62088/session/9ece6ac046ffa0899c11397eca83a94f/element/dea4233a-2e52-4c9a-81a1-e6dc1eee0de9/click'
17:44:39.622 [Forwarding clickElement on session 9ece6ac046ffa0899c11397eca83a94f to remote] DEBUG org.asynchttpclient.netty.request.NettyRequestSender - Using open Channel [id: 0x5254b4d0, L:/127.0.0.1:57930 - R:localhost/127.0.0.1:62088] for POST '/session/9ece6ac046ffa0899c11397eca83a94f/element/dea4233a-2e52-4c9a-81a1-e6dc1eee0de9/click'
17:44:39.728 [AsyncHttpClient-1-2] DEBUG org.asynchttpclient.netty.handler.HttpHandler - 

Request DefaultHttpRequest(decodeResult: success, version: HTTP/1.1)
POST /session/9ece6ac046ffa0899c11397eca83a94f/element/dea4233a-2e52-4c9a-81a1-e6dc1eee0de9/click HTTP/1.1
User-Agent: selenium/4.1.2 (java windows)
Content-Length: 50
Content-Type: application/json; charset=utf-8
host: localhost:62088
accept: */*

Response DefaultHttpResponse(decodeResult: success, version: HTTP/1.1)
HTTP/1.1 200 OK
Content-Type: application/json; charset=utf-8
cache-control: no-cache
content-length: 14

17:44:39.728 [AsyncHttpClient-1-2] DEBUG org.asynchttpclient.netty.channel.ChannelManager - Adding key: http://localhost:62088 for channel [id: 0x5254b4d0, L:/127.0.0.1:57930 - R:localhost/127.0.0.1:62088]
17:44:39.742 [Forwarding screenshot on session 9ece6ac046ffa0899c11397eca83a94f to remote] DEBUG org.asynchttpclient.netty.request.NettyRequestSender - Using pooled Channel '[id: 0x5254b4d0, L:/127.0.0.1:57930 - R:localhost/127.0.0.1:62088]' for 'GET' to 'http://localhost:62088/session/9ece6ac046ffa0899c11397eca83a94f/screenshot'
17:44:39.742 [Forwarding screenshot on session 9ece6ac046ffa0899c11397eca83a94f to remote] DEBUG org.asynchttpclient.netty.request.NettyRequestSender - Using open Channel [id: 0x5254b4d0, L:/127.0.0.1:57930 - R:localhost/127.0.0.1:62088] for GET '/session/9ece6ac046ffa0899c11397eca83a94f/screenshot'
17:44:39.873 [AsyncHttpClient-1-2] DEBUG org.asynchttpclient.netty.handler.HttpHandler - 

Request DefaultFullHttpRequest(decodeResult: success, version: HTTP/1.1, content: EmptyByteBufBE)
GET /session/9ece6ac046ffa0899c11397eca83a94f/screenshot HTTP/1.1
User-Agent: selenium/4.1.2 (java windows)
Cache-Control: no-cache
Content-Type: application/json; charset=utf-8
host: localhost:62088
accept: */*

Response DefaultHttpResponse(decodeResult: success, version: HTTP/1.1)
HTTP/1.1 200 OK
Content-Type: application/json; charset=utf-8
cache-control: no-cache
content-length: 59736

17:44:39.873 [AsyncHttpClient-1-2] DEBUG org.asynchttpclient.netty.channel.ChannelManager - Adding key: http://localhost:62088 for channel [id: 0x5254b4d0, L:/127.0.0.1:57930 - R:localhost/127.0.0.1:62088]
17:44:39.877 [main] DEBUG net.serenitybdd.core.photography.Darkroom - Send negative for processing for target\site\serenity\1d0da7bd5afda455113ff58b43d71ce4746f4dd1f8574607b05578ffb5ef81a3.png
17:44:39.877 [main] DEBUG net.thucydides.core.steps.StepInterceptor - STEP DONE: clickSearchButton
  &amp#27;[32mWhen &amp#27;[0m&amp#27;[32mI input doctor department and click search&amp#27;[0m    &amp#27;[90m# starter.stepdefinitions.DoctorSteps.iInputDoctorDepartmentAndClickSearch()&amp#27;[0m
17:44:39.878 [Darkroom Processing Line] DEBUG net.serenitybdd.core.photography.DarkroomProcessingLine - Processing screenshot image in /var/screenshots/screenshot-5467781696354220578
17:44:39.878 [Darkroom Processing Line] DEBUG net.serenitybdd.core.photography.DarkroomProcessingLine - Saving screenshot to target\site\serenity\1d0da7bd5afda455113ff58b43d71ce4746f4dd1f8574607b05578ffb5ef81a3.png
17:44:39.891 [Forwarding findElement on session 9ece6ac046ffa0899c11397eca83a94f to remote] DEBUG org.asynchttpclient.netty.request.NettyRequestSender - Using pooled Channel '[id: 0x5254b4d0, L:/127.0.0.1:57930 - R:localhost/127.0.0.1:62088]' for 'POST' to 'http://localhost:62088/session/9ece6ac046ffa0899c11397eca83a94f/element'
17:44:39.891 [Forwarding findElement on session 9ece6ac046ffa0899c11397eca83a94f to remote] DEBUG org.asynchttpclient.netty.request.NettyRequestSender - Using open Channel [id: 0x5254b4d0, L:/127.0.0.1:57930 - R:localhost/127.0.0.1:62088] for POST '/session/9ece6ac046ffa0899c11397eca83a94f/element'
17:44:40.585 [AsyncHttpClient-1-2] DEBUG org.asynchttpclient.netty.handler.HttpHandler - 

Request DefaultHttpRequest(decodeResult: success, version: HTTP/1.1)
POST /session/9ece6ac046ffa0899c11397eca83a94f/element HTTP/1.1
User-Agent: selenium/4.1.2 (java windows)
Content-Length: 81
Content-Type: application/json; charset=utf-8
host: localhost:62088
accept: */*

Response DefaultHttpResponse(decodeResult: success, version: HTTP/1.1)
HTTP/1.1 200 OK
Content-Type: application/json; charset=utf-8
cache-control: no-cache
content-length: 88

17:44:40.585 [AsyncHttpClient-1-2] DEBUG org.asynchttpclient.netty.channel.ChannelManager - Adding key: http://localhost:62088 for channel [id: 0x5254b4d0, L:/127.0.0.1:57930 - R:localhost/127.0.0.1:62088]
17:44:40.589 [Forwarding isElementDisplayed on session 9ece6ac046ffa0899c11397eca83a94f to remote] DEBUG org.asynchttpclient.netty.request.NettyRequestSender - Using pooled Channel '[id: 0x5254b4d0, L:/127.0.0.1:57930 - R:localhost/127.0.0.1:62088]' for 'POST' to 'http://localhost:62088/session/9ece6ac046ffa0899c11397eca83a94f/execute/sync'
17:44:40.589 [Forwarding isElementDisplayed on session 9ece6ac046ffa0899c11397eca83a94f to remote] DEBUG org.asynchttpclient.netty.request.NettyRequestSender - Using open Channel [id: 0x5254b4d0, L:/127.0.0.1:57930 - R:localhost/127.0.0.1:62088] for POST '/session/9ece6ac046ffa0899c11397eca83a94f/execute/sync'
17:44:40.608 [AsyncHttpClient-1-2] DEBUG org.asynchttpclient.netty.handler.HttpHandler - 

Request DefaultHttpRequest(decodeResult: success, version: HTTP/1.1)
POST /session/9ece6ac046ffa0899c11397eca83a94f/execute/sync HTTP/1.1
User-Agent: selenium/4.1.2 (java windows)
Content-Length: 48780
Content-Type: application/json; charset=utf-8
host: localhost:62088
accept: */*

Response DefaultHttpResponse(decodeResult: success, version: HTTP/1.1)
HTTP/1.1 200 OK
Content-Type: application/json; charset=utf-8
cache-control: no-cache
content-length: 14

17:44:40.608 [AsyncHttpClient-1-2] DEBUG org.asynchttpclient.netty.channel.ChannelManager - Adding key: http://localhost:62088 for channel [id: 0x5254b4d0, L:/127.0.0.1:57930 - R:localhost/127.0.0.1:62088]
  &amp#27;[32mThen &amp#27;[0m&amp#27;[32mI validate search by doctor Department&amp#27;[0m        &amp#27;[90m# starter.stepdefinitions.DoctorSteps.iValidateSearchByDoctorDepartment()&amp#27;[0m
17:44:40.615 [Forwarding screenshot on session 9ece6ac046ffa0899c11397eca83a94f to remote] DEBUG org.asynchttpclient.netty.request.NettyRequestSender - Using pooled Channel '[id: 0x5254b4d0, L:/127.0.0.1:57930 - R:localhost/127.0.0.1:62088]' for 'GET' to 'http://localhost:62088/session/9ece6ac046ffa0899c11397eca83a94f/screenshot'
17:44:40.615 [Forwarding screenshot on session 9ece6ac046ffa0899c11397eca83a94f to remote] DEBUG org.asynchttpclient.netty.request.NettyRequestSender - Using open Channel [id: 0x5254b4d0, L:/127.0.0.1:57930 - R:localhost/127.0.0.1:62088] for GET '/session/9ece6ac046ffa0899c11397eca83a94f/screenshot'
17:44:40.700 [AsyncHttpClient-1-1] DEBUG org.asynchttpclient.netty.channel.DefaultChannelPool - Entry count for : http://localhost:57932 : 1
17:44:40.745 [AsyncHttpClient-1-2] DEBUG org.asynchttpclient.netty.handler.HttpHandler - 

Request DefaultFullHttpRequest(decodeResult: success, version: HTTP/1.1, content: EmptyByteBufBE)
GET /session/9ece6ac046ffa0899c11397eca83a94f/screenshot HTTP/1.1
User-Agent: selenium/4.1.2 (java windows)
Cache-Control: no-cache
Content-Type: application/json; charset=utf-8
host: localhost:62088
accept: */*

Response DefaultHttpResponse(decodeResult: success, version: HTTP/1.1)
HTTP/1.1 200 OK
Content-Type: application/json; charset=utf-8
cache-control: no-cache
content-length: 82768

17:44:40.746 [AsyncHttpClient-1-2] DEBUG org.asynchttpclient.netty.channel.ChannelManager - Adding key: http://localhost:62088 for channel [id: 0x5254b4d0, L:/127.0.0.1:57930 - R:localhost/127.0.0.1:62088]
17:44:40.752 [main] DEBUG net.serenitybdd.core.photography.Darkroom - Send negative for processing for target\site\serenity\031c310ef723a9860633876c71203525da15529a853135959e232a857f91ca90.png
17:44:40.753 [Darkroom Processing Line] DEBUG net.serenitybdd.core.photography.DarkroomProcessingLine - Processing screenshot image in /var/screenshots/screenshot-13623613563925505266
17:44:40.753 [Darkroom Processing Line] DEBUG net.serenitybdd.core.photography.DarkroomProcessingLine - Saving screenshot to target\site\serenity\031c310ef723a9860633876c71203525da15529a853135959e232a857f91ca90.png
17:44:40.754 [main] INFO  - 
  _____   ___   ___   _____     ___     _     ___   ___   ___   ___  
 |_   _| | __| / __| |_   _|   | _ \   /_\   / __| / __| | __| |   \ 
   | |   | _|  \__ \   | |     |  _/  / _ \  \__ \ \__ \ | _|  | |) |
   |_|   |___| |___/   |_|     |_|   /_/ \_\ |___/ |___/ |___| |___/ 

Search Doctor Based on Doctor NID Scenario
----------------------------------------------------------------------
17:44:40.756 [AsyncHttpClient-1-4] DEBUG org.asynchttpclient.netty.handler.WebSocketHandler - Channel Closed: [id: 0xf7e4a19c, L:/127.0.0.1:57938 ! R:localhost/127.0.0.1:57932] with attribute NettyResponseFuture{currentRetry=5,
	isDone=1,
	isCancelled=0,
	asyncHandler=org.asynchttpclient.ws.WebSocketUpgradeHandler@53b22b5d,
	nettyRequest=org.asynchttpclient.netty.request.NettyRequest@2147eadb,
	future=java.util.concurrent.CompletableFuture@584dc769[Completed normally],
	uri=ws://localhost:57932/devtools/browser/9e96232d-948c-4959-a616-3cdf43c836c3,
	keepAlive=true,
	redirectCount=0,
	timeoutsHolder=null,
	inAuth=0,
	touch=1655549074537}
17:44:40.756 [AsyncHttpClient-1-4] DEBUG org.asynchttpclient.netty.channel.ChannelManager - Closing Channel [id: 0xf7e4a19c, L:/127.0.0.1:57938 ! R:localhost/127.0.0.1:57932] 
17:44:40.758 [Driver Command Executor] DEBUG org.asynchttpclient.netty.request.NettyRequestSender - Using pooled Channel '[id: 0x5254b4d0, L:/127.0.0.1:57930 - R:localhost/127.0.0.1:62088]' for 'DELETE' to 'http://localhost:62088/session/9ece6ac046ffa0899c11397eca83a94f'
17:44:40.758 [Driver Command Executor] DEBUG org.asynchttpclient.netty.request.NettyRequestSender - Using open Channel [id: 0x5254b4d0, L:/127.0.0.1:57930 - R:localhost/127.0.0.1:62088] for DELETE '/session/9ece6ac046ffa0899c11397eca83a94f'
17:44:41.494 [AsyncHttpClient-1-3] DEBUG org.asynchttpclient.netty.handler.HttpHandler - Unexpected I/O exception on channel [id: 0x583e6b0a, L:/127.0.0.1:57937 - R:localhost/127.0.0.1:57932]
java.net.SocketException: Connection reset
	at java.base/sun.nio.ch.SocketChannelImpl.throwConnectionReset(SocketChannelImpl.java:367)
	at java.base/sun.nio.ch.SocketChannelImpl.read(SocketChannelImpl.java:398)
	at io.netty.buffer.PooledByteBuf.setBytes(PooledByteBuf.java:258)
	at io.netty.buffer.AbstractByteBuf.writeBytes(AbstractByteBuf.java:1132)
	at io.netty.channel.socket.nio.NioSocketChannel.doReadBytes(NioSocketChannel.java:350)
	at io.netty.channel.nio.AbstractNioByteChannel$NioByteUnsafe.read(AbstractNioByteChannel.java:151)
	at io.netty.channel.nio.NioEventLoop.processSelectedKey(NioEventLoop.java:722)
	at io.netty.channel.nio.NioEventLoop.processSelectedKeysOptimized(NioEventLoop.java:658)
	at io.netty.channel.nio.NioEventLoop.processSelectedKeys(NioEventLoop.java:584)
	at io.netty.channel.nio.NioEventLoop.run(NioEventLoop.java:496)
	at io.netty.util.concurrent.SingleThreadEventExecutor$4.run(SingleThreadEventExecutor.java:986)
	at io.netty.util.internal.ThreadExecutorMap$2.run(ThreadExecutorMap.java:74)
	at io.netty.util.concurrent.FastThreadLocalRunnable.run(FastThreadLocalRunnable.java:30)
	at java.base/java.lang.Thread.run(Thread.java:832)
17:44:41.494 [AsyncHttpClient-1-3] DEBUG org.asynchttpclient.netty.channel.ChannelManager - Closing Channel [id: 0x583e6b0a, L:/127.0.0.1:57937 - R:localhost/127.0.0.1:57932] 
17:44:41.495 [AsyncHttpClient-1-3] DEBUG org.asynchttpclient.netty.handler.HttpHandler - Channel Closed: [id: 0x583e6b0a, L:/127.0.0.1:57937 ! R:localhost/127.0.0.1:57932] with attribute DISCARD
17:44:41.571 [AsyncHttpClient-1-2] DEBUG org.asynchttpclient.netty.handler.HttpHandler - 

Request DefaultFullHttpRequest(decodeResult: success, version: HTTP/1.1, content: EmptyByteBufBE)
DELETE /session/9ece6ac046ffa0899c11397eca83a94f HTTP/1.1
User-Agent: selenium/4.1.2 (java windows)
Content-Type: application/json; charset=utf-8
host: localhost:62088
accept: */*

Response DefaultHttpResponse(decodeResult: success, version: HTTP/1.1)
HTTP/1.1 200 OK
Content-Type: application/json; charset=utf-8
cache-control: no-cache
content-length: 14

17:44:41.571 [AsyncHttpClient-1-2] DEBUG org.asynchttpclient.netty.channel.ChannelManager - Adding key: http://localhost:62088 for channel [id: 0x5254b4d0, L:/127.0.0.1:57930 - R:localhost/127.0.0.1:62088]
17:44:41.804 [AsyncHttpClient-1-1] DEBUG org.asynchttpclient.netty.channel.DefaultChannelPool - Entry count for : http://localhost:62088 : 1
17:44:41.804 [AsyncHttpClient-1-1] DEBUG org.asynchttpclient.netty.channel.DefaultChannelPool - Entry count for : http://localhost:57932 : 1
17:44:41.804 [AsyncHttpClient-1-1] DEBUG org.asynchttpclient.netty.channel.DefaultChannelPool - Adding Candidate expired Channel [id: 0x583e6b0a, L:/127.0.0.1:57937 ! R:localhost/127.0.0.1:57932] isIdleTimeoutExpired=false isRemotelyClosed=true isTtlExpired=false
17:44:41.804 [AsyncHttpClient-1-1] DEBUG org.asynchttpclient.netty.channel.DefaultChannelPool - Closing Idle Channel [id: 0x583e6b0a, L:/127.0.0.1:57937 ! R:localhost/127.0.0.1:57932]
17:44:41.804 [AsyncHttpClient-1-1] DEBUG org.asynchttpclient.netty.channel.DefaultChannelPool - Closed 1 connections out of 2 in 0 ms
17:44:41.852 [AsyncHttpClient-1-2] DEBUG org.asynchttpclient.netty.handler.HttpHandler - Channel Closed: [id: 0x5254b4d0, L:/127.0.0.1:57930 ! R:localhost/127.0.0.1:62088] with attribute DISCARD
]]></system-out>
    <system-err><![CDATA[Starting ChromeDriver 102.0.5005.61 (0e59bcc00cc4985ce39ad31c150065f159d95ad3-refs/branch-heads/5005@{#819}) on port 62088
Only local connections are allowed.
Please see https://chromedriver.chromium.org/security-considerations for suggestions on keeping ChromeDriver safe.
ChromeDriver was started successfully.
Jun 18, 2022 5:44:34 PM org.openqa.selenium.remote.ProtocolHandshake createSession
INFO: Detected dialect: W3C
Jun 18, 2022 5:44:34 PM org.openqa.selenium.devtools.CdpVersionFinder findNearestMatch
WARNING: Unable to find an exact match for CDP version 102, so returning the closest version found: a no-op implementation
Jun 18, 2022 5:44:34 PM org.openqa.selenium.devtools.CdpVersionFinder findNearestMatch
INFO: Unable to find CDP implementation matching 102.
Jun 18, 2022 5:44:34 PM org.openqa.selenium.chromium.ChromiumDriver lambda$new$3
WARNING: Unable to find version of CDP to use for . You may need to include a dependency on a specific version of the CDP using something similar to `org.seleniumhq.selenium:selenium-devtools-v86:4.1.2` where the version ("v86") matches the version of the chromium-based browser you're using and the version number of the artifact is the same as Selenium's.
]]></system-err>
  </testcase>
  <testcase name="Search Doctor Based on Doctor Name Scenario" classname="Doctor" time="9.822">
    <system-out><![CDATA[
@Doctor
Scenario: Search Doctor Based on Doctor Name Scenario &amp#27;[90m# src/test/resources/features/3.Doctor.feature:63&amp#27;[0m
17:44:42.377 [main] INFO io.cucumber.core.plugin.SerenityReporter - Running feature from file:///E:/My%20Documents/File%20Difa/TI%20Semester%206%20Kampus%20Merdeka%20Alterra/Tugas/CAPSTONE%20Project/Capstone-Project-Website/src/test/resources/features/3.Doctor.feature
17:44:42.379 [main] INFO  - 
  _____   ___   ___   _____     ___   _____     _     ___   _____   ___   ___  
 |_   _| | __| / __| |_   _|   / __| |_   _|   /_\   | _ \ |_   _| | __| |   \ 
   | |   | _|  \__ \   | |     \__ \   | |    / _ \  |   /   | |   | _|  | |) |
   |_|   |___| |___/   |_|     |___/   |_|   /_/ \_\ |_|_\   |_|   |___| |___/ 

Search Doctor Based on Doctor Name Scenario(doctor;search-doctor-based-on-doctor-name-scenario)
--------------------------------------------------------------------------------
17:44:42.433 [main] DEBUG net.thucydides.core.steps.StepInterceptor - STARTING STEP: PatientSteps.iAmAtTheDashboardPage - openUrl
17:44:42.436 [main] INFO net.serenitybdd.core.webdriver.driverproviders.ChromeDriverProvider - Using automatically driver download
17:44:42.750 [main] DEBUG io.github.bonigarcia.wdm.cache.ResolutionCache - Resolution chrome=102 in cache (valid until 18:14:23 18/06/2022 ICT)
17:44:42.755 [main] DEBUG io.github.bonigarcia.wdm.cache.ResolutionCache - Resolution chrome102=102.0.5005.61 in cache (valid until 17:29:52 19/06/2022 ICT)
17:44:42.757 [main] INFO io.github.bonigarcia.wdm.WebDriverManager - Using chromedriver 102.0.5005.61 (resolved driver for Chrome 102)
17:44:42.771 [main] DEBUG io.github.bonigarcia.wdm.WebDriverManager - Driver chromedriver 102.0.5005.61 found in cache
17:44:42.772 [main] INFO io.github.bonigarcia.wdm.WebDriverManager - Exporting webdriver.chrome.driver as C:\Users\USER\.cache\selenium\chromedriver\win32\102.0.5005.61\chromedriver.exe
17:44:42.900 [AsyncHttpClient-1-1] DEBUG org.asynchttpclient.netty.channel.DefaultChannelPool - Entry count for : http://localhost:62088 : 1
17:44:42.900 [AsyncHttpClient-1-1] DEBUG org.asynchttpclient.netty.channel.DefaultChannelPool - Adding Candidate expired Channel [id: 0x5254b4d0, L:/127.0.0.1:57930 ! R:localhost/127.0.0.1:62088] isIdleTimeoutExpired=false isRemotelyClosed=true isTtlExpired=false
17:44:42.900 [AsyncHttpClient-1-1] DEBUG org.asynchttpclient.netty.channel.DefaultChannelPool - Closing Idle Channel [id: 0x5254b4d0, L:/127.0.0.1:57930 ! R:localhost/127.0.0.1:62088]
17:44:42.900 [AsyncHttpClient-1-1] DEBUG org.asynchttpclient.netty.channel.DefaultChannelPool - Closed 1 connections out of 1 in 0 ms
17:44:43.048 [main] DEBUG net.serenitybdd.core.webdriver.driverproviders.ProvideNewDriver - Instantiating driver
17:44:43.048 [main] DEBUG net.serenitybdd.core.webdriver.driverproviders.ProvideNewDriver - Driver capabilities: Capabilities {acceptInsecureCerts: false, base.url: https://hospital-management..., browserName: chrome, chrome.driver: src/test/resources/webdrive..., driver: chrome, goog:chromeOptions: {args: [], extensions: []}}
17:44:43.650 [AsyncHttpClient-1-5] DEBUG org.asynchttpclient.netty.channel.NettyConnectListener - Using new Channel '[id: 0x0f68f7b2, L:/127.0.0.1:57963 - R:localhost/127.0.0.1:53663]' for 'POST' to '/session'
17:44:45.917 [AsyncHttpClient-1-5] DEBUG org.asynchttpclient.netty.handler.HttpHandler - 

Request DefaultHttpRequest(decodeResult: success, version: HTTP/1.1)
POST /session HTTP/1.1
User-Agent: selenium/4.1.2 (java windows)
Content-Length: 621
Content-Type: application/json; charset=utf-8
host: localhost:53663
accept: */*

Response DefaultHttpResponse(decodeResult: success, version: HTTP/1.1)
HTTP/1.1 200 OK
Content-Type: application/json; charset=utf-8
cache-control: no-cache
content-length: 789

17:44:45.918 [AsyncHttpClient-1-5] DEBUG org.asynchttpclient.netty.channel.ChannelManager - Adding key: http://localhost:53663 for channel [id: 0x0f68f7b2, L:/127.0.0.1:57963 - R:localhost/127.0.0.1:53663]
17:44:45.925 [AsyncHttpClient-1-6] DEBUG org.asynchttpclient.netty.channel.NettyConnectListener - Using new Channel '[id: 0x2d2cd508, L:/127.0.0.1:57970 - R:localhost/127.0.0.1:57964]' for 'GET' to '/json/version'
17:44:45.925 [AsyncHttpClient-1-6] DEBUG org.asynchttpclient.netty.handler.HttpHandler - 

Request DefaultFullHttpRequest(decodeResult: success, version: HTTP/1.1, content: EmptyByteBufBE)
GET /json/version HTTP/1.1
User-Agent: selenium/4.1.2 (java windows)
host: localhost:57964
accept: */*

Response DefaultHttpResponse(decodeResult: success, version: HTTP/1.1)
HTTP/1.1 200 OK
Content-Type: application/json; charset=UTF-8
content-length: 427

17:44:45.925 [AsyncHttpClient-1-6] DEBUG org.asynchttpclient.netty.channel.ChannelManager - Adding key: http://localhost:57964 for channel [id: 0x2d2cd508, L:/127.0.0.1:57970 - R:localhost/127.0.0.1:57964]
17:44:45.929 [AsyncHttpClient-1-7] DEBUG org.asynchttpclient.netty.channel.NettyConnectListener - Using new Channel '[id: 0x257fc2dd, L:/127.0.0.1:57971 - R:localhost/127.0.0.1:57964]' for 'GET' to '/devtools/browser/8ee57033-2c24-4c8b-8bf8-14e735747a0d'
17:44:45.930 [AsyncHttpClient-1-7] DEBUG org.asynchttpclient.netty.handler.WebSocketHandler - 

Request DefaultFullHttpRequest(decodeResult: success, version: HTTP/1.1, content: EmptyByteBufBE)
GET /devtools/browser/8ee57033-2c24-4c8b-8bf8-14e735747a0d HTTP/1.1
upgrade: websocket
connection: upgrade
sec-websocket-key: 5w7/CQLs4EqVzw89F4TWwA==
sec-websocket-version: 13
origin: http://localhost:57964
host: localhost:57964
accept: */*
user-agent: AHC/2.1

Response DefaultHttpResponse(decodeResult: success, version: HTTP/1.1)
HTTP/1.1 101 WebSocket Protocol Handshake
Upgrade: WebSocket
Connection: Upgrade
Sec-WebSocket-Accept: 8bD0fc7ipCg0dhGJPJSVgPBbCtY=

17:44:45.934 [Forwarding maximizeCurrentWindow on session 18c00e4df1fedb094e4688911855635c to remote] DEBUG org.asynchttpclient.netty.request.NettyRequestSender - Using pooled Channel '[id: 0x0f68f7b2, L:/127.0.0.1:57963 - R:localhost/127.0.0.1:53663]' for 'POST' to 'http://localhost:53663/session/18c00e4df1fedb094e4688911855635c/window/maximize'
17:44:45.934 [Forwarding maximizeCurrentWindow on session 18c00e4df1fedb094e4688911855635c to remote] DEBUG org.asynchttpclient.netty.request.NettyRequestSender - Using open Channel [id: 0x0f68f7b2, L:/127.0.0.1:57963 - R:localhost/127.0.0.1:53663] for POST '/session/18c00e4df1fedb094e4688911855635c/window/maximize'
17:44:46.051 [AsyncHttpClient-1-5] DEBUG org.asynchttpclient.netty.handler.HttpHandler - 

Request DefaultHttpRequest(decodeResult: success, version: HTTP/1.1)
POST /session/18c00e4df1fedb094e4688911855635c/window/maximize HTTP/1.1
User-Agent: selenium/4.1.2 (java windows)
Content-Length: 3
Content-Type: application/json; charset=utf-8
host: localhost:53663
accept: */*

Response DefaultHttpResponse(decodeResult: success, version: HTTP/1.1)
HTTP/1.1 200 OK
Content-Type: application/json; charset=utf-8
cache-control: no-cache
content-length: 51

17:44:46.051 [AsyncHttpClient-1-5] DEBUG org.asynchttpclient.netty.channel.ChannelManager - Adding key: http://localhost:53663 for channel [id: 0x0f68f7b2, L:/127.0.0.1:57963 - R:localhost/127.0.0.1:53663]
17:44:46.052 [Forwarding get on session 18c00e4df1fedb094e4688911855635c to remote] DEBUG org.asynchttpclient.netty.request.NettyRequestSender - Using pooled Channel '[id: 0x0f68f7b2, L:/127.0.0.1:57963 - R:localhost/127.0.0.1:53663]' for 'POST' to 'http://localhost:53663/session/18c00e4df1fedb094e4688911855635c/url'
17:44:46.052 [Forwarding get on session 18c00e4df1fedb094e4688911855635c to remote] DEBUG org.asynchttpclient.netty.request.NettyRequestSender - Using open Channel [id: 0x0f68f7b2, L:/127.0.0.1:57963 - R:localhost/127.0.0.1:53663] for POST '/session/18c00e4df1fedb094e4688911855635c/url'
17:44:46.201 [AsyncHttpClient-1-1] DEBUG org.asynchttpclient.netty.channel.DefaultChannelPool - Entry count for : http://localhost:57964 : 1
17:44:47.301 [AsyncHttpClient-1-1] DEBUG org.asynchttpclient.netty.channel.DefaultChannelPool - Entry count for : http://localhost:57964 : 1
17:44:48.401 [AsyncHttpClient-1-1] DEBUG org.asynchttpclient.netty.channel.DefaultChannelPool - Entry count for : http://localhost:57964 : 1
17:44:48.652 [AsyncHttpClient-1-5] DEBUG org.asynchttpclient.netty.handler.HttpHandler - 

Request DefaultHttpRequest(decodeResult: success, version: HTTP/1.1)
POST /session/18c00e4df1fedb094e4688911855635c/url HTTP/1.1
User-Agent: selenium/4.1.2 (java windows)
Content-Length: 65
Content-Type: application/json; charset=utf-8
host: localhost:53663
accept: */*

Response DefaultHttpResponse(decodeResult: success, version: HTTP/1.1)
HTTP/1.1 200 OK
Content-Type: application/json; charset=utf-8
cache-control: no-cache
content-length: 14

17:44:48.652 [AsyncHttpClient-1-5] DEBUG org.asynchttpclient.netty.channel.ChannelManager - Adding key: http://localhost:53663 for channel [id: 0x0f68f7b2, L:/127.0.0.1:57963 - R:localhost/127.0.0.1:53663]
17:44:48.654 [Forwarding setTimeout on session 18c00e4df1fedb094e4688911855635c to remote] DEBUG org.asynchttpclient.netty.request.NettyRequestSender - Using pooled Channel '[id: 0x0f68f7b2, L:/127.0.0.1:57963 - R:localhost/127.0.0.1:53663]' for 'POST' to 'http://localhost:53663/session/18c00e4df1fedb094e4688911855635c/timeouts'
17:44:48.654 [Forwarding setTimeout on session 18c00e4df1fedb094e4688911855635c to remote] DEBUG org.asynchttpclient.netty.request.NettyRequestSender - Using open Channel [id: 0x0f68f7b2, L:/127.0.0.1:57963 - R:localhost/127.0.0.1:53663] for POST '/session/18c00e4df1fedb094e4688911855635c/timeouts'
17:44:48.656 [AsyncHttpClient-1-5] DEBUG org.asynchttpclient.netty.handler.HttpHandler - 

Request DefaultHttpRequest(decodeResult: success, version: HTTP/1.1)
POST /session/18c00e4df1fedb094e4688911855635c/timeouts HTTP/1.1
User-Agent: selenium/4.1.2 (java windows)
Content-Length: 22
Content-Type: application/json; charset=utf-8
host: localhost:53663
accept: */*

Response DefaultHttpResponse(decodeResult: success, version: HTTP/1.1)
HTTP/1.1 200 OK
Content-Type: application/json; charset=utf-8
cache-control: no-cache
content-length: 14

17:44:48.656 [AsyncHttpClient-1-5] DEBUG org.asynchttpclient.netty.channel.ChannelManager - Adding key: http://localhost:53663 for channel [id: 0x0f68f7b2, L:/127.0.0.1:57963 - R:localhost/127.0.0.1:53663]
17:44:48.662 [Forwarding getCurrentUrl on session 18c00e4df1fedb094e4688911855635c to remote] DEBUG org.asynchttpclient.netty.request.NettyRequestSender - Using pooled Channel '[id: 0x0f68f7b2, L:/127.0.0.1:57963 - R:localhost/127.0.0.1:53663]' for 'GET' to 'http://localhost:53663/session/18c00e4df1fedb094e4688911855635c/url'
17:44:48.662 [Forwarding getCurrentUrl on session 18c00e4df1fedb094e4688911855635c to remote] DEBUG org.asynchttpclient.netty.request.NettyRequestSender - Using open Channel [id: 0x0f68f7b2, L:/127.0.0.1:57963 - R:localhost/127.0.0.1:53663] for GET '/session/18c00e4df1fedb094e4688911855635c/url'
17:44:48.765 [AsyncHttpClient-1-5] DEBUG org.asynchttpclient.netty.handler.HttpHandler - 

Request DefaultFullHttpRequest(decodeResult: success, version: HTTP/1.1, content: EmptyByteBufBE)
GET /session/18c00e4df1fedb094e4688911855635c/url HTTP/1.1
User-Agent: selenium/4.1.2 (java windows)
Cache-Control: no-cache
Content-Type: application/json; charset=utf-8
host: localhost:53663
accept: */*

Response DefaultHttpResponse(decodeResult: success, version: HTTP/1.1)
HTTP/1.1 200 OK
Content-Type: application/json; charset=utf-8
cache-control: no-cache
content-length: 53

17:44:48.765 [AsyncHttpClient-1-5] DEBUG org.asynchttpclient.netty.channel.ChannelManager - Adding key: http://localhost:53663 for channel [id: 0x0f68f7b2, L:/127.0.0.1:57963 - R:localhost/127.0.0.1:53663]
17:44:48.770 [Forwarding getCurrentUrl on session 18c00e4df1fedb094e4688911855635c to remote] DEBUG org.asynchttpclient.netty.request.NettyRequestSender - Using pooled Channel '[id: 0x0f68f7b2, L:/127.0.0.1:57963 - R:localhost/127.0.0.1:53663]' for 'GET' to 'http://localhost:53663/session/18c00e4df1fedb094e4688911855635c/url'
17:44:48.770 [Forwarding getCurrentUrl on session 18c00e4df1fedb094e4688911855635c to remote] DEBUG org.asynchttpclient.netty.request.NettyRequestSender - Using open Channel [id: 0x0f68f7b2, L:/127.0.0.1:57963 - R:localhost/127.0.0.1:53663] for GET '/session/18c00e4df1fedb094e4688911855635c/url'
17:44:48.778 [AsyncHttpClient-1-5] DEBUG org.asynchttpclient.netty.handler.HttpHandler - 

Request DefaultFullHttpRequest(decodeResult: success, version: HTTP/1.1, content: EmptyByteBufBE)
GET /session/18c00e4df1fedb094e4688911855635c/url HTTP/1.1
User-Agent: selenium/4.1.2 (java windows)
Cache-Control: no-cache
Content-Type: application/json; charset=utf-8
host: localhost:53663
accept: */*

Response DefaultHttpResponse(decodeResult: success, version: HTTP/1.1)
HTTP/1.1 200 OK
Content-Type: application/json; charset=utf-8
cache-control: no-cache
content-length: 53

17:44:48.778 [AsyncHttpClient-1-5] DEBUG org.asynchttpclient.netty.channel.ChannelManager - Adding key: http://localhost:53663 for channel [id: 0x0f68f7b2, L:/127.0.0.1:57963 - R:localhost/127.0.0.1:53663]
17:44:48.786 [Forwarding screenshot on session 18c00e4df1fedb094e4688911855635c to remote] DEBUG org.asynchttpclient.netty.request.NettyRequestSender - Using pooled Channel '[id: 0x0f68f7b2, L:/127.0.0.1:57963 - R:localhost/127.0.0.1:53663]' for 'GET' to 'http://localhost:53663/session/18c00e4df1fedb094e4688911855635c/screenshot'
17:44:48.786 [Forwarding screenshot on session 18c00e4df1fedb094e4688911855635c to remote] DEBUG org.asynchttpclient.netty.request.NettyRequestSender - Using open Channel [id: 0x0f68f7b2, L:/127.0.0.1:57963 - R:localhost/127.0.0.1:53663] for GET '/session/18c00e4df1fedb094e4688911855635c/screenshot'
17:44:49.039 [AsyncHttpClient-1-5] DEBUG org.asynchttpclient.netty.handler.HttpHandler - 

Request DefaultFullHttpRequest(decodeResult: success, version: HTTP/1.1, content: EmptyByteBufBE)
GET /session/18c00e4df1fedb094e4688911855635c/screenshot HTTP/1.1
User-Agent: selenium/4.1.2 (java windows)
Cache-Control: no-cache
Content-Type: application/json; charset=utf-8
host: localhost:53663
accept: */*

Response DefaultHttpResponse(decodeResult: success, version: HTTP/1.1)
HTTP/1.1 200 OK
Content-Type: application/json; charset=utf-8
cache-control: no-cache
content-length: 312560

17:44:49.041 [AsyncHttpClient-1-5] DEBUG org.asynchttpclient.netty.channel.ChannelManager - Adding key: http://localhost:53663 for channel [id: 0x0f68f7b2, L:/127.0.0.1:57963 - R:localhost/127.0.0.1:53663]
17:44:49.073 [main] DEBUG net.serenitybdd.core.photography.Darkroom - Send negative for processing for target\site\serenity\e0c5e84207325a43cd3ecce9dfeb84335ea726cc8626592e2202371bcb2d6f92.png
17:44:49.074 [main] DEBUG net.thucydides.core.steps.StepInterceptor - STEP DONE: openUrl
17:44:49.081 [main] DEBUG net.thucydides.core.steps.StepInterceptor - STARTING STEP: PatientSteps.iAmAtTheDashboardPage - validateOnDashboardPage
17:44:49.089 [Forwarding findElement on session 18c00e4df1fedb094e4688911855635c to remote] DEBUG org.asynchttpclient.netty.request.NettyRequestSender - Using pooled Channel '[id: 0x0f68f7b2, L:/127.0.0.1:57963 - R:localhost/127.0.0.1:53663]' for 'POST' to 'http://localhost:53663/session/18c00e4df1fedb094e4688911855635c/element'
17:44:49.089 [Forwarding findElement on session 18c00e4df1fedb094e4688911855635c to remote] DEBUG org.asynchttpclient.netty.request.NettyRequestSender - Using open Channel [id: 0x0f68f7b2, L:/127.0.0.1:57963 - R:localhost/127.0.0.1:53663] for POST '/session/18c00e4df1fedb094e4688911855635c/element'
17:44:49.112 [AsyncHttpClient-1-5] DEBUG org.asynchttpclient.netty.handler.HttpHandler - 

Request DefaultHttpRequest(decodeResult: success, version: HTTP/1.1)
POST /session/18c00e4df1fedb094e4688911855635c/element HTTP/1.1
User-Agent: selenium/4.1.2 (java windows)
Content-Length: 81
Content-Type: application/json; charset=utf-8
host: localhost:53663
accept: */*

Response DefaultHttpResponse(decodeResult: success, version: HTTP/1.1)
HTTP/1.1 200 OK
Content-Type: application/json; charset=utf-8
cache-control: no-cache
content-length: 88

17:44:49.112 [AsyncHttpClient-1-5] DEBUG org.asynchttpclient.netty.channel.ChannelManager - Adding key: http://localhost:53663 for channel [id: 0x0f68f7b2, L:/127.0.0.1:57963 - R:localhost/127.0.0.1:53663]
17:44:49.117 [Forwarding isElementDisplayed on session 18c00e4df1fedb094e4688911855635c to remote] DEBUG org.asynchttpclient.netty.request.NettyRequestSender - Using pooled Channel '[id: 0x0f68f7b2, L:/127.0.0.1:57963 - R:localhost/127.0.0.1:53663]' for 'POST' to 'http://localhost:53663/session/18c00e4df1fedb094e4688911855635c/execute/sync'
17:44:49.117 [Forwarding isElementDisplayed on session 18c00e4df1fedb094e4688911855635c to remote] DEBUG org.asynchttpclient.netty.request.NettyRequestSender - Using open Channel [id: 0x0f68f7b2, L:/127.0.0.1:57963 - R:localhost/127.0.0.1:53663] for POST '/session/18c00e4df1fedb094e4688911855635c/execute/sync'
17:44:49.142 [AsyncHttpClient-1-5] DEBUG org.asynchttpclient.netty.handler.HttpHandler - 

Request DefaultHttpRequest(decodeResult: success, version: HTTP/1.1)
POST /session/18c00e4df1fedb094e4688911855635c/execute/sync HTTP/1.1
User-Agent: selenium/4.1.2 (java windows)
Content-Length: 48780
Content-Type: application/json; charset=utf-8
host: localhost:53663
accept: */*

Response DefaultHttpResponse(decodeResult: success, version: HTTP/1.1)
HTTP/1.1 200 OK
Content-Type: application/json; charset=utf-8
cache-control: no-cache
content-length: 14

17:44:49.142 [AsyncHttpClient-1-5] DEBUG org.asynchttpclient.netty.channel.ChannelManager - Adding key: http://localhost:53663 for channel [id: 0x0f68f7b2, L:/127.0.0.1:57963 - R:localhost/127.0.0.1:53663]
17:44:49.149 [Forwarding screenshot on session 18c00e4df1fedb094e4688911855635c to remote] DEBUG org.asynchttpclient.netty.request.NettyRequestSender - Using pooled Channel '[id: 0x0f68f7b2, L:/127.0.0.1:57963 - R:localhost/127.0.0.1:53663]' for 'GET' to 'http://localhost:53663/session/18c00e4df1fedb094e4688911855635c/screenshot'
17:44:49.149 [Forwarding screenshot on session 18c00e4df1fedb094e4688911855635c to remote] DEBUG org.asynchttpclient.netty.request.NettyRequestSender - Using open Channel [id: 0x0f68f7b2, L:/127.0.0.1:57963 - R:localhost/127.0.0.1:53663] for GET '/session/18c00e4df1fedb094e4688911855635c/screenshot'
17:44:49.430 [AsyncHttpClient-1-5] DEBUG org.asynchttpclient.netty.handler.HttpHandler - 

Request DefaultFullHttpRequest(decodeResult: success, version: HTTP/1.1, content: EmptyByteBufBE)
GET /session/18c00e4df1fedb094e4688911855635c/screenshot HTTP/1.1
User-Agent: selenium/4.1.2 (java windows)
Cache-Control: no-cache
Content-Type: application/json; charset=utf-8
host: localhost:53663
accept: */*

Response DefaultHttpResponse(decodeResult: success, version: HTTP/1.1)
HTTP/1.1 200 OK
Content-Type: application/json; charset=utf-8
cache-control: no-cache
content-length: 312560

17:44:49.431 [AsyncHttpClient-1-5] DEBUG org.asynchttpclient.netty.channel.ChannelManager - Adding key: http://localhost:53663 for channel [id: 0x0f68f7b2, L:/127.0.0.1:57963 - R:localhost/127.0.0.1:53663]
17:44:49.450 [main] DEBUG net.serenitybdd.core.photography.Darkroom - Send negative for processing for target\site\serenity\e0c5e84207325a43cd3ecce9dfeb84335ea726cc8626592e2202371bcb2d6f92.png
17:44:49.450 [main] DEBUG net.thucydides.core.steps.StepInterceptor - STEP DONE: validateOnDashboardPage
  &amp#27;[32mGiven &amp#27;[0m&amp#27;[32mI am at the dashboard page&amp#27;[0m                    &amp#27;[90m# starter.stepdefinitions.PatientSteps.iAmAtTheDashboardPage()&amp#27;[0m
17:44:49.479 [main] DEBUG net.thucydides.core.steps.StepInterceptor - STARTING STEP: DoctorSteps.iClickMenuDoctor - clickMenuDoctorButton
17:44:49.482 [Forwarding findElement on session 18c00e4df1fedb094e4688911855635c to remote] DEBUG org.asynchttpclient.netty.request.NettyRequestSender - Using pooled Channel '[id: 0x0f68f7b2, L:/127.0.0.1:57963 - R:localhost/127.0.0.1:53663]' for 'POST' to 'http://localhost:53663/session/18c00e4df1fedb094e4688911855635c/element'
17:44:49.482 [Forwarding findElement on session 18c00e4df1fedb094e4688911855635c to remote] DEBUG org.asynchttpclient.netty.request.NettyRequestSender - Using open Channel [id: 0x0f68f7b2, L:/127.0.0.1:57963 - R:localhost/127.0.0.1:53663] for POST '/session/18c00e4df1fedb094e4688911855635c/element'
17:44:49.498 [AsyncHttpClient-1-5] DEBUG org.asynchttpclient.netty.handler.HttpHandler - 

Request DefaultHttpRequest(decodeResult: success, version: HTTP/1.1)
POST /session/18c00e4df1fedb094e4688911855635c/element HTTP/1.1
User-Agent: selenium/4.1.2 (java windows)
Content-Length: 79
Content-Type: application/json; charset=utf-8
host: localhost:53663
accept: */*

Response DefaultHttpResponse(decodeResult: success, version: HTTP/1.1)
HTTP/1.1 200 OK
Content-Type: application/json; charset=utf-8
cache-control: no-cache
content-length: 88

17:44:49.498 [AsyncHttpClient-1-5] DEBUG org.asynchttpclient.netty.channel.ChannelManager - Adding key: http://localhost:53663 for channel [id: 0x0f68f7b2, L:/127.0.0.1:57963 - R:localhost/127.0.0.1:53663]
17:44:49.500 [Forwarding getElementTagName on session 18c00e4df1fedb094e4688911855635c to remote] DEBUG org.asynchttpclient.netty.request.NettyRequestSender - Using pooled Channel '[id: 0x0f68f7b2, L:/127.0.0.1:57963 - R:localhost/127.0.0.1:53663]' for 'GET' to 'http://localhost:53663/session/18c00e4df1fedb094e4688911855635c/element/b7869ac0-1dc7-46c3-92b3-1b82a1672d4e/name'
17:44:49.500 [Forwarding getElementTagName on session 18c00e4df1fedb094e4688911855635c to remote] DEBUG org.asynchttpclient.netty.request.NettyRequestSender - Using open Channel [id: 0x0f68f7b2, L:/127.0.0.1:57963 - R:localhost/127.0.0.1:53663] for GET '/session/18c00e4df1fedb094e4688911855635c/element/b7869ac0-1dc7-46c3-92b3-1b82a1672d4e/name'
17:44:49.501 [AsyncHttpClient-1-1] DEBUG org.asynchttpclient.netty.channel.DefaultChannelPool - Entry count for : http://localhost:57964 : 1
17:44:49.507 [AsyncHttpClient-1-5] DEBUG org.asynchttpclient.netty.handler.HttpHandler - 

Request DefaultFullHttpRequest(decodeResult: success, version: HTTP/1.1, content: EmptyByteBufBE)
GET /session/18c00e4df1fedb094e4688911855635c/element/b7869ac0-1dc7-46c3-92b3-1b82a1672d4e/name HTTP/1.1
User-Agent: selenium/4.1.2 (java windows)
Cache-Control: no-cache
Content-Type: application/json; charset=utf-8
host: localhost:53663
accept: */*

Response DefaultHttpResponse(decodeResult: success, version: HTTP/1.1)
HTTP/1.1 200 OK
Content-Type: application/json; charset=utf-8
cache-control: no-cache
content-length: 15

17:44:49.507 [AsyncHttpClient-1-5] DEBUG org.asynchttpclient.netty.channel.ChannelManager - Adding key: http://localhost:53663 for channel [id: 0x0f68f7b2, L:/127.0.0.1:57963 - R:localhost/127.0.0.1:53663]
17:44:49.508 [Forwarding getElementTagName on session 18c00e4df1fedb094e4688911855635c to remote] DEBUG org.asynchttpclient.netty.request.NettyRequestSender - Using pooled Channel '[id: 0x0f68f7b2, L:/127.0.0.1:57963 - R:localhost/127.0.0.1:53663]' for 'GET' to 'http://localhost:53663/session/18c00e4df1fedb094e4688911855635c/element/b7869ac0-1dc7-46c3-92b3-1b82a1672d4e/name'
17:44:49.508 [Forwarding getElementTagName on session 18c00e4df1fedb094e4688911855635c to remote] DEBUG org.asynchttpclient.netty.request.NettyRequestSender - Using open Channel [id: 0x0f68f7b2, L:/127.0.0.1:57963 - R:localhost/127.0.0.1:53663] for GET '/session/18c00e4df1fedb094e4688911855635c/element/b7869ac0-1dc7-46c3-92b3-1b82a1672d4e/name'
17:44:49.512 [AsyncHttpClient-1-5] DEBUG org.asynchttpclient.netty.handler.HttpHandler - 

Request DefaultFullHttpRequest(decodeResult: success, version: HTTP/1.1, content: EmptyByteBufBE)
GET /session/18c00e4df1fedb094e4688911855635c/element/b7869ac0-1dc7-46c3-92b3-1b82a1672d4e/name HTTP/1.1
User-Agent: selenium/4.1.2 (java windows)
Cache-Control: no-cache
Content-Type: application/json; charset=utf-8
host: localhost:53663
accept: */*

Response DefaultHttpResponse(decodeResult: success, version: HTTP/1.1)
HTTP/1.1 200 OK
Content-Type: application/json; charset=utf-8
cache-control: no-cache
content-length: 15

17:44:49.512 [AsyncHttpClient-1-5] DEBUG org.asynchttpclient.netty.channel.ChannelManager - Adding key: http://localhost:53663 for channel [id: 0x0f68f7b2, L:/127.0.0.1:57963 - R:localhost/127.0.0.1:53663]
17:44:49.514 [Forwarding findElement on session 18c00e4df1fedb094e4688911855635c to remote] DEBUG org.asynchttpclient.netty.request.NettyRequestSender - Using pooled Channel '[id: 0x0f68f7b2, L:/127.0.0.1:57963 - R:localhost/127.0.0.1:53663]' for 'POST' to 'http://localhost:53663/session/18c00e4df1fedb094e4688911855635c/element'
17:44:49.514 [Forwarding findElement on session 18c00e4df1fedb094e4688911855635c to remote] DEBUG org.asynchttpclient.netty.request.NettyRequestSender - Using open Channel [id: 0x0f68f7b2, L:/127.0.0.1:57963 - R:localhost/127.0.0.1:53663] for POST '/session/18c00e4df1fedb094e4688911855635c/element'
17:44:49.526 [AsyncHttpClient-1-5] DEBUG org.asynchttpclient.netty.handler.HttpHandler - 

Request DefaultHttpRequest(decodeResult: success, version: HTTP/1.1)
POST /session/18c00e4df1fedb094e4688911855635c/element HTTP/1.1
User-Agent: selenium/4.1.2 (java windows)
Content-Length: 79
Content-Type: application/json; charset=utf-8
host: localhost:53663
accept: */*

Response DefaultHttpResponse(decodeResult: success, version: HTTP/1.1)
HTTP/1.1 200 OK
Content-Type: application/json; charset=utf-8
cache-control: no-cache
content-length: 88

17:44:49.526 [AsyncHttpClient-1-5] DEBUG org.asynchttpclient.netty.channel.ChannelManager - Adding key: http://localhost:53663 for channel [id: 0x0f68f7b2, L:/127.0.0.1:57963 - R:localhost/127.0.0.1:53663]
17:44:49.527 [Forwarding clickElement on session 18c00e4df1fedb094e4688911855635c to remote] DEBUG org.asynchttpclient.netty.request.NettyRequestSender - Using pooled Channel '[id: 0x0f68f7b2, L:/127.0.0.1:57963 - R:localhost/127.0.0.1:53663]' for 'POST' to 'http://localhost:53663/session/18c00e4df1fedb094e4688911855635c/element/b7869ac0-1dc7-46c3-92b3-1b82a1672d4e/click'
17:44:49.527 [Forwarding clickElement on session 18c00e4df1fedb094e4688911855635c to remote] DEBUG org.asynchttpclient.netty.request.NettyRequestSender - Using open Channel [id: 0x0f68f7b2, L:/127.0.0.1:57963 - R:localhost/127.0.0.1:53663] for POST '/session/18c00e4df1fedb094e4688911855635c/element/b7869ac0-1dc7-46c3-92b3-1b82a1672d4e/click'
17:44:49.781 [AsyncHttpClient-1-5] DEBUG org.asynchttpclient.netty.handler.HttpHandler - 

Request DefaultHttpRequest(decodeResult: success, version: HTTP/1.1)
POST /session/18c00e4df1fedb094e4688911855635c/element/b7869ac0-1dc7-46c3-92b3-1b82a1672d4e/click HTTP/1.1
User-Agent: selenium/4.1.2 (java windows)
Content-Length: 50
Content-Type: application/json; charset=utf-8
host: localhost:53663
accept: */*

Response DefaultHttpResponse(decodeResult: success, version: HTTP/1.1)
HTTP/1.1 200 OK
Content-Type: application/json; charset=utf-8
cache-control: no-cache
content-length: 14

17:44:49.781 [AsyncHttpClient-1-5] DEBUG org.asynchttpclient.netty.channel.ChannelManager - Adding key: http://localhost:53663 for channel [id: 0x0f68f7b2, L:/127.0.0.1:57963 - R:localhost/127.0.0.1:53663]
17:44:49.793 [Forwarding screenshot on session 18c00e4df1fedb094e4688911855635c to remote] DEBUG org.asynchttpclient.netty.request.NettyRequestSender - Using pooled Channel '[id: 0x0f68f7b2, L:/127.0.0.1:57963 - R:localhost/127.0.0.1:53663]' for 'GET' to 'http://localhost:53663/session/18c00e4df1fedb094e4688911855635c/screenshot'
17:44:49.793 [Forwarding screenshot on session 18c00e4df1fedb094e4688911855635c to remote] DEBUG org.asynchttpclient.netty.request.NettyRequestSender - Using open Channel [id: 0x0f68f7b2, L:/127.0.0.1:57963 - R:localhost/127.0.0.1:53663] for GET '/session/18c00e4df1fedb094e4688911855635c/screenshot'
17:44:49.941 [AsyncHttpClient-1-5] DEBUG org.asynchttpclient.netty.handler.HttpHandler - 

Request DefaultFullHttpRequest(decodeResult: success, version: HTTP/1.1, content: EmptyByteBufBE)
GET /session/18c00e4df1fedb094e4688911855635c/screenshot HTTP/1.1
User-Agent: selenium/4.1.2 (java windows)
Cache-Control: no-cache
Content-Type: application/json; charset=utf-8
host: localhost:53663
accept: */*

Response DefaultHttpResponse(decodeResult: success, version: HTTP/1.1)
HTTP/1.1 200 OK
Content-Type: application/json; charset=utf-8
cache-control: no-cache
content-length: 56220

17:44:49.941 [AsyncHttpClient-1-5] DEBUG org.asynchttpclient.netty.channel.ChannelManager - Adding key: http://localhost:53663 for channel [id: 0x0f68f7b2, L:/127.0.0.1:57963 - R:localhost/127.0.0.1:53663]
17:44:49.946 [main] DEBUG net.serenitybdd.core.photography.Darkroom - Send negative for processing for target\site\serenity\e96c9948737515d0c89357803325f09880c3d9c307b9aad70c44569ee25b79f9.png
17:44:49.946 [main] DEBUG net.thucydides.core.steps.StepInterceptor - STEP DONE: clickMenuDoctorButton
  &amp#27;[32mAnd &amp#27;[0m&amp#27;[32mI click menu doctor&amp#27;[0m                             &amp#27;[90m# starter.stepdefinitions.DoctorSteps.iClickMenuDoctor()&amp#27;[0m
17:44:49.959 [Forwarding findElement on session 18c00e4df1fedb094e4688911855635c to remote] DEBUG org.asynchttpclient.netty.request.NettyRequestSender - Using pooled Channel '[id: 0x0f68f7b2, L:/127.0.0.1:57963 - R:localhost/127.0.0.1:53663]' for 'POST' to 'http://localhost:53663/session/18c00e4df1fedb094e4688911855635c/element'
17:44:49.959 [Forwarding findElement on session 18c00e4df1fedb094e4688911855635c to remote] DEBUG org.asynchttpclient.netty.request.NettyRequestSender - Using open Channel [id: 0x0f68f7b2, L:/127.0.0.1:57963 - R:localhost/127.0.0.1:53663] for POST '/session/18c00e4df1fedb094e4688911855635c/element'
17:44:49.975 [AsyncHttpClient-1-5] DEBUG org.asynchttpclient.netty.handler.HttpHandler - 

Request DefaultHttpRequest(decodeResult: success, version: HTTP/1.1)
POST /session/18c00e4df1fedb094e4688911855635c/element HTTP/1.1
User-Agent: selenium/4.1.2 (java windows)
Content-Length: 160
Content-Type: application/json; charset=utf-8
host: localhost:53663
accept: */*

Response DefaultHttpResponse(decodeResult: success, version: HTTP/1.1)
HTTP/1.1 200 OK
Content-Type: application/json; charset=utf-8
cache-control: no-cache
content-length: 88

17:44:49.975 [AsyncHttpClient-1-5] DEBUG org.asynchttpclient.netty.channel.ChannelManager - Adding key: http://localhost:53663 for channel [id: 0x0f68f7b2, L:/127.0.0.1:57963 - R:localhost/127.0.0.1:53663]
17:44:49.976 [Forwarding clearElement on session 18c00e4df1fedb094e4688911855635c to remote] DEBUG org.asynchttpclient.netty.request.NettyRequestSender - Using pooled Channel '[id: 0x0f68f7b2, L:/127.0.0.1:57963 - R:localhost/127.0.0.1:53663]' for 'POST' to 'http://localhost:53663/session/18c00e4df1fedb094e4688911855635c/element/1762b470-8e64-4a3b-8d60-953d2ab31176/clear'
17:44:49.976 [Forwarding clearElement on session 18c00e4df1fedb094e4688911855635c to remote] DEBUG org.asynchttpclient.netty.request.NettyRequestSender - Using open Channel [id: 0x0f68f7b2, L:/127.0.0.1:57963 - R:localhost/127.0.0.1:53663] for POST '/session/18c00e4df1fedb094e4688911855635c/element/1762b470-8e64-4a3b-8d60-953d2ab31176/clear'
17:44:50.024 [AsyncHttpClient-1-5] DEBUG org.asynchttpclient.netty.handler.HttpHandler - 

Request DefaultHttpRequest(decodeResult: success, version: HTTP/1.1)
POST /session/18c00e4df1fedb094e4688911855635c/element/1762b470-8e64-4a3b-8d60-953d2ab31176/clear HTTP/1.1
User-Agent: selenium/4.1.2 (java windows)
Content-Length: 50
Content-Type: application/json; charset=utf-8
host: localhost:53663
accept: */*

Response DefaultHttpResponse(decodeResult: success, version: HTTP/1.1)
HTTP/1.1 200 OK
Content-Type: application/json; charset=utf-8
cache-control: no-cache
content-length: 14

17:44:50.025 [AsyncHttpClient-1-5] DEBUG org.asynchttpclient.netty.channel.ChannelManager - Adding key: http://localhost:53663 for channel [id: 0x0f68f7b2, L:/127.0.0.1:57963 - R:localhost/127.0.0.1:53663]
17:44:50.026 [Forwarding sendKeysToElement on session 18c00e4df1fedb094e4688911855635c to remote] DEBUG org.asynchttpclient.netty.request.NettyRequestSender - Using pooled Channel '[id: 0x0f68f7b2, L:/127.0.0.1:57963 - R:localhost/127.0.0.1:53663]' for 'POST' to 'http://localhost:53663/session/18c00e4df1fedb094e4688911855635c/element/1762b470-8e64-4a3b-8d60-953d2ab31176/value'
17:44:50.026 [Forwarding sendKeysToElement on session 18c00e4df1fedb094e4688911855635c to remote] DEBUG org.asynchttpclient.netty.request.NettyRequestSender - Using open Channel [id: 0x0f68f7b2, L:/127.0.0.1:57963 - R:localhost/127.0.0.1:53663] for POST '/session/18c00e4df1fedb094e4688911855635c/element/1762b470-8e64-4a3b-8d60-953d2ab31176/value'
17:44:50.344 [AsyncHttpClient-1-5] DEBUG org.asynchttpclient.netty.handler.HttpHandler - 

Request DefaultHttpRequest(decodeResult: success, version: HTTP/1.1)
POST /session/18c00e4df1fedb094e4688911855635c/element/1762b470-8e64-4a3b-8d60-953d2ab31176/value HTTP/1.1
User-Agent: selenium/4.1.2 (java windows)
Content-Length: 171
Content-Type: application/json; charset=utf-8
host: localhost:53663
accept: */*

Response DefaultHttpResponse(decodeResult: success, version: HTTP/1.1)
HTTP/1.1 200 OK
Content-Type: application/json; charset=utf-8
cache-control: no-cache
content-length: 14

17:44:50.344 [AsyncHttpClient-1-5] DEBUG org.asynchttpclient.netty.channel.ChannelManager - Adding key: http://localhost:53663 for channel [id: 0x0f68f7b2, L:/127.0.0.1:57963 - R:localhost/127.0.0.1:53663]
17:44:50.353 [Forwarding screenshot on session 18c00e4df1fedb094e4688911855635c to remote] DEBUG org.asynchttpclient.netty.request.NettyRequestSender - Using pooled Channel '[id: 0x0f68f7b2, L:/127.0.0.1:57963 - R:localhost/127.0.0.1:53663]' for 'GET' to 'http://localhost:53663/session/18c00e4df1fedb094e4688911855635c/screenshot'
17:44:50.353 [Forwarding screenshot on session 18c00e4df1fedb094e4688911855635c to remote] DEBUG org.asynchttpclient.netty.request.NettyRequestSender - Using open Channel [id: 0x0f68f7b2, L:/127.0.0.1:57963 - R:localhost/127.0.0.1:53663] for GET '/session/18c00e4df1fedb094e4688911855635c/screenshot'
17:44:50.506 [AsyncHttpClient-1-5] DEBUG org.asynchttpclient.netty.handler.HttpHandler - 

Request DefaultFullHttpRequest(decodeResult: success, version: HTTP/1.1, content: EmptyByteBufBE)
GET /session/18c00e4df1fedb094e4688911855635c/screenshot HTTP/1.1
User-Agent: selenium/4.1.2 (java windows)
Cache-Control: no-cache
Content-Type: application/json; charset=utf-8
host: localhost:53663
accept: */*

Response DefaultHttpResponse(decodeResult: success, version: HTTP/1.1)
HTTP/1.1 200 OK
Content-Type: application/json; charset=utf-8
cache-control: no-cache
content-length: 79592

17:44:50.506 [AsyncHttpClient-1-5] DEBUG org.asynchttpclient.netty.channel.ChannelManager - Adding key: http://localhost:53663 for channel [id: 0x0f68f7b2, L:/127.0.0.1:57963 - R:localhost/127.0.0.1:53663]
17:44:50.511 [main] DEBUG net.serenitybdd.core.photography.Darkroom - Send negative for processing for target\site\serenity\0aeb13369ddec81b90cb4a5325181691283679955a0db69a745f4202e8140ce1.png
17:44:50.511 [main] DEBUG net.thucydides.core.steps.StepInterceptor - STARTING STEP: DoctorSteps.iInputDoctorNameAndClickSearch - clickSearchButton
17:44:50.511 [Darkroom Processing Line] DEBUG net.serenitybdd.core.photography.DarkroomProcessingLine - Processing screenshot image in /var/screenshots/screenshot-4277319800892857028
17:44:50.511 [Darkroom Processing Line] DEBUG net.serenitybdd.core.photography.DarkroomProcessingLine - Saving screenshot to target\site\serenity\0aeb13369ddec81b90cb4a5325181691283679955a0db69a745f4202e8140ce1.png
17:44:50.514 [Forwarding findElement on session 18c00e4df1fedb094e4688911855635c to remote] DEBUG org.asynchttpclient.netty.request.NettyRequestSender - Using pooled Channel '[id: 0x0f68f7b2, L:/127.0.0.1:57963 - R:localhost/127.0.0.1:53663]' for 'POST' to 'http://localhost:53663/session/18c00e4df1fedb094e4688911855635c/element'
17:44:50.514 [Forwarding findElement on session 18c00e4df1fedb094e4688911855635c to remote] DEBUG org.asynchttpclient.netty.request.NettyRequestSender - Using open Channel [id: 0x0f68f7b2, L:/127.0.0.1:57963 - R:localhost/127.0.0.1:53663] for POST '/session/18c00e4df1fedb094e4688911855635c/element'
17:44:50.545 [AsyncHttpClient-1-5] DEBUG org.asynchttpclient.netty.handler.HttpHandler - 

Request DefaultHttpRequest(decodeResult: success, version: HTTP/1.1)
POST /session/18c00e4df1fedb094e4688911855635c/element HTTP/1.1
User-Agent: selenium/4.1.2 (java windows)
Content-Length: 161
Content-Type: application/json; charset=utf-8
host: localhost:53663
accept: */*

Response DefaultHttpResponse(decodeResult: success, version: HTTP/1.1)
HTTP/1.1 200 OK
Content-Type: application/json; charset=utf-8
cache-control: no-cache
content-length: 88

17:44:50.545 [AsyncHttpClient-1-5] DEBUG org.asynchttpclient.netty.channel.ChannelManager - Adding key: http://localhost:53663 for channel [id: 0x0f68f7b2, L:/127.0.0.1:57963 - R:localhost/127.0.0.1:53663]
17:44:50.546 [Forwarding getElementTagName on session 18c00e4df1fedb094e4688911855635c to remote] DEBUG org.asynchttpclient.netty.request.NettyRequestSender - Using pooled Channel '[id: 0x0f68f7b2, L:/127.0.0.1:57963 - R:localhost/127.0.0.1:53663]' for 'GET' to 'http://localhost:53663/session/18c00e4df1fedb094e4688911855635c/element/c84af3f1-2d82-40b9-b9e3-5f74a0f18279/name'
17:44:50.546 [Forwarding getElementTagName on session 18c00e4df1fedb094e4688911855635c to remote] DEBUG org.asynchttpclient.netty.request.NettyRequestSender - Using open Channel [id: 0x0f68f7b2, L:/127.0.0.1:57963 - R:localhost/127.0.0.1:53663] for GET '/session/18c00e4df1fedb094e4688911855635c/element/c84af3f1-2d82-40b9-b9e3-5f74a0f18279/name'
17:44:50.551 [AsyncHttpClient-1-5] DEBUG org.asynchttpclient.netty.handler.HttpHandler - 

Request DefaultFullHttpRequest(decodeResult: success, version: HTTP/1.1, content: EmptyByteBufBE)
GET /session/18c00e4df1fedb094e4688911855635c/element/c84af3f1-2d82-40b9-b9e3-5f74a0f18279/name HTTP/1.1
User-Agent: selenium/4.1.2 (java windows)
Cache-Control: no-cache
Content-Type: application/json; charset=utf-8
host: localhost:53663
accept: */*

Response DefaultHttpResponse(decodeResult: success, version: HTTP/1.1)
HTTP/1.1 200 OK
Content-Type: application/json; charset=utf-8
cache-control: no-cache
content-length: 18

17:44:50.551 [AsyncHttpClient-1-5] DEBUG org.asynchttpclient.netty.channel.ChannelManager - Adding key: http://localhost:53663 for channel [id: 0x0f68f7b2, L:/127.0.0.1:57963 - R:localhost/127.0.0.1:53663]
17:44:50.553 [Forwarding getElementTagName on session 18c00e4df1fedb094e4688911855635c to remote] DEBUG org.asynchttpclient.netty.request.NettyRequestSender - Using pooled Channel '[id: 0x0f68f7b2, L:/127.0.0.1:57963 - R:localhost/127.0.0.1:53663]' for 'GET' to 'http://localhost:53663/session/18c00e4df1fedb094e4688911855635c/element/c84af3f1-2d82-40b9-b9e3-5f74a0f18279/name'
17:44:50.553 [Forwarding getElementTagName on session 18c00e4df1fedb094e4688911855635c to remote] DEBUG org.asynchttpclient.netty.request.NettyRequestSender - Using open Channel [id: 0x0f68f7b2, L:/127.0.0.1:57963 - R:localhost/127.0.0.1:53663] for GET '/session/18c00e4df1fedb094e4688911855635c/element/c84af3f1-2d82-40b9-b9e3-5f74a0f18279/name'
17:44:50.557 [AsyncHttpClient-1-5] DEBUG org.asynchttpclient.netty.handler.HttpHandler - 

Request DefaultFullHttpRequest(decodeResult: success, version: HTTP/1.1, content: EmptyByteBufBE)
GET /session/18c00e4df1fedb094e4688911855635c/element/c84af3f1-2d82-40b9-b9e3-5f74a0f18279/name HTTP/1.1
User-Agent: selenium/4.1.2 (java windows)
Cache-Control: no-cache
Content-Type: application/json; charset=utf-8
host: localhost:53663
accept: */*

Response DefaultHttpResponse(decodeResult: success, version: HTTP/1.1)
HTTP/1.1 200 OK
Content-Type: application/json; charset=utf-8
cache-control: no-cache
content-length: 18

17:44:50.557 [AsyncHttpClient-1-5] DEBUG org.asynchttpclient.netty.channel.ChannelManager - Adding key: http://localhost:53663 for channel [id: 0x0f68f7b2, L:/127.0.0.1:57963 - R:localhost/127.0.0.1:53663]
17:44:50.559 [Forwarding isElementEnabled on session 18c00e4df1fedb094e4688911855635c to remote] DEBUG org.asynchttpclient.netty.request.NettyRequestSender - Using pooled Channel '[id: 0x0f68f7b2, L:/127.0.0.1:57963 - R:localhost/127.0.0.1:53663]' for 'GET' to 'http://localhost:53663/session/18c00e4df1fedb094e4688911855635c/element/c84af3f1-2d82-40b9-b9e3-5f74a0f18279/enabled'
17:44:50.559 [Forwarding isElementEnabled on session 18c00e4df1fedb094e4688911855635c to remote] DEBUG org.asynchttpclient.netty.request.NettyRequestSender - Using open Channel [id: 0x0f68f7b2, L:/127.0.0.1:57963 - R:localhost/127.0.0.1:53663] for GET '/session/18c00e4df1fedb094e4688911855635c/element/c84af3f1-2d82-40b9-b9e3-5f74a0f18279/enabled'
17:44:50.569 [AsyncHttpClient-1-5] DEBUG org.asynchttpclient.netty.handler.HttpHandler - 

Request DefaultFullHttpRequest(decodeResult: success, version: HTTP/1.1, content: EmptyByteBufBE)
GET /session/18c00e4df1fedb094e4688911855635c/element/c84af3f1-2d82-40b9-b9e3-5f74a0f18279/enabled HTTP/1.1
User-Agent: selenium/4.1.2 (java windows)
Cache-Control: no-cache
Content-Type: application/json; charset=utf-8
host: localhost:53663
accept: */*

Response DefaultHttpResponse(decodeResult: success, version: HTTP/1.1)
HTTP/1.1 200 OK
Content-Type: application/json; charset=utf-8
cache-control: no-cache
content-length: 14

17:44:50.569 [AsyncHttpClient-1-5] DEBUG org.asynchttpclient.netty.channel.ChannelManager - Adding key: http://localhost:53663 for channel [id: 0x0f68f7b2, L:/127.0.0.1:57963 - R:localhost/127.0.0.1:53663]
17:44:50.570 [Forwarding isElementEnabled on session 18c00e4df1fedb094e4688911855635c to remote] DEBUG org.asynchttpclient.netty.request.NettyRequestSender - Using pooled Channel '[id: 0x0f68f7b2, L:/127.0.0.1:57963 - R:localhost/127.0.0.1:53663]' for 'GET' to 'http://localhost:53663/session/18c00e4df1fedb094e4688911855635c/element/c84af3f1-2d82-40b9-b9e3-5f74a0f18279/enabled'
17:44:50.570 [Forwarding isElementEnabled on session 18c00e4df1fedb094e4688911855635c to remote] DEBUG org.asynchttpclient.netty.request.NettyRequestSender - Using open Channel [id: 0x0f68f7b2, L:/127.0.0.1:57963 - R:localhost/127.0.0.1:53663] for GET '/session/18c00e4df1fedb094e4688911855635c/element/c84af3f1-2d82-40b9-b9e3-5f74a0f18279/enabled'
17:44:50.577 [AsyncHttpClient-1-5] DEBUG org.asynchttpclient.netty.handler.HttpHandler - 

Request DefaultFullHttpRequest(decodeResult: success, version: HTTP/1.1, content: EmptyByteBufBE)
GET /session/18c00e4df1fedb094e4688911855635c/element/c84af3f1-2d82-40b9-b9e3-5f74a0f18279/enabled HTTP/1.1
User-Agent: selenium/4.1.2 (java windows)
Cache-Control: no-cache
Content-Type: application/json; charset=utf-8
host: localhost:53663
accept: */*

Response DefaultHttpResponse(decodeResult: success, version: HTTP/1.1)
HTTP/1.1 200 OK
Content-Type: application/json; charset=utf-8
cache-control: no-cache
content-length: 14

17:44:50.577 [AsyncHttpClient-1-5] DEBUG org.asynchttpclient.netty.channel.ChannelManager - Adding key: http://localhost:53663 for channel [id: 0x0f68f7b2, L:/127.0.0.1:57963 - R:localhost/127.0.0.1:53663]
17:44:50.578 [Forwarding findElement on session 18c00e4df1fedb094e4688911855635c to remote] DEBUG org.asynchttpclient.netty.request.NettyRequestSender - Using pooled Channel '[id: 0x0f68f7b2, L:/127.0.0.1:57963 - R:localhost/127.0.0.1:53663]' for 'POST' to 'http://localhost:53663/session/18c00e4df1fedb094e4688911855635c/element'
17:44:50.578 [Forwarding findElement on session 18c00e4df1fedb094e4688911855635c to remote] DEBUG org.asynchttpclient.netty.request.NettyRequestSender - Using open Channel [id: 0x0f68f7b2, L:/127.0.0.1:57963 - R:localhost/127.0.0.1:53663] for POST '/session/18c00e4df1fedb094e4688911855635c/element'
17:44:50.586 [AsyncHttpClient-1-5] DEBUG org.asynchttpclient.netty.handler.HttpHandler - 

Request DefaultHttpRequest(decodeResult: success, version: HTTP/1.1)
POST /session/18c00e4df1fedb094e4688911855635c/element HTTP/1.1
User-Agent: selenium/4.1.2 (java windows)
Content-Length: 161
Content-Type: application/json; charset=utf-8
host: localhost:53663
accept: */*

Response DefaultHttpResponse(decodeResult: success, version: HTTP/1.1)
HTTP/1.1 200 OK
Content-Type: application/json; charset=utf-8
cache-control: no-cache
content-length: 88

17:44:50.586 [AsyncHttpClient-1-5] DEBUG org.asynchttpclient.netty.channel.ChannelManager - Adding key: http://localhost:53663 for channel [id: 0x0f68f7b2, L:/127.0.0.1:57963 - R:localhost/127.0.0.1:53663]
17:44:50.587 [Forwarding clickElement on session 18c00e4df1fedb094e4688911855635c to remote] DEBUG org.asynchttpclient.netty.request.NettyRequestSender - Using pooled Channel '[id: 0x0f68f7b2, L:/127.0.0.1:57963 - R:localhost/127.0.0.1:53663]' for 'POST' to 'http://localhost:53663/session/18c00e4df1fedb094e4688911855635c/element/c84af3f1-2d82-40b9-b9e3-5f74a0f18279/click'
17:44:50.587 [Forwarding clickElement on session 18c00e4df1fedb094e4688911855635c to remote] DEBUG org.asynchttpclient.netty.request.NettyRequestSender - Using open Channel [id: 0x0f68f7b2, L:/127.0.0.1:57963 - R:localhost/127.0.0.1:53663] for POST '/session/18c00e4df1fedb094e4688911855635c/element/c84af3f1-2d82-40b9-b9e3-5f74a0f18279/click'
17:44:50.602 [AsyncHttpClient-1-1] DEBUG org.asynchttpclient.netty.channel.DefaultChannelPool - Entry count for : http://localhost:57964 : 1
17:44:50.675 [AsyncHttpClient-1-5] DEBUG org.asynchttpclient.netty.handler.HttpHandler - 

Request DefaultHttpRequest(decodeResult: success, version: HTTP/1.1)
POST /session/18c00e4df1fedb094e4688911855635c/element/c84af3f1-2d82-40b9-b9e3-5f74a0f18279/click HTTP/1.1
User-Agent: selenium/4.1.2 (java windows)
Content-Length: 50
Content-Type: application/json; charset=utf-8
host: localhost:53663
accept: */*

Response DefaultHttpResponse(decodeResult: success, version: HTTP/1.1)
HTTP/1.1 200 OK
Content-Type: application/json; charset=utf-8
cache-control: no-cache
content-length: 14

17:44:50.675 [AsyncHttpClient-1-5] DEBUG org.asynchttpclient.netty.channel.ChannelManager - Adding key: http://localhost:53663 for channel [id: 0x0f68f7b2, L:/127.0.0.1:57963 - R:localhost/127.0.0.1:53663]
17:44:50.685 [Forwarding screenshot on session 18c00e4df1fedb094e4688911855635c to remote] DEBUG org.asynchttpclient.netty.request.NettyRequestSender - Using pooled Channel '[id: 0x0f68f7b2, L:/127.0.0.1:57963 - R:localhost/127.0.0.1:53663]' for 'GET' to 'http://localhost:53663/session/18c00e4df1fedb094e4688911855635c/screenshot'
17:44:50.685 [Forwarding screenshot on session 18c00e4df1fedb094e4688911855635c to remote] DEBUG org.asynchttpclient.netty.request.NettyRequestSender - Using open Channel [id: 0x0f68f7b2, L:/127.0.0.1:57963 - R:localhost/127.0.0.1:53663] for GET '/session/18c00e4df1fedb094e4688911855635c/screenshot'
17:44:50.823 [AsyncHttpClient-1-5] DEBUG org.asynchttpclient.netty.handler.HttpHandler - 

Request DefaultFullHttpRequest(decodeResult: success, version: HTTP/1.1, content: EmptyByteBufBE)
GET /session/18c00e4df1fedb094e4688911855635c/screenshot HTTP/1.1
User-Agent: selenium/4.1.2 (java windows)
Cache-Control: no-cache
Content-Type: application/json; charset=utf-8
host: localhost:53663
accept: */*

Response DefaultHttpResponse(decodeResult: success, version: HTTP/1.1)
HTTP/1.1 200 OK
Content-Type: application/json; charset=utf-8
cache-control: no-cache
content-length: 59508

17:44:50.823 [AsyncHttpClient-1-5] DEBUG org.asynchttpclient.netty.channel.ChannelManager - Adding key: http://localhost:53663 for channel [id: 0x0f68f7b2, L:/127.0.0.1:57963 - R:localhost/127.0.0.1:53663]
17:44:50.829 [main] DEBUG net.serenitybdd.core.photography.Darkroom - Send negative for processing for target\site\serenity\5c15469d77fa8c758630d80c777c11bc2eb22063f393adb8a3565aef4b0b0dce.png
17:44:50.829 [main] DEBUG net.thucydides.core.steps.StepInterceptor - STEP DONE: clickSearchButton
  &amp#27;[32mWhen &amp#27;[0m&amp#27;[32mI input doctor name and click search&amp#27;[0m           &amp#27;[90m# starter.stepdefinitions.DoctorSteps.iInputDoctorNameAndClickSearch()&amp#27;[0m
17:44:50.829 [Darkroom Processing Line] DEBUG net.serenitybdd.core.photography.DarkroomProcessingLine - Processing screenshot image in /var/screenshots/screenshot-7183641515461162144
17:44:50.830 [Darkroom Processing Line] DEBUG net.serenitybdd.core.photography.DarkroomProcessingLine - Saving screenshot to target\site\serenity\5c15469d77fa8c758630d80c777c11bc2eb22063f393adb8a3565aef4b0b0dce.png
17:44:50.854 [Forwarding findElement on session 18c00e4df1fedb094e4688911855635c to remote] DEBUG org.asynchttpclient.netty.request.NettyRequestSender - Using pooled Channel '[id: 0x0f68f7b2, L:/127.0.0.1:57963 - R:localhost/127.0.0.1:53663]' for 'POST' to 'http://localhost:53663/session/18c00e4df1fedb094e4688911855635c/element'
17:44:50.854 [Forwarding findElement on session 18c00e4df1fedb094e4688911855635c to remote] DEBUG org.asynchttpclient.netty.request.NettyRequestSender - Using open Channel [id: 0x0f68f7b2, L:/127.0.0.1:57963 - R:localhost/127.0.0.1:53663] for POST '/session/18c00e4df1fedb094e4688911855635c/element'
17:44:51.319 [AsyncHttpClient-1-5] DEBUG org.asynchttpclient.netty.handler.HttpHandler - 

Request DefaultHttpRequest(decodeResult: success, version: HTTP/1.1)
POST /session/18c00e4df1fedb094e4688911855635c/element HTTP/1.1
User-Agent: selenium/4.1.2 (java windows)
Content-Length: 81
Content-Type: application/json; charset=utf-8
host: localhost:53663
accept: */*

Response DefaultHttpResponse(decodeResult: success, version: HTTP/1.1)
HTTP/1.1 200 OK
Content-Type: application/json; charset=utf-8
cache-control: no-cache
content-length: 88

17:44:51.319 [AsyncHttpClient-1-5] DEBUG org.asynchttpclient.netty.channel.ChannelManager - Adding key: http://localhost:53663 for channel [id: 0x0f68f7b2, L:/127.0.0.1:57963 - R:localhost/127.0.0.1:53663]
17:44:51.323 [Forwarding isElementDisplayed on session 18c00e4df1fedb094e4688911855635c to remote] DEBUG org.asynchttpclient.netty.request.NettyRequestSender - Using pooled Channel '[id: 0x0f68f7b2, L:/127.0.0.1:57963 - R:localhost/127.0.0.1:53663]' for 'POST' to 'http://localhost:53663/session/18c00e4df1fedb094e4688911855635c/execute/sync'
17:44:51.323 [Forwarding isElementDisplayed on session 18c00e4df1fedb094e4688911855635c to remote] DEBUG org.asynchttpclient.netty.request.NettyRequestSender - Using open Channel [id: 0x0f68f7b2, L:/127.0.0.1:57963 - R:localhost/127.0.0.1:53663] for POST '/session/18c00e4df1fedb094e4688911855635c/execute/sync'
17:44:51.343 [AsyncHttpClient-1-5] DEBUG org.asynchttpclient.netty.handler.HttpHandler - 

Request DefaultHttpRequest(decodeResult: success, version: HTTP/1.1)
POST /session/18c00e4df1fedb094e4688911855635c/execute/sync HTTP/1.1
User-Agent: selenium/4.1.2 (java windows)
Content-Length: 48780
Content-Type: application/json; charset=utf-8
host: localhost:53663
accept: */*

Response DefaultHttpResponse(decodeResult: success, version: HTTP/1.1)
HTTP/1.1 200 OK
Content-Type: application/json; charset=utf-8
cache-control: no-cache
content-length: 14

17:44:51.343 [AsyncHttpClient-1-5] DEBUG org.asynchttpclient.netty.channel.ChannelManager - Adding key: http://localhost:53663 for channel [id: 0x0f68f7b2, L:/127.0.0.1:57963 - R:localhost/127.0.0.1:53663]
  &amp#27;[32mThen &amp#27;[0m&amp#27;[32mI validate search by doctor name&amp#27;[0m               &amp#27;[90m# starter.stepdefinitions.DoctorSteps.iValidateSearchByDoctorName()&amp#27;[0m
17:44:51.348 [Forwarding screenshot on session 18c00e4df1fedb094e4688911855635c to remote] DEBUG org.asynchttpclient.netty.request.NettyRequestSender - Using pooled Channel '[id: 0x0f68f7b2, L:/127.0.0.1:57963 - R:localhost/127.0.0.1:53663]' for 'GET' to 'http://localhost:53663/session/18c00e4df1fedb094e4688911855635c/screenshot'
17:44:51.348 [Forwarding screenshot on session 18c00e4df1fedb094e4688911855635c to remote] DEBUG org.asynchttpclient.netty.request.NettyRequestSender - Using open Channel [id: 0x0f68f7b2, L:/127.0.0.1:57963 - R:localhost/127.0.0.1:53663] for GET '/session/18c00e4df1fedb094e4688911855635c/screenshot'
17:44:51.442 [AsyncHttpClient-1-5] DEBUG org.asynchttpclient.netty.handler.HttpHandler - 

Request DefaultFullHttpRequest(decodeResult: success, version: HTTP/1.1, content: EmptyByteBufBE)
GET /session/18c00e4df1fedb094e4688911855635c/screenshot HTTP/1.1
User-Agent: selenium/4.1.2 (java windows)
Cache-Control: no-cache
Content-Type: application/json; charset=utf-8
host: localhost:53663
accept: */*

Response DefaultHttpResponse(decodeResult: success, version: HTTP/1.1)
HTTP/1.1 200 OK
Content-Type: application/json; charset=utf-8
cache-control: no-cache
content-length: 73456

17:44:51.442 [AsyncHttpClient-1-5] DEBUG org.asynchttpclient.netty.channel.ChannelManager - Adding key: http://localhost:53663 for channel [id: 0x0f68f7b2, L:/127.0.0.1:57963 - R:localhost/127.0.0.1:53663]
17:44:51.446 [main] DEBUG net.serenitybdd.core.photography.Darkroom - Send negative for processing for target\site\serenity\8f3bb3484a31cdcbba4151d8fd584778e339254878d8a78c7cf4f30904eea885.png
17:44:51.446 [Darkroom Processing Line] DEBUG net.serenitybdd.core.photography.DarkroomProcessingLine - Processing screenshot image in /var/screenshots/screenshot-16866562086700197615
17:44:51.446 [Darkroom Processing Line] DEBUG net.serenitybdd.core.photography.DarkroomProcessingLine - Saving screenshot to target\site\serenity\8f3bb3484a31cdcbba4151d8fd584778e339254878d8a78c7cf4f30904eea885.png
17:44:51.447 [main] INFO  - 
  _____   ___   ___   _____     ___     _     ___   ___   ___   ___  
 |_   _| | __| / __| |_   _|   | _ \   /_\   / __| / __| | __| |   \ 
   | |   | _|  \__ \   | |     |  _/  / _ \  \__ \ \__ \ | _|  | |) |
   |_|   |___| |___/   |_|     |_|   /_/ \_\ |___/ |___/ |___| |___/ 

Search Doctor Based on Doctor Name Scenario
----------------------------------------------------------------------
17:44:51.449 [AsyncHttpClient-1-7] DEBUG org.asynchttpclient.netty.handler.WebSocketHandler - Channel Closed: [id: 0x257fc2dd, L:/127.0.0.1:57971 ! R:localhost/127.0.0.1:57964] with attribute NettyResponseFuture{currentRetry=5,
	isDone=1,
	isCancelled=0,
	asyncHandler=org.asynchttpclient.ws.WebSocketUpgradeHandler@2f0b787b,
	nettyRequest=org.asynchttpclient.netty.request.NettyRequest@30776cc,
	future=java.util.concurrent.CompletableFuture@41b20ac4[Completed normally],
	uri=ws://localhost:57964/devtools/browser/8ee57033-2c24-4c8b-8bf8-14e735747a0d,
	keepAlive=true,
	redirectCount=0,
	timeoutsHolder=null,
	inAuth=0,
	touch=1655549085931}
17:44:51.449 [AsyncHttpClient-1-7] DEBUG org.asynchttpclient.netty.channel.ChannelManager - Closing Channel [id: 0x257fc2dd, L:/127.0.0.1:57971 ! R:localhost/127.0.0.1:57964] 
17:44:51.449 [Driver Command Executor] DEBUG org.asynchttpclient.netty.request.NettyRequestSender - Using pooled Channel '[id: 0x0f68f7b2, L:/127.0.0.1:57963 - R:localhost/127.0.0.1:53663]' for 'DELETE' to 'http://localhost:53663/session/18c00e4df1fedb094e4688911855635c'
17:44:51.449 [Driver Command Executor] DEBUG org.asynchttpclient.netty.request.NettyRequestSender - Using open Channel [id: 0x0f68f7b2, L:/127.0.0.1:57963 - R:localhost/127.0.0.1:53663] for DELETE '/session/18c00e4df1fedb094e4688911855635c'
17:44:51.495 [AsyncHttpClient-1-6] DEBUG org.asynchttpclient.netty.handler.HttpHandler - Unexpected I/O exception on channel [id: 0x2d2cd508, L:/127.0.0.1:57970 - R:localhost/127.0.0.1:57964]
java.net.SocketException: Connection reset
	at java.base/sun.nio.ch.SocketChannelImpl.throwConnectionReset(SocketChannelImpl.java:367)
	at java.base/sun.nio.ch.SocketChannelImpl.read(SocketChannelImpl.java:398)
	at io.netty.buffer.PooledByteBuf.setBytes(PooledByteBuf.java:258)
	at io.netty.buffer.AbstractByteBuf.writeBytes(AbstractByteBuf.java:1132)
	at io.netty.channel.socket.nio.NioSocketChannel.doReadBytes(NioSocketChannel.java:350)
	at io.netty.channel.nio.AbstractNioByteChannel$NioByteUnsafe.read(AbstractNioByteChannel.java:151)
	at io.netty.channel.nio.NioEventLoop.processSelectedKey(NioEventLoop.java:722)
	at io.netty.channel.nio.NioEventLoop.processSelectedKeysOptimized(NioEventLoop.java:658)
	at io.netty.channel.nio.NioEventLoop.processSelectedKeys(NioEventLoop.java:584)
	at io.netty.channel.nio.NioEventLoop.run(NioEventLoop.java:496)
	at io.netty.util.concurrent.SingleThreadEventExecutor$4.run(SingleThreadEventExecutor.java:986)
	at io.netty.util.internal.ThreadExecutorMap$2.run(ThreadExecutorMap.java:74)
	at io.netty.util.concurrent.FastThreadLocalRunnable.run(FastThreadLocalRunnable.java:30)
	at java.base/java.lang.Thread.run(Thread.java:832)
17:44:51.495 [AsyncHttpClient-1-6] DEBUG org.asynchttpclient.netty.channel.ChannelManager - Closing Channel [id: 0x2d2cd508, L:/127.0.0.1:57970 - R:localhost/127.0.0.1:57964] 
17:44:51.495 [AsyncHttpClient-1-6] DEBUG org.asynchttpclient.netty.handler.HttpHandler - Channel Closed: [id: 0x2d2cd508, L:/127.0.0.1:57970 ! R:localhost/127.0.0.1:57964] with attribute DISCARD
17:44:51.514 [AsyncHttpClient-1-5] DEBUG org.asynchttpclient.netty.handler.HttpHandler - 

Request DefaultFullHttpRequest(decodeResult: success, version: HTTP/1.1, content: EmptyByteBufBE)
DELETE /session/18c00e4df1fedb094e4688911855635c HTTP/1.1
User-Agent: selenium/4.1.2 (java windows)
Content-Type: application/json; charset=utf-8
host: localhost:53663
accept: */*

Response DefaultHttpResponse(decodeResult: success, version: HTTP/1.1)
HTTP/1.1 200 OK
Content-Type: application/json; charset=utf-8
cache-control: no-cache
content-length: 14

17:44:51.514 [AsyncHttpClient-1-5] DEBUG org.asynchttpclient.netty.channel.ChannelManager - Adding key: http://localhost:53663 for channel [id: 0x0f68f7b2, L:/127.0.0.1:57963 - R:localhost/127.0.0.1:53663]
17:44:51.673 [AsyncHttpClient-1-5] DEBUG org.asynchttpclient.netty.handler.HttpHandler - Channel Closed: [id: 0x0f68f7b2, L:/127.0.0.1:57963 ! R:localhost/127.0.0.1:53663] with attribute DISCARD
17:44:51.703 [AsyncHttpClient-1-1] DEBUG org.asynchttpclient.netty.channel.DefaultChannelPool - Entry count for : http://localhost:53663 : 1
17:44:51.703 [AsyncHttpClient-1-1] DEBUG org.asynchttpclient.netty.channel.DefaultChannelPool - Entry count for : http://localhost:57964 : 1
17:44:51.703 [AsyncHttpClient-1-1] DEBUG org.asynchttpclient.netty.channel.DefaultChannelPool - Adding Candidate expired Channel [id: 0x0f68f7b2, L:/127.0.0.1:57963 ! R:localhost/127.0.0.1:53663] isIdleTimeoutExpired=false isRemotelyClosed=true isTtlExpired=false
17:44:51.703 [AsyncHttpClient-1-1] DEBUG org.asynchttpclient.netty.channel.DefaultChannelPool - Closing Idle Channel [id: 0x0f68f7b2, L:/127.0.0.1:57963 ! R:localhost/127.0.0.1:53663]
17:44:51.703 [AsyncHttpClient-1-1] DEBUG org.asynchttpclient.netty.channel.DefaultChannelPool - Adding Candidate expired Channel [id: 0x2d2cd508, L:/127.0.0.1:57970 ! R:localhost/127.0.0.1:57964] isIdleTimeoutExpired=false isRemotelyClosed=true isTtlExpired=false
17:44:51.703 [AsyncHttpClient-1-1] DEBUG org.asynchttpclient.netty.channel.DefaultChannelPool - Closing Idle Channel [id: 0x2d2cd508, L:/127.0.0.1:57970 ! R:localhost/127.0.0.1:57964]
17:44:51.703 [AsyncHttpClient-1-1] DEBUG org.asynchttpclient.netty.channel.DefaultChannelPool - Closed 2 connections out of 2 in 0 ms
]]></system-out>
    <system-err><![CDATA[Starting ChromeDriver 102.0.5005.61 (0e59bcc00cc4985ce39ad31c150065f159d95ad3-refs/branch-heads/5005@{#819}) on port 53663
Only local connections are allowed.
Please see https://chromedriver.chromium.org/security-considerations for suggestions on keeping ChromeDriver safe.
ChromeDriver was started successfully.
Jun 18, 2022 5:44:45 PM org.openqa.selenium.remote.ProtocolHandshake createSession
INFO: Detected dialect: W3C
Jun 18, 2022 5:44:45 PM org.openqa.selenium.devtools.CdpVersionFinder findNearestMatch
WARNING: Unable to find an exact match for CDP version 102, so returning the closest version found: a no-op implementation
Jun 18, 2022 5:44:45 PM org.openqa.selenium.devtools.CdpVersionFinder findNearestMatch
INFO: Unable to find CDP implementation matching 102.
Jun 18, 2022 5:44:45 PM org.openqa.selenium.chromium.ChromiumDriver lambda$new$3
WARNING: Unable to find version of CDP to use for . You may need to include a dependency on a specific version of the CDP using something similar to `org.seleniumhq.selenium:selenium-devtools-v86:4.1.2` where the version ("v86") matches the version of the chromium-based browser you're using and the version number of the artifact is the same as Selenium's.
]]></system-err>
  </testcase>
  <testcase name="Search Doctor Based on Doctor Phone Number Scenario" classname="Doctor" time="9.395">
    <system-out><![CDATA[
@Doctor
Scenario: Search Doctor Based on Doctor Phone Number Scenario &amp#27;[90m# src/test/resources/features/3.Doctor.feature:69&amp#27;[0m
17:44:52.210 [main] INFO io.cucumber.core.plugin.SerenityReporter - Running feature from file:///E:/My%20Documents/File%20Difa/TI%20Semester%206%20Kampus%20Merdeka%20Alterra/Tugas/CAPSTONE%20Project/Capstone-Project-Website/src/test/resources/features/3.Doctor.feature
17:44:52.214 [main] INFO  - 
  _____   ___   ___   _____     ___   _____     _     ___   _____   ___   ___  
 |_   _| | __| / __| |_   _|   / __| |_   _|   /_\   | _ \ |_   _| | __| |   \ 
   | |   | _|  \__ \   | |     \__ \   | |    / _ \  |   /   | |   | _|  | |) |
   |_|   |___| |___/   |_|     |___/   |_|   /_/ \_\ |_|_\   |_|   |___| |___/ 

Search Doctor Based on Doctor Phone Number Scenario(doctor;search-doctor-based-on-doctor-phone-number-scenario)
--------------------------------------------------------------------------------
17:44:52.232 [main] DEBUG net.thucydides.core.steps.StepInterceptor - STARTING STEP: PatientSteps.iAmAtTheDashboardPage - openUrl
17:44:52.234 [main] INFO net.serenitybdd.core.webdriver.driverproviders.ChromeDriverProvider - Using automatically driver download
17:44:52.387 [main] DEBUG io.github.bonigarcia.wdm.cache.ResolutionCache - Resolution chrome=102 in cache (valid until 18:14:23 18/06/2022 ICT)
17:44:52.390 [main] DEBUG io.github.bonigarcia.wdm.cache.ResolutionCache - Resolution chrome102=102.0.5005.61 in cache (valid until 17:29:52 19/06/2022 ICT)
17:44:52.392 [main] INFO io.github.bonigarcia.wdm.WebDriverManager - Using chromedriver 102.0.5005.61 (resolved driver for Chrome 102)
17:44:52.401 [main] DEBUG io.github.bonigarcia.wdm.WebDriverManager - Driver chromedriver 102.0.5005.61 found in cache
17:44:52.401 [main] INFO io.github.bonigarcia.wdm.WebDriverManager - Exporting webdriver.chrome.driver as C:\Users\USER\.cache\selenium\chromedriver\win32\102.0.5005.61\chromedriver.exe
17:44:52.548 [main] DEBUG net.serenitybdd.core.webdriver.driverproviders.ProvideNewDriver - Instantiating driver
17:44:52.548 [main] DEBUG net.serenitybdd.core.webdriver.driverproviders.ProvideNewDriver - Driver capabilities: Capabilities {acceptInsecureCerts: false, base.url: https://hospital-management..., browserName: chrome, chrome.driver: src/test/resources/webdrive..., driver: chrome, goog:chromeOptions: {args: [], extensions: []}}
17:44:53.078 [AsyncHttpClient-1-8] DEBUG org.asynchttpclient.netty.channel.NettyConnectListener - Using new Channel '[id: 0x4dab9e20, L:/127.0.0.1:57995 - R:localhost/127.0.0.1:54269]' for 'POST' to '/session'
17:44:54.992 [AsyncHttpClient-1-8] DEBUG org.asynchttpclient.netty.handler.HttpHandler - 

Request DefaultHttpRequest(decodeResult: success, version: HTTP/1.1)
POST /session HTTP/1.1
User-Agent: selenium/4.1.2 (java windows)
Content-Length: 621
Content-Type: application/json; charset=utf-8
host: localhost:54269
accept: */*

Response DefaultHttpResponse(decodeResult: success, version: HTTP/1.1)
HTTP/1.1 200 OK
Content-Type: application/json; charset=utf-8
cache-control: no-cache
content-length: 789

17:44:54.992 [AsyncHttpClient-1-8] DEBUG org.asynchttpclient.netty.channel.ChannelManager - Adding key: http://localhost:54269 for channel [id: 0x4dab9e20, L:/127.0.0.1:57995 - R:localhost/127.0.0.1:54269]
17:44:55.004 [AsyncHttpClient-1-1] DEBUG org.asynchttpclient.netty.channel.DefaultChannelPool - Entry count for : http://localhost:54269 : 1
17:44:55.008 [AsyncHttpClient-1-9] DEBUG org.asynchttpclient.netty.channel.NettyConnectListener - Using new Channel '[id: 0xdd60844f, L:/127.0.0.1:58002 - R:localhost/127.0.0.1:57997]' for 'GET' to '/json/version'
17:44:55.008 [AsyncHttpClient-1-9] DEBUG org.asynchttpclient.netty.handler.HttpHandler - 

Request DefaultFullHttpRequest(decodeResult: success, version: HTTP/1.1, content: EmptyByteBufBE)
GET /json/version HTTP/1.1
User-Agent: selenium/4.1.2 (java windows)
host: localhost:57997
accept: */*

Response DefaultHttpResponse(decodeResult: success, version: HTTP/1.1)
HTTP/1.1 200 OK
Content-Type: application/json; charset=UTF-8
content-length: 427

17:44:55.008 [AsyncHttpClient-1-9] DEBUG org.asynchttpclient.netty.channel.ChannelManager - Adding key: http://localhost:57997 for channel [id: 0xdd60844f, L:/127.0.0.1:58002 - R:localhost/127.0.0.1:57997]
17:44:55.011 [AsyncHttpClient-1-2] DEBUG org.asynchttpclient.netty.channel.NettyConnectListener - Using new Channel '[id: 0xac17f8c7, L:/127.0.0.1:58003 - R:localhost/127.0.0.1:57997]' for 'GET' to '/devtools/browser/91c2b896-2989-4eb3-9b3b-5dcfa7499d5e'
17:44:55.011 [AsyncHttpClient-1-2] DEBUG org.asynchttpclient.netty.handler.WebSocketHandler - 

Request DefaultFullHttpRequest(decodeResult: success, version: HTTP/1.1, content: EmptyByteBufBE)
GET /devtools/browser/91c2b896-2989-4eb3-9b3b-5dcfa7499d5e HTTP/1.1
upgrade: websocket
connection: upgrade
sec-websocket-key: WakO9LSkj4Ey4IesJr/TDw==
sec-websocket-version: 13
origin: http://localhost:57997
host: localhost:57997
accept: */*
user-agent: AHC/2.1

Response DefaultHttpResponse(decodeResult: success, version: HTTP/1.1)
HTTP/1.1 101 WebSocket Protocol Handshake
Upgrade: WebSocket
Connection: Upgrade
Sec-WebSocket-Accept: bRvB24VVGl4+x+tADZmKcip/dzs=

17:44:55.015 [Forwarding maximizeCurrentWindow on session bb2ce4cc4a3c2178adb832337037b42b to remote] DEBUG org.asynchttpclient.netty.request.NettyRequestSender - Using pooled Channel '[id: 0x4dab9e20, L:/127.0.0.1:57995 - R:localhost/127.0.0.1:54269]' for 'POST' to 'http://localhost:54269/session/bb2ce4cc4a3c2178adb832337037b42b/window/maximize'
17:44:55.015 [Forwarding maximizeCurrentWindow on session bb2ce4cc4a3c2178adb832337037b42b to remote] DEBUG org.asynchttpclient.netty.request.NettyRequestSender - Using open Channel [id: 0x4dab9e20, L:/127.0.0.1:57995 - R:localhost/127.0.0.1:54269] for POST '/session/bb2ce4cc4a3c2178adb832337037b42b/window/maximize'
17:44:55.177 [AsyncHttpClient-1-8] DEBUG org.asynchttpclient.netty.handler.HttpHandler - 

Request DefaultHttpRequest(decodeResult: success, version: HTTP/1.1)
POST /session/bb2ce4cc4a3c2178adb832337037b42b/window/maximize HTTP/1.1
User-Agent: selenium/4.1.2 (java windows)
Content-Length: 3
Content-Type: application/json; charset=utf-8
host: localhost:54269
accept: */*

Response DefaultHttpResponse(decodeResult: success, version: HTTP/1.1)
HTTP/1.1 200 OK
Content-Type: application/json; charset=utf-8
cache-control: no-cache
content-length: 51

17:44:55.177 [AsyncHttpClient-1-8] DEBUG org.asynchttpclient.netty.channel.ChannelManager - Adding key: http://localhost:54269 for channel [id: 0x4dab9e20, L:/127.0.0.1:57995 - R:localhost/127.0.0.1:54269]
17:44:55.180 [Forwarding get on session bb2ce4cc4a3c2178adb832337037b42b to remote] DEBUG org.asynchttpclient.netty.request.NettyRequestSender - Using pooled Channel '[id: 0x4dab9e20, L:/127.0.0.1:57995 - R:localhost/127.0.0.1:54269]' for 'POST' to 'http://localhost:54269/session/bb2ce4cc4a3c2178adb832337037b42b/url'
17:44:55.180 [Forwarding get on session bb2ce4cc4a3c2178adb832337037b42b to remote] DEBUG org.asynchttpclient.netty.request.NettyRequestSender - Using open Channel [id: 0x4dab9e20, L:/127.0.0.1:57995 - R:localhost/127.0.0.1:54269] for POST '/session/bb2ce4cc4a3c2178adb832337037b42b/url'
17:44:56.100 [AsyncHttpClient-1-1] DEBUG org.asynchttpclient.netty.channel.DefaultChannelPool - Entry count for : http://localhost:57997 : 1
17:44:57.200 [AsyncHttpClient-1-1] DEBUG org.asynchttpclient.netty.channel.DefaultChannelPool - Entry count for : http://localhost:57997 : 1
17:44:57.983 [AsyncHttpClient-1-8] DEBUG org.asynchttpclient.netty.handler.HttpHandler - 

Request DefaultHttpRequest(decodeResult: success, version: HTTP/1.1)
POST /session/bb2ce4cc4a3c2178adb832337037b42b/url HTTP/1.1
User-Agent: selenium/4.1.2 (java windows)
Content-Length: 65
Content-Type: application/json; charset=utf-8
host: localhost:54269
accept: */*

Response DefaultHttpResponse(decodeResult: success, version: HTTP/1.1)
HTTP/1.1 200 OK
Content-Type: application/json; charset=utf-8
cache-control: no-cache
content-length: 14

17:44:57.983 [AsyncHttpClient-1-8] DEBUG org.asynchttpclient.netty.channel.ChannelManager - Adding key: http://localhost:54269 for channel [id: 0x4dab9e20, L:/127.0.0.1:57995 - R:localhost/127.0.0.1:54269]
17:44:57.985 [Forwarding setTimeout on session bb2ce4cc4a3c2178adb832337037b42b to remote] DEBUG org.asynchttpclient.netty.request.NettyRequestSender - Using pooled Channel '[id: 0x4dab9e20, L:/127.0.0.1:57995 - R:localhost/127.0.0.1:54269]' for 'POST' to 'http://localhost:54269/session/bb2ce4cc4a3c2178adb832337037b42b/timeouts'
17:44:57.985 [Forwarding setTimeout on session bb2ce4cc4a3c2178adb832337037b42b to remote] DEBUG org.asynchttpclient.netty.request.NettyRequestSender - Using open Channel [id: 0x4dab9e20, L:/127.0.0.1:57995 - R:localhost/127.0.0.1:54269] for POST '/session/bb2ce4cc4a3c2178adb832337037b42b/timeouts'
17:44:57.987 [AsyncHttpClient-1-8] DEBUG org.asynchttpclient.netty.handler.HttpHandler - 

Request DefaultHttpRequest(decodeResult: success, version: HTTP/1.1)
POST /session/bb2ce4cc4a3c2178adb832337037b42b/timeouts HTTP/1.1
User-Agent: selenium/4.1.2 (java windows)
Content-Length: 22
Content-Type: application/json; charset=utf-8
host: localhost:54269
accept: */*

Response DefaultHttpResponse(decodeResult: success, version: HTTP/1.1)
HTTP/1.1 200 OK
Content-Type: application/json; charset=utf-8
cache-control: no-cache
content-length: 14

17:44:57.987 [AsyncHttpClient-1-8] DEBUG org.asynchttpclient.netty.channel.ChannelManager - Adding key: http://localhost:54269 for channel [id: 0x4dab9e20, L:/127.0.0.1:57995 - R:localhost/127.0.0.1:54269]
17:44:57.993 [Forwarding getCurrentUrl on session bb2ce4cc4a3c2178adb832337037b42b to remote] DEBUG org.asynchttpclient.netty.request.NettyRequestSender - Using pooled Channel '[id: 0x4dab9e20, L:/127.0.0.1:57995 - R:localhost/127.0.0.1:54269]' for 'GET' to 'http://localhost:54269/session/bb2ce4cc4a3c2178adb832337037b42b/url'
17:44:57.993 [Forwarding getCurrentUrl on session bb2ce4cc4a3c2178adb832337037b42b to remote] DEBUG org.asynchttpclient.netty.request.NettyRequestSender - Using open Channel [id: 0x4dab9e20, L:/127.0.0.1:57995 - R:localhost/127.0.0.1:54269] for GET '/session/bb2ce4cc4a3c2178adb832337037b42b/url'
17:44:58.086 [AsyncHttpClient-1-8] DEBUG org.asynchttpclient.netty.handler.HttpHandler - 

Request DefaultFullHttpRequest(decodeResult: success, version: HTTP/1.1, content: EmptyByteBufBE)
GET /session/bb2ce4cc4a3c2178adb832337037b42b/url HTTP/1.1
User-Agent: selenium/4.1.2 (java windows)
Cache-Control: no-cache
Content-Type: application/json; charset=utf-8
host: localhost:54269
accept: */*

Response DefaultHttpResponse(decodeResult: success, version: HTTP/1.1)
HTTP/1.1 200 OK
Content-Type: application/json; charset=utf-8
cache-control: no-cache
content-length: 53

17:44:58.086 [AsyncHttpClient-1-8] DEBUG org.asynchttpclient.netty.channel.ChannelManager - Adding key: http://localhost:54269 for channel [id: 0x4dab9e20, L:/127.0.0.1:57995 - R:localhost/127.0.0.1:54269]
17:44:58.093 [Forwarding getCurrentUrl on session bb2ce4cc4a3c2178adb832337037b42b to remote] DEBUG org.asynchttpclient.netty.request.NettyRequestSender - Using pooled Channel '[id: 0x4dab9e20, L:/127.0.0.1:57995 - R:localhost/127.0.0.1:54269]' for 'GET' to 'http://localhost:54269/session/bb2ce4cc4a3c2178adb832337037b42b/url'
17:44:58.093 [Forwarding getCurrentUrl on session bb2ce4cc4a3c2178adb832337037b42b to remote] DEBUG org.asynchttpclient.netty.request.NettyRequestSender - Using open Channel [id: 0x4dab9e20, L:/127.0.0.1:57995 - R:localhost/127.0.0.1:54269] for GET '/session/bb2ce4cc4a3c2178adb832337037b42b/url'
17:44:58.099 [AsyncHttpClient-1-8] DEBUG org.asynchttpclient.netty.handler.HttpHandler - 

Request DefaultFullHttpRequest(decodeResult: success, version: HTTP/1.1, content: EmptyByteBufBE)
GET /session/bb2ce4cc4a3c2178adb832337037b42b/url HTTP/1.1
User-Agent: selenium/4.1.2 (java windows)
Cache-Control: no-cache
Content-Type: application/json; charset=utf-8
host: localhost:54269
accept: */*

Response DefaultHttpResponse(decodeResult: success, version: HTTP/1.1)
HTTP/1.1 200 OK
Content-Type: application/json; charset=utf-8
cache-control: no-cache
content-length: 53

17:44:58.099 [AsyncHttpClient-1-8] DEBUG org.asynchttpclient.netty.channel.ChannelManager - Adding key: http://localhost:54269 for channel [id: 0x4dab9e20, L:/127.0.0.1:57995 - R:localhost/127.0.0.1:54269]
17:44:58.106 [Forwarding screenshot on session bb2ce4cc4a3c2178adb832337037b42b to remote] DEBUG org.asynchttpclient.netty.request.NettyRequestSender - Using pooled Channel '[id: 0x4dab9e20, L:/127.0.0.1:57995 - R:localhost/127.0.0.1:54269]' for 'GET' to 'http://localhost:54269/session/bb2ce4cc4a3c2178adb832337037b42b/screenshot'
17:44:58.106 [Forwarding screenshot on session bb2ce4cc4a3c2178adb832337037b42b to remote] DEBUG org.asynchttpclient.netty.request.NettyRequestSender - Using open Channel [id: 0x4dab9e20, L:/127.0.0.1:57995 - R:localhost/127.0.0.1:54269] for GET '/session/bb2ce4cc4a3c2178adb832337037b42b/screenshot'
17:44:58.304 [AsyncHttpClient-1-1] DEBUG org.asynchttpclient.netty.channel.DefaultChannelPool - Entry count for : http://localhost:57997 : 1
17:44:58.392 [AsyncHttpClient-1-8] DEBUG org.asynchttpclient.netty.handler.HttpHandler - 

Request DefaultFullHttpRequest(decodeResult: success, version: HTTP/1.1, content: EmptyByteBufBE)
GET /session/bb2ce4cc4a3c2178adb832337037b42b/screenshot HTTP/1.1
User-Agent: selenium/4.1.2 (java windows)
Cache-Control: no-cache
Content-Type: application/json; charset=utf-8
host: localhost:54269
accept: */*

Response DefaultHttpResponse(decodeResult: success, version: HTTP/1.1)
HTTP/1.1 200 OK
Content-Type: application/json; charset=utf-8
cache-control: no-cache
content-length: 312560

17:44:58.395 [AsyncHttpClient-1-8] DEBUG org.asynchttpclient.netty.channel.ChannelManager - Adding key: http://localhost:54269 for channel [id: 0x4dab9e20, L:/127.0.0.1:57995 - R:localhost/127.0.0.1:54269]
17:44:58.417 [main] DEBUG net.serenitybdd.core.photography.Darkroom - Send negative for processing for target\site\serenity\e0c5e84207325a43cd3ecce9dfeb84335ea726cc8626592e2202371bcb2d6f92.png
17:44:58.417 [main] DEBUG net.thucydides.core.steps.StepInterceptor - STEP DONE: openUrl
17:44:58.427 [main] DEBUG net.thucydides.core.steps.StepInterceptor - STARTING STEP: PatientSteps.iAmAtTheDashboardPage - validateOnDashboardPage
17:44:58.430 [Forwarding findElement on session bb2ce4cc4a3c2178adb832337037b42b to remote] DEBUG org.asynchttpclient.netty.request.NettyRequestSender - Using pooled Channel '[id: 0x4dab9e20, L:/127.0.0.1:57995 - R:localhost/127.0.0.1:54269]' for 'POST' to 'http://localhost:54269/session/bb2ce4cc4a3c2178adb832337037b42b/element'
17:44:58.430 [Forwarding findElement on session bb2ce4cc4a3c2178adb832337037b42b to remote] DEBUG org.asynchttpclient.netty.request.NettyRequestSender - Using open Channel [id: 0x4dab9e20, L:/127.0.0.1:57995 - R:localhost/127.0.0.1:54269] for POST '/session/bb2ce4cc4a3c2178adb832337037b42b/element'
17:44:58.454 [AsyncHttpClient-1-8] DEBUG org.asynchttpclient.netty.handler.HttpHandler - 

Request DefaultHttpRequest(decodeResult: success, version: HTTP/1.1)
POST /session/bb2ce4cc4a3c2178adb832337037b42b/element HTTP/1.1
User-Agent: selenium/4.1.2 (java windows)
Content-Length: 81
Content-Type: application/json; charset=utf-8
host: localhost:54269
accept: */*

Response DefaultHttpResponse(decodeResult: success, version: HTTP/1.1)
HTTP/1.1 200 OK
Content-Type: application/json; charset=utf-8
cache-control: no-cache
content-length: 88

17:44:58.454 [AsyncHttpClient-1-8] DEBUG org.asynchttpclient.netty.channel.ChannelManager - Adding key: http://localhost:54269 for channel [id: 0x4dab9e20, L:/127.0.0.1:57995 - R:localhost/127.0.0.1:54269]
17:44:58.460 [Forwarding isElementDisplayed on session bb2ce4cc4a3c2178adb832337037b42b to remote] DEBUG org.asynchttpclient.netty.request.NettyRequestSender - Using pooled Channel '[id: 0x4dab9e20, L:/127.0.0.1:57995 - R:localhost/127.0.0.1:54269]' for 'POST' to 'http://localhost:54269/session/bb2ce4cc4a3c2178adb832337037b42b/execute/sync'
17:44:58.460 [Forwarding isElementDisplayed on session bb2ce4cc4a3c2178adb832337037b42b to remote] DEBUG org.asynchttpclient.netty.request.NettyRequestSender - Using open Channel [id: 0x4dab9e20, L:/127.0.0.1:57995 - R:localhost/127.0.0.1:54269] for POST '/session/bb2ce4cc4a3c2178adb832337037b42b/execute/sync'
17:44:58.480 [AsyncHttpClient-1-8] DEBUG org.asynchttpclient.netty.handler.HttpHandler - 

Request DefaultHttpRequest(decodeResult: success, version: HTTP/1.1)
POST /session/bb2ce4cc4a3c2178adb832337037b42b/execute/sync HTTP/1.1
User-Agent: selenium/4.1.2 (java windows)
Content-Length: 48780
Content-Type: application/json; charset=utf-8
host: localhost:54269
accept: */*

Response DefaultHttpResponse(decodeResult: success, version: HTTP/1.1)
HTTP/1.1 200 OK
Content-Type: application/json; charset=utf-8
cache-control: no-cache
content-length: 14

17:44:58.480 [AsyncHttpClient-1-8] DEBUG org.asynchttpclient.netty.channel.ChannelManager - Adding key: http://localhost:54269 for channel [id: 0x4dab9e20, L:/127.0.0.1:57995 - R:localhost/127.0.0.1:54269]
17:44:58.488 [Forwarding screenshot on session bb2ce4cc4a3c2178adb832337037b42b to remote] DEBUG org.asynchttpclient.netty.request.NettyRequestSender - Using pooled Channel '[id: 0x4dab9e20, L:/127.0.0.1:57995 - R:localhost/127.0.0.1:54269]' for 'GET' to 'http://localhost:54269/session/bb2ce4cc4a3c2178adb832337037b42b/screenshot'
17:44:58.488 [Forwarding screenshot on session bb2ce4cc4a3c2178adb832337037b42b to remote] DEBUG org.asynchttpclient.netty.request.NettyRequestSender - Using open Channel [id: 0x4dab9e20, L:/127.0.0.1:57995 - R:localhost/127.0.0.1:54269] for GET '/session/bb2ce4cc4a3c2178adb832337037b42b/screenshot'
17:44:58.779 [AsyncHttpClient-1-8] DEBUG org.asynchttpclient.netty.handler.HttpHandler - 

Request DefaultFullHttpRequest(decodeResult: success, version: HTTP/1.1, content: EmptyByteBufBE)
GET /session/bb2ce4cc4a3c2178adb832337037b42b/screenshot HTTP/1.1
User-Agent: selenium/4.1.2 (java windows)
Cache-Control: no-cache
Content-Type: application/json; charset=utf-8
host: localhost:54269
accept: */*

Response DefaultHttpResponse(decodeResult: success, version: HTTP/1.1)
HTTP/1.1 200 OK
Content-Type: application/json; charset=utf-8
cache-control: no-cache
content-length: 312560

17:44:58.782 [AsyncHttpClient-1-8] DEBUG org.asynchttpclient.netty.channel.ChannelManager - Adding key: http://localhost:54269 for channel [id: 0x4dab9e20, L:/127.0.0.1:57995 - R:localhost/127.0.0.1:54269]
17:44:58.808 [main] DEBUG net.serenitybdd.core.photography.Darkroom - Send negative for processing for target\site\serenity\e0c5e84207325a43cd3ecce9dfeb84335ea726cc8626592e2202371bcb2d6f92.png
17:44:58.808 [main] DEBUG net.thucydides.core.steps.StepInterceptor - STEP DONE: validateOnDashboardPage
  &amp#27;[32mGiven &amp#27;[0m&amp#27;[32mI am at the dashboard page&amp#27;[0m                            &amp#27;[90m# starter.stepdefinitions.PatientSteps.iAmAtTheDashboardPage()&amp#27;[0m
17:44:58.850 [main] DEBUG net.thucydides.core.steps.StepInterceptor - STARTING STEP: DoctorSteps.iClickMenuDoctor - clickMenuDoctorButton
17:44:58.855 [Forwarding findElement on session bb2ce4cc4a3c2178adb832337037b42b to remote] DEBUG org.asynchttpclient.netty.request.NettyRequestSender - Using pooled Channel '[id: 0x4dab9e20, L:/127.0.0.1:57995 - R:localhost/127.0.0.1:54269]' for 'POST' to 'http://localhost:54269/session/bb2ce4cc4a3c2178adb832337037b42b/element'
17:44:58.855 [Forwarding findElement on session bb2ce4cc4a3c2178adb832337037b42b to remote] DEBUG org.asynchttpclient.netty.request.NettyRequestSender - Using open Channel [id: 0x4dab9e20, L:/127.0.0.1:57995 - R:localhost/127.0.0.1:54269] for POST '/session/bb2ce4cc4a3c2178adb832337037b42b/element'
17:44:58.875 [AsyncHttpClient-1-8] DEBUG org.asynchttpclient.netty.handler.HttpHandler - 

Request DefaultHttpRequest(decodeResult: success, version: HTTP/1.1)
POST /session/bb2ce4cc4a3c2178adb832337037b42b/element HTTP/1.1
User-Agent: selenium/4.1.2 (java windows)
Content-Length: 79
Content-Type: application/json; charset=utf-8
host: localhost:54269
accept: */*

Response DefaultHttpResponse(decodeResult: success, version: HTTP/1.1)
HTTP/1.1 200 OK
Content-Type: application/json; charset=utf-8
cache-control: no-cache
content-length: 88

17:44:58.875 [AsyncHttpClient-1-8] DEBUG org.asynchttpclient.netty.channel.ChannelManager - Adding key: http://localhost:54269 for channel [id: 0x4dab9e20, L:/127.0.0.1:57995 - R:localhost/127.0.0.1:54269]
17:44:58.877 [Forwarding getElementTagName on session bb2ce4cc4a3c2178adb832337037b42b to remote] DEBUG org.asynchttpclient.netty.request.NettyRequestSender - Using pooled Channel '[id: 0x4dab9e20, L:/127.0.0.1:57995 - R:localhost/127.0.0.1:54269]' for 'GET' to 'http://localhost:54269/session/bb2ce4cc4a3c2178adb832337037b42b/element/02683213-76f3-4ff3-91d7-8db9c19ad033/name'
17:44:58.877 [Forwarding getElementTagName on session bb2ce4cc4a3c2178adb832337037b42b to remote] DEBUG org.asynchttpclient.netty.request.NettyRequestSender - Using open Channel [id: 0x4dab9e20, L:/127.0.0.1:57995 - R:localhost/127.0.0.1:54269] for GET '/session/bb2ce4cc4a3c2178adb832337037b42b/element/02683213-76f3-4ff3-91d7-8db9c19ad033/name'
17:44:58.882 [AsyncHttpClient-1-8] DEBUG org.asynchttpclient.netty.handler.HttpHandler - 

Request DefaultFullHttpRequest(decodeResult: success, version: HTTP/1.1, content: EmptyByteBufBE)
GET /session/bb2ce4cc4a3c2178adb832337037b42b/element/02683213-76f3-4ff3-91d7-8db9c19ad033/name HTTP/1.1
User-Agent: selenium/4.1.2 (java windows)
Cache-Control: no-cache
Content-Type: application/json; charset=utf-8
host: localhost:54269
accept: */*

Response DefaultHttpResponse(decodeResult: success, version: HTTP/1.1)
HTTP/1.1 200 OK
Content-Type: application/json; charset=utf-8
cache-control: no-cache
content-length: 15

17:44:58.883 [AsyncHttpClient-1-8] DEBUG org.asynchttpclient.netty.channel.ChannelManager - Adding key: http://localhost:54269 for channel [id: 0x4dab9e20, L:/127.0.0.1:57995 - R:localhost/127.0.0.1:54269]
17:44:58.884 [Forwarding getElementTagName on session bb2ce4cc4a3c2178adb832337037b42b to remote] DEBUG org.asynchttpclient.netty.request.NettyRequestSender - Using pooled Channel '[id: 0x4dab9e20, L:/127.0.0.1:57995 - R:localhost/127.0.0.1:54269]' for 'GET' to 'http://localhost:54269/session/bb2ce4cc4a3c2178adb832337037b42b/element/02683213-76f3-4ff3-91d7-8db9c19ad033/name'
17:44:58.884 [Forwarding getElementTagName on session bb2ce4cc4a3c2178adb832337037b42b to remote] DEBUG org.asynchttpclient.netty.request.NettyRequestSender - Using open Channel [id: 0x4dab9e20, L:/127.0.0.1:57995 - R:localhost/127.0.0.1:54269] for GET '/session/bb2ce4cc4a3c2178adb832337037b42b/element/02683213-76f3-4ff3-91d7-8db9c19ad033/name'
17:44:58.888 [AsyncHttpClient-1-8] DEBUG org.asynchttpclient.netty.handler.HttpHandler - 

Request DefaultFullHttpRequest(decodeResult: success, version: HTTP/1.1, content: EmptyByteBufBE)
GET /session/bb2ce4cc4a3c2178adb832337037b42b/element/02683213-76f3-4ff3-91d7-8db9c19ad033/name HTTP/1.1
User-Agent: selenium/4.1.2 (java windows)
Cache-Control: no-cache
Content-Type: application/json; charset=utf-8
host: localhost:54269
accept: */*

Response DefaultHttpResponse(decodeResult: success, version: HTTP/1.1)
HTTP/1.1 200 OK
Content-Type: application/json; charset=utf-8
cache-control: no-cache
content-length: 15

17:44:58.888 [AsyncHttpClient-1-8] DEBUG org.asynchttpclient.netty.channel.ChannelManager - Adding key: http://localhost:54269 for channel [id: 0x4dab9e20, L:/127.0.0.1:57995 - R:localhost/127.0.0.1:54269]
17:44:58.891 [Forwarding findElement on session bb2ce4cc4a3c2178adb832337037b42b to remote] DEBUG org.asynchttpclient.netty.request.NettyRequestSender - Using pooled Channel '[id: 0x4dab9e20, L:/127.0.0.1:57995 - R:localhost/127.0.0.1:54269]' for 'POST' to 'http://localhost:54269/session/bb2ce4cc4a3c2178adb832337037b42b/element'
17:44:58.891 [Forwarding findElement on session bb2ce4cc4a3c2178adb832337037b42b to remote] DEBUG org.asynchttpclient.netty.request.NettyRequestSender - Using open Channel [id: 0x4dab9e20, L:/127.0.0.1:57995 - R:localhost/127.0.0.1:54269] for POST '/session/bb2ce4cc4a3c2178adb832337037b42b/element'
17:44:58.901 [AsyncHttpClient-1-8] DEBUG org.asynchttpclient.netty.handler.HttpHandler - 

Request DefaultHttpRequest(decodeResult: success, version: HTTP/1.1)
POST /session/bb2ce4cc4a3c2178adb832337037b42b/element HTTP/1.1
User-Agent: selenium/4.1.2 (java windows)
Content-Length: 79
Content-Type: application/json; charset=utf-8
host: localhost:54269
accept: */*

Response DefaultHttpResponse(decodeResult: success, version: HTTP/1.1)
HTTP/1.1 200 OK
Content-Type: application/json; charset=utf-8
cache-control: no-cache
content-length: 88

17:44:58.901 [AsyncHttpClient-1-8] DEBUG org.asynchttpclient.netty.channel.ChannelManager - Adding key: http://localhost:54269 for channel [id: 0x4dab9e20, L:/127.0.0.1:57995 - R:localhost/127.0.0.1:54269]
17:44:58.903 [Forwarding clickElement on session bb2ce4cc4a3c2178adb832337037b42b to remote] DEBUG org.asynchttpclient.netty.request.NettyRequestSender - Using pooled Channel '[id: 0x4dab9e20, L:/127.0.0.1:57995 - R:localhost/127.0.0.1:54269]' for 'POST' to 'http://localhost:54269/session/bb2ce4cc4a3c2178adb832337037b42b/element/02683213-76f3-4ff3-91d7-8db9c19ad033/click'
17:44:58.903 [Forwarding clickElement on session bb2ce4cc4a3c2178adb832337037b42b to remote] DEBUG org.asynchttpclient.netty.request.NettyRequestSender - Using open Channel [id: 0x4dab9e20, L:/127.0.0.1:57995 - R:localhost/127.0.0.1:54269] for POST '/session/bb2ce4cc4a3c2178adb832337037b42b/element/02683213-76f3-4ff3-91d7-8db9c19ad033/click'
17:44:59.131 [AsyncHttpClient-1-8] DEBUG org.asynchttpclient.netty.handler.HttpHandler - 

Request DefaultHttpRequest(decodeResult: success, version: HTTP/1.1)
POST /session/bb2ce4cc4a3c2178adb832337037b42b/element/02683213-76f3-4ff3-91d7-8db9c19ad033/click HTTP/1.1
User-Agent: selenium/4.1.2 (java windows)
Content-Length: 50
Content-Type: application/json; charset=utf-8
host: localhost:54269
accept: */*

Response DefaultHttpResponse(decodeResult: success, version: HTTP/1.1)
HTTP/1.1 200 OK
Content-Type: application/json; charset=utf-8
cache-control: no-cache
content-length: 14

17:44:59.131 [AsyncHttpClient-1-8] DEBUG org.asynchttpclient.netty.channel.ChannelManager - Adding key: http://localhost:54269 for channel [id: 0x4dab9e20, L:/127.0.0.1:57995 - R:localhost/127.0.0.1:54269]
17:44:59.137 [Forwarding screenshot on session bb2ce4cc4a3c2178adb832337037b42b to remote] DEBUG org.asynchttpclient.netty.request.NettyRequestSender - Using pooled Channel '[id: 0x4dab9e20, L:/127.0.0.1:57995 - R:localhost/127.0.0.1:54269]' for 'GET' to 'http://localhost:54269/session/bb2ce4cc4a3c2178adb832337037b42b/screenshot'
17:44:59.137 [Forwarding screenshot on session bb2ce4cc4a3c2178adb832337037b42b to remote] DEBUG org.asynchttpclient.netty.request.NettyRequestSender - Using open Channel [id: 0x4dab9e20, L:/127.0.0.1:57995 - R:localhost/127.0.0.1:54269] for GET '/session/bb2ce4cc4a3c2178adb832337037b42b/screenshot'
17:44:59.250 [AsyncHttpClient-1-8] DEBUG org.asynchttpclient.netty.handler.HttpHandler - 

Request DefaultFullHttpRequest(decodeResult: success, version: HTTP/1.1, content: EmptyByteBufBE)
GET /session/bb2ce4cc4a3c2178adb832337037b42b/screenshot HTTP/1.1
User-Agent: selenium/4.1.2 (java windows)
Cache-Control: no-cache
Content-Type: application/json; charset=utf-8
host: localhost:54269
accept: */*

Response DefaultHttpResponse(decodeResult: success, version: HTTP/1.1)
HTTP/1.1 200 OK
Content-Type: application/json; charset=utf-8
cache-control: no-cache
content-length: 39244

17:44:59.250 [AsyncHttpClient-1-8] DEBUG org.asynchttpclient.netty.channel.ChannelManager - Adding key: http://localhost:54269 for channel [id: 0x4dab9e20, L:/127.0.0.1:57995 - R:localhost/127.0.0.1:54269]
17:44:59.252 [main] DEBUG net.serenitybdd.core.photography.Darkroom - Send negative for processing for target\site\serenity\c2a7adb1368e96507210e405c16724f9b1b0d7d7598fc67cb9461980e6e28e15.png
17:44:59.253 [main] DEBUG net.thucydides.core.steps.StepInterceptor - STEP DONE: clickMenuDoctorButton
  &amp#27;[32mAnd &amp#27;[0m&amp#27;[32mI click menu doctor&amp#27;[0m                                     &amp#27;[90m# starter.stepdefinitions.DoctorSteps.iClickMenuDoctor()&amp#27;[0m
17:44:59.253 [Darkroom Processing Line] DEBUG net.serenitybdd.core.photography.DarkroomProcessingLine - Processing screenshot image in /var/screenshots/screenshot-5381014843828879996
17:44:59.253 [Darkroom Processing Line] DEBUG net.serenitybdd.core.photography.DarkroomProcessingLine - Saving screenshot to target\site\serenity\c2a7adb1368e96507210e405c16724f9b1b0d7d7598fc67cb9461980e6e28e15.png
17:44:59.265 [Forwarding findElement on session bb2ce4cc4a3c2178adb832337037b42b to remote] DEBUG org.asynchttpclient.netty.request.NettyRequestSender - Using pooled Channel '[id: 0x4dab9e20, L:/127.0.0.1:57995 - R:localhost/127.0.0.1:54269]' for 'POST' to 'http://localhost:54269/session/bb2ce4cc4a3c2178adb832337037b42b/element'
17:44:59.265 [Forwarding findElement on session bb2ce4cc4a3c2178adb832337037b42b to remote] DEBUG org.asynchttpclient.netty.request.NettyRequestSender - Using open Channel [id: 0x4dab9e20, L:/127.0.0.1:57995 - R:localhost/127.0.0.1:54269] for POST '/session/bb2ce4cc4a3c2178adb832337037b42b/element'
17:44:59.287 [AsyncHttpClient-1-8] DEBUG org.asynchttpclient.netty.handler.HttpHandler - 

Request DefaultHttpRequest(decodeResult: success, version: HTTP/1.1)
POST /session/bb2ce4cc4a3c2178adb832337037b42b/element HTTP/1.1
User-Agent: selenium/4.1.2 (java windows)
Content-Length: 160
Content-Type: application/json; charset=utf-8
host: localhost:54269
accept: */*

Response DefaultHttpResponse(decodeResult: success, version: HTTP/1.1)
HTTP/1.1 200 OK
Content-Type: application/json; charset=utf-8
cache-control: no-cache
content-length: 88

17:44:59.287 [AsyncHttpClient-1-8] DEBUG org.asynchttpclient.netty.channel.ChannelManager - Adding key: http://localhost:54269 for channel [id: 0x4dab9e20, L:/127.0.0.1:57995 - R:localhost/127.0.0.1:54269]
17:44:59.288 [Forwarding clearElement on session bb2ce4cc4a3c2178adb832337037b42b to remote] DEBUG org.asynchttpclient.netty.request.NettyRequestSender - Using pooled Channel '[id: 0x4dab9e20, L:/127.0.0.1:57995 - R:localhost/127.0.0.1:54269]' for 'POST' to 'http://localhost:54269/session/bb2ce4cc4a3c2178adb832337037b42b/element/16b764ae-2e66-4014-b8ef-1d91ffe40a2d/clear'
17:44:59.289 [Forwarding clearElement on session bb2ce4cc4a3c2178adb832337037b42b to remote] DEBUG org.asynchttpclient.netty.request.NettyRequestSender - Using open Channel [id: 0x4dab9e20, L:/127.0.0.1:57995 - R:localhost/127.0.0.1:54269] for POST '/session/bb2ce4cc4a3c2178adb832337037b42b/element/16b764ae-2e66-4014-b8ef-1d91ffe40a2d/clear'
17:44:59.334 [AsyncHttpClient-1-8] DEBUG org.asynchttpclient.netty.handler.HttpHandler - 

Request DefaultHttpRequest(decodeResult: success, version: HTTP/1.1)
POST /session/bb2ce4cc4a3c2178adb832337037b42b/element/16b764ae-2e66-4014-b8ef-1d91ffe40a2d/clear HTTP/1.1
User-Agent: selenium/4.1.2 (java windows)
Content-Length: 50
Content-Type: application/json; charset=utf-8
host: localhost:54269
accept: */*

Response DefaultHttpResponse(decodeResult: success, version: HTTP/1.1)
HTTP/1.1 200 OK
Content-Type: application/json; charset=utf-8
cache-control: no-cache
content-length: 14

17:44:59.334 [AsyncHttpClient-1-8] DEBUG org.asynchttpclient.netty.channel.ChannelManager - Adding key: http://localhost:54269 for channel [id: 0x4dab9e20, L:/127.0.0.1:57995 - R:localhost/127.0.0.1:54269]
17:44:59.336 [Forwarding sendKeysToElement on session bb2ce4cc4a3c2178adb832337037b42b to remote] DEBUG org.asynchttpclient.netty.request.NettyRequestSender - Using pooled Channel '[id: 0x4dab9e20, L:/127.0.0.1:57995 - R:localhost/127.0.0.1:54269]' for 'POST' to 'http://localhost:54269/session/bb2ce4cc4a3c2178adb832337037b42b/element/16b764ae-2e66-4014-b8ef-1d91ffe40a2d/value'
17:44:59.336 [Forwarding sendKeysToElement on session bb2ce4cc4a3c2178adb832337037b42b to remote] DEBUG org.asynchttpclient.netty.request.NettyRequestSender - Using open Channel [id: 0x4dab9e20, L:/127.0.0.1:57995 - R:localhost/127.0.0.1:54269] for POST '/session/bb2ce4cc4a3c2178adb832337037b42b/element/16b764ae-2e66-4014-b8ef-1d91ffe40a2d/value'
17:44:59.403 [AsyncHttpClient-1-1] DEBUG org.asynchttpclient.netty.channel.DefaultChannelPool - Entry count for : http://localhost:57997 : 1
17:44:59.663 [AsyncHttpClient-1-8] DEBUG org.asynchttpclient.netty.handler.HttpHandler - 

Request DefaultHttpRequest(decodeResult: success, version: HTTP/1.1)
POST /session/bb2ce4cc4a3c2178adb832337037b42b/element/16b764ae-2e66-4014-b8ef-1d91ffe40a2d/value HTTP/1.1
User-Agent: selenium/4.1.2 (java windows)
Content-Length: 171
Content-Type: application/json; charset=utf-8
host: localhost:54269
accept: */*

Response DefaultHttpResponse(decodeResult: success, version: HTTP/1.1)
HTTP/1.1 200 OK
Content-Type: application/json; charset=utf-8
cache-control: no-cache
content-length: 14

17:44:59.663 [AsyncHttpClient-1-8] DEBUG org.asynchttpclient.netty.channel.ChannelManager - Adding key: http://localhost:54269 for channel [id: 0x4dab9e20, L:/127.0.0.1:57995 - R:localhost/127.0.0.1:54269]
17:44:59.671 [Forwarding screenshot on session bb2ce4cc4a3c2178adb832337037b42b to remote] DEBUG org.asynchttpclient.netty.request.NettyRequestSender - Using pooled Channel '[id: 0x4dab9e20, L:/127.0.0.1:57995 - R:localhost/127.0.0.1:54269]' for 'GET' to 'http://localhost:54269/session/bb2ce4cc4a3c2178adb832337037b42b/screenshot'
17:44:59.671 [Forwarding screenshot on session bb2ce4cc4a3c2178adb832337037b42b to remote] DEBUG org.asynchttpclient.netty.request.NettyRequestSender - Using open Channel [id: 0x4dab9e20, L:/127.0.0.1:57995 - R:localhost/127.0.0.1:54269] for GET '/session/bb2ce4cc4a3c2178adb832337037b42b/screenshot'
17:44:59.796 [AsyncHttpClient-1-8] DEBUG org.asynchttpclient.netty.handler.HttpHandler - 

Request DefaultFullHttpRequest(decodeResult: success, version: HTTP/1.1, content: EmptyByteBufBE)
GET /session/bb2ce4cc4a3c2178adb832337037b42b/screenshot HTTP/1.1
User-Agent: selenium/4.1.2 (java windows)
Cache-Control: no-cache
Content-Type: application/json; charset=utf-8
host: localhost:54269
accept: */*

Response DefaultHttpResponse(decodeResult: success, version: HTTP/1.1)
HTTP/1.1 200 OK
Content-Type: application/json; charset=utf-8
cache-control: no-cache
content-length: 56268

17:44:59.797 [AsyncHttpClient-1-8] DEBUG org.asynchttpclient.netty.channel.ChannelManager - Adding key: http://localhost:54269 for channel [id: 0x4dab9e20, L:/127.0.0.1:57995 - R:localhost/127.0.0.1:54269]
17:44:59.802 [main] DEBUG net.serenitybdd.core.photography.Darkroom - Send negative for processing for target\site\serenity\b0217cc7b1ddb08400095a40da521a89a977fb341b01c367ef7895f0d833879f.png
17:44:59.803 [main] DEBUG net.thucydides.core.steps.StepInterceptor - STARTING STEP: DoctorSteps.iInputDoctorPhoneNumberAndClickSearch - clickSearchButton
17:44:59.803 [Darkroom Processing Line] DEBUG net.serenitybdd.core.photography.DarkroomProcessingLine - Processing screenshot image in /var/screenshots/screenshot-7631023851522754642
17:44:59.803 [Darkroom Processing Line] DEBUG net.serenitybdd.core.photography.DarkroomProcessingLine - Saving screenshot to target\site\serenity\b0217cc7b1ddb08400095a40da521a89a977fb341b01c367ef7895f0d833879f.png
17:44:59.807 [Forwarding findElement on session bb2ce4cc4a3c2178adb832337037b42b to remote] DEBUG org.asynchttpclient.netty.request.NettyRequestSender - Using pooled Channel '[id: 0x4dab9e20, L:/127.0.0.1:57995 - R:localhost/127.0.0.1:54269]' for 'POST' to 'http://localhost:54269/session/bb2ce4cc4a3c2178adb832337037b42b/element'
17:44:59.807 [Forwarding findElement on session bb2ce4cc4a3c2178adb832337037b42b to remote] DEBUG org.asynchttpclient.netty.request.NettyRequestSender - Using open Channel [id: 0x4dab9e20, L:/127.0.0.1:57995 - R:localhost/127.0.0.1:54269] for POST '/session/bb2ce4cc4a3c2178adb832337037b42b/element'
17:44:59.830 [AsyncHttpClient-1-8] DEBUG org.asynchttpclient.netty.handler.HttpHandler - 

Request DefaultHttpRequest(decodeResult: success, version: HTTP/1.1)
POST /session/bb2ce4cc4a3c2178adb832337037b42b/element HTTP/1.1
User-Agent: selenium/4.1.2 (java windows)
Content-Length: 161
Content-Type: application/json; charset=utf-8
host: localhost:54269
accept: */*

Response DefaultHttpResponse(decodeResult: success, version: HTTP/1.1)
HTTP/1.1 200 OK
Content-Type: application/json; charset=utf-8
cache-control: no-cache
content-length: 88

17:44:59.831 [AsyncHttpClient-1-8] DEBUG org.asynchttpclient.netty.channel.ChannelManager - Adding key: http://localhost:54269 for channel [id: 0x4dab9e20, L:/127.0.0.1:57995 - R:localhost/127.0.0.1:54269]
17:44:59.832 [Forwarding getElementTagName on session bb2ce4cc4a3c2178adb832337037b42b to remote] DEBUG org.asynchttpclient.netty.request.NettyRequestSender - Using pooled Channel '[id: 0x4dab9e20, L:/127.0.0.1:57995 - R:localhost/127.0.0.1:54269]' for 'GET' to 'http://localhost:54269/session/bb2ce4cc4a3c2178adb832337037b42b/element/41880e64-c457-4ef1-8975-08a047e45e82/name'
17:44:59.832 [Forwarding getElementTagName on session bb2ce4cc4a3c2178adb832337037b42b to remote] DEBUG org.asynchttpclient.netty.request.NettyRequestSender - Using open Channel [id: 0x4dab9e20, L:/127.0.0.1:57995 - R:localhost/127.0.0.1:54269] for GET '/session/bb2ce4cc4a3c2178adb832337037b42b/element/41880e64-c457-4ef1-8975-08a047e45e82/name'
17:44:59.838 [AsyncHttpClient-1-8] DEBUG org.asynchttpclient.netty.handler.HttpHandler - 

Request DefaultFullHttpRequest(decodeResult: success, version: HTTP/1.1, content: EmptyByteBufBE)
GET /session/bb2ce4cc4a3c2178adb832337037b42b/element/41880e64-c457-4ef1-8975-08a047e45e82/name HTTP/1.1
User-Agent: selenium/4.1.2 (java windows)
Cache-Control: no-cache
Content-Type: application/json; charset=utf-8
host: localhost:54269
accept: */*

Response DefaultHttpResponse(decodeResult: success, version: HTTP/1.1)
HTTP/1.1 200 OK
Content-Type: application/json; charset=utf-8
cache-control: no-cache
content-length: 18

17:44:59.838 [AsyncHttpClient-1-8] DEBUG org.asynchttpclient.netty.channel.ChannelManager - Adding key: http://localhost:54269 for channel [id: 0x4dab9e20, L:/127.0.0.1:57995 - R:localhost/127.0.0.1:54269]
17:44:59.839 [Forwarding getElementTagName on session bb2ce4cc4a3c2178adb832337037b42b to remote] DEBUG org.asynchttpclient.netty.request.NettyRequestSender - Using pooled Channel '[id: 0x4dab9e20, L:/127.0.0.1:57995 - R:localhost/127.0.0.1:54269]' for 'GET' to 'http://localhost:54269/session/bb2ce4cc4a3c2178adb832337037b42b/element/41880e64-c457-4ef1-8975-08a047e45e82/name'
17:44:59.839 [Forwarding getElementTagName on session bb2ce4cc4a3c2178adb832337037b42b to remote] DEBUG org.asynchttpclient.netty.request.NettyRequestSender - Using open Channel [id: 0x4dab9e20, L:/127.0.0.1:57995 - R:localhost/127.0.0.1:54269] for GET '/session/bb2ce4cc4a3c2178adb832337037b42b/element/41880e64-c457-4ef1-8975-08a047e45e82/name'
17:44:59.842 [AsyncHttpClient-1-8] DEBUG org.asynchttpclient.netty.handler.HttpHandler - 

Request DefaultFullHttpRequest(decodeResult: success, version: HTTP/1.1, content: EmptyByteBufBE)
GET /session/bb2ce4cc4a3c2178adb832337037b42b/element/41880e64-c457-4ef1-8975-08a047e45e82/name HTTP/1.1
User-Agent: selenium/4.1.2 (java windows)
Cache-Control: no-cache
Content-Type: application/json; charset=utf-8
host: localhost:54269
accept: */*

Response DefaultHttpResponse(decodeResult: success, version: HTTP/1.1)
HTTP/1.1 200 OK
Content-Type: application/json; charset=utf-8
cache-control: no-cache
content-length: 18

17:44:59.843 [AsyncHttpClient-1-8] DEBUG org.asynchttpclient.netty.channel.ChannelManager - Adding key: http://localhost:54269 for channel [id: 0x4dab9e20, L:/127.0.0.1:57995 - R:localhost/127.0.0.1:54269]
17:44:59.845 [Forwarding isElementEnabled on session bb2ce4cc4a3c2178adb832337037b42b to remote] DEBUG org.asynchttpclient.netty.request.NettyRequestSender - Using pooled Channel '[id: 0x4dab9e20, L:/127.0.0.1:57995 - R:localhost/127.0.0.1:54269]' for 'GET' to 'http://localhost:54269/session/bb2ce4cc4a3c2178adb832337037b42b/element/41880e64-c457-4ef1-8975-08a047e45e82/enabled'
17:44:59.845 [Forwarding isElementEnabled on session bb2ce4cc4a3c2178adb832337037b42b to remote] DEBUG org.asynchttpclient.netty.request.NettyRequestSender - Using open Channel [id: 0x4dab9e20, L:/127.0.0.1:57995 - R:localhost/127.0.0.1:54269] for GET '/session/bb2ce4cc4a3c2178adb832337037b42b/element/41880e64-c457-4ef1-8975-08a047e45e82/enabled'
17:44:59.929 [AsyncHttpClient-1-8] DEBUG org.asynchttpclient.netty.handler.HttpHandler - 

Request DefaultFullHttpRequest(decodeResult: success, version: HTTP/1.1, content: EmptyByteBufBE)
GET /session/bb2ce4cc4a3c2178adb832337037b42b/element/41880e64-c457-4ef1-8975-08a047e45e82/enabled HTTP/1.1
User-Agent: selenium/4.1.2 (java windows)
Cache-Control: no-cache
Content-Type: application/json; charset=utf-8
host: localhost:54269
accept: */*

Response DefaultHttpResponse(decodeResult: success, version: HTTP/1.1)
HTTP/1.1 200 OK
Content-Type: application/json; charset=utf-8
cache-control: no-cache
content-length: 14

17:44:59.929 [AsyncHttpClient-1-8] DEBUG org.asynchttpclient.netty.channel.ChannelManager - Adding key: http://localhost:54269 for channel [id: 0x4dab9e20, L:/127.0.0.1:57995 - R:localhost/127.0.0.1:54269]
17:44:59.930 [Forwarding isElementEnabled on session bb2ce4cc4a3c2178adb832337037b42b to remote] DEBUG org.asynchttpclient.netty.request.NettyRequestSender - Using pooled Channel '[id: 0x4dab9e20, L:/127.0.0.1:57995 - R:localhost/127.0.0.1:54269]' for 'GET' to 'http://localhost:54269/session/bb2ce4cc4a3c2178adb832337037b42b/element/41880e64-c457-4ef1-8975-08a047e45e82/enabled'
17:44:59.930 [Forwarding isElementEnabled on session bb2ce4cc4a3c2178adb832337037b42b to remote] DEBUG org.asynchttpclient.netty.request.NettyRequestSender - Using open Channel [id: 0x4dab9e20, L:/127.0.0.1:57995 - R:localhost/127.0.0.1:54269] for GET '/session/bb2ce4cc4a3c2178adb832337037b42b/element/41880e64-c457-4ef1-8975-08a047e45e82/enabled'
17:44:59.937 [AsyncHttpClient-1-8] DEBUG org.asynchttpclient.netty.handler.HttpHandler - 

Request DefaultFullHttpRequest(decodeResult: success, version: HTTP/1.1, content: EmptyByteBufBE)
GET /session/bb2ce4cc4a3c2178adb832337037b42b/element/41880e64-c457-4ef1-8975-08a047e45e82/enabled HTTP/1.1
User-Agent: selenium/4.1.2 (java windows)
Cache-Control: no-cache
Content-Type: application/json; charset=utf-8
host: localhost:54269
accept: */*

Response DefaultHttpResponse(decodeResult: success, version: HTTP/1.1)
HTTP/1.1 200 OK
Content-Type: application/json; charset=utf-8
cache-control: no-cache
content-length: 14

17:44:59.937 [AsyncHttpClient-1-8] DEBUG org.asynchttpclient.netty.channel.ChannelManager - Adding key: http://localhost:54269 for channel [id: 0x4dab9e20, L:/127.0.0.1:57995 - R:localhost/127.0.0.1:54269]
17:44:59.938 [Forwarding findElement on session bb2ce4cc4a3c2178adb832337037b42b to remote] DEBUG org.asynchttpclient.netty.request.NettyRequestSender - Using pooled Channel '[id: 0x4dab9e20, L:/127.0.0.1:57995 - R:localhost/127.0.0.1:54269]' for 'POST' to 'http://localhost:54269/session/bb2ce4cc4a3c2178adb832337037b42b/element'
17:44:59.939 [Forwarding findElement on session bb2ce4cc4a3c2178adb832337037b42b to remote] DEBUG org.asynchttpclient.netty.request.NettyRequestSender - Using open Channel [id: 0x4dab9e20, L:/127.0.0.1:57995 - R:localhost/127.0.0.1:54269] for POST '/session/bb2ce4cc4a3c2178adb832337037b42b/element'
17:44:59.946 [AsyncHttpClient-1-8] DEBUG org.asynchttpclient.netty.handler.HttpHandler - 

Request DefaultHttpRequest(decodeResult: success, version: HTTP/1.1)
POST /session/bb2ce4cc4a3c2178adb832337037b42b/element HTTP/1.1
User-Agent: selenium/4.1.2 (java windows)
Content-Length: 161
Content-Type: application/json; charset=utf-8
host: localhost:54269
accept: */*

Response DefaultHttpResponse(decodeResult: success, version: HTTP/1.1)
HTTP/1.1 200 OK
Content-Type: application/json; charset=utf-8
cache-control: no-cache
content-length: 88

17:44:59.946 [AsyncHttpClient-1-8] DEBUG org.asynchttpclient.netty.channel.ChannelManager - Adding key: http://localhost:54269 for channel [id: 0x4dab9e20, L:/127.0.0.1:57995 - R:localhost/127.0.0.1:54269]
17:44:59.947 [Forwarding clickElement on session bb2ce4cc4a3c2178adb832337037b42b to remote] DEBUG org.asynchttpclient.netty.request.NettyRequestSender - Using pooled Channel '[id: 0x4dab9e20, L:/127.0.0.1:57995 - R:localhost/127.0.0.1:54269]' for 'POST' to 'http://localhost:54269/session/bb2ce4cc4a3c2178adb832337037b42b/element/41880e64-c457-4ef1-8975-08a047e45e82/click'
17:44:59.947 [Forwarding clickElement on session bb2ce4cc4a3c2178adb832337037b42b to remote] DEBUG org.asynchttpclient.netty.request.NettyRequestSender - Using open Channel [id: 0x4dab9e20, L:/127.0.0.1:57995 - R:localhost/127.0.0.1:54269] for POST '/session/bb2ce4cc4a3c2178adb832337037b42b/element/41880e64-c457-4ef1-8975-08a047e45e82/click'
17:45:00.034 [AsyncHttpClient-1-8] DEBUG org.asynchttpclient.netty.handler.HttpHandler - 

Request DefaultHttpRequest(decodeResult: success, version: HTTP/1.1)
POST /session/bb2ce4cc4a3c2178adb832337037b42b/element/41880e64-c457-4ef1-8975-08a047e45e82/click HTTP/1.1
User-Agent: selenium/4.1.2 (java windows)
Content-Length: 50
Content-Type: application/json; charset=utf-8
host: localhost:54269
accept: */*

Response DefaultHttpResponse(decodeResult: success, version: HTTP/1.1)
HTTP/1.1 200 OK
Content-Type: application/json; charset=utf-8
cache-control: no-cache
content-length: 14

17:45:00.034 [AsyncHttpClient-1-8] DEBUG org.asynchttpclient.netty.channel.ChannelManager - Adding key: http://localhost:54269 for channel [id: 0x4dab9e20, L:/127.0.0.1:57995 - R:localhost/127.0.0.1:54269]
17:45:00.044 [Forwarding screenshot on session bb2ce4cc4a3c2178adb832337037b42b to remote] DEBUG org.asynchttpclient.netty.request.NettyRequestSender - Using pooled Channel '[id: 0x4dab9e20, L:/127.0.0.1:57995 - R:localhost/127.0.0.1:54269]' for 'GET' to 'http://localhost:54269/session/bb2ce4cc4a3c2178adb832337037b42b/screenshot'
17:45:00.044 [Forwarding screenshot on session bb2ce4cc4a3c2178adb832337037b42b to remote] DEBUG org.asynchttpclient.netty.request.NettyRequestSender - Using open Channel [id: 0x4dab9e20, L:/127.0.0.1:57995 - R:localhost/127.0.0.1:54269] for GET '/session/bb2ce4cc4a3c2178adb832337037b42b/screenshot'
17:45:00.152 [AsyncHttpClient-1-8] DEBUG org.asynchttpclient.netty.handler.HttpHandler - 

Request DefaultFullHttpRequest(decodeResult: success, version: HTTP/1.1, content: EmptyByteBufBE)
GET /session/bb2ce4cc4a3c2178adb832337037b42b/screenshot HTTP/1.1
User-Agent: selenium/4.1.2 (java windows)
Cache-Control: no-cache
Content-Type: application/json; charset=utf-8
host: localhost:54269
accept: */*

Response DefaultHttpResponse(decodeResult: success, version: HTTP/1.1)
HTTP/1.1 200 OK
Content-Type: application/json; charset=utf-8
cache-control: no-cache
content-length: 56316

17:45:00.152 [AsyncHttpClient-1-8] DEBUG org.asynchttpclient.netty.channel.ChannelManager - Adding key: http://localhost:54269 for channel [id: 0x4dab9e20, L:/127.0.0.1:57995 - R:localhost/127.0.0.1:54269]
17:45:00.155 [main] DEBUG net.serenitybdd.core.photography.Darkroom - Send negative for processing for target\site\serenity\7154d5408f87af0484b3c0653de09adee1b05ea3c329ae1801599f9d06270cb3.png
17:45:00.155 [main] DEBUG net.thucydides.core.steps.StepInterceptor - STEP DONE: clickSearchButton
17:45:00.155 [Darkroom Processing Line] DEBUG net.serenitybdd.core.photography.DarkroomProcessingLine - Processing screenshot image in /var/screenshots/screenshot-17068089751558519578
  &amp#27;[32mWhen &amp#27;[0m&amp#27;[32mI input doctor phone number and click search&amp#27;[0m           &amp#27;[90m# starter.stepdefinitions.DoctorSteps.iInputDoctorPhoneNumberAndClickSearch()&amp#27;[0m
17:45:00.155 [Darkroom Processing Line] DEBUG net.serenitybdd.core.photography.DarkroomProcessingLine - Saving screenshot to target\site\serenity\7154d5408f87af0484b3c0653de09adee1b05ea3c329ae1801599f9d06270cb3.png
17:45:00.169 [Forwarding findElement on session bb2ce4cc4a3c2178adb832337037b42b to remote] DEBUG org.asynchttpclient.netty.request.NettyRequestSender - Using pooled Channel '[id: 0x4dab9e20, L:/127.0.0.1:57995 - R:localhost/127.0.0.1:54269]' for 'POST' to 'http://localhost:54269/session/bb2ce4cc4a3c2178adb832337037b42b/element'
17:45:00.169 [Forwarding findElement on session bb2ce4cc4a3c2178adb832337037b42b to remote] DEBUG org.asynchttpclient.netty.request.NettyRequestSender - Using open Channel [id: 0x4dab9e20, L:/127.0.0.1:57995 - R:localhost/127.0.0.1:54269] for POST '/session/bb2ce4cc4a3c2178adb832337037b42b/element'
17:45:00.503 [AsyncHttpClient-1-1] DEBUG org.asynchttpclient.netty.channel.DefaultChannelPool - Entry count for : http://localhost:57997 : 1
17:45:00.706 [AsyncHttpClient-1-8] DEBUG org.asynchttpclient.netty.handler.HttpHandler - 

Request DefaultHttpRequest(decodeResult: success, version: HTTP/1.1)
POST /session/bb2ce4cc4a3c2178adb832337037b42b/element HTTP/1.1
User-Agent: selenium/4.1.2 (java windows)
Content-Length: 81
Content-Type: application/json; charset=utf-8
host: localhost:54269
accept: */*

Response DefaultHttpResponse(decodeResult: success, version: HTTP/1.1)
HTTP/1.1 200 OK
Content-Type: application/json; charset=utf-8
cache-control: no-cache
content-length: 88

17:45:00.706 [AsyncHttpClient-1-8] DEBUG org.asynchttpclient.netty.channel.ChannelManager - Adding key: http://localhost:54269 for channel [id: 0x4dab9e20, L:/127.0.0.1:57995 - R:localhost/127.0.0.1:54269]
17:45:00.712 [Forwarding isElementDisplayed on session bb2ce4cc4a3c2178adb832337037b42b to remote] DEBUG org.asynchttpclient.netty.request.NettyRequestSender - Using pooled Channel '[id: 0x4dab9e20, L:/127.0.0.1:57995 - R:localhost/127.0.0.1:54269]' for 'POST' to 'http://localhost:54269/session/bb2ce4cc4a3c2178adb832337037b42b/execute/sync'
17:45:00.712 [Forwarding isElementDisplayed on session bb2ce4cc4a3c2178adb832337037b42b to remote] DEBUG org.asynchttpclient.netty.request.NettyRequestSender - Using open Channel [id: 0x4dab9e20, L:/127.0.0.1:57995 - R:localhost/127.0.0.1:54269] for POST '/session/bb2ce4cc4a3c2178adb832337037b42b/execute/sync'
17:45:00.735 [AsyncHttpClient-1-8] DEBUG org.asynchttpclient.netty.handler.HttpHandler - 

Request DefaultHttpRequest(decodeResult: success, version: HTTP/1.1)
POST /session/bb2ce4cc4a3c2178adb832337037b42b/execute/sync HTTP/1.1
User-Agent: selenium/4.1.2 (java windows)
Content-Length: 48780
Content-Type: application/json; charset=utf-8
host: localhost:54269
accept: */*

Response DefaultHttpResponse(decodeResult: success, version: HTTP/1.1)
HTTP/1.1 200 OK
Content-Type: application/json; charset=utf-8
cache-control: no-cache
content-length: 14

17:45:00.735 [AsyncHttpClient-1-8] DEBUG org.asynchttpclient.netty.channel.ChannelManager - Adding key: http://localhost:54269 for channel [id: 0x4dab9e20, L:/127.0.0.1:57995 - R:localhost/127.0.0.1:54269]
  &amp#27;[32mThen &amp#27;[0m&amp#27;[32mI validate search by doctor phone number&amp#27;[0m               &amp#27;[90m# starter.stepdefinitions.DoctorSteps.iValidateSearchByDoctorPhoneNumber()&amp#27;[0m
17:45:00.741 [Forwarding screenshot on session bb2ce4cc4a3c2178adb832337037b42b to remote] DEBUG org.asynchttpclient.netty.request.NettyRequestSender - Using pooled Channel '[id: 0x4dab9e20, L:/127.0.0.1:57995 - R:localhost/127.0.0.1:54269]' for 'GET' to 'http://localhost:54269/session/bb2ce4cc4a3c2178adb832337037b42b/screenshot'
17:45:00.741 [Forwarding screenshot on session bb2ce4cc4a3c2178adb832337037b42b to remote] DEBUG org.asynchttpclient.netty.request.NettyRequestSender - Using open Channel [id: 0x4dab9e20, L:/127.0.0.1:57995 - R:localhost/127.0.0.1:54269] for GET '/session/bb2ce4cc4a3c2178adb832337037b42b/screenshot'
17:45:00.874 [AsyncHttpClient-1-8] DEBUG org.asynchttpclient.netty.handler.HttpHandler - 

Request DefaultFullHttpRequest(decodeResult: success, version: HTTP/1.1, content: EmptyByteBufBE)
GET /session/bb2ce4cc4a3c2178adb832337037b42b/screenshot HTTP/1.1
User-Agent: selenium/4.1.2 (java windows)
Cache-Control: no-cache
Content-Type: application/json; charset=utf-8
host: localhost:54269
accept: */*

Response DefaultHttpResponse(decodeResult: success, version: HTTP/1.1)
HTTP/1.1 200 OK
Content-Type: application/json; charset=utf-8
cache-control: no-cache
content-length: 73472

17:45:00.874 [AsyncHttpClient-1-8] DEBUG org.asynchttpclient.netty.channel.ChannelManager - Adding key: http://localhost:54269 for channel [id: 0x4dab9e20, L:/127.0.0.1:57995 - R:localhost/127.0.0.1:54269]
17:45:00.878 [main] DEBUG net.serenitybdd.core.photography.Darkroom - Send negative for processing for target\site\serenity\6270330c473c917087f06c954349d1f8d695d272bcb5035ee42df53a30b478bc.png
17:45:00.879 [Darkroom Processing Line] DEBUG net.serenitybdd.core.photography.DarkroomProcessingLine - Processing screenshot image in /var/screenshots/screenshot-5318840383749772269
17:45:00.879 [Darkroom Processing Line] DEBUG net.serenitybdd.core.photography.DarkroomProcessingLine - Saving screenshot to target\site\serenity\6270330c473c917087f06c954349d1f8d695d272bcb5035ee42df53a30b478bc.png
17:45:00.880 [main] INFO  - 
  _____   ___   ___   _____     ___     _     ___   ___   ___   ___  
 |_   _| | __| / __| |_   _|   | _ \   /_\   / __| / __| | __| |   \ 
   | |   | _|  \__ \   | |     |  _/  / _ \  \__ \ \__ \ | _|  | |) |
   |_|   |___| |___/   |_|     |_|   /_/ \_\ |___/ |___/ |___| |___/ 

Search Doctor Based on Doctor Phone Number Scenario
----------------------------------------------------------------------
17:45:00.882 [AsyncHttpClient-1-2] DEBUG org.asynchttpclient.netty.handler.WebSocketHandler - Channel Closed: [id: 0xac17f8c7, L:/127.0.0.1:58003 ! R:localhost/127.0.0.1:57997] with attribute NettyResponseFuture{currentRetry=5,
	isDone=1,
	isCancelled=0,
	asyncHandler=org.asynchttpclient.ws.WebSocketUpgradeHandler@4f84cfc8,
	nettyRequest=org.asynchttpclient.netty.request.NettyRequest@757e101,
	future=java.util.concurrent.CompletableFuture@2443b477[Completed normally],
	uri=ws://localhost:57997/devtools/browser/91c2b896-2989-4eb3-9b3b-5dcfa7499d5e,
	keepAlive=true,
	redirectCount=0,
	timeoutsHolder=null,
	inAuth=0,
	touch=1655549095011}
17:45:00.882 [AsyncHttpClient-1-2] DEBUG org.asynchttpclient.netty.channel.ChannelManager - Closing Channel [id: 0xac17f8c7, L:/127.0.0.1:58003 ! R:localhost/127.0.0.1:57997] 
17:45:00.883 [Driver Command Executor] DEBUG org.asynchttpclient.netty.request.NettyRequestSender - Using pooled Channel '[id: 0x4dab9e20, L:/127.0.0.1:57995 - R:localhost/127.0.0.1:54269]' for 'DELETE' to 'http://localhost:54269/session/bb2ce4cc4a3c2178adb832337037b42b'
17:45:00.883 [Driver Command Executor] DEBUG org.asynchttpclient.netty.request.NettyRequestSender - Using open Channel [id: 0x4dab9e20, L:/127.0.0.1:57995 - R:localhost/127.0.0.1:54269] for DELETE '/session/bb2ce4cc4a3c2178adb832337037b42b'
17:45:00.901 [AsyncHttpClient-1-9] DEBUG org.asynchttpclient.netty.handler.HttpHandler - Unexpected I/O exception on channel [id: 0xdd60844f, L:/127.0.0.1:58002 - R:localhost/127.0.0.1:57997]
java.net.SocketException: Connection reset
	at java.base/sun.nio.ch.SocketChannelImpl.throwConnectionReset(SocketChannelImpl.java:367)
	at java.base/sun.nio.ch.SocketChannelImpl.read(SocketChannelImpl.java:398)
	at io.netty.buffer.PooledByteBuf.setBytes(PooledByteBuf.java:258)
	at io.netty.buffer.AbstractByteBuf.writeBytes(AbstractByteBuf.java:1132)
	at io.netty.channel.socket.nio.NioSocketChannel.doReadBytes(NioSocketChannel.java:350)
	at io.netty.channel.nio.AbstractNioByteChannel$NioByteUnsafe.read(AbstractNioByteChannel.java:151)
	at io.netty.channel.nio.NioEventLoop.processSelectedKey(NioEventLoop.java:722)
	at io.netty.channel.nio.NioEventLoop.processSelectedKeysOptimized(NioEventLoop.java:658)
	at io.netty.channel.nio.NioEventLoop.processSelectedKeys(NioEventLoop.java:584)
	at io.netty.channel.nio.NioEventLoop.run(NioEventLoop.java:496)
	at io.netty.util.concurrent.SingleThreadEventExecutor$4.run(SingleThreadEventExecutor.java:986)
	at io.netty.util.internal.ThreadExecutorMap$2.run(ThreadExecutorMap.java:74)
	at io.netty.util.concurrent.FastThreadLocalRunnable.run(FastThreadLocalRunnable.java:30)
	at java.base/java.lang.Thread.run(Thread.java:832)
17:45:00.901 [AsyncHttpClient-1-9] DEBUG org.asynchttpclient.netty.channel.ChannelManager - Closing Channel [id: 0xdd60844f, L:/127.0.0.1:58002 - R:localhost/127.0.0.1:57997] 
17:45:00.901 [AsyncHttpClient-1-9] DEBUG org.asynchttpclient.netty.handler.HttpHandler - Channel Closed: [id: 0xdd60844f, L:/127.0.0.1:58002 ! R:localhost/127.0.0.1:57997] with attribute DISCARD
17:45:00.915 [AsyncHttpClient-1-8] DEBUG org.asynchttpclient.netty.handler.HttpHandler - 

Request DefaultFullHttpRequest(decodeResult: success, version: HTTP/1.1, content: EmptyByteBufBE)
DELETE /session/bb2ce4cc4a3c2178adb832337037b42b HTTP/1.1
User-Agent: selenium/4.1.2 (java windows)
Content-Type: application/json; charset=utf-8
host: localhost:54269
accept: */*

Response DefaultHttpResponse(decodeResult: success, version: HTTP/1.1)
HTTP/1.1 200 OK
Content-Type: application/json; charset=utf-8
cache-control: no-cache
content-length: 14

17:45:00.915 [AsyncHttpClient-1-8] DEBUG org.asynchttpclient.netty.channel.ChannelManager - Adding key: http://localhost:54269 for channel [id: 0x4dab9e20, L:/127.0.0.1:57995 - R:localhost/127.0.0.1:54269]
17:45:01.066 [AsyncHttpClient-1-8] DEBUG org.asynchttpclient.netty.handler.HttpHandler - Channel Closed: [id: 0x4dab9e20, L:/127.0.0.1:57995 ! R:localhost/127.0.0.1:54269] with attribute DISCARD
]]></system-out>
    <system-err><![CDATA[Starting ChromeDriver 102.0.5005.61 (0e59bcc00cc4985ce39ad31c150065f159d95ad3-refs/branch-heads/5005@{#819}) on port 54269
Only local connections are allowed.
Please see https://chromedriver.chromium.org/security-considerations for suggestions on keeping ChromeDriver safe.
ChromeDriver was started successfully.
Jun 18, 2022 5:44:54 PM org.openqa.selenium.remote.ProtocolHandshake createSession
INFO: Detected dialect: W3C
Jun 18, 2022 5:44:55 PM org.openqa.selenium.devtools.CdpVersionFinder findNearestMatch
WARNING: Unable to find an exact match for CDP version 102, so returning the closest version found: a no-op implementation
Jun 18, 2022 5:44:55 PM org.openqa.selenium.devtools.CdpVersionFinder findNearestMatch
INFO: Unable to find CDP implementation matching 102.
Jun 18, 2022 5:44:55 PM org.openqa.selenium.chromium.ChromiumDriver lambda$new$3
WARNING: Unable to find version of CDP to use for . You may need to include a dependency on a specific version of the CDP using something similar to `org.seleniumhq.selenium:selenium-devtools-v86:4.1.2` where the version ("v86") matches the version of the chromium-based browser you're using and the version number of the artifact is the same as Selenium's.
]]></system-err>
  </testcase>
</testsuite>